Unloaded module: latex/TeXLive12
Loaded module: python3/3.6.2

Train: 0.06177156985067085 Validation: 0.29382916199538894


------------------------------------------------------------
Sender: LSF System <lsfadmin@n-62-21-20>
Subject: Job 1755573: <batch_job_this_is_on_purpose_to_utilize_more_kernel> in cluster <dcc> Done

Job <batch_job_this_is_on_purpose_to_utilize_more_kernel> was submitted from host <gbarlogin2> by user <s174007> in cluster <dcc> at Tue Jan 15 17:10:17 2019
Job was executed on host(s) <n-62-21-20>, in queue <hpc>, as user <s174007> in cluster <dcc> at Tue Jan 15 17:10:18 2019
</zhome/b0/b/127184> was used as the home directory.
</zhome/b0/b/127184/Documents/Projects/machine-learning-on-materials> was used as the working directory.
Started at Tue Jan 15 17:10:18 2019
Terminated at Tue Jan 15 17:10:35 2019
Results reported at Tue Jan 15 17:10:35 2019

Your job looked like:

------------------------------------------------------------
# LSBATCH: User input
#!/bin/bash
##Kør på cpu
#BSUB -q hpc
##Navn på job
#BSUB -J batch_job_this_is_on_purpose_to_utilize_more_kernel
##Output fil
#BSUB -o output/batch/batchjobs-%J.out
##Antal kerner
#BSUB -n 1
##Om kernerne må være på forskellige computere
#BSUB -R "span[hosts=1]"
##Ram pr kerne
#BSUB -R "rusage[mem=10GB]"
##Hvor lang tid må den køre hh:mm
#BSUB -W 45:00
##Email når jobbet starter
##og stopper
module purge
module load python3
python3 KRR/batch_KRR_learn.py linear 0.001 GP newest 100 60
------------------------------------------------------------

Successfully completed.

Resource usage summary:

    CPU time :                                   16.60 sec.
    Max Memory :                                 1754 MB
    Average Memory :                             1696.00 MB
    Total Requested Memory :                     10240.00 MB
    Delta Memory :                               8486.00 MB
    Max Swap :                                   2 MB
    Max Processes :                              4
    Max Threads :                                5
    Run time :                                   41 sec.
    Turnaround time :                            18 sec.

The output (if any) is above this job summary.

