Unloaded module: latex/TeXLive12
Loaded module: python3/3.6.2
[2.e+00 1.e-03]
[2.1e+00 1.0e-03]
[2.00e+00 1.05e-03]
[1.90e+00 1.05e-03]
[1.800e+00 1.075e-03]
[1.800e+00 1.125e-03]
[1.7000e+00 1.1875e-03]
[1.5000e+00 1.2125e-03]
[1.25       0.00129375]
[1.15       0.00140625]
[0.825      0.00157188]
[0.375      0.00167813]
[-0.2875      0.00192344]
[-0.05        0.00195625]
[0.925      0.00145938]
[0.275      0.00179063]
[-0.05        0.00195625]
[-0.175       0.00189688]
[0.575      0.00165313]
[0.075      0.00181563]
[-0.175       0.00189688]
[-0.025       0.00192813]
[-0.225       0.00205313]
[-0.225       0.00195313]
[0.15       0.00183125]
[-0.1        0.0019125]
[0.0875     0.00185156]
[-0.0375      0.00189219]
[0.05625    0.00186172]
[-0.04375     0.00197422]
[0.0453125  0.00185527]
[-0.0359375   0.00192168]
[0.03320312 0.00187671]
[-0.03710938  0.00194956]
[0.02470703 0.00187885]
[-0.03349609  0.00193026]
[0.01652832 0.0018901 ]
[-0.03317871  0.00193938]
[0.0102356  0.00189398]
[-0.03129272  0.00193201]
[0.00457306 0.00190057]
[-0.03066254  0.00193472]
[1.10626221e-05 1.90416389e-03]
[-0.029562    0.00193171]
[-0.0039607   0.00190836]
[-0.02897177  0.00193232]
[-0.00723464  0.0019112 ]
[0.01380465 0.00189144]
[-0.01529884  0.00191895]
[-0.01857278  0.0019218 ]
[-0.02587881  0.00192852]
[-0.02663697  0.00192955]
[-0.01208523  0.00191579]
[-0.02178639  0.00192496]
[-0.0193611   0.00192267]
[-0.02263504  0.00192551]
[-0.01713289  0.00192059]
[-0.02080099  0.00192387]
[-0.01804991  0.00192141]
[-0.01988396  0.00192305]
[-0.01942545  0.00192264]

------------------------------------------------------------
Sender: LSF System <lsfadmin@n-62-21-23>
Subject: Job 1756007: <batch_job_this_is_on_purpose_to_utilize_more_kernel> in cluster <dcc> Done

Job <batch_job_this_is_on_purpose_to_utilize_more_kernel> was submitted from host <gbarlogin2> by user <s174007> in cluster <dcc> at Tue Jan 15 17:21:48 2019
Job was executed on host(s) <n-62-21-23>, in queue <hpc>, as user <s174007> in cluster <dcc> at Tue Jan 15 17:21:50 2019
</zhome/b0/b/127184> was used as the home directory.
</zhome/b0/b/127184/Documents/Projects/machine-learning-on-materials> was used as the working directory.
Started at Tue Jan 15 17:21:50 2019
Terminated at Tue Jan 15 17:32:37 2019
Results reported at Tue Jan 15 17:32:37 2019

Your job looked like:

------------------------------------------------------------
# LSBATCH: User input
#!/bin/bash
##Kør på cpu
#BSUB -q hpc
##Navn på job
#BSUB -J batch_job_this_is_on_purpose_to_utilize_more_kernel
##Output fil
#BSUB -o output/batch/batchjobs-%J.out
##Antal kerner
#BSUB -n 1
##Om kernerne må være på forskellige computere
#BSUB -R "span[hosts=1]"
##Ram pr kerne
#BSUB -R "rusage[mem=10GB]"
##Hvor lang tid må den køre hh:mm
#BSUB -W 45:00
##Email når jobbet starter
##og stopper
module purge
module load python3
python3 KRR/batch_KRR_learn.py linear 0.001 GP newest 2 50
------------------------------------------------------------

Successfully completed.

Resource usage summary:

    CPU time :                                   642.44 sec.
    Max Memory :                                 1912 MB
    Average Memory :                             1734.14 MB
    Total Requested Memory :                     10240.00 MB
    Delta Memory :                               8328.00 MB
    Max Swap :                                   -
    Max Processes :                              4
    Max Threads :                                5
    Run time :                                   648 sec.
    Turnaround time :                            649 sec.

The output (if any) is above this job summary.

