Unloaded module: latex/TeXLive12
Loaded module: python3/3.6.2
[100.  10.]
[105.  10.]
[100.   10.5]
[105.    9.5]
[107.5   9. ]
[112.5   9. ]
[118.75   8.5 ]
[121.25   7.5 ]
[129.375   6.25 ]
[140.625   5.75 ]
[157.1875   4.125 ]
[167.8125   1.875 ]
[145.9375   4.625 ]
[179.0625   1.375 ]
[165.3125   2.875 ]
[181.5625   0.375 ]
[169.375   2.25 ]
[177.5   1. ]
[188.75   0.5 ]
[173.046875   1.53125 ]
[174.609375   1.90625 ]
[176.77734375   1.2265625 ]
[182.79296875   1.0703125 ]
[175.48339844   1.41601562]
[177.76855469   1.56445312]
[177.02514648   1.31103516]
[177.52075195   1.47998047]
[177.14904785   1.35327148]
[180.72814941   1.31225586]
[176.79458618   1.39007568]
[179.41696167   1.3381958 ]
[177.45018005   1.37710571]
[179.3636322    1.39883423]
[177.70269394   1.36466217]
[179.31501389   1.36255646]
[178.84880543   1.36619377]
[177.48899937   1.35585594]
[178.66912484   1.37021399]
[177.52301335   1.36868238]
[176.86011732   1.36992669]
[177.82654822   1.37547851]
[177.73365751   1.36736625]
[175.92464998   1.36707896]
[174.55241255   1.36551145]
[173.67887236   1.36807188]
[171.65147979   1.3684247 ]
[169.34377503   1.36400945]
[165.58560388   1.36105084]
[162.68467112   1.36396409]
[156.7508004    1.36319041]
[150.68492449   1.35581655]
[141.850121     1.35795612]
[129.98237956   1.35640876]
[136.04825547   1.36378262]
[128.72992096   1.36776566]
[101.96150013   1.36098401]
[74.56684999  1.35988081]
[73.31439139  1.37123771]
[44.9803973   1.37865219]
[-9.18267366  1.37076734]
[94.2517723   1.36851608]
[25.29547499  1.37001692]
[-9.18267366  1.37076734]
[-4.2909777   1.38878829]
[54.85239307  1.36710768]
[15.42347923  1.38156142]
[-4.2909777   1.38878829]
[-4.26144308  1.37292616]
[32.66993721  1.37722068]
[8.04901701 1.37435766]
[-4.26144308  1.37292616]
[-1.82297875  1.38590217]
[18.51586156  1.37398823]
[4.95663468 1.38193086]
[-1.82297875  1.38590217]
[-2.41782753  1.3747271 ]
[10.96315254  1.37985284]
[2.04249916 1.37643568]
[-2.41782753  1.3747271 ]
[-1.04988317  1.38400887]
[5.77429197 1.37677046]
[1.22484188 1.38159607]
[-1.04988317  1.38400887]
[-1.68929365  1.37610089]
[3.2951526  1.38047336]
[-0.02781157  1.37755838]
[2.46441156 1.37974462]
[0.80292948 1.37828713]
[-0.02781157  1.37755838]
[-0.01472781  1.38344752]
[1.52819242 1.37818864]
[0.49957893 1.38169456]
[-0.01472781  1.38344752]
[0.07766653 1.37838562]
[-0.49592114  1.37678039]
[-0.22568401  1.38179305]
[0.5457761  1.37916361]
[0.03146936 1.38091657]
[-0.39044304  1.37760763]
[0.27707344 1.38067282]
[-0.16793754  1.37862936]
[0.16582069 1.38016196]
[-0.0566848   1.37914023]
[0.11019432 1.37990653]
[-1.05842481e-03  1.37939566e+00]
[0.08238113 1.37977881]
[0.12857831 1.37724786]
[0.0557466  1.37999939]
[0.051032  1.3786062]
[0.02911206 1.38021997]
[0.06552792 1.37884421]
[0.04125068 1.37976138]
[0.05945861 1.3790735 ]
[0.06417321 1.38046669]
[0.0543173  1.37907132]
[0.05802931 1.37814543]
[0.05917066 1.37721845]
[0.05402936 1.37721627]
[0.05131473 1.37628766]
[0.05888272 1.3753634 ]
[0.06116543 1.37350945]
[0.05602412 1.37350727]
[0.05445085 1.37165167]
[0.06158693 1.36794485]
[0.06536571 1.36330913]
[0.05865114 1.36145136]
[0.05739399 1.35542232]
[0.06830885 1.34707978]
[0.06033712 1.33919297]
[0.05782283 1.32713488]
[0.04690797 1.33547742]
[0.04733681 1.30718999]
[0.04230822 1.28307382]
[0.05322308 1.27473128]
[0.05638063 1.2443582 ]
[0.04086602 1.20029714]
[0.03238762 1.13687827]
[0.04646003 1.09816265]
[0.04853593 1.00570707]
[0.02454292 0.89822714]
[0.00862407 0.7251616 ]
[0.02477238 0.5939904 ]
[-0.01513948  0.31344494]
[0.03261708 0.83264154]
[0.01646876 0.96381274]
[0.02269648 0.68644599]
[-0.00129654  0.57896605]
[0.02413868 0.76922267]
[0.01006626 0.80793828]
[0.01953892 0.71681906]
[0.00402431 0.672758  ]
[0.01911009 0.7451065 ]
[0.03002494 0.73676396]
[0.01397429 0.72806219]
[0.01354545 0.75634963]
[0.01804056 0.7267017 ]
[0.01290476 0.7096574 ]
[0.00980209 0.69193284]
[0.00883849 0.71101788]
[0.01574004 0.72278075]
[0.01467051 0.70437595]
[0.01501862 0.69253283]
[0.01183522 0.6912526 ]
[0.01360098 0.68597116]
[0.01394909 0.67412804]
[0.01643626 0.69909451]
[0.01298548 0.69321308]
[0.01191595 0.67480828]
[0.01260459 0.6822002 ]
[0.01322008 0.67495828]
[0.01304413 0.68864938]
[0.01404052 0.69242034]
[0.01296357 0.68475523]
[0.01352042 0.68207701]
[0.0131632  0.68700629]
[0.0125258  0.68579036]
[0.01333218 0.68592596]
[0.01353181 0.68817701]
[0.01338975 0.68732157]
[0.01355873 0.68624124]
[0.01326209 0.68681502]
[0.01320452 0.68541942]
[0.0131119  0.68446834]
[0.01327461 0.68453035]
[0.01326522 0.68624386]

------------------------------------------------------------
Sender: LSF System <lsfadmin@n-62-21-11>
Subject: Job 1756035: <batch_job_this_is_on_purpose_to_utilize_more_kernel> in cluster <dcc> Done

Job <batch_job_this_is_on_purpose_to_utilize_more_kernel> was submitted from host <gbarlogin2> by user <s174007> in cluster <dcc> at Tue Jan 15 17:21:50 2019
Job was executed on host(s) <n-62-21-11>, in queue <hpc>, as user <s174007> in cluster <dcc> at Tue Jan 15 17:21:51 2019
</zhome/b0/b/127184> was used as the home directory.
</zhome/b0/b/127184/Documents/Projects/machine-learning-on-materials> was used as the working directory.
Started at Tue Jan 15 17:21:51 2019
Terminated at Tue Jan 15 17:37:11 2019
Results reported at Tue Jan 15 17:37:11 2019

Your job looked like:

------------------------------------------------------------
# LSBATCH: User input
#!/bin/bash
##Kør på cpu
#BSUB -q hpc
##Navn på job
#BSUB -J batch_job_this_is_on_purpose_to_utilize_more_kernel
##Output fil
#BSUB -o output/batch/batchjobs-%J.out
##Antal kerner
#BSUB -n 1
##Om kernerne må være på forskellige computere
#BSUB -R "span[hosts=1]"
##Ram pr kerne
#BSUB -R "rusage[mem=10GB]"
##Hvor lang tid må den køre hh:mm
#BSUB -W 45:00
##Email når jobbet starter
##og stopper
module purge
module load python3
python3 KRR/batch_KRR_learn.py linear 10 GP newest 100 30
------------------------------------------------------------

Successfully completed.

Resource usage summary:

    CPU time :                                   918.01 sec.
    Max Memory :                                 1724 MB
    Average Memory :                             1652.39 MB
    Total Requested Memory :                     10240.00 MB
    Delta Memory :                               8516.00 MB
    Max Swap :                                   -
    Max Processes :                              4
    Max Threads :                                5
    Run time :                                   919 sec.
    Turnaround time :                            921 sec.

The output (if any) is above this job summary.

