Unloaded module: latex/TeXLive12
Loaded module: python3/3.6.2
[100.  10.]
[105.  10.]
[100.   10.5]
[105.    9.5]
[107.5   9. ]
[102.5   9. ]
[101.25   8.5 ]
[108.75   7.5 ]
[113.125   6.25 ]
[106.875   5.75 ]
[106.5625   4.125 ]
[118.4375   1.875 ]
[112.8125   4.625 ]
[112.1875   1.375 ]
[110.9375   2.875 ]
[119.6875   0.375 ]
[117.1875   1.375 ]
[114.6875   0.375 ]
[114.6875   0.875 ]
[109.6875   0.875 ]
[104.6875   1.125 ]
[109.6875   1.375 ]
[113.4375   0.625 ]
[108.4375   0.625 ]
[105.3125   0.5   ]
[112.1875   0.375 ]
[110.3125   0.75  ]
[105.3125   0.75  ]
[101.25     0.8125]
[107.1875   0.875 ]
[108.125    0.6875]
[107.5      0.8125]
[107.96875   0.71875]
[102.96875   0.71875]
[99.296875  0.703125]
[105.625    0.6875]
[105.390625   0.734375]
[105.546875   0.703125]
[105.4296875   0.7265625]
[100.4296875   0.7265625]
[96.66015625  0.73046875]
[102.890625   0.734375]
[102.94921875   0.72265625]
[97.94921875  0.72265625]
[94.20898438  0.72070312]
[91.68945312  0.72460938]
[86.05957031  0.72558594]
[79.83886719  0.71972656]
[69.54345703  0.71630859]
[61.39404297  0.72119141]
[44.98657227  0.72143555]
[28.47045898  0.7121582 ]
[-0.32409668  0.70544434]
[3.91357422 0.71728516]
[-28.90136719   0.71777344]
[-12.60253906   0.70800781]
[30.58929443  0.71807861]
[1.79473877 0.71136475]
[-12.60253906   0.70800781]
[-22.762146    0.7164917]
[15.66230774  0.71324158]
[-9.95399475  0.71540833]
[9.25823212 0.71378326]
[-3.54991913  0.71486664]
[6.05619431 0.71405411]
[-0.34788132  0.71459579]
[4.4551754  0.71418953]
[1.25313759 0.71446037]
[-0.34788132  0.71459579]
[-0.86569786  0.70853996]
[2.7187562  0.71509886]
[0.32912016 0.71072626]
[-0.86569786  0.70853996]
[-0.21248102  0.71382189]
[1.29293382 0.71197903]
[0.28932393 0.7132076 ]
[-0.21248102  0.71382189]
[-0.6346935   0.70947349]
[0.78117982 0.71321365]
[-0.16273573  0.71072021]
[0.54520093 0.71259029]
[0.07324316 0.71134357]
[-0.16273573  0.71072021]
[0.03344692 0.71382491]
[-0.1143897   0.71537424]
[-0.18263385  0.71196088]
[0.17133448 0.71289592]
[-0.0646444   0.71227256]
[0.11233976 0.71274008]
[-0.00564968  0.7124284 ]
[-0.0646444   0.71227256]
[-0.04544592  0.71490974]
[0.04357089 0.71223511]
[-0.01577365  0.7140182 ]
[-0.05487025  0.71262169]
[0.01136763 0.71352411]
[0.02149159 0.71193431]
[-0.00645734  0.71349723]
[-0.02347465  0.71240152]
[0.00265706 0.71324346]
[-0.01476408  0.71268217]
[-0.00169822  0.71310314]
[-0.01040879  0.71282249]
[-0.00387587  0.71303298]
[-0.00823115  0.71289265]
[-0.00714233  0.71292773]
[-0.00496469  0.7129979 ]
[-0.00659792  0.71294527]
[-0.00579027  0.71187645]
[-0.00545673  0.71106606]
[-0.00450849  0.71054919]
[-0.00607556  0.71234625]
[-0.00588261  0.71098391]
[-0.00599907  0.71026166]
[-0.00538024  0.70898147]
[-0.00503258  0.70729908]
[-0.00557492  0.70649469]
[-0.00563402  0.704209  ]
[-0.00466753  0.70124642]
[-0.00526897  0.69815633]
[-0.00538717  0.69358496]
[-0.00635366  0.69654754]
[-0.0061068  0.6859235]
[-0.00634319  0.67678075]
[-0.0053767   0.67381817]
[-0.00633273  0.65701397]
[-0.00680551  0.63872847]
[-0.007772    0.64169105]
[-0.00823432  0.60363877]
[-0.00917988  0.56706777]
[-0.00821338  0.56410519]
[-0.00843407  0.52531226]
[-0.01058775  0.4924445 ]
[-0.00775107  0.60215748]
[-0.00964219  0.52901549]
[-0.00822385  0.58387198]
[-0.00725735  0.5809094 ]
[-0.00773798  0.57744899]
[-0.00774845  0.59721578]
[-0.00809715  0.57238284]
[-0.00761128  0.56595985]
[-0.00807071  0.57939395]
[-0.00842987  0.57432779]
[-0.00791096  0.57666869]
[-0.00788451  0.5836798 ]
[-0.00804399  0.57520708]
[-0.00820374  0.57793233]
[-0.00823046  0.5821192 ]
[-0.00809061  0.57693511]
[-0.00795757  0.57839672]
[-0.00801912  0.57828062]
[-0.00803902  0.57582179]
[-0.00806278  0.57850091]
[-0.00813428  0.57715539]
[-0.00804791  0.57799932]
[-0.00802008  0.57956511]
[-0.00807298  0.57759261]

------------------------------------------------------------
Sender: LSF System <lsfadmin@n-62-21-11>
Subject: Job 1756038: <batch_job_this_is_on_purpose_to_utilize_more_kernel> in cluster <dcc> Done

Job <batch_job_this_is_on_purpose_to_utilize_more_kernel> was submitted from host <gbarlogin2> by user <s174007> in cluster <dcc> at Tue Jan 15 17:21:51 2019
Job was executed on host(s) <n-62-21-11>, in queue <hpc>, as user <s174007> in cluster <dcc> at Tue Jan 15 17:21:52 2019
</zhome/b0/b/127184> was used as the home directory.
</zhome/b0/b/127184/Documents/Projects/machine-learning-on-materials> was used as the working directory.
Started at Tue Jan 15 17:21:52 2019
Terminated at Tue Jan 15 17:58:38 2019
Results reported at Tue Jan 15 17:58:38 2019

Your job looked like:

------------------------------------------------------------
# LSBATCH: User input
#!/bin/bash
##Kør på cpu
#BSUB -q hpc
##Navn på job
#BSUB -J batch_job_this_is_on_purpose_to_utilize_more_kernel
##Output fil
#BSUB -o output/batch/batchjobs-%J.out
##Antal kerner
#BSUB -n 1
##Om kernerne må være på forskellige computere
#BSUB -R "span[hosts=1]"
##Ram pr kerne
#BSUB -R "rusage[mem=10GB]"
##Hvor lang tid må den køre hh:mm
#BSUB -W 45:00
##Email når jobbet starter
##og stopper
module purge
module load python3
python3 KRR/batch_KRR_learn.py linear 10 GP newest 100 60
------------------------------------------------------------

Successfully completed.

Resource usage summary:

    CPU time :                                   2204.05 sec.
    Max Memory :                                 1832 MB
    Average Memory :                             1722.91 MB
    Total Requested Memory :                     10240.00 MB
    Delta Memory :                               8408.00 MB
    Max Swap :                                   2 MB
    Max Processes :                              6
    Max Threads :                                7
    Run time :                                   2207 sec.
    Turnaround time :                            2207 sec.

The output (if any) is above this job summary.

