Unloaded module: latex/TeXLive12
Loaded module: python3/3.6.2
[1.e+03 1.e-03]
[1.05e+03 1.00e-03]
[1.00e+03 1.05e-03]
[9.50e+02 1.05e-03]
[9.000e+02 1.075e-03]
[9.000e+02 1.125e-03]
[8.5000e+02 1.1875e-03]
[7.5000e+02 1.2125e-03]
[6.25000e+02 1.29375e-03]
[5.75000e+02 1.40625e-03]
[4.125000e+02 1.571875e-03]
[1.875000e+02 1.678125e-03]
[-1.4375000e+02  1.9234375e-03]
[-3.5625000e+02  2.2015625e-03]
[-8.46875000e+02  2.65546875e-03]
[-1.40312500e+03  3.00703125e-03]
[-2.31093750e+03  3.72460938e-03]
[-3.01406250e+03  4.45664063e-03]
[-4.44921875e+03  5.72324219e-03]
[-5.91328125e+03  6.79238281e-03]
[-8.44648438e+03  8.86083984e-03]
[-1.05847656e+04  1.08594727e-02]
[-1.47216797e+04  1.44269043e-02]
[-1.87189453e+04  1.75645020e-02]
[-2.58538086e+04  2.34851318e-02]
[-3.21290039e+04  2.90511963e-02]
[-4.39702637e+04  3.91463745e-02]
[-5.51023926e+04  4.82046021e-02]
[-7.52927490e+04  6.50934509e-02]
[-9.34092041e+04  8.07546936e-02]
[-1.27186902e+05  1.09389474e-01]
[-1.58509387e+05  1.35336551e-01]
[-2.15778949e+05  1.83431639e-01]
[-2.67673102e+05  2.27727663e-01]
[-3.63863278e+05  3.09044769e-01]
[-4.52455325e+05  3.83086933e-01]
[-6.15089537e+05  5.19935662e-01]
[-7.63173866e+05  6.45548792e-01]
[-1.03687132e+06  8.76607368e-01]
[-1.01440013e+06  8.56439686e-01]
[-8.51765913e+05  7.19590956e-01]
[-9.99850243e+05  8.45204086e-01]
[-7.11279713e+05  6.01252768e-01]
[-9.03660066e+05  7.63886980e-01]
[-7.59374802e+05  6.41911321e-01]
[-6.70782755e+05  5.67869157e-01]
[-8.06520124e+05  6.81660507e-01]
[-8.10319188e+05  6.85297977e-01]
[-7.97583092e+05  6.74451313e-01]
[-8.40929349e+05  7.10563028e-01]
[-7.82612737e+05  6.61802351e-01]
[-7.73675705e+05  6.54593158e-01]
[-7.58705350e+05  6.41944195e-01]
[-7.87863656e+05  6.66324534e-01]
[-7.96800688e+05  6.73533727e-01]
[-7.91019442e+05  6.68798585e-01]
[-7.79456951e+05  6.59328300e-01]
[-7.88128820e+05  6.66431013e-01]
[-7.93379739e+05  6.70953196e-01]
[-7.85304487e+05  6.64090062e-01]
[-7.85039324e+05  6.63983582e-01]
[-7.82480155e+05  6.61749111e-01]
[-7.86517781e+05  6.65180678e-01]
[-7.83826031e+05  6.62892967e-01]
[-7.85844843e+05  6.64608750e-01]
[-7.86110007e+05  6.64715230e-01]
[-7.86650363e+05  6.65233918e-01]
[-7.85640956e+05  6.64376026e-01]
[-7.85375793e+05  6.64269546e-01]
[-7.85008686e+05  6.64046705e-01]
[-7.85171906e+05  6.64036822e-01]
[-7.84835437e+05  6.63750858e-01]
[-7.84906743e+05  6.63930343e-01]
[-7.85457403e+05  6.64264605e-01]
[-7.85253516e+05  6.64031881e-01]
[-7.85192377e+05  6.63913049e-01]
[-7.84968019e+05  6.63804098e-01]
[-7.85335057e+05  6.64149479e-01]
[-7.85212711e+05  6.64034352e-01]
[-7.85355459e+05  6.64148243e-01]
[-7.85110767e+05  6.63917990e-01]
[-7.85294286e+05  6.64090680e-01]
[-7.85335091e+05  6.64088209e-01]
[-7.85396281e+05  6.64115138e-01]
[-7.85375862e+05  6.64147008e-01]
[-7.85416667e+05  6.64144537e-01]
[-7.85324881e+05  6.64104144e-01]
[-7.85355476e+05  6.64117609e-01]
[-7.85314689e+05  6.64089445e-01]
[-7.85294303e+05  6.64060045e-01]
[-7.85314706e+05  6.64058810e-01]
[-7.85314714e+05  6.64043493e-01]
[-7.85355494e+05  6.64086974e-01]
[-7.85309601e+05  6.64066777e-01]
[-7.85324898e+05  6.64073510e-01]
[-7.85304505e+05  6.64059428e-01]
[-7.85294312e+05  6.64044728e-01]
[-7.85304513e+05  6.64044110e-01]
[-7.85304507e+05  6.64055598e-01]
[-7.85304511e+05  6.64047940e-01]
[-7.85304508e+05  6.64053684e-01]
[-7.85304509e+05  6.64051769e-01]
[-7.85309606e+05  6.64057204e-01]
[-7.85319803e+05  6.64064245e-01]
[-7.85308332e+05  6.64054888e-01]
[-7.85312156e+05  6.64058007e-01]
[-7.85309607e+05  6.64055289e-01]
[-7.85312157e+05  6.64056092e-01]
[-7.85312156e+05  6.64057528e-01]
[-7.85317255e+05  6.64061049e-01]
[-7.85311519e+05  6.64056729e-01]
[-7.85313431e+05  6.64058169e-01]
[-7.85312157e+05  6.64057050e-01]
[-7.85315980e+05  6.64059929e-01]
[-7.85315024e+05  6.64059210e-01]
[-7.85313113e+05  6.64057770e-01]
[-7.85314546e+05  6.64058850e-01]
[-7.85314068e+05  6.64058490e-01]
[-7.85314865e+05  6.64059010e-01]
[-7.85315503e+05  6.64059330e-01]
[-7.85315343e+05  6.64059130e-01]
[-7.85314547e+05  6.64058610e-01]
[-7.85315264e+05  6.64059150e-01]
[-7.85315025e+05  6.64058970e-01]
[-7.85315104e+05  6.64059070e-01]
[-7.85314626e+05  6.64058710e-01]
[-7.85314746e+05  6.64058800e-01]
[-7.85314985e+05  6.64058980e-01]
[-7.85314805e+05  6.64058845e-01]
[-7.85314865e+05  6.64058890e-01]
[-7.85314726e+05  6.64058805e-01]
[-7.85314566e+05  6.64058725e-01]
[-7.85314641e+05  6.64058766e-01]
[-7.85314791e+05  6.64058849e-01]
[-7.85314678e+05  6.64058787e-01]
[-7.85314659e+05  6.64058792e-01]
[-7.85314686e+05  6.64058815e-01]
[-7.85314684e+05  6.64058808e-01]
[-7.85314682e+05  6.64058801e-01]
[-7.85314692e+05  6.64058798e-01]
[-7.85314716e+05  6.64058808e-01]
[-7.85314730e+05  6.64058819e-01]
[-7.85314701e+05  6.64058804e-01]
[-7.85314720e+05  6.64058814e-01]
[-7.85314706e+05  6.64058806e-01]
[-7.85314711e+05  6.64058809e-01]
[-7.85314704e+05  6.64058807e-01]
[-7.85314713e+05  6.64058812e-01]
[-7.85314706e+05  6.64058808e-01]
[-7.85314708e+05  6.64058809e-01]
[-7.85314705e+05  6.64058808e-01]
[-7.85314702e+05  6.64058809e-01]
[-7.85314707e+05  6.64058809e-01]
[-7.85314705e+05  6.64058809e-01]
[-7.85314707e+05  6.64058810e-01]
[-7.85314708e+05  6.64058810e-01]
[-7.85314706e+05  6.64058810e-01]
[-7.85314706e+05  6.64058810e-01]
[-7.85314706e+05  6.64058810e-01]

------------------------------------------------------------
Sender: LSF System <lsfadmin@n-62-21-13>
Subject: Job 1756110: <batch_job_this_is_on_purpose_to_utilize_more_kernel> in cluster <dcc> Done

Job <batch_job_this_is_on_purpose_to_utilize_more_kernel> was submitted from host <gbarlogin2> by user <s174007> in cluster <dcc> at Tue Jan 15 17:21:58 2019
Job was executed on host(s) <n-62-21-13>, in queue <hpc>, as user <s174007> in cluster <dcc> at Tue Jan 15 17:36:46 2019
</zhome/b0/b/127184> was used as the home directory.
</zhome/b0/b/127184/Documents/Projects/machine-learning-on-materials> was used as the working directory.
Started at Tue Jan 15 17:36:46 2019
Terminated at Tue Jan 15 18:24:57 2019
Results reported at Tue Jan 15 18:24:57 2019

Your job looked like:

------------------------------------------------------------
# LSBATCH: User input
#!/bin/bash
##Kør på cpu
#BSUB -q hpc
##Navn på job
#BSUB -J batch_job_this_is_on_purpose_to_utilize_more_kernel
##Output fil
#BSUB -o output/batch/batchjobs-%J.out
##Antal kerner
#BSUB -n 1
##Om kernerne må være på forskellige computere
#BSUB -R "span[hosts=1]"
##Ram pr kerne
#BSUB -R "rusage[mem=10GB]"
##Hvor lang tid må den køre hh:mm
#BSUB -W 45:00
##Email når jobbet starter
##og stopper
module purge
module load python3
python3 KRR/batch_KRR_learn.py linear 0.001 GP newest 1000 70
------------------------------------------------------------

Successfully completed.

Resource usage summary:

    CPU time :                                   2888.84 sec.
    Max Memory :                                 1884 MB
    Average Memory :                             1767.63 MB
    Total Requested Memory :                     10240.00 MB
    Delta Memory :                               8356.00 MB
    Max Swap :                                   -
    Max Processes :                              4
    Max Threads :                                5
    Run time :                                   2893 sec.
    Turnaround time :                            3779 sec.

The output (if any) is above this job summary.

