Unloaded module: latex/TeXLive12
Loaded module: python3/3.6.2
[1000.    1.]
[1.05e+03 1.00e+00]
[1000.      1.05]
[1.05e+03 9.50e-01]
[1.075e+03 9.000e-01]
[1.025e+03 9.000e-01]
[1.0125e+03 8.5000e-01]
[1.0875e+03 7.5000e-01]
[1.13125e+03 6.25000e-01]
[1.06875e+03 5.75000e-01]
[1.065625e+03 4.125000e-01]
[1.184375e+03 1.875000e-01]
[1.05546875e+03 6.84375000e-01]
[1.14140625e+03 3.53125000e-01]
[1.11992188e+03 4.35937500e-01]
[1.05429688e+03 2.23437500e-01]
[1.11201172e+03 5.24609375e-01]
[1.16630859e+03 5.48046875e-01]
[1.14113770e+03 5.14160156e-01]
[1.13322754e+03 6.02832031e-01]
[1.12324829e+03 4.77661133e-01]
[1.15237427e+03 4.67211914e-01]
[1.13448486e+03 4.30712891e-01]
[1.13947449e+03 4.93298340e-01]
[1.11034851e+03 5.03747559e-01]
[1.12085495e+03 4.94613647e-01]
[1.13708115e+03 5.10250854e-01]
[1.12670650e+03 4.85808563e-01]
[1.14532604e+03 4.84493256e-01]
[1.13255806e+03 4.77003479e-01]
[1.13774538e+03 4.89224625e-01]
[1.11912584e+03 4.90539932e-01]
[1.13877599e+03 4.86004925e-01]
[1.12773712e+03 4.82588863e-01]
[1.13524331e+03 4.87565684e-01]
[1.14731280e+03 4.87762046e-01]
[1.14378012e+03 4.89322805e-01]
[1.14002703e+03 4.86834395e-01]
[1.12795754e+03 4.86638033e-01]
[1.11827991e+03 4.86076027e-01]
[1.13274125e+03 4.85906744e-01]
[1.13461780e+03 4.87150949e-01]
[1.12254831e+03 4.86954588e-01]
[1.11380895e+03 4.87014684e-01]
[1.10714869e+03 4.86501768e-01]
[1.09300011e+03 4.86878419e-01]
[1.07552139e+03 4.86998612e-01]
[1.08218165e+03 4.87511528e-01]
[1.04389409e+03 4.87495455e-01]
[1.00893666e+03 4.87735841e-01]
[1.00227640e+03 4.87222925e-01]
[9.62323778e+02 4.87078623e-01]
[8.95739049e+02 4.87815852e-01]
[8.05847877e+02 4.88224473e-01]
[7.59234992e+02 4.87567256e-01]
[6.34384156e+02 4.87482963e-01]
[477.90825451   0.48862881]
[235.70049251   0.48940391]
[64.23677136  0.4886624 ]
[-306.5687815     0.48888136]
[-334.44689205    0.49058334]
[392.17639393   0.48825806]
[-92.23913006   0.48980825]
[271.07251293   0.4886456 ]
[28.86475094  0.4894207 ]
[-92.23913006   0.48980825]
[-142.59897021    0.48867919]
[141.12562683   0.48922273]
[-48.02410453   0.48886037]
[93.83819399  0.48913214]
[-0.73667169  0.48895096]
[70.19447757  0.48908684]
[22.90704473  0.48899625]
[-0.73667169  0.48895096]
[-12.46497569   0.48975456]
[45.0613346   0.48893544]
[6.71046107 0.48948152]
[-12.46497569   0.48975456]
[0.75275486 0.48905707]
[-13.30324318   0.48887526]
[-15.44382879   0.48954233]
[13.31932635  0.48913277]
[-5.85611041  0.48940581]
[8.52546716 0.48920103]
[-1.06225122  0.48933755]
[6.12853756 0.48923516]
[0.17083135 0.48881072]
[-3.09898351  0.48847532]
[-5.20495135  0.48863262]
[3.29516534 0.48908453]
[-2.37157912  0.48878326]
[1.87847922 0.48900921]
[-0.95489301  0.48885858]
[1.17013617 0.48897155]
[-0.24654995  0.48889624]
[0.81596464 0.48895272]
[0.10762158 0.48891506]
[-0.24654995  0.48889624]
[-0.47430193  0.48866871]
[0.44599067 0.48895998]
[-0.16753773  0.4887658 ]
[0.29260857 0.48891144]
[-0.01415563  0.48881435]
[-0.16753773  0.4887658 ]
[-0.07736541  0.48891869]
[0.10878216 0.48883771]
[-0.01531622  0.4888917 ]
[-0.13709343  0.48879098]
[0.04644283 0.48888404]
[-0.07591468  0.488822  ]
[0.01585345 0.48886853]
[0.01701404 0.48879118]
[0.00893147 0.48881631]
[-0.02107761  0.48876212]
[0.00662069 0.48884193]
[0.02970779 0.48884389]
[-0.00318978  0.48882173]
[-0.00550056  0.48884735]
[-0.01271658  0.48886288]
[-0.01531103  0.48882716]
[0.00113776 0.48883824]
[-0.0098281   0.48883085]
[-0.00708663  0.4888327 ]
[-0.00939742  0.48885832]
[-0.00474169  0.48883088]
[-0.00315562  0.48884554]
[-0.00610388  0.48883591]

------------------------------------------------------------
Sender: LSF System <lsfadmin@n-62-21-90>
Subject: Job 1756071: <batch_job_this_is_on_purpose_to_utilize_more_kernel> in cluster <dcc> Done

Job <batch_job_this_is_on_purpose_to_utilize_more_kernel> was submitted from host <gbarlogin2> by user <s174007> in cluster <dcc> at Tue Jan 15 17:21:53 2019
Job was executed on host(s) <n-62-21-90>, in queue <hpc>, as user <s174007> in cluster <dcc> at Tue Jan 15 17:21:54 2019
</zhome/b0/b/127184> was used as the home directory.
</zhome/b0/b/127184/Documents/Projects/machine-learning-on-materials> was used as the working directory.
Started at Tue Jan 15 17:21:54 2019
Terminated at Tue Jan 15 18:20:41 2019
Results reported at Tue Jan 15 18:20:41 2019

Your job looked like:

------------------------------------------------------------
# LSBATCH: User input
#!/bin/bash
##Kør på cpu
#BSUB -q hpc
##Navn på job
#BSUB -J batch_job_this_is_on_purpose_to_utilize_more_kernel
##Output fil
#BSUB -o output/batch/batchjobs-%J.out
##Antal kerner
#BSUB -n 1
##Om kernerne må være på forskellige computere
#BSUB -R "span[hosts=1]"
##Ram pr kerne
#BSUB -R "rusage[mem=10GB]"
##Hvor lang tid må den køre hh:mm
#BSUB -W 45:00
##Email når jobbet starter
##og stopper
module purge
module load python3
python3 KRR/batch_KRR_learn.py linear 1 GP newest 1000 90
------------------------------------------------------------

Successfully completed.

Resource usage summary:

    CPU time :                                   3526.29 sec.
    Max Memory :                                 1955 MB
    Average Memory :                             1774.56 MB
    Total Requested Memory :                     10240.00 MB
    Delta Memory :                               8285.00 MB
    Max Swap :                                   -
    Max Processes :                              4
    Max Threads :                                5
    Run time :                                   3528 sec.
    Turnaround time :                            3528 sec.

The output (if any) is above this job summary.

