Unloaded module: latex/TeXLive12
Loaded module: python3/3.6.2
[100.   1.]
[105.   1.]
[100.     1.05]
[95.    1.05]
[90.     1.075]
[90.     1.125]
[85.      1.1875]
[75.      1.2125]
[62.5      1.29375]
[57.5      1.40625]
[41.25      1.571875]
[35.      1.5125]
[47.5      1.43125]
[42.5      1.54375]
[57.5      1.35625]
[67.5      1.33125]
[62.5      1.35625]
[62.5      1.30625]
[58.75     1.38125]
[53.75     1.38125]
[49.375    1.39375]
[48.125    1.36875]
[42.8125  1.3625]
[34.6875  1.4   ]
[23.28125   1.421875]
[16.71875   1.390625]
[0.390625  1.3890625]
[-19.140625    1.4484375]
[27.32421875  1.38398437]
[4.43359375 1.35117187]
[-22.5       1.35625]
[14.86816406  1.37705078]
[-10.04394531   1.36318359]
[8.64013672 1.37358398]
[-3.81591797  1.36665039]
[5.52612305 1.37185059]
[-0.7019043   1.36838379]
[3.96911621 1.37098389]
[-0.07385254  1.40887451]
[3.30673218 1.36559753]
[-0.27175903  1.38367615]
[2.9088974  1.37415695]
[-0.00720978  1.39762192]
[2.47824669 1.37360363]
[-0.04002571  1.38850918]
[2.17166662 1.37774501]
[0.08404493 1.39320388]
[-1.11305594  1.403004  ]
[-1.69699669  1.40452137]
[1.20450079 1.3844391 ]
[-0.72983086  1.39782728]
[0.72091788 1.38778614]
[-0.24624795  1.39448023]
[0.47912642 1.38945967]
[-0.00445649  1.39280671]
[0.3582307  1.39029643]
[0.05165063 1.39443781]
[-0.11783656  1.39712546]
[-0.22253513  1.39734526]
[0.21303924 1.39205864]
[-0.07734368  1.39558305]
[0.14044351 1.39293974]
[-0.00474795  1.39470195]
[0.10414565 1.39338029]
[0.03154992 1.39426139]
[0.04969885 1.39404112]
[0.01730454 1.39527505]
[0.06735984 1.39372167]
[0.03398964 1.39475725]
[0.05901729 1.39398057]
[0.06096907 1.39437725]
[0.06833573 1.39392001]
[0.0558219  1.39430836]
[0.05387012 1.39391167]
[0.05564486 1.39402807]
[0.05884024 1.39370027]
[0.06034941 1.39339623]
[0.05546782 1.39374777]
[0.0586632  1.39341998]
[0.06017237 1.39311594]
[0.06203563 1.39337248]
[0.05710977 1.39365395]
[0.05693272 1.39337366]
[0.05597897 1.39321035]
[0.0575324  1.39297638]
[0.05774371 1.3926376 ]
[0.05505948 1.39242797]
[0.05682422 1.39185521]
[0.05724685 1.39117765]
[0.05993108 1.39138728]
[0.05943422 1.38992732]
[0.06027948 1.38857219]
[0.05759525 1.38836256]
[0.05642733 1.3868502 ]
[0.05945996 1.38424474]
[0.06056651 1.38077828]
[0.05671436 1.37905629]
[0.05493179 1.37429835]
[0.05907098 1.36822643]
[0.0603928  1.35891455]
[0.05475808 1.35243461]
[0.05185387 1.33826278]
[0.05731488 1.32287898]
[0.05850642 1.2971693 ]
[0.0499675  1.27651753]
[0.04475484 1.23531902]
[0.0514074  1.19422554]
[0.05118416 1.12220692]
[0.03743258 1.06035663]
[0.02689565 0.9419503 ]
[0.03332497 0.8288382 ]
[0.02761003 0.6255978 ]
[0.00903646 0.64858158]
[-0.01203739  0.41176892]
[0.01546577 0.53546949]
[0.02403818 0.8403301 ]
[-2.50322046e-04  6.60073479e-01]
[0.02493114 0.78664702]
[0.00992942 0.59489851]
[-0.00596526  0.45683307]
[0.01720704 0.70419353]
[0.01631408 0.75787661]
[0.01471792 0.71713208]
[0.0228885  0.77274403]
[0.01249947 0.6796222 ]
[0.01001034 0.69256075]
[0.01540787 0.70128534]
[0.01318942 0.66377545]
[0.01357155 0.67711461]
[0.01066315 0.65545147]
[0.01422169 0.68982687]
[0.01314961 0.69233446]
[0.0114274  0.68212979]
[0.01352311 0.6879026 ]
[0.01287297 0.67519034]
[0.01308045 0.68804843]
[0.0141041  0.69632883]
[0.01290063 0.68379886]
[0.01334329 0.68365303]
[0.01347471 0.68145533]
[0.01396578 0.68775677]
[0.01316691 0.68478833]
[0.01298709 0.68053876]
[0.01338911 0.68606164]
[0.01321273 0.68719695]
[0.01324537 0.68631097]
[0.01302318 0.68503766]
[0.01329763 0.68580565]
[0.01321917 0.68428301]
[0.01323882 0.68580398]
[0.01336953 0.68682129]
[0.01321757 0.68529657]

------------------------------------------------------------
Sender: LSF System <lsfadmin@n-62-21-23>
Subject: Job 1756075: <batch_job_this_is_on_purpose_to_utilize_more_kernel> in cluster <dcc> Done

Job <batch_job_this_is_on_purpose_to_utilize_more_kernel> was submitted from host <gbarlogin2> by user <s174007> in cluster <dcc> at Tue Jan 15 17:21:54 2019
Job was executed on host(s) <n-62-21-23>, in queue <hpc>, as user <s174007> in cluster <dcc> at Tue Jan 15 17:24:58 2019
</zhome/b0/b/127184> was used as the home directory.
</zhome/b0/b/127184/Documents/Projects/machine-learning-on-materials> was used as the working directory.
Started at Tue Jan 15 17:24:58 2019
Terminated at Tue Jan 15 17:37:30 2019
Results reported at Tue Jan 15 17:37:30 2019

Your job looked like:

------------------------------------------------------------
# LSBATCH: User input
#!/bin/bash
##Kør på cpu
#BSUB -q hpc
##Navn på job
#BSUB -J batch_job_this_is_on_purpose_to_utilize_more_kernel
##Output fil
#BSUB -o output/batch/batchjobs-%J.out
##Antal kerner
#BSUB -n 1
##Om kernerne må være på forskellige computere
#BSUB -R "span[hosts=1]"
##Ram pr kerne
#BSUB -R "rusage[mem=10GB]"
##Hvor lang tid må den køre hh:mm
#BSUB -W 45:00
##Email når jobbet starter
##og stopper
module purge
module load python3
python3 KRR/batch_KRR_learn.py linear 1 GP newest 100 30
------------------------------------------------------------

Successfully completed.

Resource usage summary:

    CPU time :                                   750.88 sec.
    Max Memory :                                 1725 MB
    Average Memory :                             1716.37 MB
    Total Requested Memory :                     10240.00 MB
    Delta Memory :                               8515.00 MB
    Max Swap :                                   -
    Max Processes :                              4
    Max Threads :                                5
    Run time :                                   756 sec.
    Turnaround time :                            936 sec.

The output (if any) is above this job summary.

