Unloaded module: latex/TeXLive12
Loaded module: python3/3.6.2
[1000.    1.]
[1.05e+03 1.00e+00]
[1000.      1.05]
[1.05e+03 9.50e-01]
[1.075e+03 9.000e-01]
[1.025e+03 9.000e-01]
[1.0125e+03 8.5000e-01]
[1.0875e+03 7.5000e-01]
[1.065625e+03 8.125000e-01]
[1.003125e+03 7.625000e-01]
[1.05703125e+03 8.65625000e-01]
[1.02109375e+03 7.96875000e-01]
[1.03007812e+03 8.14062500e-01]
[1.08320312e+03 7.76562500e-01]
[1.03017578e+03 8.31640625e-01]
[9.94628906e+02 8.33203125e-01]
[9.94726562e+02 8.50781250e-01]
[1.02124023e+03 8.23242187e-01]
[1.00356445e+03 8.41601562e-01]
[1.01682129e+03 8.27832031e-01]
[1.05236816e+03 8.26269531e-01]
[1.00906372e+03 8.31469727e-01]
[1.02241821e+03 8.35278320e-01]
[1.01822052e+03 8.29693604e-01]
[9.97108459e+02 8.29522705e-01]
[9.80574799e+02 8.28463745e-01]
[1.00626526e+03 8.27746582e-01]
[1.00836411e+03 8.30538940e-01]
[1.00696487e+03 8.28677368e-01]
[1.00801430e+03 8.30073547e-01]
[9.86902237e+02 8.29902649e-01]
[9.71243095e+02 8.30007172e-01]
[9.60337257e+02 8.29456329e-01]
[9.36498737e+02 8.29147720e-01]
[9.10633373e+02 8.29632187e-01]
[8.67395830e+02 8.29686928e-01]
[8.32651472e+02 8.28827477e-01]
[763.35566044   0.82823763]
[694.25275326   0.82877684]
[573.12976122   0.82859139]
[469.0895915   0.8271421]
[269.93647218   0.82586968]
[79.71057296  0.82622344]
[-262.11197078    0.82521635]
[-223.48271608    0.82350173]
[373.97664189   0.82731898]
[-24.32959676   0.82477415]
[274.40008223   0.82668277]
[84.17418301  0.82703654]
[-110.51532626    0.82657721]
[178.17123011   0.82665638]
[-14.28647414   0.8266036 ]
[130.05680405   0.82664319]
[33.82795192  0.8266168 ]
[-14.28647414   0.8266036 ]
[29.36434187  0.8258037 ]
[1.9594213  0.82518729]
[-43.92319974   0.82558064]
[48.80212978  0.82606274]
[-13.01475656   0.82574134]
[33.3479082   0.82598239]
[1.47937757 0.82455289]
[-14.6949096    0.82352093]
[-29.90910932   0.82375778]
[17.53365382  0.82542624]
[-14.09485494   0.82431394]
[9.62652663 0.82514816]
[-6.18772775  0.82459201]
[5.67296303 0.82500913]
[-2.23416416  0.82473105]
[3.69618123 0.82493961]
[-0.25738236  0.82480057]
[2.70779034 0.82490485]
[0.73100854 0.82483533]
[-0.25738236  0.82480057]
[0.25096481 0.82420093]
[-0.60326343  0.82370774]
[-0.49740422  0.82448337]
[0.98518212 0.82453551]
[-0.00320877  0.82450075]
[-0.49740422  0.82448337]
[-0.4832525   0.82386634]
[0.42744328 0.82459308]
[-0.17968724  0.82410859]
[0.27566065 0.82447196]
[-0.02790461  0.82422971]
[0.19976933 0.8244114 ]
[-0.05440425  0.82471122]
[0.17462255 0.8243285 ]
[-0.02835556  0.82441785]
[0.14273811 0.82441301]
[-0.03509321  0.82458526]
[0.12219361 0.82439269]
[-0.02375328  0.82448043]
[0.10111526 0.82442986]
[-0.02428712  0.82453792]
[0.08557343 0.824429  ]
[-0.01875061  0.82449988]
[0.07114879 0.82444737]
[-0.01763341  0.82451912]
[0.05977172 0.82445153]
[-0.01458585  0.82450491]
[-0.07756634  0.82455413]
[0.0254372  0.82447718]
[0.03681428 0.82447302]
[0.02396425 0.82448099]
[-0.00468173  0.82450456]
[-0.03185475  0.82452432]
[0.0100095  0.82449182]
[-0.0179      0.82451349]
[0.00303212 0.82449724]
[0.00450508 0.82449342]
[0.00220838 0.82449621]
[-0.00403252  0.82449972]
[0.00126596 0.82449786]
[0.00668311 0.82449332]
[-7.35802245e-04  8.24498890e-01]
[-0.00167822  0.82450054]
[-0.00367998  0.82450157]
[2.94763087e-05 8.24498786e-01]

------------------------------------------------------------
Sender: LSF System <lsfadmin@n-62-21-90>
Subject: Job 1756063: <batch_job_this_is_on_purpose_to_utilize_more_kernel> in cluster <dcc> Done

Job <batch_job_this_is_on_purpose_to_utilize_more_kernel> was submitted from host <gbarlogin2> by user <s174007> in cluster <dcc> at Tue Jan 15 17:21:53 2019
Job was executed on host(s) <n-62-21-90>, in queue <hpc>, as user <s174007> in cluster <dcc> at Tue Jan 15 17:21:53 2019
</zhome/b0/b/127184> was used as the home directory.
</zhome/b0/b/127184/Documents/Projects/machine-learning-on-materials> was used as the working directory.
Started at Tue Jan 15 17:21:53 2019
Terminated at Tue Jan 15 18:29:51 2019
Results reported at Tue Jan 15 18:29:51 2019

Your job looked like:

------------------------------------------------------------
# LSBATCH: User input
#!/bin/bash
##Kør på cpu
#BSUB -q hpc
##Navn på job
#BSUB -J batch_job_this_is_on_purpose_to_utilize_more_kernel
##Output fil
#BSUB -o output/batch/batchjobs-%J.out
##Antal kerner
#BSUB -n 1
##Om kernerne må være på forskellige computere
#BSUB -R "span[hosts=1]"
##Ram pr kerne
#BSUB -R "rusage[mem=10GB]"
##Hvor lang tid må den køre hh:mm
#BSUB -W 45:00
##Email når jobbet starter
##og stopper
module purge
module load python3
python3 KRR/batch_KRR_learn.py linear 1 GP newest 1000 100
------------------------------------------------------------

Successfully completed.

Resource usage summary:

    CPU time :                                   4076.46 sec.
    Max Memory :                                 2083 MB
    Average Memory :                             1790.55 MB
    Total Requested Memory :                     10240.00 MB
    Delta Memory :                               8157.00 MB
    Max Swap :                                   -
    Max Processes :                              4
    Max Threads :                                5
    Run time :                                   4078 sec.
    Turnaround time :                            4078 sec.

The output (if any) is above this job summary.

