Unloaded module: latex/TeXLive12
Loaded module: python3/3.6.2
[ 2. 10.]
[ 2.1 10. ]
[ 2.  10.5]
[2.1 9.5]
[2.15 9.  ]
[2.05 9.  ]
[2.025 8.5  ]
[2.175 7.5  ]
[2.2625 6.25  ]
[2.1375 5.75  ]
[2.13125 4.125  ]
[2.36875 1.875  ]
[2.25625 4.625  ]
[2.24375 1.375  ]
[2.246875 2.1875  ]
[2.21953125 3.078125  ]
[2.09765625 3.390625  ]
[2.16542969 3.01171875]
[2.13808594 3.90234375]
[2.21967773 2.61621094]
[2.16557617 2.54980469]
[2.13859863 2.28564453]
[2.21982422 2.15429688]
[2.17902832 2.79736328]
[2.20622559 2.36865234]
[2.18582764 2.69018555]
[2.13172607 2.6237793 ]
[2.08775024 2.62756348]
[2.10800171 2.76794434]
[2.00992432 2.70532227]
[1.92197266 2.71289062]
[1.90172119 2.57250977]
[1.79858093 2.47479248]
[1.63280334 2.56011963]
[1.4053299  2.52639771]
[1.28193817 2.28829956]
[0.88868713 2.33990479]
[0.43374023 2.27246094]
[0.55713196 2.51055908]
[-0.4144577   2.25662231]
[0.950383   2.45895386]
[0.0404892  2.32406616]
[0.72290955 2.42523193]
[0.26796265 2.35778809]
[0.0404892  2.32406616]
[0.14457092 2.11968994]
[-0.06170959  1.92425537]
[-0.02120667  2.20501709]
[0.32000351 2.25559998]
[0.09253006 2.22187805]
[0.26313515 2.24716949]
[0.13974342 2.00907135]
[0.07563381 1.83471298]
[0.0211792 1.8815918]
[0.20264616 2.15577507]
[0.08166819 1.97298622]
[0.17240167 2.11007786]
[0.16757417 1.99945927]
[0.16182336 2.02951694]
[0.1944816  2.13052344]
[0.15342797 2.03943437]
[0.16400628 2.1199953 ]
[0.16509774 2.16523448]
[0.18297998 2.19063878]
[0.16081597 2.07723548]
[0.15242058 2.08715291]
[0.1674064  2.10434662]
[0.15741585 2.09288415]
[0.16490876 2.101481  ]
[0.16171845 2.05872118]
[0.16343432 2.10467677]
[0.16752711 2.1289223 ]
[0.16249376 2.09015718]
[0.16101932 2.09335294]
[0.1590746  2.08928891]
[0.16195988 2.10787253]
[0.16236029 2.09458602]
[0.15994528 2.0832622 ]
[0.16256206 2.09932312]
[0.16390303 2.1005562 ]
[0.16174025 2.09515376]
[0.16194202 2.09989086]
[0.16225572 2.09591223]
[0.16307754 2.1000816 ]
[0.16207457 2.09638572]
[0.16176823 2.09297482]
[0.1623636  2.09773605]
[0.16218245 2.09820954]
[0.1622374  2.09648656]
[0.16252644 2.09783689]
[0.16241347 2.0974741 ]
[0.16253967 2.09872359]
[0.16231297 2.09704581]

------------------------------------------------------------
Sender: LSF System <lsfadmin@n-62-21-11>
Subject: Job 1756044: <batch_job_this_is_on_purpose_to_utilize_more_kernel> in cluster <dcc> Done

Job <batch_job_this_is_on_purpose_to_utilize_more_kernel> was submitted from host <gbarlogin2> by user <s174007> in cluster <dcc> at Tue Jan 15 17:21:51 2019
Job was executed on host(s) <n-62-21-11>, in queue <hpc>, as user <s174007> in cluster <dcc> at Tue Jan 15 17:21:52 2019
</zhome/b0/b/127184> was used as the home directory.
</zhome/b0/b/127184/Documents/Projects/machine-learning-on-materials> was used as the working directory.
Started at Tue Jan 15 17:21:52 2019
Terminated at Tue Jan 15 17:26:26 2019
Results reported at Tue Jan 15 17:26:26 2019

Your job looked like:

------------------------------------------------------------
# LSBATCH: User input
#!/bin/bash
##Kør på cpu
#BSUB -q hpc
##Navn på job
#BSUB -J batch_job_this_is_on_purpose_to_utilize_more_kernel
##Output fil
#BSUB -o output/batch/batchjobs-%J.out
##Antal kerner
#BSUB -n 1
##Om kernerne må være på forskellige computere
#BSUB -R "span[hosts=1]"
##Ram pr kerne
#BSUB -R "rusage[mem=10GB]"
##Hvor lang tid må den køre hh:mm
#BSUB -W 45:00
##Email når jobbet starter
##og stopper
module purge
module load python3
python3 KRR/batch_KRR_learn.py linear 10 GP newest 2 20
------------------------------------------------------------

Successfully completed.

Resource usage summary:

    CPU time :                                   271.75 sec.
    Max Memory :                                 1704 MB
    Average Memory :                             1534.00 MB
    Total Requested Memory :                     10240.00 MB
    Delta Memory :                               8536.00 MB
    Max Swap :                                   -
    Max Processes :                              6
    Max Threads :                                7
    Run time :                                   275 sec.
    Turnaround time :                            275 sec.

The output (if any) is above this job summary.

