Unloaded module: latex/TeXLive12
Loaded module: python3/3.6.2
[2. 1.]
[2.1 1. ]
[2.   1.05]
[1.9  1.05]
[1.8   1.075]
[1.8   1.125]
[1.7    1.1875]
[1.5    1.2125]
[1.25    1.29375]
[1.15    1.40625]
[0.825    1.571875]
[0.375    1.678125]
[-0.05     1.95625]
[0.925    1.459375]
[1.375    1.353125]
[1.125    1.434375]
[0.625    1.596875]
[0.525    1.709375]
[0.625    1.646875]
[0.825    1.621875]
[0.925    1.634375]
[1.125    1.559375]
[1.225    1.621875]
[1.425    1.646875]
[1.225    1.721875]
[1.275    1.803125]
[1.775    1.815625]
[2.2     1.90625]
[2.05   2.0625]
[2.3625    2.2703125]
[3.2875    2.3734375]
[4.29375    2.65859375]
[3.45   2.7375]
[3.1375    2.5296875]
[4.0625    2.6328125]
[3.6375    2.5421875]
[3.7875    2.3859375]
[4.1125    2.3140625]
[3.7625    2.1453125]
[3.66875    2.44296875]
[4.49375    2.38359375]
[5.096875   2.38867188]
[5.540625   2.25976563]
[6.525    2.334375]
[7.73125    2.34453125]
[7.2875    2.4734375]
[9.921875   2.42929688]
[12.334375    2.44960938]
[12.778125    2.32070313]
[15.5234375   2.24433594]
[17.38125     2.42578125]
[22.20625     2.46640625]
[17.825     2.296875]
[22.428125    2.40195313]
[27.253125    2.44257813]
[21.984375    2.53085938]
[18.86484375  2.35537109]
[23.91171875  2.33154297]
[27.475     2.378125]
[31.78007813  2.38950195]
[30.29648438  2.45991211]
[28.70029297  2.42781982]
[38.05224609  2.41536865]
[45.86430664  2.42207642]
[48.9440918   2.38375854]
[59.06599121  2.36172791]
[73.15021973  2.39430237]
[93.83529053  2.39670258]
[107.0369751    2.33635406]
[91.74380798  2.35778465]
[126.5131073    2.39275932]
[160.23666534   2.40827503]
[162.32814789   2.44719296]
[109.38989296   2.38013673]
[175.79126778   2.39170918]
[216.7692564    2.38921249]
[267.61602879   2.41735079]
[324.14861984   2.39828825]
[406.10459709   2.39329486]
[355.25782471   2.36515656]
[333.34737573   2.37820511]
[522.68271642   2.38228748]
[675.63944643   2.37882498]
[748.39666779   2.39391473]
[955.92131382   2.40176953]
[1017.93151712    2.37944485]
[1090.68873849    2.39453459]
[1298.21338452    2.4023894 ]
[821.15388916   2.40900447]
[968.73711013   2.38683475]
[1311.02918083    2.38745462]
[1592.34543735    2.38422457]
[1432.98080919    2.39515446]
[1665.10265872    2.39931431]
[1653.32125153    2.38807449]
[1934.63750805    2.38484444]
[1775.27287989    2.39577433]
[2007.39472941    2.39993418]
[1995.61332223    2.38869436]
[2276.92957875    2.38546431]
[2117.56495059    2.3963942 ]
[2349.68680011    2.40055405]
[2337.90539293    2.38931422]
[2.61922165e+03 2.38608417e+00]
[2.45985702e+03 2.39701406e+00]
[2.69197887e+03 2.40117392e+00]
[2.68019746e+03 2.38993409e+00]
[2.96151372e+03 2.38670404e+00]
[2.80214909e+03 2.39763393e+00]
[3.02248953e+03 2.39055396e+00]
[3.30380579e+03 2.38732391e+00]
[2.90053791e+03 2.38285412e+00]
[2.82674630e+03 2.39393898e+00]
[3.16903837e+03 2.39455885e+00]
[3.41345882e+03 2.39687122e+00]
[3.36478161e+03 2.39117383e+00]
[3.63379926e+03 2.38979125e+00]
[3.51133044e+03 2.39517871e+00]
[3.75575089e+03 2.39749109e+00]
[3.70707368e+03 2.39179369e+00]
[3.97609133e+03 2.39041112e+00]
[3.85362251e+03 2.39579858e+00]
[4.04936575e+03 2.39241356e+00]
[4.31838340e+03 2.39103099e+00]
[4.17183457e+03 2.38702610e+00]
[3.93317552e+03 2.39360546e+00]
[4.54448525e+03 2.39284275e+00]
[4.96319103e+03 2.39336728e+00]
[5.34839891e+03 2.39079281e+00]
[5.99320655e+03 2.39312910e+00]
[6.83061812e+03 2.39417816e+00]
[6.44541024e+03 2.39675263e+00]
[5.62265175e+03 2.39228276e+00]
[7.49007883e+03 2.39309364e+00]
[8.75352273e+03 2.39295682e+00]
[9.96148910e+03 2.39485222e+00]
[1.18843937e+04 2.39363088e+00]
[1.44112815e+04 2.39335724e+00]
[1.32033151e+04 2.39146185e+00]
[1.88610739e+04 2.39186227e+00]
[2.39148495e+04 2.39131499e+00]
[2.51228159e+04 2.39321038e+00]
[3.10825662e+04 2.39408465e+00]
[4.05861342e+04 2.39204240e+00]
[5.36735606e+04 2.39138497e+00]
[4.77538510e+04 2.39481206e+00]
[5.72574190e+04 2.39276981e+00]
[7.03448453e+04 2.39211238e+00]
[6.31771286e+04 2.38934272e+00]
[5.16096704e+04 2.39344473e+00]
[8.13683815e+04 2.39351471e+00]
[1.01759505e+05 2.39425087e+00]
[1.00103556e+05 2.39218237e+00]
[1.24350499e+05 2.39155120e+00]
[1.11127093e+05 2.39358470e+00]
[1.31518216e+05 2.39432086e+00]
[1.29862268e+05 2.39225236e+00]
[1.54109211e+05 2.39162118e+00]
[1.40885804e+05 2.39365469e+00]
[1.61276927e+05 2.39439085e+00]
[1.59620979e+05 2.39232235e+00]
[1.83867922e+05 2.39169117e+00]
[1.70644515e+05 2.39372468e+00]
[1.89379690e+05 2.39239234e+00]
[2.13626633e+05 2.39176116e+00]
[1.78356154e+05 2.39099001e+00]
[1.72572424e+05 2.39304101e+00]
[2.02331136e+05 2.39311100e+00]
[2.23686214e+05 2.39350532e+00]
[1.85523870e+05 2.39375967e+00]
[1.88415735e+05 2.39273417e+00]
[2.18174446e+05 2.39280416e+00]
[2.40975457e+05 2.39268573e+00]
[2.54890857e+05 2.39306256e+00]
[2.88128419e+05 2.39322675e+00]
[3.26772740e+05 2.39280149e+00]
[3.88993542e+05 2.39264673e+00]
[4.36146504e+05 2.39318775e+00]
[5.33732028e+05 2.39343877e+00]
[5.37011627e+05 2.39260773e+00]
[6.61453232e+05 2.39229822e+00]
[5.84164589e+05 2.39314876e+00]
[6.81750113e+05 2.39339977e+00]
[6.85029713e+05 2.39256873e+00]
[7.32182675e+05 2.39310976e+00]
[8.29768198e+05 2.39336077e+00]
[6.31317551e+05 2.39368978e+00]
[6.71601672e+05 2.39284899e+00]
[8.19619758e+05 2.39281000e+00]
[9.37347342e+05 2.39264062e+00]
[8.80200760e+05 2.39307076e+00]
[7.23751444e+05 2.39290444e+00]
[8.11188527e+05 2.39260468e+00]
[7.51934138e+05 2.39298349e+00]
[7.71685601e+05 2.39285722e+00]
[7.27967059e+05 2.39300710e+00]
[6.80032903e+05 2.39305432e+00]
[7.48772426e+05 2.39290649e+00]
[7.02946077e+05 2.39300504e+00]
[7.37315839e+05 2.39293113e+00]
[7.25859252e+05 2.39295577e+00]
[7.36261935e+05 2.39290546e+00]
[7.34154128e+05 2.39285413e+00]
[7.27932971e+05 2.39293036e+00]
[7.30006690e+05 2.39290495e+00]
[7.24805348e+05 2.39293010e+00]
[7.28952786e+05 2.39287928e+00]
[7.25842207e+05 2.39291740e+00]
[7.26879067e+05 2.39290469e+00]
[7.24278396e+05 2.39291727e+00]
[7.21150773e+05 2.39291701e+00]
[7.20623821e+05 2.39290418e+00]
[7.23364752e+05 2.39291400e+00]
[7.25965423e+05 2.39290142e+00]
[7.26352115e+05 2.39289186e+00]
[7.24111593e+05 2.39290846e+00]
[7.24858434e+05 2.39290293e+00]
[7.23558098e+05 2.39290922e+00]
[7.22451109e+05 2.39291072e+00]
[7.22644455e+05 2.39290594e+00]
[7.22872865e+05 2.39290676e+00]
[7.23101276e+05 2.39290758e+00]
[7.23654771e+05 2.39290683e+00]
[7.24304939e+05 2.39290368e+00]
[7.24004023e+05 2.39290466e+00]
[7.24100696e+05 2.39290227e+00]
[7.23766252e+05 2.39290569e+00]
[7.23877734e+05 2.39290455e+00]
[7.23703108e+05 2.39290563e+00]
[7.23576818e+05 2.39290552e+00]
[7.23802505e+05 2.39290479e+00]
[7.23850841e+05 2.39290359e+00]
[7.23799781e+05 2.39290324e+00]
[7.23801824e+05 2.39290440e+00]
[7.23702427e+05 2.39290524e+00]
[7.23813738e+05 2.39290401e+00]
[7.23776634e+05 2.39290442e+00]
[7.23801143e+05 2.39290401e+00]
[7.23775953e+05 2.39290403e+00]
[7.23776123e+05 2.39290413e+00]
[7.23776464e+05 2.39290432e+00]
[7.23726765e+05 2.39290474e+00]
[7.23701746e+05 2.39290486e+00]
[7.23757784e+05 2.39290446e+00]
[7.23720425e+05 2.39290472e+00]
[7.23748444e+05 2.39290452e+00]
[7.23773123e+05 2.39290422e+00]
[7.23738355e+05 2.39290461e+00]
[7.23749944e+05 2.39290448e+00]
[7.23739105e+05 2.39290459e+00]
[7.23762284e+05 2.39290433e+00]
[7.23756489e+05 2.39290439e+00]
[7.23744899e+05 2.39290452e+00]
[7.23746399e+05 2.39290448e+00]
[7.23747286e+05 2.39290448e+00]
[7.23749058e+05 2.39290448e+00]
[7.23748615e+05 2.39290448e+00]
[7.23747729e+05 2.39290448e+00]
[7.23748393e+05 2.39290448e+00]
[7.23754938e+05 2.39290439e+00]
[7.23747409e+05 2.39290449e+00]
[7.23749919e+05 2.39290446e+00]
[7.23748172e+05 2.39290448e+00]
[7.23749697e+05 2.39290446e+00]
[7.23752970e+05 2.39290441e+00]
[7.23751770e+05 2.39290443e+00]
[7.23750571e+05 2.39290445e+00]
[7.23749808e+05 2.39290446e+00]
[7.23750681e+05 2.39290445e+00]
[7.23750598e+05 2.39290445e+00]
[7.23750654e+05 2.39290445e+00]
[7.23752290e+05 2.39290442e+00]
[7.23750428e+05 2.39290445e+00]
[7.23751049e+05 2.39290444e+00]
[7.23750626e+05 2.39290445e+00]
[7.23751867e+05 2.39290443e+00]
[7.23751557e+05 2.39290443e+00]
[7.23751247e+05 2.39290444e+00]
[7.23751035e+05 2.39290444e+00]
[7.23751233e+05 2.39290444e+00]
[7.23751236e+05 2.39290444e+00]
[7.23751240e+05 2.39290444e+00]
[7.23751345e+05 2.39290444e+00]
[7.23751550e+05 2.39290443e+00]
[7.23751472e+05 2.39290444e+00]
[7.23751571e+05 2.39290443e+00]
[7.23751402e+05 2.39290444e+00]
[7.23751458e+05 2.39290444e+00]
[7.23751395e+05 2.39290444e+00]
[7.23751508e+05 2.39290443e+00]
[7.23751479e+05 2.39290444e+00]
[7.23751465e+05 2.39290444e+00]
[7.23751430e+05 2.39290444e+00]
[7.23751467e+05 2.39290444e+00]
[7.23751442e+05 2.39290444e+00]
[7.23751461e+05 2.39290444e+00]
[7.23751455e+05 2.39290444e+00]
[7.23751456e+05 2.39290444e+00]
[7.23751445e+05 2.39290444e+00]
[7.23751452e+05 2.39290444e+00]
[7.23751447e+05 2.39290444e+00]
[7.23751451e+05 2.39290444e+00]
[7.23751450e+05 2.39290444e+00]
[7.23751448e+05 2.39290444e+00]
[7.23751446e+05 2.39290444e+00]
[7.23751440e+05 2.39290444e+00]
[7.23751447e+05 2.39290444e+00]
[7.23751445e+05 2.39290444e+00]
[7.23751447e+05 2.39290444e+00]
[7.23751442e+05 2.39290444e+00]
[7.23751441e+05 2.39290444e+00]
[7.23751444e+05 2.39290444e+00]
[7.23751446e+05 2.39290444e+00]
[7.23751446e+05 2.39290444e+00]
[7.23751444e+05 2.39290444e+00]
[7.23751446e+05 2.39290444e+00]
[7.23751445e+05 2.39290444e+00]
[7.23751445e+05 2.39290444e+00]
[7.23751444e+05 2.39290444e+00]

------------------------------------------------------------
Sender: LSF System <lsfadmin@n-62-21-23>
Subject: Job 1756082: <batch_job_this_is_on_purpose_to_utilize_more_kernel> in cluster <dcc> Done

Job <batch_job_this_is_on_purpose_to_utilize_more_kernel> was submitted from host <gbarlogin2> by user <s174007> in cluster <dcc> at Tue Jan 15 17:21:54 2019
Job was executed on host(s) <n-62-21-23>, in queue <hpc>, as user <s174007> in cluster <dcc> at Tue Jan 15 17:26:34 2019
</zhome/b0/b/127184> was used as the home directory.
</zhome/b0/b/127184/Documents/Projects/machine-learning-on-materials> was used as the working directory.
Started at Tue Jan 15 17:26:34 2019
Terminated at Tue Jan 15 17:33:11 2019
Results reported at Tue Jan 15 17:33:11 2019

Your job looked like:

------------------------------------------------------------
# LSBATCH: User input
#!/bin/bash
##Kør på cpu
#BSUB -q hpc
##Navn på job
#BSUB -J batch_job_this_is_on_purpose_to_utilize_more_kernel
##Output fil
#BSUB -o output/batch/batchjobs-%J.out
##Antal kerner
#BSUB -n 1
##Om kernerne må være på forskellige computere
#BSUB -R "span[hosts=1]"
##Ram pr kerne
#BSUB -R "rusage[mem=10GB]"
##Hvor lang tid må den køre hh:mm
#BSUB -W 45:00
##Email når jobbet starter
##og stopper
module purge
module load python3
python3 KRR/batch_KRR_learn.py linear 1 GP newest 2 10
------------------------------------------------------------

Successfully completed.

Resource usage summary:

    CPU time :                                   395.69 sec.
    Max Memory :                                 1694 MB
    Average Memory :                             1675.86 MB
    Total Requested Memory :                     10240.00 MB
    Delta Memory :                               8546.00 MB
    Max Swap :                                   -
    Max Processes :                              4
    Max Threads :                                5
    Run time :                                   398 sec.
    Turnaround time :                            677 sec.

The output (if any) is above this job summary.

