Unloaded module: latex/TeXLive12
Loaded module: python3/3.6.2
[100.  10.]
[105.  10.]
[100.   10.5]
[105.    9.5]
[107.5   9. ]
[102.5   9. ]
[101.25   8.5 ]
[108.75   7.5 ]
[113.125   6.25 ]
[106.875   5.75 ]
[106.5625   4.125 ]
[118.4375   1.875 ]
[112.8125   4.625 ]
[112.1875   1.375 ]
[110.9375   2.875 ]
[119.6875   0.375 ]
[117.1875   1.375 ]
[114.6875   0.375 ]
[114.6875   0.875 ]
[109.6875   0.875 ]
[104.6875   1.125 ]
[109.6875   1.375 ]
[113.4375   0.625 ]
[108.4375   0.625 ]
[105.3125   0.5   ]
[112.1875   0.375 ]
[110.3125   0.75  ]
[111.5625   0.5   ]
[110.625    0.6875]
[105.625    0.6875]
[101.71875   0.71875]
[107.8125   0.75  ]
[108.28125   0.65625]
[103.28125   0.65625]
[99.609375  0.640625]
[105.9375   0.625 ]
[105.703125   0.671875]
[100.703125   0.671875]
[96.9140625  0.6796875]
[98.28125  0.65625]
[94.5703125  0.6484375]
[95.703125  0.671875]
[91.9140625  0.6796875]
[93.28125  0.65625]
[89.5703125  0.6484375]
[90.703125  0.671875]
[86.9140625  0.6796875]
[88.28125  0.65625]
[84.5703125  0.6484375]
[85.703125  0.671875]
[81.9140625  0.6796875]
[83.28125  0.65625]
[79.5703125  0.6484375]
[80.703125  0.671875]
[76.9140625  0.6796875]
[78.28125  0.65625]
[74.5703125  0.6484375]
[75.703125  0.671875]
[71.9140625  0.6796875]
[73.28125  0.65625]
[69.5703125  0.6484375]
[70.703125  0.671875]
[66.9140625  0.6796875]
[68.28125  0.65625]
[64.5703125  0.6484375]
[65.703125  0.671875]
[61.9140625  0.6796875]
[63.28125  0.65625]
[59.5703125  0.6484375]
[60.703125  0.671875]
[56.9140625  0.6796875]
[58.28125  0.65625]
[54.5703125  0.6484375]
[55.703125  0.671875]
[51.9140625  0.6796875]
[53.28125  0.65625]
[49.5703125  0.6484375]
[50.703125  0.671875]
[46.9140625  0.6796875]
[48.28125  0.65625]
[44.5703125  0.6484375]
[45.703125  0.671875]
[41.9140625  0.6796875]
[43.28125  0.65625]
[39.5703125  0.6484375]
[40.703125  0.671875]
[36.9140625  0.6796875]
[38.28125  0.65625]
[34.5703125  0.6484375]
[35.703125  0.671875]
[31.9140625  0.6796875]
[29.4921875  0.6640625]
[23.88671875  0.66015625]
[17.51953125  0.68359375]
[7.13867188 0.69726562]
[-0.88867188  0.67773438]
[23.71337891  0.67919922]
[7.31201172 0.67822266]
[-0.88867188  0.67773438]
[-9.43603516  0.71533203]
[15.55603027  0.6739502 ]
[-1.10534668  0.70153809]
[11.39068604  0.68084717]
[3.05999756 0.69464111]
[-1.10534668  0.70153809]
[3.2333374  0.67559814]
[-1.01867676  0.6920166 ]
[5.2293396  0.68167114]
[1.06399536 0.68856812]
[-1.01867676  0.6920166 ]
[0.89065552 0.70761108]
[-0.28068542  0.72361755]
[-1.10534668  0.70153809]
[2.0186615  0.69636536]
[-0.06401062  0.69981384]
[1.49799347 0.69722748]
[0.45665741 0.69895172]
[-0.06401062  0.69981384]
[0.28331757 0.71799469]
[-0.10702133  0.73270798]
[-0.15068054  0.70933533]
[0.6303215  0.70804214]
[0.10965347 0.70890427]
[-0.15068054  0.70933533]
[-0.06368637  0.72794724]
[0.32657146 0.7062006 ]
[0.06639957 0.72069836]
[-0.06368637  0.72794724]
[-0.10726452  0.71160793]
[0.18567204 0.716398  ]
[-0.009619    0.71320462]
[-0.10726452  0.71160793]
[-0.0528729   0.72499871]
[0.06902188 0.71292788]
[-0.0122413  0.7209751]
[-0.08825988  0.71348137]
[0.02773471 0.71889411]
[-0.04959501  0.71528561]
[0.00840228 0.71799199]
[-0.03026258  0.71618774]
[-0.00126394  0.71754092]
[0.00135837 0.70977044]
[-0.00204155  0.71257161]
[-0.01039661  0.70823531]
[-0.00811344  0.71056171]
[-0.01569089  0.71119473]
[-0.00545388  0.71222739]
[-0.00394833  0.70958448]
[-0.00536599  0.71048951]
[-0.00270644  0.71215519]
[-0.00676169  0.71096008]
[-0.0066738   0.70922221]
[-0.00728376  0.70771962]
[-0.00867946  0.70819018]
[-0.00619436  0.70991468]
[-0.00671643  0.70667422]
[-0.0066938   0.70453128]
[-0.0077832   0.70233622]
[-0.00719324  0.69914789]
[-0.00714798  0.69486202]
[-0.00605858  0.69705709]
[-0.00651276  0.68738782]
[-0.00642224  0.67881609]
[-0.00751164  0.67662103]
[-0.00823817  0.666403  ]
[-0.00751243  0.65035707]
[-0.00769466  0.6281046 ]
[-0.00951059  0.6156915 ]
[-0.00896708  0.5773931 ]
[-0.00933153  0.53288815]
[-0.0075156   0.54530124]
[-0.0065181   0.51010611]
[-0.00915247  0.4500848 ]
[-0.00805911  0.58359965]
[-0.00878802  0.49458975]
[-0.00824134  0.56134717]
[-0.00642541  0.57376027]
[-0.008605    0.54310618]
[-0.00933074  0.55915211]
[-0.00796938  0.54876396]
[-0.00833304  0.53052297]
[-0.00826426  0.55364112]
[-0.00889988  0.54798334]
[-0.00820201  0.5485688 ]
[-0.00786127  0.55910375]
[-0.00841907  0.54710557]
[-0.00848132  0.55217789]
[-0.00862098  0.55398243]
[-0.00832652  0.55871344]
[-0.00839593  0.55000754]
[-0.00861299  0.5485443 ]
[-0.00835145  0.55236692]
[-0.00826605  0.55019657]
[-0.00831987  0.5506919 ]
[-0.00836436  0.54833252]
[-0.00835467  0.55135832]
[-0.00843073  0.55067396]
[-0.00840302  0.55067844]

------------------------------------------------------------
Sender: LSF System <lsfadmin@n-62-21-11>
Subject: Job 1756039: <batch_job_this_is_on_purpose_to_utilize_more_kernel> in cluster <dcc> Done

Job <batch_job_this_is_on_purpose_to_utilize_more_kernel> was submitted from host <gbarlogin2> by user <s174007> in cluster <dcc> at Tue Jan 15 17:21:51 2019
Job was executed on host(s) <n-62-21-11>, in queue <hpc>, as user <s174007> in cluster <dcc> at Tue Jan 15 17:21:52 2019
</zhome/b0/b/127184> was used as the home directory.
</zhome/b0/b/127184/Documents/Projects/machine-learning-on-materials> was used as the working directory.
Started at Tue Jan 15 17:21:52 2019
Terminated at Tue Jan 15 18:21:38 2019
Results reported at Tue Jan 15 18:21:38 2019

Your job looked like:

------------------------------------------------------------
# LSBATCH: User input
#!/bin/bash
##Kør på cpu
#BSUB -q hpc
##Navn på job
#BSUB -J batch_job_this_is_on_purpose_to_utilize_more_kernel
##Output fil
#BSUB -o output/batch/batchjobs-%J.out
##Antal kerner
#BSUB -n 1
##Om kernerne må være på forskellige computere
#BSUB -R "span[hosts=1]"
##Ram pr kerne
#BSUB -R "rusage[mem=10GB]"
##Hvor lang tid må den køre hh:mm
#BSUB -W 45:00
##Email når jobbet starter
##og stopper
module purge
module load python3
python3 KRR/batch_KRR_learn.py linear 10 GP newest 100 70
------------------------------------------------------------

Successfully completed.

Resource usage summary:

    CPU time :                                   3583.02 sec.
    Max Memory :                                 1883 MB
    Average Memory :                             1749.45 MB
    Total Requested Memory :                     10240.00 MB
    Delta Memory :                               8357.00 MB
    Max Swap :                                   -
    Max Processes :                              8
    Max Threads :                                9
    Run time :                                   3586 sec.
    Turnaround time :                            3587 sec.

The output (if any) is above this job summary.

