Unloaded module: latex/TeXLive12
Loaded module: python3/3.6.2
Traceback (most recent call last):
  File "KRR/batch_KRR_learn.py", line 139, in <module>
    minimize(func,input,method='Nelder-Mead', tol=1e-3)
NameError: name 'minimize' is not defined

------------------------------------------------------------
Sender: LSF System <lsfadmin@n-62-21-13>
Subject: Job 1755746: <batch_job_this_is_on_purpose_to_utilize_more_kernel> in cluster <dcc> Exited

Job <batch_job_this_is_on_purpose_to_utilize_more_kernel> was submitted from host <gbarlogin2> by user <s174007> in cluster <dcc> at Tue Jan 15 17:18:12 2019
Job was executed on host(s) <n-62-21-13>, in queue <hpc>, as user <s174007> in cluster <dcc> at Tue Jan 15 17:18:14 2019
</zhome/b0/b/127184> was used as the home directory.
</zhome/b0/b/127184/Documents/Projects/machine-learning-on-materials> was used as the working directory.
Started at Tue Jan 15 17:18:14 2019
Terminated at Tue Jan 15 17:18:18 2019
Results reported at Tue Jan 15 17:18:18 2019

Your job looked like:

------------------------------------------------------------
# LSBATCH: User input
#!/bin/bash
##Kør på cpu
#BSUB -q hpc
##Navn på job
#BSUB -J batch_job_this_is_on_purpose_to_utilize_more_kernel
##Output fil
#BSUB -o output/batch/batchjobs-%J.out
##Antal kerner
#BSUB -n 1
##Om kernerne må være på forskellige computere
#BSUB -R "span[hosts=1]"
##Ram pr kerne
#BSUB -R "rusage[mem=10GB]"
##Hvor lang tid må den køre hh:mm
#BSUB -W 45:00
##Email når jobbet starter
##og stopper
module purge
module load python3
python3 KRR/batch_KRR_learn.py linear 10 GP newest -100 40
------------------------------------------------------------

Exited with exit code 1.

Resource usage summary:

    CPU time :                                   3.08 sec.
    Max Memory :                                 182 MB
    Average Memory :                             180.67 MB
    Total Requested Memory :                     10240.00 MB
    Delta Memory :                               10058.00 MB
    Max Swap :                                   -
    Max Processes :                              4
    Max Threads :                                5
    Run time :                                   31 sec.
    Turnaround time :                            6 sec.

The output (if any) is above this job summary.

