Unloaded module: latex/TeXLive12
Loaded module: python3/3.6.2
[2. 1.]
[2.1 1. ]
[2.   1.05]
[2.1  0.95]
[2.15 0.9 ]
[2.05 0.9 ]
[2.025 0.85 ]
[2.175 0.75 ]
[2.2625 0.625 ]
[2.1375 0.575 ]
[2.375 0.35 ]
[2.1125 0.725 ]
[2.2375 0.775 ]
[2.1625 0.625 ]
[2.0125 0.725 ]
[1.8875 0.775 ]
[2.0625 0.625 ]
[2.0375 0.575 ]
[1.9125 0.725 ]
[1.7875 0.775 ]
[1.9625 0.625 ]
[1.9375 0.575 ]
[1.8125 0.725 ]
[1.6875 0.775 ]
[1.8625 0.625 ]
[1.8375 0.575 ]
[1.7125 0.725 ]
[1.5875 0.775 ]
[1.7625 0.625 ]
[1.7375 0.575 ]
[1.6125 0.725 ]
[1.4875 0.775 ]
[1.6625 0.625 ]
[1.5125 0.725 ]
[1.3875 0.775 ]
[1.4625 0.825 ]
[1.6125 0.675 ]
[1.5125 0.675 ]
[1.4625 0.65  ]
[1.5625 0.6   ]
[1.525   0.69375]
[1.375   0.66875]
[1.25625  0.665625]
[1.19375  0.621875]
[0.9875 0.6375]
[0.75    0.63125]
[0.8125 0.675 ]
[0.30625  0.640625]
[-0.16875   0.628125]
[0.24375  0.596875]
[-0.040625   0.5578125]
[-0.2      0.60625]
[0.5125 0.625 ]
[0.0375 0.6125]
[-0.2      0.60625]
[-0.025    0.56875]
[0.2234375  0.62265625]
[0.0171875  0.63828125]
[-0.09609375  0.65898438]
[-0.16875   0.628125]
[0.12539063 0.62402344]
[-0.07070312  0.62675781]
[0.07636719 0.62470703]
[-0.02167969  0.62607422]
[0.00283203 0.62573242]
[-0.01748047  0.65151367]
[-0.03183594  0.63896484]
[0.00493164 0.63845215]
[0.02524414 0.6126709 ]
[-0.00679932  0.64180298]
[-0.00889893  0.62908325]
[-0.01581421  0.6243988 ]
[-0.01853027  0.64515381]
[-0.00250854  0.63058777]
[-0.0131897   0.64029846]
[-0.00517883  0.63301544]
[-0.01051941  0.63787079]
[-0.00651398  0.63422928]
[-0.00861359  0.62150955]
[-0.00952072  0.61136284]
[-0.00622864  0.62665558]
[-0.00832825  0.61393585]
[-0.00923538  0.60378914]
[-0.01162033  0.59864311]
[-0.00757656  0.61965246]
[-0.00819836  0.60193205]
[-0.00799074  0.5921433 ]
[-0.00964956  0.57627997]
[-0.00840492  0.56463413]
[-0.00798969  0.54505663]
[-0.00633087  0.56091995]
[-0.00716054  0.56475996]
[-0.0071595   0.51767329]
[-0.00778293  0.5735258 ]
[-0.00861208  0.55382247]
[-0.00933785  0.54835372]
[-0.00881884  0.5253533 ]
[-0.00804191  0.56148267]
[-0.00866429  0.57024851]
[-0.00815834  0.5513546 ]
[-0.00872851  0.54369439]
[-0.00855686  0.54814146]
[-0.00810313  0.5456736 ]
[-0.00848484  0.55178525]
[-0.00888336  0.54857211]
[-0.0083396   0.55065898]
[-0.00826758  0.55430276]
[-0.0083399   0.55276244]
[-0.00819465  0.55163617]
[-0.00841229  0.55174798]
[-0.00841199  0.54964452]
[-0.0083393   0.54855552]
[-0.00839404  0.55094986]
[-0.00832165  0.55196432]
[-0.00838941  0.55022447]

------------------------------------------------------------
Sender: LSF System <lsfadmin@n-62-21-15>
Subject: Job 1756089: <batch_job_this_is_on_purpose_to_utilize_more_kernel> in cluster <dcc> Done

Job <batch_job_this_is_on_purpose_to_utilize_more_kernel> was submitted from host <gbarlogin2> by user <s174007> in cluster <dcc> at Tue Jan 15 17:21:55 2019
Job was executed on host(s) <n-62-21-15>, in queue <hpc>, as user <s174007> in cluster <dcc> at Tue Jan 15 17:29:51 2019
</zhome/b0/b/127184> was used as the home directory.
</zhome/b0/b/127184/Documents/Projects/machine-learning-on-materials> was used as the working directory.
Started at Tue Jan 15 17:29:51 2019
Terminated at Tue Jan 15 18:03:54 2019
Results reported at Tue Jan 15 18:03:54 2019

Your job looked like:

------------------------------------------------------------
# LSBATCH: User input
#!/bin/bash
##Kør på cpu
#BSUB -q hpc
##Navn på job
#BSUB -J batch_job_this_is_on_purpose_to_utilize_more_kernel
##Output fil
#BSUB -o output/batch/batchjobs-%J.out
##Antal kerner
#BSUB -n 1
##Om kernerne må være på forskellige computere
#BSUB -R "span[hosts=1]"
##Ram pr kerne
#BSUB -R "rusage[mem=10GB]"
##Hvor lang tid må den køre hh:mm
#BSUB -W 45:00
##Email når jobbet starter
##og stopper
module purge
module load python3
python3 KRR/batch_KRR_learn.py linear 1 GP newest 2 70
------------------------------------------------------------

Successfully completed.

Resource usage summary:

    CPU time :                                   2041.34 sec.
    Max Memory :                                 1884 MB
    Average Memory :                             1768.65 MB
    Total Requested Memory :                     10240.00 MB
    Delta Memory :                               8356.00 MB
    Max Swap :                                   -
    Max Processes :                              4
    Max Threads :                                5
    Run time :                                   2053 sec.
    Turnaround time :                            2519 sec.

The output (if any) is above this job summary.

