Unloaded module: latex/TeXLive12
Loaded module: python3/3.6.2
[-100.   10.]
[-105.   10.]
[-100.    10.5]
[-105.     9.5]
[-107.5    9. ]
[-112.5    9. ]
[-118.75    8.5 ]
[-121.25    7.5 ]
[-129.375    6.25 ]
[-140.625    5.75 ]
[-157.1875    4.125 ]
[-167.8125    1.875 ]
[-145.9375    4.625 ]
[-179.0625    1.375 ]
[-165.3125    2.875 ]
[-181.5625    0.375 ]
[-174.0625    1.375 ]
[-186.5625    0.375 ]
[-181.5625    0.875 ]
[-186.5625    0.875 ]
[-189.0625    1.125 ]
[-181.5625    1.375 ]
[-185.3125    0.625 ]
[-190.3125    0.625 ]
[-194.6875    0.5   ]
[-189.0625    0.375 ]
[-187.1875    0.75  ]
[-192.1875    0.75  ]
[-195.625     0.8125]
[-189.0625    0.875 ]
[-190.        0.6875]
[-189.375     0.8125]
[-189.84375    0.71875]
[-194.84375    0.71875]
[-198.671875    0.703125]
[-192.5       0.6875]
[-192.265625    0.734375]
[-192.421875    0.703125]
[-192.3046875    0.7265625]
[-197.3046875    0.7265625]
[-201.03515625    0.73046875]
[-194.765625    0.734375]
[-194.82421875    0.72265625]
[-199.82421875    0.72265625]
[-203.58398438    0.72070312]
[-197.34375    0.71875]
[-197.31445312    0.72460938]
[-202.31445312    0.72460938]
[-206.05957031    0.72558594]
[-208.56933594    0.72363281]
[-214.19677734    0.72314453]
[-220.43212891    0.72607422]
[-230.73608398    0.7277832 ]
[-238.87329102    0.7253418 ]
[-255.28015137    0.72521973]
[-271.81945801    0.7298584 ]
[-296.36352539    0.72729492]
[-329.17724609    0.72705078]
[-312.63793945    0.72241211]
[-386.53503418    0.72424316]
[-452.16247559    0.72375488]
[-468.70178223    0.72839355]
[-591.68701172    0.72509766]
[-722.94189453    0.72412109]
[-706.40258789    0.71948242]
[-9.77182007e+02  7.19848633e-01]
[-1.23969177e+03  7.17895508e-01]
[-9.93721313e+02  7.24487305e-01]
[-1.13738068e+03  7.26989746e-01]
[-1.24796143e+03  7.20214844e-01]
[-1.26450073e+03  7.24853516e-01]
[-1.40816010e+03  7.27355957e-01]
[-1.01026062e+03  7.29125977e-01]
[-1.18853622e+03  7.22442627e-01]
[-1.45931564e+03  7.22808838e-01]
[-1.69211281e+03  7.21969604e-01]
[-1.76807732e+03  7.24380493e-01]
[-2.05784786e+03  7.25349426e-01]
[-2.48545994e+03  7.22465515e-01]
[-3.09593954e+03  7.21271515e-01]
[-3.46167459e+03  7.24651337e-01]
[-4.34645549e+03  7.25992203e-01]
[-5.38454717e+03  7.21914291e-01]
[-7.04789682e+03  7.20196724e-01]
[-6.63506311e+03  7.26634979e-01]
[-7.67315479e+03  7.22557068e-01]
[-9.33650445e+03  7.20839500e-01]
[-6.42263885e+03  7.17836380e-01]
[-6.58195705e+03  7.24435329e-01]
[-8.87056467e+03  7.25078106e-01]
[-1.06135734e+04  7.26660013e-01]
[-7.77936693e+03  7.26956367e-01]
[-7.69970783e+03  7.23656893e-01]
[-9.98831545e+03  7.24299669e-01]
[-1.16914947e+04  7.24231839e-01]
[-1.28623515e+04  7.25653052e-01]
[-1.56832815e+04  7.24806786e-01]
[-1.90896399e+04  7.24671125e-01]
[-1.79187830e+04  7.23249912e-01]
[-2.53169283e+04  7.23689198e-01]
[-3.21296451e+04  7.23417878e-01]
[-3.33005019e+04  7.24839091e-01]
[-4.63405071e+04  7.23585844e-01]
[-5.99659408e+04  7.23043203e-01]
[-4.51696503e+04  7.22164631e-01]
[-3.62677890e+04  7.24170476e-01]
[-5.04786511e+04  7.24338442e-01]
[-5.96531541e+04  7.24798724e-01]
[-6.05513692e+04  7.23753810e-01]
[-7.26931593e+04  7.23545477e-01]
[-7.68313032e+04  7.24298075e-01]
[-9.20767012e+04  7.24654190e-01]
[-9.90458114e+04  7.23505110e-01]
[-1.23329392e+05  7.23088443e-01]
[-1.03183955e+05  7.24257708e-01]
[-1.18429353e+05  7.24613823e-01]
[-1.25398463e+05  7.23464742e-01]
[-1.29536607e+05  7.24217340e-01]
[-1.44782005e+05  7.24573456e-01]
[-1.07322099e+05  7.25010306e-01]
[-1.20879372e+05  7.23851133e-01]
[-1.47232025e+05  7.23810766e-01]
[-1.69256059e+05  7.23587295e-01]
[-1.55889260e+05  7.24176973e-01]
[-1.73394203e+05  7.24339893e-01]
[-1.91089620e+05  7.23933319e-01]
[-2.21866127e+05  7.23791308e-01]
[-2.48028305e+05  7.24320435e-01]
[-2.98426446e+05  7.24575270e-01]
[-2.96500229e+05  7.23771850e-01]
[-3.58053242e+05  7.23487828e-01]
[-3.22662407e+05  7.24300977e-01]
[-3.71134331e+05  7.23752392e-01]
[-4.32687344e+05  7.23468370e-01]
[-3.44972152e+05  7.23223264e-01]
[-3.28239844e+05  7.24031549e-01]
[-4.02873946e+05  7.24012091e-01]
[-4.56060804e+05  7.24132211e-01]
[-3.59979458e+05  7.24291248e-01]
[-3.68345613e+05  7.23887106e-01]
[-3.62768176e+05  7.24156534e-01]
[-3.64162536e+05  7.24089177e-01]
[-3.65556895e+05  7.24021820e-01]
[-3.85609779e+05  7.23949598e-01]
[-4.22926830e+05  7.23939869e-01]
[-4.40190997e+05  7.24002362e-01]
[-3.99255084e+05  7.23962789e-01]
[-4.26545692e+05  7.23989171e-01]
[-4.06077736e+05  7.23969384e-01]
[-4.12900388e+05  7.23975980e-01]
[-4.01064515e+05  7.23987440e-01]
[-3.91038072e+05  7.24023551e-01]
[-3.96503651e+05  7.24011658e-01]
[-4.07434809e+05  7.23987872e-01]
[-4.09244240e+05  7.24012523e-01]
[-4.04683377e+05  7.24036741e-01]
[-4.06746951e+05  7.24000090e-01]
[-4.06059093e+05  7.24012307e-01]
[-4.05154377e+05  7.23999982e-01]
[-4.01969230e+05  7.23999765e-01]
[-4.02991696e+05  7.24002901e-01]
[-4.04014161e+05  7.24006036e-01]
[-4.04466519e+05  7.24012199e-01]
[-4.02421588e+05  7.24005928e-01]
[-4.01281372e+05  7.24011982e-01]
[-4.01964569e+05  7.24010496e-01]
[-4.02647767e+05  7.24009009e-01]
[-4.03444054e+05  7.24009063e-01]
[-4.03670232e+05  7.24012145e-01]
[-4.03100124e+05  7.24015172e-01]
[-4.03358071e+05  7.24010590e-01]
[-4.03186107e+05  7.24013645e-01]
[-4.03315080e+05  7.24011354e-01]
[-4.03272089e+05  7.24012118e-01]
[-4.03116008e+05  7.24011341e-01]
[-4.02717865e+05  7.24011313e-01]
[-4.02856421e+05  7.24011515e-01]
[-4.02994977e+05  7.24011716e-01]
[-4.03073017e+05  7.24012104e-01]
[-4.02951986e+05  7.24012479e-01]
[-4.02984229e+05  7.24011906e-01]
[-4.02973481e+05  7.24012097e-01]
[-4.02934461e+05  7.24011903e-01]
[-4.02834925e+05  7.24011896e-01]
[-4.02938842e+05  7.24012047e-01]
[-4.02869564e+05  7.24011947e-01]
[-4.02921523e+05  7.24012022e-01]
[-4.02886884e+05  7.24011972e-01]
[-4.02912863e+05  7.24012009e-01]
[-4.02904203e+05  7.24011997e-01]
[-4.02897734e+05  7.24012056e-01]
[-4.02867476e+05  7.24012150e-01]
[-4.02876658e+05  7.24012112e-01]
[-4.02885840e+05  7.24012073e-01]
[-4.02889075e+05  7.24012044e-01]
[-4.02870711e+05  7.24012120e-01]
[-4.02884484e+05  7.24012063e-01]
[-4.02879893e+05  7.24012082e-01]
[-4.02881510e+05  7.24012067e-01]
[-4.02875563e+05  7.24012076e-01]
[-4.0287881e+05  7.2401208e-01]
[-4.02871246e+05  7.24012104e-01]
[-4.02873812e+05  7.24012095e-01]
[-4.02876378e+05  7.24012086e-01]
[-4.02880160e+05  7.24012074e-01]
[-4.02882593e+05  7.24012069e-01]
[-4.02881039e+05  7.24012073e-01]
[-4.02877932e+05  7.24012081e-01]
[-4.02880262e+05  7.24012075e-01]
[-4.02878708e+05  7.24012079e-01]
[-4.02879097e+05  7.24012078e-01]
[-4.02877747e+05  7.24012085e-01]
[-4.02879557e+05  7.24012077e-01]
[-4.02878350e+05  7.24012082e-01]
[-4.02879255e+05  7.24012078e-01]
[-4.02878954e+05  7.24012079e-01]
[-4.02879327e+05  7.24012077e-01]
[-4.02878724e+05  7.24012080e-01]
[-4.02879176e+05  7.24012078e-01]
[-4.02879319e+05  7.24012077e-01]
[-4.02879228e+05  7.24012078e-01]
[-4.02879136e+05  7.24012078e-01]
[-4.02879025e+05  7.24012079e-01]
[-4.02879208e+05  7.24012078e-01]
[-4.02879168e+05  7.24012078e-01]
[-4.02879057e+05  7.24012078e-01]
[-4.02879095e+05  7.24012078e-01]
[-4.02879133e+05  7.24012078e-01]
[-4.02879152e+05  7.24012078e-01]
[-4.02879077e+05  7.24012078e-01]
[-4.02879134e+05  7.24012078e-01]
[-4.02879096e+05  7.24012078e-01]
[-4.02879124e+05  7.24012078e-01]
[-4.02879088e+05  7.24012078e-01]
[-4.02879122e+05  7.24012078e-01]
[-4.02879099e+05  7.24012078e-01]
[-4.02879116e+05  7.24012078e-01]
[-4.02879111e+05  7.24012078e-01]
[-4.02879109e+05  7.24012078e-01]
[-4.02879096e+05  7.24012078e-01]
[-4.02879107e+05  7.24012078e-01]
[-4.02879094e+05  7.24012078e-01]
[-4.02879084e+05  7.24012078e-01]
[-4.02879101e+05  7.24012078e-01]
[-4.02879096e+05  7.24012078e-01]
[-4.02879102e+05  7.24012078e-01]
[-4.02879091e+05  7.24012078e-01]
[-4.02879099e+05  7.24012078e-01]
[-4.02879096e+05  7.24012078e-01]
[-4.02879099e+05  7.24012078e-01]
[-4.02879094e+05  7.24012078e-01]
[-4.02879095e+05  7.24012078e-01]
[-4.02879098e+05  7.24012078e-01]
[-4.02879099e+05  7.24012078e-01]
[-4.02879097e+05  7.24012078e-01]
[-4.02879097e+05  7.24012078e-01]
[-4.02879097e+05  7.24012078e-01]

------------------------------------------------------------
Sender: LSF System <lsfadmin@n-62-21-13>
Subject: Job 1756018: <batch_job_this_is_on_purpose_to_utilize_more_kernel> in cluster <dcc> Done

Job <batch_job_this_is_on_purpose_to_utilize_more_kernel> was submitted from host <gbarlogin2> by user <s174007> in cluster <dcc> at Tue Jan 15 17:21:49 2019
Job was executed on host(s) <n-62-21-13>, in queue <hpc>, as user <s174007> in cluster <dcc> at Tue Jan 15 17:21:50 2019
</zhome/b0/b/127184> was used as the home directory.
</zhome/b0/b/127184/Documents/Projects/machine-learning-on-materials> was used as the working directory.
Started at Tue Jan 15 17:21:50 2019
Terminated at Tue Jan 15 18:22:27 2019
Results reported at Tue Jan 15 18:22:27 2019

Your job looked like:

------------------------------------------------------------
# LSBATCH: User input
#!/bin/bash
##Kør på cpu
#BSUB -q hpc
##Navn på job
#BSUB -J batch_job_this_is_on_purpose_to_utilize_more_kernel
##Output fil
#BSUB -o output/batch/batchjobs-%J.out
##Antal kerner
#BSUB -n 1
##Om kernerne må være på forskellige computere
#BSUB -R "span[hosts=1]"
##Ram pr kerne
#BSUB -R "rusage[mem=10GB]"
##Hvor lang tid må den køre hh:mm
#BSUB -W 45:00
##Email når jobbet starter
##og stopper
module purge
module load python3
python3 KRR/batch_KRR_learn.py linear 10 GP newest -100 60
------------------------------------------------------------

Successfully completed.

Resource usage summary:

    CPU time :                                   3634.66 sec.
    Max Memory :                                 1832 MB
    Average Memory :                             1751.51 MB
    Total Requested Memory :                     10240.00 MB
    Delta Memory :                               8408.00 MB
    Max Swap :                                   -
    Max Processes :                              4
    Max Threads :                                5
    Run time :                                   3645 sec.
    Turnaround time :                            3638 sec.

The output (if any) is above this job summary.

