Unloaded module: latex/TeXLive12
Loaded module: python3/3.6.2
[ 2. 10.]
[ 2.1 10. ]
[ 2.  10.5]
[2.1 9.5]
[2.15 9.  ]
[2.05 9.  ]
[2.025 8.5  ]
[2.175 7.5  ]
[2.2625 6.25  ]
[2.1375 5.75  ]
[2.13125 4.125  ]
[2.36875 1.875  ]
[2.25625 4.625  ]
[2.24375 1.375  ]
[2.21875 2.875  ]
[2.39375 0.375  ]
[2.34375 1.375  ]
[2.29375 0.375  ]
[2.29375 0.875  ]
[2.31875 0.625  ]
[2.21875 0.625  ]
[2.13125 0.75   ]
[2.24375 0.875  ]
[2.28125 0.5    ]
[2.18125 0.5    ]
[2.1125 0.4375]
[2.24375 0.375  ]
[2.225  0.5625]
[2.2375 0.4375]
[2.234375 0.46875 ]
[2.228125 0.53125 ]
[2.2328125 0.484375 ]
[2.1328125 0.484375 ]
[2.05859375 0.4765625 ]
[2.00703125 0.4921875 ]
[1.89414063 0.49609375]
[1.77148438 0.47265625]
[1.56660156 0.45898438]
[1.40214844 0.47851562]
[1.07392578 0.47949219]
[0.74638672 0.44238281]
[0.17250977 0.41552734]
[-0.32016602  0.43603516]
[1.09490967 0.45324707]
[0.15152588 0.44177246]
[-0.32016602  0.43603516]
[-0.74989014  0.37780762]
[0.6179718  0.45407104]
[-0.29393616  0.40322876]
[0.38999481 0.44136047]
[-0.06595917  0.41593933]
[0.27600632 0.43500519]
[0.04802933 0.42229462]
[-0.06595917  0.41593933]
[0.02704544 0.44853973]
[-0.04568672  0.46504593]
[-0.07645111  0.42906189]
[0.09453163 0.43859482]
[-0.01945686  0.43223953]
[0.00904026 0.43382835]
[-0.01194363  0.46007347]
[-0.0419301  0.4789629]
[-0.02994881  0.44536209]
[0.01279688 0.44774532]
[-0.01570024  0.4461565 ]
[0.0056726  0.44734812]
[-0.01531129  0.47359324]
[0.00295237 0.44376957]
[-0.01466385  0.45649493]
[0.00058849 0.44963482]
[0.01548449 0.43333092]
[-0.0050866   0.45338783]
[-0.00745049  0.45925308]
[-0.01312557  0.46300609]
[-0.00284003  0.45297764]
[-0.00969706  0.45966328]
[-0.00455429  0.45464905]
[-0.0021904  0.4487838]
[-0.00613546  0.45663576]
[-0.00666778  0.45537455]
[-0.00771664  0.45862247]
[-0.00574411  0.45469649]
[-0.0052118   0.45595771]
[-0.00557579  0.45581192]
[-0.00596715  0.45775118]
[-0.00607866  0.45927853]
[-0.00663834  0.46010237]
[-0.0063727   0.45902976]
[-0.0063159   0.46167253]
[-0.00640612  0.46419091]
[-0.00611208  0.46443968]
[-0.00598177  0.46714464]
[-0.00630923  0.47205702]
[-0.00642451  0.47844627]
[-0.00600017  0.4814    ]
[-0.00579719  0.49000455]
[-0.00623992  0.50130618]
[-0.00604631  0.47568503]
[-0.00541899  0.48724331]
[-0.00491623  0.49164182]
[-0.00516987  0.50156283]
[-0.0058272   0.48215448]
[-0.005449    0.47939323]
[-0.00553605  0.48204606]
[-0.00512784  0.48713489]
[-0.00565236  0.48339958]
[-0.00576942  0.47820234]
[-0.0055066   0.48498306]
[-0.00562291  0.48633658]
[-0.00555776  0.48311869]
[-0.005412    0.48470217]
[-0.00559227  0.48372523]
[-0.0055411  0.4855896]
[-0.00554527  0.48497187]
[-0.0054596   0.48622971]
[-0.0055591   0.48435135]

------------------------------------------------------------
Sender: LSF System <lsfadmin@n-62-21-11>
Subject: Job 1756051: <batch_job_this_is_on_purpose_to_utilize_more_kernel> in cluster <dcc> Done

Job <batch_job_this_is_on_purpose_to_utilize_more_kernel> was submitted from host <gbarlogin2> by user <s174007> in cluster <dcc> at Tue Jan 15 17:21:52 2019
Job was executed on host(s) <n-62-21-11>, in queue <hpc>, as user <s174007> in cluster <dcc> at Tue Jan 15 17:21:53 2019
</zhome/b0/b/127184> was used as the home directory.
</zhome/b0/b/127184/Documents/Projects/machine-learning-on-materials> was used as the working directory.
Started at Tue Jan 15 17:21:53 2019
Terminated at Tue Jan 15 18:16:37 2019
Results reported at Tue Jan 15 18:16:37 2019

Your job looked like:

------------------------------------------------------------
# LSBATCH: User input
#!/bin/bash
##Kør på cpu
#BSUB -q hpc
##Navn på job
#BSUB -J batch_job_this_is_on_purpose_to_utilize_more_kernel
##Output fil
#BSUB -o output/batch/batchjobs-%J.out
##Antal kerner
#BSUB -n 1
##Om kernerne må være på forskellige computere
#BSUB -R "span[hosts=1]"
##Ram pr kerne
#BSUB -R "rusage[mem=10GB]"
##Hvor lang tid må den køre hh:mm
#BSUB -W 45:00
##Email når jobbet starter
##og stopper
module purge
module load python3
python3 KRR/batch_KRR_learn.py linear 10 GP newest 2 90
------------------------------------------------------------

Successfully completed.

Resource usage summary:

    CPU time :                                   3282.62 sec.
    Max Memory :                                 1954 MB
    Average Memory :                             1759.25 MB
    Total Requested Memory :                     10240.00 MB
    Delta Memory :                               8286.00 MB
    Max Swap :                                   2 MB
    Max Processes :                              4
    Max Threads :                                5
    Run time :                                   3284 sec.
    Turnaround time :                            3285 sec.

The output (if any) is above this job summary.

