Unloaded module: latex/TeXLive12
Loaded module: python3/3.6.2
[100.   1.]
[105.   1.]
[100.     1.05]
[105.     0.95]
[107.5   0.9]
[102.5   0.9]
[101.25   0.85]
[108.75   0.75]
[106.5625   0.8125]
[100.3125   0.7625]
[105.703125   0.865625]
[102.109375   0.796875]
[103.0078125   0.8140625]
[108.3203125   0.7765625]
[103.01757812   0.83164062]
[99.46289062  0.83320312]
[95.91308594  0.84355469]
[99.47265625  0.85078125]
[102.12402344   0.82324219]
[100.35644531   0.84160156]
[101.68212891   0.82783203]
[98.12744141  0.82939453]
[95.68237305  0.82827148]
[93.46313477  0.83364258]
[89.3536377   0.83654785]
[89.68261719  0.82871094]
[84.79248047  0.82646484]
[82.57324219  0.83183594]
[76.01867676  0.83361816]
[67.34802246  0.82644043]
[54.29046631  0.82283936]
[45.5166626   0.82999268]
[25.87875366  0.83175659]
[4.15054321 0.82097778]
[-31.78352356   0.81465759]
[-24.26116943   0.82989502]
[34.65255737  0.82460327]
[-4.6232605  0.8281311]
[24.83360291  0.82548523]
[3.10539246 0.81470642]
[-8.28128815  0.80618134]
[-17.57766724   0.81019897]
[14.23078537  0.82166367]
[-6.9748497   0.81402054]
[8.9293766  0.81975288]
[-1.67344093  0.81593132]
[6.27867222 0.81879749]
[0.97726345 0.81688671]
[-1.67344093  0.81593132]
[-0.06788731  0.81061535]
[3.09593558 0.81838717]
[0.96780658 0.82056746]
[-0.10098636  0.82349799]
[-1.15086555  0.819067  ]
[2.0342353  0.81855713]
[-0.08916527  0.81889704]
[1.50338516 0.81864211]
[0.44168487 0.81881207]
[-0.08916527  0.81889704]
[0.432228   0.82249282]
[0.15971027 0.82529587]
[-0.36641143  0.82354048]
[0.63425208 0.82131072]
[-0.03285693  0.82279722]
[0.46747482 0.82168234]
[0.13392032 0.8224256 ]
[-0.03285693  0.82279722]
[-0.14805428  0.8289094 ]
[0.29425008 0.8213364 ]
[-6.19490165e-04  8.26385070e-01]
[-0.14805428  0.8289094 ]
[-0.02640944  0.82351479]
[0.11318034 0.8248506 ]
[-0.02135947  0.82881008]
[0.09510037 0.82402172]
[-0.01869946  0.82555618]
[0.08021039 0.825027  ]
[-0.01550947  0.82739035]
[-0.09633935  0.82874842]
[0.03607296 0.82595736]
[0.05096294 0.82495207]
[0.03434484 0.82556164]
[-0.00234761  0.82598936]
[-0.03731194  0.82681279]
[0.01643064 0.82587443]
[-0.01939774  0.8265    ]
[0.00747355 0.82603082]
[-0.01044065  0.82634361]
[0.002995   0.82610902]
[-0.0059621   0.82626541]
[7.55723397e-04 8.26148116e-01]
[0.00248384 0.82654383]
[-0.00113975  0.82612798]
[-0.00251496  0.82636493]
[-6.19476748e-05  8.26202320e-01]

------------------------------------------------------------
Sender: LSF System <lsfadmin@n-62-21-13>
Subject: Job 1756073: <batch_job_this_is_on_purpose_to_utilize_more_kernel> in cluster <dcc> Done

Job <batch_job_this_is_on_purpose_to_utilize_more_kernel> was submitted from host <gbarlogin2> by user <s174007> in cluster <dcc> at Tue Jan 15 17:21:53 2019
Job was executed on host(s) <n-62-21-13>, in queue <hpc>, as user <s174007> in cluster <dcc> at Tue Jan 15 17:24:26 2019
</zhome/b0/b/127184> was used as the home directory.
</zhome/b0/b/127184/Documents/Projects/machine-learning-on-materials> was used as the working directory.
Started at Tue Jan 15 17:24:26 2019
Terminated at Tue Jan 15 18:18:37 2019
Results reported at Tue Jan 15 18:18:37 2019

Your job looked like:

------------------------------------------------------------
# LSBATCH: User input
#!/bin/bash
##Kør på cpu
#BSUB -q hpc
##Navn på job
#BSUB -J batch_job_this_is_on_purpose_to_utilize_more_kernel
##Output fil
#BSUB -o output/batch/batchjobs-%J.out
##Antal kerner
#BSUB -n 1
##Om kernerne må være på forskellige computere
#BSUB -R "span[hosts=1]"
##Ram pr kerne
#BSUB -R "rusage[mem=10GB]"
##Hvor lang tid må den køre hh:mm
#BSUB -W 45:00
##Email når jobbet starter
##og stopper
module purge
module load python3
python3 KRR/batch_KRR_learn.py linear 1 GP newest 100 100
------------------------------------------------------------

Successfully completed.

Resource usage summary:

    CPU time :                                   3250.83 sec.
    Max Memory :                                 2018 MB
    Average Memory :                             1800.92 MB
    Total Requested Memory :                     10240.00 MB
    Delta Memory :                               8222.00 MB
    Max Swap :                                   -
    Max Processes :                              4
    Max Threads :                                5
    Run time :                                   3253 sec.
    Turnaround time :                            3404 sec.

The output (if any) is above this job summary.

