Unloaded module: latex/TeXLive12
Loaded module: python3/3.6.2
[-100.    1.]
[-105.    1.]
[-100.      1.05]
[-105.      0.95]
[-107.5    0.9]
[-112.5    0.9]
[-118.75    0.85]
[-121.25    0.75]
[-129.375    0.625]
[-140.625    0.575]
[-151.25    0.35]
[-126.875    0.725]
[-115.625    0.775]
[-134.375    0.625]
[-136.875    0.525]
[-129.375    0.675]
[-134.375    0.675]
[-136.875    0.7  ]
[-129.375    0.725]
[-133.125    0.65 ]
[-130.625    0.7  ]
[-132.5       0.6625]
[-137.5       0.6625]
[-141.5625     0.65625]
[-135.625    0.65 ]
[-134.6875     0.66875]
[-135.3125     0.65625]
[-134.84375     0.665625]
[-139.84375     0.665625]
[-143.515625     0.6671875]
[-146.171875     0.6640625]
[-151.8359375     0.66328125]
[-157.8515625     0.66796875]
[-168.02734375    0.67070312]
[-166.171875     0.6640625]
[-177.5       0.6625]
[-183.515625     0.6671875]
[-199.35546875    0.66914062]
[-219.00390625    0.66367187]
[-249.58007812    0.66152344]
[-271.43554688    0.66816406]
[-318.40332031    0.67099609]
[-368.62792969    0.66337891]
[-453.26416016    0.66049805]
[-522.08740234    0.6699707 ]
[-658.34106445    0.67419434]
[-656.94824219    0.65947266]
[-8.26220703e+02  6.53710937e-01]
[-7.25771484e+02  6.68945312e-01]
[-8.62025146e+02  6.73168945e-01]
[-8.60632324e+02  6.58447266e-01]
[-9.29455566e+02  6.67919922e-01]
[-1.06570923e+03  6.72143555e-01]
[-7.94594727e+02  6.78417969e-01]
[-8.44122925e+02  6.63439941e-01]
[-1.04780701e+03  6.62414551e-01]
[-1.20882477e+03  6.59149170e-01]
[-9.62474365e+02  6.57934570e-01]
[-9.37710266e+02  6.65423584e-01]
[-1.14139435e+03  6.64398193e-01]
[-1.29003006e+03  6.64877319e-01]
[-1.40012680e+03  6.61868286e-01]
[-1.64234985e+03  6.64331055e-01]
[-1.93962128e+03  6.65289307e-01]
[-1.82952454e+03  6.68298340e-01]
[-1.72217510e+03  6.66690826e-01]
[-2.37176632e+03  6.67102814e-01]
[-2.58921249e+03  6.65701294e-01]
[-3.02273119e+03  6.65206528e-01]
[-2.59058615e+03  6.63393021e-01]
[-3.67369606e+03  6.63310242e-01]
[-4.54073345e+03  6.62320709e-01]
[-4.97287849e+03  6.64134216e-01]
[-6.16402467e+03  6.64504814e-01]
[-7.68202693e+03  6.61618996e-01]
[-9.30531815e+03  6.63803101e-01]
[-1.16876105e+04  6.64544296e-01]
[-1.01696082e+04  6.67430115e-01]
[-9.54771291e+03  6.65977335e-01]
[-1.50712987e+04  6.66016817e-01]
[-1.72111963e+04  6.64583778e-01]
[-2.1042938e+04  6.6388700e-01]
[-1.76592498e+04  6.62414479e-01]
[-1.57182865e+04  6.65116233e-01]
[-2.50736140e+04  6.64458936e-01]
[-3.17666158e+04  6.64416257e-01]
[-3.70912673e+04  6.63187024e-01]
[-4.78149451e+04  6.63716280e-01]
[-6.12009486e+04  6.63630921e-01]
[-5.58762971e+04  6.64860153e-01]
[-6.52688120e+04  6.65696718e-01]
[-8.53106299e+04  6.64074817e-01]
[-1.12082637e+05  6.63904098e-01]
[-1.06757985e+05  6.65133330e-01]
[-1.62964325e+05  6.64177275e-01]
[-2.16508339e+05  6.63835835e-01]
[-1.68288977e+05  6.62948042e-01]
[-1.22140733e+05  6.64587008e-01]
[-1.73022422e+05  6.64860185e-01]
[-1.57787476e+05  6.64621163e-01]
[-1.98611068e+05  6.64211430e-01]
[-2.36846235e+05  6.64023641e-01]
[-2.03787917e+05  6.63767541e-01]
[-1.69287586e+05  6.64407758e-01]
[-2.04934328e+05  6.64441913e-01]
[-2.25919330e+05  6.64574232e-01]
[-2.34257810e+05  6.64245585e-01]
[-2.66742922e+05  6.64164499e-01]
[-2.40581070e+05  6.64476068e-01]
[-2.61566072e+05  6.64608387e-01]
[-2.69904552e+05  6.64279740e-01]
[-2.53661996e+05  6.64320283e-01]
[-2.21176884e+05  6.64401370e-01]
[-2.45540718e+05  6.64340555e-01]
[-2.37419440e+05  6.64360827e-01]
[-2.47121533e+05  6.64398176e-01]
[-2.30878977e+05  6.64438719e-01]
[-2.34939616e+05  6.64428583e-01]
[-2.43060894e+05  6.64408311e-01]
[-2.47121533e+05  6.64398176e-01]
[-2.46222525e+05  6.64523553e-01]
[-2.50624067e+05  6.64604916e-01]
[-2.48702348e+05  6.64455796e-01]
[-2.4261139e+05  6.6447100e-01]
[-2.44641709e+05  6.64465932e-01]
[-2.43401797e+05  6.64499811e-01]
[-2.44982613e+05  6.64557431e-01]
[-2.44897387e+05  6.64534557e-01]
[-2.47718114e+05  6.64558299e-01]
[-2.46639035e+05  6.64543677e-01]
[-2.44480877e+05  6.64514433e-01]
[-2.46099495e+05  6.64536366e-01]
[-2.45559956e+05  6.64529055e-01]
[-2.46430780e+05  6.64533615e-01]
[-2.45351701e+05  6.64518993e-01]
[-2.45621470e+05  6.64522648e-01]
[-2.46161010e+05  6.64529959e-01]
[-2.45756355e+05  6.64524476e-01]
[-2.45891240e+05  6.64526304e-01]
[-2.45921997e+05  6.64523101e-01]
[-2.46253282e+05  6.64520350e-01]
[-2.46162771e+05  6.64521838e-01]
[-2.46463298e+05  6.64522291e-01]
[-2.46057323e+05  6.64522898e-01]
[-2.46117076e+05  6.64524613e-01]
[-2.46128500e+05  6.64523919e-01]
[-2.46139924e+05  6.64523226e-01]
[-2.46110047e+05  6.64522368e-01]
[-2.46027446e+05  6.64522041e-01]
[-2.46111804e+05  6.64522929e-01]
[-2.46055565e+05  6.64522337e-01]
[-2.46097745e+05  6.64522781e-01]
[-2.46083685e+05  6.64522633e-01]
[-2.46084563e+05  6.64522914e-01]
[-2.46058201e+05  6.64523179e-01]
[-2.46064572e+05  6.64523042e-01]
[-2.46037331e+05  6.64523027e-01]
[-2.46072755e+05  6.64522942e-01]
[-2.46060947e+05  6.64522970e-01]
[-2.46070943e+05  6.64522906e-01]
[-2.46047327e+05  6.64522963e-01]
[-2.46043702e+05  6.64522890e-01]
[-2.46056636e+05  6.64522950e-01]
[-2.46052325e+05  6.64522930e-01]
[-2.46059135e+05  6.64522934e-01]
[-2.46064133e+05  6.64522902e-01]
[-2.46055277e+05  6.64522923e-01]
[-2.46061181e+05  6.64522909e-01]
[-2.46059705e+05  6.64522913e-01]
[-2.46058229e+05  6.64522916e-01]
[-2.46056300e+05  6.64522911e-01]
[-2.46059252e+05  6.64522904e-01]
[-2.46058346e+05  6.64522886e-01]
[-2.46058316e+05  6.64522893e-01]
[-2.46058287e+05  6.64522901e-01]
[-2.46057776e+05  6.64522907e-01]
[-2.46056811e+05  6.64522904e-01]
[-2.46057918e+05  6.64522902e-01]
[-2.46057180e+05  6.64522904e-01]
[-2.46056727e+05  6.64522895e-01]
[-2.46057514e+05  6.64522904e-01]
[-2.46057656e+05  6.64522899e-01]
[-2.46057299e+05  6.64522902e-01]
[-2.46057418e+05  6.64522901e-01]
[-2.46057251e+05  6.64522901e-01]
[-2.46057489e+05  6.64522898e-01]
[-2.46057430e+05  6.64522899e-01]
[-2.4605737e+05  6.6452290e-01]
[-2.46057287e+05  6.64522900e-01]
[-2.46057239e+05  6.64522898e-01]
[-2.46057275e+05  6.64522897e-01]
[-2.46057278e+05  6.64522897e-01]
[-2.46057361e+05  6.64522898e-01]
[-2.46057270e+05  6.64522898e-01]
[-2.46057300e+05  6.64522898e-01]
[-2.46057281e+05  6.64522898e-01]
[-2.46057342e+05  6.64522898e-01]
[-2.46057372e+05  6.64522898e-01]
[-2.46057364e+05  6.64522898e-01]
[-2.46057348e+05  6.64522898e-01]
[-2.46057332e+05  6.64522898e-01]
[-2.46057321e+05  6.64522898e-01]
[-2.46057331e+05  6.64522898e-01]
[-2.46057331e+05  6.64522898e-01]
[-2.46057332e+05  6.64522898e-01]
[-2.46057332e+05  6.64522898e-01]
[-2.46057331e+05  6.64522898e-01]
[-2.46057332e+05  6.64522898e-01]
[-2.46057332e+05  6.64522898e-01]
[-2.46057337e+05  6.64522898e-01]
[-2.46057337e+05  6.64522898e-01]
[-2.46057337e+05  6.64522898e-01]
[-2.46057337e+05  6.64522898e-01]
[-2.46057337e+05  6.64522898e-01]
[-2.46057337e+05  6.64522898e-01]
[-2.46057339e+05  6.64522898e-01]
[-2.46057345e+05  6.64522898e-01]
[-2.46057339e+05  6.64522898e-01]
[-2.46057343e+05  6.64522898e-01]
[-2.46057340e+05  6.64522898e-01]
[-2.46057341e+05  6.64522898e-01]
[-2.46057340e+05  6.64522898e-01]
[-2.46057342e+05  6.64522898e-01]
[-2.46057343e+05  6.64522898e-01]
[-2.46057341e+05  6.64522898e-01]

------------------------------------------------------------
Sender: LSF System <lsfadmin@n-62-21-90>
Subject: Job 1756059: <batch_job_this_is_on_purpose_to_utilize_more_kernel> in cluster <dcc> Done

Job <batch_job_this_is_on_purpose_to_utilize_more_kernel> was submitted from host <gbarlogin2> by user <s174007> in cluster <dcc> at Tue Jan 15 17:21:52 2019
Job was executed on host(s) <n-62-21-90>, in queue <hpc>, as user <s174007> in cluster <dcc> at Tue Jan 15 17:21:53 2019
</zhome/b0/b/127184> was used as the home directory.
</zhome/b0/b/127184/Documents/Projects/machine-learning-on-materials> was used as the working directory.
Started at Tue Jan 15 17:21:53 2019
Terminated at Tue Jan 15 18:29:24 2019
Results reported at Tue Jan 15 18:29:24 2019

Your job looked like:

------------------------------------------------------------
# LSBATCH: User input
#!/bin/bash
##Kør på cpu
#BSUB -q hpc
##Navn på job
#BSUB -J batch_job_this_is_on_purpose_to_utilize_more_kernel
##Output fil
#BSUB -o output/batch/batchjobs-%J.out
##Antal kerner
#BSUB -n 1
##Om kernerne må være på forskellige computere
#BSUB -R "span[hosts=1]"
##Ram pr kerne
#BSUB -R "rusage[mem=10GB]"
##Hvor lang tid må den køre hh:mm
#BSUB -W 45:00
##Email når jobbet starter
##og stopper
module purge
module load python3
python3 KRR/batch_KRR_learn.py linear 1 GP newest -100 70
------------------------------------------------------------

Successfully completed.

Resource usage summary:

    CPU time :                                   4049.58 sec.
    Max Memory :                                 1883 MB
    Average Memory :                             1773.51 MB
    Total Requested Memory :                     10240.00 MB
    Delta Memory :                               8357.00 MB
    Max Swap :                                   -
    Max Processes :                              4
    Max Threads :                                5
    Run time :                                   4051 sec.
    Turnaround time :                            4052 sec.

The output (if any) is above this job summary.

