Unloaded module: latex/TeXLive12
Loaded module: python3/3.6.2
[1.e+03 1.e-03]
[1.05e+03 1.00e-03]
[1.00e+03 1.05e-03]
[9.50e+02 1.05e-03]
[9.000e+02 1.075e-03]
[9.000e+02 1.125e-03]
[8.5000e+02 1.1875e-03]
[7.5000e+02 1.2125e-03]
[6.25000e+02 1.29375e-03]
[5.75000e+02 1.40625e-03]
[4.125000e+02 1.571875e-03]
[1.875000e+02 1.678125e-03]
[-1.4375000e+02  1.9234375e-03]
[-3.5625000e+02  2.2015625e-03]
[-8.46875000e+02  2.65546875e-03]
[-1.40312500e+03  3.00703125e-03]
[-2.31093750e+03  3.72460938e-03]
[-3.01406250e+03  4.45664063e-03]
[-4.44921875e+03  5.72324219e-03]
[-5.91328125e+03  6.79238281e-03]
[-8.44648438e+03  8.86083984e-03]
[-1.05847656e+04  1.08594727e-02]
[-1.47216797e+04  1.44269043e-02]
[-1.87189453e+04  1.75645020e-02]
[-2.58538086e+04  2.34851318e-02]
[-3.21290039e+04  2.90511963e-02]
[-4.39702637e+04  3.91463745e-02]
[-5.51023926e+04  4.82046021e-02]
[-7.52927490e+04  6.50934509e-02]
[-9.34092041e+04  8.07546936e-02]
[-1.27186902e+05  1.09389474e-01]
[-1.58509387e+05  1.35336551e-01]
[-2.15778949e+05  1.83431639e-01]
[-2.67673102e+05  2.27727663e-01]
[-3.63863278e+05  3.09044769e-01]
[-4.52455325e+05  3.83086933e-01]
[-6.15089537e+05  5.19935662e-01]
[-7.63173866e+05  6.45548792e-01]
[-1.03687132e+06  8.76607368e-01]
[-1.28809758e+06  1.08749826e+00]
[-1.75021474e+06  1.47672501e+00]
[-1.70987937e+06  1.44416997e+00]
[-1.43618191e+06  1.21311139e+00]
[-1.68740817e+06  1.42400229e+00]
[-1.19950554e+06  1.01345610e+00]
[-1.05142121e+06  8.87842968e-01]
[-1.33999174e+06  1.13179429e+00]
[-1.42858378e+06  1.20583645e+00]
[-1.25677510e+06  1.06155119e+00]
[-1.20488095e+06  1.01725516e+00]
[-1.30621404e+06  1.10315950e+00]
[-1.23865864e+06  1.04588994e+00]
[-1.28932519e+06  1.08884211e+00]
[-1.32064768e+06  1.11478919e+00]
[-1.27274324e+06  1.07486069e+00]
[-1.27151564e+06  1.07351683e+00]
[-1.25616130e+06  1.06087926e+00]
[-1.28011351e+06  1.08084351e+00]
[-1.28134112e+06  1.08218736e+00]
[-1.28871139e+06  1.08817019e+00]
[-1.27673528e+06  1.07818806e+00]
[-1.27550767e+06  1.07684421e+00]
[-1.27988276e+06  1.08085158e+00]
[-1.28326099e+06  1.08350702e+00]
[-1.27836671e+06  1.07951780e+00]
[-1.27859746e+06  1.07950974e+00]
[-1.27795481e+06  1.07883882e+00]
[-1.27685066e+06  1.07818403e+00]
[-1.27929780e+06  1.08017864e+00]
[-1.27952855e+06  1.08017058e+00]
[-1.27882822e+06  1.07950168e+00]
[-1.2791804e+06  1.0800094e+00]
[-1.27824931e+06  1.07934856e+00]
[-1.27920874e+06  1.07996507e+00]
[-1.27888893e+06  1.07975957e+00]
[-1.27935448e+06  1.08008999e+00]
[-1.27964595e+06  1.08033982e+00]
[-1.27907819e+06  1.07990463e+00]
[-1.27926744e+06  1.08004969e+00]
[-1.27912170e+06  1.07992478e+00]
[-1.27950021e+06  1.08021490e+00]
[-1.27940559e+06  1.08014237e+00]
[-1.27931096e+06  1.08006984e+00]
[-1.27923809e+06  1.08000738e+00]
[-1.27942735e+06  1.08015245e+00]
[-1.27938003e+06  1.08011618e+00]
[-1.27942355e+06  1.08013633e+00]
[-1.27933911e+06  1.08008646e+00]
[-1.27936725e+06  1.08010308e+00]
[-1.27933272e+06  1.08007992e+00]
[-1.27931994e+06  1.08006682e+00]
[-1.27935543e+06  1.08009402e+00]
[-1.27934360e+06  1.08008495e+00]
[-1.27936087e+06  1.08009654e+00]
[-1.27933721e+06  1.08007840e+00]
[-1.27934312e+06  1.08008294e+00]
[-1.27934904e+06  1.08008747e+00]
[-1.27935767e+06  1.08009326e+00]
[-1.27934584e+06  1.08008420e+00]
[-1.27935471e+06  1.08009100e+00]
[-1.27936015e+06  1.08009351e+00]
[-1.27936571e+06  1.08009654e+00]
[-1.27935992e+06  1.08009251e+00]
[-1.27935602e+06  1.08009137e+00]
[-1.27935732e+06  1.08009175e+00]
[-1.27935743e+06  1.08009226e+00]
[-1.27936027e+06  1.08009402e+00]
[-1.27936175e+06  1.08009515e+00]
[-1.27936299e+06  1.08009528e+00]
[-1.27935882e+06  1.08009301e+00]
[-1.27936021e+06  1.08009377e+00]
[-1.27935885e+06  1.08009314e+00]
[-1.27936163e+06  1.08009465e+00]
[-1.27935955e+06  1.08009351e+00]
[-1.27935961e+06  1.08009377e+00]
[-1.27936006e+06  1.08009377e+00]
[-1.27935976e+06  1.08009377e+00]
[-1.27935999e+06  1.08009377e+00]
[-1.27935991e+06  1.08009377e+00]
[-1.27936017e+06  1.08009389e+00]
[-1.27936053e+06  1.08009414e+00]
[-1.27936038e+06  1.08009405e+00]
[-1.27936048e+06  1.08009418e+00]
[-1.27936038e+06  1.08009414e+00]
[-1.27936038e+06  1.08009407e+00]
[-1.27936038e+06  1.08009410e+00]
[-1.27936032e+06  1.08009403e+00]
[-1.27936022e+06  1.08009396e+00]
[-1.27936026e+06  1.08009399e+00]
[-1.27936030e+06  1.08009403e+00]
[-1.27936033e+06  1.08009406e+00]
[-1.27936025e+06  1.08009399e+00]
[-1.27936031e+06  1.08009404e+00]
[-1.27936029e+06  1.08009402e+00]
[-1.27936030e+06  1.08009404e+00]
[-1.27936029e+06  1.08009403e+00]
[-1.27936029e+06  1.08009403e+00]
[-1.27936029e+06  1.08009403e+00]
[-1.27936029e+06  1.08009403e+00]
[-1.27936029e+06  1.08009403e+00]
[-1.27936028e+06  1.08009402e+00]
[-1.27936028e+06  1.08009402e+00]
[-1.27936028e+06  1.08009402e+00]
[-1.27936028e+06  1.08009402e+00]
[-1.27936028e+06  1.08009402e+00]
[-1.27936028e+06  1.08009402e+00]
[-1.27936028e+06  1.08009402e+00]
[-1.27936028e+06  1.08009402e+00]
[-1.27936027e+06  1.08009402e+00]
[-1.27936027e+06  1.08009401e+00]
[-1.27936027e+06  1.08009402e+00]
[-1.27936027e+06  1.08009402e+00]
[-1.27936027e+06  1.08009402e+00]
[-1.27936027e+06  1.08009402e+00]
[-1.27936027e+06  1.08009402e+00]
[-1.27936027e+06  1.08009402e+00]
[-1.27936027e+06  1.08009402e+00]
[-1.27936027e+06  1.08009402e+00]
[-1.27936027e+06  1.08009402e+00]

------------------------------------------------------------
Sender: LSF System <lsfadmin@n-62-21-23>
Subject: Job 1755987: <batch_job_this_is_on_purpose_to_utilize_more_kernel> in cluster <dcc> Done

Job <batch_job_this_is_on_purpose_to_utilize_more_kernel> was submitted from host <gbarlogin2> by user <s174007> in cluster <dcc> at Tue Jan 15 17:21:46 2019
Job was executed on host(s) <n-62-21-23>, in queue <hpc>, as user <s174007> in cluster <dcc> at Tue Jan 15 17:21:47 2019
</zhome/b0/b/127184> was used as the home directory.
</zhome/b0/b/127184/Documents/Projects/machine-learning-on-materials> was used as the working directory.
Started at Tue Jan 15 17:21:47 2019
Terminated at Tue Jan 15 17:49:48 2019
Results reported at Tue Jan 15 17:49:48 2019

Your job looked like:

------------------------------------------------------------
# LSBATCH: User input
#!/bin/bash
##Kør på cpu
#BSUB -q hpc
##Navn på job
#BSUB -J batch_job_this_is_on_purpose_to_utilize_more_kernel
##Output fil
#BSUB -o output/batch/batchjobs-%J.out
##Antal kerner
#BSUB -n 1
##Om kernerne må være på forskellige computere
#BSUB -R "span[hosts=1]"
##Ram pr kerne
#BSUB -R "rusage[mem=10GB]"
##Hvor lang tid må den køre hh:mm
#BSUB -W 45:00
##Email når jobbet starter
##og stopper
module purge
module load python3
python3 KRR/batch_KRR_learn.py linear 0.001 GP newest 1000 50
------------------------------------------------------------

Successfully completed.

Resource usage summary:

    CPU time :                                   1679.11 sec.
    Max Memory :                                 1788 MB
    Average Memory :                             1697.08 MB
    Total Requested Memory :                     10240.00 MB
    Delta Memory :                               8452.00 MB
    Max Swap :                                   -
    Max Processes :                              4
    Max Threads :                                5
    Run time :                                   1680 sec.
    Turnaround time :                            1682 sec.

The output (if any) is above this job summary.

