Unloaded module: latex/TeXLive12
Loaded module: python3/3.6.2
[1000.    1.]
[1.05e+03 1.00e+00]
[1000.      1.05]
[1.05e+03 9.50e-01]
[1.075e+03 9.000e-01]
[1.025e+03 9.000e-01]
[1.0125e+03 8.5000e-01]
[1.0875e+03 7.5000e-01]
[1.13125e+03 6.25000e-01]
[1.06875e+03 5.75000e-01]
[1.1875e+03 3.5000e-01]
[1.05625e+03 7.25000e-01]
[1.11875e+03 7.75000e-01]
[1.08125e+03 6.25000e-01]
[1.15625e+03 5.25000e-01]
[1.08125e+03 6.75000e-01]
[1.03125e+03 6.75000e-01]
[9.8125e+02 7.0000e-01]
[1.03125e+03 7.25000e-01]
[1.06875e+03 6.50000e-01]
[1.04375e+03 7.00000e-01]
[1.0625e+03 6.6250e-01]
[1.0125e+03 6.6250e-01]
[9.78125e+02 6.56250e-01]
[1.04375e+03 6.50000e-01]
[1.034375e+03 6.687500e-01]
[1.040625e+03 6.562500e-01]
[1.0359375e+03 6.6562500e-01]
[9.859375e+02 6.656250e-01]
[9.4765625e+02 6.6718750e-01]
[1.009375e+03 6.687500e-01]
[1.01171875e+03 6.64062500e-01]
[9.6171875e+02 6.6406250e-01]
[9.24609375e+02 6.63281250e-01]
[8.98828125e+02 6.64843750e-01]
[8.42382812e+02 6.65234375e-01]
[7.81054688e+02 6.62890625e-01]
[6.78613281e+02 6.61523437e-01]
[596.38671875   0.66347656]
[432.27539062   0.66357422]
[268.50585938   0.65986328]
[-18.43261719   0.65717773]
[22.16796875  0.66191406]
[-306.0546875     0.66210937]
[-141.6015625     0.65820312]
[288.80615234   0.66223145]
[42.46826172  0.66428223]
[-224.16992188    0.66396484]
[160.56213379   0.66266479]
[-95.92590332   0.66353149]
[96.44012451  0.66288147]
[-31.80389404   0.66331482]
[64.37911987  0.66298981]
[0.2571106  0.66320648]
[-31.80389404   0.66331482]
[-20.04318237   0.66083832]
[26.8404007   0.66342125]
[-4.41532135  0.6616993 ]
[19.02647018  0.66299076]
[-2.88438797  0.66428318]
[15.90487957  0.66250634]
[-2.86448002  0.66272206]
[13.55373263  0.66292359]
[-2.09403634  0.66362373]
[11.40515059  0.66278569]
[-1.89147145  0.66306858]
[9.69243161 0.66295984]
[-1.45560838  0.66338063]
[8.18996085 0.66293442]
[-1.24536017  0.66318107]
[6.95798367 0.66301514]
[-0.97486658  0.6632872 ]
[5.89875399 0.66302262]
[-0.80211908  0.66321396]
[5.01795798 0.66306485]
[-0.62368541  0.66324871]
[4.26814414 0.66307914]
[-0.49270325  0.66322078]
[3.64029267 0.66310383]
[-0.37074087  0.66323117]
[3.10842289 0.66311715]
[-0.27475919  0.6632198 ]
[2.66152971 0.66313282]
[-0.18978258  0.66322216]
[2.28387152 0.6631434 ]
[-0.12054759  0.66321706]
[1.96601038 0.66315388]
[-0.06075054  0.66321696]
[1.697716   0.66316179]
[-0.01118378  0.66321439]
[-0.99978087  0.66324465]
[-1.45178919  0.66325908]
[0.91033971 0.66318611]
[-0.66441289  0.66323476]
[0.51665156 0.66319828]
[-0.27072474  0.6632226 ]
[0.31980748 0.66320436]
[-0.07388067  0.66321652]
[0.22138544 0.6632074 ]
[-0.04690893  0.66321531]
[0.18110571 0.66320869]
[-0.05146351  0.66321568]
[0.1531732  0.66320947]
[-0.03911629  0.66321517]
[0.12605021 0.66321031]
[-0.03830678  0.66321523]
[0.10530321 0.66321091]
[-0.03193079  0.66321499]
[0.08655496 0.66321148]
[-0.02993203  0.66321496]
[0.0714944  0.66321192]
[-0.02624435  0.66321483]
[0.05835514 0.66321232]
[-0.02432305  0.66321479]
[0.04754004 0.66321264]
[-0.02199888  0.66321471]
[0.03826663 0.66321292]
[-0.02045719  0.66321467]
[-0.00345788  0.66321416]
[-0.0529083   0.66321564]
[0.0154729 0.6632136]
[-0.03011456  0.66321496]
[0.00407603 0.66321394]
[-0.0187177   0.66321462]
[-0.0016224   0.66321411]
[0.0061035  0.66321388]
[-0.00686196  0.66321426]
[-0.00869744  0.66321432]
[-0.01210152  0.66321442]
[-0.00561879  0.66321423]
[-0.00378331  0.66321417]
[-0.00746891  0.66321428]
[-0.00871208  0.66321432]
[-0.00639211  0.66321425]

------------------------------------------------------------
Sender: LSF System <lsfadmin@n-62-21-90>
Subject: Job 1756069: <batch_job_this_is_on_purpose_to_utilize_more_kernel> in cluster <dcc> Done

Job <batch_job_this_is_on_purpose_to_utilize_more_kernel> was submitted from host <gbarlogin2> by user <s174007> in cluster <dcc> at Tue Jan 15 17:21:53 2019
Job was executed on host(s) <n-62-21-90>, in queue <hpc>, as user <s174007> in cluster <dcc> at Tue Jan 15 17:21:54 2019
</zhome/b0/b/127184> was used as the home directory.
</zhome/b0/b/127184/Documents/Projects/machine-learning-on-materials> was used as the working directory.
Started at Tue Jan 15 17:21:54 2019
Terminated at Tue Jan 15 18:01:57 2019
Results reported at Tue Jan 15 18:01:57 2019

Your job looked like:

------------------------------------------------------------
# LSBATCH: User input
#!/bin/bash
##Kør på cpu
#BSUB -q hpc
##Navn på job
#BSUB -J batch_job_this_is_on_purpose_to_utilize_more_kernel
##Output fil
#BSUB -o output/batch/batchjobs-%J.out
##Antal kerner
#BSUB -n 1
##Om kernerne må være på forskellige computere
#BSUB -R "span[hosts=1]"
##Ram pr kerne
#BSUB -R "rusage[mem=10GB]"
##Hvor lang tid må den køre hh:mm
#BSUB -W 45:00
##Email når jobbet starter
##og stopper
module purge
module load python3
python3 KRR/batch_KRR_learn.py linear 1 GP newest 1000 70
------------------------------------------------------------

Successfully completed.

Resource usage summary:

    CPU time :                                   2401.88 sec.
    Max Memory :                                 1882 MB
    Average Memory :                             1761.39 MB
    Total Requested Memory :                     10240.00 MB
    Delta Memory :                               8358.00 MB
    Max Swap :                                   -
    Max Processes :                              4
    Max Threads :                                5
    Run time :                                   2403 sec.
    Turnaround time :                            2404 sec.

The output (if any) is above this job summary.

