Unloaded module: latex/TeXLive12
Loaded module: python3/3.6.2
[-100.    1.]
[-105.    1.]
[-100.      1.05]
[-105.      1.05]
[-107.5      1.075]
[-102.5      1.125]
[-103.125      1.09375]
[-110.625      1.11875]
[-102.65625      1.0671875]
[-107.03125      1.0484375]
[-104.1015625     1.08242187]
[-108.9453125     1.09023437]
[-107.37304688    1.08447266]
[-110.77148438    1.07705078]
[-114.10644531    1.07436523]
[-113.97949219    1.08383789]
[-117.21923828    1.08825684]
[-120.71289062    1.07373047]
[-127.3828125     1.06835938]
[-120.5859375     1.08320313]
[-123.82568359    1.08762207]
[-127.31933594    1.0730957 ]
[-133.98925781    1.06772461]
[-127.19238281    1.08256836]
[-130.43212891    1.0869873 ]
[-133.92578125    1.07246094]
[-140.59570312    1.06708984]
[-133.79882812    1.08193359]
[-137.03857422    1.08635254]
[-140.53222656    1.07182617]
[-147.20214844    1.06645508]
[-140.40527344    1.08129883]
[-143.64501953    1.08571777]
[-147.13867188    1.07119141]
[-147.01171875    1.08066406]
[-150.25146484    1.08508301]
[-143.51806641    1.09519043]
[-146.23352051    1.07719116]
[-156.07971191    1.08097534]
[-163.91693115    1.0808136 ]
[-167.93487549    1.08870544]
[-181.6003418     1.08443604]
[-197.27478027    1.08411255]
[-193.25683594    1.0762207 ]
[-226.61468506    1.07951965]
[-257.96356201    1.07887268]
[-261.98150635    1.08676453]
[-322.67028809    1.08152466]
[-385.36804199    1.08023071]
[-381.35009766    1.07233887]
[-508.75457764    1.0736969 ]
[-634.15008545    1.07110901]
[-638.16802979    1.07900085]
[-766.57699585    1.08233185]
[-1015.35903931     1.07321014]
[-1.33035454e+03  1.06969986e+00]
[-1.14778595e+03  1.08443298e+00]
[-1.40460388e+03  1.09109497e+00]
[-1.39656799e+03  1.07531128e+00]
[-1.71156349e+03  1.07180099e+00]
[-1.52899490e+03  1.08653412e+00]
[-1.77777695e+03  1.07741241e+00]
[-2.09277245e+03  1.07390213e+00]
[-1.64535004e+03  1.06618958e+00]
[-1.55808369e+03  1.08144798e+00]
[-1.93929264e+03  1.08354912e+00]
[-2.21065496e+03  1.08766804e+00]
[-2.15898590e+03  1.07951355e+00]
[-2.45943701e+03  1.07854633e+00]
[-2.62095270e+03  1.08468304e+00]
[-3.14109707e+03  1.07968025e+00]
[-3.74199928e+03  1.07774582e+00]
[-3.58048359e+03  1.07160912e+00]
[-2.86083542e+03  1.08141456e+00]
[-4.14339770e+03  1.08061404e+00]
[-4.98537804e+03  1.08164790e+00]
[-5.86654190e+03  1.07797916e+00]
[-7.36939514e+03  1.07626146e+00]
[-7.10992066e+03  1.08188124e+00]
[-8.79388135e+03  1.08394895e+00]
[-7.99108452e+03  1.07821250e+00]
[-9.49393776e+03  1.07649480e+00]
[-9.23446328e+03  1.08211458e+00]
[-1.09184240e+04  1.08418229e+00]
[-1.01156271e+04  1.07844584e+00]
[-1.16184804e+04  1.07672814e+00]
[-1.13590059e+04  1.08234792e+00]
[-1.22401698e+04  1.07867918e+00]
[-1.37430230e+04  1.07696148e+00]
[-1.0996791e+04  1.0747771e+00]
[-1.12684522e+04  1.08045521e+00]
[-1.33929948e+04  1.08068855e+00]
[-1.50316786e+04  1.08180991e+00]
[-1.24212772e+04  1.08246459e+00]
[-1.22854466e+04  1.07962553e+00]
[-1.44099892e+04  1.07985887e+00]
[-1.59807578e+04  1.07956070e+00]
[-1.70883060e+04  1.08062372e+00]
[-1.94897356e+04  1.08112282e+00]
[-2.20774986e+04  1.07999497e+00]
[-2.64197505e+04  1.07964817e+00]
[-2.99287283e+04  1.08121029e+00]
[-3.68587432e+04  1.07973564e+00]
[-4.55432470e+04  1.07904206e+00]
[-4.20342692e+04  1.07747994e+00]
[-3.29551135e+04  1.08027770e+00]
[-5.20786101e+04  1.07967159e+00]
[-6.49080398e+04  1.07968329e+00]
[-7.74961733e+04  1.07844765e+00]
[-9.68609661e+04  1.07908889e+00]
[-1.22519826e+05  1.07911230e+00]
[-1.09931692e+05  1.08034795e+00]
[-1.26149452e+05  1.08129810e+00]
[-1.67543478e+05  1.07977695e+00]
[-2.18861197e+05  1.07982378e+00]
[-2.06273064e+05  1.08105943e+00]
[-1.85334754e+05  1.08057265e+00]
[-2.94264259e+05  1.08004848e+00]
[-3.86430543e+05  1.07989875e+00]
[-4.19956986e+05  1.07914988e+00]
[-3.61301428e+05  1.07950557e+00]
[-5.28870773e+05  1.07958054e+00]
[-6.83875561e+05  1.07945892e+00]
[-7.09004676e+05  1.07985209e+00]
[-8.82856300e+05  1.08002535e+00]
[-1.00644969e+06  1.07941227e+00]
[-5.41435331e+05  1.07977713e+00]
[-5.66564446e+05  1.08017030e+00]
[-5.95892225e+05  1.07999246e+00]
[-7.63461570e+05  1.08006742e+00]
[-8.76574022e+05  1.07992706e+00]
[-1.01691492e+06  1.07989436e+00]
[-9.62458027e+05  1.07967903e+00]
[-1.27036827e+06  1.07972130e+00]
[-8.49345575e+05  1.07981940e+00]
[-9.89686473e+05  1.07978670e+00]
[-8.62959798e+05  1.07987323e+00]
[-1.14364160e+06  1.07980783e+00]
[-9.33130248e+05  1.07985688e+00]
[-1.00330070e+06  1.07984053e+00]
[-9.39937359e+05  1.07988380e+00]
[-9.53551583e+05  1.07993763e+00]
[-1.03052914e+06  1.07994819e+00]
[-1.00788120e+06  1.07993209e+00]
[-9.85233252e+05  1.07991599e+00]
[-9.78426140e+05  1.07988908e+00]
[-1.01010781e+06  1.07986745e+00]
[-1.04859659e+06  1.07987273e+00]
[-1.03105398e+06  1.07987682e+00]
[-1.03786109e+06  1.07990373e+00]
[-1.01704613e+06  1.07987652e+00]
[-1.00290707e+06  1.07989406e+00]
[-1.02401725e+06  1.07988113e+00]
[-1.01698052e+06  1.07988544e+00]
[-1.02398445e+06  1.07988559e+00]
[-1.00991100e+06  1.07989421e+00]
[-1.00984539e+06  1.07990313e+00]
[-1.01519674e+06  1.07988986e+00]
[-1.01341296e+06  1.07989429e+00]
[-1.01694772e+06  1.07988990e+00]
[-1.02044968e+06  1.07988998e+00]
[-1.01869050e+06  1.07989105e+00]
[-1.01693132e+06  1.07989213e+00]
[-1.01516394e+06  1.07989432e+00]
[-1.01868230e+06  1.07989217e+00]
[-1.01780271e+06  1.07989271e+00]
[-1.01604353e+06  1.07989379e+00]
[-1.01736292e+06  1.07989298e+00]
[-1.01692312e+06  1.07989325e+00]
[-1.01735882e+06  1.07989353e+00]
[-1.01647923e+06  1.07989407e+00]
[-1.01713892e+06  1.07989367e+00]
[-1.01691902e+06  1.07989380e+00]
[-1.01713687e+06  1.07989395e+00]
[-1.01713277e+06  1.07989451e+00]
[-1.01697246e+06  1.07989398e+00]
[-1.01707933e+06  1.07989433e+00]
[-1.01699918e+06  1.07989407e+00]
[-1.01702589e+06  1.07989416e+00]
[-1.01694369e+06  1.07989417e+00]
[-1.01699713e+06  1.07989435e+00]
[-1.01688615e+06  1.07989455e+00]
[-1.01680395e+06  1.07989457e+00]
[-1.01694883e+06  1.07989440e+00]
[-1.01685224e+06  1.07989451e+00]
[-1.01692468e+06  1.07989443e+00]
[-1.01687639e+06  1.07989449e+00]
[-1.01691261e+06  1.07989444e+00]
[-1.01690054e+06  1.07989446e+00]
[-1.0169198e+06  1.0798944e+00]
[-1.01689565e+06  1.07989442e+00]
[-1.01691004e+06  1.07989433e+00]
[-1.01690291e+06  1.07989443e+00]
[-1.01690529e+06  1.07989439e+00]
[-1.01690773e+06  1.07989441e+00]
[-1.01691248e+06  1.07989435e+00]
[-1.01690892e+06  1.07989439e+00]
[-1.01691010e+06  1.07989438e+00]
[-1.01691132e+06  1.07989439e+00]
[-1.01691370e+06  1.07989435e+00]
[-1.01691311e+06  1.07989436e+00]
[-1.01691251e+06  1.07989437e+00]
[-1.01691312e+06  1.07989437e+00]
[-1.01691431e+06  1.07989436e+00]
[-1.01691672e+06  1.07989435e+00]
[-1.01691356e+06  1.07989436e+00]
[-1.01691417e+06  1.07989437e+00]
[-1.01691553e+06  1.07989437e+00]
[-1.01691406e+06  1.07989437e+00]
[-1.01691455e+06  1.07989437e+00]
[-1.01691424e+06  1.07989436e+00]
[-1.01691462e+06  1.07989436e+00]
[-1.01691529e+06  1.07989436e+00]
[-1.01691450e+06  1.07989436e+00]
[-1.01691477e+06  1.07989436e+00]
[-1.01691458e+06  1.07989436e+00]
[-1.01691511e+06  1.07989436e+00]
[-1.01691471e+06  1.07989436e+00]
[-1.01691484e+06  1.07989436e+00]
[-1.01691475e+06  1.07989436e+00]
[-1.01691483e+06  1.07989436e+00]
[-1.01691483e+06  1.07989436e+00]
[-1.01691484e+06  1.07989436e+00]
[-1.01691488e+06  1.07989436e+00]
[-1.01691497e+06  1.07989436e+00]
[-1.01691493e+06  1.07989436e+00]
[-1.01691487e+06  1.07989436e+00]
[-1.01691492e+06  1.07989436e+00]
[-1.01691490e+06  1.07989436e+00]
[-1.01691493e+06  1.07989436e+00]
[-1.01691489e+06  1.07989436e+00]
[-1.01691491e+06  1.07989436e+00]
[-1.01691490e+06  1.07989436e+00]
[-1.01691491e+06  1.07989436e+00]
[-1.01691491e+06  1.07989436e+00]
[-1.01691492e+06  1.07989436e+00]
[-1.01691493e+06  1.07989436e+00]
[-1.01691491e+06  1.07989436e+00]
[-1.01691492e+06  1.07989436e+00]
[-1.01691491e+06  1.07989436e+00]
[-1.01691492e+06  1.07989436e+00]
[-1.01691492e+06  1.07989436e+00]
[-1.01691492e+06  1.07989436e+00]
[-1.01691492e+06  1.07989436e+00]
[-1.01691492e+06  1.07989436e+00]
[-1.01691492e+06  1.07989436e+00]
[-1.01691492e+06  1.07989436e+00]
[-1.01691492e+06  1.07989436e+00]
[-1.01691492e+06  1.07989436e+00]
[-1.01691492e+06  1.07989436e+00]
[-1.01691492e+06  1.07989436e+00]
[-1.01691492e+06  1.07989436e+00]

------------------------------------------------------------
Sender: LSF System <lsfadmin@n-62-21-90>
Subject: Job 1756057: <batch_job_this_is_on_purpose_to_utilize_more_kernel> in cluster <dcc> Done

Job <batch_job_this_is_on_purpose_to_utilize_more_kernel> was submitted from host <gbarlogin2> by user <s174007> in cluster <dcc> at Tue Jan 15 17:21:52 2019
Job was executed on host(s) <n-62-21-90>, in queue <hpc>, as user <s174007> in cluster <dcc> at Tue Jan 15 17:21:53 2019
</zhome/b0/b/127184> was used as the home directory.
</zhome/b0/b/127184/Documents/Projects/machine-learning-on-materials> was used as the working directory.
Started at Tue Jan 15 17:21:53 2019
Terminated at Tue Jan 15 18:05:55 2019
Results reported at Tue Jan 15 18:05:55 2019

Your job looked like:

------------------------------------------------------------
# LSBATCH: User input
#!/bin/bash
##Kør på cpu
#BSUB -q hpc
##Navn på job
#BSUB -J batch_job_this_is_on_purpose_to_utilize_more_kernel
##Output fil
#BSUB -o output/batch/batchjobs-%J.out
##Antal kerner
#BSUB -n 1
##Om kernerne må være på forskellige computere
#BSUB -R "span[hosts=1]"
##Ram pr kerne
#BSUB -R "rusage[mem=10GB]"
##Hvor lang tid må den køre hh:mm
#BSUB -W 45:00
##Email når jobbet starter
##og stopper
module purge
module load python3
python3 KRR/batch_KRR_learn.py linear 1 GP newest -100 50
------------------------------------------------------------

Successfully completed.

Resource usage summary:

    CPU time :                                   2640.15 sec.
    Max Memory :                                 1789 MB
    Average Memory :                             1733.70 MB
    Total Requested Memory :                     10240.00 MB
    Delta Memory :                               8451.00 MB
    Max Swap :                                   -
    Max Processes :                              4
    Max Threads :                                5
    Run time :                                   2641 sec.
    Turnaround time :                            2643 sec.

The output (if any) is above this job summary.

