Unloaded module: latex/TeXLive12
Loaded module: python3/3.6.2
[-100.   10.]
[-105.   10.]
[-100.    10.5]
[-105.     9.5]
[-107.5    9. ]
[-102.5    9. ]
[-101.25    8.5 ]
[-108.75    7.5 ]
[-113.125    6.25 ]
[-106.875    5.75 ]
[-106.5625    4.125 ]
[-118.4375    1.875 ]
[-112.8125    4.625 ]
[-112.1875    1.375 ]
[-110.9375    2.875 ]
[-119.6875    0.375 ]
[-113.125    2.25 ]
[-117.5    1. ]
[-111.25    0.5 ]
[-116.640625    1.53125 ]
[-111.328125    1.90625 ]
[-115.95703125    1.2265625 ]
[-111.50390625    1.0703125 ]
[-115.35644531    1.41601562]
[-111.58691406    1.56445312]
[-114.86450195    1.31103516]
[-112.67944336    1.47998047]
[-114.3182373     1.35327148]
[-111.14929199    1.31225586]
[-114.30465698    1.39007568]
[-112.20108032    1.3381958 ]
[-113.77876282    1.37710571]
[-111.64802551    1.39883423]
[-113.65068436    1.36466217]
[-115.24194717    1.36676788]
[-116.76917076    1.36265182]
[-116.6410923     1.35020828]
[-114.49434519    1.37038136]
[-117.61283159    1.36837101]
[-119.59390521    1.37022543]
[-121.86873078    1.3624959 ]
[-125.55592358    1.35855317]
[-128.38065803    1.36612678]
[-134.18640167    1.36786425]
[-140.14842004    1.35619199]
[-148.77889812    1.36550307]
[-160.39038539    1.36897802]
[-154.42836702    1.38065028]
[-180.63235074    1.38176405]
[-203.85532528    1.38871396]
[-186.59436911    1.3700918 ]
[-202.67737016    1.36481255]
[-222.91933551    1.37759858]
[-254.18381058    1.38190886]
[-276.22882999    1.36495736]
[-324.02706962    1.35655402]
[-375.53351004    1.37365033]
[-461.96157997    1.37806921]
[-531.80483902    1.35271437]
[-669.73934937    1.37422957]
[-842.59548925    1.38306734]
[-599.89609033    1.39958441]
[-548.82765185    1.36443188]
[-756.60542124    1.36059223]
[-903.92734188    1.35185374]
[-877.51711877    1.37038992]
[-1041.86185223     1.37336893]
[-1128.7279241     1.3597316]
[-1.41398436e+03  1.37250830e+00]
[-1.74267382e+03  1.37846634e+00]
[-1327.11828322     1.38614564]
[-1178.32551388     1.36633511]
[-1.55044802e+03  1.36547448e+00]
[-1.80474110e+03  1.36152725e+00]
[-1.78610686e+03  1.37164767e+00]
[-2.08999753e+03  1.37430396e+00]
[-2.22646119e+03  1.36727013e+00]
[-2.63269961e+03  1.36465104e+00]
[-3.17224912e+03  1.37348052e+00]
[-3.98314968e+03  1.37748354e+00]
[-3.71495120e+03  1.36382761e+00]
[-4.52742804e+03  1.35858943e+00]
[-4.25450072e+03  1.37265709e+00]
[-5.06540127e+03  1.37666011e+00]
[-4.79720280e+03  1.36300417e+00]
[-5.33675231e+03  1.37183365e+00]
[-6.14765286e+03  1.37583667e+00]
[-4.79405023e+03  1.38148656e+00]
[-4.79641465e+03  1.36762477e+00]
[-5.87866625e+03  1.36680134e+00]
[-6.69074901e+03  1.36387346e+00]
[-6.41900390e+03  1.37101022e+00]
[-7.23029853e+03  1.37270294e+00]
[-6.96091784e+03  1.36597790e+00]
[-7.50125550e+03  1.37018678e+00]
[-8.31255012e+03  1.37187950e+00]
[-6.95934156e+03  1.37521910e+00]
[-6.96052377e+03  1.36828820e+00]
[-8.04277536e+03  1.36746476e+00]
[-8.85466109e+03  1.36569204e+00]
[-8.58350709e+03  1.36936334e+00]
[-9.39499875e+03  1.36990092e+00]
[-9.93651862e+03  1.36717890e+00]
[-1.12887420e+04  1.36961506e+00]
[-1.29117253e+04  1.37069020e+00]
[-1.23702055e+04  1.37341222e+00]
[-1.05449403e+04  1.36873723e+00]
[-1.40616669e+04  1.36952651e+00]
[-1.63950010e+04  1.36933931e+00]
[-1.87617860e+04  1.37129228e+00]
[-2.22450616e+04  1.36994139e+00]
[-2.69117298e+04  1.36956699e+00]
[-2.45449448e+04  1.36761402e+00]
[-3.50616736e+04  1.36784170e+00]
[-4.43950099e+04  1.36709289e+00]
[-3.74284586e+04  1.36979467e+00]
[-4.38702155e+04  1.37088499e+00]
[-4.55784024e+04  1.36806938e+00]
[-5.49117387e+04  1.36732057e+00]
[-4.79451874e+04  1.37002235e+00]
[-5.43869442e+04  1.37111267e+00]
[-5.60951312e+04  1.36829706e+00]
[-6.54284674e+04  1.36754825e+00]
[-5.84619161e+04  1.37025003e+00]
[-6.66118599e+04  1.36852473e+00]
[-7.59451962e+04  1.36777593e+00]
[-6.42450749e+04  1.36657176e+00]
[-5.99077058e+04  1.36933046e+00]
[-7.04244346e+04  1.36955814e+00]
[-7.75890864e+04  1.37018868e+00]
[-7.71285887e+04  1.36875241e+00]
[-8.57390302e+04  1.36846339e+00]
[-8.95516049e+04  1.36949679e+00]
[-1.01021477e+05  1.36998282e+00]
[-1.04866200e+05  1.36840204e+00]
[-1.22087083e+05  1.36782399e+00]
[-1.08678775e+05  1.36943545e+00]
[-1.20148648e+05  1.36992148e+00]
[-1.23993371e+05  1.36834070e+00]
[-1.41214254e+05  1.36776265e+00]
[-1.27805945e+05  1.36937410e+00]
[-1.39275818e+05  1.36986013e+00]
[-1.43120541e+05  1.36827935e+00]
[-1.46933116e+05  1.36931276e+00]
[-1.58402988e+05  1.36979879e+00]
[-1.31618520e+05  1.37040751e+00]
[-1.40245036e+05  1.36881139e+00]
[-1.59372206e+05  1.36875004e+00]
[-1.75155336e+05  1.36843802e+00]
[-1.66060286e+05  1.36925141e+00]
[-1.78967911e+05  1.36947142e+00]
[-1.78499376e+05  1.36868870e+00]
[-1.94282506e+05  1.36837667e+00]
[-1.85187456e+05  1.36919006e+00]
[-1.98095081e+05  1.36941007e+00]
[-2.10534171e+05  1.36884736e+00]
[-2.32771114e+05  1.36864534e+00]
[-2.52366819e+05  1.36936672e+00]
[-2.89300541e+05  1.36970572e+00]
[-2.87042852e+05  1.36860198e+00]
[-3.31516738e+05  1.36819793e+00]
[-3.06638557e+05  1.36932336e+00]
[-3.43572279e+05  1.36966236e+00]
[-3.41314591e+05  1.36855862e+00]
[-3.85788476e+05  1.36815457e+00]
[-3.60910296e+05  1.36928000e+00]
[-3.97844017e+05  1.36961901e+00]
[-3.95586329e+05  1.36851526e+00]
[-4.15182034e+05  1.36923664e+00]
[-4.52115755e+05  1.36957565e+00]
[-3.80506001e+05  1.37000137e+00]
[-3.91816247e+05  1.36888679e+00]
[-4.46087985e+05  1.36884343e+00]
[-4.88676829e+05  1.36862515e+00]
[-4.69453772e+05  1.36919328e+00]
[-4.50044391e+05  1.36911666e+00]
[-4.80950342e+05  1.36872345e+00]
[-4.76993936e+05  1.36845022e+00]
[-4.56781777e+05  1.36895005e+00]
[-4.63519163e+05  1.36878344e+00]
[-4.48066188e+05  1.36898004e+00]
[-4.30635009e+05  1.36904003e+00]
[-4.38856048e+05  1.36897589e+00]
[-4.55298125e+05  1.36884759e+00]
[-4.53319922e+05  1.36871098e+00]
[-4.44109782e+05  1.36870682e+00]
[-4.36877845e+05  1.36883927e+00]
[-4.38856048e+05  1.36897589e+00]
[-4.42796348e+05  1.36877408e+00]
[-4.41482915e+05  1.36884135e+00]
[-4.45098883e+05  1.36877512e+00]
[-4.49703953e+05  1.36877720e+00]
[-4.43538174e+05  1.36882531e+00]
[-4.45593434e+05  1.36880928e+00]
[-4.43785450e+05  1.36884239e+00]
[-4.47895969e+05  1.36881032e+00]
[-4.44813080e+05  1.36883437e+00]
[-4.45307630e+05  1.36886853e+00]
[-4.45521983e+05  1.36882409e+00]
[-4.45450532e+05  1.36883890e+00]
[-4.45203257e+05  1.36882182e+00]
[-4.45060355e+05  1.36885145e+00]
[-4.45167531e+05  1.36882923e+00]
[-4.45131806e+05  1.36883664e+00]
[-4.45008168e+05  1.36882810e+00]
[-4.44936717e+05  1.36884291e+00]
[-4.44990306e+05  1.36883180e+00]
[-4.44972443e+05  1.36883550e+00]
[-4.44910624e+05  1.36883124e+00]
[-4.44751261e+05  1.36883010e+00]
[-4.44653716e+05  1.36883324e+00]
[-4.44846397e+05  1.36883174e+00]
[-4.44908216e+05  1.36883601e+00]
[-4.44790500e+05  1.36883158e+00]
[-4.44829738e+05  1.36883305e+00]
[-4.44782170e+05  1.36883224e+00]
[-4.44765511e+05  1.36883356e+00]
[-4.44813682e+05  1.36883318e+00]
[-4.44781568e+05  1.36883343e+00]
[-4.44789597e+05  1.36883337e+00]
[-4.44805653e+05  1.36883324e+00]
[-4.44793611e+05  1.36883334e+00]
[-4.44824520e+05  1.36883547e+00]
[-4.44792758e+05  1.36883305e+00]
[-4.44812227e+05  1.36883408e+00]
[-4.44798265e+05  1.36883352e+00]
[-4.44802919e+05  1.36883371e+00]
[-4.44803345e+05  1.36883385e+00]
[-4.44812653e+05  1.36883423e+00]
[-4.44810326e+05  1.36883413e+00]
[-4.44807999e+05  1.36883404e+00]
[-4.44808212e+05  1.36883411e+00]
[-4.44813293e+05  1.36883445e+00]
[-4.44809323e+05  1.36883414e+00]
[-4.4481419e+05  1.3688344e+00]
[-4.44809707e+05  1.36883419e+00]
[-4.44813464e+05  1.36883442e+00]
[-4.44810358e+05  1.36883421e+00]
[-4.44812429e+05  1.36883435e+00]
[-4.44810876e+05  1.36883424e+00]
[-4.44811393e+05  1.36883428e+00]
[-4.44811719e+05  1.36883429e+00]
[-4.44812754e+05  1.36883436e+00]
[-4.44811978e+05  1.36883431e+00]
[-4.44813664e+05  1.36883440e+00]
[-4.44813096e+05  1.36883437e+00]
[-4.44811961e+05  1.36883431e+00]
[-4.44812812e+05  1.36883436e+00]
[-4.44812529e+05  1.36883434e+00]
[-4.44813088e+05  1.36883437e+00]
[-4.44813639e+05  1.36883440e+00]
[-4.44812806e+05  1.36883436e+00]
[-4.44813361e+05  1.36883439e+00]
[-4.44812945e+05  1.36883436e+00]
[-4.44813223e+05  1.36883438e+00]
[-4.44813014e+05  1.36883437e+00]
[-4.44813006e+05  1.36883437e+00]
[-4.44813027e+05  1.36883437e+00]
[-4.44813047e+05  1.36883437e+00]
[-4.44813084e+05  1.36883437e+00]
[-4.44813116e+05  1.36883437e+00]
[-4.44813112e+05  1.36883437e+00]
[-4.44813105e+05  1.36883437e+00]
[-4.44813098e+05  1.36883437e+00]
[-4.44813082e+05  1.36883437e+00]
[-4.44813096e+05  1.36883437e+00]
[-4.44813078e+05  1.36883437e+00]
[-4.44813061e+05  1.36883437e+00]
[-4.44813070e+05  1.36883437e+00]
[-4.44813079e+05  1.36883437e+00]
[-4.44813088e+05  1.36883437e+00]
[-4.44813089e+05  1.36883437e+00]
[-4.44813086e+05  1.36883437e+00]
[-4.44813084e+05  1.36883437e+00]
[-4.44813079e+05  1.36883437e+00]
[-4.44813084e+05  1.36883437e+00]
[-4.44813083e+05  1.36883437e+00]
[-4.44813082e+05  1.36883437e+00]
[-4.44813079e+05  1.36883437e+00]
[-4.44813077e+05  1.36883437e+00]
[-4.44813078e+05  1.36883437e+00]
[-4.44813078e+05  1.36883437e+00]
[-4.44813078e+05  1.36883437e+00]
[-4.44813080e+05  1.36883437e+00]
[-4.44813081e+05  1.36883437e+00]
[-4.44813080e+05  1.36883437e+00]
[-4.44813080e+05  1.36883437e+00]
[-4.44813079e+05  1.36883437e+00]

------------------------------------------------------------
Sender: LSF System <lsfadmin@n-62-21-13>
Subject: Job 1756015: <batch_job_this_is_on_purpose_to_utilize_more_kernel> in cluster <dcc> Done

Job <batch_job_this_is_on_purpose_to_utilize_more_kernel> was submitted from host <gbarlogin2> by user <s174007> in cluster <dcc> at Tue Jan 15 17:21:49 2019
Job was executed on host(s) <n-62-21-13>, in queue <hpc>, as user <s174007> in cluster <dcc> at Tue Jan 15 17:21:50 2019
</zhome/b0/b/127184> was used as the home directory.
</zhome/b0/b/127184/Documents/Projects/machine-learning-on-materials> was used as the working directory.
Started at Tue Jan 15 17:21:50 2019
Terminated at Tue Jan 15 17:45:47 2019
Results reported at Tue Jan 15 17:45:47 2019

Your job looked like:

------------------------------------------------------------
# LSBATCH: User input
#!/bin/bash
##Kør på cpu
#BSUB -q hpc
##Navn på job
#BSUB -J batch_job_this_is_on_purpose_to_utilize_more_kernel
##Output fil
#BSUB -o output/batch/batchjobs-%J.out
##Antal kerner
#BSUB -n 1
##Om kernerne må være på forskellige computere
#BSUB -R "span[hosts=1]"
##Ram pr kerne
#BSUB -R "rusage[mem=10GB]"
##Hvor lang tid må den køre hh:mm
#BSUB -W 45:00
##Email når jobbet starter
##og stopper
module purge
module load python3
python3 KRR/batch_KRR_learn.py linear 10 GP newest -100 30
------------------------------------------------------------

Successfully completed.

Resource usage summary:

    CPU time :                                   1435.88 sec.
    Max Memory :                                 1726 MB
    Average Memory :                             1711.56 MB
    Total Requested Memory :                     10240.00 MB
    Delta Memory :                               8514.00 MB
    Max Swap :                                   -
    Max Processes :                              4
    Max Threads :                                5
    Run time :                                   1446 sec.
    Turnaround time :                            1438 sec.

The output (if any) is above this job summary.

