Unloaded module: latex/TeXLive12
Loaded module: python3/3.6.2
[100.   1.]
[105.   1.]
[100.     1.05]
[105.     0.95]
[107.5   0.9]
[100.     0.95]
[97.5    0.925]
[105.    0.9]
[101.25    0.975]
[103.75    0.925]
[101.875    0.9625]
[103.125    0.9375]
[102.1875    0.95625]
[97.1875   0.95625]
[93.28125   0.959375]
[91.09375   0.953125]
[85.546875   0.9515625]
[78.828125   0.9609375]
[68.2421875   0.96640625]
[60.5078125   0.95859375]
[44.12109375  0.95820313]
[26.81640625  0.97304688]
[-2.54882812  0.98378906]
[2.6953125  0.96484375]
[-30.078125    0.9640625]
[-14.609375    0.9796875]
[29.43847656  0.96357422]
[5.31738281 0.95537109]
[-21.42578125   0.95664063]
[16.72241211  0.96184082]
[-8.7097168   0.95837402]
[10.36437988  0.96097412]
[-2.35168457  0.95924072]
[7.18536377 0.96054077]
[0.82733154 0.95967407]
[-2.35168457  0.95924072]
[-1.79473877  0.96914673]
[3.53935242 0.958815  ]
[-0.01670837  0.96570282]
[-1.79473877  0.96914673]
[-1.88468933  0.96053314]
[1.55031204 0.9637661 ]
[-0.73968887  0.96161079]
[0.97781181 0.96322727]
[-0.16718864  0.96214962]
[0.6915617  0.96295786]
[-0.15247822  0.96898661]
[0.5823791  0.96200221]
[-0.12589097  0.96474717]
[0.48719853 0.96340519]
[-0.11188895  0.9671058 ]
[0.40881209 0.9632781 ]
[-0.09509481  0.96557574]
[0.34162519 0.96394782]
[-0.08389527  0.96637254]
[0.28563525 0.96405171]
[-0.07269832  0.96580671]
[0.23804432 0.96441255]
[-0.06429931  0.96606365]
[0.19815161 0.9645547 ]
[-0.05660108  0.96584497]
[0.16438297 0.96477065]
[-0.05047702  0.96591877]
[0.13599445 0.96489572]
[-0.04509689  0.96582788]
[0.112013   0.96503496]
[-0.04068982  0.96584206]
[0.09182338 0.9651323 ]
[-0.03689799  0.96580016]
[0.07478525 0.96522626]
[-0.0337465   0.96579678]
[0.06043091 0.96529842]
[-0.03106272  0.96577498]
[0.04832326 0.96536344]
[0.12546255 0.96495904]
[0.01883436 0.96551688]
[0.00672671 0.96558189]
[-0.0201254   0.96572363]
[-0.0227622   0.96573533]
[0.0305519  0.96545641]
[-0.00499083  0.96564236]
[-0.01709848  0.96570738]
[0.00985115 0.9655645 ]
[-0.00811527  0.96565975]
[0.00535954 0.96558831]
[0.01707708 0.96552785]
[5.26144784e-04 9.65613731e-01]
[-8.41020099e-04  9.65620149e-01]
[-0.00567442  0.96564557]
[0.00260105 0.96560263]
[-0.00291593  0.96563125]
[0.00122181 0.96560978]
[0.00258897 0.96560336]
[1.64779060e-05 9.65615953e-01]

------------------------------------------------------------
Sender: LSF System <lsfadmin@n-62-21-23>
Subject: Job 1756080: <batch_job_this_is_on_purpose_to_utilize_more_kernel> in cluster <dcc> Done

Job <batch_job_this_is_on_purpose_to_utilize_more_kernel> was submitted from host <gbarlogin2> by user <s174007> in cluster <dcc> at Tue Jan 15 17:21:54 2019
Job was executed on host(s) <n-62-21-23>, in queue <hpc>, as user <s174007> in cluster <dcc> at Tue Jan 15 17:26:25 2019
</zhome/b0/b/127184> was used as the home directory.
</zhome/b0/b/127184/Documents/Projects/machine-learning-on-materials> was used as the working directory.
Started at Tue Jan 15 17:26:25 2019
Terminated at Tue Jan 15 18:02:20 2019
Results reported at Tue Jan 15 18:02:20 2019

Your job looked like:

------------------------------------------------------------
# LSBATCH: User input
#!/bin/bash
##Kør på cpu
#BSUB -q hpc
##Navn på job
#BSUB -J batch_job_this_is_on_purpose_to_utilize_more_kernel
##Output fil
#BSUB -o output/batch/batchjobs-%J.out
##Antal kerner
#BSUB -n 1
##Om kernerne må være på forskellige computere
#BSUB -R "span[hosts=1]"
##Ram pr kerne
#BSUB -R "rusage[mem=10GB]"
##Hvor lang tid må den køre hh:mm
#BSUB -W 45:00
##Email når jobbet starter
##og stopper
module purge
module load python3
python3 KRR/batch_KRR_learn.py linear 1 GP newest 100 80
------------------------------------------------------------

Successfully completed.

Resource usage summary:

    CPU time :                                   2152.89 sec.
    Max Memory :                                 1941 MB
    Average Memory :                             1757.95 MB
    Total Requested Memory :                     10240.00 MB
    Delta Memory :                               8299.00 MB
    Max Swap :                                   -
    Max Processes :                              4
    Max Threads :                                5
    Run time :                                   2154 sec.
    Turnaround time :                            2426 sec.

The output (if any) is above this job summary.

