Unloaded module: latex/TeXLive12
Loaded module: python3/3.6.2
[1000.   10.]
[1050.   10.]
[1000.    10.5]
[1050.     9.5]
[1075.    9.]
[1025.    9.]
[1012.5    8.5]
[1087.5    7.5]
[1131.25    6.25]
[1068.75    5.75]
[1065.625    4.125]
[1184.375    1.875]
[1128.125    4.625]
[1121.875    1.375]
[1123.4375    2.1875]
[1109.765625    3.078125]
[1048.828125    3.390625]
[1082.71484375    3.01171875]
[1069.04296875    3.90234375]
[1109.83886719    2.61621094]
[1082.78808594    2.54980469]
[1109.91210938    2.15429688]
[1089.51416016    2.79736328]
[1116.56494141    2.86376953]
[1091.2322998    2.6282959]
[1111.55700684    2.44714355]
[1095.02487183    2.70980835]
[1076.41830444    2.72189331]
[1080.21087646    2.80340576]
[1088.47694397    2.67207336]
[1107.08351135    2.6599884 ]
[1100.5355835     2.62225342]
[1096.40254974    2.68791962]
[1077.79598236    2.70000458]
[1099.7616291     2.66999245]
[1091.83602333    2.65414619]
[1095.26091814    2.67947626]
[1083.97623301    2.68155718]
[1090.76020718    2.68896008]
[1089.04775977    2.67629504]
[1100.33244491    2.67421412]
[1088.06528598    2.67972142]
[1081.85212761    2.6765402 ]
[1075.14773235    2.67507216]
[1076.13020614    2.67164579]
[1085.08151602    2.67770251]
[1071.1814886     2.67647963]
[1062.24835301    2.67657192]
[1052.31456934    2.67394158]
[1035.93109599    2.67206111]
[1023.03171665    2.67356087]
[996.97370881   2.67280523]
[970.65645179   2.66829442]
[931.69906461   2.66903854]
[879.58304891   2.66752725]
[905.90030593   2.67203806]
[873.522233     2.67390988]
[756.1315731    2.66863189]
[635.71050525   2.66654523]
[629.64968933   2.67292786]
[504.68300954   2.67562816]
[266.8712818    2.66826351]
[-36.4541938    2.66544033]
[135.84378609   2.67734644]
[-114.08957349    2.68274705]
[-101.96794166    2.66998179]
[353.02027174   2.67421657]
[49.69479614  2.67139338]
[-101.96794166    2.66998179]
[-81.33269956   2.68047632]
[179.82028646   2.67131671]
[5.71829578 2.67742312]
[-81.33269956   2.68047632]
[-80.43069417   2.67147006]
[81.77516603  2.67587735]
[-26.3620741    2.67293915]
[54.74085599  2.6751428 ]
[0.67223593 2.6736737 ]
[-26.3620741    2.67293915]
[-43.30426444   2.67970343]
[26.445031   2.6734709]
[-20.05449929   2.67762592]
[14.82014843  2.67450965]
[-8.42961672  2.67658716]
[9.00770714 2.67502903]
[-2.61717543  2.67606779]
[6.1014865  2.67528872]
[0.28904521 2.6758081 ]
[-2.61717543  2.67606779]
[-4.75701464  2.67205868]
[3.09946817 2.67608201]
[-2.13818703  2.67339979]
[1.79005437 2.67541145]
[-0.82877323  2.67407035]
[1.13534747 2.67507618]
[-0.17406633  2.67440562]
[0.80799402 2.67490854]
[0.15328712 2.67457326]
[-0.2299036   2.67670766]
[0.44670105 2.67443219]
[-0.00436872  2.67594917]
[0.33393361 2.67481144]
[0.4696917  2.67604627]
[0.23238826 2.67494151]
[0.18749987 2.67593818]
[0.13084292 2.67507159]
[0.24949464 2.67562397]
[0.29438303 2.67462731]
[0.21422066 2.67561046]
[0.19711428 2.674928  ]
[0.23639955 2.67544998]
[0.25456715 2.67478103]
[0.22430728 2.6754031 ]
[0.220296   2.67489464]
[0.22432188 2.67503347]
[0.23240287 2.67457188]
[0.23645066 2.67415627]
[0.22433649 2.67466384]
[0.2203106  2.67452501]
[0.23241747 2.67420225]
[0.22435109 2.67429421]
[0.2203252  2.67415538]
[0.21627011 2.6747558 ]
[0.22838063 2.67434064]
[0.22839523 2.67397101]
[0.2304246 2.6736246]
[0.23445414 2.67367102]
[0.22687685 2.67413842]
[0.22892082 2.67342237]
[0.22919092 2.67296323]
[0.23273867 2.67244941]
[0.231505   2.67178805]
[0.23204519 2.67086978]
[0.22849744 2.6713836 ]
[0.22637683 2.6708507 ]
[0.2292311  2.66875724]
[0.22925119 2.66665425]
[0.22358282 2.66663516]
[0.21935164 2.66451785]
[0.22222599 2.6603214 ]
[0.22015058 2.65505676]
[0.21025103 2.65292036]
[0.21104996 2.64345927]
[0.20689913 2.63292997]
[0.21679868 2.63506637]
[0.2200725  2.62613937]
[0.20682106 2.60401259]
[0.2001563  2.57849051]
[0.21332968 2.5716999 ]
[0.21654495 2.54108487]
[0.19662874 2.493436  ]
[0.18490686 2.42708432]
[0.20129551 2.38967868]
[0.20186512 2.29527277]
[0.17022703 2.18127222]
[0.14706808 2.00136589]
[0.18718529 2.04946067]
[0.1555472  1.93546012]
[0.13858895 2.06727167]
[0.15326878 2.31308377]
[0.1549776  2.02986603]
[0.18661568 2.14386658]
[0.174609   2.12471785]
[0.15935956 1.97331167]
[0.16751017 2.12928208]
[0.18714157 2.2241339 ]
[0.16301859 2.078433  ]
[0.15591976 2.08299723]
[0.16059207 2.09342738]
[0.15610049 2.0425783 ]
[0.16465775 2.10760614]
[0.16223123 2.12260052]
[0.16282175 2.08947488]
[0.15875607 2.07529613]
[0.16318233 2.09952863]
[0.16095265 2.10348114]
[0.16235447 2.09297644]
[0.16494473 2.09907769]
[0.16168023 2.09483996]
[0.16250809 2.10139215]
[0.161006   2.09670348]
[0.16263824 2.09882234]
[0.16181039 2.09227016]
[0.16233366 2.09911165]
[0.16329167 2.10309404]
[0.16208309 2.09690348]
[0.16238768 2.09661417]
[0.16241468 2.09536543]
[0.16183252 2.09469531]
[0.16243681 2.09779059]
[0.1627414  2.09750128]
[0.16224767 2.09705293]

------------------------------------------------------------
Sender: LSF System <lsfadmin@n-62-21-13>
Subject: Job 1756024: <batch_job_this_is_on_purpose_to_utilize_more_kernel> in cluster <dcc> Done

Job <batch_job_this_is_on_purpose_to_utilize_more_kernel> was submitted from host <gbarlogin2> by user <s174007> in cluster <dcc> at Tue Jan 15 17:21:50 2019
Job was executed on host(s) <n-62-21-13>, in queue <hpc>, as user <s174007> in cluster <dcc> at Tue Jan 15 17:21:51 2019
</zhome/b0/b/127184> was used as the home directory.
</zhome/b0/b/127184/Documents/Projects/machine-learning-on-materials> was used as the working directory.
Started at Tue Jan 15 17:21:51 2019
Terminated at Tue Jan 15 17:31:08 2019
Results reported at Tue Jan 15 17:31:08 2019

Your job looked like:

------------------------------------------------------------
# LSBATCH: User input
#!/bin/bash
##Kør på cpu
#BSUB -q hpc
##Navn på job
#BSUB -J batch_job_this_is_on_purpose_to_utilize_more_kernel
##Output fil
#BSUB -o output/batch/batchjobs-%J.out
##Antal kerner
#BSUB -n 1
##Om kernerne må være på forskellige computere
#BSUB -R "span[hosts=1]"
##Ram pr kerne
#BSUB -R "rusage[mem=10GB]"
##Hvor lang tid må den køre hh:mm
#BSUB -W 45:00
##Email når jobbet starter
##og stopper
module purge
module load python3
python3 KRR/batch_KRR_learn.py linear 10 GP newest 1000 20
------------------------------------------------------------

Successfully completed.

Resource usage summary:

    CPU time :                                   556.25 sec.
    Max Memory :                                 1794 MB
    Average Memory :                             1709.94 MB
    Total Requested Memory :                     10240.00 MB
    Delta Memory :                               8446.00 MB
    Max Swap :                                   -
    Max Processes :                              4
    Max Threads :                                5
    Run time :                                   567 sec.
    Turnaround time :                            558 sec.

The output (if any) is above this job summary.

