Unloaded module: latex/TeXLive12
Loaded module: python3/3.6.2
[ 2. 10.]
[ 2.1 10. ]
[ 2.  10.5]
[2.1 9.5]
[2.15 9.  ]
[2.25 9.  ]
[2.375 8.5  ]
[2.425 7.5  ]
[2.5875 6.25  ]
[2.8125 5.75  ]
[3.14375 4.125  ]
[3.35625 1.875  ]
[2.91875 4.625  ]
[3.58125 1.375  ]
[3.30625 2.875  ]
[3.08125 3.375  ]
[3.20625 2.875  ]
[3.45625 1.875  ]
[3.58125 1.375  ]
[3.50625 0.875  ]
[3.35625 2.375  ]
[3.45625 2.375  ]
[3.50625 2.625  ]
[3.35625 2.875  ]
[3.38125 2.625  ]
[3.43125 2.125  ]
[3.41875 2.25   ]
[3.39375 2.5    ]
[3.4125 2.3125]
[3.5125 2.3125]
[3.590625 2.28125 ]
[3.55625 2.375  ]
[3.628125 2.40625 ]
[3.6125 2.3125]
[3.690625 2.28125 ]
[3.65625 2.375  ]
[3.728125 2.40625 ]
[3.7125 2.3125]
[3.790625 2.28125 ]
[3.75625 2.375  ]
[3.828125 2.40625 ]
[3.8125 2.3125]
[3.890625 2.28125 ]
[3.85625 2.375  ]
[3.928125 2.40625 ]
[3.9125 2.3125]
[3.990625 2.28125 ]
[3.95625 2.375  ]
[4.028125 2.40625 ]
[4.0125 2.3125]
[4.090625 2.28125 ]
[4.05625 2.375  ]
[4.128125 2.40625 ]
[4.1125 2.3125]
[4.190625 2.28125 ]
[4.15625 2.375  ]
[4.228125 2.40625 ]
[4.2125 2.3125]
[4.290625 2.28125 ]
[4.25625 2.375  ]
[4.328125 2.40625 ]
[4.3125 2.3125]
[4.390625 2.28125 ]
[4.35625 2.375  ]
[4.428125 2.40625 ]
[4.4125 2.3125]
[4.45625 2.375  ]
[4.528125 2.40625 ]
[4.4    2.4375]
[4.409375 2.34375 ]
[4.509375 2.34375 ]
[4.5859375 2.328125 ]
[4.6328125 2.359375 ]
[4.74453125 2.3671875 ]
[4.87421875 2.3203125 ]
[5.08320313 2.29296875]
[5.24179688 2.33203125]
[5.56972656 2.33398438]
[5.90839844 2.25976562]
[6.39492188 2.30078125]
[7.05078125 2.3046875 ]
[6.71210938 2.37890625]
[7.11396484 2.43847656]
[8.19316406 2.34960938]
[9.50488281 2.35742188]
[9.16621094 2.43164062]
[11.95898438  2.41015625]
[14.58242188  2.42578125]
[14.92109375  2.3515625 ]
[17.79853516  2.31152344]
[19.99863281  2.41992188]
[25.24550781  2.45117188]
[25.58417969  2.37695312]
[31.08505859  2.35253906]
[41.40947266  2.45214844]
[47.24902344  2.35351562]
[58.25078125  2.3046875 ]
[36.92460938  2.25390625]
[40.28825684  2.40258789]
[56.45222168  2.40356445]
[69.13580322  2.42907715]
[49.49145508  2.45263672]
[47.80963135  2.3782959 ]
[63.97359619  2.37927246]
[75.81626587  2.36761475]
[84.4588562  2.3928833]
[102.78346863   2.400177  ]
[122.14751282   2.36422729]
[149.11471558   2.39678955]
[185.76394043   2.41137695]
[166.39989624   2.44732666]
[133.21060867   2.38500214]
[216.19108047   2.39620209]
[272.8948864    2.39421463]
[325.44821815   2.42058945]
[412.57916412   2.40342712]
[525.98677597   2.39945221]
[473.43344421   2.37307739]
[726.52533379   2.37831497]
[779.07866554   2.40468979]
[931.90127621   2.42049599]
[578.54010773   2.42582703]
[689.52902727   2.39019299]
[942.62091684   2.39543056]
[1150.93798728    2.39341974]
[1061.38834901    2.37892294]
[990.81092814   2.38536465]
[1452.21988815    2.38859141]
[1833.56531859    2.38779062]
[1993.69237773    2.39584571]
[2.49513310e+03 2.40108624e+00]
[2.67631971e+03 2.39021659e+00]
[3.43901057e+03 2.38861501e+00]
[3.59913763e+03 2.39667010e+00]
[4.48192378e+03 2.40110984e+00]
[5.04445582e+03 2.38943940e+00]
[6.56983754e+03 2.38623625e+00]
[5.20458288e+03 2.39749449e+00]
[6.64990107e+03 2.39026380e+00]
[8.17528279e+03 2.38706064e+00]
[6.48977401e+03 2.38220870e+00]
[5.52588066e+03 2.39367305e+00]
[7.13132591e+03 2.39449744e+00]
[8.17476096e+03 2.39702646e+00]
[8.25534632e+03 2.39108819e+00]
[9.62007915e+03 2.38979576e+00]
[8.73677117e+03 2.39532183e+00]
[9.86079158e+03 2.39191258e+00]
[1.12255244e+04 2.39062015e+00]
[9.37936673e+03 2.38767894e+00]
[8.89742006e+03 2.39341111e+00]
[1.05028653e+04 2.39423550e+00]
[1.16266248e+04 2.39580915e+00]
[1.14662368e+04 2.39273697e+00]
[1.27506452e+04 2.39239990e+00]
[1.33927189e+04 2.39472282e+00]
[1.56404988e+04 2.39288723e+00]
[1.82093156e+04 2.39221309e+00]
[1.75672419e+04 2.38989017e+00]
[1.44363497e+04 2.39351466e+00]
[1.98950201e+04 2.39332785e+00]
[2.34672075e+04 2.39379182e+00]
[2.72401735e+04 2.39249025e+00]
[3.36420853e+04 2.39197805e+00]
[3.88999772e+04 2.39355678e+00]
[4.92453081e+04 2.39422862e+00]
[5.94201859e+04 2.39241485e+00]
[7.73966751e+04 2.39172636e+00]
[7.50234086e+04 2.39466542e+00]
[8.51982864e+04 2.39285164e+00]
[1.03174776e+05 2.39216316e+00]
[6.95950637e+04 2.39060107e+00]
[7.36663224e+04 2.39364933e+00]
[9.94444229e+04 2.39408613e+00]
[1.10976387e+05 2.39328844e+00]
[1.29631419e+05 2.39310800e+00]
[1.15385283e+05 2.39187351e+00]
[1.11400068e+05 2.39242667e+00]
[1.55833201e+05 2.39268302e+00]
[1.91150658e+05 2.39259871e+00]
[2.09382009e+05 2.39328004e+00]
[2.58372980e+05 2.39370673e+00]
[2.70901248e+05 2.39277075e+00]
[3.41536162e+05 2.39260213e+00]
[3.59767513e+05 2.39328346e+00]
[4.44075941e+05 2.39362583e+00]
[4.91921666e+05 2.39260555e+00]
[6.33191495e+05 2.39226830e+00]
[5.10153018e+05 2.39328688e+00]
[5.94461445e+05 2.39362925e+00]
[6.42307170e+05 2.39260897e+00]
[7.83576999e+05 2.39227172e+00]
[6.60538522e+05 2.39329030e+00]
[7.92692674e+05 2.39261238e+00]
[9.33962503e+05 2.39227514e+00]
[7.74461323e+05 2.39193105e+00]
[6.89019222e+05 2.39295049e+00]
[8.39404726e+05 2.39295391e+00]
[9.37953504e+05 2.39312637e+00]
[7.35731274e+05 2.39329201e+00]
[7.49971624e+05 2.39312210e+00]
[9.00357128e+05 2.39312552e+00]
[9.89790230e+05 2.39295732e+00]
[9.28837829e+05 2.39278571e+00]
[9.07477303e+05 2.39304057e+00]
[9.14597478e+05 2.39295561e+00]
[8.69880927e+05 2.39303971e+00]
[7.94688175e+05 2.39303800e+00]
[8.84620153e+05 2.39297621e+00]
[8.54642827e+05 2.39299681e+00]
[8.77001102e+05 2.39295476e+00]
[8.61763002e+05 2.39291186e+00]
[8.24166626e+05 2.39291100e+00]
[7.97749388e+05 2.39288912e+00]
[8.01808350e+05 2.39295305e+00]
[8.16797013e+05 2.39294275e+00]
[8.31785676e+05 2.39293245e+00]
[8.42964814e+05 2.39291143e+00]
[8.12987488e+05 2.39293203e+00]
[8.20481819e+05 2.39292688e+00]
[8.27976151e+05 2.39292173e+00]
[8.33565720e+05 2.39291122e+00]
[8.18577057e+05 2.39292151e+00]
[8.29818554e+05 2.39291379e+00]
[8.26009029e+05 2.39290306e+00]
[8.20357101e+05 2.39290028e+00]
[8.27453191e+05 2.39291041e+00]
[8.25610788e+05 2.39291835e+00]
[8.25909469e+05 2.39290689e+00]
[8.22622904e+05 2.39290748e+00]
[8.23830475e+05 2.39290821e+00]
[8.22087633e+05 2.39291233e+00]
[8.24954010e+05 2.39290825e+00]
[8.23043092e+05 2.39291097e+00]
[8.24476280e+05 2.39290893e+00]
[8.23998551e+05 2.39290961e+00]
[8.24560318e+05 2.39290962e+00]
[8.23604859e+05 2.39291098e+00]
[8.23843723e+05 2.39291064e+00]
[8.24011799e+05 2.39291204e+00]
[8.24001863e+05 2.39291021e+00]
[8.24005175e+05 2.39291082e+00]
[8.23921137e+05 2.39291012e+00]
[8.23927761e+05 2.39291134e+00]
[8.23922793e+05 2.39291043e+00]
[8.23926105e+05 2.39291104e+00]
[8.23923621e+05 2.39291058e+00]
[8.2376217e+05 2.3929104e+00]
[8.23944423e+05 2.39291072e+00]
[8.23883672e+05 2.39291061e+00]
[8.23964398e+05 2.39291070e+00]
[8.23842895e+05 2.39291049e+00]
[8.23934022e+05 2.39291065e+00]
[8.23873271e+05 2.39291054e+00]
[8.23918834e+05 2.39291062e+00]
[8.23903647e+05 2.39291060e+00]
[8.23908847e+05 2.39291063e+00]
[8.23888873e+05 2.39291065e+00]
[8.23892566e+05 2.39291063e+00]
[8.23896260e+05 2.39291062e+00]
[8.23893659e+05 2.39291060e+00]
[8.23881072e+05 2.39291060e+00]
[8.23892463e+05 2.39291061e+00]
[8.23884869e+05 2.39291060e+00]
[8.23886767e+05 2.39291060e+00]
[8.23890564e+05 2.39291061e+00]
[8.23889615e+05 2.39291061e+00]
[8.23888666e+05 2.39291061e+00]
[8.23885220e+05 2.39291061e+00]
[8.23887118e+05 2.39291061e+00]
[8.23886644e+05 2.39291061e+00]
[8.23886169e+05 2.39291061e+00]
[8.23884446e+05 2.39291061e+00]
[8.23885395e+05 2.39291061e+00]
[8.23885158e+05 2.39291061e+00]
[8.23882661e+05 2.39291061e+00]
[8.23885292e+05 2.39291061e+00]
[8.23883806e+05 2.39291061e+00]
[8.23884820e+05 2.39291061e+00]
[8.23884482e+05 2.39291061e+00]
[8.23884415e+05 2.39291061e+00]
[8.23883605e+05 2.39291061e+00]
[8.23884263e+05 2.39291061e+00]
[8.23883520e+05 2.39291061e+00]
[8.23882929e+05 2.39291061e+00]
[8.23883082e+05 2.39291061e+00]
[8.23883824e+05 2.39291061e+00]
[8.23883153e+05 2.39291061e+00]
[8.23883377e+05 2.39291061e+00]
[8.23883301e+05 2.39291061e+00]
[8.23883748e+05 2.39291061e+00]
[8.23883636e+05 2.39291061e+00]
[8.23883932e+05 2.39291061e+00]
[8.23883516e+05 2.39291061e+00]
[8.23883793e+05 2.39291061e+00]
[8.23883585e+05 2.39291061e+00]
[8.23883621e+05 2.39291061e+00]
[8.23883633e+05 2.39291061e+00]
[8.23883629e+05 2.39291061e+00]
[8.23883654e+05 2.39291061e+00]
[8.23883698e+05 2.39291061e+00]
[8.23883646e+05 2.39291061e+00]
[8.23883681e+05 2.39291061e+00]
[8.23883655e+05 2.39291061e+00]
[8.23883663e+05 2.39291061e+00]
[8.23883659e+05 2.39291061e+00]
[8.23883668e+05 2.39291061e+00]
[8.23883681e+05 2.39291061e+00]
[8.23883665e+05 2.39291061e+00]
[8.23883670e+05 2.39291061e+00]
[8.23883666e+05 2.39291061e+00]
[8.23883677e+05 2.39291061e+00]
[8.23883668e+05 2.39291061e+00]
[8.23883671e+05 2.39291061e+00]
[8.23883669e+05 2.39291061e+00]
[8.23883670e+05 2.39291061e+00]
[8.23883670e+05 2.39291061e+00]
[8.23883671e+05 2.39291061e+00]
[8.23883672e+05 2.39291061e+00]
[8.23883671e+05 2.39291061e+00]
[8.23883671e+05 2.39291061e+00]
[8.23883672e+05 2.39291061e+00]
[8.23883673e+05 2.39291061e+00]

------------------------------------------------------------
Sender: LSF System <lsfadmin@n-62-21-11>
Subject: Job 1756042: <batch_job_this_is_on_purpose_to_utilize_more_kernel> in cluster <dcc> Done

Job <batch_job_this_is_on_purpose_to_utilize_more_kernel> was submitted from host <gbarlogin2> by user <s174007> in cluster <dcc> at Tue Jan 15 17:21:51 2019
Job was executed on host(s) <n-62-21-11>, in queue <hpc>, as user <s174007> in cluster <dcc> at Tue Jan 15 17:21:52 2019
</zhome/b0/b/127184> was used as the home directory.
</zhome/b0/b/127184/Documents/Projects/machine-learning-on-materials> was used as the working directory.
Started at Tue Jan 15 17:21:52 2019
Terminated at Tue Jan 15 17:28:41 2019
Results reported at Tue Jan 15 17:28:41 2019

Your job looked like:

------------------------------------------------------------
# LSBATCH: User input
#!/bin/bash
##Kør på cpu
#BSUB -q hpc
##Navn på job
#BSUB -J batch_job_this_is_on_purpose_to_utilize_more_kernel
##Output fil
#BSUB -o output/batch/batchjobs-%J.out
##Antal kerner
#BSUB -n 1
##Om kernerne må være på forskellige computere
#BSUB -R "span[hosts=1]"
##Ram pr kerne
#BSUB -R "rusage[mem=10GB]"
##Hvor lang tid må den køre hh:mm
#BSUB -W 45:00
##Email når jobbet starter
##og stopper
module purge
module load python3
python3 KRR/batch_KRR_learn.py linear 10 GP newest 2 10
------------------------------------------------------------

Successfully completed.

Resource usage summary:

    CPU time :                                   406.50 sec.
    Max Memory :                                 1693 MB
    Average Memory :                             1580.40 MB
    Total Requested Memory :                     10240.00 MB
    Delta Memory :                               8547.00 MB
    Max Swap :                                   -
    Max Processes :                              8
    Max Threads :                                9
    Run time :                                   410 sec.
    Turnaround time :                            410 sec.

The output (if any) is above this job summary.

