Unloaded module: latex/TeXLive12
Loaded module: python3/3.6.2
[1000.   10.]
[1050.   10.]
[1000.    10.5]
[1050.     9.5]
[1075.    9.]
[1125.    9.]
[1187.5    8.5]
[1212.5    7.5]
[1293.75    6.25]
[1406.25    5.75]
[1571.875    4.125]
[1678.125    1.875]
[1459.375    4.625]
[1.790625e+03 1.375000e+00]
[1653.125    2.875]
[1.815625e+03 3.750000e-01]
[1693.75    2.25]
[1.775e+03 1.000e+00]
[1.8875e+03 5.0000e-01]
[1.73046875e+03 1.53125000e+00]
[1746.09375    1.90625]
[1.76777344e+03 1.22656250e+00]
[1.82792969e+03 1.07031250e+00]
[1.75483398e+03 1.41601562e+00]
[1.77768555e+03 1.56445312e+00]
[1.77025146e+03 1.31103516e+00]
[1.77520752e+03 1.47998047e+00]
[1.77149048e+03 1.35327148e+00]
[1.80728149e+03 1.31225586e+00]
[1.76794586e+03 1.39007568e+00]
[1.79416962e+03 1.33819580e+00]
[1.77450180e+03 1.37710571e+00]
[1.79363632e+03 1.39883423e+00]
[1.77702694e+03 1.36466217e+00]
[1.79315014e+03 1.36255646e+00]
[1.78848805e+03 1.36619377e+00]
[1.77488999e+03 1.35585594e+00]
[1.78669125e+03 1.37021399e+00]
[1.79815236e+03 1.37174559e+00]
[1.79287101e+03 1.36997473e+00]
[1.79107420e+03 1.37399495e+00]
[1.78913459e+03 1.36814407e+00]
[1.78295483e+03 1.36838332e+00]
[1.77799674e+03 1.36758761e+00]
[1.78539817e+03 1.36631340e+00]
[1.78636798e+03 1.36923884e+00]
[1.78018822e+03 1.36947809e+00]
[1.77571504e+03 1.37014510e+00]
[1.77677507e+03 1.36862257e+00]
[1.77197862e+03 1.36831444e+00]
[1.76921201e+03 1.36940921e+00]
[1.76234060e+03 1.36992216e+00]
[1.7541310e+03 1.3687585e+00]
[1.74110238e+03 1.36839871e+00]
[1.73146436e+03 1.37000643e+00]
[1.71120723e+03 1.37085242e+00]
[1.71022615e+03 1.36848298e+00]
[1.68416892e+03 1.36776339e+00]
[1.67453090e+03 1.36937111e+00]
[1.64124516e+03 1.36985731e+00]
[1.59394972e+03 1.36761428e+00]
[1.5251924e+03 1.3664182e+00]
[1.48226863e+03 1.36851212e+00]
[1.38131849e+03 1.36888649e+00]
[1265.26572549    1.36544738]
[1077.27600991    1.36324241]
[933.40209975   1.36571069]
[637.50695156   1.36535694]
[333.46447548   1.35971286]
[-190.46252977    1.35512605]
[-106.30458287    1.36182739]
[781.38086172   1.36288865]
[189.59056533   1.36218115]
[-106.30458287    1.36182739]
[-114.45191075    1.35653707]
[449.51723598   1.36315197]
[73.53780483  1.35874203]
[-114.45191075    1.35653707]
[-70.33610533   1.36121032]
[232.51433028   1.36008723]
[30.61403987  1.36083596]
[-70.33610533   1.36121032]
[-85.43872062   1.35739684]
[120.83324384   1.36098507]
[-16.68139914   1.35859292]
[86.45458309  1.36038703]
[17.69726161  1.35919096]
[-16.68139914   1.35859292]
[-25.22650335   1.36128488]
[48.84672778  1.35937775]
[-0.5354263   1.36064917]
[36.50118926  1.3596956 ]
[11.81011222  1.36033131]
[-0.5354263   1.36064917]
[-1.10666605  1.35868631]
[22.68386339  1.36029855]
[6.82351043 1.35922372]
[-1.10666605  1.35868631]
[0.93636104 1.36036408]
[-7.44408924  1.36095064]
[-4.05024074  1.35925649]
[7.84502398 1.36006261]
[-0.0851525  1.3595252]
[5.86247986 1.35992825]
[-0.02466953  1.36106861]
[5.11146544 1.35968495]
[0.18534663 1.36012077]
[-2.65321999  1.36021703]
[-3.98975777  1.3607999 ]
[2.83615964 1.35996369]
[-1.71445197  1.36052116]
[1.69850674 1.36010306]
[-0.57679907  1.36038179]
[1.12968029 1.36017274]
[-0.00797262  1.36031211]
[0.84526706 1.36020758]
[0.09425264 1.35996427]
[-0.32680156  1.35976437]
[-0.56566779  1.35987746]
[0.49253335 1.36012505]
[-0.21293408  1.35995999]
[0.31616649 1.36008379]
[-0.03656722  1.36000126]
[0.22798306 1.36006315]
[0.05161621 1.36002189]
[-0.03656722  1.36000126]
[-0.03947778  1.35986539]
[0.12914053 1.36005693]
[0.01672833 1.35992924]
[0.10103748 1.360025  ]
[0.04483138 1.35996116]
[0.00219494 1.36001878]
[0.07123822 1.3599779 ]
[0.02520937 1.36000515]
[0.059731   1.35998471]
[0.06651584 1.36004544]
[0.05025249 1.35998223]
[0.04213769 1.36001941]
[0.05533268 1.35999339]
[0.05669639 1.36003305]
[0.06041286 1.36000454]
[0.05381537 1.36001755]
[0.05245165 1.35997789]
[0.05351284 1.35999168]
[0.05563521 1.36001926]
[0.05404343 1.35999858]
[0.05556074 1.35997441]
[0.0551244  1.35998519]
[0.05383515 1.35999038]
[0.0549583  1.35999264]

------------------------------------------------------------
Sender: LSF System <lsfadmin@n-62-21-13>
Subject: Job 1756025: <batch_job_this_is_on_purpose_to_utilize_more_kernel> in cluster <dcc> Done

Job <batch_job_this_is_on_purpose_to_utilize_more_kernel> was submitted from host <gbarlogin2> by user <s174007> in cluster <dcc> at Tue Jan 15 17:21:50 2019
Job was executed on host(s) <n-62-21-13>, in queue <hpc>, as user <s174007> in cluster <dcc> at Tue Jan 15 17:21:51 2019
</zhome/b0/b/127184> was used as the home directory.
</zhome/b0/b/127184/Documents/Projects/machine-learning-on-materials> was used as the working directory.
Started at Tue Jan 15 17:21:51 2019
Terminated at Tue Jan 15 17:34:16 2019
Results reported at Tue Jan 15 17:34:16 2019

Your job looked like:

------------------------------------------------------------
# LSBATCH: User input
#!/bin/bash
##Kør på cpu
#BSUB -q hpc
##Navn på job
#BSUB -J batch_job_this_is_on_purpose_to_utilize_more_kernel
##Output fil
#BSUB -o output/batch/batchjobs-%J.out
##Antal kerner
#BSUB -n 1
##Om kernerne må være på forskellige computere
#BSUB -R "span[hosts=1]"
##Ram pr kerne
#BSUB -R "rusage[mem=10GB]"
##Hvor lang tid må den køre hh:mm
#BSUB -W 45:00
##Email når jobbet starter
##og stopper
module purge
module load python3
python3 KRR/batch_KRR_learn.py linear 10 GP newest 1000 30
------------------------------------------------------------

Successfully completed.

Resource usage summary:

    CPU time :                                   744.72 sec.
    Max Memory :                                 1756 MB
    Average Memory :                             1709.00 MB
    Total Requested Memory :                     10240.00 MB
    Delta Memory :                               8484.00 MB
    Max Swap :                                   -
    Max Processes :                              4
    Max Threads :                                5
    Run time :                                   755 sec.
    Turnaround time :                            746 sec.

The output (if any) is above this job summary.

