Unloaded module: latex/TeXLive12
Loaded module: python3/3.6.2
[1000.   10.]
[1050.   10.]
[1000.    10.5]
[1050.     9.5]
[1075.    9.]
[1025.    9.]
[1012.5    8.5]
[1087.5    7.5]
[1131.25    6.25]
[1068.75    5.75]
[1065.625    4.125]
[1184.375    1.875]
[1128.125    4.625]
[1121.875    1.375]
[1109.375    2.875]
[1.196875e+03 3.750000e-01]
[1171.875    1.375]
[1.146875e+03 3.750000e-01]
[1.146875e+03 8.750000e-01]
[1.096875e+03 8.750000e-01]
[1046.875    1.125]
[1096.875    1.375]
[1.134375e+03 6.250000e-01]
[1.084375e+03 6.250000e-01]
[1.053125e+03 5.000000e-01]
[1.121875e+03 3.750000e-01]
[1.103125e+03 7.500000e-01]
[1.115625e+03 5.000000e-01]
[1.10625e+03 6.87500e-01]
[1.05625e+03 6.87500e-01]
[1.0171875e+03 7.1875000e-01]
[1.078125e+03 7.500000e-01]
[1.0828125e+03 6.5625000e-01]
[1.0328125e+03 6.5625000e-01]
[9.9609375e+02 6.4062500e-01]
[1.059375e+03 6.250000e-01]
[1.05703125e+03 6.71875000e-01]
[1.00703125e+03 6.71875000e-01]
[9.69140625e+02 6.79687500e-01]
[1.03125e+03 6.87500e-01]
[1.03242188e+03 6.64062500e-01]
[9.82421875e+02 6.64062500e-01]
[9.45117188e+02 6.60156250e-01]
[1.0078125e+03 6.5625000e-01]
[1.00722656e+03 6.67968750e-01]
[1.00761719e+03 6.60156250e-01]
[1.00732422e+03 6.66015625e-01]
[1.00751953e+03 6.62109375e-01]
[1.00737305e+03 6.65039062e-01]
[9.57373047e+02 6.65039062e-01]
[9.19848633e+02 6.65527344e-01]
[8.94897461e+02 6.64550781e-01]
[8.38659668e+02 6.64306641e-01]
[7.76086426e+02 6.65771484e-01]
[6.72918701e+02 6.66625977e-01]
[591.72973633   0.66540527]
[427.67028809   0.66534424]
[261.92932129   0.66766357]
[-26.43585205   0.66934204]
[16.6809082   0.66638184]
[-311.43798828    0.66625977]
[-149.06005859    0.66870117]
[283.48770142   0.66618347]
[-4.87747192  0.66786194]
[211.39640808   0.66660309]
[-33.852005     0.66532135]
[187.98398972   0.66707802]
[-6.73151016  0.66685677]
[156.86442852   0.66666651]
[-14.43865299   0.66597033]
[137.37832904   0.6668011 ]
[-2.80519128  0.66651642]
[116.94702357   0.66662899]
[-3.75039726  0.66620973]
[102.09614746   0.66665325]
[1.8300321 0.6664061]
[-55.72846364   0.66629466]
[-83.58520716   0.66613469]
[55.67580881  0.66652361]
[-37.16486851   0.66626433]
[32.46563948  0.66645879]
[-13.95469918   0.66632915]
[20.86055481  0.66642638]
[-2.34961451  0.66636156]
[15.05801248  0.66641017]
[0.20713637 0.66643444]
[-8.02974954  0.66646074]
[-13.02084401   0.66643037]
[8.03829836 0.66641522]
[-6.00112989  0.66642532]
[4.5284413  0.66641775]
[-2.49127283  0.6664228 ]
[2.77351277 0.66641901]
[-0.7363443   0.66642153]
[1.8960485  0.66641964]
[0.14111997 0.6664209 ]
[-0.7363443   0.66642153]
[-1.48177575  0.66644924]
[1.00208013 0.66641689]
[-0.65382379  0.66643846]
[0.58810415 0.66642228]
[-0.23984781  0.66643306]
[0.38111616 0.66642498]
[-0.03285982  0.66643037]
[0.27762217 0.66642632]
[0.07063418 0.66642902]
[-0.03285982  0.66643037]
[0.00461777 0.66641548]
[-0.09664153  0.666406  ]
[-0.06586802  0.6664236 ]
[0.08937297 0.66642158]
[-0.01412102  0.66642292]
[-0.08013743  0.66640939]
[0.03294127 0.66642411]
[-0.04244453  0.6664143 ]
[0.01409482 0.66642166]
[-0.02359808  0.66641675]
[0.0046716  0.66642043]
[0.02341039 0.66641299]
[-0.00473817  0.66642044]
[-0.004792    0.66641549]
[-0.00952379  0.66641302]
[-0.01414794  0.66642045]
[-7.36558323e-05  6.66416724e-01]
[-0.00945651  0.66641921]
[-0.0071108   0.66641859]
[-0.00716462  0.66641364]
[-0.00948342  0.66641673]
[-0.00596485  0.6664158 ]
[-0.00831057  0.66641642]
[-0.00655128  0.66641596]

------------------------------------------------------------
Sender: LSF System <lsfadmin@n-62-21-13>
Subject: Job 1756029: <batch_job_this_is_on_purpose_to_utilize_more_kernel> in cluster <dcc> Done

Job <batch_job_this_is_on_purpose_to_utilize_more_kernel> was submitted from host <gbarlogin2> by user <s174007> in cluster <dcc> at Tue Jan 15 17:21:50 2019
Job was executed on host(s) <n-62-21-13>, in queue <hpc>, as user <s174007> in cluster <dcc> at Tue Jan 15 17:21:51 2019
</zhome/b0/b/127184> was used as the home directory.
</zhome/b0/b/127184/Documents/Projects/machine-learning-on-materials> was used as the working directory.
Started at Tue Jan 15 17:21:51 2019
Terminated at Tue Jan 15 18:01:35 2019
Results reported at Tue Jan 15 18:01:35 2019

Your job looked like:

------------------------------------------------------------
# LSBATCH: User input
#!/bin/bash
##Kør på cpu
#BSUB -q hpc
##Navn på job
#BSUB -J batch_job_this_is_on_purpose_to_utilize_more_kernel
##Output fil
#BSUB -o output/batch/batchjobs-%J.out
##Antal kerner
#BSUB -n 1
##Om kernerne må være på forskellige computere
#BSUB -R "span[hosts=1]"
##Ram pr kerne
#BSUB -R "rusage[mem=10GB]"
##Hvor lang tid må den køre hh:mm
#BSUB -W 45:00
##Email når jobbet starter
##og stopper
module purge
module load python3
python3 KRR/batch_KRR_learn.py linear 10 GP newest 1000 70
------------------------------------------------------------

Successfully completed.

Resource usage summary:

    CPU time :                                   2383.91 sec.
    Max Memory :                                 1882 MB
    Average Memory :                             1768.54 MB
    Total Requested Memory :                     10240.00 MB
    Delta Memory :                               8358.00 MB
    Max Swap :                                   -
    Max Processes :                              4
    Max Threads :                                5
    Run time :                                   2394 sec.
    Turnaround time :                            2385 sec.

The output (if any) is above this job summary.

