Unloaded module: latex/TeXLive12
Loaded module: python3/3.6.2
[1000.   10.]
[1050.   10.]
[1000.    10.5]
[1050.     9.5]
[1075.    9.]
[1025.    9.]
[1012.5    8.5]
[1087.5    7.5]
[1131.25    6.25]
[1068.75    5.75]
[1065.625    4.125]
[1184.375    1.875]
[1128.125    4.625]
[1121.875    1.375]
[1109.375    2.875]
[1.196875e+03 3.750000e-01]
[1171.875    1.375]
[1096.875    2.375]
[1.171875e+03 8.750000e-01]
[1.121875e+03 8.750000e-01]
[1.096875e+03 6.250000e-01]
[1.171875e+03 3.750000e-01]
[1.134375e+03 1.125000e+00]
[1.159375e+03 6.250000e-01]
[1.153125e+03 7.500000e-01]
[1.140625e+03 1.000000e+00]
[1.150e+03 8.125e-01]
[1.100e+03 8.125e-01]
[1.0640625e+03 7.8125000e-01]
[1.128125e+03 7.500000e-01]
[1.1234375e+03 8.4375000e-01]
[1.0734375e+03 8.4375000e-01]
[1.03515625e+03 8.59375000e-01]
[1.096875e+03 8.750000e-01]
[1.09921875e+03 8.28125000e-01]
[1.04921875e+03 8.28125000e-01]
[1.01210938e+03 8.20312500e-01]
[1.075e+03 8.125e-01]
[1.07382812e+03 8.35937500e-01]
[1.07460938e+03 8.20312500e-01]
[1.07402344e+03 8.32031250e-01]
[1.07441406e+03 8.24218750e-01]
[1.07412109e+03 8.30078125e-01]
[1.02412109e+03 8.30078125e-01]
[9.86572266e+02 8.31054688e-01]
[1.01147461e+03 8.33007812e-01]
[1.03978271e+03 8.29345703e-01]
[9.52233887e+02 8.30322266e-01]
[8.91290283e+02 8.30444336e-01]
[8.38079834e+02 8.32153320e-01]
[742.79785156   0.83154297]
[620.91064453   0.83178711]
[674.12109375   0.83007812]
[403.74145508   0.8314209 ]
[159.96704102   0.83190918]
[106.7565918    0.83361816]
[-176.92565918    0.83538818]
[-354.18701172    0.83374023]
[377.13623047   0.83227539]
[-110.41259766    0.83325195]
[255.24902344   0.83251953]
[11.47460938  0.83300781]
[-110.41259766    0.83325195]
[-41.73583984   0.8347168 ]
[109.5413208    0.83261108]
[8.68988037 0.83401489]
[-41.73583984   0.8347168 ]
[-86.59210205   0.83340454]
[58.41941833  0.83356476]
[-38.25492859   0.83345795]
[34.2508316   0.83353806]
[-14.08634186   0.83348465]
[22.16653824  0.8335247 ]
[-2.00204849  0.833498  ]
[16.12439156  0.83351803]
[4.04009819 0.83350468]
[-2.00204849  0.833498  ]
[1.25536919 0.83451176]
[-3.85425091  0.83526373]
[-3.39441299  0.83400154]
[5.66880703 0.83401155]
[-0.37333965  0.83400488]
[4.15827036 0.83400989]
[1.13719702 0.83400655]
[-0.37333965  0.83400488]
[-1.64753199  0.83501363]
[2.61819065 0.83388191]
[-0.22562444  0.83463639]
[1.90723687 0.83407053]
[0.48532933 0.83444777]
[-0.22562444  0.83463639]
[0.36715716 0.83394256]
[-0.07694885  0.83365797]
[-0.28471053  0.83438379]
[0.78172013 0.83410086]
[0.07076636 0.83428948]
[-0.28471053  0.83438379]
[-0.04740581  0.83378427]
[0.35214555 0.8342819 ]
[0.05575474 0.83462881]
[-0.09994647  0.83497193]
[-0.22562444  0.83463639]
[0.20770305 0.83437052]
[-0.08118195  0.83454777]
[0.1354818  0.83441483]
[-0.0089607   0.83450345]
[-0.08118195  0.83454777]
[-0.02397231  0.83484279]
[0.04708169 0.8344278 ]
[-0.01763375  0.83430245]
[0.03740762 0.83454722]
[-0.01863477  0.83462287]
[0.03065258 0.83447657]
[-0.01571574  0.83443281]
[0.02412678 0.83451862]
[-0.01548649  0.8345455 ]
[0.01911781 0.8344938 ]
[-0.01396967  0.83447864]
[0.01460267 0.83450862]
[-0.01347584  0.83451827]
[0.0109694  0.83449992]
[0.03453276 0.83450509]
[0.00191267 0.83450386]
[-0.0017206   0.83449516]
[-0.00988224  0.83448843]
[-0.01077733  0.8344991 ]
[0.00553271 0.83449972]
[-0.00534065  0.83449931]
[0.00281437 0.83449961]
[-0.00262231  0.83449941]
[-0.00126314  0.83449946]
[-0.00489641  0.83449076]
[2.10398759e-04 8.34500587e-01]
[6.67863535e-04 8.34504887e-01]
[0.0021414  0.83450601]
[-4.12003445e-04  8.34501099e-01]
[-0.00086947  0.8344968 ]
[-4.85135282e-04  8.34498821e-01]

------------------------------------------------------------
Sender: LSF System <lsfadmin@n-62-21-13>
Subject: Job 1756023: <batch_job_this_is_on_purpose_to_utilize_more_kernel> in cluster <dcc> Done

Job <batch_job_this_is_on_purpose_to_utilize_more_kernel> was submitted from host <gbarlogin2> by user <s174007> in cluster <dcc> at Tue Jan 15 17:21:50 2019
Job was executed on host(s) <n-62-21-13>, in queue <hpc>, as user <s174007> in cluster <dcc> at Tue Jan 15 17:21:50 2019
</zhome/b0/b/127184> was used as the home directory.
</zhome/b0/b/127184/Documents/Projects/machine-learning-on-materials> was used as the working directory.
Started at Tue Jan 15 17:21:50 2019
Terminated at Tue Jan 15 18:40:08 2019
Results reported at Tue Jan 15 18:40:08 2019

Your job looked like:

------------------------------------------------------------
# LSBATCH: User input
#!/bin/bash
##Kør på cpu
#BSUB -q hpc
##Navn på job
#BSUB -J batch_job_this_is_on_purpose_to_utilize_more_kernel
##Output fil
#BSUB -o output/batch/batchjobs-%J.out
##Antal kerner
#BSUB -n 1
##Om kernerne må være på forskellige computere
#BSUB -R "span[hosts=1]"
##Ram pr kerne
#BSUB -R "rusage[mem=10GB]"
##Hvor lang tid må den køre hh:mm
#BSUB -W 45:00
##Email når jobbet starter
##og stopper
module purge
module load python3
python3 KRR/batch_KRR_learn.py linear 10 GP newest 1000 100
------------------------------------------------------------

Successfully completed.

Resource usage summary:

    CPU time :                                   4695.79 sec.
    Max Memory :                                 2016 MB
    Average Memory :                             1803.30 MB
    Total Requested Memory :                     10240.00 MB
    Delta Memory :                               8224.00 MB
    Max Swap :                                   -
    Max Processes :                              4
    Max Threads :                                5
    Run time :                                   4706 sec.
    Turnaround time :                            4698 sec.

The output (if any) is above this job summary.

