Unloaded module: latex/TeXLive12
Loaded module: python3/3.6.2
[100.  10.]
[105.  10.]
[100.   10.5]
[105.    9.5]
[107.5   9. ]
[102.5   9. ]
[101.25   8.5 ]
[108.75   7.5 ]
[113.125   6.25 ]
[106.875   5.75 ]
[106.5625   4.125 ]
[118.4375   1.875 ]
[112.8125   4.625 ]
[112.1875   1.375 ]
[112.34375   2.1875 ]
[110.9765625   3.078125 ]
[104.8828125   3.390625 ]
[108.27148438   3.01171875]
[106.90429688   3.90234375]
[110.98388672   2.61621094]
[108.27880859   2.54980469]
[110.99121094   2.15429688]
[108.95141602   2.79736328]
[111.65649414   2.86376953]
[109.12322998   2.6282959 ]
[111.15570068   2.44714355]
[109.50248718   2.70980835]
[107.64183044   2.72189331]
[108.02108765   2.80340576]
[108.8476944    2.67207336]
[110.70835114   2.6599884 ]
[110.05355835   2.62225342]
[109.64025497   2.68791962]
[107.77959824   2.70000458]
[108.51178646   2.69000053]
[107.71922588   2.67415428]
[106.75871134   2.66727161]
[107.09461927   2.64934444]
[108.15749466   2.67983651]
[106.06851161   2.67503476]
[104.67892021   2.67651546]
[103.28013688   2.66395056]
[100.84145799   2.65600759]
[98.76166686  2.66525143]
[94.76314463  2.66424134]
[90.92568241  2.64373347]
[84.84736905  2.65196723]
[76.85032457  2.64994705]
[80.68778679  2.67045492]
[62.77496673  2.65616062]
[46.78087778  2.65212026]
[42.94341557  2.63161239]
[24.07122996  2.61219113]
[-5.99821683  2.61436434]
[56.13818922  2.64105137]
[14.71391852  2.62326002]
[-5.99821683  2.61436434]
[-7.99572931  2.58333088]
[33.08672601  2.63492292]
[5.69842247 2.60052823]
[-7.99572931  2.58333088]
[-3.65888897  2.61159712]
[17.13870023  2.61204262]
[3.27364076 2.61174562]
[-3.65888897  2.61159712]
[-5.74185529  2.58901383]
[9.59997507 2.61469847]
[-0.62791184  2.59757538]
[7.04300334 2.6104177 ]
[1.92905989 2.60185615]
[-0.62791184  2.59757538]
[-0.49572182  2.61307354]
[4.14988639 2.60366456]
[1.05281425 2.60993721]
[-0.49572182  2.61307354]
[-0.29176662  2.60004774]
[2.38228892 2.60882115]
[0.59958522 2.60297221]
[-0.29176662  2.60004774]
[-0.27666041  2.61105328]
[1.37762981 2.60415543]
[0.27476966 2.608754  ]
[-0.27666041  2.61105328]
[-0.17845936  2.60178899]
[0.74499585 2.60790016]
[0.12935904 2.60382605]
[-0.19545652  2.60960783]
[0.40082479 2.60463112]
[0.54623541 2.60955906]
[0.23357813 2.6052593 ]
[0.10752301 2.60938218]
[0.32749934 2.60581888]
[0.18084845 2.60819441]
[0.13965692 2.60469972]
[0.24099148 2.60774043]
[0.29372116 2.60480531]
[0.20906663 2.60734714]
[0.20165328 2.60486602]
[0.21148783 2.60558462]
[0.18697633 2.60767246]
[0.22192768 2.60586259]
[0.22434889 2.60410007]
[0.23199001 2.60247653]
[0.23478873 2.60437804]
[0.21731306 2.60528297]
[0.21973426 2.60352045]
[0.21863755 2.60234938]
[0.22567338 2.60116648]
[0.21996204 2.59941579]
[0.21776862 2.59707366]
[0.2107328  2.59825656]
[0.20986387 2.59298083]
[0.20547702 2.58829656]
[0.21251285 2.58711365]
[0.21340288 2.5815422 ]
[0.20111128 2.5727651 ]
[0.19278261 2.56061082]
[0.20070846 2.55385646]
[0.19832419 2.53663641]
[0.17770392 2.51570503]
[0.18324549 2.49173062]
[0.17847693 2.45729052]
[0.1990972 2.4782219]
[0.20979384 2.45948034]
[0.18994659 2.38013445]
[0.18575779 2.30188347]
[0.2170747  2.30407328]
[0.19303865 2.14647642]
[0.18466106 1.98997446]
[0.16172174 2.1442866 ]
[0.13404526 2.06439326]
[0.1690026  1.98887955]
[0.1731914  2.06713053]
[0.14187449 2.06494072]
[0.15466553 2.08532464]
[0.14319587 2.16248071]
[0.16569252 2.09096808]
[0.15863631 2.03200612]
[0.16095038 2.11621648]
[0.17197737 2.12185992]
[0.15899349 2.09445846]
[0.16373563 2.06921006]
[0.16164669 2.10446487]
[0.15494767 2.10795526]
[0.16300631 2.09521487]
[0.16565951 2.10522129]
[0.163993   2.10253058]
[0.16535262 2.09328058]
[0.16257317 2.1016688 ]
[0.16158648 2.09435309]
[0.16038321 2.09026435]
[0.16115335 2.10080702]
[0.16254307 2.09661291]
[0.16155637 2.0892972 ]
[0.16231897 2.0985759 ]
[0.16327556 2.10083572]
[0.16200875 2.09597375]
[0.16178465 2.09793674]
[0.16235346 2.09694387]
[0.16266369 2.09954602]
[0.16217248 2.09686682]
[0.16220697 2.09523478]
[0.16229097 2.09774062]

------------------------------------------------------------
Sender: LSF System <lsfadmin@n-62-21-11>
Subject: Job 1756034: <batch_job_this_is_on_purpose_to_utilize_more_kernel> in cluster <dcc> Done

Job <batch_job_this_is_on_purpose_to_utilize_more_kernel> was submitted from host <gbarlogin2> by user <s174007> in cluster <dcc> at Tue Jan 15 17:21:50 2019
Job was executed on host(s) <n-62-21-11>, in queue <hpc>, as user <s174007> in cluster <dcc> at Tue Jan 15 17:21:51 2019
</zhome/b0/b/127184> was used as the home directory.
</zhome/b0/b/127184/Documents/Projects/machine-learning-on-materials> was used as the working directory.
Started at Tue Jan 15 17:21:51 2019
Terminated at Tue Jan 15 17:29:45 2019
Results reported at Tue Jan 15 17:29:45 2019

Your job looked like:

------------------------------------------------------------
# LSBATCH: User input
#!/bin/bash
##Kør på cpu
#BSUB -q hpc
##Navn på job
#BSUB -J batch_job_this_is_on_purpose_to_utilize_more_kernel
##Output fil
#BSUB -o output/batch/batchjobs-%J.out
##Antal kerner
#BSUB -n 1
##Om kernerne må være på forskellige computere
#BSUB -R "span[hosts=1]"
##Ram pr kerne
#BSUB -R "rusage[mem=10GB]"
##Hvor lang tid må den køre hh:mm
#BSUB -W 45:00
##Email når jobbet starter
##og stopper
module purge
module load python3
python3 KRR/batch_KRR_learn.py linear 10 GP newest 100 20
------------------------------------------------------------

Successfully completed.

Resource usage summary:

    CPU time :                                   472.57 sec.
    Max Memory :                                 1704 MB
    Average Memory :                             1610.81 MB
    Total Requested Memory :                     10240.00 MB
    Delta Memory :                               8536.00 MB
    Max Swap :                                   -
    Max Processes :                              4
    Max Threads :                                5
    Run time :                                   474 sec.
    Turnaround time :                            475 sec.

The output (if any) is above this job summary.

