Unloaded module: latex/TeXLive12
Loaded module: python3/3.6.2
[ 2. 10.]
[ 2.1 10. ]
[ 2.  10.5]
[2.1 9.5]
[2.15 9.  ]
[2.05 9.  ]
[2.025 8.5  ]
[2.175 7.5  ]
[2.2625 6.25  ]
[2.1375 5.75  ]
[2.13125 4.125  ]
[2.36875 1.875  ]
[2.25625 4.625  ]
[2.24375 1.375  ]
[2.21875 2.875  ]
[2.39375 0.375  ]
[2.35 1.  ]
[2.225 0.5  ]
[2.3328125 1.53125  ]
[2.2609375 0.84375  ]
[2.3671875 0.46875  ]
[2.27460937 1.1484375 ]
[2.36367187 1.3046875 ]
[2.33798828 1.18945312]
[2.28662109 0.95898438]
[2.32514648 1.13183594]
[2.24975586 1.28027344]
[2.32493896 1.07006836]
[2.37547607 1.0534668 ]
[2.37526855 0.99169922]
[2.337677   1.09680176]
[2.28713989 1.11340332]
[2.2429718  1.14337158]
[2.27440186 1.08666992]
[2.24276428 1.081604  ]
[2.20496521 1.12493896]
[2.1605896  1.09313965]
[2.09731445 1.08300781]
[2.13511353 1.03967285]
[1.9896637  1.04107666]
[1.8631134  1.02081299]
[1.82531433 1.06414795]
[1.67041473 1.0763855 ]
[1.43621368 1.01419067]
[1.1056633 0.9797821]
[0.91296463 1.03535461]
[0.43789024 1.04262543]
[-0.12686119  0.94602203]
[1.22109575 1.04379463]
[0.32245779 0.9786129 ]
[-0.12686119  0.94602203]
[-0.34531527  1.04145622]
[0.74291866 0.99520063]
[0.01742938 1.02603769]
[-0.34531527  1.04145622]
[-0.09800308  0.96202517]
[0.30391691 1.02247536]
[-0.0011115   1.06990016]
[-0.16289615  1.11554378]
[-0.28759904  1.07346249]
[0.15603793 1.03522214]
[-0.13972005  1.06071571]
[0.08209843 1.04159553]
[-0.06578056  1.05434231]
[0.04512868 1.04478223]
[-0.02881081  1.05115562]
[0.02664381 1.04637558]
[-0.01032594  1.04956227]
[-0.02881081  1.05115562]
[-0.02886681  1.09342473]
[0.00585533 1.04288445]
[-0.01729277  1.07657797]
[6.83047111e-05 1.05130783e+00]
[-0.00914613  1.03096995]
[-0.01316344  1.01150485]
[-0.01954037  1.02922439]
[-0.00483386  1.04578697]
[-0.00365406  1.02719465]
[-3.18119008e-04  1.01601084e+00]
[-0.00796632  1.01237763]
[-0.00953255  0.99567296]
[-0.00404048  0.99189766]
[-0.00148766  0.97236151]
[-0.00991898  0.96037596]
[-0.01305144  0.92696662]
[-0.00442691  0.95660066]
[-0.00187408  0.93706452]
[-0.0103054   0.92507897]
[-0.01343786  0.89166962]
[-0.00481333  0.92130367]
[-0.01069183  0.88978197]
[-0.01382428  0.85637263]
[-0.0161839   0.89355727]
[-0.00765597  0.91436707]
[-0.0080424   0.87907008]
[-0.00691089  0.85606563]
[-0.00994675  0.83148054]
[-0.01109213  0.79003727]
[-0.0073112   0.75632092]
[-0.01149244  0.69029256]
[-0.01378321  0.60740603]
[-0.01527337  0.7240089 ]
[-0.00930174  0.74824292]
[-0.00970205  0.64849821]
[-0.01189275  0.59054785]
[-0.011245    0.62997162]
[-0.01303539  0.67176597]
[-0.01328283  0.73208691]
[-0.01175446  0.65550044]
[-0.01021151  0.67402703]
[-0.01232942  0.67233123]
[-0.01259143  0.63753912]
[-0.01231668  0.65072748]
[-0.01289165  0.66755827]
[-0.01203875  0.6585149 ]
[-0.01202602  0.63691114]
[-0.01225357  0.66347621]
[-0.01197564  0.67126363]
[-0.0120609   0.66612959]
[-0.01227571  0.67109091]
[-0.01209799  0.6616589 ]
[-0.01190532  0.66431228]
[-0.01216651  0.66368523]
[-0.0122036   0.65921454]
[-0.01209657  0.66440083]
[-0.01216509  0.66642716]
[-0.01211477  0.66285097]
[-0.01204483  0.66356657]
[-0.01207525  0.66359623]
[-0.01209344  0.66204637]
[-0.01209579  0.66381221]

------------------------------------------------------------
Sender: LSF System <lsfadmin@n-62-21-11>
Subject: Job 1756047: <batch_job_this_is_on_purpose_to_utilize_more_kernel> in cluster <dcc> Done

Job <batch_job_this_is_on_purpose_to_utilize_more_kernel> was submitted from host <gbarlogin2> by user <s174007> in cluster <dcc> at Tue Jan 15 17:21:51 2019
Job was executed on host(s) <n-62-21-11>, in queue <hpc>, as user <s174007> in cluster <dcc> at Tue Jan 15 17:21:52 2019
</zhome/b0/b/127184> was used as the home directory.
</zhome/b0/b/127184/Documents/Projects/machine-learning-on-materials> was used as the working directory.
Started at Tue Jan 15 17:21:52 2019
Terminated at Tue Jan 15 17:44:55 2019
Results reported at Tue Jan 15 17:44:55 2019

Your job looked like:

------------------------------------------------------------
# LSBATCH: User input
#!/bin/bash
##Kør på cpu
#BSUB -q hpc
##Navn på job
#BSUB -J batch_job_this_is_on_purpose_to_utilize_more_kernel
##Output fil
#BSUB -o output/batch/batchjobs-%J.out
##Antal kerner
#BSUB -n 1
##Om kernerne må være på forskellige computere
#BSUB -R "span[hosts=1]"
##Ram pr kerne
#BSUB -R "rusage[mem=10GB]"
##Hvor lang tid må den køre hh:mm
#BSUB -W 45:00
##Email når jobbet starter
##og stopper
module purge
module load python3
python3 KRR/batch_KRR_learn.py linear 10 GP newest 2 50
------------------------------------------------------------

Successfully completed.

Resource usage summary:

    CPU time :                                   1381.11 sec.
    Max Memory :                                 1789 MB
    Average Memory :                             1700.45 MB
    Total Requested Memory :                     10240.00 MB
    Delta Memory :                               8451.00 MB
    Max Swap :                                   -
    Max Processes :                              5
    Max Threads :                                8
    Run time :                                   1384 sec.
    Turnaround time :                            1384 sec.

The output (if any) is above this job summary.

