Unloaded module: latex/TeXLive12
Loaded module: python3/3.6.2
Traceback (most recent call last):
  File "KRR/batch_KRR_learn.py", line 56, in <module>
    Y = np.array(energies)[0:cut,:]
IndexError: too many indices for array

------------------------------------------------------------
Sender: LSF System <lsfadmin@n-62-21-11>
Subject: Job 1755533: <batch_job_this_is_on_purpose_to_utilize_more_kernel> in cluster <dcc> Exited

Job <batch_job_this_is_on_purpose_to_utilize_more_kernel> was submitted from host <gbarlogin2> by user <s174007> in cluster <dcc> at Tue Jan 15 17:09:16 2019
Job was executed on host(s) <n-62-21-11>, in queue <hpc>, as user <s174007> in cluster <dcc> at Tue Jan 15 17:09:19 2019
</zhome/b0/b/127184> was used as the home directory.
</zhome/b0/b/127184/Documents/Projects/machine-learning-on-materials> was used as the working directory.
Started at Tue Jan 15 17:09:19 2019
Terminated at Tue Jan 15 17:09:50 2019
Results reported at Tue Jan 15 17:09:50 2019

Your job looked like:

------------------------------------------------------------
# LSBATCH: User input
#!/bin/bash
##Kør på cpu
#BSUB -q hpc
##Navn på job
#BSUB -J batch_job_this_is_on_purpose_to_utilize_more_kernel
##Output fil
#BSUB -o output/batch/batchjobs-%J.out
##Antal kerner
#BSUB -n 1
##Om kernerne må være på forskellige computere
#BSUB -R "span[hosts=1]"
##Ram pr kerne
#BSUB -R "rusage[mem=10GB]"
##Hvor lang tid må den køre hh:mm
#BSUB -W 45:00
##Email når jobbet starter
##og stopper
module purge
module load python3
python3 KRR/batch_KRR_learn.py linear 1 GP newest 100 80
------------------------------------------------------------

Exited with exit code 1.

Resource usage summary:

    CPU time :                                   2.69 sec.
    Max Memory :                                 36 MB
    Average Memory :                             24.00 MB
    Total Requested Memory :                     10240.00 MB
    Delta Memory :                               10204.00 MB
    Max Swap :                                   -
    Max Processes :                              7
    Max Threads :                                8
    Run time :                                   8 sec.
    Turnaround time :                            34 sec.

The output (if any) is above this job summary.

