Unloaded module: latex/TeXLive12
Loaded module: python3/3.6.2
[100.  10.]
[105.  10.]
[100.   10.5]
[105.    9.5]
[107.5   9. ]
[102.5   9. ]
[101.25   8.5 ]
[108.75   7.5 ]
[113.125   6.25 ]
[106.875   5.75 ]
[106.5625   4.125 ]
[118.4375   1.875 ]
[112.8125   4.625 ]
[112.1875   1.375 ]
[110.9375   2.875 ]
[119.6875   0.375 ]
[117.1875   1.375 ]
[114.6875   0.375 ]
[114.6875   0.875 ]
[115.9375   0.625 ]
[118.4375   0.125 ]
[116.5625   0.5   ]
[111.5625   0.5   ]
[107.5      0.5625]
[113.4375   0.625 ]
[114.375    0.4375]
[113.75     0.5625]
[114.21875   0.46875]
[113.90625   0.53125]
[114.140625   0.484375]
[109.140625   0.484375]
[105.4296875   0.4765625]
[111.71875   0.46875]
[111.6015625   0.4921875]
[111.6796875   0.4765625]
[111.62109375   0.48828125]
[106.62109375   0.48828125]
[102.86132812   0.49023438]
[105.34179688   0.49414062]
[108.19091797   0.48681641]
[99.43115234  0.48876953]
[93.33618164  0.48901367]
[88.0065918   0.49243164]
[78.48144531  0.49121094]
[66.29150391  0.49169922]
[71.62109375  0.48828125]
[44.57641602  0.4909668 ]
[20.1965332   0.49194336]
[14.86694336  0.49536133]
[-13.51013184   0.49890137]
[-31.22802734   0.49560547]
[41.91162109  0.49267578]
[-6.84814453  0.49462891]
[29.72167969  0.49316406]
[5.34179688 0.49414062]
[-6.84814453  0.49462891]
[0.01220703 0.49755859]
[-10.07995605   0.50036621]
[-9.51293945  0.49633789]
[8.77197266 0.49560547]
[-3.41796875  0.49609375]
[5.7244873  0.49572754]
[-0.3704834   0.49597168]
[4.20074463 0.49578857]
[-1.12884521  0.49920654]
[3.72413635 0.4954071 ]
[-0.46440125  0.49717712]
[3.03445816 0.49613571]
[-0.67747116  0.4982872 ]
[2.62373447 0.49612713]
[-0.39851665  0.49755001]
[2.17621446 0.49648929]
[-0.43531299  0.49792075]
[1.85897261 0.49657553]
[-0.30503482  0.49764484]
[1.55590214 0.49677818]
[-0.29086344  0.49776123]
[1.3215136  0.49687196]
[-0.22218151  0.49765238]
[1.11138123 0.49699673]
[-0.19792534  0.49768336]
[0.94165386 0.49707481]
[-0.15752033  0.49763668]
[0.79415584 0.49715671]
[-0.13529099  0.4976405 ]
[0.67241765 0.49721623]
[-0.10953116  0.49761811]
[0.56823409 0.49727206]
[-0.09197653  0.49761443]
[0.4813191  0.49731578]
[-0.07470795  0.49760231]
[0.40749858 0.49735463]
[-0.06161349  0.49759744]
[0.34558595 0.49738619]
[-0.04970559  0.49759016]
[0.29319754 0.49741351]
[-0.04018139  0.49758591]
[0.24914412 0.49743612]
[-0.03184639  0.49758121]
[0.21193656 0.49745543]
[-0.02500053  0.4975779 ]
[0.18060796 0.49747157]
[-0.01912157  0.49757473]
[-0.18752249  0.49766175]
[0.08857534 0.49751911]
[-0.09548988  0.49761421]
[0.04255904 0.49754289]
[0.07388764 0.49752675]
[0.00413073 0.49756273]
[-0.02622127  0.49757844]
[0.02536396 0.49755178]
[-0.0090262   0.49756955]
[-0.02622127  0.49757844]
[-0.01710249  0.49757369]
[0.00487965 0.49756237]
[-0.00977511  0.49756992]
[-0.02293204  0.49757674]
[-0.00263496  0.49756623]
[-0.00188604  0.49756587]
[0.00450519 0.49756255]
[-0.00564335  0.4975678 ]
[-0.00639227  0.49756817]
[-0.00940065  0.49756974]
[-0.00432638  0.49756711]
[-0.00770923  0.49756886]
[-0.0051721   0.49756755]

------------------------------------------------------------
Sender: LSF System <lsfadmin@n-62-21-11>
Subject: Job 1756041: <batch_job_this_is_on_purpose_to_utilize_more_kernel> in cluster <dcc> Done

Job <batch_job_this_is_on_purpose_to_utilize_more_kernel> was submitted from host <gbarlogin2> by user <s174007> in cluster <dcc> at Tue Jan 15 17:21:51 2019
Job was executed on host(s) <n-62-21-11>, in queue <hpc>, as user <s174007> in cluster <dcc> at Tue Jan 15 17:21:52 2019
</zhome/b0/b/127184> was used as the home directory.
</zhome/b0/b/127184/Documents/Projects/machine-learning-on-materials> was used as the working directory.
Started at Tue Jan 15 17:21:52 2019
Terminated at Tue Jan 15 18:21:17 2019
Results reported at Tue Jan 15 18:21:17 2019

Your job looked like:

------------------------------------------------------------
# LSBATCH: User input
#!/bin/bash
##Kør på cpu
#BSUB -q hpc
##Navn på job
#BSUB -J batch_job_this_is_on_purpose_to_utilize_more_kernel
##Output fil
#BSUB -o output/batch/batchjobs-%J.out
##Antal kerner
#BSUB -n 1
##Om kernerne må være på forskellige computere
#BSUB -R "span[hosts=1]"
##Ram pr kerne
#BSUB -R "rusage[mem=10GB]"
##Hvor lang tid må den køre hh:mm
#BSUB -W 45:00
##Email når jobbet starter
##og stopper
module purge
module load python3
python3 KRR/batch_KRR_learn.py linear 10 GP newest 100 90
------------------------------------------------------------

Successfully completed.

Resource usage summary:

    CPU time :                                   3563.20 sec.
    Max Memory :                                 1954 MB
    Average Memory :                             1747.55 MB
    Total Requested Memory :                     10240.00 MB
    Delta Memory :                               8286.00 MB
    Max Swap :                                   -
    Max Processes :                              8
    Max Threads :                                9
    Run time :                                   3566 sec.
    Turnaround time :                            3566 sec.

The output (if any) is above this job summary.

