Unloaded module: latex/TeXLive12
Loaded module: python3/3.6.2
[-100.   10.]
[-105.   10.]
[-100.    10.5]
[-105.     9.5]
[-107.5    9. ]
[-102.5    9. ]
[-101.25    8.5 ]
[-108.75    7.5 ]
[-113.125    6.25 ]
[-106.875    5.75 ]
[-106.5625    4.125 ]
[-118.4375    1.875 ]
[-112.8125    4.625 ]
[-112.1875    1.375 ]
[-110.9375    2.875 ]
[-117.1875    3.375 ]
[-115.9375    2.875 ]
[-108.4375    3.875 ]
[-115.9375    2.375 ]
[-110.9375    2.375 ]
[-108.4375    2.125 ]
[-115.9375    1.875 ]
[-112.1875    2.625 ]
[-114.6875    2.125 ]
[-112.8125    2.5   ]
[-114.0625    2.25  ]
[-113.125     2.4375]
[-113.75      2.3125]
[-113.28125    2.40625]
[-108.28125    2.40625]
[-104.453125    2.421875]
[-110.625     2.4375]
[-110.859375    2.390625]
[-105.859375    2.390625]
[-102.1484375    2.3828125]
[-108.4375    2.375 ]
[-108.3203125    2.3984375]
[-103.3203125    2.3984375]
[-99.55078125   2.40234375]
[-97.08984375   2.39453125]
[-91.47460938   2.39257812]
[-85.16601562   2.40429688]
[-74.81933594   2.41113281]
[-66.74316406   2.40136719]
[-50.33935547   2.40087891]
[-33.68408203   2.41943359]
[-4.78881836  2.43286133]
[19.69116211  2.42260742]
[-51.19171143   2.41400146]
[-3.9364624   2.41973877]
[19.69116211  2.42260742]
[41.61407471  2.45172119]
[-27.35099792   2.41358948]
[18.62571716  2.43901062]
[-15.85681915   2.41994476]
[7.13153839 2.43265533]
[-10.10972977   2.42312241]
[1.38444901 2.42947769]
[-7.23618507  2.42471123]
[-1.48909569  2.42788887]
[-5.79941273  2.42550564]
[-2.92586803  2.42709446]
[-1.48909569  2.42788887]
[-2.07351208  2.4139719 ]
[-1.06291771  2.42132759]
[-3.21807623  2.42013597]
[-4.07043219  2.43325853]
[-2.5727421   2.41879356]
[-2.28053391  2.42575204]
[-1.92740798  2.41745114]
[-2.67625302  2.42468363]
[-2.96846122  2.41772515]
[-2.45251574  2.42374532]
[-2.55602665  2.42963539]
[-2.54766893  2.43505631]
[-2.77140621  2.43599462]
[-2.64282212  2.44636729]
[-2.62610666  2.45720913]
[-2.40236938  2.45627081]
[-2.21785096  2.46640891]
[-2.48080712  2.47842363]
[-2.53095347  2.44589814]
[-2.30721619  2.44495983]
[-2.54638405  2.4541468 ]
[-2.67496814  2.44377412]
[-2.47051907  2.45314664]
[-2.48594964  2.4613953 ]
[-2.4972006   2.45752101]
[-2.42133562  2.45652085]
[-2.51512194  2.45474031]
[-2.48844041  2.45036594]
[-2.49063046  2.45215471]
[-2.44602759  2.45056104]
[-2.49784835  2.45369549]
[-2.51795974  2.45270356]
[-2.48237924  2.45303587]
[-2.48959713  2.45457666]
[-2.48908047  2.45578763]
[-2.50506625  2.45523628]
[-2.48805099  2.45358597]
[-2.47979977  2.45446714]
[-2.48431192  2.45427423]
[-2.48276577  2.45328354]
[-2.48788929  2.45425338]
[-2.49162837  2.45356513]
[-2.48614103  2.45409695]
[-2.48597933  2.45476436]
[-2.48753307  2.45388057]
[-2.48578481  2.45372414]
[-2.48736317  2.45412107]
[-2.48875522  2.45390469]
[-2.49006231  2.45380856]
[-2.48892512  2.45366419]
[-2.48775366  2.45400685]
[-2.4889758   2.45403097]
[-2.48789376  2.45391817]

------------------------------------------------------------
Sender: LSF System <lsfadmin@n-62-21-13>
Subject: Job 1756012: <batch_job_this_is_on_purpose_to_utilize_more_kernel> in cluster <dcc> Done

Job <batch_job_this_is_on_purpose_to_utilize_more_kernel> was submitted from host <gbarlogin2> by user <s174007> in cluster <dcc> at Tue Jan 15 17:21:48 2019
Job was executed on host(s) <n-62-21-13>, in queue <hpc>, as user <s174007> in cluster <dcc> at Tue Jan 15 17:21:49 2019
</zhome/b0/b/127184> was used as the home directory.
</zhome/b0/b/127184/Documents/Projects/machine-learning-on-materials> was used as the working directory.
Started at Tue Jan 15 17:21:49 2019
Terminated at Tue Jan 15 17:24:19 2019
Results reported at Tue Jan 15 17:24:19 2019

Your job looked like:

------------------------------------------------------------
# LSBATCH: User input
#!/bin/bash
##Kør på cpu
#BSUB -q hpc
##Navn på job
#BSUB -J batch_job_this_is_on_purpose_to_utilize_more_kernel
##Output fil
#BSUB -o output/batch/batchjobs-%J.out
##Antal kerner
#BSUB -n 1
##Om kernerne må være på forskellige computere
#BSUB -R "span[hosts=1]"
##Ram pr kerne
#BSUB -R "rusage[mem=10GB]"
##Hvor lang tid må den køre hh:mm
#BSUB -W 45:00
##Email når jobbet starter
##og stopper
module purge
module load python3
python3 KRR/batch_KRR_learn.py linear 10 GP newest -100 10
------------------------------------------------------------

Successfully completed.

Resource usage summary:

    CPU time :                                   148.55 sec.
    Max Memory :                                 1693 MB
    Average Memory :                             1692.86 MB
    Total Requested Memory :                     10240.00 MB
    Delta Memory :                               8547.00 MB
    Max Swap :                                   -
    Max Processes :                              4
    Max Threads :                                5
    Run time :                                   158 sec.
    Turnaround time :                            151 sec.

The output (if any) is above this job summary.

