Unloaded module: latex/TeXLive12
Loaded module: python3/3.6.2
[1.e+02 1.e-03]
[1.05e+02 1.00e-03]
[1.00e+02 1.05e-03]
[9.50e+01 1.05e-03]
[9.000e+01 1.075e-03]
[9.000e+01 1.125e-03]
[8.5000e+01 1.1875e-03]
[7.5000e+01 1.2125e-03]
[6.25000e+01 1.29375e-03]
[5.75000e+01 1.40625e-03]
[4.125000e+01 1.571875e-03]
[1.875000e+01 1.678125e-03]
[-1.4375000e+01  1.9234375e-03]
[-2.50000e+00  1.95625e-03]
[4.625000e+01 1.459375e-03]
[1.375000e+01 1.790625e-03]
[-2.50000e+00  1.95625e-03]
[-8.750000e+00  1.896875e-03]
[2.875000e+01 1.653125e-03]
[3.750000e+00 1.815625e-03]
[-8.750000e+00  1.896875e-03]
[-1.25        0.00192813]
[1.375000e+01 1.740625e-03]
[3.750000e+00 1.865625e-03]
[-1.25        0.00192813]
[-6.250000e+00  1.890625e-03]
[8.750000e+00 1.815625e-03]
[-1.25        0.00186563]
[6.250000e+00 1.828125e-03]
[1.25       0.00185313]
[-1.25        0.00186563]
[1.25       0.00190313]
[0.         0.00194688]
[-2.500000e+00  1.934375e-03]
[2.1875000e+00 1.8828125e-03]
[-0.9375      0.00191719]
[1.40625    0.00189141]
[-0.15625     0.00190859]
[1.015625  0.0018957]
[-0.234375    0.00198945]
[0.87890625 0.00188721]
[-0.13671875  0.00193838]
[0.72753906 0.00190637]
[-0.15136719  0.00196604]
[0.62133789 0.00190692]
[-0.10620117  0.00194742]
[0.519104   0.00191663]
[-0.10223389  0.00195659]
[0.44044495 0.00191933]
[-0.07865906  0.00194958]
[0.36966324 0.00192487]
[-0.07078171  0.00195241]
[0.31263828 0.0019276 ]
[-0.05702496  0.00194961]
[0.26299119 0.00193105]
[-0.04964709  0.00195033]
[0.22206694 0.00193328]
[-0.04092425  0.0019491 ]
[0.18701233 0.00193557]
[-0.03505461  0.00194916]
[0.15778655 0.00193725]
[-0.02922578  0.00194856]
[0.1329528  0.00193882]
[-0.02483375  0.00194844]
[0.11213148 0.00194005]
[-0.02082133  0.00194811]
[0.09450927 0.00194114]
[-0.01762221  0.00194796]
[-0.11213148  0.0019537 ]
[0.04284908 0.00194428]
[0.06047129 0.00194319]
[0.04094792 0.00194438]
[-0.00190117  0.00194698]
[-0.04284908  0.00194947]
[0.01999867 0.00194566]
[-0.02189983  0.0019482 ]
[0.00952404 0.00194629]
[0.01142521 0.00194619]
[0.00143043 0.00194678]
[-0.00809361  0.00194736]
[0.00511963 0.00194656]
[0.00655005 0.00194647]
[0.00491254 0.00194657]
[0.00860174 0.00194635]
[0.00322325 0.00194667]
[0.00301617 0.00194668]
[0.00132688 0.00194679]
[0.00401613 0.00194662]

------------------------------------------------------------
Sender: LSF System <lsfadmin@n-62-21-23>
Subject: Job 1755994: <batch_job_this_is_on_purpose_to_utilize_more_kernel> in cluster <dcc> Done

Job <batch_job_this_is_on_purpose_to_utilize_more_kernel> was submitted from host <gbarlogin2> by user <s174007> in cluster <dcc> at Tue Jan 15 17:21:47 2019
Job was executed on host(s) <n-62-21-23>, in queue <hpc>, as user <s174007> in cluster <dcc> at Tue Jan 15 17:21:48 2019
</zhome/b0/b/127184> was used as the home directory.
</zhome/b0/b/127184/Documents/Projects/machine-learning-on-materials> was used as the working directory.
Started at Tue Jan 15 17:21:48 2019
Terminated at Tue Jan 15 17:26:06 2019
Results reported at Tue Jan 15 17:26:06 2019

Your job looked like:

------------------------------------------------------------
# LSBATCH: User input
#!/bin/bash
##Kør på cpu
#BSUB -q hpc
##Navn på job
#BSUB -J batch_job_this_is_on_purpose_to_utilize_more_kernel
##Output fil
#BSUB -o output/batch/batchjobs-%J.out
##Antal kerner
#BSUB -n 1
##Om kernerne må være på forskellige computere
#BSUB -R "span[hosts=1]"
##Ram pr kerne
#BSUB -R "rusage[mem=10GB]"
##Hvor lang tid må den køre hh:mm
#BSUB -W 45:00
##Email når jobbet starter
##og stopper
module purge
module load python3
python3 KRR/batch_KRR_learn.py linear 0.001 GP newest 100 20
------------------------------------------------------------

Successfully completed.

Resource usage summary:

    CPU time :                                   257.21 sec.
    Max Memory :                                 1705 MB
    Average Memory :                             1705.00 MB
    Total Requested Memory :                     10240.00 MB
    Delta Memory :                               8535.00 MB
    Max Swap :                                   -
    Max Processes :                              4
    Max Threads :                                5
    Run time :                                   258 sec.
    Turnaround time :                            259 sec.

The output (if any) is above this job summary.

