Unloaded module: latex/TeXLive12
Loaded module: python3/3.6.2

Train: 0.07615975655170762 Validation: 0.26731480746572767


------------------------------------------------------------
Sender: LSF System <lsfadmin@n-62-21-14>
Subject: Job 1735609: <batch_job_this_is_on_purpose_to_utilize_more_kernel> in cluster <dcc> Done

Job <batch_job_this_is_on_purpose_to_utilize_more_kernel> was submitted from host <gbarlogin2> by user <s174007> in cluster <dcc> at Sun Jan 13 21:42:24 2019
Job was executed on host(s) <n-62-21-14>, in queue <hpc>, as user <s174007> in cluster <dcc> at Sun Jan 13 21:42:25 2019
</zhome/b0/b/127184> was used as the home directory.
</zhome/b0/b/127184/Documents/Projects/machine-learning-on-materials> was used as the working directory.
Started at Sun Jan 13 21:42:25 2019
Terminated at Sun Jan 13 21:56:53 2019
Results reported at Sun Jan 13 21:56:53 2019

Your job looked like:

------------------------------------------------------------
# LSBATCH: User input
#!/bin/bash
##Kør på cpu
#BSUB -q hpc
##Navn på job
#BSUB -J batch_job_this_is_on_purpose_to_utilize_more_kernel
##Output fil
#BSUB -o output/batch/batchjobs-%J.out
##Antal kerner
#BSUB -n 1
##Om kernerne må være på forskellige computere
#BSUB -R "span[hosts=1]"
##Ram pr kerne
#BSUB -R "rusage[mem=10GB]"
##Hvor lang tid må den køre hh:mm
#BSUB -W 45:00
##Email når jobbet starter
##og stopper
module purge
module load python3
python3 KRR/batch_KRR.py gaussian 0.001 GP default 2.5
------------------------------------------------------------

Successfully completed.

Resource usage summary:

    CPU time :                                   863.50 sec.
    Max Memory :                                 1011 MB
    Average Memory :                             950.97 MB
    Total Requested Memory :                     10240.00 MB
    Delta Memory :                               9229.00 MB
    Max Swap :                                   -
    Max Processes :                              4
    Max Threads :                                5
    Run time :                                   882 sec.
    Turnaround time :                            869 sec.

The output (if any) is above this job summary.

