Unloaded module: latex/TeXLive12
Loaded module: python3/3.6.2
[100.   1.]
[105.   1.]
[100.     1.05]
[105.     0.95]
[107.5   0.9]
[102.5   0.9]
[101.25   0.85]
[108.75   0.75]
[113.125   0.625]
[106.875   0.575]
[106.5625   0.4125]
[118.4375   0.1875]
[105.546875   0.684375]
[114.140625   0.353125]
[111.9921875   0.4359375]
[105.4296875   0.2234375]
[111.20117188   0.52460937]
[116.63085938   0.54804687]
[114.11376953   0.51416016]
[113.32275391   0.60283203]
[112.3248291    0.47766113]
[115.23742676   0.46721191]
[113.44848633   0.43071289]
[113.94744873   0.49329834]
[111.03485107   0.50374756]
[112.085495     0.49461365]
[113.70811462   0.51025085]
[112.67065048   0.48580856]
[114.53260422   0.48449326]
[113.25580597   0.47700348]
[113.77453804   0.48922462]
[111.9125843    0.49053993]
[113.87759924   0.48600492]
[112.77371168   0.48258886]
[113.52433145   0.48756568]
[112.31738269   0.48736932]
[111.53727442   0.48805152]
[110.68359345   0.4862944 ]
[109.26322445   0.48565876]
[108.12984839   0.48790172]
[105.85944735   0.48894829]
[103.58539738   0.48655553]
[99.60945886  0.48580754]
[96.20568175  0.48909707]
[89.6769104   0.49081623]
[83.42692191  0.48767547]
[72.21065919  0.48703906]
[62.27811073  0.49204775]
[43.61243667  0.49516786]
[26.14618546  0.49139069]
[-5.61917701  0.49167792]
[-2.45203706  0.49951949]
[53.54498513  0.49015917]
[16.213637    0.49639938]
[-2.45203706  0.49951949]
[-1.25261421  0.49262221]
[32.39617395  0.49453145]
[9.96364851 0.49325862]
[-1.25261421  0.49262221]
[0.03110005 0.49826732]
[-13.02644265   0.50170563]
[-6.21888844  0.49512656]
[10.60550564  0.49608118]
[-0.61075708  0.49544476]
[7.80143996 0.49592207]
[-2.1311085   0.50093076]
[6.93995926 0.49517666]
[-0.83038065  0.4975219 ]
[5.64348481 0.49632203]
[-1.2653744   0.49941269]
[4.88862584 0.49623567]
[-0.72375891  0.49818095]
[4.05167388 0.49678676]
[-0.80585192  0.49881841]
[3.4650064  0.49688135]
[-0.55556742  0.49836191]
[2.89986355 0.49718055]
[-0.5340428   0.49856651]
[2.4652441  0.49730264]
[-0.4035194   0.49838941]
[2.07401781 0.49748276]
[-0.36012624  0.49844744]
[1.75890152 0.49758884]
[-0.28401625  0.49837339]
[1.4845093  0.49770542]
[-0.24329217  0.4983839 ]
[1.2583531 0.4977876]
[-0.19505615  0.4983495 ]
[1.06461794 0.49786644]
[-0.16263511  0.49834615]
[0.90310604 0.49792724]
[-0.13041184  0.49832812]
[0.76586049 0.49798186]
[-0.1061455   0.49832193]
[0.65079316 0.49802591]
[-0.08396728  0.49831137]
[0.55340355 0.49806424]
[-0.06628956  0.49830564]
[0.47152248 0.49809585]
[-0.05078102  0.49829892]
[0.40235741 0.49812291]
[-0.03806502  0.49829438]
[0.3441256  0.49814548]
[-0.02713175  0.49828989]
[0.29498512 0.49816465]
[-0.01804044  0.49828649]
[-0.2819255   0.49838915]
[0.15075746 0.49822078]
[-0.13769785  0.49833303]
[0.07864363 0.49824884]
[-0.06558402  0.49830497]
[0.04258672 0.49826287]
[0.09172721 0.4982437 ]
[0.00940147 0.49827579]
[-0.0020852   0.49828024]
[-0.02442115  0.49828892]
[-0.02378377  0.49828871]
[0.0173791  0.49827266]
[-0.01006282  0.49828336]
[-0.02154949  0.49828781]
[0.00166373 0.4982788 ]
[-0.01381175  0.4982848 ]
[-0.00220514  0.4982803 ]
[0.00577248 0.49827717]
[-0.00610399  0.49828181]
[-0.00622393  0.49828188]
[-0.01012279  0.49828339]
[-0.00418455  0.49828107]
[-0.00814337  0.49828262]
[-0.00517425  0.49828146]
[-0.00505431  0.4982814 ]

------------------------------------------------------------
Sender: LSF System <lsfadmin@n-62-21-11>
Subject: Job 1756081: <batch_job_this_is_on_purpose_to_utilize_more_kernel> in cluster <dcc> Done

Job <batch_job_this_is_on_purpose_to_utilize_more_kernel> was submitted from host <gbarlogin2> by user <s174007> in cluster <dcc> at Tue Jan 15 17:21:54 2019
Job was executed on host(s) <n-62-21-11>, in queue <hpc>, as user <s174007> in cluster <dcc> at Tue Jan 15 17:26:29 2019
</zhome/b0/b/127184> was used as the home directory.
</zhome/b0/b/127184/Documents/Projects/machine-learning-on-materials> was used as the working directory.
Started at Tue Jan 15 17:26:29 2019
Terminated at Tue Jan 15 18:28:15 2019
Results reported at Tue Jan 15 18:28:15 2019

Your job looked like:

------------------------------------------------------------
# LSBATCH: User input
#!/bin/bash
##Kør på cpu
#BSUB -q hpc
##Navn på job
#BSUB -J batch_job_this_is_on_purpose_to_utilize_more_kernel
##Output fil
#BSUB -o output/batch/batchjobs-%J.out
##Antal kerner
#BSUB -n 1
##Om kernerne må være på forskellige computere
#BSUB -R "span[hosts=1]"
##Ram pr kerne
#BSUB -R "rusage[mem=10GB]"
##Hvor lang tid må den køre hh:mm
#BSUB -W 45:00
##Email når jobbet starter
##og stopper
module purge
module load python3
python3 KRR/batch_KRR_learn.py linear 1 GP newest 100 90
------------------------------------------------------------

Successfully completed.

Resource usage summary:

    CPU time :                                   3703.40 sec.
    Max Memory :                                 1954 MB
    Average Memory :                             1773.27 MB
    Total Requested Memory :                     10240.00 MB
    Delta Memory :                               8286.00 MB
    Max Swap :                                   -
    Max Processes :                              4
    Max Threads :                                5
    Run time :                                   3706 sec.
    Turnaround time :                            3981 sec.

The output (if any) is above this job summary.

