Unloaded module: latex/TeXLive12
Loaded module: python3/3.6.2
[2. 1.]
[2.1 1. ]
[2.   1.05]
[1.9  1.05]
[1.8   1.075]
[1.8   1.125]
[1.7    1.1875]
[1.5    1.2125]
[1.25    1.29375]
[1.15    1.40625]
[0.825    1.571875]
[0.375    1.678125]
[-0.2875     1.9234375]
[-0.05     1.95625]
[0.925    1.459375]
[0.275    1.790625]
[-0.05     1.95625]
[-0.175     1.896875]
[0.575    1.653125]
[0.075    1.815625]
[-0.175     1.896875]
[-0.025     1.928125]
[0.275    1.740625]
[0.075    1.865625]
[-0.125     1.890625]
[0.175    1.815625]
[0.175    1.765625]
[0.275    1.765625]
[0.125    1.803125]
[0.125    1.853125]
[0.1      1.896875]
[0.075    1.840625]
[0.15     1.821875]
[0.15     1.871875]
[0.1625  1.90625]
[0.1375 1.9375]
[0.13125   1.9953125]
[0.175    1.990625]
[0.15     2.021875]
[0.14375   2.0796875]
[0.1125  1.96875]
[0.159375   1.98515625]
[0.171875   2.06953125]
[0.1625  2.10625]
[0.1640625  2.16679688]
[0.140625   2.05859375]
[0.1640625  2.06679688]
[0.1765625  2.15117188]
[0.16992187 2.11884766]
[0.16835937 2.15830078]
[0.16513672 2.08967285]
[0.15771484 2.0770752 ]
[0.1607666  2.08751831]
[0.15812988 2.10409546]
[0.16338501 2.0932785 ]
[0.15988159 2.10048981]
[0.16250916 2.09508133]
[0.16424255 2.11381302]
[0.16163559 2.09409199]
[0.16164474 2.08292332]
[0.16228619 2.10041833]
[0.16315975 2.10140767]
[0.16201663 2.09592091]
[0.1622396  2.09058391]
[0.16227454 2.09795972]
[0.16178201 2.0987993 ]
[0.16232737 2.09601082]
[0.16258528 2.09804964]
[0.16253245 2.09999854]
[0.16237864 2.09700775]
[0.1620679  2.09691784]
[0.16245593 2.09776669]

------------------------------------------------------------
Sender: LSF System <lsfadmin@n-62-21-11>
Subject: Job 1756084: <batch_job_this_is_on_purpose_to_utilize_more_kernel> in cluster <dcc> Done

Job <batch_job_this_is_on_purpose_to_utilize_more_kernel> was submitted from host <gbarlogin2> by user <s174007> in cluster <dcc> at Tue Jan 15 17:21:54 2019
Job was executed on host(s) <n-62-21-11>, in queue <hpc>, as user <s174007> in cluster <dcc> at Tue Jan 15 17:28:04 2019
</zhome/b0/b/127184> was used as the home directory.
</zhome/b0/b/127184/Documents/Projects/machine-learning-on-materials> was used as the working directory.
Started at Tue Jan 15 17:28:04 2019
Terminated at Tue Jan 15 17:31:37 2019
Results reported at Tue Jan 15 17:31:37 2019

Your job looked like:

------------------------------------------------------------
# LSBATCH: User input
#!/bin/bash
##Kør på cpu
#BSUB -q hpc
##Navn på job
#BSUB -J batch_job_this_is_on_purpose_to_utilize_more_kernel
##Output fil
#BSUB -o output/batch/batchjobs-%J.out
##Antal kerner
#BSUB -n 1
##Om kernerne må være på forskellige computere
#BSUB -R "span[hosts=1]"
##Ram pr kerne
#BSUB -R "rusage[mem=10GB]"
##Hvor lang tid må den køre hh:mm
#BSUB -W 45:00
##Email når jobbet starter
##og stopper
module purge
module load python3
python3 KRR/batch_KRR_learn.py linear 1 GP newest 2 20
------------------------------------------------------------

Successfully completed.

Resource usage summary:

    CPU time :                                   211.69 sec.
    Max Memory :                                 1704 MB
    Average Memory :                             1700.75 MB
    Total Requested Memory :                     10240.00 MB
    Delta Memory :                               8536.00 MB
    Max Swap :                                   -
    Max Processes :                              4
    Max Threads :                                5
    Run time :                                   214 sec.
    Turnaround time :                            583 sec.

The output (if any) is above this job summary.

