Unloaded module: latex/TeXLive12
Loaded module: python3/3.6.2
[1000.   10.]
[1050.   10.]
[1000.    10.5]
[1050.     9.5]
[1075.    9.]
[1025.    9.]
[1012.5    8.5]
[1087.5    7.5]
[1131.25    6.25]
[1068.75    5.75]
[1065.625    4.125]
[1184.375    1.875]
[1128.125    4.625]
[1121.875    1.375]
[1109.375    2.875]
[1.196875e+03 3.750000e-01]
[1171.875    1.375]
[1.146875e+03 3.750000e-01]
[1.146875e+03 8.750000e-01]
[1.096875e+03 8.750000e-01]
[1046.875    1.125]
[1096.875    1.375]
[1.134375e+03 6.250000e-01]
[1.084375e+03 6.250000e-01]
[1.053125e+03 5.000000e-01]
[1.121875e+03 3.750000e-01]
[1.103125e+03 7.500000e-01]
[1.053125e+03 7.500000e-01]
[1.0125e+03 8.1250e-01]
[1.071875e+03 8.750000e-01]
[1.08125e+03 6.87500e-01]
[1.075e+03 8.125e-01]
[1.0796875e+03 7.1875000e-01]
[1.0296875e+03 7.1875000e-01]
[9.9296875e+02 7.0312500e-01]
[1.05625e+03 6.87500e-01]
[1.05390625e+03 7.34375000e-01]
[1.05546875e+03 7.03125000e-01]
[1.05429688e+03 7.26562500e-01]
[1.00429688e+03 7.26562500e-01]
[9.66601562e+02 7.30468750e-01]
[1.02890625e+03 7.34375000e-01]
[1.02949219e+03 7.22656250e-01]
[9.79492188e+02 7.22656250e-01]
[9.42089844e+02 7.20703125e-01]
[1.0046875e+03 7.1875000e-01]
[1.00439453e+03 7.24609375e-01]
[9.54394531e+02 7.24609375e-01]
[9.16845703e+02 7.25585938e-01]
[8.91943359e+02 7.23632812e-01]
[8.35717773e+02 7.23144531e-01]
[7.73071289e+02 7.26074219e-01]
[669.86083984   0.7277832 ]
[588.73291016   0.7253418 ]
[424.67651367   0.72521973]
[258.81958008   0.7298584 ]
[-29.6295166    0.73321533]
[13.63525391  0.72729492]
[-314.47753906    0.72705078]
[-152.22167969    0.73193359]
[280.45196533   0.72689819]
[35.26763916  0.72433472]
[-231.54907227    0.72473145]
[152.45170593   0.72635651]
[-103.54881287    0.72527313]
[88.45157623  0.72608566]
[-39.54868317   0.72554398]
[56.45151138  0.72595024]
[-7.54861832  0.7256794 ]
[40.45147896  0.72588253]
[8.45141411 0.72574711]
[-7.54861832  0.7256794 ]
[-13.18097115   0.72870731]
[23.15548658  0.72542787]
[-1.06881857  0.72761416]
[17.0994103   0.72597444]
[4.98725772 0.72706759]
[-1.06881857  0.72761416]
[-0.19658208  0.72551978]
[10.17729491  0.72685114]
[3.26137692 0.72596356]
[-0.19658208  0.72551978]
[-0.20277947  0.72728404]
[6.28786571 0.72613134]
[1.96076892 0.72689981]
[-0.20277947  0.72728404]
[0.23488812 0.72579578]
[-2.14129668  0.72515988]
[-1.06571987  0.72673203]
[2.17960272 0.72615568]
[0.01605432 0.72653991]
[-1.06571987  0.72673203]
[-1.70982648  0.72543589]
[1.04312007 0.72653383]
[-0.79217763  0.72580187]
[0.58429565 0.72635084]
[-0.3333532   0.72598486]
[0.35488344 0.72625934]
[-0.10394099  0.72607635]
[0.24017733 0.7262136 ]
[0.01076512 0.7261221 ]
[-0.10394099  0.72607635]
[-0.20806868  0.72686623]
[0.12414892 0.7260634 ]
[-0.09732948  0.72659862]
[0.06877932 0.7261972 ]
[-0.04195988  0.72646481]
[0.04109452 0.7262641 ]
[-0.01427508  0.72639791]
[-0.04195988  0.72646481]
[-0.01956429  0.7259801 ]
[0.00714967 0.72639996]
[-0.01789052  0.72667577]
[0.00360121 0.72626052]
[0.02502596 0.72626257]
[-0.00444982  0.72636407]
[-0.00799829  0.72622463]
[-0.01604931  0.72632819]
[-0.00131142  0.72627744]
[-0.01113668  0.72631127]
[-0.00376774  0.72628589]
[-2.19272594e-04  7.26425336e-01]
[-0.00605353  0.72627481]
[-0.00673561  0.72635299]
[-0.00833933  0.72626372]
[-0.0054222   0.72633899]

------------------------------------------------------------
Sender: LSF System <lsfadmin@n-62-21-13>
Subject: Job 1756028: <batch_job_this_is_on_purpose_to_utilize_more_kernel> in cluster <dcc> Done

Job <batch_job_this_is_on_purpose_to_utilize_more_kernel> was submitted from host <gbarlogin2> by user <s174007> in cluster <dcc> at Tue Jan 15 17:21:50 2019
Job was executed on host(s) <n-62-21-13>, in queue <hpc>, as user <s174007> in cluster <dcc> at Tue Jan 15 17:21:51 2019
</zhome/b0/b/127184> was used as the home directory.
</zhome/b0/b/127184/Documents/Projects/machine-learning-on-materials> was used as the working directory.
Started at Tue Jan 15 17:21:51 2019
Terminated at Tue Jan 15 17:51:28 2019
Results reported at Tue Jan 15 17:51:28 2019

Your job looked like:

------------------------------------------------------------
# LSBATCH: User input
#!/bin/bash
##Kør på cpu
#BSUB -q hpc
##Navn på job
#BSUB -J batch_job_this_is_on_purpose_to_utilize_more_kernel
##Output fil
#BSUB -o output/batch/batchjobs-%J.out
##Antal kerner
#BSUB -n 1
##Om kernerne må være på forskellige computere
#BSUB -R "span[hosts=1]"
##Ram pr kerne
#BSUB -R "rusage[mem=10GB]"
##Hvor lang tid må den køre hh:mm
#BSUB -W 45:00
##Email når jobbet starter
##og stopper
module purge
module load python3
python3 KRR/batch_KRR_learn.py linear 10 GP newest 1000 60
------------------------------------------------------------

Successfully completed.

Resource usage summary:

    CPU time :                                   1776.27 sec.
    Max Memory :                                 1832 MB
    Average Memory :                             1743.98 MB
    Total Requested Memory :                     10240.00 MB
    Delta Memory :                               8408.00 MB
    Max Swap :                                   -
    Max Processes :                              4
    Max Threads :                                5
    Run time :                                   1787 sec.
    Turnaround time :                            1778 sec.

The output (if any) is above this job summary.

