Unloaded module: latex/TeXLive12
Loaded module: python3/3.6.2
[1000.    1.]
[1.05e+03 1.00e+00]
[1000.      1.05]
[950.     1.05]
[900.      1.075]
[900.      1.125]
[850.       1.1875]
[750.       1.2125]
[625.        1.29375]
[575.        1.40625]
[350.       1.5125]
[725.        1.26875]
[475.        1.43125]
[662.5        1.309375]
[712.5        1.196875]
[609.375        1.35390625]
[646.875        1.36953125]
[593.75        1.4140625]
[645.3125       1.33554687]
[607.8125       1.31992187]
[617.578125     1.33232422]
[653.515625     1.31396484]
[620.41015625   1.3439209 ]
[648.14453125   1.34714355]
[625.21972656   1.33602905]
[600.31738281   1.34440308]
[577.81982422   1.34883118]
[605.12695312   1.33651123]
[597.48535156   1.3328064 ]
[580.22460938   1.34488525]
[557.72705078   1.34931335]
[585.03417969   1.33699341]
[577.39257812   1.33328857]
[560.13183594   1.34536743]
[564.94140625   1.33747559]
[557.29980469   1.33377075]
[589.84375      1.32910156]
[567.55981445   1.34130096]
[547.46704102   1.34178314]
[528.68347168   1.34417801]
[526.06506348   1.34035263]
[505.31768799   1.33987846]
[469.05975342   1.34658089]
[445.69396973   1.34228134]
[404.19921875   1.34133301]
[440.45715332   1.33463058]
[339.33868408   1.33608513]
[256.34918213   1.33418846]
[220.09124756   1.34089088]
[109.90829468   1.34402103]
[-37.94174194   1.33687649]
[293.66397858   1.34021888]
[72.59349823  1.33799062]
[-37.94174194   1.33687649]
[-73.84738922   1.34782319]
[173.80003929   1.33759714]
[8.70175362 1.34441451]
[-73.84738922   1.34782319]
[-28.61304283   1.33838409]
[75.2779603  1.3426118]
[6.01729155 1.33979333]
[-28.61304283   1.33838409]
[-57.87445307   1.34621722]
[39.97651041  1.34004727]
[-25.25746524   1.34416057]
[23.66801649  1.34107559]
[-8.94897133  1.34313224]
[15.51376954  1.34158976]
[-0.79472438  1.34261808]
[11.43664606  1.34184684]
[3.2823991 1.342361 ]
[-0.79472438  1.34261808]
[0.59793703 1.33773982]
[-3.45397126  1.33440247]
[-2.13695541  1.34030749]
[3.97872981 1.33992187]
[-0.09839367  1.34017895]
[2.95944894 1.33998614]
[0.27498687 1.33536496]
[-1.22871925  1.33186694]
[-2.08652504  1.33311864]
[1.69795544 1.33826926]
[-0.82503154  1.33483551]
[1.0672087  1.33741083]
[-0.1942848   1.33569395]
[0.75183532 1.33698161]
[0.12108858 1.33612317]
[-0.1942848   1.33569395]
[-0.20186159  1.33374831]
[0.39798738 1.33674194]
[-0.00191193  1.33474619]
[-0.20186159  1.33374831]
[-0.15581022  1.3355044 ]
[0.16728759 1.33539982]
[-0.04811095  1.33546954]
[0.11343796 1.33541725]
[-0.00956255  1.33404026]
[-0.12491244  1.3333692 ]
[0.05385036 1.33490524]
[-0.06532484  1.33388121]
[0.02405656 1.33464923]
[0.03170718 1.33535515]
[0.02138974 1.33502643]
[-0.00457875  1.33512339]
[0.01689773 1.33476777]
[0.04019941 1.33504801]
[0.0086159  1.33482164]
[0.00412389 1.33456298]
[-0.00415794  1.33461686]
[0.01163381 1.33473004]
[0.01612583 1.3349887 ]
[0.00712437 1.33466941]
[0.00410646 1.33476101]
[0.00975198 1.33473778]
[0.0059883  1.33475327]
[0.00881106 1.33474166]
[0.01030258 1.33489389]
[0.00791893 1.33472553]

------------------------------------------------------------
Sender: LSF System <lsfadmin@n-62-21-90>
Subject: Job 1756066: <batch_job_this_is_on_purpose_to_utilize_more_kernel> in cluster <dcc> Done

Job <batch_job_this_is_on_purpose_to_utilize_more_kernel> was submitted from host <gbarlogin2> by user <s174007> in cluster <dcc> at Tue Jan 15 17:21:53 2019
Job was executed on host(s) <n-62-21-90>, in queue <hpc>, as user <s174007> in cluster <dcc> at Tue Jan 15 17:21:54 2019
</zhome/b0/b/127184> was used as the home directory.
</zhome/b0/b/127184/Documents/Projects/machine-learning-on-materials> was used as the working directory.
Started at Tue Jan 15 17:21:54 2019
Terminated at Tue Jan 15 17:36:45 2019
Results reported at Tue Jan 15 17:36:45 2019

Your job looked like:

------------------------------------------------------------
# LSBATCH: User input
#!/bin/bash
##Kør på cpu
#BSUB -q hpc
##Navn på job
#BSUB -J batch_job_this_is_on_purpose_to_utilize_more_kernel
##Output fil
#BSUB -o output/batch/batchjobs-%J.out
##Antal kerner
#BSUB -n 1
##Om kernerne må være på forskellige computere
#BSUB -R "span[hosts=1]"
##Ram pr kerne
#BSUB -R "rusage[mem=10GB]"
##Hvor lang tid må den køre hh:mm
#BSUB -W 45:00
##Email når jobbet starter
##og stopper
module purge
module load python3
python3 KRR/batch_KRR_learn.py linear 1 GP newest 1000 40
------------------------------------------------------------

Successfully completed.

Resource usage summary:

    CPU time :                                   890.14 sec.
    Max Memory :                                 1900 MB
    Average Memory :                             1739.31 MB
    Total Requested Memory :                     10240.00 MB
    Delta Memory :                               8340.00 MB
    Max Swap :                                   -
    Max Processes :                              4
    Max Threads :                                5
    Run time :                                   892 sec.
    Turnaround time :                            892 sec.

The output (if any) is above this job summary.

