Unloaded module: latex/TeXLive12
Loaded module: python3/3.6.2
[-100.    1.]
[-105.    1.]
[-100.      1.05]
[-105.      1.05]
[-107.5      1.075]
[-102.5      1.125]
[-101.25      1.1875]
[-108.75      1.2125]
[-113.125      1.29375]
[-106.875      1.40625]
[-106.5625      1.571875]
[-118.4375      1.678125]
[-127.03125      1.9234375]
[-120.46875      2.2015625]
[-124.140625      2.65546875]
[-140.9375      2.553125]
[-158.125      3.04375]
[-134.375      2.83125]
[-132.5390625     2.60429688]
[-128.8671875     2.15039063]
[-131.62109375    2.49082031]
[-152.08984375    2.84238281]
[-128.37402344    2.36176758]
[-119.05761719    2.29946289]
[-115.81054688    2.17041016]
[-127.66845703    2.41071777]
[-136.98486328    2.47302246]
[-132.50305176    2.42963257]
[-123.53942871    2.34285278]
[-130.262146      2.40793762]
[-129.55657959    2.45688782]
[-128.66966248    2.38554764]
[-131.26335144    2.38276749]
[-129.67086792    2.3603775 ]
[-130.11432648    2.39604759]
[-127.52063751    2.39882774]
[-125.64928055    2.40685787]
[-128.96530151    2.4093277 ]
[-128.74357224    2.39149265]
[-126.14988327    2.3942728 ]
[-124.16766167    2.39338541]
[-122.94472694    2.4007205 ]
[-119.5917511     2.39527817]
[-115.62730789    2.39350338]
[-116.85024261    2.38616829]
[-108.30988884    2.38628626]
[-100.38100243    2.38273668]
[-99.1580677    2.39007177]
[-90.31198025   2.39202352]
[-75.06567478   2.38125682]
[-54.78485823   2.37513354]
[-44.71583605   2.38442037]
[-16.88325286   2.38526222]
[18.64386916  2.36837224]
[-63.0730179   2.3861107]
[-8.59509319  2.37428506]
[18.64386916  2.36837224]
[29.30651218  2.38441373]
[-33.76201563   2.37745359]
[8.28366958 2.38209369]
[-23.25059433   2.37861361]
[-2.22775172  2.38093366]
[8.28366958 2.38209369]
[6.06040794 2.3699565 ]
[-11.14733766   2.38143579]
[0.32449274 2.37378293]
[-8.27938006  2.37952257]
[-1.91203859  2.38617118]
[4.13958974 2.38758226]
[-5.17463761  2.3815375 ]
[1.03484729 2.38556734]
[-3.62226638  2.38254496]
[-3.93797952  2.37730744]
[-3.43149428  2.37952338]
[-2.03697963  2.37791208]
[-3.22594469  2.38138674]
[-2.02220213  2.38279702]
[-3.07917125  2.38034179]
[-4.07736422  2.38079486]
[-2.69015485  2.38089896]
[-2.5433814   2.37985401]
[-2.154365    2.38041119]
[-2.84796969  2.38035914]
[-2.38556656  2.38039384]
[-2.7323689   2.38036781]
[-2.87914235  2.38141276]
[-2.62732164  2.3802437 ]
[-2.58510758  2.38077485]
[-2.64794079  2.38143011]
[-2.65825037  2.38202332]
[-2.76329763  2.38214743]
[-2.73139315  2.38327179]
[-2.7520123  2.3844582]
[-2.64696504  2.38433409]
[-2.58879874  2.38542742]
[-2.68256068  2.3878623 ]
[-2.69471583  2.39078179]
[-2.53150227  2.391751  ]
[-2.42124725  2.3953974 ]
[-2.52716434  2.40075177]
[-2.49634714  2.40841395]
[-2.22287855  2.41302957]
[-2.29797845  2.42604612]
[-2.23634405  2.44137048]
[-2.50981263  2.43675486]
[-2.65327967  2.44861751]
[-2.39327657  2.48157404]
[-2.81021219  2.48882107]
[-2.37981108  2.45323313]
[-2.63981418  2.4202766 ]
[-2.45491097  2.46624968]
[-2.18144239  2.47086529]
[-2.53532035  2.45417946]
[-2.46022046  2.44116291]
[-2.45623834  2.45997798]
[-2.61174761  2.46092431]
[-2.43779521  2.45515592]
[-2.51687722  2.4493574 ]
[-2.61440235  2.44838093]
[-2.481947    2.45346217]
[-2.50039013  2.45828424]
[-2.44701678  2.45756695]
[-2.51324446  2.45502633]
[-2.49480133  2.45020427]
[-2.49619853  2.45222426]
[-2.46490107  2.45066011]
[-2.50115861  2.45393477]
[-2.48690708  2.45517269]
[-2.46769547  2.45470009]
[-2.49279282  2.4541261 ]
[-2.48783274  2.45241559]
[-2.4871385   2.45448341]
[-2.49798432  2.45514734]
[-2.48595633  2.45388347]
[-2.480302    2.45424078]
[-2.48967012  2.45415477]
[-2.48848795  2.45355482]
[-2.48815059  2.45378697]
[-2.4844368   2.45351567]
[-2.48836179  2.45399499]
[-2.49055605  2.4538985 ]
[-2.48710626  2.45388722]
[-2.48731746  2.45409525]
[-2.48794231  2.45386404]
[-2.48919784  2.45397181]
[-2.48867494  2.45395066]

------------------------------------------------------------
Sender: LSF System <lsfadmin@n-62-21-11>
Subject: Job 1756052: <batch_job_this_is_on_purpose_to_utilize_more_kernel> in cluster <dcc> Done

Job <batch_job_this_is_on_purpose_to_utilize_more_kernel> was submitted from host <gbarlogin2> by user <s174007> in cluster <dcc> at Tue Jan 15 17:21:52 2019
Job was executed on host(s) <n-62-21-11>, in queue <hpc>, as user <s174007> in cluster <dcc> at Tue Jan 15 17:21:53 2019
</zhome/b0/b/127184> was used as the home directory.
</zhome/b0/b/127184/Documents/Projects/machine-learning-on-materials> was used as the working directory.
Started at Tue Jan 15 17:21:53 2019
Terminated at Tue Jan 15 17:25:00 2019
Results reported at Tue Jan 15 17:25:00 2019

Your job looked like:

------------------------------------------------------------
# LSBATCH: User input
#!/bin/bash
##Kør på cpu
#BSUB -q hpc
##Navn på job
#BSUB -J batch_job_this_is_on_purpose_to_utilize_more_kernel
##Output fil
#BSUB -o output/batch/batchjobs-%J.out
##Antal kerner
#BSUB -n 1
##Om kernerne må være på forskellige computere
#BSUB -R "span[hosts=1]"
##Ram pr kerne
#BSUB -R "rusage[mem=10GB]"
##Hvor lang tid må den køre hh:mm
#BSUB -W 45:00
##Email når jobbet starter
##og stopper
module purge
module load python3
python3 KRR/batch_KRR_learn.py linear 1 GP newest -100 10
------------------------------------------------------------

Successfully completed.

Resource usage summary:

    CPU time :                                   185.28 sec.
    Max Memory :                                 1694 MB
    Average Memory :                             1623.75 MB
    Total Requested Memory :                     10240.00 MB
    Delta Memory :                               8546.00 MB
    Max Swap :                                   -
    Max Processes :                              4
    Max Threads :                                5
    Run time :                                   187 sec.
    Turnaround time :                            188 sec.

The output (if any) is above this job summary.

