Unloaded module: latex/TeXLive12
Loaded module: python3/3.6.2
[2. 1.]
[2.1 1. ]
[2.   1.05]
[1.9  1.05]
[1.8   1.075]
[1.8   1.125]
[1.6  1.15]
[1.4 1.2]
[1.4  1.15]
[1.2    1.1625]
[0.8    1.2875]
[0.3     1.39375]
[0.1     1.35625]
[-0.55      1.434375]
[-0.8     1.5875]
[0.7     1.26875]
[-0.3      1.48125]
[0.45     1.321875]
[-0.05      1.428125]
[0.325     1.3484375]
[0.075     1.4015625]
[-0.05      1.428125]
[-0.125      1.3640625]
[0.19375    1.38632812]
[-0.01875     1.37148437]
[-0.125      1.3640625]
[-0.04375     1.41679687]
[0.0640625  1.37138672]
[-0.0296875   1.34130859]
[0.04882812 1.38649902]
[0.13164062 1.38640137]
[0.01884766 1.37521362]
[0.00361328 1.39032593]
[-0.02661133  1.39979553]
[-0.02636719  1.37904053]
[0.0300293 1.3846344]
[-0.00756836  1.38090515]
[-0.02280273  1.39601746]
[0.00843506 1.38041458]
[0.0196167  1.38983536]
[-7.72094727e-04  1.38313770e+00]
[-0.00559387  1.39304905]
[0.00492783 1.3835732 ]
[5.42449951e-04 1.37638497e+00]
[-9.92965698e-04  1.36941450e+00]
[-0.00669289  1.368979  ]
[0.00202265 1.37992465]
[0.00180178 1.36620144]
[0.00308871 1.35773331]
[7.30991364e-05 1.34722316e+00]
[-9.01675224e-04  1.33087242e+00]
[0.00318    1.31919123]
[0.00526649 1.2940796 ]
[0.0012761 1.2672187]
[3.69793177e-04 1.22196140e+00]
[0.00653796 1.18516858]
[0.00164126 1.11305038]
[-1.71351433e-04  1.02253576e+00]
[-0.00633951  1.05932858]
[-0.00688066  0.85990295]
[-0.01050588  0.67887373]
[-0.00433772  0.64208091]
[-0.01467226  0.29841887]
[-0.00379658  0.84150654]
[-0.01104703  0.47944809]
[-0.00560919  0.75099193]
[-0.01177735  0.78778475]
[-0.01667405  0.71566654]
[-0.0083754   0.74216058]
[-0.00710394  0.63324956]
[-0.010609    0.74915095]
[-0.01273948  0.68586409]
[-0.01492152  0.65771585]
[-0.01263636  0.61558687]
[-0.01212952  0.64897789]
[-0.01436312  0.65596826]
[-0.01147019  0.67314736]
[-0.01086024  0.63626116]
[-0.01226967  0.67346336]
[-0.012929    0.64929389]
[-0.01183489  0.66718399]
[-0.01197504  0.69166946]
[-0.0120909   0.65965078]
[-0.01165613  0.65337142]
[-0.01211628  0.66844037]
[-0.01237229  0.66090716]
[-0.01196924  0.66561478]
[-0.01194386  0.65682519]
[-0.01207318  0.66553658]
[-0.01195152  0.67150058]
[-0.01205606  0.66261323]
[-0.01215999  0.66253503]
[-0.01225537  0.66099515]
[-0.01214287  0.65961168]
[-0.0120906   0.66405535]
[-0.01219454  0.66397715]
[-0.01209068  0.66295421]
[-0.01202129  0.66447454]
[-0.01212532  0.6630199 ]
[-0.01212524  0.66412105]
[-0.01209932  0.66324592]

------------------------------------------------------------
Sender: LSF System <lsfadmin@n-62-28-33>
Subject: Job 1756087: <batch_job_this_is_on_purpose_to_utilize_more_kernel> in cluster <dcc> Done

Job <batch_job_this_is_on_purpose_to_utilize_more_kernel> was submitted from host <gbarlogin2> by user <s174007> in cluster <dcc> at Tue Jan 15 17:21:55 2019
Job was executed on host(s) <n-62-28-33>, in queue <hpc>, as user <s174007> in cluster <dcc> at Tue Jan 15 17:29:27 2019
</zhome/b0/b/127184> was used as the home directory.
</zhome/b0/b/127184/Documents/Projects/machine-learning-on-materials> was used as the working directory.
Started at Tue Jan 15 17:29:27 2019
Terminated at Tue Jan 15 17:41:34 2019
Results reported at Tue Jan 15 17:41:34 2019

Your job looked like:

------------------------------------------------------------
# LSBATCH: User input
#!/bin/bash
##Kør på cpu
#BSUB -q hpc
##Navn på job
#BSUB -J batch_job_this_is_on_purpose_to_utilize_more_kernel
##Output fil
#BSUB -o output/batch/batchjobs-%J.out
##Antal kerner
#BSUB -n 1
##Om kernerne må være på forskellige computere
#BSUB -R "span[hosts=1]"
##Ram pr kerne
#BSUB -R "rusage[mem=10GB]"
##Hvor lang tid må den køre hh:mm
#BSUB -W 45:00
##Email når jobbet starter
##og stopper
module purge
module load python3
python3 KRR/batch_KRR_learn.py linear 1 GP newest 2 50
------------------------------------------------------------

Successfully completed.

Resource usage summary:

    CPU time :                                   726.97 sec.
    Max Memory :                                 1755 MB
    Average Memory :                             1725.78 MB
    Total Requested Memory :                     10240.00 MB
    Delta Memory :                               8485.00 MB
    Max Swap :                                   -
    Max Processes :                              4
    Max Threads :                                5
    Run time :                                   743 sec.
    Turnaround time :                            1179 sec.

The output (if any) is above this job summary.

