Unloaded module: latex/TeXLive12
Loaded module: python3/3.6.2
[-100.    1.]
[-105.    1.]
[-100.      1.05]
[-105.      0.95]
[-107.5    0.9]
[-112.5    0.9]
[-118.75    0.85]
[-121.25    0.75]
[-129.375    0.625]
[-132.5    0.7]
[-145.     0.6]
[-135.     0.6]
[-122.8125    0.7875]
[-130.9375    0.6625]
[-124.84375    0.75625]
[-128.90625    0.69375]
[-127.890625    0.709375]
[-139.140625    0.659375]
[-125.72265625    0.72734375]
[-121.11328125    0.73671875]
[-118.9453125    0.7546875]
[-125.65429688    0.72070312]
[-130.26367188    0.71132812]
[-127.97607422    0.71767578]
[-123.40087891    0.73037109]
[-126.83227539    0.72084961]
[-126.76391602    0.71420898]
[-125.98297119    0.72406006]
[-127.16094971    0.72420654]
[-127.91427612    0.72595825]
[-126.31164551    0.72741699]
[-126.70211792    0.72249146]
[-127.88009644    0.72263794]
[-128.82865906    0.72192688]
[-129.28749084    0.72364197]
[-130.58017731    0.72421722]
[-132.24788666    0.72193756]
[-134.79135513    0.72080307]
[-136.54287338    0.72309341]
[-140.39998055    0.72367668]
[-144.61115837    0.72026253]
[-150.21978378    0.72313614]
[-157.93399811    0.72430267]
[-153.72282028    0.72771683]
[-171.25683784    0.72834282]
[-186.68526649    0.73067589]
[-190.89644432    0.72726173]
[-209.48325634    0.72703419]
[-238.23452473    0.7334074 ]
[-261.03251457    0.7297657 ]
[-298.20613861    0.72931061]
[-269.45487022    0.72293739]
[-285.06504297    0.71770239]
[-358.17775249    0.72521381]
[-432.52500057    0.72430363]
[-403.77373219    0.71793041]
[-566.84386253    0.71929665]
[-715.53835869    0.71747627]
[-7.44289627e+02  7.23849487e-01]
[-9.14547575e+02  7.26809025e-01]
[-1.19756093e+03  7.19981670e-01]
[-1.58007890e+03  7.17820692e-01]
[-1.39657015e+03  7.29314423e-01]
[-1.67958351e+03  7.22487068e-01]
[-2.06210147e+03  7.20326090e-01]
[-1.48057429e+03  7.13154316e-01]
[-1.41757118e+03  7.25274396e-01]
[-1.89959376e+03  7.27779794e-01]
[-1.72408555e+03  7.25830263e-01]
[-1.98609787e+03  7.23042935e-01]
[-2.27036122e+03  7.21927205e-01]
[-2.31486326e+03  7.25270399e-01]
[-2.63250314e+03  7.26662065e-01]
[-2.86113893e+03  7.21367341e-01]
[-2.90564098e+03  7.24710536e-01]
[-3.22328086e+03  7.26102202e-01]
[-2.35936531e+03  7.28613594e-01]
[-2.73569553e+03  7.23178905e-01]
[-3.32647324e+03  7.22619041e-01]
[-3.83227823e+03  7.21293362e-01]
[-3.49641869e+03  7.24150673e-01]
[-3.87678027e+03  7.24636557e-01]
[-4.29761253e+03  7.22545062e-01]
[-4.84791957e+03  7.24562577e-01]
[-5.60864273e+03  7.25534345e-01]
[-4.42708730e+03  7.26654072e-01]
[-4.32998123e+03  7.23572314e-01]
[-5.30112052e+03  7.23498335e-01]
[-6.01329064e+03  7.22929224e-01]
[-6.53122898e+03  7.23919487e-01]
[-7.63185286e+03  7.24093073e-01]
[-8.79722394e+03  7.22459720e-01]
[-1.04157862e+04  7.23623569e-01]
[-1.26170339e+04  7.23970742e-01]
[-1.14516628e+04  7.25604095e-01]
[-1.64368439e+04  7.25481764e-01]
[-1.7602215e+04  7.2384841e-01]
[-2.06774910e+04  7.22970568e-01]
[-1.37824050e+04  7.22337389e-01]
[-1.57732342e+04  7.24695670e-01]
[-2.07584152e+04  7.24573338e-01]
[-2.48291059e+04  7.24874637e-01]
[-2.66580867e+04  7.24027377e-01]
[-3.21005129e+04  7.23693231e-01]
[-3.93274039e+04  7.24719458e-01]
[-4.65988109e+04  7.23538052e-01]
[-5.74836634e+04  7.22869759e-01]
[-3.93719200e+04  7.22511825e-01]
[-3.93385329e+04  7.24167549e-01]
[-5.38368309e+04  7.24012370e-01]
[-6.47049898e+04  7.24171940e-01]
[-7.19652678e+04  7.23542442e-01]
[-9.00714467e+04  7.24176330e-01]
[-1.11807765e+05  7.24495469e-01]
[-8.28111687e+04  7.24805828e-01]
[-7.46767431e+04  7.23858288e-01]
[-1.00043200e+05  7.23862679e-01]
[-1.17712305e+05  7.23708048e-01]
[-1.33107009e+05  7.24026090e-01]
[-1.62322142e+05  7.24109990e-01]
[-1.89963000e+05  7.23641709e-01]
[-2.34572836e+05  7.24043651e-01]
[-2.93003102e+05  7.24211452e-01]
[-2.65362244e+05  7.24679734e-01]
[-2.08812811e+05  7.23901215e-01]
[-3.39493771e+05  7.24002677e-01]
[-4.28079586e+05  7.23949020e-01]
[-5.12269878e+05  7.24259257e-01]
[-6.63998411e+05  7.24438278e-01]
[-6.47346362e+05  7.23996824e-01]
[-7.31536653e+05  7.24307061e-01]
[-5.03943853e+05  7.24038530e-01]
[-3.68867369e+05  7.24300962e-01]
[-5.77726614e+05  7.24072859e-01]
[-5.69400589e+05  7.23852132e-01]
[-5.26552556e+05  7.24157476e-01]
[-5.40835233e+05  7.24055694e-01]
[-5.44998246e+05  7.24166058e-01]
[-5.73563601e+05  7.23962496e-01]
[-5.66422262e+05  7.24013386e-01]
[-5.29530882e+05  7.23996222e-01]
[-5.03943853e+05  7.24038530e-01]
[-5.50802660e+05  7.24019672e-01]
[-5.35183058e+05  7.24025958e-01]
[-5.53628748e+05  7.24034540e-01]
[-5.22389543e+05  7.24047112e-01]
[-5.45818947e+05  7.24037683e-01]
[-5.51471122e+05  7.24067420e-01]
[-5.39255074e+05  7.24036323e-01]
[-5.34271361e+05  7.24054335e-01]
[-5.42932050e+05  7.24041846e-01]
[-5.40045154e+05  7.24046009e-01]
[-5.43327090e+05  7.24046689e-01]
[-5.37553297e+05  7.24055015e-01]
[-5.38343377e+05  7.24064700e-01]
[-5.39619709e+05  7.24050682e-01]
[-5.39194265e+05  7.24055355e-01]
[-5.40440194e+05  7.24050852e-01]
[-5.39589305e+05  7.24060197e-01]
[-5.40227471e+05  7.24053188e-01]
[-5.40014749e+05  7.24055524e-01]
[-5.40637713e+05  7.24053273e-01]
[-5.41458198e+05  7.24053443e-01]
[-5.42179922e+05  7.24052402e-01]
[-5.41260678e+05  7.24051022e-01]
[-5.40941594e+05  7.24054526e-01]
[-5.41047955e+05  7.24053358e-01]
[-5.41146715e+05  7.24054569e-01]
[-5.41359438e+05  7.24052232e-01]
[-5.41199896e+05  7.24053985e-01]
[-5.41306257e+05  7.24052816e-01]
[-5.41226486e+05  7.24053693e-01]
[-5.41253077e+05  7.24053401e-01]
[-5.41329047e+05  7.24053714e-01]
[-5.41534168e+05  7.24053756e-01]
[-5.41663319e+05  7.24053486e-01]
[-5.41412615e+05  7.24053657e-01]
[-5.41336644e+05  7.24053343e-01]
[-5.41386025e+05  7.24053447e-01]
[-5.41435406e+05  7.24053550e-01]
[-5.41496183e+05  7.24053600e-01]
[-5.41397421e+05  7.24053393e-01]
[-5.41420212e+05  7.24053286e-01]
[-5.41424011e+05  7.24053352e-01]
[-5.41431608e+05  7.24053484e-01]
[-5.41425910e+05  7.24053385e-01]
[-5.41486687e+05  7.24053435e-01]
[-5.41419737e+05  7.24053404e-01]
[-5.41452025e+05  7.24053462e-01]
[-5.41432439e+05  7.24053404e-01]
[-5.41438967e+05  7.24053423e-01]
[-5.41442054e+05  7.24053414e-01]
[-5.41455111e+05  7.24053452e-01]
[-5.41445318e+05  7.24053424e-01]
[-5.41451847e+05  7.24053443e-01]
[-5.41446950e+05  7.24053428e-01]
[-5.41448583e+05  7.24053433e-01]
[-5.41451758e+05  7.24053433e-01]
[-5.41455022e+05  7.24053443e-01]
[-5.41454206e+05  7.24053441e-01]
[-5.41452574e+05  7.24053436e-01]
[-5.41462189e+05  7.24053446e-01]
[-5.41451984e+05  7.24053436e-01]
[-5.41455386e+05  7.24053439e-01]
[-5.41453390e+05  7.24053438e-01]
[-5.41456202e+05  7.24053442e-01]
[-5.41455998e+05  7.24053441e-01]
[-5.4145559e+05  7.2405344e-01]
[-5.41460397e+05  7.24053445e-01]
[-5.41458645e+05  7.24053443e-01]
[-5.41456894e+05  7.24053442e-01]
[-5.41455794e+05  7.24053441e-01]
[-5.41459297e+05  7.24053444e-01]
[-5.41460601e+05  7.24053446e-01]
[-5.41459501e+05  7.24053445e-01]
[-5.41457098e+05  7.24053442e-01]
[-5.41459725e+05  7.24053445e-01]
[-5.41458849e+05  7.24053444e-01]
[-5.41459399e+05  7.24053444e-01]
[-5.41458747e+05  7.24053444e-01]
[-5.41458824e+05  7.24053444e-01]
[-5.41458773e+05  7.24053444e-01]
[-5.41458811e+05  7.24053444e-01]
[-5.41458798e+05  7.24053444e-01]
[-5.41458511e+05  7.24053443e-01]
[-5.41458485e+05  7.24053443e-01]
[-5.41458504e+05  7.24053443e-01]
[-5.41458498e+05  7.24053443e-01]
[-5.41458354e+05  7.24053443e-01]
[-5.41458054e+05  7.24053443e-01]
[-5.41457832e+05  7.24053443e-01]
[-5.41457897e+05  7.24053443e-01]
[-5.41458240e+05  7.24053443e-01]
[-5.41458126e+05  7.24053443e-01]
[-5.41458204e+05  7.24053443e-01]
[-5.41458132e+05  7.24053443e-01]
[-5.41458130e+05  7.24053443e-01]
[-5.41458129e+05  7.24053443e-01]
[-5.41458090e+05  7.24053443e-01]
[-5.41458093e+05  7.24053443e-01]
[-5.41458090e+05  7.24053443e-01]
[-5.41458015e+05  7.24053443e-01]
[-5.41457979e+05  7.24053443e-01]
[-5.41458062e+05  7.24053443e-01]
[-5.41458035e+05  7.24053443e-01]
[-5.41458072e+05  7.24053443e-01]
[-5.41458091e+05  7.24053443e-01]
[-5.41458077e+05  7.24053443e-01]
[-5.41458059e+05  7.24053443e-01]
[-5.41458069e+05  7.24053443e-01]
[-5.41458045e+05  7.24053443e-01]
[-5.41458069e+05  7.24053443e-01]
[-5.41458061e+05  7.24053443e-01]
[-5.41458065e+05  7.24053443e-01]
[-5.41458058e+05  7.24053443e-01]
[-5.41458056e+05  7.24053443e-01]
[-5.41458046e+05  7.24053443e-01]
[-5.41458051e+05  7.24053443e-01]
[-5.41458056e+05  7.24053443e-01]
[-5.41458062e+05  7.24053443e-01]
[-5.41458064e+05  7.24053443e-01]
[-5.41458060e+05  7.24053443e-01]
[-5.41458061e+05  7.24053443e-01]
[-5.41458060e+05  7.24053443e-01]
[-5.41458061e+05  7.24053443e-01]
[-5.41458055e+05  7.24053443e-01]
[-5.41458057e+05  7.24053443e-01]
[-5.41458059e+05  7.24053443e-01]
[-5.41458061e+05  7.24053443e-01]
[-5.41458059e+05  7.24053443e-01]
[-5.41458059e+05  7.24053443e-01]
[-5.41458059e+05  7.24053443e-01]
[-5.41458059e+05  7.24053443e-01]
[-5.41458059e+05  7.24053443e-01]
[-5.41458059e+05  7.24053443e-01]
[-5.41458057e+05  7.24053443e-01]

------------------------------------------------------------
Sender: LSF System <lsfadmin@n-62-21-90>
Subject: Job 1756058: <batch_job_this_is_on_purpose_to_utilize_more_kernel> in cluster <dcc> Done

Job <batch_job_this_is_on_purpose_to_utilize_more_kernel> was submitted from host <gbarlogin2> by user <s174007> in cluster <dcc> at Tue Jan 15 17:21:52 2019
Job was executed on host(s) <n-62-21-90>, in queue <hpc>, as user <s174007> in cluster <dcc> at Tue Jan 15 17:21:53 2019
</zhome/b0/b/127184> was used as the home directory.
</zhome/b0/b/127184/Documents/Projects/machine-learning-on-materials> was used as the working directory.
Started at Tue Jan 15 17:21:53 2019
Terminated at Tue Jan 15 18:26:10 2019
Results reported at Tue Jan 15 18:26:10 2019

Your job looked like:

------------------------------------------------------------
# LSBATCH: User input
#!/bin/bash
##Kør på cpu
#BSUB -q hpc
##Navn på job
#BSUB -J batch_job_this_is_on_purpose_to_utilize_more_kernel
##Output fil
#BSUB -o output/batch/batchjobs-%J.out
##Antal kerner
#BSUB -n 1
##Om kernerne må være på forskellige computere
#BSUB -R "span[hosts=1]"
##Ram pr kerne
#BSUB -R "rusage[mem=10GB]"
##Hvor lang tid må den køre hh:mm
#BSUB -W 45:00
##Email når jobbet starter
##og stopper
module purge
module load python3
python3 KRR/batch_KRR_learn.py linear 1 GP newest -100 60
------------------------------------------------------------

Successfully completed.

Resource usage summary:

    CPU time :                                   3855.07 sec.
    Max Memory :                                 1831 MB
    Average Memory :                             1749.65 MB
    Total Requested Memory :                     10240.00 MB
    Delta Memory :                               8409.00 MB
    Max Swap :                                   -
    Max Processes :                              4
    Max Threads :                                5
    Run time :                                   3857 sec.
    Turnaround time :                            3858 sec.

The output (if any) is above this job summary.

