Unloaded module: latex/TeXLive12
Loaded module: python3/3.6.2
[-100.   10.]
[-105.   10.]
[-100.    10.5]
[-105.     9.5]
[-107.5    9. ]
[-112.5    9. ]
[-118.75    8.5 ]
[-121.25    7.5 ]
[-129.375    6.25 ]
[-140.625    5.75 ]
[-157.1875    4.125 ]
[-167.8125    1.875 ]
[-145.9375    4.625 ]
[-179.0625    1.375 ]
[-165.3125    2.875 ]
[-181.5625    0.375 ]
[-174.0625    1.375 ]
[-186.5625    0.375 ]
[-181.5625    0.875 ]
[-186.5625    0.875 ]
[-189.0625    1.125 ]
[-181.5625    1.375 ]
[-185.3125    0.625 ]
[-190.3125    0.625 ]
[-194.6875    0.5   ]
[-189.0625    0.375 ]
[-187.1875    0.75  ]
[-188.4375    0.5   ]
[-187.5       0.6875]
[-192.5       0.6875]
[-196.09375    0.71875]
[-189.6875    0.75  ]
[-190.15625    0.65625]
[-195.15625    0.65625]
[-198.984375    0.640625]
[-192.8125    0.625 ]
[-192.578125    0.671875]
[-197.578125    0.671875]
[-201.2890625    0.6796875]
[-195.        0.6875]
[-195.1171875    0.6640625]
[-200.1171875    0.6640625]
[-203.88671875    0.66015625]
[-197.65625    0.65625]
[-197.59765625    0.66796875]
[-197.63671875    0.66015625]
[-197.60742188    0.66601562]
[-202.60742188    0.66601562]
[-206.35253906    0.66699219]
[-208.86230469    0.66503906]
[-214.48974609    0.66455078]
[-220.72509766    0.66748047]
[-228.86230469    0.66503906]
[-240.1171875    0.6640625]
[-233.88183594    0.66113281]
[-259.50927734    0.66064453]
[-282.01904297    0.65869141]
[-288.25439453    0.66162109]
[-315.44067383    0.66186523]
[-357.3425293     0.65649414]
[-390.76416016    0.65966797]
[-445.13671875    0.66015625]
[-403.23486328    0.66552734]
[-426.18103027    0.67004395]
[-532.9309082     0.66381836]
[-641.67602539    0.66479492]
[-599.77416992    0.67016602]
[-8.38215332e+02  6.69433594e-01]
[-8.80117188e+02  6.64062500e-01]
[-1.02028870e+03  6.61010742e-01]
[-6.83577881e+02  6.59423828e-01]
[-7.99555969e+02  6.66931152e-01]
[-1.03799713e+03  6.66198730e-01]
[-1.23615768e+03  6.66900635e-01]
[-1.31671890e+03  6.64031982e-01]
[-1.57530037e+03  6.62582397e-01]
[-1.93134087e+03  6.65420532e-01]
[-2.45695271e+03  6.66099548e-01]
[-2.79609539e+03  6.61781311e-01]
[-3.67774773e+03  6.65298462e-01]
[-4.72897141e+03  6.66656494e-01]
[-3.33860504e+03  6.69616699e-01]
[-2.93172280e+03  6.63740158e-01]
[-4.15251782e+03  6.62939072e-01]
[-5.00030038e+03  6.61358833e-01]
[-4.89854275e+03  6.64497375e-01]
[-5.88195272e+03  6.64875984e-01]
[-6.35672282e+03  6.62516594e-01]
[-8.08615771e+03  6.64453506e-01]
[-1.00529777e+04  6.65210724e-01]
[-9.57820756e+03  6.67570114e-01]
[-7.16209400e+03  6.63779974e-01]
[-1.13331189e+04  6.64114714e-01]
[-1.40587021e+04  6.63734078e-01]
[-1.69495857e+04  6.65164828e-01]
[-2.18433316e+04  6.65857255e-01]
[-2.09553101e+04  6.63688183e-01]
[-2.64064763e+04  6.62926912e-01]
[-2.38461938e+04  6.65118933e-01]
[-2.87399396e+04  6.65811360e-01]
[-2.78519181e+04  6.63642287e-01]
[-3.33030844e+04  6.62881017e-01]
[-3.07428018e+04  6.65073037e-01]
[-3.56365477e+04  6.65765464e-01]
[-3.47485262e+04  6.63596392e-01]
[-4.01996924e+04  6.62835121e-01]
[-3.76394098e+04  6.65027142e-01]
[-4.25331557e+04  6.65719569e-01]
[-4.16451342e+04  6.63550496e-01]
[-4.45360179e+04  6.64981246e-01]
[-4.94297637e+04  6.65673673e-01]
[-4.05302935e+04  6.66457891e-01]
[-4.13664241e+04  6.64277345e-01]
[-4.82630321e+04  6.64231449e-01]
[-5.35748432e+04  6.63833603e-01]
[-4.50934383e+04  6.63527548e-01]
[-4.46753730e+04  6.64617822e-01]
[-5.15719810e+04  6.64571926e-01]
[-5.66747595e+04  6.64719217e-01]
[-6.02624186e+04  6.64332844e-01]
[-6.80559415e+04  6.64190356e-01]
[-7.64676689e+04  6.64678123e-01]
[-9.05699873e+04  6.64901460e-01]
[-8.78488508e+04  6.64149262e-01]
[-1.03435896e+05  6.63864285e-01]
[-9.62605783e+04  6.64637029e-01]
[-1.10362897e+05  6.64860366e-01]
[-1.07641760e+05  6.64108168e-01]
[-1.23228806e+05  6.63823191e-01]
[-1.16053488e+05  6.64595935e-01]
[-1.30155806e+05  6.64819272e-01]
[-1.27434670e+05  6.64067075e-01]
[-1.35846397e+05  6.64554842e-01]
[-1.49948715e+05  6.64778179e-01]
[-1.24465215e+05  6.65083703e-01]
[-1.26692306e+05  6.64321232e-01]
[-1.46485215e+05  6.64280138e-01]
[-1.61701079e+05  6.64122239e-01]
[-1.55639306e+05  6.64513748e-01]
[-1.66278125e+05  6.64239044e-01]
[-1.81493989e+05  6.64081146e-01]
[-1.57124034e+05  6.64005434e-01]
[-1.56010488e+05  6.64386670e-01]
[-1.75803398e+05  6.64345576e-01]
[-1.90462489e+05  6.64378295e-01]
[-2.00730125e+05  6.64230670e-01]
[-2.24914489e+05  6.64369920e-01]
[-2.54232671e+05  6.64435358e-01]
[-2.43965035e+05  6.64582984e-01]
[-3.07735218e+05  6.64640047e-01]
[-3.66371582e+05  6.64770923e-01]
[-3.18002854e+05  6.64492422e-01]
[-3.55021764e+05  6.64447141e-01]
[-3.7150540e+05  6.6469711e-01]
[-2.83550854e+05  6.64500796e-01]
[-3.42187218e+05  6.64631672e-01]
[-2.98209945e+05  6.64533515e-01]
[-3.27528127e+05  6.64598953e-01]
[-3.05539490e+05  6.64549875e-01]
[-3.12869036e+05  6.64566234e-01]
[-3.08106399e+05  6.64512968e-01]
[-3.22765491e+05  6.64545687e-01]
[-3.27899309e+05  6.64471875e-01]
[-3.16626604e+05  6.64542644e-01]
[-3.11863968e+05  6.64489379e-01]
[-3.2004011e+05  6.6453161e-01]
[-3.14589348e+05  6.64503456e-01]
[-3.18677419e+05  6.64524572e-01]
[-3.20053669e+05  6.64474349e-01]
[-3.1748337e+05  6.6452557e-01]
[-3.18340137e+05  6.64508497e-01]
[-3.17314729e+05  6.64517533e-01]
[-3.16977446e+05  6.64501458e-01]
[-3.17318119e+05  6.64503218e-01]
[-3.18006244e+05  6.64478106e-01]
[-3.17487608e+05  6.64507676e-01]
[-3.18172343e+05  6.64496880e-01]
[-3.17531675e+05  6.64501633e-01]
[-3.17745231e+05  6.64500049e-01]
[-3.17660487e+05  6.64497820e-01]
[-3.18087598e+05  6.64494651e-01]
[-3.17767265e+05  6.64497027e-01]
[-3.17980820e+05  6.64495443e-01]
[-3.17820654e+05  6.64496631e-01]
[-3.17874043e+05  6.64496235e-01]
[-3.17885059e+05  6.64494724e-01]
[-3.18013871e+05  6.64490911e-01]
[-3.17909000e+05  6.64494904e-01]
[-3.17943957e+05  6.64493573e-01]
[-3.17938448e+05  6.64494328e-01]
[-3.17997346e+05  6.64493177e-01]
[-3.18061751e+05  6.64491270e-01]
[-3.18067260e+05  6.64490515e-01]
[-3.18014824e+05  6.64492511e-01]
[-3.18032303e+05  6.64491846e-01]
[-3.18000100e+05  6.64492799e-01]
[-3.18035057e+05  6.64491468e-01]
[-3.18005608e+05  6.64492044e-01]
[-3.18025629e+05  6.64491895e-01]
[-3.18012282e+05  6.64491994e-01]
[-3.18022292e+05  6.64491920e-01]
[-3.18018956e+05  6.64491945e-01]
[-3.18014242e+05  6.64492158e-01]
[-3.17998140e+05  6.64492635e-01]
[-3.18003344e+05  6.64492463e-01]
[-3.18008548e+05  6.64492290e-01]
[-3.18010905e+05  6.64492183e-01]
[-3.18000497e+05  6.64492528e-01]
[-3.18003099e+05  6.64492442e-01]
[-3.18008303e+05  6.64492269e-01]
[-3.18002609e+05  6.64492401e-01]
[-3.18007063e+05  6.64492318e-01]
[-3.18001614e+05  6.64492470e-01]
[-3.18006631e+05  6.64492320e-01]
[-3.18004959e+05  6.64492370e-01]
[-3.18005578e+05  6.64492346e-01]
[-3.18002234e+05  6.64492446e-01]
[-3.18003070e+05  6.64492421e-01]
[-3.18003906e+05  6.64492396e-01]
[-3.18004216e+05  6.64492384e-01]
[-3.18003164e+05  6.64492409e-01]
[-3.18001802e+05  6.64492447e-01]
[-3.18003613e+05  6.64492400e-01]
[-3.18002405e+05  6.64492432e-01]
[-3.18003311e+05  6.64492408e-01]
[-3.18003009e+05  6.64492416e-01]
[-3.18003233e+05  6.64492411e-01]
[-3.18002630e+05  6.64492427e-01]
[-3.18002475e+05  6.64492433e-01]
[-3.18002608e+05  6.64492428e-01]
[-3.18002742e+05  6.64492424e-01]
[-3.18002932e+05  6.64492419e-01]
[-3.18003044e+05  6.64492416e-01]
[-3.18002966e+05  6.64492419e-01]
[-3.18002958e+05  6.64492419e-01]
[-3.18002949e+05  6.64492419e-01]
[-3.18002893e+05  6.64492420e-01]
[-3.1800291e+05  6.6449242e-01]
[-3.18002815e+05  6.64492423e-01]
[-3.18002849e+05  6.64492422e-01]
[-3.18002882e+05  6.64492421e-01]
[-3.18002901e+05  6.64492420e-01]
[-3.18002873e+05  6.64492421e-01]
[-3.18002826e+05  6.64492422e-01]
[-3.18002883e+05  6.64492421e-01]
[-3.18002845e+05  6.64492422e-01]
[-3.18002873e+05  6.64492421e-01]
[-3.18002864e+05  6.64492421e-01]
[-3.18002868e+05  6.64492421e-01]
[-3.18002849e+05  6.64492422e-01]
[-3.18002864e+05  6.64492421e-01]
[-3.18002859e+05  6.64492421e-01]
[-3.18002861e+05  6.64492421e-01]
[-3.18002852e+05  6.64492422e-01]
[-3.18002859e+05  6.64492421e-01]
[-3.18002856e+05  6.64492421e-01]
[-3.18002858e+05  6.64492421e-01]
[-3.18002853e+05  6.64492422e-01]
[-3.18002856e+05  6.64492421e-01]
[-3.18002854e+05  6.64492422e-01]
[-3.18002856e+05  6.64492421e-01]
[-3.18002855e+05  6.64492422e-01]
[-3.18002855e+05  6.64492422e-01]
[-3.18002854e+05  6.64492422e-01]
[-3.18002853e+05  6.64492422e-01]
[-3.18002853e+05  6.64492422e-01]
[-3.18002854e+05  6.64492422e-01]
[-3.18002855e+05  6.64492422e-01]

------------------------------------------------------------
Sender: LSF System <lsfadmin@n-62-21-13>
Subject: Job 1756019: <batch_job_this_is_on_purpose_to_utilize_more_kernel> in cluster <dcc> Done

Job <batch_job_this_is_on_purpose_to_utilize_more_kernel> was submitted from host <gbarlogin2> by user <s174007> in cluster <dcc> at Tue Jan 15 17:21:49 2019
Job was executed on host(s) <n-62-21-13>, in queue <hpc>, as user <s174007> in cluster <dcc> at Tue Jan 15 17:21:50 2019
</zhome/b0/b/127184> was used as the home directory.
</zhome/b0/b/127184/Documents/Projects/machine-learning-on-materials> was used as the working directory.
Started at Tue Jan 15 17:21:50 2019
Terminated at Tue Jan 15 18:42:51 2019
Results reported at Tue Jan 15 18:42:51 2019

Your job looked like:

------------------------------------------------------------
# LSBATCH: User input
#!/bin/bash
##Kør på cpu
#BSUB -q hpc
##Navn på job
#BSUB -J batch_job_this_is_on_purpose_to_utilize_more_kernel
##Output fil
#BSUB -o output/batch/batchjobs-%J.out
##Antal kerner
#BSUB -n 1
##Om kernerne må være på forskellige computere
#BSUB -R "span[hosts=1]"
##Ram pr kerne
#BSUB -R "rusage[mem=10GB]"
##Hvor lang tid må den køre hh:mm
#BSUB -W 45:00
##Email når jobbet starter
##og stopper
module purge
module load python3
python3 KRR/batch_KRR_learn.py linear 10 GP newest -100 70
------------------------------------------------------------

Successfully completed.

Resource usage summary:

    CPU time :                                   4858.72 sec.
    Max Memory :                                 1882 MB
    Average Memory :                             1767.59 MB
    Total Requested Memory :                     10240.00 MB
    Delta Memory :                               8358.00 MB
    Max Swap :                                   -
    Max Processes :                              4
    Max Threads :                                5
    Run time :                                   4869 sec.
    Turnaround time :                            4862 sec.

The output (if any) is above this job summary.

