Unloaded module: latex/TeXLive12
Loaded module: python3/3.6.2
[100.   1.]
[105.   1.]
[100.     1.05]
[105.     0.95]
[107.5   0.9]
[102.5   0.9]
[101.25   0.85]
[108.75   0.75]
[113.125   0.625]
[102.5   0.7]
[100.    0.6]
[110.    0.6]
[103.4375   0.7875]
[107.8125   0.6625]
[104.53125   0.75625]
[106.71875   0.69375]
[106.171875   0.709375]
[99.921875  0.659375]
[106.54296875   0.72734375]
[110.21484375   0.73671875]
[110.5859375   0.7546875]
[107.27539062   0.72070312]
[103.60351562   0.71132812]
[105.25634766   0.71767578]
[108.56201172   0.73037109]
[106.08276367   0.72084961]
[105.3503418    0.72749023]
[104.38781738   0.73088379]
[104.89013672   0.72099609]
[104.0637207    0.71782227]
[104.15771484   0.72763672]
[103.19519043   0.73103027]
[103.69750977   0.72114258]
[102.87109375   0.71796875]
[102.96508789   0.7277832 ]
[102.50488281   0.72128906]
[101.6784668    0.71811523]
[103.23730469   0.71464844]
[103.03314209   0.72449951]
[101.84051514   0.724646  ]
[100.91201782   0.72639771]
[101.4402771    0.72960815]
[102.23873138   0.72336884]
[100.11760712   0.72526703]
[98.65983963  0.72565079]
[97.33312607  0.72867966]
[95.08094788  0.72793274]
[92.1654129   0.72870026]
[93.49212646  0.72567139]
[91.57162666  0.72416725]
[85.07719994  0.72721672]
[78.28588009  0.72799969]
[77.69209385  0.72346668]
[70.45543432  0.7208499 ]
[57.16968775  0.72468233]
[39.96871829  0.72493987]
[32.13827252  0.71779008]
[9.06446874 0.71268528]
[-21.42224729   0.71677525]
[47.48601392  0.71983123]
[1.54717311 0.71779391]
[-21.42224729   0.71677525]
[-29.35707644   0.70553932]
[22.63726961  0.72008973]
[-12.02562775   0.71038945]
[13.97154527  0.71766466]
[-3.35990341  0.71281452]
[9.6386831  0.71645213]
[0.97295876 0.71402706]
[-3.35990341  0.71281452]
[-6.54433687  0.7191357 ]
[5.16226734 0.71429788]
[-2.64213547  0.71752309]
[3.21116664 0.71510418]
[-0.69103477  0.71671679]
[2.23561629 0.71550733]
[0.28451558 0.71631364]
[-0.69103477  0.71671679]
[-0.28969877  0.71254678]
[1.08795514 0.71648213]
[0.1695192  0.71385857]
[-0.28969877  0.71254678]
[-0.51892397  0.71614514]
[0.59998807 0.71455658]
[-0.14595329  0.71561562]
[0.41350273 0.71482134]
[0.04053205 0.71535086]
[-0.14595329  0.71561562]
[-0.07446433  0.71289579]
[0.1947706  0.71545918]
[0.01528064 0.71375025]
[-0.07446433  0.71289579]
[-0.1137065   0.71524255]
[0.09871277 0.71420456]
[-0.04290008  0.71489655]
[0.06330956 0.71437756]
[-0.00749687  0.71472355]
[-0.04290008  0.71489655]
[-0.03274827  0.71312295]
[0.02221197 0.71479388]
[-0.01442819  0.71367992]
[-0.0372057   0.71465323]
[0.00215906 0.713976  ]
[0.00909038 0.71501963]
[-0.00854855  0.71401485]
[-0.01820447  0.71476241]
[-0.00293182  0.7141726 ]
[-0.01311359  0.71456581]
[-0.00547727  0.7142709 ]
[-0.00442558  0.71497961]
[-0.00545632  0.71473842]
[-0.00343672  0.71428576]
[-0.00648183  0.71461411]
[-0.00650277  0.71414659]
[-0.00702599  0.71385068]
[-0.00750734  0.7144898 ]
[-0.00598478  0.71432562]

------------------------------------------------------------
Sender: LSF System <lsfadmin@n-62-21-16>
Subject: Job 1756078: <batch_job_this_is_on_purpose_to_utilize_more_kernel> in cluster <dcc> Done

Job <batch_job_this_is_on_purpose_to_utilize_more_kernel> was submitted from host <gbarlogin2> by user <s174007> in cluster <dcc> at Tue Jan 15 17:21:54 2019
Job was executed on host(s) <n-62-21-16>, in queue <hpc>, as user <s174007> in cluster <dcc> at Tue Jan 15 17:25:29 2019
</zhome/b0/b/127184> was used as the home directory.
</zhome/b0/b/127184/Documents/Projects/machine-learning-on-materials> was used as the working directory.
Started at Tue Jan 15 17:25:29 2019
Terminated at Tue Jan 15 17:52:26 2019
Results reported at Tue Jan 15 17:52:26 2019

Your job looked like:

------------------------------------------------------------
# LSBATCH: User input
#!/bin/bash
##Kør på cpu
#BSUB -q hpc
##Navn på job
#BSUB -J batch_job_this_is_on_purpose_to_utilize_more_kernel
##Output fil
#BSUB -o output/batch/batchjobs-%J.out
##Antal kerner
#BSUB -n 1
##Om kernerne må være på forskellige computere
#BSUB -R "span[hosts=1]"
##Ram pr kerne
#BSUB -R "rusage[mem=10GB]"
##Hvor lang tid må den køre hh:mm
#BSUB -W 45:00
##Email når jobbet starter
##og stopper
module purge
module load python3
python3 KRR/batch_KRR_learn.py linear 1 GP newest 100 60
------------------------------------------------------------

Successfully completed.

Resource usage summary:

    CPU time :                                   1615.67 sec.
    Max Memory :                                 1873 MB
    Average Memory :                             1720.10 MB
    Total Requested Memory :                     10240.00 MB
    Delta Memory :                               8367.00 MB
    Max Swap :                                   2 MB
    Max Processes :                              4
    Max Threads :                                5
    Run time :                                   1617 sec.
    Turnaround time :                            1832 sec.

The output (if any) is above this job summary.

