Unloaded module: latex/TeXLive12
Loaded module: python3/3.6.2
[-100.    1.]
[-105.    1.]
[-100.      1.05]
[-105.      1.05]
[-107.5      1.075]
[-102.5      1.125]
[-101.25      1.1875]
[-108.75      1.2125]
[-113.125      1.29375]
[-106.875      1.40625]
[-118.75      1.5125]
[-105.625      1.26875]
[-114.375      1.43125]
[-107.8125      1.309375]
[-114.0625      1.196875]
[-108.671875      1.35390625]
[-103.359375      1.36953125]
[-105.80078125    1.35058594]
[-106.66015625    1.39511719]
[-107.52441406    1.33081055]
[-104.65332031    1.32749023]
[-107.66723633    1.34730225]
[-109.39086914    1.32752686]
[-108.49334717    1.33329163]
[-108.63616943    1.34978333]
[-108.35823059    1.34504013]
[-109.18434143    1.33102951]
[-108.80506516    1.33509769]
[-108.66994858    1.3468462 ]
[-108.53749752    1.33668027]
[-108.98433208    1.32673783]
[-108.51475596    1.34046456]
[-108.24718833    1.34204713]
[-108.38665754    1.34030977]
[-108.36391598    1.34409406]
[-108.49410214    1.33853372]
[-108.62220056    1.3386885 ]
[-108.73997208    1.33787787]
[-108.76062591    1.33980871]
[-108.89388779    1.3404462 ]
[-109.1191039     1.33785951]
[-109.42127788    1.33655698]
[-109.57519359    1.33912532]
[-109.99280435    1.33974905]
[-110.52019443    1.33585983]
[-111.0917209     1.33905189]
[-111.92694241    1.34029934]
[-111.39955233    1.34418856]
[-113.33369039    1.34473886]
[-115.00413342    1.34723376]
[-115.5315235     1.34334455]
[-117.59750909    1.34292254]
[-120.6747001     1.34985696]
[-123.26807577    1.34554574]
[-127.40004694    1.34470173]
[-124.32285593    1.33776731]
[-134.12539379    1.33954651]
[-142.38933613    1.33785849]
[-145.46652714    1.34479291]
[-156.03836274    1.3483057 ]
[-171.02765194    1.34146245]
[-192.84145443    1.33984281]
[-206.49048104    1.35029003]
[-243.29357273    1.34182714]
[-286.92117773    1.33858786]
[-273.27215112    1.32814064]
[-367.35187441    1.32688568]
[-454.6070844     1.32040712]
[-381.00090102    1.3373329 ]
[-434.86527598    1.34192903]
[-515.29597266    1.33022686]
[-629.48337012    1.32604636]
[-696.99677169    1.3410897 ]
[-861.81922033    1.34819171]
[-1056.43731448     1.33230904]
[-1.36722333e+03  1.32749905e+00]
[-1288.77316468     1.35445439]
[-1123.95071604     1.34735238]
[-1318.56881019     1.33146971]
[-1.54694361e+03  1.32310872e+00]
[-1.38608221e+03  1.34651306e+00]
[-1.55090466e+03  1.35361507e+00]
[-1.58070031e+03  1.33063039e+00]
[-1.64821371e+03  1.34567373e+00]
[-1.81303616e+03  1.35277574e+00]
[-1.45359561e+03  1.36155640e+00]
[-1.54892413e+03  1.33836189e+00]
[-1.81105563e+03  1.33752257e+00]
[-2.02354234e+03  1.33302732e+00]
[-1.71176605e+03  1.33021073e+00]
[-1.66410179e+03  1.34180798e+00]
[-1.92623329e+03  1.34096865e+00]
[-2.11488787e+03  1.34227204e+00]
[-2.26184170e+03  1.33798662e+00]
[-2.56071166e+03  1.33607594e+00]
[-2.86454390e+03  1.34082541e+00]
[-3.39128803e+03  1.34247683e+00]
[-3.83711182e+03  1.33628074e+00]
[-4.69822380e+03  1.33328509e+00]
[-4.66768819e+03  1.34268163e+00]
[-5.72117646e+03  1.34598448e+00]
[-5.11351198e+03  1.33648554e+00]
[-5.97462396e+03  1.33348989e+00]
[-5.94408836e+03  1.34288643e+00]
[-6.99757662e+03  1.34618927e+00]
[-6.38991215e+03  1.33669033e+00]
[-7.25102412e+03  1.33369468e+00]
[-7.22048852e+03  1.34309123e+00]
[-8.27397679e+03  1.34639407e+00]
[-7.66631231e+03  1.33689513e+00]
[-8.52742428e+03  1.33389948e+00]
[-8.49688868e+03  1.34329602e+00]
[-8.94271247e+03  1.33709993e+00]
[-9.80382445e+03  1.33410428e+00]
[-8.11213610e+03  1.33069904e+00]
[-8.40070054e+03  1.34014678e+00]
[-9.67710070e+03  1.34035157e+00]
[-1.06824949e+04  1.34207980e+00]
[-9.13508876e+03  1.34339842e+00]
[-8.99080654e+03  1.33867455e+00]
[-1.02672067e+04  1.33887935e+00]
[-1.12004598e+04  1.33824564e+00]
[-1.18867539e+04  1.33992266e+00]
[-1.33347276e+04  1.34054671e+00]
[-1.48580867e+04  1.33844077e+00]
[-1.74485798e+04  1.33748537e+00]
[-1.69923546e+04  1.34074185e+00]
[-1.98883020e+04  1.34198995e+00]
[-1.85157137e+04  1.33863591e+00]
[-2.11062067e+04  1.33768051e+00]
[-2.06499815e+04  1.34093698e+00]
[-2.35459289e+04  1.34218509e+00]
[-2.21733406e+04  1.33883105e+00]
[-2.47638337e+04  1.33787565e+00]
[-2.43076085e+04  1.34113212e+00]
[-2.58309676e+04  1.33902618e+00]
[-2.84214606e+04  1.33807078e+00]
[-2.36966997e+04  1.33672511e+00]
[-2.41548813e+04  1.34003037e+00]
[-2.78125083e+04  1.34022551e+00]
[-3.06320921e+04  1.34092273e+00]
[-2.94885945e+04  1.33922132e+00]
[-3.21554512e+04  1.33881680e+00]
[-3.41369918e+04  1.34001612e+00]
[-3.82900039e+04  1.34051109e+00]
[-4.26329468e+04  1.33910238e+00]
[-5.00431661e+04  1.33854081e+00]
[-5.61777189e+04  1.34023510e+00]
[-6.81888528e+04  1.34094425e+00]
[-6.79308811e+04  1.33826483e+00]
[-7.40654339e+04  1.33995912e+00]
[-8.60765678e+04  1.34066827e+00]
[-6.23122717e+04  1.34192939e+00]
[-6.65262287e+04  1.33918097e+00]
[-8.44139437e+04  1.33890499e+00]
[-9.19531489e+04  1.33968313e+00]
[-1.04666609e+05  1.33993422e+00]
[-9.43180991e+04  1.34098835e+00]
[-8.68899826e+04  1.33942583e+00]
[-1.17491158e+05  1.33940093e+00]
[-1.39204019e+05  1.33912183e+00]
[-1.56980646e+05  1.33963022e+00]
[-1.92025977e+05  1.33973242e+00]
[-2.26563388e+05  1.33892003e+00]
[-2.79385346e+05  1.33953061e+00]
[-3.49476009e+05  1.33973501e+00]
[-3.14938599e+05  1.34054739e+00]
[-2.92844796e+05  1.34014055e+00]
[-4.50294828e+05  1.34014314e+00]
[-5.06926041e+05  1.33973760e+00]
[-6.13966663e+05  1.33953612e+00]
[-4.06107222e+05  1.33932946e+00]
[-4.17154124e+05  1.33953288e+00]
[-5.74604155e+05  1.33953547e+00]
[-6.87168229e+05  1.33943571e+00]
[-7.76940146e+05  1.33964042e+00]
[-6.86993640e+05  1.33961354e+00]
[-8.67235828e+05  1.33931165e+00]
[-1.04739072e+06  1.33909867e+00]
[-8.67061240e+05  1.33948948e+00]
[-7.32141481e+05  1.33944915e+00]
[-7.77114734e+05  1.33946259e+00]
[-7.77202028e+05  1.33937368e+00]
[-8.67323122e+05  1.33922273e+00]
[-9.57356922e+05  1.33916070e+00]
[-8.22240752e+05  1.33932043e+00]
[-8.67279475e+05  1.33926719e+00]
[-8.22218928e+05  1.33934266e+00]
[-8.22175281e+05  1.33938712e+00]
[-8.67192181e+05  1.33935610e+00]
[-9.12252728e+05  1.33928063e+00]
[-8.44694643e+05  1.33936050e+00]
[-8.67214004e+05  1.33933387e+00]
[-8.44705554e+05  1.33934938e+00]
[-8.89744278e+05  1.33929614e+00]
[-8.89766101e+05  1.33927391e+00]
[-8.67257651e+05  1.33928942e+00]
[-8.84122621e+05  1.33929446e+00]
[-8.78500965e+05  1.33929278e+00]
[-8.78490053e+05  1.33930389e+00]
[-8.67246740e+05  1.33930053e+00]
[-8.75679225e+05  1.33930305e+00]
[-8.70057568e+05  1.33930137e+00]
[-8.74273810e+05  1.33930263e+00]
[-8.72868396e+05  1.33930221e+00]
[-8.71457526e+05  1.33930735e+00]
[-8.68646698e+05  1.33930651e+00]
[-8.63014130e+05  1.33931594e+00]
[-8.70404830e+05  1.33930564e+00]
[-8.68993960e+05  1.33931078e+00]
[-8.68907144e+05  1.33930971e+00]
[-8.68820329e+05  1.33930864e+00]
[-8.67941263e+05  1.33930908e+00]
[-8.66356762e+05  1.33931208e+00]
[-8.65651327e+05  1.33931465e+00]
[-8.67368779e+05  1.33931047e+00]
[-8.66796295e+05  1.33931186e+00]
[-8.67588545e+05  1.33931036e+00]
[-8.66443577e+05  1.33931315e+00]
[-8.66883110e+05  1.33931293e+00]
[-8.67675361e+05  1.33931143e+00]
[-8.66751523e+05  1.33931272e+00]
[-8.67104241e+05  1.33931143e+00]
[-8.66938393e+05  1.33931256e+00]
[-8.66993676e+05  1.33931218e+00]
[-8.67059469e+05  1.33931229e+00]
[-8.67170034e+05  1.33931154e+00]
[-8.67142393e+05  1.33931173e+00]
[-8.67114752e+05  1.33931191e+00]
[-8.67147648e+05  1.33931197e+00]
[-8.67268725e+05  1.33931170e+00]
[-8.67230231e+05  1.33931175e+00]
[-8.67191738e+05  1.33931181e+00]
[-8.67131200e+05  1.33931194e+00]
[-8.67208187e+05  1.33931183e+00]
[-8.67150447e+05  1.33931191e+00]
[-8.67188940e+05  1.33931186e+00]
[-8.67208187e+05  1.33931183e+00]
[-8.67144850e+05  1.33931202e+00]
[-8.67156572e+05  1.33931197e+00]
[-8.67180016e+05  1.33931186e+00]
[-8.67162433e+05  1.33931194e+00]
[-8.67168294e+05  1.33931191e+00]
[-8.67172756e+05  1.33931191e+00]
[-8.67193402e+05  1.33931186e+00]
[-8.67187125e+05  1.33931187e+00]
[-8.67174571e+05  1.33931190e+00]
[-8.67183986e+05  1.33931188e+00]
[-8.67180848e+05  1.33931189e+00]
[-8.67188032e+05  1.33931187e+00]
[-8.67196124e+05  1.33931184e+00]
[-8.67184667e+05  1.33931187e+00]
[-8.67188486e+05  1.33931186e+00]
[-8.67184894e+05  1.33931187e+00]
[-8.67185348e+05  1.33931187e+00]
[-8.67189394e+05  1.33931186e+00]
[-8.67188269e+05  1.33931186e+00]
[-8.67186019e+05  1.33931187e+00]
[-8.67186581e+05  1.33931187e+00]
[-8.67190174e+05  1.33931186e+00]
[-8.67186554e+05  1.33931187e+00]
[-8.67188913e+05  1.33931186e+00]
[-8.67187164e+05  1.33931186e+00]
[-8.67187747e+05  1.33931186e+00]
[-8.67187761e+05  1.33931186e+00]
[-8.67188926e+05  1.33931186e+00]
[-8.67188052e+05  1.33931186e+00]
[-8.67189245e+05  1.33931186e+00]
[-8.67188122e+05  1.33931186e+00]
[-8.67189009e+05  1.33931186e+00]
[-8.67188291e+05  1.33931186e+00]
[-8.67188531e+05  1.33931186e+00]
[-8.67188496e+05  1.33931186e+00]
[-8.67188905e+05  1.33931186e+00]
[-8.67189349e+05  1.33931186e+00]
[-8.67188709e+05  1.33931186e+00]
[-8.67188923e+05  1.33931186e+00]
[-8.67188718e+05  1.33931186e+00]
[-8.67189145e+05  1.33931186e+00]
[-8.67189162e+05  1.33931186e+00]
[-8.67188957e+05  1.33931186e+00]
[-8.67189004e+05  1.33931186e+00]
[-8.67189051e+05  1.33931186e+00]
[-8.67189042e+05  1.33931186e+00]
[-8.67188949e+05  1.33931186e+00]
[-8.67189019e+05  1.33931186e+00]
[-8.67188908e+05  1.33931186e+00]
[-8.67189015e+05  1.33931186e+00]
[-8.67188936e+05  1.33931186e+00]
[-8.67188998e+05  1.33931186e+00]
[-8.67188923e+05  1.33931186e+00]
[-8.67188992e+05  1.33931186e+00]
[-8.67188969e+05  1.33931186e+00]
[-8.67188978e+05  1.33931186e+00]
[-8.67188948e+05  1.33931186e+00]
[-8.67188964e+05  1.33931186e+00]
[-8.67188954e+05  1.33931186e+00]
[-8.67188961e+05  1.33931186e+00]
[-8.67188956e+05  1.33931186e+00]
[-8.67188960e+05  1.33931186e+00]
[-8.67188922e+05  1.33931186e+00]
[-8.67188964e+05  1.33931186e+00]
[-8.67188950e+05  1.33931186e+00]
[-8.67188969e+05  1.33931186e+00]
[-8.67188979e+05  1.33931186e+00]
[-8.67188957e+05  1.33931186e+00]
[-8.67188964e+05  1.33931186e+00]
[-8.67188955e+05  1.33931186e+00]
[-8.67188969e+05  1.33931186e+00]
[-8.67188959e+05  1.33931186e+00]
[-8.67188954e+05  1.33931186e+00]
[-8.67188962e+05  1.33931186e+00]
[-8.67188959e+05  1.33931186e+00]
[-8.67188962e+05  1.33931186e+00]
[-8.67188963e+05  1.33931186e+00]
[-8.67188961e+05  1.33931186e+00]
[-8.67188958e+05  1.33931186e+00]
[-8.67188962e+05  1.33931186e+00]
[-8.67188960e+05  1.33931186e+00]
[-8.67188961e+05  1.33931186e+00]
[-8.67188959e+05  1.33931186e+00]
[-8.67188960e+05  1.33931186e+00]

------------------------------------------------------------
Sender: LSF System <lsfadmin@n-62-21-90>
Subject: Job 1756056: <batch_job_this_is_on_purpose_to_utilize_more_kernel> in cluster <dcc> Done

Job <batch_job_this_is_on_purpose_to_utilize_more_kernel> was submitted from host <gbarlogin2> by user <s174007> in cluster <dcc> at Tue Jan 15 17:21:52 2019
Job was executed on host(s) <n-62-21-90>, in queue <hpc>, as user <s174007> in cluster <dcc> at Tue Jan 15 17:21:53 2019
</zhome/b0/b/127184> was used as the home directory.
</zhome/b0/b/127184/Documents/Projects/machine-learning-on-materials> was used as the working directory.
Started at Tue Jan 15 17:21:53 2019
Terminated at Tue Jan 15 18:02:05 2019
Results reported at Tue Jan 15 18:02:05 2019

Your job looked like:

------------------------------------------------------------
# LSBATCH: User input
#!/bin/bash
##Kør på cpu
#BSUB -q hpc
##Navn på job
#BSUB -J batch_job_this_is_on_purpose_to_utilize_more_kernel
##Output fil
#BSUB -o output/batch/batchjobs-%J.out
##Antal kerner
#BSUB -n 1
##Om kernerne må være på forskellige computere
#BSUB -R "span[hosts=1]"
##Ram pr kerne
#BSUB -R "rusage[mem=10GB]"
##Hvor lang tid må den køre hh:mm
#BSUB -W 45:00
##Email når jobbet starter
##og stopper
module purge
module load python3
python3 KRR/batch_KRR_learn.py linear 1 GP newest -100 40
------------------------------------------------------------

Successfully completed.

Resource usage summary:

    CPU time :                                   2410.05 sec.
    Max Memory :                                 1754 MB
    Average Memory :                             1720.94 MB
    Total Requested Memory :                     10240.00 MB
    Delta Memory :                               8486.00 MB
    Max Swap :                                   -
    Max Processes :                              4
    Max Threads :                                5
    Run time :                                   2411 sec.
    Turnaround time :                            2413 sec.

The output (if any) is above this job summary.

