Unloaded module: latex/TeXLive12
Loaded module: python3/3.6.2
[1000.    1.]
[1.05e+03 1.00e+00]
[1000.      1.05]
[950.     1.05]
[900.      1.075]
[900.      1.125]
[850.       1.1875]
[750.       1.2125]
[625.        1.29375]
[575.        1.40625]
[412.5        1.571875]
[187.5        1.678125]
[-143.75         1.9234375]
[-356.25         2.2015625]
[-846.875         2.65546875]
[-1403.125          3.00703125]
[-2106.25          3.7390625]
[-634.375         2.37734375]
[-78.125        2.02578125]
[-1071.875          2.76171875]
[-1284.375          3.03984375]
[-796.875         2.54296875]
[-1121.875          2.87421875]
[-878.125         2.62578125]
[-653.125         2.51953125]
[-967.1875        2.70117188]
[-935.9375        2.73085938]
[-892.578125      2.65205078]
[-921.484375      2.70458984]
[-899.8046875     2.66518555]
[-1020.1171875      2.71088867]
[-890.18554688    2.66932373]
[-822.80273438    2.6333374 ]
[-931.09130859    2.68421326]
[-921.47216797    2.68835144]
[-916.05529785    2.68255997]
[-956.96105957    2.69744949]
[-906.87942505    2.67635517]
[-921.91543579    2.67800846]
[-924.84550476    2.67573271]
[-900.63362122    2.66787462]
[-923.47688675    2.6801286 ]
[-941.44296646    2.67950613]
[-958.72473717    2.68108162]
[-960.09335518    2.67668573]
[-978.40158939    2.67496429]
[-1012.2808218     2.6803132]
[-1055.99848032     2.68260345]
[-1075.67533255     2.67648612]
[-1134.15063024     2.67418837]
[-1211.74752116     2.68182753]
[-1328.42048705     2.68525914]
[-1406.57263696     2.67684407]
[-1581.85971528     2.67396438]
[-1776.12957209     2.68503515]
[-2097.11904302     2.69045854]
[-2029.56880033     2.67374039]
[-2380.14295697     2.66798101]
[-2574.41281378     2.67905178]
[-3.07068936e+03  2.68159549e+00]
[-3.67470275e+03  2.66454135e+00]
[-4.36524915e+03  2.67815582e+00]
[-5.35780225e+03  2.68324323e+00]
[-4.75378887e+03  2.70029737e+00]
[-3.94447428e+03  2.67348035e+00]
[-6.23158717e+03  2.67512809e+00]
[-7.81203607e+03  2.67189439e+00]
[-9.22536404e+03  2.68165727e+00]
[-1.18658089e+04  2.68574572e+00]
[-1.16795979e+04  2.67030843e+00]
[-1.48404957e+04  2.66384103e+00]
[-1.30929258e+04  2.68007131e+00]
[-1.57333707e+04  2.68415976e+00]
[-1.55471597e+04  2.66872247e+00]
[-1.69604876e+04  2.67848535e+00]
[-1.96009325e+04  2.68257380e+00]
[-1.45062538e+04  2.68983418e+00]
[-1.52869332e+04  2.67400040e+00]
[-1.91544950e+04  2.67241444e+00]
[-2.08280494e+04  2.67689939e+00]
[-2.35986075e+04  2.67834888e+00]
[-2.14046002e+04  2.68441979e+00]
[-1.97170213e+04  2.67541578e+00]
[-2.63551412e+04  2.67527931e+00]
[-3.10524680e+04  2.67367629e+00]
[-3.02367274e+04  2.67821241e+00]
[-3.54965805e+04  2.67961073e+00]
[-3.82531142e+04  2.67654116e+00]
[-4.55803675e+04  2.67563730e+00]
[-5.47218068e+04  2.67996872e+00]
[-6.48055938e+04  2.67599530e+00]
[-7.94601004e+04  2.67418758e+00]
[-5.56641545e+04  2.67166387e+00]
[-5.49573937e+04  2.67789251e+00]
[-7.41826200e+04  2.67825051e+00]
[-8.84837463e+04  2.67955711e+00]
[-8.40308201e+04  2.67635329e+00]
[-9.85675333e+04  2.67558368e+00]
[-1.07944560e+05  2.67783889e+00]
[-1.29514042e+05  2.67876068e+00]
[-1.32329473e+05  2.67517206e+00]
[-1.41706499e+05  2.67742727e+00]
[-1.63275982e+05  2.67834907e+00]
[-1.17321586e+05  2.68009410e+00]
[-1.28577501e+05  2.67640257e+00]
[-1.62339440e+05  2.67599095e+00]
[-1.89536881e+05  2.67506698e+00]
[-1.75468438e+05  2.67701565e+00]
[-1.98913907e+05  2.67732219e+00]
[-2.19546849e+05  2.67588588e+00]
[-2.56121315e+05  2.67721712e+00]
[-3.03012253e+05  2.67783020e+00]
[-2.35488374e+05  2.67865344e+00]
[-2.23532230e+05  2.67657777e+00]
[-2.80739638e+05  2.67647269e+00]
[-3.21652504e+05  2.67604794e+00]
[-3.54241589e+05  2.67668729e+00]
[-4.19596269e+05  2.67674205e+00]
[-4.85127457e+05  2.67557287e+00]
[-5.83071222e+05  2.67626698e+00]
[-7.13780581e+05  2.67637651e+00]
[-6.48249393e+05  2.67754569e+00]
[-7.29810361e+05  2.67853209e+00]
[-9.42433705e+05  2.67718014e+00]
[-1.20385242e+06  2.67739919e+00]
[-1.13832124e+06  2.67856837e+00]
[-8.19915745e+05  2.67692447e+00]
[-1.37551878e+06  2.67677797e+00]
[-1.73915347e+06  2.67639412e+00]
[-9.91582097e+05  2.67630326e+00]
[-1.15078484e+06  2.67712520e+00]
[-1.09771726e+06  2.67685122e+00]
[-1.28968560e+06  2.67708858e+00]
[-1.56748711e+06  2.67701533e+00]
[-1.45004465e+06  2.67697430e+00]
[-1.21515972e+06  2.67689225e+00]
[-1.39132342e+06  2.67695379e+00]
[-1.33260219e+06  2.67693328e+00]
[-1.41278171e+06  2.67687614e+00]
[-1.29533925e+06  2.67683511e+00]
[-1.32469987e+06  2.67684537e+00]
[-1.38342110e+06  2.67686588e+00]
[-1.41278171e+06  2.67687614e+00]
[-1.42633769e+06  2.67671058e+00]
[-1.35603606e+06  2.67687760e+00]
[-1.37946994e+06  2.67682193e+00]
[-1.35801164e+06  2.67689958e+00]
[-1.36196280e+06  2.67694353e+00]
[-1.38737226e+06  2.67690984e+00]
[-1.38003210e+06  2.67690727e+00]
[-1.40149040e+06  2.67682962e+00]
[-1.3916085e+06  2.6768581e+00]
[-1.38821951e+06  2.67689949e+00]
[-1.38462070e+06  2.67687428e+00]
[-1.38582030e+06  2.67688268e+00]
[-1.38751480e+06  2.67686199e+00]
[-1.38991400e+06  2.67687879e+00]
[-1.38811460e+06  2.67686619e+00]
[-1.38871440e+06  2.67687039e+00]
[-1.38956165e+06  2.67686004e+00]
[-1.39245575e+06  2.67684775e+00]
[-1.3945026e+06  2.6768458e+00]
[-1.39079689e+06  2.67685648e+00]
[-1.38994964e+06  2.67686683e+00]
[-1.39182922e+06  2.67685252e+00]
[-1.39120269e+06  2.67685729e+00]
[-1.39203212e+06  2.67685292e+00]
[-1.39077907e+06  2.67686246e+00]
[-1.39109233e+06  2.67686008e+00]
[-1.39140560e+06  2.67685769e+00]
[-1.39161741e+06  2.67685511e+00]
[-1.39141451e+06  2.67685470e+00]
[-1.39099979e+06  2.67685689e+00]
[-1.39146300e+06  2.67685555e+00]
[-1.3913086e+06  2.6768560e+00]
[-1.39141005e+06  2.67685620e+00]
[-1.39130414e+06  2.67685749e+00]
[-1.39130749e+06  2.67685637e+00]
[-1.39110013e+06  2.67685746e+00]
[-1.39133257e+06  2.67685651e+00]
[-1.39125509e+06  2.67685683e+00]
[-1.39130637e+06  2.67685674e+00]
[-1.39125398e+06  2.67685720e+00]
[-1.39125481e+06  2.67685692e+00]
[-1.39115113e+06  2.67685747e+00]
[-1.39118994e+06  2.67685729e+00]
[-1.39122875e+06  2.67685711e+00]
[-1.39125453e+06  2.67685702e+00]
[-1.39122847e+06  2.67685720e+00]
[-1.39122868e+06  2.67685713e+00]
[-1.39122861e+06  2.67685715e+00]
[-1.39121572e+06  2.67685720e+00]
[-1.39121558e+06  2.67685725e+00]
[-1.39121569e+06  2.67685721e+00]
[-1.39121562e+06  2.67685723e+00]
[-1.39121567e+06  2.67685722e+00]
[-1.39121564e+06  2.67685723e+00]
[-1.39121566e+06  2.67685722e+00]
[-1.39121565e+06  2.67685722e+00]
[-1.39122214e+06  2.67685719e+00]
[-1.39122212e+06  2.67685719e+00]
[-1.39120916e+06  2.67685726e+00]
[-1.39122375e+06  2.67685718e+00]
[-1.39121403e+06  2.67685723e+00]
[-1.39122132e+06  2.67685719e+00]
[-1.39121889e+06  2.67685721e+00]
[-1.3912197e+06  2.6768572e+00]
[-1.39121647e+06  2.67685722e+00]
[-1.39121707e+06  2.67685721e+00]
[-1.39121768e+06  2.67685721e+00]
[-1.39121727e+06  2.67685721e+00]
[-1.39121606e+06  2.67685722e+00]
[-1.39121697e+06  2.67685722e+00]
[-1.39121667e+06  2.67685722e+00]
[-1.39121646e+06  2.67685722e+00]
[-1.39121586e+06  2.67685722e+00]
[-1.39121601e+06  2.67685722e+00]
[-1.39121616e+06  2.67685722e+00]
[-1.39121606e+06  2.67685722e+00]
[-1.39121575e+06  2.67685722e+00]
[-1.39121598e+06  2.67685722e+00]
[-1.39121591e+06  2.67685722e+00]
[-1.39121586e+06  2.67685722e+00]
[-1.39121570e+06  2.67685722e+00]
[-1.39121582e+06  2.67685722e+00]
[-1.39121578e+06  2.67685722e+00]
[-1.39121575e+06  2.67685722e+00]
[-1.39121568e+06  2.67685722e+00]
[-1.39121570e+06  2.67685722e+00]
[-1.39121574e+06  2.67685722e+00]
[-1.39121561e+06  2.67685722e+00]
[-1.39121574e+06  2.67685722e+00]
[-1.39121565e+06  2.67685722e+00]
[-1.39121572e+06  2.67685722e+00]
[-1.39121569e+06  2.67685722e+00]
[-1.39121569e+06  2.67685722e+00]
[-1.39121565e+06  2.67685722e+00]
[-1.39121561e+06  2.67685722e+00]
[-1.39121567e+06  2.67685722e+00]
[-1.39121565e+06  2.67685722e+00]
[-1.39121567e+06  2.67685722e+00]
[-1.39121567e+06  2.67685722e+00]
[-1.39121567e+06  2.67685722e+00]
[-1.39121565e+06  2.67685722e+00]
[-1.39121567e+06  2.67685722e+00]
[-1.39121566e+06  2.67685722e+00]
[-1.39121566e+06  2.67685722e+00]
[-1.39121565e+06  2.67685722e+00]
[-1.39121564e+06  2.67685722e+00]
[-1.39121565e+06  2.67685722e+00]
[-1.39121565e+06  2.67685722e+00]
[-1.39121565e+06  2.67685722e+00]
[-1.39121565e+06  2.67685722e+00]
[-1.39121565e+06  2.67685722e+00]
[-1.39121565e+06  2.67685722e+00]
[-1.39121565e+06  2.67685722e+00]
[-1.39121565e+06  2.67685722e+00]
[-1.39121565e+06  2.67685722e+00]
[-1.39121565e+06  2.67685722e+00]
[-1.39121565e+06  2.67685722e+00]

------------------------------------------------------------
Sender: LSF System <lsfadmin@n-62-21-90>
Subject: Job 1756064: <batch_job_this_is_on_purpose_to_utilize_more_kernel> in cluster <dcc> Done

Job <batch_job_this_is_on_purpose_to_utilize_more_kernel> was submitted from host <gbarlogin2> by user <s174007> in cluster <dcc> at Tue Jan 15 17:21:53 2019
Job was executed on host(s) <n-62-21-90>, in queue <hpc>, as user <s174007> in cluster <dcc> at Tue Jan 15 17:21:54 2019
</zhome/b0/b/127184> was used as the home directory.
</zhome/b0/b/127184/Documents/Projects/machine-learning-on-materials> was used as the working directory.
Started at Tue Jan 15 17:21:54 2019
Terminated at Tue Jan 15 17:34:27 2019
Results reported at Tue Jan 15 17:34:27 2019

Your job looked like:

------------------------------------------------------------
# LSBATCH: User input
#!/bin/bash
##Kør på cpu
#BSUB -q hpc
##Navn på job
#BSUB -J batch_job_this_is_on_purpose_to_utilize_more_kernel
##Output fil
#BSUB -o output/batch/batchjobs-%J.out
##Antal kerner
#BSUB -n 1
##Om kernerne må være på forskellige computere
#BSUB -R "span[hosts=1]"
##Ram pr kerne
#BSUB -R "rusage[mem=10GB]"
##Hvor lang tid må den køre hh:mm
#BSUB -W 45:00
##Email når jobbet starter
##og stopper
module purge
module load python3
python3 KRR/batch_KRR_learn.py linear 1 GP newest 1000 20
------------------------------------------------------------

Successfully completed.

Resource usage summary:

    CPU time :                                   752.02 sec.
    Max Memory :                                 1899 MB
    Average Memory :                             1713.08 MB
    Total Requested Memory :                     10240.00 MB
    Delta Memory :                               8341.00 MB
    Max Swap :                                   -
    Max Processes :                              4
    Max Threads :                                5
    Run time :                                   754 sec.
    Turnaround time :                            754 sec.

The output (if any) is above this job summary.

