Unloaded module: latex/TeXLive12
Loaded module: python3/3.6.2
[100.   1.]
[105.   1.]
[100.     1.05]
[95.    1.05]
[90.     1.075]
[90.     1.125]
[92.5      1.09375]
[82.5      1.11875]
[95.625      1.0671875]
[86.875      1.1015625]
[93.4375      1.07578125]
[90.9375      1.05703125]
[92.109375    1.08457031]
[88.671875    1.08378906]
[86.2890625   1.08779297]
[84.1796875   1.07822266]
[80.21484375  1.07504883]
[76.50390625  1.0878418 ]
[69.75585938  1.0942627 ]
[63.68164062  1.08151855]
[52.37792969  1.07838135]
[41.91894531  1.09759521]
[22.77099609  1.10886841]
[5.39306641 1.09298706]
[-26.78833008   1.09234924]
[-24.21386719   1.12347412]
[33.22998047  1.08965454]
[-5.06591797  1.11220093]
[23.65600586  1.09529114]
[6.27807617 1.07940979]
[-11.98486328   1.07710571]
[14.74578857  1.09074478]
[-3.074646    1.08165207]
[10.29067993  1.0884716 ]
[1.38046265 1.08392525]
[-3.074646    1.08165207]
[0.49545288 1.09750252]
[-2.39585876  1.10654888]
[-3.51715088  1.0884407 ]
[3.16551208 1.09185047]
[-1.28959656  1.08957729]
[2.05173492 1.09128218]
[-0.1758194   1.09014559]
[1.49484634 1.09099803]
[0.38106918 1.09042974]
[-0.1758194   1.09014559]
[-0.50394058  1.10400701]
[0.90936184 1.08894569]
[-0.03283978  1.09898657]
[0.67381144 1.09145591]
[0.20271063 1.09647635]
[-0.03283978  1.09898657]
[0.08832693 1.08940356]
[-0.11523604  1.08535409]
[-0.09003162  1.09545017]
[0.26329398 1.09168485]
[0.02774358 1.09419506]
[-0.09003162  1.09545017]
[-0.08664012  1.08712228]
[0.13037294 1.09413783]
[-0.01430243  1.0894608 ]
[-0.08664012  1.08712228]
[-0.07488579  1.0942523 ]
[0.04752375 1.09061575]
[-0.03408261  1.09304012]
[0.02712216 1.09122184]
[-0.01492385  1.08648757]
[-0.05634844  1.08472653]
[0.00625451 1.08959801]
[0.00687593 1.09257124]
[0.02743287 1.09270845]
[-0.00386861  1.09027271]
[-0.00449002  1.08729949]
[-0.010173    1.08466361]
[-0.01461314  1.08797419]
[1.03759812e-03 1.08919206e+00]
[-0.00939623  1.08838014]
[-0.00678777  1.08858312]
[-0.00740919  1.0856099 ]
[-0.00511144  1.08432626]
[-0.00427327  1.08219783]
[-0.00135411  1.08388742]
[-0.00589542  1.08517928]
[-0.00567867  1.08007762]
[-0.00627299  1.07646669]
[-0.00465084  1.07348524]
[-0.00402856  1.06763823]
[-0.00602827  1.06190709]
[-0.00690577  1.05176171]
[-0.00466134  1.04293325]
[-0.00385552  1.02616653]
[-0.00673273  1.01029002]
[-0.00808482  0.98161591]
[-0.00503456  0.95602073]
[-0.00409896  0.90815024]
[-0.00832826  0.86359962]
[-0.01056464  0.78231617]
[-0.00657878  0.7088505 ]
[-0.01304446  0.58301643]
[-0.01751721  0.42044952]
[-0.01703032  0.6564821 ]
[-0.00919166  0.6957584 ]
[-0.01167148  0.49645865]
[-0.01084135  0.71085179]
[-0.00698856  0.82359376]
[-0.01153048  0.64316076]
[-0.01318017  0.65825415]
[-0.01517442  0.63950203]
[-0.0138693   0.59056312]
[-0.01159834  0.68077962]
[-0.01324802  0.69587302]
[-0.01195987  0.65633882]
[-0.01037804  0.6788643 ]
[-0.01247963  0.66340669]
[-0.01284116  0.63896589]
[-0.01190904  0.67032619]
[-0.01138928  0.66325833]
[-0.01220705  0.6633696 ]
[-0.01215622  0.67735696]
[-0.01200896  0.66159336]
[-0.01230696  0.65463677]
[-0.01200852  0.66640383]
[-0.01220661  0.66818007]
[-0.01205837  0.66324004]
[-0.01225689  0.6602058 ]
[-0.01207061  0.66485433]
[-0.01192194  0.66472477]
[-0.01213577  0.66370839]
[-0.01212352  0.6620941 ]
[-0.01220092  0.66256245]
[-0.01209401  0.66307064]

------------------------------------------------------------
Sender: LSF System <lsfadmin@n-62-21-11>
Subject: Job 1756077: <batch_job_this_is_on_purpose_to_utilize_more_kernel> in cluster <dcc> Done

Job <batch_job_this_is_on_purpose_to_utilize_more_kernel> was submitted from host <gbarlogin2> by user <s174007> in cluster <dcc> at Tue Jan 15 17:21:54 2019
Job was executed on host(s) <n-62-21-11>, in queue <hpc>, as user <s174007> in cluster <dcc> at Tue Jan 15 17:25:25 2019
</zhome/b0/b/127184> was used as the home directory.
</zhome/b0/b/127184/Documents/Projects/machine-learning-on-materials> was used as the working directory.
Started at Tue Jan 15 17:25:25 2019
Terminated at Tue Jan 15 17:48:29 2019
Results reported at Tue Jan 15 17:48:29 2019

Your job looked like:

------------------------------------------------------------
# LSBATCH: User input
#!/bin/bash
##Kør på cpu
#BSUB -q hpc
##Navn på job
#BSUB -J batch_job_this_is_on_purpose_to_utilize_more_kernel
##Output fil
#BSUB -o output/batch/batchjobs-%J.out
##Antal kerner
#BSUB -n 1
##Om kernerne må være på forskellige computere
#BSUB -R "span[hosts=1]"
##Ram pr kerne
#BSUB -R "rusage[mem=10GB]"
##Hvor lang tid må den køre hh:mm
#BSUB -W 45:00
##Email når jobbet starter
##og stopper
module purge
module load python3
python3 KRR/batch_KRR_learn.py linear 1 GP newest 100 50
------------------------------------------------------------

Successfully completed.

Resource usage summary:

    CPU time :                                   1383.19 sec.
    Max Memory :                                 1789 MB
    Average Memory :                             1734.63 MB
    Total Requested Memory :                     10240.00 MB
    Delta Memory :                               8451.00 MB
    Max Swap :                                   -
    Max Processes :                              4
    Max Threads :                                5
    Run time :                                   1384 sec.
    Turnaround time :                            1595 sec.

The output (if any) is above this job summary.

