Unloaded module: latex/TeXLive12
Loaded module: python3/3.6.2
[-100.   10.]
[-105.   10.]
[-100.    10.5]
[-105.     9.5]
[-107.5    9. ]
[-112.5    9. ]
[-118.75    8.5 ]
[-121.25    7.5 ]
[-129.375    6.25 ]
[-140.625    5.75 ]
[-157.1875    4.125 ]
[-167.8125    1.875 ]
[-145.9375    4.625 ]
[-179.0625    1.375 ]
[-165.3125    2.875 ]
[-181.5625    0.375 ]
[-169.375    2.25 ]
[-177.5    1. ]
[-188.75    0.5 ]
[-173.046875    1.53125 ]
[-174.609375    1.90625 ]
[-176.77734375    1.2265625 ]
[-182.79296875    1.0703125 ]
[-175.48339844    1.41601562]
[-177.76855469    1.56445312]
[-177.02514648    1.31103516]
[-180.60424805    1.27001953]
[-179.32403564    1.30651855]
[-177.28668213    1.24255371]
[-178.61854553    1.34188843]
[-176.31965637    1.34640503]
[-177.91305542    1.3772583 ]
[-177.24712372    1.32759094]
[-177.69107819    1.36070251]
[-177.35811234    1.33586884]
[-179.6570015     1.33135223]
[-178.82266521    1.33511543]
[-180.08309841    1.34113503]
[-181.44559145    1.34376812]
[-179.87897873    1.34790802]
[-179.08674359    1.33831358]
[-180.55129647    1.33756018]
[-181.51767194    1.33539605]
[-181.54765129    1.34038162]
[-182.77810514    1.34141564]
[-183.2463032    1.3378408]
[-184.8279056     1.33619368]
[-187.05471426    1.34004915]
[-190.30642316    1.34129363]
[-192.35622361    1.33607167]
[-197.14528285    1.33339968]
[-202.62380041    1.33849964]
[-211.52174782    1.33965261]
[-218.36060751    1.33175866]
[-232.73707248    1.33801159]
[-250.5329673     1.34031755]
[-243.69410761    1.3482115 ]
[-282.70532709    1.34887643]
[-318.29711672    1.35348834]
[-325.13597641    1.34559439]
[-365.85691081    1.34428584]
[-433.62106023    1.35745663]
[-481.18085433    1.34825413]
[-562.62272313    1.34563702]
[-494.85857371    1.33246623]
[-691.62438603    1.33381741]
[-854.50812364    1.3285832 ]
[-759.38853545    1.34698821]
[-891.65351632    1.3542492 ]
[-888.39019835    1.3351686 ]
[-1051.27393596     1.32993439]
[-956.15434777    1.34833939]
[-1085.15601067     1.33651979]
[-1248.03974828     1.33128557]
[-1017.39186125     1.32334899]
[-971.46372614    1.34209179]
[-1168.22953846     1.34344298]
[-1308.14920851     1.34758017]
[-1281.92182299     1.33787097]
[-1.43715087e+03  1.33576056e+00]
[-1.52022440e+03  1.34268375e+00]
[-1.73775859e+03  1.34576574e+00]
[-1.78914573e+03  1.33500133e+00]
[-2.09960383e+03  1.33078051e+00]
[-1.87221926e+03  1.34192453e+00]
[-2.08975345e+03  1.34500651e+00]
[-2.14114059e+03  1.33424211e+00]
[-2.22421412e+03  1.34116530e+00]
[-2.44174831e+03  1.34424728e+00]
[-1.95529279e+03  1.34884772e+00]
[-2.09467864e+03  1.33789351e+00]
[-2.44667350e+03  1.33713428e+00]
[-2.73390062e+03  1.33473916e+00]
[-2.57620898e+03  1.34040607e+00]
[-2.81697415e+03  1.34166236e+00]
[-3.03943353e+03  1.33763134e+00]
[-3.44704324e+03  1.33586436e+00]
[-3.81734389e+03  1.34039243e+00]
[-4.50267908e+03  1.34202150e+00]
[-5.13274817e+03  1.33622351e+00]
[-6.29063518e+03  1.33350408e+00]
[-6.18838401e+03  1.34238065e+00]
[-7.5590544e+03  1.3456388e+00]
[-6.81845310e+03  1.33658266e+00]
[-7.97634011e+03  1.33386323e+00]
[-7.87408894e+03  1.34273980e+00]
[-9.24475933e+03  1.34599795e+00]
[-8.50415803e+03  1.33694180e+00]
[-9.66204504e+03  1.33422238e+00]
[-9.55979387e+03  1.34309895e+00]
[-1.01898630e+04  1.33730095e+00]
[-1.13477500e+04  1.33458153e+00]
[-9.13422712e+03  1.33114381e+00]
[-9.45340218e+03  1.34011016e+00]
[-1.11391071e+04  1.34046931e+00]
[-1.24565817e+04  1.34223307e+00]
[-1.04026463e+04  1.34327852e+00]
[-1.02430588e+04  1.33879535e+00]
[-1.19287637e+04  1.33915450e+00]
[-1.31664445e+04  1.33867666e+00]
[-1.40624928e+04  1.34035063e+00]
[-1.59722098e+04  1.34112827e+00]
[-1.79995472e+04  1.33933562e+00]
[-2.14297673e+04  1.33876877e+00]
[-2.42355326e+04  1.34122037e+00]
[-2.97700766e+04  1.34249223e+00]
[-2.96930900e+04  1.33886087e+00]
[-3.65535301e+04  1.33772717e+00]
[-3.24988554e+04  1.34131248e+00]
[-3.79564128e+04  1.33895298e+00]
[-4.48168529e+04  1.33781928e+00]
[-3.51506475e+04  1.33650137e+00]
[-3.31618034e+04  1.34010970e+00]
[-4.14251262e+04  1.34020181e+00]
[-4.72911442e+04  1.34087227e+00]
[-4.62197356e+04  1.33904508e+00]
[-5.27487017e+04  1.33851277e+00]
[-4.96884489e+04  1.34029391e+00]
[-5.55544670e+04  1.34096438e+00]
[-5.44830583e+04  1.33913719e+00]
[-6.10120244e+04  1.33860488e+00]
[-5.79517717e+04  1.34038602e+00]
[-6.38177897e+04  1.34105649e+00]
[-6.27463811e+04  1.33922929e+00]
[-6.92753472e+04  1.33869698e+00]
[-6.62150945e+04  1.34047812e+00]
[-7.10097039e+04  1.33932140e+00]
[-7.75386700e+04  1.33878909e+00]
[-6.75409905e+04  1.33807257e+00]
[-6.65465685e+04  1.33987673e+00]
[-7.48098912e+04  1.33996884e+00]
[-8.08416463e+04  1.34033861e+00]
[-7.92730266e+04  1.33941350e+00]
[-8.56362557e+04  1.33918189e+00]
[-8.94364431e+04  1.33982933e+00]
[-9.86498127e+04  1.34008330e+00]
[-1.09476177e+05  1.33929634e+00]
[-1.2680932e+05  1.3389601e+00]
[-1.39822877e+05  1.33986150e+00]
[-1.66916188e+05  1.34020131e+00]
[-1.95075695e+05  1.33907811e+00]
[-2.43288637e+05  1.33857552e+00]
[-2.35182563e+05  1.34031933e+00]
[-2.89369184e+05  1.34099894e+00]
[-2.63342070e+05  1.33919613e+00]
[-3.11555012e+05  1.33869354e+00]
[-3.03448938e+05  1.34043734e+00]
[-3.31608446e+05  1.33931414e+00]
[-3.79821387e+05  1.33881155e+00]
[-2.91501578e+05  1.33807293e+00]
[-3.00462098e+05  1.33984624e+00]
[-3.68728473e+05  1.33996425e+00]
[-4.21421674e+05  1.34034832e+00]
[-3.99874821e+05  1.33943216e+00]
[-4.36994848e+05  1.34008227e+00]
[-4.05848501e+05  1.34061437e+00]
[-4.01368241e+05  1.33972771e+00]
[-3.33101866e+05  1.33960969e+00]
[-4.11021603e+05  1.33996413e+00]
[-4.43661370e+05  1.33972758e+00]
[-4.81127819e+05  1.33960925e+00]
[-4.90781181e+05  1.33984566e+00]
[-5.60887397e+05  1.33949078e+00]
[-5.23420948e+05  1.33960912e+00]
[-4.48488051e+05  1.33984579e+00]
[-4.67221275e+05  1.33978662e+00]
[-4.57567913e+05  1.33955021e+00]
[-4.82477864e+05  1.33977180e+00]
[-4.96384407e+05  1.33959442e+00]
[-4.74512058e+05  1.33973857e+00]
[-4.81802841e+05  1.33969052e+00]
[-4.74849570e+05  1.33977921e+00]
[-4.75524592e+05  1.33986049e+00]
[-4.77094154e+05  1.33981799e+00]
[-4.84722449e+05  1.33981058e+00]
[-4.90106158e+05  1.33976439e+00]
[-4.80347155e+05  1.33980459e+00]
[-4.83600156e+05  1.33979119e+00]
[-4.79786009e+05  1.33979490e+00]
[-4.86292011e+05  1.33976809e+00]
[-4.85169718e+05  1.33974870e+00]
[-4.83992547e+05  1.33978057e+00]
[-4.80178400e+05  1.33978427e+00]
[-4.84763608e+05  1.33977214e+00]
[-4.83235205e+05  1.33977618e+00]
[-4.85142279e+05  1.33977433e+00]
[-4.85899620e+05  1.33977871e+00]
[-4.83901309e+05  1.33977682e+00]
[-4.84567413e+05  1.33977745e+00]
[-4.83613876e+05  1.33977838e+00]
[-4.84946083e+05  1.33977964e+00]
[-4.84613032e+05  1.33977932e+00]
[-4.83946928e+05  1.33977869e+00]
[-4.84446506e+05  1.33977917e+00]
[-4.84113454e+05  1.33977885e+00]
[-4.84363243e+05  1.33977909e+00]
[-4.84279980e+05  1.33977901e+00]
[-4.84219526e+05  1.33977987e+00]
[-4.84053000e+05  1.33977971e+00]
[-4.84094632e+05  1.33977975e+00]
[-4.84177895e+05  1.33977983e+00]
[-4.83890462e+05  1.33978139e+00]
[-4.83695703e+05  1.33978258e+00]
[-4.83705114e+05  1.33978213e+00]
[-4.83823309e+05  1.33978155e+00]
[-4.84059699e+05  1.33978040e+00]
[-4.83882407e+05  1.33978126e+00]
[-4.83941504e+05  1.33978098e+00]
[-4.83856885e+05  1.33978147e+00]
[-4.83805843e+05  1.33978188e+00]
[-4.83839419e+05  1.33978180e+00]
[-4.83852519e+05  1.33978155e+00]
[-4.83848152e+05  1.33978163e+00]
[-4.83873674e+05  1.33978143e+00]
[-4.83864940e+05  1.33978159e+00]
[-4.83871490e+05  1.33978147e+00]
[-4.83913800e+05  1.33978122e+00]
[-4.83864564e+05  1.33978153e+00]
[-4.83883536e+05  1.33978145e+00]
[-4.83857638e+05  1.33978159e+00]
[-4.83882256e+05  1.33978144e+00]
[-4.83874050e+05  1.33978149e+00]
[-4.83877513e+05  1.33978146e+00]
[-4.83868027e+05  1.33978150e+00]
[-4.83872544e+05  1.33978149e+00]
[-4.83871039e+05  1.33978149e+00]
[-4.83869307e+05  1.33978151e+00]
[-4.83866296e+05  1.33978152e+00]
[-4.83868554e+05  1.33978151e+00]
[-4.83867801e+05  1.33978151e+00]
[-4.83866936e+05  1.33978152e+00]
[-4.83865430e+05  1.33978152e+00]
[-4.83862193e+05  1.33978154e+00]
[-4.83866399e+05  1.33978152e+00]
[-4.83864997e+05  1.33978153e+00]
[-4.83866183e+05  1.33978152e+00]
[-4.83863378e+05  1.33978154e+00]
[-4.83862946e+05  1.33978154e+00]
[-4.83864484e+05  1.33978153e+00]
[-4.83863458e+05  1.33978154e+00]
[-4.83864644e+05  1.33978153e+00]
[-4.83863695e+05  1.33978153e+00]
[-4.83864011e+05  1.33978153e+00]
[-4.83863971e+05  1.33978153e+00]
[-4.83864604e+05  1.33978153e+00]
[-4.83865157e+05  1.33978153e+00]
[-4.83864871e+05  1.33978153e+00]
[-4.83864298e+05  1.33978153e+00]
[-4.83864727e+05  1.33978153e+00]
[-4.83864584e+05  1.33978153e+00]
[-4.83864717e+05  1.33978153e+00]
[-4.83864697e+05  1.33978153e+00]
[-4.83864612e+05  1.33978153e+00]
[-4.83864641e+05  1.33978153e+00]
[-4.83864574e+05  1.33978153e+00]
[-4.83864497e+05  1.33978153e+00]
[-4.83864605e+05  1.33978153e+00]
[-4.83864533e+05  1.33978153e+00]
[-4.83864587e+05  1.33978153e+00]
[-4.83864569e+05  1.33978153e+00]
[-4.83864585e+05  1.33978153e+00]
[-4.83864580e+05  1.33978153e+00]
[-4.83864559e+05  1.33978153e+00]
[-4.83864565e+05  1.33978153e+00]
[-4.83864550e+05  1.33978153e+00]
[-4.83864572e+05  1.33978153e+00]
[-4.83864565e+05  1.33978153e+00]
[-4.83864572e+05  1.33978153e+00]
[-4.83864557e+05  1.33978153e+00]
[-4.83864568e+05  1.33978153e+00]
[-4.83864567e+05  1.33978153e+00]
[-4.83864565e+05  1.33978153e+00]
[-4.83864566e+05  1.33978153e+00]
[-4.83864564e+05  1.33978153e+00]
[-4.83864562e+05  1.33978153e+00]
[-4.83864563e+05  1.33978153e+00]
[-4.83864564e+05  1.33978153e+00]
[-4.83864565e+05  1.33978153e+00]
[-4.83864563e+05  1.33978153e+00]
[-4.83864564e+05  1.33978153e+00]

------------------------------------------------------------
Sender: LSF System <lsfadmin@n-62-21-13>
Subject: Job 1756016: <batch_job_this_is_on_purpose_to_utilize_more_kernel> in cluster <dcc> Done

Job <batch_job_this_is_on_purpose_to_utilize_more_kernel> was submitted from host <gbarlogin2> by user <s174007> in cluster <dcc> at Tue Jan 15 17:21:49 2019
Job was executed on host(s) <n-62-21-13>, in queue <hpc>, as user <s174007> in cluster <dcc> at Tue Jan 15 17:21:50 2019
</zhome/b0/b/127184> was used as the home directory.
</zhome/b0/b/127184/Documents/Projects/machine-learning-on-materials> was used as the working directory.
Started at Tue Jan 15 17:21:50 2019
Terminated at Tue Jan 15 17:59:52 2019
Results reported at Tue Jan 15 17:59:52 2019

Your job looked like:

------------------------------------------------------------
# LSBATCH: User input
#!/bin/bash
##Kør på cpu
#BSUB -q hpc
##Navn på job
#BSUB -J batch_job_this_is_on_purpose_to_utilize_more_kernel
##Output fil
#BSUB -o output/batch/batchjobs-%J.out
##Antal kerner
#BSUB -n 1
##Om kernerne må være på forskellige computere
#BSUB -R "span[hosts=1]"
##Ram pr kerne
#BSUB -R "rusage[mem=10GB]"
##Hvor lang tid må den køre hh:mm
#BSUB -W 45:00
##Email når jobbet starter
##og stopper
module purge
module load python3
python3 KRR/batch_KRR_learn.py linear 10 GP newest -100 40
------------------------------------------------------------

Successfully completed.

Resource usage summary:

    CPU time :                                   2279.87 sec.
    Max Memory :                                 1752 MB
    Average Memory :                             1730.58 MB
    Total Requested Memory :                     10240.00 MB
    Delta Memory :                               8488.00 MB
    Max Swap :                                   -
    Max Processes :                              4
    Max Threads :                                5
    Run time :                                   2291 sec.
    Turnaround time :                            2283 sec.

The output (if any) is above this job summary.

