Unloaded module: latex/TeXLive12
Loaded module: python3/3.6.2

Train: 0.165956906887122 Validation: 0.29608737211259


------------------------------------------------------------
Sender: LSF System <lsfadmin@n-62-21-11>
Subject: Job 1709657: <batch_job_this_is_on_purpose_to_utilize_more_kernel> in cluster <dcc> Done

Job <batch_job_this_is_on_purpose_to_utilize_more_kernel> was submitted from host <gbarlogin2> by user <s174007> in cluster <dcc> at Thu Jan 10 19:44:28 2019
Job was executed on host(s) <n-62-21-11>, in queue <hpc>, as user <s174007> in cluster <dcc> at Thu Jan 10 20:30:29 2019
</zhome/b0/b/127184> was used as the home directory.
</zhome/b0/b/127184/Documents/Projects/machine-learning-on-materials> was used as the working directory.
Started at Thu Jan 10 20:30:29 2019
Terminated at Fri Jan 11 02:26:23 2019
Results reported at Fri Jan 11 02:26:23 2019

Your job looked like:

------------------------------------------------------------
# LSBATCH: User input
#!/bin/bash
##Kør på cpu
#BSUB -q hpc
##Navn på job
#BSUB -J batch_job_this_is_on_purpose_to_utilize_more_kernel
##Output fil
#BSUB -o output/batch/batchjobs-%J.out
##Antal kerner
#BSUB -n 1
##Om kernerne må være på forskellige computere
#BSUB -R "span[hosts=1]"
##Ram pr kerne
#BSUB -R "rusage[mem=10GB]"
##Hvor lang tid må den køre hh:mm
#BSUB -W 45:00
##Email når jobbet starter
##og stopper
module purge
module load python3
python3 KRR/batch_KRR.py gaussian 0.1 SimpleLarge newest 3
------------------------------------------------------------

Successfully completed.

Resource usage summary:

    CPU time :                                   21354.31 sec.
    Max Memory :                                 9922 MB
    Average Memory :                             9864.22 MB
    Total Requested Memory :                     10240.00 MB
    Delta Memory :                               318.00 MB
    Max Swap :                                   -
    Max Processes :                              4
    Max Threads :                                5
    Run time :                                   21360 sec.
    Turnaround time :                            24115 sec.

The output (if any) is above this job summary.

