Unloaded module: latex/TeXLive12
Loaded module: python3/3.6.2
[100.  10.]
[105.  10.]
[100.   10.5]
[105.    9.5]
[107.5   9. ]
[102.5   9. ]
[101.25   8.5 ]
[108.75   7.5 ]
[113.125   6.25 ]
[106.875   5.75 ]
[106.5625   4.125 ]
[118.4375   1.875 ]
[112.8125   4.625 ]
[112.1875   1.375 ]
[110.9375   2.875 ]
[119.6875   0.375 ]
[117.5   1. ]
[111.25   0.5 ]
[113.046875   0.84375 ]
[118.359375   0.46875 ]
[113.73046875   1.1484375 ]
[116.81640625   0.6953125 ]
[114.50195312   1.03515625]
[118.95507812   1.19140625]
[114.52392578   0.93066406]
[117.52197266   0.89550781]
[116.76696777   0.93041992]
[113.79089355   0.86108398]
[116.57272339   0.965271  ]
[114.3296814    0.96551514]
[113.11103821   0.98306274]
[116.378479     1.00012207]
[114.98756409   0.94802856]
[112.74452209   0.94827271]
[110.83042145   0.93977356]
[113.40240479   0.93078613]
[114.09786224   0.95683289]
[111.85482025   0.95707703]
[110.28844833   0.96160126]
[113.2081604    0.96563721]
[112.86043167   0.95261383]
[110.61738968   0.95285797]
[108.8771534    0.95087051]
[109.88276482   0.94640732]
[111.36180639   0.9544096 ]
[107.37852812   0.95266628]
[104.63757634   0.95269251]
[102.15292335   0.94915342]
[97.91334629  0.95097542]
[92.43144274  0.95102787]
[94.91609573  0.95456696]
[82.70996213  0.95290232]
[71.74615502  0.95300722]
[69.26150203  0.94946814]
[56.43420517  0.94691873]
[35.74891746  0.94889808]
[7.40765482 0.94783318]
[-7.90429503  0.94174469]
[51.83354251  0.95019159]
[2.80699216 0.95110604]
[-24.00661435   0.9531997 ]
[-41.61889553   0.94874763]
[28.470433   0.9498306]
[-18.25578602   0.94910862]
[16.78887825  0.94965011]
[-6.57423127  0.94928912]
[10.94810087  0.94955986]
[-0.73345389  0.94937936]
[8.02771218 0.94951473]
[2.1869348  0.94942449]
[-0.73345389  0.94937936]
[-2.41372786  0.95269735]
[4.95230915 0.94904922]
[0.04161781 0.95148131]
[-2.41372786  0.95269735]
[-0.57843955  0.94979975]
[1.96063423 0.95077947]
[-0.18468276  0.95283629]
[1.59403041 0.95027744]
[-0.32498601  0.95097928]
[1.38922917 0.95082942]
[-0.16318343  0.95203329]
[1.15472695 0.9507164 ]
[-0.19288441  0.95136829]
[0.99370078 0.95096414]
[-0.11940837  0.95172904]
[0.83619312 0.95096956]
[-0.11588985  0.95148673]
[0.71630312 0.95109479]
[-0.07827219  0.95160653]
[0.60757679 0.9511288 ]
[-0.06710852  0.95151532]
[0.52045021 0.95119992]
[-0.04550877  0.95155242]
[0.4443054  0.95123471]
[-0.034527    0.95151609]
[0.38170591 0.95127896]
[-0.02098168  0.95152556]
[0.09534009 0.95145285]
[-0.24474801  0.95165519]
[0.22509243 0.95137302]
[-0.08813453  0.95156113]
[0.14678569 0.95142005]
[-0.00982779  0.95151411]
[-0.08813453  0.95156113]
[-0.06355007  0.95154256]
[0.05561755 0.95147528]
[-0.02382753  0.95152014]
[0.03575628 0.95148649]
[-0.01568932  0.95151929]
[0.02729103 0.9514908 ]
[-0.01829304  0.95151842]
[0.02224395 0.95149447]
[-0.01487487  0.95151778]
[0.01674955 0.95149755]
[-0.01532219  0.95151718]
[0.01285241 0.95150015]
[0.03942976 0.95148359]
[0.0024866  0.95150648]
[-0.00141054  0.95150908]
[-0.01049059  0.95151485]
[-0.01177636  0.95151541]
[0.00669522 0.95150396]
[-0.00561917  0.95151159]
[0.00361662 0.95150587]
[-0.00254057  0.95150969]
[-0.00100127  0.95150873]
[-0.00489841  0.95151134]
[6.40343764e-04 9.51507692e-01]
[0.00104961 0.95150734]
[0.00269123 0.9515063 ]
[-7.81466191e-05  9.51508125e-01]
[-4.87417265e-04  9.51508473e-01]
[-1.03159346e-04  9.51508191e-01]

------------------------------------------------------------
Sender: LSF System <lsfadmin@n-62-21-11>
Subject: Job 1756040: <batch_job_this_is_on_purpose_to_utilize_more_kernel> in cluster <dcc> Done

Job <batch_job_this_is_on_purpose_to_utilize_more_kernel> was submitted from host <gbarlogin2> by user <s174007> in cluster <dcc> at Tue Jan 15 17:21:51 2019
Job was executed on host(s) <n-62-21-11>, in queue <hpc>, as user <s174007> in cluster <dcc> at Tue Jan 15 17:21:52 2019
</zhome/b0/b/127184> was used as the home directory.
</zhome/b0/b/127184/Documents/Projects/machine-learning-on-materials> was used as the working directory.
Started at Tue Jan 15 17:21:52 2019
Terminated at Tue Jan 15 18:13:11 2019
Results reported at Tue Jan 15 18:13:11 2019

Your job looked like:

------------------------------------------------------------
# LSBATCH: User input
#!/bin/bash
##Kør på cpu
#BSUB -q hpc
##Navn på job
#BSUB -J batch_job_this_is_on_purpose_to_utilize_more_kernel
##Output fil
#BSUB -o output/batch/batchjobs-%J.out
##Antal kerner
#BSUB -n 1
##Om kernerne må være på forskellige computere
#BSUB -R "span[hosts=1]"
##Ram pr kerne
#BSUB -R "rusage[mem=10GB]"
##Hvor lang tid må den køre hh:mm
#BSUB -W 45:00
##Email når jobbet starter
##og stopper
module purge
module load python3
python3 KRR/batch_KRR_learn.py linear 10 GP newest 100 80
------------------------------------------------------------

Successfully completed.

Resource usage summary:

    CPU time :                                   3072.71 sec.
    Max Memory :                                 1941 MB
    Average Memory :                             1740.29 MB
    Total Requested Memory :                     10240.00 MB
    Delta Memory :                               8299.00 MB
    Max Swap :                                   -
    Max Processes :                              8
    Max Threads :                                9
    Run time :                                   3080 sec.
    Turnaround time :                            3080 sec.

The output (if any) is above this job summary.

