Unloaded module: latex/TeXLive12
Loaded module: python3/3.6.2
[1000.    1.]
[1.05e+03 1.00e+00]
[1000.      1.05]
[950.     1.05]
[900.      1.075]
[900.      1.125]
[925.        1.09375]
[825.        1.11875]
[956.25        1.0671875]
[931.25        1.0484375]
[926.5625       1.08242187]
[870.3125       1.09023437]
[891.796875     1.08447266]
[918.359375     1.09189453]
[904.58984375   1.07922363]
[939.35546875   1.07717285]
[927.46582031   1.0789978 ]
[905.49316406   1.07579956]
[921.29516602   1.0807663 ]
[898.41918945   1.08099213]
[883.89587402   1.08198929]
[867.19055176   1.08044662]
[840.13824463   1.08028679]
[819.4442749    1.08305244]
[775.68664551   1.08134995]
[721.58203125   1.08103027]
[742.27600098   1.07826462]
[623.7197876   1.0790081]
[515.51055908   1.07836876]
[494.81658936   1.08113441]
[371.08688354   1.08256931]
[165.01541138   1.0799078 ]
[-113.26789856    1.07934656]
[20.59173584  1.08410835]
[-226.86767578    1.08697815]
[-185.47973633    1.08144684]
[231.94522858   1.08228869]
[-46.33808136   1.08172746]
[162.37440109   1.08214839]
[17.95072556  1.08634894]
[-55.58161736   1.08956951]
[-123.8319397     1.08830891]
[90.8228159   1.08368852]
[-52.2803545    1.08676878]
[55.0470233   1.08445858]
[-16.5045619    1.08599871]
[37.159127    1.08484361]
[1.3833344  1.08561368]
[-16.5045619    1.08599871]
[-1.25767589  1.08785426]
[15.12938291  1.08504483]
[-1.43800825  1.08430957]
[13.1035421  1.0858391]
[-0.64250641  1.08640794]
[11.18641058  1.08538561]
[-0.53379713  1.08516019]
[9.6942073  1.08566937]
[-0.10886888  1.08589744]
[8.36259071 1.08551357]
[0.05171782 1.08545787]
[-4.76952693  1.08535213]
[-6.9275385   1.08555799]
[4.54005841 1.08552467]
[-3.1050062   1.08554688]
[2.62879226 1.08553022]
[-1.19374004  1.08554133]
[1.67315918 1.085533  ]
[-0.23810697  1.08553855]
[1.19534264 1.08553439]
[-0.13627394  1.08537858]
[1.00343231 1.08555491]
[-0.14019252  1.08547839]
[0.86145885 1.08552039]
[-0.09025564  1.08542336]
[0.73001032 1.08552202]
[-0.07973071  1.0854595 ]
[0.62616146 1.08550517]
[-0.05213105  1.08544102]
[0.53447498 1.08550177]
[-0.03996867  1.08545448]
[0.45962893 1.0854925 ]
[-0.02312824  1.0854486 ]
[-0.43103935  1.08541398]
[0.23696186 1.08547287]
[-0.20837228  1.08543361]
[0.12562832 1.08546305]
[-0.09703875  1.08544342]
[0.06996156 1.08545814]
[0.14480761 1.08546742]
[0.01885573 1.0854533 ]
[6.11983114e-04 1.08545304e+00]
[-0.0340628   1.08545048]
[-0.03225011  1.08544847]
[0.03072583 1.08545552]
[-0.01125813  1.08545082]
[-0.02950187  1.08545055]
[0.00676633 1.08545262]
[-0.01741247  1.08545124]
[7.21627506e-04 1.08545227e+00]
[0.01259174 1.08545449]
[-0.00529566  1.08545174]
[-0.0054053  1.0854525]
[-0.01131295  1.0854512 ]
[-0.00236925  1.08545258]
[-0.00833172  1.08545166]
[-0.00385987  1.08545235]
[-0.0068411   1.08545189]
[-0.00460517  1.08545223]

------------------------------------------------------------
Sender: LSF System <lsfadmin@n-62-21-90>
Subject: Job 1756067: <batch_job_this_is_on_purpose_to_utilize_more_kernel> in cluster <dcc> Done

Job <batch_job_this_is_on_purpose_to_utilize_more_kernel> was submitted from host <gbarlogin2> by user <s174007> in cluster <dcc> at Tue Jan 15 17:21:53 2019
Job was executed on host(s) <n-62-21-90>, in queue <hpc>, as user <s174007> in cluster <dcc> at Tue Jan 15 17:21:54 2019
</zhome/b0/b/127184> was used as the home directory.
</zhome/b0/b/127184/Documents/Projects/machine-learning-on-materials> was used as the working directory.
Started at Tue Jan 15 17:21:54 2019
Terminated at Tue Jan 15 17:40:35 2019
Results reported at Tue Jan 15 17:40:35 2019

Your job looked like:

------------------------------------------------------------
# LSBATCH: User input
#!/bin/bash
##Kør på cpu
#BSUB -q hpc
##Navn på job
#BSUB -J batch_job_this_is_on_purpose_to_utilize_more_kernel
##Output fil
#BSUB -o output/batch/batchjobs-%J.out
##Antal kerner
#BSUB -n 1
##Om kernerne må være på forskellige computere
#BSUB -R "span[hosts=1]"
##Ram pr kerne
#BSUB -R "rusage[mem=10GB]"
##Hvor lang tid må den køre hh:mm
#BSUB -W 45:00
##Email når jobbet starter
##og stopper
module purge
module load python3
python3 KRR/batch_KRR_learn.py linear 1 GP newest 1000 50
------------------------------------------------------------

Successfully completed.

Resource usage summary:

    CPU time :                                   1120.47 sec.
    Max Memory :                                 1789 MB
    Average Memory :                             1723.32 MB
    Total Requested Memory :                     10240.00 MB
    Delta Memory :                               8451.00 MB
    Max Swap :                                   -
    Max Processes :                              4
    Max Threads :                                5
    Run time :                                   1122 sec.
    Turnaround time :                            1122 sec.

The output (if any) is above this job summary.

