Unloaded module: latex/TeXLive12
Loaded module: python3/3.6.2
[1000.    1.]
[1.05e+03 1.00e+00]
[1000.      1.05]
[1.05e+03 9.50e-01]
[1.075e+03 9.000e-01]
[1.025e+03 9.000e-01]
[1.0125e+03 8.5000e-01]
[1.0875e+03 7.5000e-01]
[1.13125e+03 6.25000e-01]
[1.025e+03 7.000e-01]
[1.e+03 6.e-01]
[1.1e+03 6.0e-01]
[1.034375e+03 7.875000e-01]
[1.078125e+03 6.625000e-01]
[1.0453125e+03 7.5625000e-01]
[1.0671875e+03 6.9375000e-01]
[1.06171875e+03 7.09375000e-01]
[9.9921875e+02 6.5937500e-01]
[1.06542969e+03 7.27343750e-01]
[1.10214844e+03 7.36718750e-01]
[1.10585938e+03 7.54687500e-01]
[1.07275391e+03 7.20703125e-01]
[1.03603516e+03 7.11328125e-01]
[1.08562012e+03 7.30371094e-01]
[1.05256348e+03 7.17675781e-01]
[1.06082764e+03 7.20849609e-01]
[1.05350342e+03 7.27490234e-01]
[1.05831604e+03 7.25793457e-01]
[1.05371399e+03 7.19299316e-01]
[1.06250076e+03 7.25332642e-01]
[1.05998917e+03 7.30276489e-01]
[1.06061802e+03 7.23206329e-01]
[1.06480274e+03 7.22745514e-01]
[1.06318107e+03 7.23507500e-01]
[1.06129832e+03 7.21381187e-01]
[1.06220015e+03 7.24344778e-01]
[1.06476320e+03 7.24645948e-01]
[1.06372690e+03 7.24286044e-01]
[1.06274599e+03 7.25123322e-01]
[1.06307230e+03 7.23911455e-01]
[1.06154555e+03 7.23970190e-01]
[1.06045487e+03 7.23812263e-01]
[1.06132701e+03 7.23378940e-01]
[1.06198187e+03 7.24103319e-01]
[1.05936444e+03 7.24004126e-01]
[1.05751050e+03 7.24050461e-01]
[1.05598350e+03 7.23759406e-01]
[1.05298432e+03 7.23587449e-01]
[1.05003996e+03 7.23825648e-01]
[1.04483251e+03 7.23832340e-01]
[1.04030632e+03 7.23369328e-01]
[1.03215451e+03 7.23614219e-01]
[1.02173960e+03 7.23627604e-01]
[1.02626578e+03 7.24090616e-01]
[1.00317288e+03 7.23885880e-01]
[9.82343067e+02 7.23912649e-01]
[9.77816883e+02 7.23449637e-01]
[9.38420349e+02 7.23734683e-01]
[8.96760723e+02 7.23788222e-01]
[9.01286907e+02 7.24251234e-01]
[8.15704563e+02 7.24126807e-01]
[7.32385310e+02 7.24233886e-01]
[7.27859127e+02 7.23770874e-01]
[641.14523704   0.72353069]
[476.76982449   0.72397636]
[266.77437522   0.72407043]
[175.53430177   0.72336723]
[-102.8912026     0.72293391]
[-198.83656005    0.72390697]
[431.14978777   0.72362476]
[11.15888922  0.7238129 ]
[-198.83656005    0.72390697]
[-80.08118423   0.7231097 ]
[180.06048536   0.72383025]
[6.63270563 0.72334989]
[-80.08118423   0.7231097 ]
[-157.74270692    0.72379555]
[92.2150496   0.72347431]
[-74.42345475   0.72368847]
[50.55542351  0.72352785]
[-32.76382866   0.72363493]
[29.72561047  0.72355462]
[-11.93401562   0.72360816]
[19.31070395  0.72356801]
[-1.5191091   0.72359478]
[14.10325069  0.7235747 ]
[3.68834416 0.72358808]
[-1.5191091   0.72359478]
[-0.83783943  0.72312507]
[8.15970706 0.72364094]
[2.16134274 0.72329703]
[-0.83783943  0.72312507]
[-0.78301873  0.72353523]
[4.77877454 0.72339622]
[1.07091236 0.72348889]
[-0.78301873  0.72353523]
[-0.45608907  0.72319784]
[2.65223586 0.72349052]
[0.58001924 0.7232954 ]
[-0.45608907  0.72319784]
[-0.51041114  0.72348726]
[1.49340427 0.72334459]
[0.15752733 0.7234397 ]
[-0.51041114  0.72348726]
[-0.33336579  0.72324621]
[0.71984282 0.72342822]
[0.01770375 0.72330688]
[-0.33336579  0.72324621]
[-0.40478816  0.72345118]
[0.33381739 0.72333434]
[-0.15858631  0.72341224]
[0.21071646 0.72335382]
[-0.03548538  0.72339276]
[0.149166   0.72336355]
[0.00934242 0.72323073]
[-0.06475004  0.72312625]
[-0.12211984  0.72317406]
[0.08134454 0.72331618]
[-0.05429838  0.72322143]
[0.04743381 0.72329249]
[-0.02038765  0.72324512]
[-0.00343228  0.72325696]
[-0.01179361  0.72318081]
[-0.02456831  0.72320704]
[0.00086474 0.72322481]
[0.00922607 0.72330096]
[-0.00653869  0.72321085]
[-0.01083571  0.723243  ]
[-0.0079106   0.72323845]
[-0.01101701  0.72319234]
[-0.00532846  0.72324081]
[-0.00395656  0.7232132 ]
[-0.00494507  0.72321952]
[-0.00692209  0.72323214]
[-0.00642783  0.72322898]
[-0.00763806  0.72319903]
[-0.00590586  0.72323036]

------------------------------------------------------------
Sender: LSF System <lsfadmin@n-62-21-90>
Subject: Job 1756068: <batch_job_this_is_on_purpose_to_utilize_more_kernel> in cluster <dcc> Done

Job <batch_job_this_is_on_purpose_to_utilize_more_kernel> was submitted from host <gbarlogin2> by user <s174007> in cluster <dcc> at Tue Jan 15 17:21:53 2019
Job was executed on host(s) <n-62-21-90>, in queue <hpc>, as user <s174007> in cluster <dcc> at Tue Jan 15 17:21:54 2019
</zhome/b0/b/127184> was used as the home directory.
</zhome/b0/b/127184/Documents/Projects/machine-learning-on-materials> was used as the working directory.
Started at Tue Jan 15 17:21:54 2019
Terminated at Tue Jan 15 17:53:31 2019
Results reported at Tue Jan 15 17:53:31 2019

Your job looked like:

------------------------------------------------------------
# LSBATCH: User input
#!/bin/bash
##Kør på cpu
#BSUB -q hpc
##Navn på job
#BSUB -J batch_job_this_is_on_purpose_to_utilize_more_kernel
##Output fil
#BSUB -o output/batch/batchjobs-%J.out
##Antal kerner
#BSUB -n 1
##Om kernerne må være på forskellige computere
#BSUB -R "span[hosts=1]"
##Ram pr kerne
#BSUB -R "rusage[mem=10GB]"
##Hvor lang tid må den køre hh:mm
#BSUB -W 45:00
##Email når jobbet starter
##og stopper
module purge
module load python3
python3 KRR/batch_KRR_learn.py linear 1 GP newest 1000 60
------------------------------------------------------------

Successfully completed.

Resource usage summary:

    CPU time :                                   1895.55 sec.
    Max Memory :                                 1833 MB
    Average Memory :                             1745.13 MB
    Total Requested Memory :                     10240.00 MB
    Delta Memory :                               8407.00 MB
    Max Swap :                                   2 MB
    Max Processes :                              4
    Max Threads :                                5
    Run time :                                   1897 sec.
    Turnaround time :                            1898 sec.

The output (if any) is above this job summary.

