Unloaded module: latex/TeXLive12
Loaded module: python3/3.6.2
[1.e+03 1.e-03]
[1.05e+03 1.00e-03]
[1.00e+03 1.05e-03]
[9.50e+02 1.05e-03]
[9.000e+02 1.075e-03]
[9.000e+02 1.125e-03]
[8.5000e+02 1.1875e-03]
[7.5000e+02 1.2125e-03]
[6.25000e+02 1.29375e-03]
[5.75000e+02 1.40625e-03]
[4.125000e+02 1.571875e-03]
[1.875000e+02 1.678125e-03]
[-1.4375000e+02  1.9234375e-03]
[-3.5625000e+02  2.2015625e-03]
[-8.46875000e+02  2.65546875e-03]
[-1.40312500e+03  3.00703125e-03]
[-2.31093750e+03  3.72460938e-03]
[-3.01406250e+03  4.45664063e-03]
[-4.44921875e+03  5.72324219e-03]
[-5.91328125e+03  6.79238281e-03]
[-8.44648438e+03  8.86083984e-03]
[-1.05847656e+04  1.08594727e-02]
[-1.47216797e+04  1.44269043e-02]
[-1.87189453e+04  1.75645020e-02]
[-2.58538086e+04  2.34851318e-02]
[-3.21290039e+04  2.90511963e-02]
[-4.39702637e+04  3.91463745e-02]
[-5.51023926e+04  4.82046021e-02]
[-7.52927490e+04  6.50934509e-02]
[-9.34092041e+04  8.07546936e-02]
[-1.27186902e+05  1.09389474e-01]
[-1.58509387e+05  1.35336551e-01]
[-2.15778949e+05  1.83431639e-01]
[-2.67673102e+05  2.27727663e-01]
[-3.63863278e+05  3.09044769e-01]
[-4.52455325e+05  3.83086933e-01]
[-6.15089537e+05  5.19935662e-01]
[-7.63173866e+05  6.45548792e-01]
[-1.03687132e+06  8.76607368e-01]
[-1.28809758e+06  1.08749826e+00]
[-1.70987937e+06  1.44416997e+00]
[-8.88786996e+05  7.50994239e-01]
[-6.37560737e+05  5.40103345e-01]
[-1.12546337e+06  9.50649533e-01]
[-8.00194949e+05  6.76952074e-01]
[-1.04414627e+06  8.82225168e-01]
[-1.1922306e+06  1.0078383e+00]
[-9.64647896e+05  8.15205254e-01]
[-9.57372954e+05  8.09587454e-01]
[-8.85149525e+05  7.48185339e-01]
[-9.98940875e+05  8.44501861e-01]
[-1.00621582e+06  8.50119661e-01]
[-9.94005101e+05  8.39986609e-01]
[-1.02829808e+06  8.69283216e-01]
[-9.80560442e+05  8.28724744e-01]
[-9.75624668e+05  8.24209492e-01]
[-9.62180009e+05  8.12947628e-01]
[-9.86048828e+05  8.33226864e-01]
[-9.90984602e+05  8.37742116e-01]
[-9.79464651e+05  8.27592648e-01]
[-9.73976265e+05  8.23090529e-01]
[-9.83030687e+05  8.30692780e-01]
[-9.84126478e+05  8.31824876e-01]
[-9.82961021e+05  8.30766819e-01]
[-9.80490776e+05  8.28798783e-01]
[-9.82395709e+05  8.30219281e-01]
[-9.79995130e+05  8.28177206e-01]
[-9.82219548e+05  8.30119416e-01]
[-9.84054816e+05  8.31613952e-01]
[-9.81434035e+05  8.29447046e-01]
[-9.81610196e+05  8.29546911e-01]
[-9.81762534e+05  8.29690037e-01]
[-9.80800860e+05  8.28917803e-01]
[-9.81996997e+05  8.29893911e-01]
[-9.82325496e+05  8.30136902e-01]
[-9.82102631e+05  8.29964438e-01]
[-9.81879766e+05  8.29791974e-01]
[-9.81715516e+05  8.29670479e-01]
[-9.82161246e+05  8.30015407e-01]
[-9.82278478e+05  8.30117344e-01]
[-9.81979444e+05  8.29873317e-01]
[-9.81815194e+05  8.29751821e-01]
[-9.82074733e+05  8.29949510e-01]
[-9.82092287e+05  8.29970105e-01]
[-9.82170023e+05  8.30025704e-01]
[-9.82040254e+05  8.29926860e-01]
[-9.82083510e+05  8.29959808e-01]
[-9.82035865e+05  8.29921711e-01]
[-9.82027089e+05  8.29911414e-01]
[-9.82041194e+05  8.29923512e-01]
[-9.82055299e+05  8.29935611e-01]
[-9.82079122e+05  8.29954659e-01]
[-9.82050911e+05  8.29930462e-01]
[-9.82070345e+05  8.29944362e-01]
[-9.82094167e+05  8.29963410e-01]
[-9.82083353e+05  8.29955173e-01]
[-9.82061725e+05  8.29938699e-01]
[-9.82077946e+05  8.29951055e-01]
[-9.82072539e+05  8.29946936e-01]
[-9.82079043e+05  8.29952342e-01]
[-9.82081238e+05  8.29954916e-01]
[-9.82074714e+05  8.29948931e-01]
[-9.82076888e+05  8.29950926e-01]
[-9.82073636e+05  8.29948223e-01]
[-9.82077985e+05  8.29952213e-01]
[-9.82076898e+05  8.29951216e-01]
[-9.82075811e+05  8.29950218e-01]
[-9.82074185e+05  8.29948867e-01]
[-9.82073107e+05  8.29948159e-01]
[-9.82075135e+05  8.29949704e-01]
[-9.82074459e+05  8.29949189e-01]
[-9.82075272e+05  8.29949864e-01]
[-9.82075546e+05  8.29950186e-01]
[-9.82074731e+05  8.29949438e-01]
[-9.82075003e+05  8.29949687e-01]
[-9.82074596e+05  8.29949350e-01]
[-9.82075140e+05  8.29949848e-01]
[-9.82074732e+05  8.29949474e-01]
[-9.82074868e+05  8.29949599e-01]
[-9.82074665e+05  8.29949430e-01]
[-9.82074937e+05  8.29949679e-01]
[-9.82074733e+05  8.29949492e-01]
[-9.82074801e+05  8.29949555e-01]
[-9.82074699e+05  8.29949470e-01]
[-9.82074835e+05  8.29949595e-01]
[-9.82074801e+05  8.29949564e-01]
[-9.82074767e+05  8.29949533e-01]
[-9.82074716e+05  8.29949490e-01]
[-9.82074683e+05  8.29949468e-01]
[-9.82074704e+05  8.29949484e-01]
[-9.82074721e+05  8.29949504e-01]
[-9.82074717e+05  8.29949494e-01]
[-9.82074719e+05  8.29949497e-01]
[-9.82074725e+05  8.29949500e-01]
[-9.82074740e+05  8.29949513e-01]
[-9.82074734e+05  8.29949509e-01]
[-9.82074729e+05  8.29949505e-01]
[-9.82074726e+05  8.29949504e-01]
[-9.82074730e+05  8.29949509e-01]
[-9.82074730e+05  8.29949508e-01]
[-9.82074729e+05  8.29949506e-01]
[-9.82074737e+05  8.29949513e-01]
[-9.82074729e+05  8.29949506e-01]
[-9.82074731e+05  8.29949508e-01]
[-9.82074730e+05  8.29949507e-01]
[-9.82074735e+05  8.29949512e-01]
[-9.82074734e+05  8.29949511e-01]
[-9.82074731e+05  8.29949508e-01]
[-9.82074733e+05  8.29949510e-01]
[-9.82074733e+05  8.29949510e-01]
[-9.82074732e+05  8.29949509e-01]
[-9.82074732e+05  8.29949509e-01]
[-9.82074734e+05  8.29949511e-01]
[-9.82074733e+05  8.29949510e-01]
[-9.82074733e+05  8.29949510e-01]
[-9.82074733e+05  8.29949510e-01]

------------------------------------------------------------
Sender: LSF System <lsfadmin@n-62-21-19>
Subject: Job 1755983: <batch_job_this_is_on_purpose_to_utilize_more_kernel> in cluster <dcc> Done

Job <batch_job_this_is_on_purpose_to_utilize_more_kernel> was submitted from host <gbarlogin2> by user <s174007> in cluster <dcc> at Tue Jan 15 17:21:46 2019
Job was executed on host(s) <n-62-21-19>, in queue <hpc>, as user <s174007> in cluster <dcc> at Tue Jan 15 17:21:47 2019
</zhome/b0/b/127184> was used as the home directory.
</zhome/b0/b/127184/Documents/Projects/machine-learning-on-materials> was used as the working directory.
Started at Tue Jan 15 17:21:47 2019
Terminated at Tue Jan 15 18:50:20 2019
Results reported at Tue Jan 15 18:50:20 2019

Your job looked like:

------------------------------------------------------------
# LSBATCH: User input
#!/bin/bash
##Kør på cpu
#BSUB -q hpc
##Navn på job
#BSUB -J batch_job_this_is_on_purpose_to_utilize_more_kernel
##Output fil
#BSUB -o output/batch/batchjobs-%J.out
##Antal kerner
#BSUB -n 1
##Om kernerne må være på forskellige computere
#BSUB -R "span[hosts=1]"
##Ram pr kerne
#BSUB -R "rusage[mem=10GB]"
##Hvor lang tid må den køre hh:mm
#BSUB -W 45:00
##Email når jobbet starter
##og stopper
module purge
module load python3
python3 KRR/batch_KRR_learn.py linear 0.001 GP newest 1000 100
------------------------------------------------------------

Successfully completed.

Resource usage summary:

    CPU time :                                   5311.34 sec.
    Max Memory :                                 2082 MB
    Average Memory :                             1788.70 MB
    Total Requested Memory :                     10240.00 MB
    Delta Memory :                               8158.00 MB
    Max Swap :                                   -
    Max Processes :                              4
    Max Threads :                                5
    Run time :                                   5316 sec.
    Turnaround time :                            5314 sec.

The output (if any) is above this job summary.

