Unloaded module: latex/TeXLive12
Loaded module: python3/3.6.2
[-100.    1.]
[-105.    1.]
[-100.      1.05]
[-105.      1.05]
[-107.5      1.075]
[-102.5      1.125]
[-101.25      1.1875]
[-108.75      1.2125]
[-113.125      1.29375]
[-106.875      1.40625]
[-106.5625      1.571875]
[-118.75      1.5125]
[-114.375      1.43125]
[-108.125      1.54375]
[-111.875      1.35625]
[-104.375      1.33125]
[-106.875      1.35625]
[-111.875      1.30625]
[-108.125      1.38125]
[-113.125      1.38125]
[-116.25       1.39375]
[-116.875      1.35625]
[-121.25       1.34375]
[-118.125      1.38125]
[-121.25       1.39375]
[-121.875      1.35625]
[-126.25       1.34375]
[-123.125      1.38125]
[-126.25       1.39375]
[-126.875      1.35625]
[-131.25       1.34375]
[-128.125      1.38125]
[-131.25       1.39375]
[-131.875      1.35625]
[-136.25       1.34375]
[-133.125      1.38125]
[-136.25       1.39375]
[-136.875      1.35625]
[-141.25       1.34375]
[-138.125      1.38125]
[-141.25       1.39375]
[-141.875      1.35625]
[-146.25       1.34375]
[-143.125      1.38125]
[-146.25       1.39375]
[-146.875      1.35625]
[-151.25       1.34375]
[-148.125      1.38125]
[-151.25       1.39375]
[-151.875      1.35625]
[-156.25       1.34375]
[-153.125      1.38125]
[-156.25       1.39375]
[-156.875      1.35625]
[-161.25       1.34375]
[-158.125      1.38125]
[-161.25       1.39375]
[-161.875      1.35625]
[-166.25       1.34375]
[-163.125      1.38125]
[-166.25       1.39375]
[-166.875      1.35625]
[-171.25       1.34375]
[-168.125      1.38125]
[-171.25       1.39375]
[-171.875      1.35625]
[-176.25       1.34375]
[-173.125      1.38125]
[-176.25       1.39375]
[-176.875      1.35625]
[-181.25       1.34375]
[-178.125      1.38125]
[-181.25       1.39375]
[-181.875      1.35625]
[-186.25       1.34375]
[-183.125      1.38125]
[-186.25       1.39375]
[-186.875      1.35625]
[-191.25       1.34375]
[-188.125      1.38125]
[-191.25       1.39375]
[-191.875      1.35625]
[-196.25       1.34375]
[-193.125      1.38125]
[-196.25       1.39375]
[-196.875      1.35625]
[-201.25       1.34375]
[-198.125      1.38125]
[-201.25       1.39375]
[-201.875      1.35625]
[-206.25       1.34375]
[-203.125      1.38125]
[-206.25       1.39375]
[-206.875      1.35625]
[-211.25       1.34375]
[-208.125      1.38125]
[-211.25       1.39375]
[-211.875      1.35625]
[-216.25       1.34375]
[-213.125      1.38125]
[-216.25       1.39375]
[-216.875      1.35625]
[-221.25       1.34375]
[-218.125      1.38125]
[-221.25       1.39375]
[-221.875      1.35625]
[-226.25       1.34375]
[-223.125      1.38125]
[-226.25       1.39375]
[-226.875      1.35625]
[-231.25       1.34375]
[-228.125      1.38125]
[-231.25       1.39375]
[-231.875      1.35625]
[-236.25       1.34375]
[-233.125      1.38125]
[-236.25       1.39375]
[-236.875      1.35625]
[-241.25       1.34375]
[-238.125      1.38125]
[-241.25       1.39375]
[-241.875      1.35625]
[-246.25       1.34375]
[-243.125      1.38125]
[-246.25       1.39375]
[-246.875      1.35625]
[-248.125      1.38125]
[-251.25       1.39375]
[-244.375      1.40625]
[-246.25       1.36875]
[-251.25       1.36875]
[-255.3125    1.3625]
[-249.375      1.35625]
[-248.4375    1.375 ]
[-249.0625    1.3625]
[-248.59375     1.371875]
[-253.59375     1.371875]
[-257.265625     1.3734375]
[-259.921875     1.3703125]
[-265.5859375     1.36953125]
[-271.6015625     1.37421875]
[-281.77734375    1.37695313]
[-290.09765625    1.37304688]
[-306.51367188    1.37285156]
[-322.70507812    1.38027344]
[-347.44140625    1.37617188]
[-380.2734375     1.37578125]
[-364.08203125    1.36835938]
[-384.77050781    1.36240234]
[-458.53027344    1.36533203]
[-534.53857422    1.36157227]
[-539.03564453    1.34819336]
[-419.96398926    1.36888428]
[-569.73205566    1.3680542 ]
[-662.21282959    1.37088013]
[-776.78741455    1.36356812]
[-955.1991272     1.36091003]
[-1082.87338257     1.3702179 ]
[-1357.04078674     1.37454071]
[-1.65002708e+03  1.36457062e+00]
[-2.14393421e+03  1.36141586e+00]
[-2.54577587e+03  1.37504654e+00]
[-3.34106424e+03  1.38211479e+00]
[-3.33266930e+03  1.36192169e+00]
[-4.32048355e+03  1.35561218e+00]
[-3.73451096e+03  1.37555237e+00]
[-4.52979933e+03  1.38262062e+00]
[-4.52140438e+03  1.36242752e+00]
[-5.50921864e+03  1.35611801e+00]
[-4.92324604e+03  1.37605820e+00]
[-5.71013947e+03  1.36293335e+00]
[-6.69795372e+03  1.35662384e+00]
[-5.30829781e+03  1.34930267e+00]
[-5.01950898e+03  1.36936932e+00]
[-6.20824407e+03  1.36987514e+00]
[-7.05166391e+03  1.37359896e+00]
[-5.51761358e+03  1.37631111e+00]
[-5.66200799e+03  1.36627779e+00]
[-6.85074308e+03  1.36678362e+00]
[-7.76636013e+03  1.36549077e+00]
[-7.39697915e+03  1.37038097e+00]
[-8.26446473e+03  1.37243257e+00]
[-8.03947816e+03  1.36728945e+00]
[-8.95509521e+03  1.36599660e+00]
[-8.58571424e+03  1.37088680e+00]
[-9.45319981e+03  1.37293839e+00]
[-9.22821325e+03  1.36779528e+00]
[-1.01438303e+04  1.36650243e+00]
[-9.77444932e+03  1.37139263e+00]
[-1.04169483e+04  1.36830111e+00]
[-1.13325654e+04  1.36700826e+00]
[-9.87071226e+03  1.36470375e+00]
[-9.79851506e+03  1.36972041e+00]
[-1.09872501e+04  1.37022624e+00]
[-1.18667686e+04  1.37144172e+00]
[-1.16056834e+04  1.36880693e+00]
[-1.25092676e+04  1.36835020e+00]
[-1.30795694e+04  1.37027533e+00]
[-1.46015869e+04  1.36839929e+00]
[-1.64087552e+04  1.36748581e+00]
[-1.58384534e+04  1.36556067e+00]
[-1.37692904e+04  1.36909667e+00]
[-1.76687780e+04  1.36823228e+00]
[-2.02485333e+04  1.36817332e+00]
[-2.28879981e+04  1.36656246e+00]
[-2.67277761e+04  1.36724998e+00]
[-3.18872865e+04  1.36713206e+00]
[-2.92478217e+04  1.36874292e+00]
[-3.24277335e+04  1.36983315e+00]
[-4.40664868e+04  1.36879189e+00]
[-5.59754636e+04  1.36910117e+00]
[-5.65159106e+04  1.37180225e+00]
[-5.03587546e+04  1.37063470e+00]
[-7.39064847e+04  1.36990273e+00]
[-9.46458602e+04  1.36993752e+00]
[-1.00262569e+05  1.36840398e+00]
[-1.25214477e+05  1.36728862e+00]
[-1.38932966e+05  1.36924033e+00]
[-1.80411717e+05  1.36930991e+00]
[-1.86028426e+05  1.36777637e+00]
[-2.66177574e+05  1.36868230e+00]
[-3.49135076e+05  1.36882146e+00]
[-3.43518367e+05  1.37035499e+00]
[-3.04145882e+05  1.36971034e+00]
[-4.72869241e+05  1.36922189e+00]
[-6.19098003e+05  1.36917788e+00]
[-6.64087197e+05  1.36828900e+00]
[-9.34050124e+05  1.36864542e+00]
[-1.22650765e+06  1.36855740e+00]
[-1.18151845e+06  1.36944628e+00]
[-1.7889281e+06  1.3688258e+00]
[-1.83391729e+06  1.36793692e+00]
[-1.34461816e+06  1.36906894e+00]
[-7.82197712e+05  1.36880054e+00]
[-1.53724550e+06  1.36881949e+00]
[-1.28556291e+06  1.36881317e+00]
[-1.50771787e+06  1.36869160e+00]
[-1.44866261e+06  1.36843583e+00]
[-1.32633783e+06  1.36871884e+00]
[-1.36711276e+06  1.36862450e+00]
[-1.39664039e+06  1.36875239e+00]
[-1.53724550e+06  1.36881949e+00]
[-1.40964595e+06  1.36867325e+00]
[-1.49471232e+06  1.36877074e+00]
[-1.43091254e+06  1.36869762e+00]
[-1.54199002e+06  1.36863684e+00]
[-1.4329778e+06  1.3687235e+00]
[-1.50978313e+06  1.36871748e+00]
[-1.45063019e+06  1.36870259e+00]
[-1.37589011e+06  1.36873448e+00]
[-1.30997623e+06  1.36875592e+00]
[-1.39354250e+06  1.36871357e+00]
[-1.42311897e+06  1.36872102e+00]
[-1.41326015e+06  1.36871853e+00]
[-1.40443395e+06  1.36872899e+00]
[-1.36706392e+06  1.36874494e+00]
[-1.40171109e+06  1.36872514e+00]
[-1.37861297e+06  1.36873834e+00]
[-1.39593656e+06  1.36872844e+00]
[-1.39016203e+06  1.36873174e+00]
[-1.38880060e+06  1.36872981e+00]
[-1.37725154e+06  1.36873641e+00]
[-1.36297962e+06  1.36873916e+00]
[-1.36161819e+06  1.36873723e+00]
[-1.37452868e+06  1.36873256e+00]
[-1.38880060e+06  1.36872981e+00]
[-1.36841379e+06  1.36873537e+00]
[-1.37520940e+06  1.36873352e+00]
[-1.36875415e+06  1.36873586e+00]
[-1.36943487e+06  1.36873682e+00]
[-1.37376576e+06  1.36873434e+00]
[-1.38090172e+06  1.36873297e+00]
[-1.37786483e+06  1.36873369e+00]
[-1.37482794e+06  1.36873441e+00]
[-1.37232213e+06  1.36873517e+00]
[-1.37338430e+06  1.36873524e+00]
[-1.37374521e+06  1.36873503e+00]
[-1.37410612e+06  1.36873483e+00]
[-1.37535902e+06  1.36873445e+00]
[-1.37463721e+06  1.36873486e+00]
[-1.37642120e+06  1.36873452e+00]
[-1.37584243e+06  1.36873460e+00]
[-1.37526366e+06  1.36873467e+00]
[-1.37499812e+06  1.36873466e+00]
[-1.37562457e+06  1.36873447e+00]
[-1.37553434e+06  1.36873452e+00]
[-1.37544411e+06  1.36873457e+00]
[-1.37557689e+06  1.36873458e+00]
[-1.37602288e+06  1.36873449e+00]
[-1.37633611e+06  1.36873440e+00]
[-1.37576669e+06  1.36873453e+00]
[-1.37614630e+06  1.36873444e+00]
[-1.37586159e+06  1.36873451e+00]
[-1.37595650e+06  1.36873449e+00]
[-1.37582840e+06  1.36873451e+00]
[-1.37576202e+06  1.36873450e+00]
[-1.37582373e+06  1.36873448e+00]
[-1.37582723e+06  1.36873450e+00]
[-1.37582489e+06  1.36873449e+00]
[-1.37582665e+06  1.36873450e+00]
[-1.37582606e+06  1.36873449e+00]
[-1.37585867e+06  1.36873449e+00]
[-1.37585750e+06  1.36873448e+00]
[-1.37585779e+06  1.36873449e+00]
[-1.37585809e+06  1.36873449e+00]
[-1.37587439e+06  1.36873449e+00]
[-1.37587381e+06  1.36873448e+00]
[-1.37587395e+06  1.36873449e+00]
[-1.37587410e+06  1.36873449e+00]
[-1.37588225e+06  1.36873449e+00]
[-1.37589826e+06  1.36873448e+00]
[-1.37589222e+06  1.36873448e+00]
[-1.37590008e+06  1.36873448e+00]
[-1.37590900e+06  1.36873448e+00]
[-1.37590219e+06  1.36873448e+00]
[-1.37589313e+06  1.36873448e+00]
[-1.37589615e+06  1.36873448e+00]
[-1.37589510e+06  1.36873448e+00]
[-1.37590114e+06  1.36873448e+00]
[-1.37589661e+06  1.36873448e+00]
[-1.37589812e+06  1.36873448e+00]
[-1.37589759e+06  1.36873448e+00]
[-1.37589955e+06  1.36873448e+00]
[-1.37590205e+06  1.36873448e+00]
[-1.37590093e+06  1.36873448e+00]
[-1.37590146e+06  1.36873448e+00]
[-1.37590003e+06  1.36873448e+00]
[-1.37590051e+06  1.36873448e+00]
[-1.37589982e+06  1.36873448e+00]
[-1.37589939e+06  1.36873448e+00]
[-1.37589967e+06  1.36873448e+00]
[-1.37589994e+06  1.36873448e+00]
[-1.37589991e+06  1.36873448e+00]
[-1.37589985e+06  1.36873448e+00]
[-1.37589989e+06  1.36873448e+00]
[-1.37590030e+06  1.36873448e+00]
[-1.37589983e+06  1.36873448e+00]
[-1.37589999e+06  1.36873448e+00]
[-1.37589988e+06  1.36873448e+00]
[-1.37589997e+06  1.36873448e+00]
[-1.37590018e+06  1.36873448e+00]
[-1.37590010e+06  1.36873448e+00]
[-1.37590003e+06  1.36873448e+00]
[-1.37589998e+06  1.36873448e+00]
[-1.37590013e+06  1.36873448e+00]
[-1.37590002e+06  1.36873448e+00]
[-1.37590005e+06  1.36873448e+00]
[-1.37590003e+06  1.36873448e+00]
[-1.37590011e+06  1.36873448e+00]
[-1.37590005e+06  1.36873448e+00]
[-1.37590009e+06  1.36873448e+00]
[-1.37590006e+06  1.36873448e+00]
[-1.37590007e+06  1.36873448e+00]
[-1.37590007e+06  1.36873448e+00]
[-1.37590008e+06  1.36873448e+00]
[-1.37590008e+06  1.36873448e+00]
[-1.37590009e+06  1.36873448e+00]
[-1.37590007e+06  1.36873448e+00]
[-1.37590008e+06  1.36873448e+00]
[-1.37590007e+06  1.36873448e+00]
[-1.37590009e+06  1.36873448e+00]
[-1.37590008e+06  1.36873448e+00]
[-1.37590008e+06  1.36873448e+00]
[-1.37590008e+06  1.36873448e+00]
[-1.37590008e+06  1.36873448e+00]
[-1.37590008e+06  1.36873448e+00]
[-1.37590008e+06  1.36873448e+00]
[-1.37590008e+06  1.36873448e+00]
[-1.37590008e+06  1.36873448e+00]
[-1.37590008e+06  1.36873448e+00]
[-1.37590008e+06  1.36873448e+00]
[-1.37590008e+06  1.36873448e+00]
[-1.37590008e+06  1.36873448e+00]
[-1.37590008e+06  1.36873448e+00]
[-1.37590008e+06  1.36873448e+00]
[-1.37590008e+06  1.36873448e+00]
[-1.37590008e+06  1.36873448e+00]

------------------------------------------------------------
Sender: LSF System <lsfadmin@n-62-21-90>
Subject: Job 1756055: <batch_job_this_is_on_purpose_to_utilize_more_kernel> in cluster <dcc> Done

Job <batch_job_this_is_on_purpose_to_utilize_more_kernel> was submitted from host <gbarlogin2> by user <s174007> in cluster <dcc> at Tue Jan 15 17:21:52 2019
Job was executed on host(s) <n-62-21-90>, in queue <hpc>, as user <s174007> in cluster <dcc> at Tue Jan 15 17:21:53 2019
</zhome/b0/b/127184> was used as the home directory.
</zhome/b0/b/127184/Documents/Projects/machine-learning-on-materials> was used as the working directory.
Started at Tue Jan 15 17:21:53 2019
Terminated at Tue Jan 15 17:52:44 2019
Results reported at Tue Jan 15 17:52:44 2019

Your job looked like:

------------------------------------------------------------
# LSBATCH: User input
#!/bin/bash
##Kør på cpu
#BSUB -q hpc
##Navn på job
#BSUB -J batch_job_this_is_on_purpose_to_utilize_more_kernel
##Output fil
#BSUB -o output/batch/batchjobs-%J.out
##Antal kerner
#BSUB -n 1
##Om kernerne må være på forskellige computere
#BSUB -R "span[hosts=1]"
##Ram pr kerne
#BSUB -R "rusage[mem=10GB]"
##Hvor lang tid må den køre hh:mm
#BSUB -W 45:00
##Email når jobbet starter
##og stopper
module purge
module load python3
python3 KRR/batch_KRR_learn.py linear 1 GP newest -100 30
------------------------------------------------------------

Successfully completed.

Resource usage summary:

    CPU time :                                   1848.51 sec.
    Max Memory :                                 1725 MB
    Average Memory :                             1710.50 MB
    Total Requested Memory :                     10240.00 MB
    Delta Memory :                               8515.00 MB
    Max Swap :                                   -
    Max Processes :                              4
    Max Threads :                                5
    Run time :                                   1850 sec.
    Turnaround time :                            1852 sec.

The output (if any) is above this job summary.

