Unloaded module: latex/TeXLive12
Loaded module: python3/3.6.2
[1000.    1.]
[1.05e+03 1.00e+00]
[1000.      1.05]
[950.     1.05]
[900.      1.075]
[900.      1.125]
[850.       1.1875]
[750.       1.2125]
[625.        1.29375]
[575.        1.40625]
[412.5        1.571875]
[187.5        1.678125]
[-143.75         1.9234375]
[-356.25         2.2015625]
[-846.875         2.65546875]
[-912.5         2.553125]
[-1575.          3.04375]
[-1125.          2.83125]
[-879.6875        2.60429688]
[-389.0625        2.15039063]
[-757.03125       2.49082031]
[-1313.28125        2.84238281]
[-595.5078125     2.36176758]
[-440.0390625     2.29946289]
[-278.515625      2.17041016]
[-637.40234375    2.41071777]
[-792.87109375    2.47302246]
[-704.66308594    2.42963257]
[-528.24707031    2.34285278]
[-660.55908203    2.40793762]
[-702.45361328    2.45688782]
[-622.2442627     2.38554764]
[-645.40100098    2.38276749]
[-607.08618164    2.3603775 ]
[-647.19085693    2.39604759]
[-624.03411865    2.39882774]
[-648.98071289    2.4093277 ]
[-628.92837524    2.39149265]
[-652.08511353    2.3887125 ]
[-631.04686737    2.39629893]
[-612.78438568    2.39174399]
[-595.58115005    2.38959219]
[-593.46265793    2.38478591]
[-621.65081501    2.39342068]
[-588.30358982    2.39152022]
[-567.99119711    2.391534  ]
[-541.92153215    2.38770552]
[-514.33157921    2.38964733]
[-473.70679379    2.3896749 ]
[-499.77645874    2.39350338]
[-405.49205542    2.39164427]
[-324.24248457    2.39169941]
[-298.17281961    2.38787092]
[-197.37100005    2.38505469]
[-47.90669084   2.3870792 ]
[164.99336064   2.38578136]
[78.96479368  2.38043449]
[-223.44066501    2.38888318]
[-21.83702588   2.38325072]
[78.96479368  2.38043449]
[127.62728333   2.38527523]
[-116.1214292     2.38510983]
[46.37771249  2.3852201 ]
[-75.49664378   2.3851374 ]
[5.75292706 2.38519253]
[-55.18425107   2.38515118]
[-14.55946565   2.38517875]
[5.75292706 2.38519253]
[11.51019931  2.38135026]
[-33.0524683    2.38564697]
[-3.34402323  2.3827825 ]
[11.51019931  2.38135026]
[3.93353701 2.38471052]
[-15.39438516   2.38361567]
[-2.50910372  2.38434557]
[3.93353701 2.38471052]
[8.7063387  2.38194932]
[-8.74301456  2.38437139]
[2.88988762 2.38275668]
[-5.83478902  2.38396771]
[-0.01833793  2.38316036]
[-4.38067624  2.38376587]
[-1.4724507  2.3833622]
[-3.65361986  2.38366495]
[-2.19950709  2.38346312]
[-1.36458757  2.38502619]
[-2.84916431  2.38334342]
[-3.15876094  2.38422588]
[-2.91894748  2.38403519]
[-2.43932055  2.38365381]
[-2.55922728  2.38374915]
[-2.21916668  2.3847513 ]
[-2.69166491  2.38369539]
[-2.74178847  2.38309897]
[-2.5672749   2.38403392]
[-2.69971253  2.38398016]
[-2.57532253  2.38431869]
[-2.51715134  2.38463034]
[-2.4428849   2.38437245]
[-2.63550562  2.38407823]
[-2.64355325  2.38436301]
[-2.68169242  2.38452755]
[-2.62150932  2.384768  ]
[-2.61451117  2.38511289]
[-2.72088106  2.38532174]
[-2.65369981  2.38590709]
[-2.63970351  2.38659686]
[-2.53333362  2.386388  ]
[-2.55852596  2.38787197]
[-2.53053335  2.38925151]
[-2.63690324  2.38946036]
[-2.68868805  2.39099654]
[-2.5795179  2.3936512]
[-2.54942509  2.39717837]
[-2.70757979  2.3989234 ]
[-2.79610301  2.40375935]
[-2.65684005  2.40994117]
[-2.64091605  2.41941349]
[-2.88759397  2.42599447]
[-2.732407    2.44164861]
[-2.700559    2.46059323]
[-2.45388109  2.45401225]
[-2.23702465  2.46802114]
[-2.51352404  2.495192  ]
[-2.60906805  2.43835812]
[-2.36239013  2.43177713]
[-2.61601678  2.45338921]
[-2.46082982  2.46904335]
[-2.49788938  2.46137204]
[-2.33575368  2.46199508]
[-2.54595101  2.45554068]
[-2.50194271  2.44818089]
[-2.40987279  2.44665247]
[-2.51193145  2.45331862]
[-2.46386983  2.45914999]
[-2.47338805  2.45640771]
[-2.53143842  2.45571408]
[-2.47327042  2.45443771]
[-2.51181383  2.45134862]
[-2.48299449  2.45514294]
[-2.44433346  2.45626203]
[-2.49503195  2.45405447]
[-2.50475603  2.4547597 ]
[-2.48114182  2.45451821]
[-2.49317928  2.45342974]
[-2.49827168  2.45257315]
[-2.50706942  2.45296601]
[-2.48762372  2.45413016]
[-2.48577105  2.45350543]
[-2.48021549  2.45420584]
[-2.48993833  2.45362377]
[-2.49179101  2.4542485 ]
[-2.49028602  2.45406273]
[-2.4879714   2.45456912]
[-2.4894466   2.45386011]
[-2.48678431  2.45392753]
[-2.48503345  2.45385994]
[-2.48860719  2.45365748]
[-2.48786959  2.45401199]
[-2.48520729  2.45407942]
[-2.48838677  2.45391493]
[-2.48947206  2.45399939]
[-2.48745624  2.4539455 ]

------------------------------------------------------------
Sender: LSF System <lsfadmin@n-62-21-90>
Subject: Job 1756062: <batch_job_this_is_on_purpose_to_utilize_more_kernel> in cluster <dcc> Done

Job <batch_job_this_is_on_purpose_to_utilize_more_kernel> was submitted from host <gbarlogin2> by user <s174007> in cluster <dcc> at Tue Jan 15 17:21:52 2019
Job was executed on host(s) <n-62-21-90>, in queue <hpc>, as user <s174007> in cluster <dcc> at Tue Jan 15 17:21:53 2019
</zhome/b0/b/127184> was used as the home directory.
</zhome/b0/b/127184/Documents/Projects/machine-learning-on-materials> was used as the working directory.
Started at Tue Jan 15 17:21:53 2019
Terminated at Tue Jan 15 17:25:20 2019
Results reported at Tue Jan 15 17:25:20 2019

Your job looked like:

------------------------------------------------------------
# LSBATCH: User input
#!/bin/bash
##Kør på cpu
#BSUB -q hpc
##Navn på job
#BSUB -J batch_job_this_is_on_purpose_to_utilize_more_kernel
##Output fil
#BSUB -o output/batch/batchjobs-%J.out
##Antal kerner
#BSUB -n 1
##Om kernerne må være på forskellige computere
#BSUB -R "span[hosts=1]"
##Ram pr kerne
#BSUB -R "rusage[mem=10GB]"
##Hvor lang tid må den køre hh:mm
#BSUB -W 45:00
##Email når jobbet starter
##og stopper
module purge
module load python3
python3 KRR/batch_KRR_learn.py linear 1 GP newest 1000 10
------------------------------------------------------------

Successfully completed.

Resource usage summary:

    CPU time :                                   205.34 sec.
    Max Memory :                                 1693 MB
    Average Memory :                             1692.22 MB
    Total Requested Memory :                     10240.00 MB
    Delta Memory :                               8547.00 MB
    Max Swap :                                   -
    Max Processes :                              4
    Max Threads :                                5
    Run time :                                   206 sec.
    Turnaround time :                            208 sec.

The output (if any) is above this job summary.

