Unloaded module: latex/TeXLive12
Loaded module: python3/3.6.2
/zhome/b0/b/127184/.lsbatch/1547061162.1695431.shell: line 20: 14301 Killed                  python3 KRR/batch_KRR.py linear 1 SimpleLarge newest 1e-09

------------------------------------------------------------
Sender: LSF System <lsfadmin@n-62-21-99>
Subject: Job 1695431: <batch> in cluster <dcc> Exited

Job <batch> was submitted from host <gbarlogin2> by user <s174007> in cluster <dcc> at Wed Jan  9 20:12:42 2019
Job was executed on host(s) <n-62-21-99>, in queue <hpc>, as user <s174007> in cluster <dcc> at Wed Jan  9 20:12:42 2019
</zhome/b0/b/127184> was used as the home directory.
</zhome/b0/b/127184/Documents/Projects/machine-learning-on-materials> was used as the working directory.
Started at Wed Jan  9 20:12:42 2019
Terminated at Wed Jan  9 20:12:50 2019
Results reported at Wed Jan  9 20:12:50 2019

Your job looked like:

------------------------------------------------------------
# LSBATCH: User input
#!/bin/bash
##Kør på cpu
#BSUB -q hpc
##Navn på job
#BSUB -J batch job this is on purpose to utilize more kernel
##Output fil
#BSUB -o output/batch/batchjobs-%J.out
##Antal kerner
#BSUB -n 1
##Om kernerne må være på forskellige computere
#BSUB -R "span[hosts=1]"
##Ram pr kerne
#BSUB -R "rusage[mem=10GB]"
##Hvor lang tid må den køre hh:mm
#BSUB -W 45:00
##Email når jobbet starter
##og stopper
module purge
module load python3
python3 KRR/batch_KRR.py linear 1 SimpleLarge newest 1e-09
------------------------------------------------------------

TERM_MEMLIMIT: job killed after reaching LSF memory usage limit.
Exited with exit code 137.

Resource usage summary:

    CPU time :                                   1.51 sec.
    Max Memory :                                 1024 MB
    Average Memory :                             1023.67 MB
    Total Requested Memory :                     1024.00 MB
    Delta Memory :                               0.00 MB
    Max Swap :                                   -
    Max Processes :                              4
    Max Threads :                                5
    Run time :                                   8 sec.
    Turnaround time :                            8 sec.

The output (if any) is above this job summary.

