Unloaded module: latex/TeXLive12
Loaded module: python3/3.6.2
/zhome/e8/9/127123/machine-learning-on-materials/kernel_functions_load.py:84: RuntimeWarning: overflow encountered in power
  return np.power(param[0]*np.tensordot(A,B,axes=([1],[1]))+param[1],param[2])
lin
param:-2048
lambda:0.03125
rmse train 0.09713491149782913
lin
param:-2048
lambda:0.0625
rmse train 0.11765736642934954
lin
param:-2048
lambda:0.125
rmse train 0.1476640052368464
lin
param:-2048
lambda:0.25
rmse train 0.18564691580409098
lin
param:-2048
lambda:0.5
rmse train 0.22883100229485673
lin
param:-2048
lambda:1
rmse train 0.2742784872887275
lin
param:-2048
lambda:2
rmse train 0.3198603809235901
lin
param:-2048
lambda:4
rmse train 0.365162053377917
lin
param:-2048
lambda:8
rmse train 0.4106872708859574
lin
param:-2048
lambda:16
rmse train 0.4546373990186929
lin
param:-2048
lambda:32
rmse train 0.49198346338142357
lin
param:-2048
lambda:64
rmse train 0.5188695406619355
lin
param:-2048
lambda:128
rmse train 0.5356442047708733
lin
param:-2048
lambda:256
rmse train 0.5451359148748149
lin
param:-2048
lambda:512
rmse train 0.5502039205916299
lin
param:-2048
lambda:1024
rmse train 0.5528252625052726
lin
param:-2048
lambda:2048
rmse train 0.554158713165468
lin
param:-1024
lambda:0.03125
rmse train 0.09713491190319565
lin
param:-1024
lambda:0.0625
rmse train 0.11765736704352606
lin
param:-1024
lambda:0.125
rmse train 0.14766400604099247
lin
param:-1024
lambda:0.25
rmse train 0.18564691680795858
lin
param:-1024
lambda:0.5
rmse train 0.22883100359107797
lin
param:-1024
lambda:1
rmse train 0.2742784891049228
lin
param:-1024
lambda:2
rmse train 0.31986038387813204
lin
param:-1024
lambda:4
rmse train 0.3651620590733487
lin
param:-1024
lambda:8
rmse train 0.4106872819639955
lin
param:-1024
lambda:16
rmse train 0.4546374174602573
lin
param:-1024
lambda:32
rmse train 0.4919834888549453
lin
param:-1024
lambda:64
rmse train 0.5188695712709602
lin
param:-1024
lambda:128
rmse train 0.535644238718693
lin
param:-1024
lambda:256
rmse train 0.5451359515638401
lin
param:-1024
lambda:512
rmse train 0.5502039623353089
lin
param:-1024
lambda:1024
rmse train 0.5528253213236327
lin
param:-1024
lambda:2048
rmse train 0.5541588386477507
lin
param:-512
lambda:0.03125
rmse train 0.09713491270488596
lin
param:-512
lambda:0.0625
rmse train 0.11765736827256645
lin
param:-512
lambda:0.125
rmse train 0.1476640076517424
lin
param:-512
lambda:0.25
rmse train 0.1856469188183346
lin
param:-512
lambda:0.5
rmse train 0.22883100618566876
lin
param:-512
lambda:1
rmse train 0.2742784927367394
lin
param:-512
lambda:2
rmse train 0.3198603897869846
lin
param:-512
lambda:4
rmse train 0.3651620704656329
lin
param:-512
lambda:8
rmse train 0.41068730412361204
lin
param:-512
lambda:16
rmse train 0.4546374543570203
lin
param:-512
lambda:32
rmse train 0.4919835398510914
lin
param:-512
lambda:64
rmse train 0.5188696326742049
lin
param:-512
lambda:128
rmse train 0.535644307330361
lin
param:-512
lambda:256
rmse train 0.5451360277551616
lin
param:-512
lambda:512
rmse train 0.5502040569768606
lin
param:-512
lambda:1024
rmse train 0.5528254834168331
lin
param:-512
lambda:2048
rmse train 0.5541592674343648
lin
param:-256
lambda:0.03125
rmse train 0.09713491431205983
lin
param:-256
lambda:0.0625
rmse train 0.11765737072709259
lin
param:-256
lambda:0.125
rmse train 0.1476640108735348
lin
param:-256
lambda:0.25
rmse train 0.18564692283850426
lin
param:-256
lambda:0.5
rmse train 0.22883101137280928
lin
param:-256
lambda:1
rmse train 0.2742785000015582
lin
param:-256
lambda:2
rmse train 0.31986040160641793
lin
param:-256
lambda:4
rmse train 0.365162093254964
lin
param:-256
lambda:8
rmse train 0.41068734845860694
lin
param:-256
lambda:16
rmse train 0.4546375282048502
lin
param:-256
lambda:32
rmse train 0.4919836420400592
lin
param:-256
lambda:64
rmse train 0.5188697562215644
lin
param:-256
lambda:128
rmse train 0.5356444474187154
lin
param:-256
lambda:256
rmse train 0.5451361913977948
lin
param:-256
lambda:512
rmse train 0.550204290930817
lin
param:-256
lambda:1024
rmse train 0.5528259858584457
lin
param:-256
lambda:2048
rmse train 0.5541608397252379
lin
param:-128
lambda:0.03125
rmse train 0.09713491752737706
lin
param:-128
lambda:0.0625
rmse train 0.11765737563624903
lin
param:-128
lambda:0.125
rmse train 0.14766401731641846
lin
param:-128
lambda:0.25
rmse train 0.1856469308798269
lin
param:-128
lambda:0.5
rmse train 0.22883102174895886
lin
param:-128
lambda:1
rmse train 0.2742785145334739
lin
param:-128
lambda:2
rmse train 0.31986042525137337
lin
param:-128
lambda:4
rmse train 0.3651621388527515
lin
param:-128
lambda:8
rmse train 0.4106874371913754
lin
param:-128
lambda:16
rmse train 0.45463767611753464
lin
param:-128
lambda:32
rmse train 0.4919838472050036
lin
param:-128
lambda:64
rmse train 0.5188700062807108
lin
param:-128
lambda:128
rmse train 0.5356447390626602
lin
param:-128
lambda:256
rmse train 0.5451365637781688
lin
param:-128
lambda:512
rmse train 0.5502049379557026
lin
param:-128
lambda:1024
rmse train 0.5528277072091737
lin
param:-128
lambda:2048
rmse train 0.5541668708103344
lin
param:-64
lambda:0.03125
rmse train 0.09713492395799478
lin
param:-64
lambda:0.0625
rmse train 0.11765738545490423
lin
param:-64
lambda:0.125
rmse train 0.14766403020296584
lin
param:-64
lambda:0.25
rmse train 0.1856469469636406
lin
param:-64
lambda:0.5
rmse train 0.22883104250422714
lin
param:-64
lambda:1
rmse train 0.2742785436059503
lin
param:-64
lambda:2
rmse train 0.31986047256622496
lin
param:-64
lambda:4
rmse train 0.36516223012487764
lin
param:-64
lambda:8
rmse train 0.41068761490789263
lin
param:-64
lambda:16
rmse train 0.45463797281126217
lin
param:-64
lambda:32
rmse train 0.4919842606839432
lin
param:-64
lambda:64
rmse train 0.5188705182644264
lin
param:-64
lambda:128
rmse train 0.5356453682767466
lin
param:-64
lambda:256
rmse train 0.545137489361429
lin
param:-64
lambda:512
rmse train 0.5502069519543946
lin
param:-64
lambda:1024
rmse train 0.552834043552558
lin
param:-64
lambda:2048
rmse train 0.5541907032480757
lin
param:-32
lambda:0.03125
rmse train 0.09713493681955027
lin
param:-32
lambda:0.0625
rmse train 0.11765740509318516
lin
param:-32
lambda:0.125
rmse train 0.14766405597881224
lin
param:-32
lambda:0.25
rmse train 0.18564697913656716
lin
param:-32
lambda:0.5
rmse train 0.22883108402796568
lin
param:-32
lambda:1
rmse train 0.27427860178577995
lin
param:-32
lambda:2
rmse train 0.3198605672955874
lin
param:-32
lambda:4
rmse train 0.36516241297549107
lin
param:-32
lambda:8
rmse train 0.4106879713451225
lin
param:-32
lambda:16
rmse train 0.45463856967343363
lin
param:-32
lambda:32
rmse train 0.4919851002467009
lin
param:-32
lambda:64
rmse train 0.5188715897550452
lin
param:-32
lambda:128
rmse train 0.5356468108688158
lin
param:-32
lambda:256
rmse train 0.5451400673676453
lin
param:-32
lambda:512
rmse train 0.5502138877974457
lin
param:-32
lambda:1024
rmse train 0.5528585161995861
lin
param:-32
lambda:2048
rmse train 0.5542872955341378
lin
param:-16
lambda:0.03125
rmse train 0.09713496254462195
lin
param:-16
lambda:0.0625
rmse train 0.1176574443740604
lin
param:-16
lambda:0.125
rmse train 0.14766410753972536
lin
param:-16
lambda:0.25
rmse train 0.1856470435039879
lin
param:-16
lambda:0.5
rmse train 0.22883116712833046
lin
param:-16
lambda:1
rmse train 0.2742787182850455
lin
param:-16
lambda:2
rmse train 0.319860757153037
lin
param:-16
lambda:4
rmse train 0.36516277990254675
lin
param:-16
lambda:8
rmse train 0.41068868823826854
lin
param:-16
lambda:16
rmse train 0.4546397773073836
lin
param:-16
lambda:32
rmse train 0.49198682986159675
lin
param:-16
lambda:64
rmse train 0.5188739233219132
lin
param:-16
lambda:128
rmse train 0.5356504363949735
lin
param:-16
lambda:256
rmse train 0.5451481593440751
lin
param:-16
lambda:512
rmse train 0.5502396185338757
lin
param:-16
lambda:1024
rmse train 0.5529565171989949
lin
param:-16
lambda:2048
rmse train 0.5546918385200256
lin
param:-8
lambda:0.03125
rmse train 0.0971350140021198
lin
param:-8
lambda:0.0625
rmse train 0.11765752295297455
lin
param:-8
lambda:0.125
rmse train 0.14766421069929633
lin
param:-8
lambda:0.25
rmse train 0.1856471723249991
lin
param:-8
lambda:0.5
rmse train 0.2288313335402802
lin
param:-8
lambda:1
rmse train 0.27427895184219836
lin
param:-8
lambda:2
rmse train 0.31986113846343295
lin
param:-8
lambda:4
rmse train 0.36516351866284685
lin
param:-8
lambda:8
rmse train 0.4106901381141283
lin
param:-8
lambda:16
rmse train 0.4546422483000259
lin
param:-8
lambda:32
rmse train 0.4919904916087086
lin
param:-8
lambda:64
rmse train 0.5188793567565811
lin
param:-8
lambda:128
rmse train 0.5356606785276093
lin
param:-8
lambda:256
rmse train 0.5451763193642573
lin
param:-8
lambda:512
rmse train 0.5503403911097383
lin
param:-8
lambda:1024
rmse train 0.5533644741076821
lin
param:-8
lambda:2048
rmse train 0.5564870234651741
lin
param:-4
lambda:0.03125
rmse train 0.097135116947728
lin
param:-4
lambda:0.0625
rmse train 0.11765768017924248
lin
param:-4
lambda:0.125
rmse train 0.14766441716912668
lin
param:-4
lambda:0.25
rmse train 0.18564743031192912
lin
param:-4
lambda:0.5
rmse train 0.2288316672095254
lin
param:-4
lambda:1
rmse train 0.27427942119232396
lin
param:-4
lambda:2
rmse train 0.31986190747138055
lin
param:-4
lambda:4
rmse train 0.36516501583136235
lin
param:-4
lambda:8
rmse train 0.41069310234309975
lin
param:-4
lambda:16
rmse train 0.45464741387620977
lin
param:-4
lambda:32
rmse train 0.49199862966937613
lin
param:-4
lambda:64
rmse train 0.5188933207437
lin
param:-4
lambda:128
rmse train 0.5356933683882239
lin
param:-4
lambda:256
rmse train 0.5452824566101112
lin
param:-4
lambda:512
rmse train 0.5507550793685361
lin
param:-4
lambda:1024
rmse train 0.5551696697120729
lin
param:-4
lambda:2048
rmse train 0.5654483902310352
lin
param:-2
lambda:0.03125
rmse train 0.09713532296097474
lin
param:-2
lambda:0.0625
rmse train 0.11765799490593136
lin
param:-2
lambda:0.125
rmse train 0.14766483071193673
lin
param:-2
lambda:0.25
rmse train 0.18564794766630005
lin
param:-2
lambda:0.5
rmse train 0.22883233793244115
lin
param:-2
lambda:1
rmse train 0.2742803688462524
lin
param:-2
lambda:2
rmse train 0.3198634710770202
lin
param:-2
lambda:4
rmse train 0.3651680889456592
lin
param:-2
lambda:8
rmse train 0.41069928966443237
lin
param:-2
lambda:16
rmse train 0.45465864495391173
lin
param:-2
lambda:32
rmse train 0.49201820033529303
lin
param:-2
lambda:64
rmse train 0.5189338965016973
lin
param:-2
lambda:128
rmse train 0.5358095593473942
lin
param:-2
lambda:256
rmse train 0.5457102317348866
lin
param:-2
lambda:512
rmse train 0.5525800850936838
lin
param:-2
lambda:1024
rmse train 0.564172892819349
lin
param:-2
lambda:2048
rmse train 0.6234885503921878
lin
param:-1
lambda:0.03125
rmse train 0.09713573547620777
lin
param:-1
lambda:0.0625
rmse train 0.11765862545678651
lin
param:-1
lambda:0.125
rmse train 0.1476656602128079
lin
param:-1
lambda:0.25
rmse train 0.18564898790479603
lin
param:-1
lambda:0.5
rmse train 0.22883369293976497
lin
param:-1
lambda:1
rmse train 0.27428230005209525
lin
param:-1
lambda:2
rmse train 0.31986670097717407
lin
param:-1
lambda:4
rmse train 0.36517455177379177
lin
param:-1
lambda:8
rmse train 0.41071270743921623
lin
param:-1
lambda:16
rmse train 0.45468475172578793
lin
param:-1
lambda:32
rmse train 0.49207081496833094
lin
param:-1
lambda:64
rmse train 0.5190677793476058
lin
param:-1
lambda:128
rmse train 0.5362620839705006
lin
param:-1
lambda:256
rmse train 0.5475740345585779
lin
param:-1
lambda:512
rmse train 0.5616665656261794
lin
param:-1
lambda:1024
rmse train 0.6225327078771945
lin
param:-1
lambda:2048
rmse train 1.3676005452250324
lin
param:-0.5
lambda:0.03125
rmse train 0.09713656246470506
lin
param:-0.5
lambda:0.0625
rmse train 0.11765989095683062
lin
param:-0.5
lambda:0.125
rmse train 0.14766732889751727
lin
param:-0.5
lambda:0.25
rmse train 0.18565109056248708
lin
param:-0.5
lambda:0.5
rmse train 0.22883645739201308
lin
param:-0.5
lambda:1
rmse train 0.274286306724584
lin
param:-0.5
lambda:2
rmse train 0.31987357418556545
lin
param:-0.5
lambda:4
rmse train 0.36518875583955673
lin
param:-0.5
lambda:8
rmse train 0.41074377764700654
lin
param:-0.5
lambda:16
rmse train 0.4547519099065248
lin
param:-0.5
lambda:32
rmse train 0.4922323789398062
lin
param:-0.5
lambda:64
rmse train 0.5195646995651941
lin
param:-0.5
lambda:128
rmse train 0.5382003574150037
lin
param:-0.5
lambda:256
rmse train 0.5568252588885574
lin
param:-0.5
lambda:512
rmse train 0.6206663108111438
lin
param:-0.5
lambda:1024
rmse train 1.3747936316304767
lin
param:-0.5
lambda:2048
rmse train 1.898366807433767
lin
param:-0.25
lambda:0.03125
rmse train 0.09713822429943045
lin
param:-0.25
lambda:0.0625
rmse train 0.11766243961713722
lin
param:-0.25
lambda:0.125
rmse train 0.14767070517516084
lin
param:-0.25
lambda:0.25
rmse train 0.1856553850967393
lin
param:-0.25
lambda:0.5
rmse train 0.22884220558841156
lin
param:-0.25
lambda:1
rmse train 0.274294902503353
lin
param:-0.25
lambda:2
rmse train 0.31988899567107315
lin
param:-0.25
lambda:4
rmse train 0.36522237512040906
lin
param:-0.25
lambda:8
rmse train 0.4108233651758272
lin
param:-0.25
lambda:16
rmse train 0.4549490473653637
lin
param:-0.25
lambda:32
rmse train 0.4928017411562172
lin
param:-0.25
lambda:64
rmse train 0.5216406914835409
lin
param:-0.25
lambda:128
rmse train 0.5477743762092504
lin
param:-0.25
lambda:256
rmse train 0.6171075310775679
lin
param:-0.25
lambda:512
rmse train 1.3895049715777181
lin
param:-0.25
lambda:1024
rmse train 1.8804579405201192
lin
param:-0.25
lambda:2048
rmse train 0.985992975597797
lin
param:-0.125
lambda:0.03125
rmse train 0.09714157960566196
lin
param:-0.125
lambda:0.0625
rmse train 0.11766760811714623
lin
param:-0.125
lambda:0.125
rmse train 0.14767761478498465
lin
param:-0.125
lambda:0.25
rmse train 0.18566433504576443
lin
param:-0.125
lambda:0.5
rmse train 0.22885459162248442
lin
param:-0.125
lambda:1
rmse train 0.27431446756464317
lin
param:-0.125
lambda:2
rmse train 0.319926713922275
lin
param:-0.125
lambda:4
rmse train 0.3653112616893632
lin
param:-0.125
lambda:8
rmse train 0.41105658693940594
lin
param:-0.125
lambda:16
rmse train 0.45562087910792315
lin
param:-0.125
lambda:32
rmse train 0.49511703182071765
lin
param:-0.125
lambda:64
rmse train 0.5318364836569611
lin
param:-0.125
lambda:128
rmse train 0.6106338367731041
lin
param:-0.125
lambda:256
rmse train 1.4202685588691715
lin
param:-0.125
lambda:512
rmse train 1.8458731835923115
lin
param:-0.125
lambda:1024
rmse train 0.9820200597513555
lin
param:-0.125
lambda:2048
rmse train 0.8461270162452967
lin
param:-0.0625
lambda:0.03125
rmse train 0.09714841843188544
lin
param:-0.0625
lambda:0.0625
rmse train 0.11767823420086512
lin
param:-0.0625
lambda:0.125
rmse train 0.1476920737727913
lin
param:-0.0625
lambda:0.25
rmse train 0.18568371110305681
lin
param:-0.0625
lambda:0.5
rmse train 0.2288830243578208
lin
param:-0.0625
lambda:1
rmse train 0.2743634524328585
lin
param:-0.0625
lambda:2
rmse train 0.3200311098763749
lin
param:-0.0625
lambda:4
rmse train 0.36558244703020226
lin
param:-0.0625
lambda:8
rmse train 0.41185658137529524
lin
param:-0.0625
lambda:16
rmse train 0.4583202008650303
lin
param:-0.0625
lambda:32
rmse train 0.5064816730422824
lin
param:-0.0625
lambda:64
rmse train 0.5999102656285242
lin
param:-0.0625
lambda:128
rmse train 1.4875207731067601
lin
param:-0.0625
lambda:256
rmse train 1.7812551756647623
lin
param:-0.0625
lambda:512
rmse train 0.974230059369785
lin
param:-0.0625
lambda:1024
rmse train 0.8433875454965438
lin
param:-0.0625
lambda:2048
rmse train 0.8000755312732024
lin
param:-0.03125
lambda:0.03125
rmse train 0.09716262259346058
lin
param:-0.03125
lambda:0.0625
rmse train 0.11770067857998151
lin
param:-0.03125
lambda:0.125
rmse train 0.1477236461338829
lin
param:-0.03125
lambda:0.25
rmse train 0.18572863883008017
lin
param:-0.03125
lambda:0.5
rmse train 0.2289553878950709
lin
param:-0.03125
lambda:1
rmse train 0.27450390565228483
lin
param:-0.03125
lambda:2
rmse train 0.32036840935333855
lin
param:-0.03125
lambda:4
rmse train 0.36656000936063765
lin
param:-0.03125
lambda:8
rmse train 0.41515172399986106
lin
param:-0.03125
lambda:16
rmse train 0.47184383178711187
lin
param:-0.03125
lambda:32
rmse train 0.5853090432824242
lin
param:-0.03125
lambda:64
rmse train 1.648553777006171
lin
param:-0.03125
lambda:128
rmse train 1.6676439310176943
lin
param:-0.03125
lambda:256
rmse train 0.9592446796362067
lin
param:-0.03125
lambda:512
rmse train 0.8380050696207587
lin
param:-0.03125
lambda:1024
rmse train 0.7976772375904192
lin
param:-0.03125
lambda:2048
rmse train 0.7809540541507859
lin
param:0.03125
lambda:0.03125
rmse train 0.09710986627155938
lin
param:0.03125
lambda:0.0625
rmse train 0.11762004139164654
lin
param:0.03125
lambda:0.125
rmse train 0.1476175412260402
lin
param:0.03125
lambda:0.25
rmse train 0.18559536663383333
lin
param:0.03125
lambda:0.5
rmse train 0.2287806486127573
lin
param:0.03125
lambda:1
rmse train 0.27424925414313633
lin
param:0.03125
lambda:2
rmse train 0.31991523841326225
lin
param:0.03125
lambda:4
rmse train 0.36551413889853845
lin
param:0.03125
lambda:8
rmse train 0.4121357913352566
lin
param:0.03125
lambda:16
rmse train 0.4598465185778303
lin
param:0.03125
lambda:32
rmse train 0.5078905405087003
lin
param:0.03125
lambda:64
rmse train 0.5583422092412899
lin
param:0.03125
lambda:128
rmse train 0.6128384076175762
lin
param:0.03125
lambda:256
rmse train 0.6651505927198699
lin
param:0.03125
lambda:512
rmse train 0.7061849465994614
lin
param:0.03125
lambda:1024
rmse train 0.7330893003278329
lin
param:0.03125
lambda:2048
rmse train 0.7487196975726299
lin
param:0.0625
lambda:0.03125
rmse train 0.09712207005574573
lin
param:0.0625
lambda:0.0625
rmse train 0.11763799341891289
lin
param:0.0625
lambda:0.125
rmse train 0.14763922635570684
lin
param:0.0625
lambda:0.25
rmse train 0.18561765118875578
lin
param:0.0625
lambda:0.5
rmse train 0.22879744289211285
lin
param:0.0625
lambda:1
rmse train 0.2742423693359032
lin
param:0.0625
lambda:2
rmse train 0.31982930442173096
lin
param:0.0625
lambda:4
rmse train 0.36517216261183927
lin
param:0.0625
lambda:8
rmse train 0.4109396908364788
lin
param:0.0625
lambda:16
rmse train 0.45598809107433946
lin
param:0.0625
lambda:32
rmse train 0.49720360252647805
lin
param:0.0625
lambda:64
rmse train 0.5350441610415893
lin
param:0.0625
lambda:128
rmse train 0.5758553804537284
lin
param:0.0625
lambda:256
rmse train 0.6235444288109019
lin
param:0.0625
lambda:512
rmse train 0.6715189250076075
lin
param:0.0625
lambda:1024
rmse train 0.7098197693219578
lin
param:0.0625
lambda:2048
rmse train 0.7350684194148237
lin
param:0.125
lambda:0.03125
rmse train 0.09712840913866926
lin
param:0.125
lambda:0.0625
rmse train 0.11764749744609727
lin
param:0.125
lambda:0.125
rmse train 0.14765121668302705
lin
param:0.125
lambda:0.25
rmse train 0.18563137702028942
lin
param:0.125
lambda:0.5
rmse train 0.22881202398034578
lin
param:0.125
lambda:1
rmse train 0.2742547038431518
lin
param:0.125
lambda:2
rmse train 0.3198288903704647
lin
param:0.125
lambda:4
rmse train 0.365120028777933
lin
param:0.125
lambda:8
rmse train 0.4106699126215313
lin
param:0.125
lambda:16
rmse train 0.4548785232665279
lin
param:0.125
lambda:32
rmse train 0.4933775866690338
lin
param:0.125
lambda:64
rmse train 0.5241952999833994
lin
param:0.125
lambda:128
rmse train 0.5520257720480192
lin
param:0.125
lambda:256
rmse train 0.5857666953408123
lin
param:0.125
lambda:512
rmse train 0.629254288748893
lin
param:0.125
lambda:1024
rmse train 0.6748094953518922
lin
param:0.125
lambda:2048
rmse train 0.7116677669604119
lin
param:0.25
lambda:0.03125
rmse train 0.09713163953100525
lin
param:0.25
lambda:0.0625
rmse train 0.11765238549639784
lin
param:0.25
lambda:0.125
rmse train 0.14765750932428603
lin
param:0.25
lambda:0.25
rmse train 0.18563891507261088
lin
param:0.25
lambda:0.5
rmse train 0.22882094964022515
lin
param:0.25
lambda:1
rmse train 0.27426511779286666
lin
param:0.25
lambda:2
rmse train 0.31984046822162443
lin
param:0.25
lambda:4
rmse train 0.365128491990409
lin
param:0.25
lambda:8
rmse train 0.4106389344143513
lin
param:0.25
lambda:16
rmse train 0.45462979414948756
lin
param:0.25
lambda:32
rmse train 0.49227298287728194
lin
param:0.25
lambda:64
rmse train 0.5203450168674163
lin
param:0.25
lambda:128
rmse train 0.5410651706092907
lin
param:0.25
lambda:256
rmse train 0.5616451016053361
lin
param:0.25
lambda:512
rmse train 0.5910589301719519
lin
param:0.25
lambda:1024
rmse train 0.632205843566195
lin
param:0.25
lambda:2048
rmse train 0.6764824842850159
lin
param:0.5
lambda:0.03125
rmse train 0.09713327013862506
lin
param:0.5
lambda:0.0625
rmse train 0.11765486404830329
lin
param:0.5
lambda:0.125
rmse train 0.14766073137207072
lin
param:0.5
lambda:0.25
rmse train 0.18564285667390895
lin
param:0.5
lambda:0.5
rmse train 0.22882583290160968
lin
param:0.5
lambda:1
rmse train 0.27427142651068387
lin
param:0.5
lambda:2
rmse train 0.3198493584838379
lin
param:0.5
lambda:4
rmse train 0.3651420307738179
lin
param:0.5
lambda:8
rmse train 0.4106526735439136
lin
param:0.5
lambda:16
rmse train 0.4545987417955929
lin
param:0.5
lambda:32
rmse train 0.4920099692206635
lin
param:0.5
lambda:64
rmse train 0.519216298254662
lin
param:0.5
lambda:128
rmse train 0.5371847774004986
lin
param:0.5
lambda:256
rmse train 0.5506182854730589
lin
param:0.5
lambda:512
rmse train 0.566783843447488
lin
param:0.5
lambda:1024
rmse train 0.5937962451642527
lin
param:0.5
lambda:2048
rmse train 0.6337067860982973
lin
param:1
lambda:0.03125
rmse train 0.0971340893204349
lin
param:1
lambda:0.0625
rmse train 0.1176561120215007
lin
param:1
lambda:0.125
rmse train 0.1476623615000843
lin
param:1
lambda:0.25
rmse train 0.18564487110093952
lin
param:1
lambda:0.5
rmse train 0.22882838113001155
lin
param:1
lambda:1
rmse train 0.27427486146273616
lin
param:1
lambda:2
rmse train 0.3198545991286286
lin
param:1
lambda:4
rmse train 0.3651512162981306
lin
param:1
lambda:8
rmse train 0.4106672942342516
lin
param:1
lambda:16
rmse train 0.45460897398221317
lin
param:1
lambda:32
rmse train 0.4919648360944888
lin
param:1
lambda:64
rmse train 0.518930515313869
lin
param:1
lambda:128
rmse train 0.5360328486902519
lin
param:1
lambda:256
rmse train 0.5467168673518377
lin
param:1
lambda:512
rmse train 0.5557209218605205
lin
param:1
lambda:1024
rmse train 0.569442402291764
lin
param:1
lambda:2048
rmse train 0.5951886626273422
lin
param:2
lambda:0.03125
rmse train 0.09713449988399502
lin
param:2
lambda:0.0625
rmse train 0.11765673819065661
lin
param:2
lambda:0.125
rmse train 0.147663181361827
lin
param:2
lambda:0.25
rmse train 0.1856458892819276
lin
param:2
lambda:0.5
rmse train 0.2288296820819941
lin
param:2
lambda:1
rmse train 0.2742766497412699
lin
param:2
lambda:2
rmse train 0.3198574209030197
lin
param:2
lambda:4
rmse train 0.3651564245898172
lin
param:2
lambda:8
rmse train 0.41067660041580056
lin
param:2
lambda:16
rmse train 0.4546208568398736
lin
param:2
lambda:32
rmse train 0.49196586351680427
lin
param:2
lambda:64
rmse train 0.5188698662579614
lin
param:2
lambda:128
rmse train 0.5357293388673514
lin
param:2
lambda:256
rmse train 0.5455497205626089
lin
param:2
lambda:512
rmse train 0.5518072756802459
lin
param:2
lambda:1024
rmse train 0.5583606213762994
lin
param:2
lambda:2048
rmse train 0.5707949213481273
lin
param:4
lambda:0.03125
rmse train 0.09713470540932992
lin
param:4
lambda:0.0625
rmse train 0.11765705182191176
lin
param:4
lambda:0.125
rmse train 0.1476635924948545
lin
param:4
lambda:0.25
rmse train 0.18564640112193745
lin
param:4
lambda:0.5
rmse train 0.22883033929110871
lin
param:4
lambda:1
rmse train 0.27427756166354494
lin
param:4
lambda:2
rmse train 0.3198588824781645
lin
param:4
lambda:4
rmse train 0.3651591840761844
lin
param:4
lambda:8
rmse train 0.4106817598879537
lin
param:4
lambda:16
rmse train 0.45462853241293333
lin
param:4
lambda:32
rmse train 0.49197254281776454
lin
param:4
lambda:64
rmse train 0.5188618803659684
lin
param:4
lambda:128
rmse train 0.5356575446756465
lin
param:4
lambda:256
rmse train 0.5452353211828069
lin
param:4
lambda:512
rmse train 0.5506314937553276
lin
param:4
lambda:1024
rmse train 0.554440401921382
lin
param:4
lambda:2048
rmse train 0.5597035016307196
lin
param:8
lambda:0.03125
rmse train 0.09713480823295605
lin
param:8
lambda:0.0625
rmse train 0.11765720877433578
lin
param:8
lambda:0.125
rmse train 0.14766379836226162
lin
param:8
lambda:0.25
rmse train 0.18564665773027011
lin
param:8
lambda:0.5
rmse train 0.22883066958191703
lin
param:8
lambda:1
rmse train 0.2742780220807711
lin
param:8
lambda:2
rmse train 0.3198596259785484
lin
param:8
lambda:4
rmse train 0.36516060283810264
lin
param:8
lambda:8
rmse train 0.4106844671577003
lin
param:8
lambda:16
rmse train 0.4546328091425747
lin
param:8
lambda:32
rmse train 0.49197745837699225
lin
param:8
lambda:64
rmse train 0.5188637083958163
lin
param:8
lambda:128
rmse train 0.5356433020779161
lin
param:8
lambda:256
rmse train 0.5451568795833729
lin
param:8
lambda:512
rmse train 0.5503110779273068
lin
param:8
lambda:1024
rmse train 0.5532600293517272
lin
param:8
lambda:2048
rmse train 0.5557798767904193
lin
param:16
lambda:0.03125
rmse train 0.09713485965998189
lin
param:16
lambda:0.0625
rmse train 0.11765728728477236
lin
param:16
lambda:0.125
rmse train 0.1476639013712248
lin
param:16
lambda:0.25
rmse train 0.18564678620665248
lin
param:16
lambda:0.5
rmse train 0.22883083514924943
lin
param:16
lambda:1
rmse train 0.2742782534047042
lin
param:16
lambda:2
rmse train 0.3198600009120615
lin
param:16
lambda:4
rmse train 0.36516132199677903
lin
param:16
lambda:8
rmse train 0.41068585279394654
lin
param:16
lambda:16
rmse train 0.4546350579254316
lin
param:16
lambda:32
rmse train 0.4919803145199808
lin
param:16
lambda:64
rmse train 0.5188661081195773
lin
param:16
lambda:128
rmse train 0.5356418150831641
lin
param:16
lambda:256
rmse train 0.5451389550680208
lin
param:16
lambda:512
rmse train 0.550229010308226
lin
param:16
lambda:1024
rmse train 0.5529364536402902
lin
param:16
lambda:2048
rmse train 0.5545971384928444
lin
param:32
lambda:0.03125
rmse train 0.09713488537727094
lin
param:32
lambda:0.0625
rmse train 0.11765732654853338
lin
param:32
lambda:0.125
rmse train 0.1476639528944868
lin
param:32
lambda:0.25
rmse train 0.18564685048788548
lin
param:32
lambda:0.5
rmse train 0.22883091803844494
lin
param:32
lambda:1
rmse train 0.2742783693456458
lin
param:32
lambda:2
rmse train 0.31986018917528336
lin
param:32
lambda:4
rmse train 0.3651616840234353
lin
param:32
lambda:8
rmse train 0.41068655362719875
lin
param:32
lambda:16
rmse train 0.45463621000705273
lin
param:32
lambda:32
rmse train 0.49198184273517237
lin
param:32
lambda:64
rmse train 0.5188676832761184
lin
param:32
lambda:128
rmse train 0.5356425085766415
lin
param:32
lambda:256
rmse train 0.5451355296696331
lin
param:32
lambda:512
rmse train 0.550209089368687
lin
param:32
lambda:1024
rmse train 0.5528524929311206
lin
param:32
lambda:2048
rmse train 0.5542719437992157
lin
param:64
lambda:0.03125
rmse train 0.09713489823692273
lin
param:64
lambda:0.0625
rmse train 0.11765734618261156
lin
param:64
lambda:0.125
rmse train 0.14766397866082287
lin
param:64
lambda:0.25
rmse train 0.1856468826393348
lin
param:64
lambda:0.5
rmse train 0.22883095950942603
lin
param:64
lambda:1
rmse train 0.2742784273858856
lin
param:64
lambda:2
rmse train 0.3198602835060896
lin
param:64
lambda:4
rmse train 0.36516186564894226
lin
param:64
lambda:8
rmse train 0.41068690604946184
lin
param:64
lambda:16
rmse train 0.4546367929811482
lin
param:64
lambda:32
rmse train 0.49198263194808756
lin
param:64
lambda:64
rmse train 0.5188685651652427
lin
param:64
lambda:128
rmse train 0.5356432181761128
lin
param:64
lambda:256
rmse train 0.5451352285670565
lin
param:64
lambda:512
rmse train 0.5502046159392263
lin
param:64
lambda:1024
rmse train 0.5528315326282245
lin
param:64
lambda:2048
rmse train 0.5541870159459225
lin
param:128
lambda:0.03125
rmse train 0.09713490466709482
lin
param:128
lambda:0.0625
rmse train 0.11765735600009303
lin
param:128
lambda:0.125
rmse train 0.14766399154510812
lin
param:128
lambda:0.25
rmse train 0.18564689871774795
lin
param:128
lambda:0.5
rmse train 0.22883098025153867
lin
param:128
lambda:1
rmse train 0.2742784564234527
lin
param:128
lambda:2
rmse train 0.3198603307212984
lin
param:128
lambda:4
rmse train 0.3651619566148071
lin
param:128
lambda:8
rmse train 0.41068708276222193
lin
param:128
lambda:16
rmse train 0.4546370862028624
lin
param:128
lambda:32
rmse train 0.4919830328395716
lin
param:128
lambda:64
rmse train 0.5188690297486526
lin
param:128
lambda:128
rmse train 0.5356436641430248
lin
param:128
lambda:256
rmse train 0.5451354343878003
lin
param:128
lambda:512
rmse train 0.550203777847667
lin
param:128
lambda:1024
rmse train 0.5528265143246868
lin
param:128
lambda:2048
rmse train 0.554165525379764
lin
param:256
lambda:0.03125
rmse train 0.09713490788162385
lin
param:256
lambda:0.0625
rmse train 0.11765736090855702
lin
param:256
lambda:0.125
rmse train 0.14766399798750166
lin
param:256
lambda:0.25
rmse train 0.1856469067574847
lin
param:256
lambda:0.5
rmse train 0.22883099062423673
lin
param:256
lambda:1
rmse train 0.27427847094657676
lin
param:256
lambda:2
rmse train 0.31986035434138727
lin
param:256
lambda:4
rmse train 0.3651620021360343
lin
param:256
lambda:8
rmse train 0.4106871712440662
lin
param:256
lambda:16
rmse train 0.45463723324755473
lin
param:256
lambda:32
rmse train 0.4919832348576505
lin
param:256
lambda:64
rmse train 0.5188692679577243
lin
param:256
lambda:128
rmse train 0.5356439099752329
lin
param:256
lambda:256
rmse train 0.5451356268284622
lin
param:256
lambda:512
rmse train 0.5502037118642318
lin
param:256
lambda:1024
rmse train 0.5528253972380666
lin
param:256
lambda:2048
rmse train 0.5541602292765772
lin
param:512
lambda:0.03125
rmse train 0.09713490949040784
lin
param:512
lambda:0.0625
rmse train 0.1176573633635792
lin
param:512
lambda:0.125
rmse train 0.1476640012086339
lin
param:512
lambda:0.25
rmse train 0.18564691077769235
lin
param:512
lambda:0.5
rmse train 0.22883099581091257
lin
param:512
lambda:1
rmse train 0.2742784782093263
lin
param:512
lambda:2
rmse train 0.31986036615444113
lin
param:512
lambda:4
rmse train 0.3651620249061929
lin
param:512
lambda:8
rmse train 0.4106872155163269
lin
param:512
lambda:16
rmse train 0.4546373068783602
lin
param:512
lambda:32
rmse train 0.49198333625992613
lin
param:512
lambda:64
rmse train 0.5188693885425705
lin
param:512
lambda:128
rmse train 0.5356440386106618
lin
param:512
lambda:256
rmse train 0.5451357454862255
lin
param:512
lambda:512
rmse train 0.5502037675669975
lin
param:512
lambda:1024
rmse train 0.5528251900843655
lin
param:512
lambda:2048
rmse train 0.5541589699930205
lin
param:1024
lambda:0.03125
rmse train 0.09713491029356021
lin
param:1024
lambda:0.0625
rmse train 0.11765736459042035
lin
param:1024
lambda:0.125
rmse train 0.14766400281849365
lin
param:1024
lambda:0.25
rmse train 0.18564691278713746
lin
param:1024
lambda:0.5
rmse train 0.22883099840425078
lin
param:1024
lambda:1
rmse train 0.274278481840848
lin
param:1024
lambda:2
rmse train 0.3198603720618926
lin
param:1024
lambda:4
rmse train 0.3651620362936133
lin
param:1024
lambda:8
rmse train 0.41068723766029447
lin
param:1024
lambda:16
rmse train 0.45463734372089704
lin
param:1024
lambda:32
rmse train 0.49198338705937117
lin
param:1024
lambda:64
rmse train 0.5188694492051831
lin
param:1024
lambda:128
rmse train 0.5356441043591011
lin
param:1024
lambda:256
rmse train 0.5451358104313393
lin
param:1024
lambda:512
rmse train 0.5502038176458084
lin
param:1024
lambda:1024
rmse train 0.5528251747796139
lin
param:1024
lambda:2048
rmse train 0.5541586908999415
lin
param:2048
lambda:0.03125
rmse train 0.09713491069848894
lin
param:2048
lambda:0.0625
rmse train 0.11765736520550558
lin
param:2048
lambda:0.125
rmse train 0.14766400362530505
lin
param:2048
lambda:0.25
rmse train 0.18564691379011863
lin
param:2048
lambda:0.5
rmse train 0.22883099970061083
lin
param:2048
lambda:1
rmse train 0.2742784836569485
lin
param:2048
lambda:2
rmse train 0.31986037501591147
lin
param:2048
lambda:4
rmse train 0.365162041988103
lin
param:2048
lambda:8
rmse train 0.4106872487343481
lin
param:2048
lambda:16
rmse train 0.4546373621488837
lin
param:2048
lambda:32
rmse train 0.4919834124836992
lin
param:2048
lambda:64
rmse train 0.5188694796290368
lin
param:2048
lambda:128
rmse train 0.5356441375911113
lin
param:2048
lambda:256
rmse train 0.5451358443088088
lin
param:2048
lambda:512
rmse train 0.5502038482488049
lin
param:2048
lambda:1024
rmse train 0.5528251892485402
lin
param:2048
lambda:2048
rmse train 0.554158639413171
pol
param:(0.03125, -2048, 1)
lambda:0.03125
rmse train 0.2742784855317044
pol
param:(0.03125, -2048, 1)
lambda:0.0625
rmse train 0.31986037807672557
pol
param:(0.03125, -2048, 1)
lambda:0.125
rmse train 0.3651620478539855
pol
param:(0.03125, -2048, 1)
lambda:0.25
rmse train 0.41068726015350876
pol
param:(0.03125, -2048, 1)
lambda:0.5
rmse train 0.4546373811559687
pol
param:(0.03125, -2048, 1)
lambda:1
rmse train 0.4919834387199457
pol
param:(0.03125, -2048, 1)
lambda:2
rmse train 0.5188695110678153
pol
param:(0.03125, -2048, 1)
lambda:4
rmse train 0.5356441721118185
pol
param:(0.03125, -2048, 1)
lambda:8
rmse train 0.5451358802261582
pol
param:(0.03125, -2048, 1)
lambda:16
rmse train 0.5502038836954968
pol
param:(0.03125, -2048, 1)
lambda:32
rmse train 0.5528252196371155
pol
param:(0.03125, -2048, 1)
lambda:64
rmse train 0.5541586479750603
pol
param:(0.03125, -2048, 1)
lambda:128
rmse train 0.5548311734348638
pol
param:(0.03125, -2048, 1)
lambda:256
rmse train 0.5551689047569034
pol
param:(0.03125, -2048, 1)
lambda:512
rmse train 0.5553381406556953
pol
param:(0.03125, -2048, 1)
lambda:1024
rmse train 0.5554228559385643
pol
param:(0.03125, -2048, 1)
lambda:2048
rmse train 0.5554652560630694
pol
param:(0.03125, -2048, 2)
lambda:0.03125
rmse train 0.07613387872736614
pol
param:(0.03125, -2048, 2)
lambda:0.0625
rmse train 0.07640489492870506
pol
param:(0.03125, -2048, 2)
lambda:0.125
rmse train 0.07657320012104989
pol
param:(0.03125, -2048, 2)
lambda:0.25
rmse train 0.09202953429476479
pol
param:(0.03125, -2048, 2)
lambda:0.5
rmse train 0.19250131426446712
pol
param:(0.03125, -2048, 2)
lambda:1
rmse train 1.5085935348342765
pol
param:(0.03125, -2048, 2)
lambda:2
rmse train 1.2995443204448611
pol
param:(0.03125, -2048, 2)
lambda:4
rmse train 7.526521342605084
pol
param:(0.03125, -2048, 2)
lambda:8
rmse train 4.328346639948
pol
param:(0.03125, -2048, 2)
lambda:16
rmse train 5.906480673276286
pol
param:(0.03125, -2048, 2)
lambda:32
rmse train 14.253661325025938
pol
param:(0.03125, -2048, 2)
lambda:64
rmse train 9.020554475643694
pol
param:(0.03125, -2048, 2)
lambda:128
rmse train 7.543075016972664
pol
param:(0.03125, -2048, 2)
lambda:256
rmse train 7.602055845646201
pol
param:(0.03125, -2048, 2)
lambda:512
rmse train 1.7727809790279356
pol
param:(0.03125, -2048, 2)
lambda:1024
rmse train 6.36676978718301
pol
param:(0.03125, -2048, 2)
lambda:2048
rmse train 1.37908796636808
pol
param:(0.03125, -2048, 4)
lambda:0.03125
rmse train 7.051962488027962
pol
param:(0.03125, -2048, 4)
lambda:0.0625
rmse train 2.1861015399082544
pol
param:(0.03125, -2048, 4)
lambda:0.125
rmse train 2.1465046383283886
pol
param:(0.03125, -2048, 4)
lambda:0.25
rmse train 0.31426485185525177
pol
param:(0.03125, -2048, 4)
lambda:0.5
rmse train 0.21378957550008212
pol
param:(0.03125, -2048, 4)
lambda:1
rmse train 0.2160363072279958
pol
param:(0.03125, -2048, 4)
lambda:2
rmse train 0.15205661904568799
pol
param:(0.03125, -2048, 4)
lambda:4
rmse train 0.09795109580002709
pol
param:(0.03125, -2048, 4)
lambda:8
rmse train 0.0852964510300539
pol
param:(0.03125, -2048, 4)
lambda:16
rmse train 0.07628576737682521
pol
param:(0.03125, -2048, 4)
lambda:32
rmse train 0.07612052116398722
pol
param:(0.03125, -2048, 4)
lambda:64
rmse train 0.07610927223891292
pol
param:(0.03125, -2048, 4)
lambda:128
rmse train 0.07615797339524484
pol
param:(0.03125, -2048, 4)
lambda:256
rmse train 0.07609777855426422
pol
param:(0.03125, -2048, 4)
lambda:512
rmse train 0.07608853247753086
pol
param:(0.03125, -2048, 4)
lambda:1024
rmse train 0.07608843395524198
pol
param:(0.03125, -2048, 4)
lambda:2048
rmse train 0.07608891901293308
pol
param:(0.03125, -2048, 128)
lambda:0.03125
rmse train nan
pol
param:(0.03125, -2048, 128)
lambda:0.0625
rmse train nan
pol
param:(0.03125, -2048, 128)
lambda:0.125
rmse train nan
pol
param:(0.03125, -2048, 128)
lambda:0.25
rmse train nan
pol
param:(0.03125, -2048, 128)
lambda:0.5
rmse train nan
pol
param:(0.03125, -2048, 128)
lambda:1
rmse train nan
pol
param:(0.03125, -2048, 128)
lambda:2
rmse train nan
pol
param:(0.03125, -2048, 128)
lambda:4
rmse train nan
pol
param:(0.03125, -2048, 128)
lambda:8
rmse train nan
pol
param:(0.03125, -2048, 128)
lambda:16
rmse train nan
pol
param:(0.03125, -2048, 128)
lambda:32
rmse train nan
pol
param:(0.03125, -2048, 128)
lambda:64
rmse train nan
pol
param:(0.03125, -2048, 128)
lambda:128
rmse train nan
pol
param:(0.03125, -2048, 128)
lambda:256
rmse train nan
pol
param:(0.03125, -2048, 128)
lambda:512
rmse train nan
pol
param:(0.03125, -2048, 128)
lambda:1024
rmse train nan
pol
param:(0.03125, -2048, 128)
lambda:2048
rmse train nan
pol
param:(0.03125, -2048, 256)
lambda:0.03125
rmse train nan
pol
param:(0.03125, -2048, 256)
lambda:0.0625
rmse train nan
pol
param:(0.03125, -2048, 256)
lambda:0.125
rmse train nan
pol
param:(0.03125, -2048, 256)
lambda:0.25
rmse train nan
pol
param:(0.03125, -2048, 256)
lambda:0.5
rmse train nan
pol
param:(0.03125, -2048, 256)
lambda:1
rmse train nan
pol
param:(0.03125, -2048, 256)
lambda:2
rmse train nan
pol
param:(0.03125, -2048, 256)
lambda:4
rmse train nan
pol
param:(0.03125, -2048, 256)
lambda:8
rmse train nan
pol
param:(0.03125, -2048, 256)
lambda:16
rmse train nan
pol
param:(0.03125, -2048, 256)
lambda:32
rmse train nan
pol
param:(0.03125, -2048, 256)
lambda:64
rmse train nan
pol
param:(0.03125, -2048, 256)
lambda:128
rmse train nan
pol
param:(0.03125, -2048, 256)
lambda:256
rmse train nan
pol
param:(0.03125, -2048, 256)
lambda:512
rmse train nan
pol
param:(0.03125, -2048, 256)
lambda:1024
rmse train nan
pol
param:(0.03125, -2048, 256)
lambda:2048
rmse train nan
pol
param:(0.03125, -2048, 512)
lambda:0.03125
rmse train nan
pol
param:(0.03125, -2048, 512)
lambda:0.0625
rmse train nan
pol
param:(0.03125, -2048, 512)
lambda:0.125
rmse train nan
pol
param:(0.03125, -2048, 512)
lambda:0.25
rmse train nan
pol
param:(0.03125, -2048, 512)
lambda:0.5
rmse train nan
pol
param:(0.03125, -2048, 512)
lambda:1
rmse train nan
pol
param:(0.03125, -2048, 512)
lambda:2
rmse train nan
pol
param:(0.03125, -2048, 512)
lambda:4
rmse train nan
pol
param:(0.03125, -2048, 512)
lambda:8
rmse train nan
pol
param:(0.03125, -2048, 512)
lambda:16
rmse train nan
pol
param:(0.03125, -2048, 512)
lambda:32
rmse train nan
pol
param:(0.03125, -2048, 512)
lambda:64
rmse train nan
pol
param:(0.03125, -2048, 512)
lambda:128
rmse train nan
pol
param:(0.03125, -2048, 512)
lambda:256
rmse train nan
pol
param:(0.03125, -2048, 512)
lambda:512
rmse train nan
pol
param:(0.03125, -2048, 512)
lambda:1024
rmse train nan
pol
param:(0.03125, -2048, 512)
lambda:2048
rmse train nan
pol
param:(0.03125, -2048, 1024)
lambda:0.03125
rmse train nan
pol
param:(0.03125, -2048, 1024)
lambda:0.0625
rmse train nan
pol
param:(0.03125, -2048, 1024)
lambda:0.125
rmse train nan
pol
param:(0.03125, -2048, 1024)
lambda:0.25
rmse train nan
pol
param:(0.03125, -2048, 1024)
lambda:0.5
rmse train nan
pol
param:(0.03125, -2048, 1024)
lambda:1
rmse train nan
pol
param:(0.03125, -2048, 1024)
lambda:2
rmse train nan
pol
param:(0.03125, -2048, 1024)
lambda:4
rmse train nan
pol
param:(0.03125, -2048, 1024)
lambda:8
rmse train nan
pol
param:(0.03125, -2048, 1024)
lambda:16
rmse train nan
pol
param:(0.03125, -2048, 1024)
lambda:32
rmse train nan
pol
param:(0.03125, -2048, 1024)
lambda:64
rmse train nan
pol
param:(0.03125, -2048, 1024)
lambda:128
rmse train nan
pol
param:(0.03125, -2048, 1024)
lambda:256
rmse train nan
pol
param:(0.03125, -2048, 1024)
lambda:512
rmse train nan
pol
param:(0.03125, -2048, 1024)
lambda:1024
rmse train nan
pol
param:(0.03125, -2048, 1024)
lambda:2048
rmse train nan
pol
param:(0.03125, -2048, 2048)
lambda:0.03125
rmse train nan
pol
param:(0.03125, -2048, 2048)
lambda:0.0625
rmse train nan
pol
param:(0.03125, -2048, 2048)
lambda:0.125
rmse train nan
pol
param:(0.03125, -2048, 2048)
lambda:0.25
rmse train nan
pol
param:(0.03125, -2048, 2048)
lambda:0.5
rmse train nan
pol
param:(0.03125, -2048, 2048)
lambda:1
rmse train nan
pol
param:(0.03125, -2048, 2048)
lambda:2
rmse train nan
pol
param:(0.03125, -2048, 2048)
lambda:4
rmse train nan
pol
param:(0.03125, -2048, 2048)
lambda:8
rmse train nan
pol
param:(0.03125, -2048, 2048)
lambda:16
rmse train nan
pol
param:(0.03125, -2048, 2048)
lambda:32
rmse train nan
pol
param:(0.03125, -2048, 2048)
lambda:64
rmse train nan
pol
param:(0.03125, -2048, 2048)
lambda:128
rmse train nan
pol
param:(0.03125, -2048, 2048)
lambda:256
rmse train nan
pol
param:(0.03125, -2048, 2048)
lambda:512
rmse train nan
pol
param:(0.03125, -2048, 2048)
lambda:1024
rmse train nan
pol
param:(0.03125, -2048, 2048)
lambda:2048
rmse train nan
Traceback (most recent call last):
  File "kernel_script.py", line 60, in <module>
    tup = (params[0][p0],params[1][p1],params[2][p2])
IndexError: list index out of range
