sh: ./2_gauss.sh: No such file or directory
sh: ./2_lin.sh: No such file or directory
sh: ./2_laplace.sh: No such file or directory
sh: ./2_pol.sh: No such file or directory

------------------------------------------------------------
Sender: LSF System <lsfadmin@n-62-21-99>
Subject: Job 1676354: <NONAME> in cluster <dcc> Exited

Job <NONAME> was submitted from host <gbarlogin2> by user <s174007> in cluster <dcc> at Mon Jan  7 00:23:07 2019
Job was executed on host(s) <n-62-21-99>, in queue <hpc>, as user <s174007> in cluster <dcc> at Mon Jan  7 00:23:09 2019
</zhome/b0/b/127184> was used as the home directory.
</zhome/b0/b/127184/Documents/Projects/machine-learning-on-materials> was used as the working directory.
Started at Mon Jan  7 00:23:09 2019
Terminated at Mon Jan  7 00:23:10 2019
Results reported at Mon Jan  7 00:23:10 2019

Your job looked like:

------------------------------------------------------------
# LSBATCH: User input
#!/bin/bash
sh ./2_gauss.sh
sh ./2_lin.sh
sh ./2_laplace.sh
sh ./2_pol.sh

------------------------------------------------------------

Exited with exit code 127.

Resource usage summary:

    CPU time :                                   0.25 sec.
    Max Memory :                                 -
    Average Memory :                             -
    Total Requested Memory :                     1024.00 MB
    Delta Memory :                               -
    Max Swap :                                   -
    Max Processes :                              -
    Max Threads :                                -
    Run time :                                   1 sec.
    Turnaround time :                            3 sec.

The output (if any) is above this job summary.

