Unloaded module: latex/TeXLive12
Loaded module: python3/3.6.0
c=-1000000, lambda=0.001

 Train: 0.07624720175318897 Validation: 0.2949090587793419

c=-1000000, lambda=0.01

 Train: 0.08121728182681502 Validation: 0.291364787911563

c=-1000000, lambda=0.1

 Train: 0.13702347145235627 Validation: 0.2884940498115088

c=-1000000, lambda=1

 Train: 0.2742784852926631 Validation: 0.32292987576893945

c=-1000000, lambda=10

 Train: 0.425210280729581 Validation: 0.4171839843342319

c=-1000000, lambda=100

 Train: 0.5306705092250352 Validation: 0.504936575758137

c=-100000, lambda=0.001

 Train: 0.07624719750041674 Validation: 0.2949089687224565

c=-100000, lambda=0.01

 Train: 0.08121728097619052 Validation: 0.29136481015229515

c=-100000, lambda=0.1

 Train: 0.13702347027710982 Validation: 0.2884940427190155

c=-100000, lambda=1

 Train: 0.27427848550225714 Validation: 0.3229298758581381

c=-100000, lambda=10

 Train: 0.4252102808993119 Validation: 0.41718398404991275

c=-100000, lambda=100

 Train: 0.5306705098233373 Validation: 0.5049365766678338

c=-10000, lambda=0.001

 Train: 0.07624719818233365 Validation: 0.2949089713112346

c=-10000, lambda=0.01

 Train: 0.08121728119672557 Validation: 0.29136480937620546

c=-10000, lambda=0.1

 Train: 0.1370234706534169 Validation: 0.2884940428343914

c=-10000, lambda=1

 Train: 0.27427848584757614 Validation: 0.3229298741224177

c=-10000, lambda=10

 Train: 0.4252102833556108 Validation: 0.417183981835412

c=-10000, lambda=100

 Train: 0.5306705158522592 Validation: 0.5049365858864526

c=-1000, lambda=0.001

 Train: 0.0762471981576845 Validation: 0.2949089779865448

c=-1000, lambda=0.01

 Train: 0.08121728144832867 Validation: 0.2913648068304382

c=-1000, lambda=0.1

 Train: 0.13702347202940482 Validation: 0.2884940369015644

c=-1000, lambda=1

 Train: 0.2742784891917879 Validation: 0.32292985695656856

c=-1000, lambda=10

 Train: 0.42521030792572345 Validation: 0.41718395971995204

c=-1000, lambda=100

 Train: 0.5306705764091642 Validation: 0.5049366783584253

c=-100, lambda=0.001

 Train: 0.07624719822348013 Validation: 0.29490896080342144

c=-100, lambda=0.01

 Train: 0.08121728377361619 Validation: 0.2913647833286569

c=-100, lambda=0.1

 Train: 0.13702348577337373 Validation: 0.2884939772193805

c=-100, lambda=1

 Train: 0.2742785226726489 Validation: 0.3229296853704596

c=-100, lambda=10

 Train: 0.42521055398023644 Validation: 0.4171837389077145

c=-100, lambda=100

 Train: 0.5306712094815014 Validation: 0.5049376320950082

c=-10, lambda=0.001

 Train: 0.0762471988938201 Validation: 0.2949087985772066

c=-10, lambda=0.01

 Train: 0.08121730704024324 Validation: 0.2913645470169294

c=-10, lambda=0.1

 Train: 0.13702362326545164 Validation: 0.28849338048800127

c=-10, lambda=1

 Train: 0.2742788583299433 Validation: 0.32292797005018975

c=-10, lambda=10

 Train: 0.4252130507794302 Validation: 0.4171815657270031

c=-10, lambda=100

 Train: 0.5306803104434585 Validation: 0.5049500920849107

c=-1, lambda=0.001

 Train: 0.07624720559846297 Validation: 0.29490717645675424

c=-1, lambda=0.01

 Train: 0.08121753996001906 Validation: 0.29136218371734285

c=-1, lambda=0.1

 Train: 0.13702500262581982 Validation: 0.28848741333712125

c=-1, lambda=1

 Train: 0.27428230005209525 Validation: 0.32291087066225865

c=-1, lambda=10

 Train: 0.42524168022612263 Validation: 0.4171633644162167

c=-1, lambda=100

 Train: 0.5310692814876137 Validation: 0.5053889685306331

c=-0.1, lambda=0.001

 Train: 0.07624727321010594 Validation: 0.2948909547059127

c=-0.1, lambda=0.01

 Train: 0.08121989452778827 Validation: 0.29133853795367537

c=-0.1, lambda=0.1

 Train: 0.13703924563018266 Validation: 0.28842776111102103

c=-0.1, lambda=1

 Train: 0.27432546230661836 Validation: 0.322745445922286

c=-0.1, lambda=10

 Train: 0.42593291336744227 Validation: 0.4173735738869821

c=-0.1, lambda=100

 Train: 0.6021786035187737 Validation: 0.5800869965110064

c=0.001, lambda=0.001

 Train: 0.07624342893774633 Validation: 0.29651918067083805

c=0.001, lambda=0.01

 Train: 0.0811119323221239 Validation: 0.2936198520327666

c=0.001, lambda=0.1

 Train: 0.1375000912266764 Validation: 0.2940602091452485

c=0.001, lambda=1

 Train: 0.2884029205837438 Validation: 0.3456351325075138

c=0.001, lambda=10

 Train: 0.5174176269708602 Validation: 0.5187172569586951

c=0.001, lambda=100

 Train: 0.7168553998282712 Validation: 0.697449232534286

c=0.01, lambda=0.001

 Train: 0.07624651284111512 Validation: 0.2950887382487558

c=0.01, lambda=0.01

 Train: 0.08119404817536657 Validation: 0.2916253945907643

c=0.01, lambda=0.1

 Train: 0.136914984508226 Validation: 0.28915580031720317

c=0.01, lambda=1

 Train: 0.2746489457286812 Validation: 0.32527003713372576

c=0.01, lambda=10

 Train: 0.44042595131873274 Validation: 0.4361898239741268

c=0.01, lambda=100

 Train: 0.6572418719721902 Validation: 0.6361322127426385

c=0.1, lambda=0.001

 Train: 0.0762471243487968 Validation: 0.2949270006212862

c=0.1, lambda=0.01

 Train: 0.08121472430575438 Validation: 0.291391051334469

c=0.1, lambda=0.1

 Train: 0.13700869063337118 Validation: 0.2885603614788322

c=0.1, lambda=1

 Train: 0.2742505754467734 Validation: 0.32312634887111413

c=0.1, lambda=10

 Train: 0.42530622343502994 Validation: 0.4177836630890398

c=0.1, lambda=100

 Train: 0.5464313043930855 Validation: 0.5212532270769985

c=1, lambda=0.001

 Train: 0.07624719071317969 Validation: 0.29491078112639835

c=1, lambda=0.01

 Train: 0.08121702298159159 Validation: 0.29136743516399116

c=1, lambda=0.1

 Train: 0.13702194832851075 Validation: 0.2885006740633613

c=1, lambda=1

 Train: 0.27427486146273616 Validation: 0.3229490017203124

c=1, lambda=10

 Train: 0.4251870103939963 Validation: 0.41721243884759723

c=1, lambda=100

 Train: 0.5308908396603385 Validation: 0.505137325826105

c=10, lambda=0.001

 Train: 0.0762471974053097 Validation: 0.29490915903910647

c=10, lambda=0.01

 Train: 0.08121725534247479 Validation: 0.2913650721605975

c=10, lambda=0.1

 Train: 0.1370233178369403 Validation: 0.2884947065614434

c=10, lambda=1

 Train: 0.2742781145210802 Validation: 0.3229317831967472

c=10, lambda=10

 Train: 0.42520759176247874 Validation: 0.41718648120146457

c=10, lambda=100

 Train: 0.5306668767566151 Validation: 0.5049295675796771

c=100, lambda=0.001

 Train: 0.07624719807506121 Validation: 0.2949089969546773

c=100, lambda=0.01

 Train: 0.08121727860360983 Validation: 0.29136483585104944

c=100, lambda=0.1

 Train: 0.13702345523059847 Validation: 0.28849410982685475

c=100, lambda=1

 Train: 0.27427844829180686 Validation: 0.3229300666851455

c=100, lambda=10

 Train: 0.42521000808651427 Validation: 0.4171842304631894

c=100, lambda=100

 Train: 0.5306698705143327 Validation: 0.5049355842751112

c=1000, lambda=0.001

 Train: 0.07624719814012663 Validation: 0.2949089800515361

c=1000, lambda=0.01

 Train: 0.08121728092920043 Validation: 0.29136481211907866

c=1000, lambda=0.1

 Train: 0.13702346897469106 Validation: 0.28849405015123114

c=1000, lambda=1

 Train: 0.2742784817540227 Validation: 0.32292989508751263

c=1000, lambda=10

 Train: 0.4252102533362882 Validation: 0.4171840088754039

c=1000, lambda=100

 Train: 0.5306704425168544 Validation: 0.5049364735810703

c=10000, lambda=0.001

 Train: 0.07624719818847654 Validation: 0.2949089699643256

c=10000, lambda=0.01

 Train: 0.08121728115053538 Validation: 0.29136480993544145

c=10000, lambda=0.1

 Train: 0.13702347034223591 Validation: 0.28849404415173674

c=10000, lambda=1

 Train: 0.2742784850987164 Validation: 0.3229298779245457

c=10000, lambda=10

 Train: 0.42521027789746696 Validation: 0.4171839867510875

c=10000, lambda=100

 Train: 0.5306705024629882 Validation: 0.5049365654087249

c=100000, lambda=0.001

 Train: 0.07624719880800197 Validation: 0.29490887829993945

c=100000, lambda=0.01

 Train: 0.08121728139038063 Validation: 0.29136481873875697

c=100000, lambda=0.1

 Train: 0.13702347036713583 Validation: 0.2884940432043642

c=100000, lambda=1

 Train: 0.27427848541838246 Validation: 0.3229298761412953

c=100000, lambda=10

 Train: 0.4252102803445368 Validation: 0.4171839845348113

c=100000, lambda=100

 Train: 0.5306705084851044 Validation: 0.5049365746207751

c=1000000, lambda=0.001

 Train: 0.0762472026185292 Validation: 0.2949095967813984

c=1000000, lambda=0.01

 Train: 0.0812172861348651 Validation: 0.2913648415602126

c=1000000, lambda=0.1

 Train: 0.1370234700578223 Validation: 0.28849404440004284

c=1000000, lambda=1

 Train: 0.27427848579149866 Validation: 0.32292987682087615

c=1000000, lambda=10

 Train: 0.42521028059185845 Validation: 0.41718398427014747

c=1000000, lambda=100

 Train: 0.5306705090818613 Validation: 0.5049365755333844

