Unloaded module: latex/TeXLive12
Loaded module: python3/3.6.2
c=-1000000, lambda=0.1

 Train: 0.10012663859225945 Validation: 0.2806083296320715

c=-1000000, lambda=1

 Train: 0.20957886398279865 Validation: 0.29784617070067315

c=-1000000, lambda=10

 Train: 0.3609815795742199 Validation: 0.3700454041147804

c=-1000000, lambda=100

 Train: 0.4996014349181048 Validation: 0.4786523022259138

c=-100000, lambda=0.1

 Train: 0.10012663897643716 Validation: 0.2806083431720302

c=-100000, lambda=1

 Train: 0.2095788637646185 Validation: 0.2978461707747541

c=-100000, lambda=10

 Train: 0.3609815798807051 Validation: 0.37004540358772664

c=-100000, lambda=100

 Train: 0.499601436390606 Validation: 0.47865230274885373

c=-10000, lambda=0.1

 Train: 0.10012663908062318 Validation: 0.2806083438158549

c=-10000, lambda=1

 Train: 0.20957886422633334 Validation: 0.2978461683548349

c=-10000, lambda=10

 Train: 0.36098158303415745 Validation: 0.3700453982189323

c=-10000, lambda=100

 Train: 0.49960145108514264 Validation: 0.47865230794988534

c=-1000, lambda=0.1

 Train: 0.100126640909419 Validation: 0.28060833706063726

c=-1000, lambda=1

 Train: 0.20957886879655777 Validation: 0.2978461436890867

c=-1000, lambda=10

 Train: 0.36098161454335737 Validation: 0.37004534437505054

c=-1000, lambda=100

 Train: 0.4996015983316212 Validation: 0.4786523602679884

c=-100, lambda=0.1

 Train: 0.10012665923235095 Validation: 0.2806082698748058

c=-100, lambda=1

 Train: 0.20957891451950197 Validation: 0.2978458970008486

c=-100, lambda=10

 Train: 0.3609819301071585 Validation: 0.37004480634862835

c=-100, lambda=100

 Train: 0.4996031001791941 Validation: 0.47865291372924507

c=-10, lambda=0.1

 Train: 0.10012684256738866 Validation: 0.28060759782620076

c=-10, lambda=1

 Train: 0.20957937326318907 Validation: 0.29784343077629444

c=-10, lambda=10

 Train: 0.3609851331438473 Validation: 0.37003946716628056

c=-10, lambda=100

 Train: 0.49962107995554955 Validation: 0.47866150023848436

c=-1, lambda=0.1

 Train: 0.10012868586860603 Validation: 0.28060088076015227

c=-1, lambda=1

 Train: 0.20958411271325772 Validation: 0.2978188348456665

c=-1, lambda=10

 Train: 0.3610219705847985 Validation: 0.3699902472498254

c=-1, lambda=100

 Train: 0.5001212373840983 Validation: 0.4790777467822686

c=-0.1, lambda=0.1

 Train: 0.10014814389116122 Validation: 0.2805340854203095

c=-0.1, lambda=1

 Train: 0.20964753259040028 Validation: 0.2975800894900553

c=-0.1, lambda=10

 Train: 0.3619457575170779 Validation: 0.36998631713052155

c=-0.1, lambda=100

 Train: 0.5832363699630737 Validation: 0.563829649683785

c=0.001, lambda=0.1

 Train: 0.10038781213651746 Validation: 0.2855191129498571

c=0.001, lambda=1

 Train: 0.2191798442893886 Validation: 0.3154282439186692

c=0.001, lambda=10

 Train: 0.4254078475483313 Validation: 0.44405431365038384

c=0.001, lambda=100

 Train: 0.6659520145170383 Validation: 0.6524526820188791

c=0.01, lambda=0.1

 Train: 0.10000826332057562 Validation: 0.2813656478916752

c=0.01, lambda=1

 Train: 0.2101402787366514 Validation: 0.30090780487975544

c=0.01, lambda=10

 Train: 0.3756655845992745 Validation: 0.38993177844078164

c=0.01, lambda=100

 Train: 0.615355056566651 Validation: 0.600307463657126

c=0.1, lambda=0.1

 Train: 0.10010736202208004 Validation: 0.2806833643723109

c=0.1, lambda=1

 Train: 0.20954418964478058 Validation: 0.2981270567542239

c=0.1, lambda=10

 Train: 0.3610950660138898 Validation: 0.37104027646453686

c=0.1, lambda=100

 Train: 0.5148281586350004 Validation: 0.4953082059928679

c=1, lambda=0.1

 Train: 0.10012461414335509 Validation: 0.2806158159238594

c=1, lambda=1

 Train: 0.20957395397551196 Validation: 0.29787365482957895

c=1, lambda=10

 Train: 0.36095181287642153 Validation: 0.37010976865124307

c=1, lambda=100

 Train: 0.49974342994273824 Validation: 0.47890886929707827

c=10, lambda=0.1

 Train: 0.1001264354013288 Validation: 0.28060909134998746

c=10, lambda=1

 Train: 0.20957835756472762 Validation: 0.29784891289773796

c=10, lambda=10

 Train: 0.36097813215265495 Validation: 0.3700514332975432

c=10, lambda=100

 Train: 0.49958837983819504 Validation: 0.4786498954731733

c=100, lambda=0.1

 Train: 0.10012661851588903 Validation: 0.2806084192261967

c=100, lambda=1

 Train: 0.20957881294984768 Validation: 0.29784644521309483

c=100, lambda=10

 Train: 0.3609812300228278 Validation: 0.3700460029757599

c=100, lambda=100

 Train: 0.4995998352357931 Validation: 0.47865175852311026

c=1000, lambda=0.1

 Train: 0.10012663683641632 Validation: 0.28060835202968476

c=1000, lambda=1

 Train: 0.20957885863940207 Validation: 0.2978461985101257

c=1000, lambda=10

 Train: 0.36098154453501663 Validation: 0.37004546403774796

c=1000, lambda=100

 Train: 0.4996012718423487 Validation: 0.47865224475265505

c=10000, lambda=0.1

 Train: 0.10012663866876943 Validation: 0.2806083454178514

c=10000, lambda=1

 Train: 0.20957886321070476 Validation: 0.29784617383513967

c=10000, lambda=10

 Train: 0.3609815760330797 Validation: 0.37004541018496795

c=10000, lambda=100

 Train: 0.49960141843629247 Validation: 0.4786522963984145

c=100000, lambda=0.1

 Train: 0.10012663894033177 Validation: 0.28060834404325047

c=100000, lambda=1

 Train: 0.20957886367869763 Validation: 0.2978461713193896

c=100000, lambda=10

 Train: 0.3609815791821473 Validation: 0.37004540479408654

c=100000, lambda=100

 Train: 0.49960143312553523 Validation: 0.47865230159378475

c=1000000, lambda=0.1

 Train: 0.10012663910142446 Validation: 0.28060834146050057

c=1000000, lambda=1

 Train: 0.20957886356873942 Validation: 0.2978461717848095

c=1000000, lambda=10

 Train: 0.3609815795137342 Validation: 0.37004540425528837

c=1000000, lambda=100

 Train: 0.4996014345942427 Validation: 0.478652302109982

