Unloaded module: latex/TeXLive12
Loaded module: python3/3.6.2
c=-1000000, lambda=0.01

 Train: 0.07633376864735048 Validation: 0.2854731204408896

c=-1000000, lambda=0.1

 Train: 0.08632497563440844 Validation: 0.284242536557723

c=-1000000, lambda=1

 Train: 0.16796847491810643 Validation: 0.291540623685335

c=-1000000, lambda=10

 Train: 0.31734142580886787 Validation: 0.34591547825190155

c=-1000000, lambda=100

 Train: 0.4656042017746416 Validation: 0.4507799726828118

c=-100000, lambda=0.01

 Train: 0.07633376956247018 Validation: 0.28547302651963147

c=-100000, lambda=0.1

 Train: 0.08632497614764016 Validation: 0.28424253243302916

c=-100000, lambda=1

 Train: 0.1679684749279081 Validation: 0.2915406225205668

c=-100000, lambda=10

 Train: 0.31734142611969385 Validation: 0.345915477160871

c=-100000, lambda=100

 Train: 0.46560420384416645 Validation: 0.4507799721847394

c=-10000, lambda=0.01

 Train: 0.0763337694957296 Validation: 0.2854730443481397

c=-10000, lambda=0.1

 Train: 0.08632497633678975 Validation: 0.28424252945172085

c=-10000, lambda=1

 Train: 0.1679684755885845 Validation: 0.29154061812070803

c=-10000, lambda=10

 Train: 0.3173414288378064 Validation: 0.3459154660118993

c=-10000, lambda=100

 Train: 0.4656042246190444 Validation: 0.4507799673452024

c=-1000, lambda=0.01

 Train: 0.07633376956201518 Validation: 0.28547303319292106

c=-1000, lambda=0.1

 Train: 0.08632497826225424 Validation: 0.2842425122411038

c=-1000, lambda=1

 Train: 0.16796848240755158 Validation: 0.2915405743498167

c=-1000, lambda=10

 Train: 0.31734145602221164 Validation: 0.3459153545311401

c=-1000, lambda=100

 Train: 0.4656044326840668 Validation: 0.45077991926983596

c=-100, lambda=0.01

 Train: 0.07633377020465021 Validation: 0.285472916962265

c=-100, lambda=0.1

 Train: 0.08632499750098353 Validation: 0.28424233976166186

c=-100, lambda=1

 Train: 0.16796855060602453 Validation: 0.291540136734625

c=-100, lambda=10

 Train: 0.3173417284768182 Validation: 0.3459142401803556

c=-100, lambda=100

 Train: 0.4656065452978801 Validation: 0.4507794705143317

c=-10, lambda=0.01

 Train: 0.0763337766314358 Validation: 0.28547175568765354

c=-10, lambda=0.1

 Train: 0.08632519003229934 Validation: 0.2842406149545522

c=-10, lambda=1

 Train: 0.16796923507597417 Validation: 0.2915357609851753

c=-10, lambda=10

 Train: 0.3173445141599651 Validation: 0.3459031424962858

c=-10, lambda=100

 Train: 0.465630895121325 Validation: 0.45077821085801195

c=-1, lambda=0.01

 Train: 0.076333841232884 Validation: 0.2854601383515079

c=-1, lambda=0.1

 Train: 0.08632713022231404 Validation: 0.2842233572628519

c=-1, lambda=1

 Train: 0.16797633025907033 Validation: 0.2914920445246017

c=-1, lambda=10

 Train: 0.317378599934903 Validation: 0.3457968491522769

c=-1, lambda=100

 Train: 0.4662258091407041 Validation: 0.4511182146066159

c=-0.1, lambda=0.01

 Train: 0.07633452198471835 Validation: 0.28534358165895873

c=-0.1, lambda=0.1

 Train: 0.08634809173257654 Validation: 0.28404991133658636

c=-0.1, lambda=1

 Train: 0.16807438298429203 Validation: 0.2910601806310741

c=-0.1, lambda=10

 Train: 0.3184752484551721 Validation: 0.34531997050916

c=-0.1, lambda=100

 Train: 0.5672857915308648 Validation: 0.5512880964662396

c=0.001, lambda=0.01

 Train: 0.0763285148627815 Validation: 0.2912360069391593

c=0.001, lambda=0.1

 Train: 0.08647633454452541 Validation: 0.2920837601822553

c=0.001, lambda=1

 Train: 0.17576481668753013 Validation: 0.30996470670758275

c=0.001, lambda=10

 Train: 0.36914066186699146 Validation: 0.40881141718107084

c=0.001, lambda=100

 Train: 0.6137223424615178 Validation: 0.6079174627660925

c=0.01, lambda=0.01

 Train: 0.07632928928663463 Validation: 0.2866763281819008

c=0.01, lambda=0.1

 Train: 0.08622231311891347 Validation: 0.28599646756653846

c=0.01, lambda=1

 Train: 0.16867325264702268 Validation: 0.29619670620101946

c=0.01, lambda=10

 Train: 0.3325871551699485 Validation: 0.3681087965949207

c=0.01, lambda=100

 Train: 0.5715036555273605 Validation: 0.564226948582874

c=0.1, lambda=0.01

 Train: 0.07633309172852583 Validation: 0.28560151173372933

c=0.1, lambda=0.1

 Train: 0.08630518866571482 Validation: 0.2844329820080541

c=0.1, lambda=1

 Train: 0.16791856715704198 Validation: 0.2920301900842066

c=0.1, lambda=10

 Train: 0.31761226958316435 Validation: 0.34757015662638907

c=0.1, lambda=100

 Train: 0.480698402814803 Validation: 0.46837693362593846

c=1, lambda=0.01

 Train: 0.0763336984953849 Validation: 0.2854859436060903

c=1, lambda=0.1

 Train: 0.08632285524902243 Validation: 0.2842616837039886

c=1, lambda=1

 Train: 0.16796117687022727 Validation: 0.29158929078925805

c=1, lambda=10

 Train: 0.317317950161371 Validation: 0.3460443723173977

c=1, lambda=100

 Train: 0.46570306844642656 Validation: 0.45116310028608253

c=10, lambda=0.01

 Train: 0.07633376235797809 Validation: 0.2854743362256204

c=10, lambda=0.1

 Train: 0.08632476255028071 Validation: 0.2842444476180538

c=10, lambda=1

 Train: 0.16796772016394892 Validation: 0.2915454858558288

c=10, lambda=10

 Train: 0.3173384744262413 Validation: 0.3459279169168793

c=10, lambda=100

 Train: 0.46558467632189804 Validation: 0.45078891067148147

c=100, lambda=0.01

 Train: 0.07633376877736262 Validation: 0.28547317505497966

c=100, lambda=0.1

 Train: 0.08632495475269039 Validation: 0.28424272302826986

c=100, lambda=1

 Train: 0.16796839911524267 Validation: 0.29154110922196297

c=100, lambda=10

 Train: 0.31734112452868574 Validation: 0.3459167176445106

c=100, lambda=100

 Train: 0.4656019294553121 Validation: 0.45078054668846695

c=1000, lambda=0.01

 Train: 0.07633376941868694 Validation: 0.28547305883546226

c=1000, lambda=0.1

 Train: 0.08632497398777453 Validation: 0.28424255054824143

c=1000, lambda=1

 Train: 0.16796846725845122 Validation: 0.29154067159858954

c=1000, lambda=10

 Train: 0.3173413956274467 Validation: 0.34591560227769236

c=1000, lambda=100

 Train: 0.4656039711058511 Validation: 0.45078002689345353

c=10000, lambda=0.01

 Train: 0.0763337694813072 Validation: 0.2854730481640255

c=10000, lambda=0.1

 Train: 0.08632497591132322 Validation: 0.2842425335365472

c=10000, lambda=1

 Train: 0.16796847407644008 Validation: 0.2915406278422467

c=10000, lambda=10

 Train: 0.31734142279806066 Validation: 0.3459154907869847

c=10000, lambda=100

 Train: 0.46560417846130886 Validation: 0.4507799781077364

c=100000, lambda=0.01

 Train: 0.07633376961821224 Validation: 0.28547304731356665

c=100000, lambda=0.1

 Train: 0.08632497608731339 Validation: 0.284242532135567

c=100000, lambda=1

 Train: 0.16796847475605145 Validation: 0.29154062342018994

c=100000, lambda=10

 Train: 0.3173414255160194 Validation: 0.3459154796420234

c=100000, lambda=100

 Train: 0.4656041992292986 Validation: 0.45077997326148184

c=1000000, lambda=0.01

 Train: 0.07633376908962906 Validation: 0.2854730677397569

c=1000000, lambda=0.1

 Train: 0.08632497592548158 Validation: 0.28424251320480615

c=1000000, lambda=1

 Train: 0.16796847480519506 Validation: 0.2915406250293409

c=1000000, lambda=10

 Train: 0.3173414257835962 Validation: 0.34591547851216475

c=1000000, lambda=100

 Train: 0.4656042013063595 Validation: 0.45077997277477766

