Unloaded module: latex/TeXLive12
Loaded module: python3/3.6.2
sigma=0.25, lambda=0.01

 Train: 0.07626553710002086 Validation: 0.5020069905270239

sigma=0.25, lambda=0.1

 Train: 0.09006173607780298 Validation: 0.5034283936789508

sigma=0.25, lambda=1

 Train: 0.2944664348795826 Validation: 0.5402985705442723

sigma=0.5, lambda=0.01

 Train: 0.07620459787926004 Validation: 0.3922506269057473

sigma=0.5, lambda=0.1

 Train: 0.08549458545079996 Validation: 0.3943914151501991

sigma=0.5, lambda=1

 Train: 0.24322232067340563 Validation: 0.4299231114954786

sigma=1, lambda=0.01

 Train: 0.07620827704035232 Validation: 0.33051876305169514

sigma=1, lambda=0.1

 Train: 0.08532077962870895 Validation: 0.33216885627952847

sigma=1, lambda=1

 Train: 0.2230747639808753 Validation: 0.3646227529178373

sigma=10, lambda=0.01

 Train: 0.07910395569236948 Validation: 0.2954105205434685

sigma=10, lambda=0.1

 Train: 0.15056635074850996 Validation: 0.30618325383628914

sigma=10, lambda=1

 Train: 0.34549913533300464 Validation: 0.38132928639420755

