Unloaded module: latex/TeXLive12
Loaded module: python3/3.6.2
c=-1000000, lambda=1e-05

Train: 0.07609358698813726 Validation: 0.29986315537894165

c=-1000000, lambda=0.0001

Train: 0.07610909689554449 Validation: 0.2963213803068925

c=-1000000, lambda=0.001

Train: 0.07624720175318897 Validation: 0.2949090587793419

c=-1000000, lambda=0.01

Train: 0.08121728182681502 Validation: 0.291364787911563

c=-1000000, lambda=0.1

Train: 0.13702347145235627 Validation: 0.2884940498115088

c=-1000000, lambda=1

Train: 0.2742784852926631 Validation: 0.32292987576893945

c=-100000, lambda=1e-05

Train: 0.07609294200451992 Validation: 0.29988526550340233

c=-100000, lambda=0.0001

Train: 0.07610880909213126 Validation: 0.2963090339216202

c=-100000, lambda=0.001

Train: 0.07624719750041674 Validation: 0.2949089687224565

c=-100000, lambda=0.01

Train: 0.08121728097619052 Validation: 0.29136481015229515

c=-100000, lambda=0.1

Train: 0.13702347027710982 Validation: 0.2884940427190155

c=-100000, lambda=1

Train: 0.27427848550225714 Validation: 0.3229298758581381

c=-10000, lambda=1e-05

Train: 0.07609257167820058 Validation: 0.2998729545523601

c=-10000, lambda=0.0001

Train: 0.07610880910304764 Validation: 0.29630925373902167

c=-10000, lambda=0.001

Train: 0.07624719818233365 Validation: 0.2949089713112346

c=-10000, lambda=0.01

Train: 0.08121728119672557 Validation: 0.29136480937620546

c=-10000, lambda=0.1

Train: 0.1370234706534169 Validation: 0.2884940428343914

c=-10000, lambda=1

Train: 0.27427848584757614 Validation: 0.3229298741224177

c=-1000, lambda=1e-05

Train: 0.07609257094846869 Validation: 0.29987370348778813

c=-1000, lambda=0.0001

Train: 0.07610880896945961 Validation: 0.29630926115583606

c=-1000, lambda=0.001

Train: 0.0762471981576845 Validation: 0.2949089779865448

c=-1000, lambda=0.01

Train: 0.08121728144832867 Validation: 0.2913648068304382

c=-1000, lambda=0.1

Train: 0.13702347202940482 Validation: 0.2884940369015644

c=-1000, lambda=1

Train: 0.2742784891917879 Validation: 0.32292985695656856

c=-100, lambda=1e-05

Train: 0.07609257085397383 Validation: 0.2998736670541647

c=-100, lambda=0.0001

Train: 0.0761088089921366 Validation: 0.29630924528114944

c=-100, lambda=0.001

Train: 0.07624719822348013 Validation: 0.29490896080342144

c=-100, lambda=0.01

Train: 0.08121728377361619 Validation: 0.2913647833286569

c=-100, lambda=0.1

Train: 0.13702348577337373 Validation: 0.2884939772193805

c=-100, lambda=1

Train: 0.2742785226726489 Validation: 0.3229296853704596

c=-10, lambda=1e-05

Train: 0.07609257084544611 Validation: 0.2998735105206397

c=-10, lambda=0.0001

Train: 0.07610880899448105 Validation: 0.2963090907078367

c=-10, lambda=0.001

Train: 0.0762471988938201 Validation: 0.2949087985772066

c=-10, lambda=0.01

Train: 0.08121730704024324 Validation: 0.2913645470169294

c=-10, lambda=0.1

Train: 0.13702362326545164 Validation: 0.28849338048800127

c=-10, lambda=1

Train: 0.2742788583299433 Validation: 0.32292797005018975

c=-1, lambda=1e-05

Train: 0.07609257084180539 Validation: 0.2998719517819326

c=-1, lambda=0.0001

Train: 0.07610880902195322 Validation: 0.2963075431744193

c=-1, lambda=0.001

Train: 0.07624720559846297 Validation: 0.29490717645675424

c=-1, lambda=0.01

Train: 0.08121753996001906 Validation: 0.29136218371734285

c=-1, lambda=0.1

Train: 0.13702500262581982 Validation: 0.28848741333712125

c=-1, lambda=1

Train: 0.27428230005209525 Validation: 0.32291087066225865

c=-0.1, lambda=1e-05

Train: 0.07609257080813117 Validation: 0.2998563648663526

c=-0.1, lambda=0.0001

Train: 0.07610880929974638 Validation: 0.2962920680148854

c=-0.1, lambda=0.001

Train: 0.07624727321010594 Validation: 0.2948909547059127

c=-0.1, lambda=0.01

Train: 0.08121989452778827 Validation: 0.29133853795367537

c=-0.1, lambda=0.1

Train: 0.13703924563018266 Validation: 0.28842776111102103

c=-0.1, lambda=1

Train: 0.27432546230661836 Validation: 0.322745445922286

c=-0.01, lambda=1e-05

Train: 0.07609257046019587 Validation: 0.2997007052184945

c=-0.01, lambda=0.0001

Train: 0.0761088126088248 Validation: 0.29613767355188

c=-0.01, lambda=0.001

Train: 0.07624800996872745 Validation: 0.2947290663376742

c=-0.01, lambda=0.01

Train: 0.08124619009483411 Validation: 0.29110135580392954

c=-0.01, lambda=0.1

Train: 0.1372326609669106 Validation: 0.28783678823941417

c=-0.01, lambda=1

Train: 0.27591592890626093 Validation: 0.3218851842695663

c=-0.001, lambda=1e-05

Train: 0.07609256576073146 Validation: 0.29938015387361255

c=-0.001, lambda=0.0001

Train: 0.0761090061065584 Validation: 0.29588182947168207

c=-0.001, lambda=0.001

Train: 0.07627126347455225 Validation: 0.2945187937786831

c=-0.001, lambda=0.01

Train: 0.08237241540075946 Validation: 0.29107034075722804

c=-0.001, lambda=0.1

Train: 0.17640782577121117 Validation: 0.31515891122336825

c=-0.001, lambda=1

Train: 0.656231822224766 Validation: 0.7393725872998544

c=-0.0001, lambda=1e-05

Train: 0.07609258518748026 Validation: 0.31041298145286084

c=-0.0001, lambda=0.0001

Train: 0.07610902958489402 Validation: 0.30685038962290245

c=-0.0001, lambda=0.001

Train: 0.07624739005718577 Validation: 0.30568093216663716

c=-0.0001, lambda=0.01

Train: 0.08147117243216627 Validation: 0.3045180837508215

c=-0.0001, lambda=0.1

Train: 0.1455754474544382 Validation: 0.3127269553164571

c=-0.0001, lambda=1

Train: 0.32294090308357104 Validation: 0.38567119235024827

c=0.0001, lambda=1e-05

Train: 0.07609257916360183 Validation: 0.30537630316477954

c=0.0001, lambda=0.0001

Train: 0.07610888195790952 Validation: 0.30181024209385887

c=0.0001, lambda=0.001

Train: 0.07624272033887504 Validation: 0.3005923698195349

c=0.0001, lambda=0.01

Train: 0.08119507724966703 Validation: 0.2987730546427652

c=0.0001, lambda=0.1

Train: 0.14136758278015685 Validation: 0.3042521691559335

c=0.0001, lambda=1

Train: 0.3110198055151696 Validation: 0.3723022400387541

c=0.001, lambda=1e-05

Train: 0.07609257364663685 Validation: 0.30142056023376457

c=0.001, lambda=0.0001

Train: 0.07610880713152618 Validation: 0.29785163333787074

c=0.001, lambda=0.001

Train: 0.07624342893774633 Validation: 0.29651918067083805

c=0.001, lambda=0.01

Train: 0.0811119323221239 Validation: 0.2936198520327666

c=0.001, lambda=0.1

Train: 0.1375000912266764 Validation: 0.2940602091452485

c=0.001, lambda=1

Train: 0.2884029205837438 Validation: 0.3456351325075138

c=0.01, lambda=1e-05

Train: 0.0760925712070853 Validation: 0.3000463225498754

c=0.01, lambda=0.0001

Train: 0.076108806467979 Validation: 0.29648081664183407

c=0.01, lambda=0.001

Train: 0.07624651284111512 Validation: 0.2950887382487558

c=0.01, lambda=0.01

Train: 0.08119404817536657 Validation: 0.2916253945907643

c=0.01, lambda=0.1

Train: 0.136914984508226 Validation: 0.28915580031720317

c=0.01, lambda=1

Train: 0.2746489457286812 Validation: 0.32527003713372576

c=0.1, lambda=1e-05

Train: 0.07609257088273916 Validation: 0.29989099784943873

c=0.1, lambda=0.0001

Train: 0.07610880869440599 Validation: 0.29632645619702924

c=0.1, lambda=0.001

Train: 0.0762471243487968 Validation: 0.2949270006212862

c=0.1, lambda=0.01

Train: 0.08121472430575438 Validation: 0.291391051334469

c=0.1, lambda=0.1

Train: 0.13700869063337118 Validation: 0.2885603614788322

c=0.1, lambda=1

Train: 0.2742505754467734 Validation: 0.32312634887111413

c=1, lambda=1e-05

Train: 0.07609257084926534 Validation: 0.29987541499755477

c=1, lambda=0.0001

Train: 0.07610880896142161 Validation: 0.2963109820687368

c=1, lambda=0.001

Train: 0.07624719071317969 Validation: 0.29491078112639835

c=1, lambda=0.01

Train: 0.08121702298159159 Validation: 0.29136743516399116

c=1, lambda=0.1

Train: 0.13702194832851075 Validation: 0.2885006740633613

c=1, lambda=1

Train: 0.27427486146273616 Validation: 0.3229490017203124

c=10, lambda=1e-05

Train: 0.07609257084542838 Validation: 0.29987385659696403

c=10, lambda=0.0001

Train: 0.07610880898879772 Validation: 0.29630943459846515

c=10, lambda=0.001

Train: 0.0762471974053097 Validation: 0.29490915903910647

c=10, lambda=0.01

Train: 0.08121725534247479 Validation: 0.2913650721605975

c=10, lambda=0.1

Train: 0.1370233178369403 Validation: 0.2884947065614434

c=10, lambda=1

Train: 0.2742781145210802 Validation: 0.3229317831967472

c=100, lambda=1e-05

Train: 0.07609257084336869 Validation: 0.2998736939439043

c=100, lambda=0.0001

Train: 0.07610880899252664 Validation: 0.2963092794260563

c=100, lambda=0.001

Train: 0.07624719807506121 Validation: 0.2949089969546773

c=100, lambda=0.01

Train: 0.08121727860360983 Validation: 0.29136483585104944

c=100, lambda=0.1

Train: 0.13702345523059847 Validation: 0.28849410982685475

c=100, lambda=1

Train: 0.27427844829180686 Validation: 0.3229300666851455

c=1000, lambda=1e-05

Train: 0.07609257081678154 Validation: 0.29987368238020584

c=1000, lambda=0.0001

Train: 0.0761088090060698 Validation: 0.29630926439261346

c=1000, lambda=0.001

Train: 0.07624719814012663 Validation: 0.2949089800515361

c=1000, lambda=0.01

Train: 0.08121728092920043 Validation: 0.29136481211907866

c=1000, lambda=0.1

Train: 0.13702346897469106 Validation: 0.28849405015123114

c=1000, lambda=1

Train: 0.2742784817540227 Validation: 0.32292989508751263

c=10000, lambda=1e-05

Train: 0.07609257083712459 Validation: 0.29987332858286786

c=10000, lambda=0.0001

Train: 0.07610880857723641 Validation: 0.29630925090989685

c=10000, lambda=0.001

Train: 0.07624719818847654 Validation: 0.2949089699643256

c=10000, lambda=0.01

Train: 0.08121728115053538 Validation: 0.29136480993544145

c=10000, lambda=0.1

Train: 0.13702347034223591 Validation: 0.28849404415173674

c=10000, lambda=1

Train: 0.2742784850987164 Validation: 0.3229298779245457

c=100000, lambda=1e-05

Train: 0.07609272610269306 Validation: 0.2998812181923774

c=100000, lambda=0.0001

Train: 0.07610880985242938 Validation: 0.2963096844356762

c=100000, lambda=0.001

Train: 0.07624719880800197 Validation: 0.29490887829993945

c=100000, lambda=0.01

Train: 0.08121728139038063 Validation: 0.29136481873875697

c=100000, lambda=0.1

Train: 0.13702347036713583 Validation: 0.2884940432043642

c=100000, lambda=1

Train: 0.27427848541838246 Validation: 0.3229298761412953

c=1000000, lambda=1e-05

Train: 0.07609363980330522 Validation: 0.29989046134629943

c=1000000, lambda=0.0001

Train: 0.07610882418451306 Validation: 0.2963073659657823

c=1000000, lambda=0.001

Train: 0.0762472026185292 Validation: 0.2949095967813984

c=1000000, lambda=0.01

Train: 0.0812172861348651 Validation: 0.2913648415602126

c=1000000, lambda=0.1

Train: 0.1370234700578223 Validation: 0.28849404440004284

c=1000000, lambda=1

Train: 0.27427848579149866 Validation: 0.32292987682087615

c=10000000, lambda=1e-05

Train: 0.07659326612127049 Validation: 0.29965043178441814

c=10000000, lambda=0.0001

Train: 0.07611374175566424 Validation: 0.2963599168324907

c=10000000, lambda=0.001

Train: 0.07624725112580685 Validation: 0.2949133077379031

c=10000000, lambda=0.01

Train: 0.08121730617899695 Validation: 0.29136492090166927

c=10000000, lambda=0.1

Train: 0.13702346538554414 Validation: 0.28849404261476524

c=10000000, lambda=1

Train: 0.2742784876386609 Validation: 0.32292988141244783

