Unloaded module: latex/TeXLive12
Loaded module: python3/3.6.2
c=-1000000, lambda=1e-05

Train: 0.07609101918042342 Validation: 0.28592389172446103

c=-1000000, lambda=0.0001

Train: 0.07608835419156718 Validation: 0.2859569911811887

c=-1000000, lambda=0.001

Train: 0.07609150229216574 Validation: 0.28588003444121446

c=-1000000, lambda=0.01

Train: 0.07633376864735048 Validation: 0.2854731204408896

c=-1000000, lambda=0.1

Train: 0.08632497563440844 Validation: 0.284242536557723

c=-1000000, lambda=1

Train: 0.16796847491810643 Validation: 0.291540623685335

c=-100000, lambda=1e-05

Train: 0.07608827901458881 Validation: 0.2859600898952408

c=-100000, lambda=0.0001

Train: 0.0760882925640817 Validation: 0.28595170280186416

c=-100000, lambda=0.001

Train: 0.0760915021297288 Validation: 0.2858805282759265

c=-100000, lambda=0.01

Train: 0.07633376956247018 Validation: 0.28547302651963147

c=-100000, lambda=0.1

Train: 0.08632497614764016 Validation: 0.28424253243302916

c=-100000, lambda=1

Train: 0.1679684749279081 Validation: 0.2915406225205668

c=-10000, lambda=1e-05

Train: 0.07608825823081711 Validation: 0.28595998416601726

c=-10000, lambda=0.0001

Train: 0.07608829246685692 Validation: 0.2859519755576886

c=-10000, lambda=0.001

Train: 0.07609150204528498 Validation: 0.28588057984487614

c=-10000, lambda=0.01

Train: 0.0763337694957296 Validation: 0.2854730443481397

c=-10000, lambda=0.1

Train: 0.08632497633678975 Validation: 0.28424252945172085

c=-10000, lambda=1

Train: 0.1679684755885845 Validation: 0.29154061812070803

c=-1000, lambda=1e-05

Train: 0.07608825820578587 Validation: 0.28595997689365216

c=-1000, lambda=0.0001

Train: 0.07608829246494658 Validation: 0.2859519676375289

c=-1000, lambda=0.001

Train: 0.07609150204335635 Validation: 0.2858805813149392

c=-1000, lambda=0.01

Train: 0.07633376956201518 Validation: 0.28547303319292106

c=-1000, lambda=0.1

Train: 0.08632497826225424 Validation: 0.2842425122411038

c=-1000, lambda=1

Train: 0.16796848240755158 Validation: 0.2915405743498167

c=-100, lambda=1e-05

Train: 0.07608825816302851 Validation: 0.28596001406292926

c=-100, lambda=0.0001

Train: 0.0760882924642537 Validation: 0.28595185743012447

c=-100, lambda=0.001

Train: 0.07609150205151567 Validation: 0.28588047226028906

c=-100, lambda=0.01

Train: 0.07633377020465021 Validation: 0.285472916962265

c=-100, lambda=0.1

Train: 0.08632499750098353 Validation: 0.28424233976166186

c=-100, lambda=1

Train: 0.16796855060602453 Validation: 0.291540136734625

c=-10, lambda=1e-05

Train: 0.07608825816302936 Validation: 0.28595894472661415

c=-10, lambda=0.0001

Train: 0.07608829246505389 Validation: 0.2859507785753376

c=-10, lambda=0.001

Train: 0.07609150213349503 Validation: 0.2858793855301803

c=-10, lambda=0.01

Train: 0.0763337766314358 Validation: 0.28547175568765354

c=-10, lambda=0.1

Train: 0.08632519003229934 Validation: 0.2842406149545522

c=-10, lambda=1

Train: 0.16796923507597417 Validation: 0.2915357609851753

c=-1, lambda=1e-05

Train: 0.07608825816312266 Validation: 0.2859481595740145

c=-1, lambda=0.0001

Train: 0.07608829247351587 Validation: 0.285939986203655

c=-1, lambda=0.001

Train: 0.07609150295787698 Validation: 0.2858685139617616

c=-1, lambda=0.01

Train: 0.076333841232884 Validation: 0.2854601383515079

c=-1, lambda=0.1

Train: 0.08632713022231404 Validation: 0.2842233572628519

c=-1, lambda=1

Train: 0.16797633025907033 Validation: 0.2914920445246017

c=-0.1, lambda=1e-05

Train: 0.07608825816401296 Validation: 0.2858400207094049

c=-0.1, lambda=0.0001

Train: 0.07608829256241863 Validation: 0.2858317662425567

c=-0.1, lambda=0.001

Train: 0.07609151162066344 Validation: 0.2857594935962302

c=-0.1, lambda=0.01

Train: 0.07633452198471835 Validation: 0.28534358165895873

c=-0.1, lambda=0.1

Train: 0.08634809173257654 Validation: 0.28404991133658636

c=-0.1, lambda=1

Train: 0.16807438298429203 Validation: 0.2910601806310741

c=-0.01, lambda=1e-05

Train: 0.07608825817962662 Validation: 0.2848319438820132

c=-0.01, lambda=0.0001

Train: 0.07608829412005406 Validation: 0.2848228779832786

c=-0.01, lambda=0.001

Train: 0.07609166363048615 Validation: 0.2847425904531748

c=-0.01, lambda=0.01

Train: 0.07634682852362935 Validation: 0.2842513294439524

c=-0.01, lambda=0.1

Train: 0.08682945856103436 Validation: 0.28242721119063524

c=-0.01, lambda=1

Train: 0.17621261243860817 Validation: 0.29046729785414543

c=-0.001, lambda=1e-05

Train: 0.0760882581963305 Validation: 0.30434633326091004

c=-0.001, lambda=0.0001

Train: 0.07608829578270676 Validation: 0.304342586509174

c=-0.001, lambda=0.001

Train: 0.07609182490992324 Validation: 0.3043147613243704

c=-0.001, lambda=0.01

Train: 0.07636350738448022 Validation: 0.3043294826480782

c=-0.001, lambda=0.1

Train: 0.08818795745608156 Validation: 0.30650701247868384

c=-0.001, lambda=1

Train: 0.1896254734410759 Validation: 0.33018662265444243

c=-0.0001, lambda=1e-05

Train: 0.0760882581621814 Validation: 0.2951884571974293

c=-0.0001, lambda=0.0001

Train: 0.07608829237915961 Validation: 0.295184349933157

c=-0.0001, lambda=0.001

Train: 0.07609149435922533 Validation: 0.2951529782349104

c=-0.0001, lambda=0.01

Train: 0.07633551903349926 Validation: 0.2951226983028481

c=-0.0001, lambda=0.1

Train: 0.08692699179720141 Validation: 0.29674531723985204

c=-0.0001, lambda=1

Train: 0.1809280552234261 Validation: 0.31787589984642123

c=0.0001, lambda=1e-05

Train: 0.0760882581596214 Validation: 0.294196279056799

c=0.0001, lambda=0.0001

Train: 0.07608829212395232 Validation: 0.2941919449144159

c=0.0001, lambda=0.001

Train: 0.07609146949455818 Validation: 0.29415833997673196

c=0.0001, lambda=0.01

Train: 0.07633329390816151 Validation: 0.29410663184372715

c=0.0001, lambda=0.1

Train: 0.08680028609994206 Validation: 0.2955645841865848

c=0.0001, lambda=1

Train: 0.1796878067020521 Validation: 0.3160345964372384

c=0.001, lambda=1e-05

Train: 0.07608825815441216 Validation: 0.29141626799718956

c=0.001, lambda=0.0001

Train: 0.07608829160464929 Validation: 0.29141106380640974

c=0.001, lambda=0.001

Train: 0.07609141878560494 Validation: 0.29136888836191743

c=0.001, lambda=0.01

Train: 0.0763285148627815 Validation: 0.2912360069391593

c=0.001, lambda=0.1

Train: 0.08647633454452541 Validation: 0.2920837601822553

c=0.001, lambda=1

Train: 0.17576481668753013 Validation: 0.30996470670758275

c=0.01, lambda=1e-05

Train: 0.07608825815697791 Validation: 0.28708266788590725

c=0.01, lambda=0.0001

Train: 0.0760882918606731 Validation: 0.2870752813915649

c=0.01, lambda=0.001

Train: 0.07609144331336162 Validation: 0.28701157983522135

c=0.01, lambda=0.01

Train: 0.07632928928663463 Validation: 0.2866763281819008

c=0.01, lambda=0.1

Train: 0.08622231311891347 Validation: 0.28599646756653846

c=0.01, lambda=1

Train: 0.16867325264702268 Validation: 0.29619670620101946

c=0.1, lambda=1e-05

Train: 0.07608825816213494 Validation: 0.28607946871212125

c=0.1, lambda=0.0001

Train: 0.07608829237505668 Validation: 0.2860713921868745

c=0.1, lambda=0.001

Train: 0.07609149336631074 Validation: 0.28600087698288507

c=0.1, lambda=0.01

Train: 0.07633309172852583 Validation: 0.28560151173372933

c=0.1, lambda=0.1

Train: 0.08630518866571482 Validation: 0.2844329820080541

c=0.1, lambda=1

Train: 0.16791856715704198 Validation: 0.2920301900842066

c=1, lambda=1e-05

Train: 0.07608825816293428 Validation: 0.2859721158978597

c=1, lambda=0.0001

Train: 0.07608829245481372 Validation: 0.28596396035642774

c=1, lambda=0.001

Train: 0.0760915011358202 Validation: 0.2858926639251748

c=1, lambda=0.01

Train: 0.0763336984953849 Validation: 0.2854859436060903

c=1, lambda=0.1

Train: 0.08632285524902243 Validation: 0.2842616837039886

c=1, lambda=1

Train: 0.16796117687022727 Validation: 0.29158929078925805

c=10, lambda=1e-05

Train: 0.07608825816301984 Validation: 0.28596133927397677

c=10, lambda=0.0001

Train: 0.0760882924631821 Validation: 0.2859531758855689

c=10, lambda=0.001

Train: 0.07609150195128722 Validation: 0.2858818005156627

c=10, lambda=0.01

Train: 0.07633376235797809 Validation: 0.2854743362256204

c=10, lambda=0.1

Train: 0.08632476255028071 Validation: 0.2842444476180538

c=10, lambda=1

Train: 0.16796772016394892 Validation: 0.2915454858558288

c=100, lambda=1e-05

Train: 0.07608825816286417 Validation: 0.28596026072652764

c=100, lambda=0.0001

Train: 0.07608829246409468 Validation: 0.2859520966388187

c=100, lambda=0.001

Train: 0.07609150203316196 Validation: 0.2858807137943283

c=100, lambda=0.01

Train: 0.07633376877736262 Validation: 0.28547317505497966

c=100, lambda=0.1

Train: 0.08632495475269039 Validation: 0.28424272302826986

c=100, lambda=1

Train: 0.16796839911524267 Validation: 0.29154110922196297

c=1000, lambda=1e-05

Train: 0.07608825820130767 Validation: 0.28595999867161365

c=1000, lambda=0.0001

Train: 0.07608829246540297 Validation: 0.2859519877430688

c=1000, lambda=0.001

Train: 0.0760915020414375 Validation: 0.28588060491645495

c=1000, lambda=0.01

Train: 0.07633376941868694 Validation: 0.28547305883546226

c=1000, lambda=0.1

Train: 0.08632497398777453 Validation: 0.28424255054824143

c=1000, lambda=1

Train: 0.16796846725845122 Validation: 0.29154067159858954

c=10000, lambda=1e-05

Train: 0.0760882590615991 Validation: 0.285959339915773

c=10000, lambda=0.0001

Train: 0.07608829246864725 Validation: 0.28595189113185465

c=10000, lambda=0.001

Train: 0.07609150204471365 Validation: 0.2858806094679751

c=10000, lambda=0.01

Train: 0.0763337694813072 Validation: 0.2854730481640255

c=10000, lambda=0.1

Train: 0.08632497591132322 Validation: 0.2842425335365472

c=10000, lambda=1

Train: 0.16796847407644008 Validation: 0.2915406278422467

c=100000, lambda=1e-05

Train: 0.0760884641324787 Validation: 0.28595095435962903

c=100000, lambda=0.0001

Train: 0.07608829306669944 Validation: 0.28595128605808745

c=100000, lambda=0.001

Train: 0.07609150216144386 Validation: 0.2858804439252805

c=100000, lambda=0.01

Train: 0.07633376961821224 Validation: 0.28547304731356665

c=100000, lambda=0.1

Train: 0.08632497608731339 Validation: 0.284242532135567

c=100000, lambda=1

Train: 0.16796847475605145 Validation: 0.29154062342018994

c=1000000, lambda=1e-05

Train: 0.07610228974929702 Validation: 0.28588819476850713

c=1000000, lambda=0.0001

Train: 0.07608848771923774 Validation: 0.28596430207130313

c=1000000, lambda=0.001

Train: 0.07609150337647043 Validation: 0.2858815507152013

c=1000000, lambda=0.01

Train: 0.07633376908962906 Validation: 0.2854730677397569

c=1000000, lambda=0.1

Train: 0.08632497592548158 Validation: 0.28424251320480615

c=1000000, lambda=1

Train: 0.16796847480519506 Validation: 0.2915406250293409

c=10000000, lambda=1e-05

Train: 0.07636064635668524 Validation: 0.28525072073351154

c=10000000, lambda=0.0001

Train: 0.07608938705502416 Validation: 0.2860071761771918

c=10000000, lambda=0.001

Train: 0.07609156212238052 Validation: 0.2858871844476603

c=10000000, lambda=0.01

Train: 0.07633376782968043 Validation: 0.28547201721162124

c=10000000, lambda=0.1

Train: 0.08632497916273603 Validation: 0.284242499732969

c=10000000, lambda=1

Train: 0.16796847551915217 Validation: 0.2915406269831566

