Unloaded module: latex/TeXLive12
Loaded module: python3/3.6.2
c1=-10, c2=-30, d=-30, lambda=0.001

 Train: 0.7661138771303022 Validation: 0.7424498187920576

c1=-10, c2=-30, d=-30, lambda=0.01

 Train: 0.7661138771303022 Validation: 0.7424498187920576

c1=-10, c2=-30, d=-30, lambda=0.1

 Train: 0.7661138771303022 Validation: 0.7424498187920576

c1=-10, c2=-30, d=-30, lambda=1

 Train: 0.7661138771303022 Validation: 0.7424498187920576

c1=-10, c2=-30, d=-30, lambda=10

 Train: 0.7661138771303022 Validation: 0.7424498187920576

c1=-10, c2=-30, d=-25, lambda=0.001

 Train: 0.7661138771303022 Validation: 0.7424498187920576

c1=-10, c2=-30, d=-25, lambda=0.01

 Train: 0.7661138771303022 Validation: 0.7424498187920576

c1=-10, c2=-30, d=-25, lambda=0.1

 Train: 0.7661138771303022 Validation: 0.7424498187920576

c1=-10, c2=-30, d=-25, lambda=1

 Train: 0.7661138771303022 Validation: 0.7424498187920576

c1=-10, c2=-30, d=-25, lambda=10

 Train: 0.7661138771303022 Validation: 0.7424498187920576

c1=-10, c2=-30, d=-20, lambda=0.001

 Train: 0.7661138771303022 Validation: 0.7424498187920576

c1=-10, c2=-30, d=-20, lambda=0.01

 Train: 0.7661138771303022 Validation: 0.7424498187920576

c1=-10, c2=-30, d=-20, lambda=0.1

 Train: 0.7661138771303022 Validation: 0.7424498187920576

c1=-10, c2=-30, d=-20, lambda=1

 Train: 0.7661138771303022 Validation: 0.7424498187920576

c1=-10, c2=-30, d=-20, lambda=10

 Train: 0.7661138771303022 Validation: 0.7424498187920576

c1=-10, c2=-30, d=-15, lambda=0.001

 Train: 0.7661138771303023 Validation: 0.7424498187920576

c1=-10, c2=-30, d=-15, lambda=0.01

 Train: 0.7661138771303022 Validation: 0.7424498187920576

c1=-10, c2=-30, d=-15, lambda=0.1

 Train: 0.7661138771303022 Validation: 0.7424498187920576

c1=-10, c2=-30, d=-15, lambda=1

 Train: 0.7661138771303022 Validation: 0.7424498187920576

c1=-10, c2=-30, d=-15, lambda=10

 Train: 0.7661138771303022 Validation: 0.7424498187920576

c1=-10, c2=-30, d=-10, lambda=0.001

 Train: 0.7661138753936436 Validation: 0.7424498170097504

c1=-10, c2=-30, d=-10, lambda=0.01

 Train: 0.7661138769566364 Validation: 0.7424498186138268

c1=-10, c2=-30, d=-10, lambda=0.1

 Train: 0.7661138771129357 Validation: 0.7424498187742344

c1=-10, c2=-30, d=-10, lambda=1

 Train: 0.7661138771285657 Validation: 0.7424498187902752

c1=-10, c2=-30, d=-10, lambda=10

 Train: 0.7661138771301286 Validation: 0.7424498187918793

c1=-10, c2=-30, d=-5, lambda=0.001

 Train: 0.8162540498722259 Validation: 0.7938012827770149

c1=-10, c2=-30, d=-5, lambda=0.01

 Train: 0.770448466064102 Validation: 0.7468955000674166

c1=-10, c2=-30, d=-5, lambda=0.1

 Train: 0.7665414195711344 Validation: 0.7428883762647588

c1=-10, c2=-30, d=-5, lambda=1

 Train: 0.7661565729799603 Validation: 0.7424936152088887

c1=-10, c2=-30, d=-5, lambda=10

 Train: 0.7661181461320844 Validation: 0.7424541978412029

c1=-10, c2=-30, d=0, lambda=0.001

 Train: 0.5555076189466934 Validation: 0.5264812597226138

c1=-10, c2=-30, d=0, lambda=0.01

 Train: 0.5555076189496058 Validation: 0.5264812471594592

c1=-10, c2=-30, d=0, lambda=0.1

 Train: 0.555507619240874 Validation: 0.5264811217352311

c1=-10, c2=-30, d=0, lambda=1

 Train: 0.5555076483495623 Validation: 0.5264798955628145

c1=-10, c2=-30, d=0, lambda=10

 Train: 0.5555105411811626 Validation: 0.5264704214376545

c1=-10, c2=-30, d=5, lambda=0.001

 Train: 0.07608918939127263 Validation: 0.3063402495947651

c1=-10, c2=-30, d=5, lambda=0.01

 Train: 0.07608827943725584 Validation: 0.3063646940290468

c1=-10, c2=-30, d=5, lambda=0.1

 Train: 0.07608825800529807 Validation: 0.30636906067453534

c1=-10, c2=-30, d=5, lambda=1

 Train: 0.07608825781596686 Validation: 0.30636884442032186

c1=-10, c2=-30, d=5, lambda=10

 Train: 0.07608825781388044 Validation: 0.30636886105252176

c1=-10, c2=-30, d=10, lambda=0.001
singular matrix error
c1=-10.5, c2=-31.5, d=10.5, lambda=0.0010500000000000002
c1=-10, c2=-30, d=10, lambda=0.01
singular matrix error
c1=-10.5, c2=-31.5, d=10.5, lambda=0.0105
c1=-10, c2=-30, d=10, lambda=0.1
singular matrix error
c1=-10.5, c2=-31.5, d=10.5, lambda=0.10500000000000001
c1=-10, c2=-30, d=10, lambda=1
singular matrix error
c1=-10.5, c2=-31.5, d=10.5, lambda=1.05
c1=-10, c2=-30, d=10, lambda=10
singular matrix error
c1=-10.5, c2=-31.5, d=10.5, lambda=10.5
c1=-10, c2=-30, d=15, lambda=0.001
singular matrix error
c1=-10.5, c2=-31.5, d=15.75, lambda=0.0010500000000000002
c1=-10, c2=-30, d=15, lambda=0.01
singular matrix error
c1=-10.5, c2=-31.5, d=15.75, lambda=0.0105
c1=-10, c2=-30, d=15, lambda=0.1
singular matrix error
c1=-10.5, c2=-31.5, d=15.75, lambda=0.10500000000000001
c1=-10, c2=-30, d=15, lambda=1
singular matrix error
c1=-10.5, c2=-31.5, d=15.75, lambda=1.05
c1=-10, c2=-30, d=15, lambda=10
singular matrix error
c1=-10.5, c2=-31.5, d=15.75, lambda=10.5
c1=-10, c2=-30, d=20, lambda=0.001
singular matrix error
c1=-10.5, c2=-31.5, d=21.0, lambda=0.0010500000000000002
c1=-10, c2=-30, d=20, lambda=0.01
singular matrix error
c1=-10.5, c2=-31.5, d=21.0, lambda=0.0105
c1=-10, c2=-30, d=20, lambda=0.1
singular matrix error
c1=-10.5, c2=-31.5, d=21.0, lambda=0.10500000000000001
c1=-10, c2=-30, d=20, lambda=1
singular matrix error
c1=-10.5, c2=-31.5, d=21.0, lambda=1.05
c1=-10, c2=-30, d=20, lambda=10
singular matrix error
c1=-10.5, c2=-31.5, d=21.0, lambda=10.5
c1=-10, c2=-27.5, d=-30, lambda=0.001

 Train: 0.7661138771303022 Validation: 0.7424498187920576

c1=-10, c2=-27.5, d=-30, lambda=0.01

 Train: 0.7661138771303022 Validation: 0.7424498187920576

c1=-10, c2=-27.5, d=-30, lambda=0.1

 Train: 0.7661138771303022 Validation: 0.7424498187920576

c1=-10, c2=-27.5, d=-30, lambda=1

 Train: 0.7661138771303022 Validation: 0.7424498187920576

c1=-10, c2=-27.5, d=-30, lambda=10

 Train: 0.7661138771303022 Validation: 0.7424498187920576

c1=-10, c2=-27.5, d=-25, lambda=0.001

 Train: 0.7661138771303022 Validation: 0.7424498187920576

c1=-10, c2=-27.5, d=-25, lambda=0.01

 Train: 0.7661138771303022 Validation: 0.7424498187920576

c1=-10, c2=-27.5, d=-25, lambda=0.1

 Train: 0.7661138771303022 Validation: 0.7424498187920576

c1=-10, c2=-27.5, d=-25, lambda=1

 Train: 0.7661138771303022 Validation: 0.7424498187920576

c1=-10, c2=-27.5, d=-25, lambda=10

 Train: 0.7661138771303022 Validation: 0.7424498187920576

c1=-10, c2=-27.5, d=-20, lambda=0.001

 Train: 0.7661138771303022 Validation: 0.7424498187920576

c1=-10, c2=-27.5, d=-20, lambda=0.01

 Train: 0.7661138771303022 Validation: 0.7424498187920576

c1=-10, c2=-27.5, d=-20, lambda=0.1

 Train: 0.7661138771303022 Validation: 0.7424498187920576

c1=-10, c2=-27.5, d=-20, lambda=1

 Train: 0.7661138771303022 Validation: 0.7424498187920576

c1=-10, c2=-27.5, d=-20, lambda=10

 Train: 0.7661138771303022 Validation: 0.7424498187920576

c1=-10, c2=-27.5, d=-15, lambda=0.001

 Train: 0.7661138771303025 Validation: 0.7424498187920578

c1=-10, c2=-27.5, d=-15, lambda=0.01

 Train: 0.7661138771303022 Validation: 0.7424498187920576

c1=-10, c2=-27.5, d=-15, lambda=0.1

 Train: 0.7661138771303022 Validation: 0.7424498187920576

c1=-10, c2=-27.5, d=-15, lambda=1

 Train: 0.7661138771303022 Validation: 0.7424498187920576

c1=-10, c2=-27.5, d=-15, lambda=10

 Train: 0.7661138771303022 Validation: 0.7424498187920576

c1=-10, c2=-27.5, d=-10, lambda=0.001

 Train: 0.7661138729908217 Validation: 0.7424498145435695

c1=-10, c2=-27.5, d=-10, lambda=0.01

 Train: 0.7661138767163542 Validation: 0.7424498183672087

c1=-10, c2=-27.5, d=-10, lambda=0.1

 Train: 0.7661138770889074 Validation: 0.7424498187495726

c1=-10, c2=-27.5, d=-10, lambda=1

 Train: 0.7661138771261627 Validation: 0.7424498187878091

c1=-10, c2=-27.5, d=-10, lambda=10

 Train: 0.7661138771298883 Validation: 0.7424498187916327

c1=-10, c2=-27.5, d=-5, lambda=0.001

 Train: 0.8513043592098408 Validation: 0.8296156472492804

c1=-10, c2=-27.5, d=-5, lambda=0.01

 Train: 0.7728590851375876 Validation: 0.7493677554457892

c1=-10, c2=-27.5, d=-5, lambda=0.1

 Train: 0.7667741807742176 Validation: 0.7431271700945528

c1=-10, c2=-27.5, d=-5, lambda=1

 Train: 0.7661797681787952 Validation: 0.7425174123764158

c1=-10, c2=-27.5, d=-5, lambda=10

 Train: 0.7661204648447939 Validation: 0.7424565767378577

c1=-10, c2=-27.5, d=0, lambda=0.001

 Train: 0.5555076189466934 Validation: 0.5264812597226138

c1=-10, c2=-27.5, d=0, lambda=0.01

 Train: 0.5555076189496058 Validation: 0.5264812471594592

c1=-10, c2=-27.5, d=0, lambda=0.1

 Train: 0.555507619240874 Validation: 0.5264811217352311

c1=-10, c2=-27.5, d=0, lambda=1

 Train: 0.5555076483495623 Validation: 0.5264798955628145

c1=-10, c2=-27.5, d=0, lambda=10

 Train: 0.5555105411811626 Validation: 0.5264704214376545

c1=-10, c2=-27.5, d=5, lambda=0.001

 Train: 0.07608850457957525 Validation: 0.3079712412138153

c1=-10, c2=-27.5, d=5, lambda=0.01

 Train: 0.07608826501239119 Validation: 0.3079647008623335

c1=-10, c2=-27.5, d=5, lambda=0.1

 Train: 0.07608825789973095 Validation: 0.30796512636297557

c1=-10, c2=-27.5, d=5, lambda=1

 Train: 0.0760882578146375 Validation: 0.30796512469145243

c1=-10, c2=-27.5, d=5, lambda=10

 Train: 0.07608825781394388 Validation: 0.30796514545355796

c1=-10, c2=-27.5, d=10, lambda=0.001
singular matrix error
c1=-10.5, c2=-28.875, d=10.5, lambda=0.0010500000000000002
c1=-10, c2=-27.5, d=10, lambda=0.01
singular matrix error
c1=-10.5, c2=-28.875, d=10.5, lambda=0.0105
c1=-10, c2=-27.5, d=10, lambda=0.1
singular matrix error
c1=-10.5, c2=-28.875, d=10.5, lambda=0.10500000000000001
c1=-10, c2=-27.5, d=10, lambda=1
singular matrix error
c1=-10.5, c2=-28.875, d=10.5, lambda=1.05
c1=-10, c2=-27.5, d=10, lambda=10
singular matrix error
c1=-10.5, c2=-28.875, d=10.5, lambda=10.5
c1=-10, c2=-27.5, d=15, lambda=0.001
singular matrix error
c1=-10.5, c2=-28.875, d=15.75, lambda=0.0010500000000000002
c1=-10, c2=-27.5, d=15, lambda=0.01
singular matrix error
c1=-10.5, c2=-28.875, d=15.75, lambda=0.0105
c1=-10, c2=-27.5, d=15, lambda=0.1
singular matrix error
c1=-10.5, c2=-28.875, d=15.75, lambda=0.10500000000000001
c1=-10, c2=-27.5, d=15, lambda=1
singular matrix error
c1=-10.5, c2=-28.875, d=15.75, lambda=1.05
c1=-10, c2=-27.5, d=15, lambda=10
singular matrix error
c1=-10.5, c2=-28.875, d=15.75, lambda=10.5
c1=-10, c2=-27.5, d=20, lambda=0.001
singular matrix error
c1=-10.5, c2=-28.875, d=21.0, lambda=0.0010500000000000002
c1=-10, c2=-27.5, d=20, lambda=0.01
singular matrix error
c1=-10.5, c2=-28.875, d=21.0, lambda=0.0105
c1=-10, c2=-27.5, d=20, lambda=0.1
singular matrix error
c1=-10.5, c2=-28.875, d=21.0, lambda=0.10500000000000001
c1=-10, c2=-27.5, d=20, lambda=1
singular matrix error
c1=-10.5, c2=-28.875, d=21.0, lambda=1.05
c1=-10, c2=-27.5, d=20, lambda=10
singular matrix error
c1=-10.5, c2=-28.875, d=21.0, lambda=10.5
c1=-10, c2=-25.0, d=-30, lambda=0.001

 Train: 0.7661138771303022 Validation: 0.7424498187920576

c1=-10, c2=-25.0, d=-30, lambda=0.01

 Train: 0.7661138771303022 Validation: 0.7424498187920576

c1=-10, c2=-25.0, d=-30, lambda=0.1

 Train: 0.7661138771303022 Validation: 0.7424498187920576

c1=-10, c2=-25.0, d=-30, lambda=1

 Train: 0.7661138771303022 Validation: 0.7424498187920576

c1=-10, c2=-25.0, d=-30, lambda=10

 Train: 0.7661138771303022 Validation: 0.7424498187920576

c1=-10, c2=-25.0, d=-25, lambda=0.001

 Train: 0.7661138771303022 Validation: 0.7424498187920576

c1=-10, c2=-25.0, d=-25, lambda=0.01

 Train: 0.7661138771303022 Validation: 0.7424498187920576

c1=-10, c2=-25.0, d=-25, lambda=0.1

 Train: 0.7661138771303022 Validation: 0.7424498187920576

c1=-10, c2=-25.0, d=-25, lambda=1

 Train: 0.7661138771303022 Validation: 0.7424498187920576

c1=-10, c2=-25.0, d=-25, lambda=10

 Train: 0.7661138771303022 Validation: 0.7424498187920576

c1=-10, c2=-25.0, d=-20, lambda=0.001

 Train: 0.7661138771303022 Validation: 0.7424498187920576

c1=-10, c2=-25.0, d=-20, lambda=0.01

 Train: 0.7661138771303022 Validation: 0.7424498187920576

c1=-10, c2=-25.0, d=-20, lambda=0.1

 Train: 0.7661138771303022 Validation: 0.7424498187920576

c1=-10, c2=-25.0, d=-20, lambda=1

 Train: 0.7661138771303022 Validation: 0.7424498187920576

c1=-10, c2=-25.0, d=-20, lambda=10

 Train: 0.7661138771303022 Validation: 0.7424498187920576

c1=-10, c2=-25.0, d=-15, lambda=0.001

 Train: 0.7661138771303033 Validation: 0.7424498187920586

c1=-10, c2=-25.0, d=-15, lambda=0.01

 Train: 0.7661138771303023 Validation: 0.7424498187920576

c1=-10, c2=-25.0, d=-15, lambda=0.1

 Train: 0.7661138771303022 Validation: 0.7424498187920576

c1=-10, c2=-25.0, d=-15, lambda=1

 Train: 0.7661138771303022 Validation: 0.7424498187920576

c1=-10, c2=-25.0, d=-15, lambda=10

 Train: 0.7661138771303022 Validation: 0.7424498187920576

c1=-10, c2=-25.0, d=-10, lambda=0.001

 Train: 0.7661138664114607 Validation: 0.7424498077904181

c1=-10, c2=-25.0, d=-10, lambda=0.01

 Train: 0.7661138760584181 Validation: 0.7424498176918936

c1=-10, c2=-25.0, d=-10, lambda=0.1

 Train: 0.7661138770231138 Validation: 0.7424498186820411

c1=-10, c2=-25.0, d=-10, lambda=1

 Train: 0.7661138771195835 Validation: 0.7424498187810559

c1=-10, c2=-25.0, d=-10, lambda=10

 Train: 0.7661138771292304 Validation: 0.7424498187909573

c1=-10, c2=-25.0, d=-5, lambda=0.001

 Train: 0.9308201533115438 Validation: 0.9106480508772081

c1=-10, c2=-25.0, d=-5, lambda=0.01

 Train: 0.7771218260877626 Validation: 0.7537387579693526

c1=-10, c2=-25.0, d=-5, lambda=0.1

 Train: 0.7671773393894451 Validation: 0.7435407936894658

c1=-10, c2=-25.0, d=-5, lambda=1

 Train: 0.7662198620864489 Validation: 0.7425585492400041

c1=-10, c2=-25.0, d=-5, lambda=10

 Train: 0.7661244720249071 Validation: 0.7424606881782133

c1=-10, c2=-25.0, d=0, lambda=0.001

 Train: 0.5555076189466934 Validation: 0.5264812597226138

c1=-10, c2=-25.0, d=0, lambda=0.01

 Train: 0.5555076189496058 Validation: 0.5264812471594592

c1=-10, c2=-25.0, d=0, lambda=0.1

 Train: 0.555507619240874 Validation: 0.5264811217352311

c1=-10, c2=-25.0, d=0, lambda=1

 Train: 0.5555076483495623 Validation: 0.5264798955628145

c1=-10, c2=-25.0, d=0, lambda=10

 Train: 0.5555105411811626 Validation: 0.5264704214376545

c1=-10, c2=-25.0, d=5, lambda=0.001

 Train: 0.07608851355727513 Validation: 0.30984135567735416

c1=-10, c2=-25.0, d=5, lambda=0.01

 Train: 0.07608826392066292 Validation: 0.3098426431818162

c1=-10, c2=-25.0, d=5, lambda=0.1

 Train: 0.0760882578740242 Validation: 0.30984467546671174

c1=-10, c2=-25.0, d=5, lambda=1

 Train: 0.0760882578148969 Validation: 0.3098445441050613

c1=-10, c2=-25.0, d=5, lambda=10

 Train: 0.07608825781408617 Validation: 0.30984455955502843

c1=-10, c2=-25.0, d=10, lambda=0.001
singular matrix error
c1=-10.5, c2=-26.25, d=10.5, lambda=0.0010500000000000002
c1=-10, c2=-25.0, d=10, lambda=0.01
singular matrix error
c1=-10.5, c2=-26.25, d=10.5, lambda=0.0105
c1=-10, c2=-25.0, d=10, lambda=0.1
singular matrix error
c1=-10.5, c2=-26.25, d=10.5, lambda=0.10500000000000001
c1=-10, c2=-25.0, d=10, lambda=1
singular matrix error
c1=-10.5, c2=-26.25, d=10.5, lambda=1.05
c1=-10, c2=-25.0, d=10, lambda=10
singular matrix error
c1=-10.5, c2=-26.25, d=10.5, lambda=10.5
c1=-10, c2=-25.0, d=15, lambda=0.001
singular matrix error
c1=-10.5, c2=-26.25, d=15.75, lambda=0.0010500000000000002
c1=-10, c2=-25.0, d=15, lambda=0.01
singular matrix error
c1=-10.5, c2=-26.25, d=15.75, lambda=0.0105
c1=-10, c2=-25.0, d=15, lambda=0.1
singular matrix error
c1=-10.5, c2=-26.25, d=15.75, lambda=0.10500000000000001
c1=-10, c2=-25.0, d=15, lambda=1
singular matrix error
c1=-10.5, c2=-26.25, d=15.75, lambda=1.05
c1=-10, c2=-25.0, d=15, lambda=10
singular matrix error
c1=-10.5, c2=-26.25, d=15.75, lambda=10.5
c1=-10, c2=-25.0, d=20, lambda=0.001
singular matrix error
c1=-10.5, c2=-26.25, d=21.0, lambda=0.0010500000000000002
c1=-10, c2=-25.0, d=20, lambda=0.01
singular matrix error
c1=-10.5, c2=-26.25, d=21.0, lambda=0.0105
c1=-10, c2=-25.0, d=20, lambda=0.1
singular matrix error
c1=-10.5, c2=-26.25, d=21.0, lambda=0.10500000000000001
c1=-10, c2=-25.0, d=20, lambda=1
singular matrix error
c1=-10.5, c2=-26.25, d=21.0, lambda=1.05
c1=-10, c2=-25.0, d=20, lambda=10
singular matrix error
c1=-10.5, c2=-26.25, d=21.0, lambda=10.5
c1=-10, c2=-22.5, d=-30, lambda=0.001

 Train: 0.7661138771303022 Validation: 0.7424498187920576

c1=-10, c2=-22.5, d=-30, lambda=0.01

 Train: 0.7661138771303022 Validation: 0.7424498187920576

c1=-10, c2=-22.5, d=-30, lambda=0.1

 Train: 0.7661138771303022 Validation: 0.7424498187920576

c1=-10, c2=-22.5, d=-30, lambda=1

 Train: 0.7661138771303022 Validation: 0.7424498187920576

c1=-10, c2=-22.5, d=-30, lambda=10

 Train: 0.7661138771303022 Validation: 0.7424498187920576

c1=-10, c2=-22.5, d=-25, lambda=0.001

 Train: 0.7661138771303022 Validation: 0.7424498187920576

c1=-10, c2=-22.5, d=-25, lambda=0.01

 Train: 0.7661138771303022 Validation: 0.7424498187920576

c1=-10, c2=-22.5, d=-25, lambda=0.1

 Train: 0.7661138771303022 Validation: 0.7424498187920576

c1=-10, c2=-22.5, d=-25, lambda=1

 Train: 0.7661138771303022 Validation: 0.7424498187920576

c1=-10, c2=-22.5, d=-25, lambda=10

 Train: 0.7661138771303022 Validation: 0.7424498187920576

c1=-10, c2=-22.5, d=-20, lambda=0.001

 Train: 0.7661138771303022 Validation: 0.7424498187920576

c1=-10, c2=-22.5, d=-20, lambda=0.01

 Train: 0.7661138771303022 Validation: 0.7424498187920576

c1=-10, c2=-22.5, d=-20, lambda=0.1

 Train: 0.7661138771303022 Validation: 0.7424498187920576

c1=-10, c2=-22.5, d=-20, lambda=1

 Train: 0.7661138771303022 Validation: 0.7424498187920576

c1=-10, c2=-22.5, d=-20, lambda=10

 Train: 0.7661138771303022 Validation: 0.7424498187920576

c1=-10, c2=-22.5, d=-15, lambda=0.001

 Train: 0.7661138771303075 Validation: 0.742449818792063

c1=-10, c2=-22.5, d=-15, lambda=0.01

 Train: 0.7661138771303028 Validation: 0.7424498187920581

c1=-10, c2=-22.5, d=-15, lambda=0.1

 Train: 0.7661138771303023 Validation: 0.7424498187920576

c1=-10, c2=-22.5, d=-15, lambda=1

 Train: 0.7661138771303022 Validation: 0.7424498187920576

c1=-10, c2=-22.5, d=-15, lambda=10

 Train: 0.7661138771303022 Validation: 0.7424498187920576

c1=-10, c2=-22.5, d=-10, lambda=0.001

 Train: 0.7661138464462044 Validation: 0.7424497872968611

c1=-10, c2=-22.5, d=-10, lambda=0.01

 Train: 0.7661138740618922 Validation: 0.7424498156425375

c1=-10, c2=-22.5, d=-10, lambda=0.1

 Train: 0.7661138768234612 Validation: 0.7424498184771056

c1=-10, c2=-22.5, d=-10, lambda=1

 Train: 0.7661138770996182 Validation: 0.7424498187605623

c1=-10, c2=-22.5, d=-10, lambda=10

 Train: 0.7661138771272339 Validation: 0.742449818788908

c1=-10, c2=-22.5, d=-5, lambda=0.001

 Train: 1.1886784129159567 Validation: 1.1719988433619546

c1=-10, c2=-22.5, d=-5, lambda=0.01

 Train: 0.7852388886277872 Validation: 0.7620590341675422

c1=-10, c2=-22.5, d=-5, lambda=0.1

 Train: 0.7679167165461858 Validation: 0.7442993820254755

c1=-10, c2=-22.5, d=-5, lambda=1

 Train: 0.7662931242842196 Validation: 0.7426337218065658

c1=-10, c2=-22.5, d=-5, lambda=10

 Train: 0.7661317915345537 Validation: 0.7424681986175962

c1=-10, c2=-22.5, d=0, lambda=0.001

 Train: 0.5555076189466934 Validation: 0.5264812597226138

c1=-10, c2=-22.5, d=0, lambda=0.01

 Train: 0.5555076189496058 Validation: 0.5264812471594592

c1=-10, c2=-22.5, d=0, lambda=0.1

 Train: 0.555507619240874 Validation: 0.5264811217352311

c1=-10, c2=-22.5, d=0, lambda=1

 Train: 0.5555076483495623 Validation: 0.5264798955628145

c1=-10, c2=-22.5, d=0, lambda=10

 Train: 0.5555105411811626 Validation: 0.5264704214376545

c1=-10, c2=-22.5, d=5, lambda=0.001

 Train: 0.07608835491664613 Validation: 0.31209759895911193

c1=-10, c2=-22.5, d=5, lambda=0.01

 Train: 0.07608826181645341 Validation: 0.3120948694671045

c1=-10, c2=-22.5, d=5, lambda=0.1

 Train: 0.07608825784838265 Validation: 0.3120960193477314

c1=-10, c2=-22.5, d=5, lambda=1

 Train: 0.07608825781441213 Validation: 0.31209606281291014

c1=-10, c2=-22.5, d=5, lambda=10

 Train: 0.07608825781441116 Validation: 0.31209607162009173

c1=-10, c2=-22.5, d=10, lambda=0.001
singular matrix error
c1=-10.5, c2=-23.625, d=10.5, lambda=0.0010500000000000002
c1=-10, c2=-22.5, d=10, lambda=0.01
singular matrix error
c1=-10.5, c2=-23.625, d=10.5, lambda=0.0105
c1=-10, c2=-22.5, d=10, lambda=0.1
singular matrix error
c1=-10.5, c2=-23.625, d=10.5, lambda=0.10500000000000001
c1=-10, c2=-22.5, d=10, lambda=1
singular matrix error
c1=-10.5, c2=-23.625, d=10.5, lambda=1.05
c1=-10, c2=-22.5, d=10, lambda=10
singular matrix error
c1=-10.5, c2=-23.625, d=10.5, lambda=10.5
c1=-10, c2=-22.5, d=15, lambda=0.001
singular matrix error
c1=-10.5, c2=-23.625, d=15.75, lambda=0.0010500000000000002
c1=-10, c2=-22.5, d=15, lambda=0.01
singular matrix error
c1=-10.5, c2=-23.625, d=15.75, lambda=0.0105
c1=-10, c2=-22.5, d=15, lambda=0.1
singular matrix error
c1=-10.5, c2=-23.625, d=15.75, lambda=0.10500000000000001
c1=-10, c2=-22.5, d=15, lambda=1
singular matrix error
c1=-10.5, c2=-23.625, d=15.75, lambda=1.05
c1=-10, c2=-22.5, d=15, lambda=10
singular matrix error
c1=-10.5, c2=-23.625, d=15.75, lambda=10.5
c1=-10, c2=-22.5, d=20, lambda=0.001
singular matrix error
c1=-10.5, c2=-23.625, d=21.0, lambda=0.0010500000000000002
c1=-10, c2=-22.5, d=20, lambda=0.01
singular matrix error
c1=-10.5, c2=-23.625, d=21.0, lambda=0.0105
c1=-10, c2=-22.5, d=20, lambda=0.1
singular matrix error
c1=-10.5, c2=-23.625, d=21.0, lambda=0.10500000000000001
c1=-10, c2=-22.5, d=20, lambda=1
singular matrix error
c1=-10.5, c2=-23.625, d=21.0, lambda=1.05
c1=-10, c2=-22.5, d=20, lambda=10
singular matrix error
c1=-10.5, c2=-23.625, d=21.0, lambda=10.5
c1=-10, c2=-20.0, d=-30, lambda=0.001

 Train: 0.7661138771303022 Validation: 0.7424498187920576

c1=-10, c2=-20.0, d=-30, lambda=0.01

 Train: 0.7661138771303022 Validation: 0.7424498187920576

c1=-10, c2=-20.0, d=-30, lambda=0.1

 Train: 0.7661138771303022 Validation: 0.7424498187920576

c1=-10, c2=-20.0, d=-30, lambda=1

 Train: 0.7661138771303022 Validation: 0.7424498187920576

c1=-10, c2=-20.0, d=-30, lambda=10

 Train: 0.7661138771303022 Validation: 0.7424498187920576

c1=-10, c2=-20.0, d=-25, lambda=0.001

 Train: 0.7661138771303022 Validation: 0.7424498187920576

c1=-10, c2=-20.0, d=-25, lambda=0.01

 Train: 0.7661138771303022 Validation: 0.7424498187920576

c1=-10, c2=-20.0, d=-25, lambda=0.1

 Train: 0.7661138771303022 Validation: 0.7424498187920576

c1=-10, c2=-20.0, d=-25, lambda=1

 Train: 0.7661138771303022 Validation: 0.7424498187920576

c1=-10, c2=-20.0, d=-25, lambda=10

 Train: 0.7661138771303022 Validation: 0.7424498187920576

c1=-10, c2=-20.0, d=-20, lambda=0.001

 Train: 0.7661138771303022 Validation: 0.7424498187920576

c1=-10, c2=-20.0, d=-20, lambda=0.01

 Train: 0.7661138771303022 Validation: 0.7424498187920576

c1=-10, c2=-20.0, d=-20, lambda=0.1

 Train: 0.7661138771303022 Validation: 0.7424498187920576

c1=-10, c2=-20.0, d=-20, lambda=1

 Train: 0.7661138771303022 Validation: 0.7424498187920576

c1=-10, c2=-20.0, d=-20, lambda=10

 Train: 0.7661138771303022 Validation: 0.7424498187920576

c1=-10, c2=-20.0, d=-15, lambda=0.001

 Train: 0.7661138771303331 Validation: 0.7424498187920892

c1=-10, c2=-20.0, d=-15, lambda=0.01

 Train: 0.7661138771303053 Validation: 0.7424498187920607

c1=-10, c2=-20.0, d=-15, lambda=0.1

 Train: 0.7661138771303025 Validation: 0.7424498187920578

c1=-10, c2=-20.0, d=-15, lambda=1

 Train: 0.7661138771303022 Validation: 0.7424498187920576

c1=-10, c2=-20.0, d=-15, lambda=10

 Train: 0.7661138771303022 Validation: 0.7424498187920576

c1=-10, c2=-20.0, d=-10, lambda=0.001

 Train: 0.7661137776983019 Validation: 0.7424497167266392

c1=-10, c2=-20.0, d=-10, lambda=0.01

 Train: 0.7661138671870991 Validation: 0.7424498085855125

c1=-10, c2=-20.0, d=-10, lambda=0.1

 Train: 0.7661138761359819 Validation: 0.742449817771403

c1=-10, c2=-20.0, d=-10, lambda=1

 Train: 0.7661138770308702 Validation: 0.742449818689992

c1=-10, c2=-20.0, d=-10, lambda=10

 Train: 0.766113877120359 Validation: 0.742449818781851

c1=-10, c2=-20.0, d=-5, lambda=0.001

 Train: 5.1976745780316165 Validation: 5.1894856032783165

c1=-10, c2=-20.0, d=-5, lambda=0.01

 Train: 0.8024519474675175 Validation: 0.7796896713633437

c1=-10, c2=-20.0, d=-5, lambda=0.1

 Train: 0.769373442728759 Validation: 0.7457939453406809

c1=-10, c2=-20.0, d=-5, lambda=1

 Train: 0.7664364577385411 Validation: 0.7427808019217466

c1=-10, c2=-20.0, d=-5, lambda=10

 Train: 0.7661461017640212 Validation: 0.7424828831447375

c1=-10, c2=-20.0, d=0, lambda=0.001

 Train: 0.5555076189466934 Validation: 0.5264812597226138

c1=-10, c2=-20.0, d=0, lambda=0.01

 Train: 0.5555076189496058 Validation: 0.5264812471594592

c1=-10, c2=-20.0, d=0, lambda=0.1

 Train: 0.555507619240874 Validation: 0.5264811217352311

c1=-10, c2=-20.0, d=0, lambda=1

 Train: 0.5555076483495623 Validation: 0.5264798955628145

c1=-10, c2=-20.0, d=0, lambda=10

 Train: 0.5555105411811626 Validation: 0.5264704214376545

c1=-10, c2=-20.0, d=5, lambda=0.001

 Train: 0.07608830369173676 Validation: 0.31485345845018253

c1=-10, c2=-20.0, d=5, lambda=0.01

 Train: 0.0760882585095171 Validation: 0.31485007757790284

c1=-10, c2=-20.0, d=5, lambda=0.1

 Train: 0.0760882578557422 Validation: 0.3148508360647021

c1=-10, c2=-20.0, d=5, lambda=1

 Train: 0.07608825781412228 Validation: 0.3148508350463923

c1=-10, c2=-20.0, d=5, lambda=10

 Train: 0.07608825781524285 Validation: 0.3148508599492667

c1=-10, c2=-20.0, d=10, lambda=0.001
singular matrix error
c1=-10.5, c2=-21.0, d=10.5, lambda=0.0010500000000000002
c1=-10, c2=-20.0, d=10, lambda=0.01
singular matrix error
c1=-10.5, c2=-21.0, d=10.5, lambda=0.0105
c1=-10, c2=-20.0, d=10, lambda=0.1
singular matrix error
c1=-10.5, c2=-21.0, d=10.5, lambda=0.10500000000000001
c1=-10, c2=-20.0, d=10, lambda=1
singular matrix error
c1=-10.5, c2=-21.0, d=10.5, lambda=1.05
c1=-10, c2=-20.0, d=10, lambda=10
singular matrix error
c1=-10.5, c2=-21.0, d=10.5, lambda=10.5
c1=-10, c2=-20.0, d=15, lambda=0.001
singular matrix error
c1=-10.5, c2=-21.0, d=15.75, lambda=0.0010500000000000002
c1=-10, c2=-20.0, d=15, lambda=0.01
singular matrix error
c1=-10.5, c2=-21.0, d=15.75, lambda=0.0105
c1=-10, c2=-20.0, d=15, lambda=0.1
singular matrix error
c1=-10.5, c2=-21.0, d=15.75, lambda=0.10500000000000001
c1=-10, c2=-20.0, d=15, lambda=1
singular matrix error
c1=-10.5, c2=-21.0, d=15.75, lambda=1.05
c1=-10, c2=-20.0, d=15, lambda=10
singular matrix error
c1=-10.5, c2=-21.0, d=15.75, lambda=10.5
c1=-10, c2=-20.0, d=20, lambda=0.001
singular matrix error
c1=-10.5, c2=-21.0, d=21.0, lambda=0.0010500000000000002
c1=-10, c2=-20.0, d=20, lambda=0.01
singular matrix error
c1=-10.5, c2=-21.0, d=21.0, lambda=0.0105
c1=-10, c2=-20.0, d=20, lambda=0.1
singular matrix error
c1=-10.5, c2=-21.0, d=21.0, lambda=0.10500000000000001
c1=-10, c2=-20.0, d=20, lambda=1
singular matrix error
c1=-10.5, c2=-21.0, d=21.0, lambda=1.05
c1=-10, c2=-20.0, d=20, lambda=10
singular matrix error
c1=-10.5, c2=-21.0, d=21.0, lambda=10.5
c1=-10, c2=-17.5, d=-30, lambda=0.001

 Train: 0.7661138771303022 Validation: 0.7424498187920576

c1=-10, c2=-17.5, d=-30, lambda=0.01

 Train: 0.7661138771303022 Validation: 0.7424498187920576

c1=-10, c2=-17.5, d=-30, lambda=0.1

 Train: 0.7661138771303022 Validation: 0.7424498187920576

c1=-10, c2=-17.5, d=-30, lambda=1

 Train: 0.7661138771303022 Validation: 0.7424498187920576

c1=-10, c2=-17.5, d=-30, lambda=10

 Train: 0.7661138771303022 Validation: 0.7424498187920576

c1=-10, c2=-17.5, d=-25, lambda=0.001

 Train: 0.7661138771303022 Validation: 0.7424498187920576

c1=-10, c2=-17.5, d=-25, lambda=0.01

 Train: 0.7661138771303022 Validation: 0.7424498187920576

c1=-10, c2=-17.5, d=-25, lambda=0.1

 Train: 0.7661138771303022 Validation: 0.7424498187920576

c1=-10, c2=-17.5, d=-25, lambda=1

 Train: 0.7661138771303022 Validation: 0.7424498187920576

c1=-10, c2=-17.5, d=-25, lambda=10

 Train: 0.7661138771303022 Validation: 0.7424498187920576

c1=-10, c2=-17.5, d=-20, lambda=0.001

 Train: 0.7661138771303022 Validation: 0.7424498187920576

c1=-10, c2=-17.5, d=-20, lambda=0.01

 Train: 0.7661138771303022 Validation: 0.7424498187920576

c1=-10, c2=-17.5, d=-20, lambda=0.1

 Train: 0.7661138771303022 Validation: 0.7424498187920576

c1=-10, c2=-17.5, d=-20, lambda=1

 Train: 0.7661138771303022 Validation: 0.7424498187920576

c1=-10, c2=-17.5, d=-20, lambda=10

 Train: 0.7661138771303022 Validation: 0.7424498187920576

c1=-10, c2=-17.5, d=-15, lambda=0.001

 Train: 0.7661138771305303 Validation: 0.7424498187922917

c1=-10, c2=-17.5, d=-15, lambda=0.01

 Train: 0.7661138771303251 Validation: 0.7424498187920809

c1=-10, c2=-17.5, d=-15, lambda=0.1

 Train: 0.7661138771303045 Validation: 0.74244981879206

c1=-10, c2=-17.5, d=-15, lambda=1

 Train: 0.7661138771303025 Validation: 0.7424498187920578

c1=-10, c2=-17.5, d=-15, lambda=10

 Train: 0.7661138771303022 Validation: 0.7424498187920576

c1=-10, c2=-17.5, d=-10, lambda=0.001

 Train: 0.7661135000752222 Validation: 0.7424494317320758

c1=-10, c2=-17.5, d=-10, lambda=0.01

 Train: 0.766113839424748 Validation: 0.7424497800860124

c1=-10, c2=-17.5, d=-10, lambda=0.1

 Train: 0.7661138733597463 Validation: 0.7424498149214526

c1=-10, c2=-17.5, d=-10, lambda=1

 Train: 0.7661138767532467 Validation: 0.742449818404997

c1=-10, c2=-17.5, d=-10, lambda=10

 Train: 0.7661138770925967 Validation: 0.7424498187533515

c1=-10, c2=-17.5, d=-5, lambda=0.001

 Train: 0.8914668347824621 Validation: 0.8763596393709908

c1=-10, c2=-17.5, d=-5, lambda=0.01

 Train: 0.8461903676678318 Validation: 0.824410834342667

c1=-10, c2=-17.5, d=-5, lambda=0.1

 Train: 0.7725258091212615 Validation: 0.749027898816809

c1=-10, c2=-17.5, d=-5, lambda=1

 Train: 0.7667421362383453 Validation: 0.7430944889643378

c1=-10, c2=-17.5, d=-5, lambda=10

 Train: 0.7661765761780939 Validation: 0.7425141569276278

c1=-10, c2=-17.5, d=0, lambda=0.001

 Train: 0.5555076189466934 Validation: 0.5264812597226138

c1=-10, c2=-17.5, d=0, lambda=0.01

 Train: 0.5555076189496058 Validation: 0.5264812471594592

c1=-10, c2=-17.5, d=0, lambda=0.1

 Train: 0.555507619240874 Validation: 0.5264811217352311

c1=-10, c2=-17.5, d=0, lambda=1

 Train: 0.5555076483495623 Validation: 0.5264798955628145

c1=-10, c2=-17.5, d=0, lambda=10

 Train: 0.5555105411811626 Validation: 0.5264704214376545

c1=-10, c2=-17.5, d=5, lambda=0.001

 Train: 0.07608833461094465 Validation: 0.31830357011272

c1=-10, c2=-17.5, d=5, lambda=0.01

 Train: 0.07608825928776451 Validation: 0.3183085303379779

c1=-10, c2=-17.5, d=5, lambda=0.1

 Train: 0.0760882578384501 Validation: 0.3183084311674556

c1=-10, c2=-17.5, d=5, lambda=1

 Train: 0.07608825781407932 Validation: 0.31830847346277735

c1=-10, c2=-17.5, d=5, lambda=10

 Train: 0.07608825781760005 Validation: 0.31830850909925174

c1=-10, c2=-17.5, d=10, lambda=0.001
singular matrix error
c1=-10.5, c2=-18.375, d=10.5, lambda=0.0010500000000000002
c1=-10, c2=-17.5, d=10, lambda=0.01
singular matrix error
c1=-10.5, c2=-18.375, d=10.5, lambda=0.0105
c1=-10, c2=-17.5, d=10, lambda=0.1
singular matrix error
c1=-10.5, c2=-18.375, d=10.5, lambda=0.10500000000000001
c1=-10, c2=-17.5, d=10, lambda=1

 Train: 6.578705866941846e+29 Validation: 6.266444250360275e+27

c1=-10, c2=-17.5, d=10, lambda=10

 Train: 5.49014020974381e+31 Validation: 1.159968281707346e+26

c1=-10, c2=-17.5, d=15, lambda=0.001
singular matrix error
c1=-10.5, c2=-18.375, d=15.75, lambda=0.0010500000000000002
c1=-10, c2=-17.5, d=15, lambda=0.01
singular matrix error
c1=-10.5, c2=-18.375, d=15.75, lambda=0.0105
c1=-10, c2=-17.5, d=15, lambda=0.1
singular matrix error
c1=-10.5, c2=-18.375, d=15.75, lambda=0.10500000000000001
c1=-10, c2=-17.5, d=15, lambda=1
singular matrix error
c1=-10.5, c2=-18.375, d=15.75, lambda=1.05
c1=-10, c2=-17.5, d=15, lambda=10
singular matrix error
c1=-10.5, c2=-18.375, d=15.75, lambda=10.5
c1=-10, c2=-17.5, d=20, lambda=0.001
singular matrix error
c1=-10.5, c2=-18.375, d=21.0, lambda=0.0010500000000000002
c1=-10, c2=-17.5, d=20, lambda=0.01
singular matrix error
c1=-10.5, c2=-18.375, d=21.0, lambda=0.0105
c1=-10, c2=-17.5, d=20, lambda=0.1
singular matrix error
c1=-10.5, c2=-18.375, d=21.0, lambda=0.10500000000000001
c1=-10, c2=-17.5, d=20, lambda=1
singular matrix error
c1=-10.5, c2=-18.375, d=21.0, lambda=1.05
c1=-10, c2=-17.5, d=20, lambda=10
singular matrix error
c1=-10.5, c2=-18.375, d=21.0, lambda=10.5
c1=-10, c2=-15.0, d=-30, lambda=0.001

 Train: 0.7661138771303022 Validation: 0.7424498187920576

c1=-10, c2=-15.0, d=-30, lambda=0.01

 Train: 0.7661138771303022 Validation: 0.7424498187920576

c1=-10, c2=-15.0, d=-30, lambda=0.1

 Train: 0.7661138771303022 Validation: 0.7424498187920576

c1=-10, c2=-15.0, d=-30, lambda=1

 Train: 0.7661138771303022 Validation: 0.7424498187920576

c1=-10, c2=-15.0, d=-30, lambda=10

 Train: 0.7661138771303022 Validation: 0.7424498187920576

c1=-10, c2=-15.0, d=-25, lambda=0.001

 Train: 0.7661138771303022 Validation: 0.7424498187920576

c1=-10, c2=-15.0, d=-25, lambda=0.01

 Train: 0.7661138771303022 Validation: 0.7424498187920576

c1=-10, c2=-15.0, d=-25, lambda=0.1

 Train: 0.7661138771303022 Validation: 0.7424498187920576

c1=-10, c2=-15.0, d=-25, lambda=1

 Train: 0.7661138771303022 Validation: 0.7424498187920576

c1=-10, c2=-15.0, d=-25, lambda=10

 Train: 0.7661138771303022 Validation: 0.7424498187920576

c1=-10, c2=-15.0, d=-20, lambda=0.001

 Train: 0.7661138771303022 Validation: 0.7424498187920576

c1=-10, c2=-15.0, d=-20, lambda=0.01

 Train: 0.7661138771303022 Validation: 0.7424498187920576

c1=-10, c2=-15.0, d=-20, lambda=0.1

 Train: 0.7661138771303022 Validation: 0.7424498187920576

c1=-10, c2=-15.0, d=-20, lambda=1

 Train: 0.7661138771303022 Validation: 0.7424498187920576

c1=-10, c2=-15.0, d=-20, lambda=10

 Train: 0.7661138771303022 Validation: 0.7424498187920576

c1=-10, c2=-15.0, d=-15, lambda=0.001

 Train: 0.766113877132598 Validation: 0.7424498187944144

c1=-10, c2=-15.0, d=-15, lambda=0.01

 Train: 0.7661138771305318 Validation: 0.7424498187922932

c1=-10, c2=-15.0, d=-15, lambda=0.1

 Train: 0.7661138771303253 Validation: 0.742449818792081

c1=-10, c2=-15.0, d=-15, lambda=1

 Train: 0.7661138771303045 Validation: 0.74244981879206

c1=-10, c2=-15.0, d=-15, lambda=10

 Train: 0.7661138771303025 Validation: 0.7424498187920578

c1=-10, c2=-15.0, d=-10, lambda=0.001

 Train: 0.7661121205573499 Validation: 0.7424480155277768

c1=-10, c2=-15.0, d=-10, lambda=0.01

 Train: 0.7661137014720026 Validation: 0.7424496384646093

c1=-10, c2=-15.0, d=-10, lambda=0.1

 Train: 0.7661138595644622 Validation: 0.7424498007593024

c1=-10, c2=-15.0, d=-10, lambda=1

 Train: 0.7661138753737181 Validation: 0.7424498169887819

c1=-10, c2=-15.0, d=-10, lambda=10

 Train: 0.7661138769546438 Validation: 0.74244981861173

c1=-10, c2=-15.0, d=-5, lambda=0.001

 Train: 0.5680348660423739 Validation: 0.5426303377831789

c1=-10, c2=-15.0, d=-5, lambda=0.01

 Train: 1.0113938525298312 Validation: 0.9925309800711334

c1=-10, c2=-15.0, d=-5, lambda=0.1

 Train: 0.7803114616598061 Validation: 0.7570125829598627

c1=-10, c2=-15.0, d=-5, lambda=1

 Train: 0.7674718634477551 Validation: 0.7438433653010811

c1=-10, c2=-15.0, d=-5, lambda=10

 Train: 0.7662490835380878 Validation: 0.7425885718289785

c1=-10, c2=-15.0, d=0, lambda=0.001

 Train: 0.5555076189466934 Validation: 0.5264812597226138

c1=-10, c2=-15.0, d=0, lambda=0.01

 Train: 0.5555076189496058 Validation: 0.5264812471594592

c1=-10, c2=-15.0, d=0, lambda=0.1

 Train: 0.555507619240874 Validation: 0.5264811217352311

c1=-10, c2=-15.0, d=0, lambda=1

 Train: 0.5555076483495623 Validation: 0.5264798955628145

c1=-10, c2=-15.0, d=0, lambda=10

 Train: 0.5555105411811626 Validation: 0.5264704214376545

c1=-10, c2=-15.0, d=5, lambda=0.001

 Train: 0.07608829290501168 Validation: 0.32278034526902993

c1=-10, c2=-15.0, d=5, lambda=0.01

 Train: 0.07608825798671127 Validation: 0.3227815381805504

c1=-10, c2=-15.0, d=5, lambda=0.1

 Train: 0.07608825782268668 Validation: 0.32278170636965164

c1=-10, c2=-15.0, d=5, lambda=1

 Train: 0.07608825781417883 Validation: 0.32278169240560817

c1=-10, c2=-15.0, d=5, lambda=10

 Train: 0.07608825782531344 Validation: 0.3227817600758693

c1=-10, c2=-15.0, d=10, lambda=0.001
singular matrix error
c1=-10.5, c2=-15.75, d=10.5, lambda=0.0010500000000000002
c1=-10, c2=-15.0, d=10, lambda=0.01
singular matrix error
c1=-10.5, c2=-15.75, d=10.5, lambda=0.0105
c1=-10, c2=-15.0, d=10, lambda=0.1
singular matrix error
c1=-10.5, c2=-15.75, d=10.5, lambda=0.10500000000000001
c1=-10, c2=-15.0, d=10, lambda=1
singular matrix error
c1=-10.5, c2=-15.75, d=10.5, lambda=1.05
c1=-10, c2=-15.0, d=10, lambda=10
singular matrix error
c1=-10.5, c2=-15.75, d=10.5, lambda=10.5
c1=-10, c2=-15.0, d=15, lambda=0.001
singular matrix error
c1=-10.5, c2=-15.75, d=15.75, lambda=0.0010500000000000002
c1=-10, c2=-15.0, d=15, lambda=0.01
singular matrix error
c1=-10.5, c2=-15.75, d=15.75, lambda=0.0105
c1=-10, c2=-15.0, d=15, lambda=0.1
singular matrix error
c1=-10.5, c2=-15.75, d=15.75, lambda=0.10500000000000001
c1=-10, c2=-15.0, d=15, lambda=1
singular matrix error
c1=-10.5, c2=-15.75, d=15.75, lambda=1.05
c1=-10, c2=-15.0, d=15, lambda=10
singular matrix error
c1=-10.5, c2=-15.75, d=15.75, lambda=10.5
c1=-10, c2=-15.0, d=20, lambda=0.001
singular matrix error
c1=-10.5, c2=-15.75, d=21.0, lambda=0.0010500000000000002
c1=-10, c2=-15.0, d=20, lambda=0.01
singular matrix error
c1=-10.5, c2=-15.75, d=21.0, lambda=0.0105
c1=-10, c2=-15.0, d=20, lambda=0.1
singular matrix error
c1=-10.5, c2=-15.75, d=21.0, lambda=0.10500000000000001
c1=-10, c2=-15.0, d=20, lambda=1
singular matrix error
c1=-10.5, c2=-15.75, d=21.0, lambda=1.05
c1=-10, c2=-15.0, d=20, lambda=10
singular matrix error
c1=-10.5, c2=-15.75, d=21.0, lambda=10.5
c1=-10, c2=-12.5, d=-30, lambda=0.001

 Train: 0.7661138771303022 Validation: 0.7424498187920576

c1=-10, c2=-12.5, d=-30, lambda=0.01

 Train: 0.7661138771303022 Validation: 0.7424498187920576

c1=-10, c2=-12.5, d=-30, lambda=0.1

 Train: 0.7661138771303022 Validation: 0.7424498187920576

c1=-10, c2=-12.5, d=-30, lambda=1

 Train: 0.7661138771303022 Validation: 0.7424498187920576

c1=-10, c2=-12.5, d=-30, lambda=10

 Train: 0.7661138771303022 Validation: 0.7424498187920576

c1=-10, c2=-12.5, d=-25, lambda=0.001

 Train: 0.7661138771303022 Validation: 0.7424498187920576

c1=-10, c2=-12.5, d=-25, lambda=0.01

 Train: 0.7661138771303022 Validation: 0.7424498187920576

c1=-10, c2=-12.5, d=-25, lambda=0.1

 Train: 0.7661138771303022 Validation: 0.7424498187920576

c1=-10, c2=-12.5, d=-25, lambda=1

 Train: 0.7661138771303022 Validation: 0.7424498187920576

c1=-10, c2=-12.5, d=-25, lambda=10

 Train: 0.7661138771303022 Validation: 0.7424498187920576

c1=-10, c2=-12.5, d=-20, lambda=0.001

 Train: 0.7661138771303021 Validation: 0.7424498187920574

c1=-10, c2=-12.5, d=-20, lambda=0.01

 Train: 0.7661138771303022 Validation: 0.7424498187920576

c1=-10, c2=-12.5, d=-20, lambda=0.1

 Train: 0.7661138771303022 Validation: 0.7424498187920576

c1=-10, c2=-12.5, d=-20, lambda=1

 Train: 0.7661138771303022 Validation: 0.7424498187920576

c1=-10, c2=-12.5, d=-20, lambda=10

 Train: 0.7661138771303022 Validation: 0.7424498187920576

c1=-10, c2=-12.5, d=-15, lambda=0.001

 Train: 0.76611387716556 Validation: 0.7424498188282553

c1=-10, c2=-12.5, d=-15, lambda=0.01

 Train: 0.7661138771338281 Validation: 0.7424498187956773

c1=-10, c2=-12.5, d=-15, lambda=0.1

 Train: 0.7661138771306548 Validation: 0.7424498187924194

c1=-10, c2=-12.5, d=-15, lambda=1

 Train: 0.7661138771303376 Validation: 0.7424498187920938

c1=-10, c2=-12.5, d=-15, lambda=10

 Train: 0.7661138771303059 Validation: 0.7424498187920611

c1=-10, c2=-12.5, d=-10, lambda=0.001

 Train: 0.7661030367971765 Validation: 0.7424386898759838

c1=-10, c2=-12.5, d=-10, lambda=0.01

 Train: 0.7661127930586784 Validation: 0.742448705861538

c1=-10, c2=-12.5, d=-10, lambda=0.1

 Train: 0.7661137687227567 Validation: 0.7424497074986165

c1=-10, c2=-12.5, d=-10, lambda=1

 Train: 0.7661138662895439 Validation: 0.7424498076627095

c1=-10, c2=-12.5, d=-10, lambda=10

 Train: 0.7661138760462264 Validation: 0.7424498176791227

c1=-10, c2=-12.5, d=-5, lambda=0.001

 Train: 0.5115589133650574 Validation: 0.4858209795056504

c1=-10, c2=-12.5, d=-5, lambda=0.01

 Train: 8.34283164260704 Validation: 8.333595478993567

c1=-10, c2=-12.5, d=-5, lambda=0.1

 Train: 0.8041403382490937 Validation: 0.781426340574317

c1=-10, c2=-12.5, d=-5, lambda=1

 Train: 0.7695069945302248 Validation: 0.7459318610824253

c1=-10, c2=-12.5, d=-5, lambda=10

 Train: 0.7664495116312784 Validation: 0.7427942878468795

c1=-10, c2=-12.5, d=0, lambda=0.001

 Train: 0.5555076189466934 Validation: 0.5264812597226138

c1=-10, c2=-12.5, d=0, lambda=0.01

 Train: 0.5555076189496058 Validation: 0.5264812471594592

c1=-10, c2=-12.5, d=0, lambda=0.1

 Train: 0.555507619240874 Validation: 0.5264811217352311

c1=-10, c2=-12.5, d=0, lambda=1

 Train: 0.5555076483495623 Validation: 0.5264798955628145

c1=-10, c2=-12.5, d=0, lambda=10

 Train: 0.5555105411811626 Validation: 0.5264704214376545

c1=-10, c2=-12.5, d=5, lambda=0.001

 Train: 0.07608826208151064 Validation: 0.3287701254756091

c1=-10, c2=-12.5, d=5, lambda=0.01

 Train: 0.07608825849699141 Validation: 0.3287704001582154

c1=-10, c2=-12.5, d=5, lambda=0.1

 Train: 0.07608825781780729 Validation: 0.32877044975443803

c1=-10, c2=-12.5, d=5, lambda=1

 Train: 0.0760882578142889 Validation: 0.32877046399476534

c1=-10, c2=-12.5, d=5, lambda=10

 Train: 0.07608825785588819 Validation: 0.3287705958427381

c1=-10, c2=-12.5, d=10, lambda=0.001
singular matrix error
c1=-10.5, c2=-13.125, d=10.5, lambda=0.0010500000000000002
c1=-10, c2=-12.5, d=10, lambda=0.01
singular matrix error
c1=-10.5, c2=-13.125, d=10.5, lambda=0.0105
c1=-10, c2=-12.5, d=10, lambda=0.1
singular matrix error
c1=-10.5, c2=-13.125, d=10.5, lambda=0.10500000000000001
c1=-10, c2=-12.5, d=10, lambda=1
singular matrix error
c1=-10.5, c2=-13.125, d=10.5, lambda=1.05
c1=-10, c2=-12.5, d=10, lambda=10

 Train: 9.783756643725961e+25 Validation: 4.061264343622444e+23

c1=-10, c2=-12.5, d=15, lambda=0.001
singular matrix error
c1=-10.5, c2=-13.125, d=15.75, lambda=0.0010500000000000002
c1=-10, c2=-12.5, d=15, lambda=0.01
singular matrix error
c1=-10.5, c2=-13.125, d=15.75, lambda=0.0105
c1=-10, c2=-12.5, d=15, lambda=0.1
singular matrix error
c1=-10.5, c2=-13.125, d=15.75, lambda=0.10500000000000001
c1=-10, c2=-12.5, d=15, lambda=1
singular matrix error
c1=-10.5, c2=-13.125, d=15.75, lambda=1.05
c1=-10, c2=-12.5, d=15, lambda=10
singular matrix error
c1=-10.5, c2=-13.125, d=15.75, lambda=10.5
c1=-10, c2=-12.5, d=20, lambda=0.001
singular matrix error
c1=-10.5, c2=-13.125, d=21.0, lambda=0.0010500000000000002
c1=-10, c2=-12.5, d=20, lambda=0.01
singular matrix error
c1=-10.5, c2=-13.125, d=21.0, lambda=0.0105
c1=-10, c2=-12.5, d=20, lambda=0.1
singular matrix error
c1=-10.5, c2=-13.125, d=21.0, lambda=0.10500000000000001
c1=-10, c2=-12.5, d=20, lambda=1
singular matrix error
c1=-10.5, c2=-13.125, d=21.0, lambda=1.05
c1=-10, c2=-12.5, d=20, lambda=10
singular matrix error
c1=-10.5, c2=-13.125, d=21.0, lambda=10.5
c1=-10, c2=-10.0, d=-30, lambda=0.001

 Train: 0.7661138771303022 Validation: 0.7424498187920576

c1=-10, c2=-10.0, d=-30, lambda=0.01

 Train: 0.7661138771303022 Validation: 0.7424498187920576

c1=-10, c2=-10.0, d=-30, lambda=0.1

 Train: 0.7661138771303022 Validation: 0.7424498187920576

c1=-10, c2=-10.0, d=-30, lambda=1

 Train: 0.7661138771303022 Validation: 0.7424498187920576

c1=-10, c2=-10.0, d=-30, lambda=10

 Train: 0.7661138771303022 Validation: 0.7424498187920576

c1=-10, c2=-10.0, d=-25, lambda=0.001

 Train: 0.7661138771303022 Validation: 0.7424498187920576

c1=-10, c2=-10.0, d=-25, lambda=0.01

 Train: 0.7661138771303022 Validation: 0.7424498187920576

c1=-10, c2=-10.0, d=-25, lambda=0.1

 Train: 0.7661138771303022 Validation: 0.7424498187920576

c1=-10, c2=-10.0, d=-25, lambda=1

 Train: 0.7661138771303022 Validation: 0.7424498187920576

c1=-10, c2=-10.0, d=-25, lambda=10

 Train: 0.7661138771303022 Validation: 0.7424498187920576

c1=-10, c2=-10.0, d=-20, lambda=0.001

 Train: 0.7661138771302923 Validation: 0.7424498187920473

c1=-10, c2=-10.0, d=-20, lambda=0.01

 Train: 0.7661138771303012 Validation: 0.7424498187920565

c1=-10, c2=-10.0, d=-20, lambda=0.1

 Train: 0.7661138771303021 Validation: 0.7424498187920574

c1=-10, c2=-10.0, d=-20, lambda=1

 Train: 0.7661138771303022 Validation: 0.7424498187920576

c1=-10, c2=-10.0, d=-20, lambda=10

 Train: 0.7661138771303022 Validation: 0.7424498187920576

c1=-10, c2=-10.0, d=-15, lambda=0.001

 Train: 0.7661138781285733 Validation: 0.7424498198169396

c1=-10, c2=-10.0, d=-15, lambda=0.01

 Train: 0.7661138772301294 Validation: 0.7424498188945458

c1=-10, c2=-10.0, d=-15, lambda=0.1

 Train: 0.7661138771402849 Validation: 0.7424498188023063

c1=-10, c2=-10.0, d=-15, lambda=1

 Train: 0.7661138771313005 Validation: 0.7424498187930824

c1=-10, c2=-10.0, d=-15, lambda=10

 Train: 0.766113877130402 Validation: 0.74244981879216

c1=-10, c2=-10.0, d=-10, lambda=0.001

 Train: 0.7660133513953977 Validation: 0.7423466137703492

c1=-10, c2=-10.0, d=-10, lambda=0.01

 Train: 0.7661038212556244 Validation: 0.7424394949370178

c1=-10, c2=-10.0, d=-10, lambda=0.1

 Train: 0.7661128715098124 Validation: 0.7424487863730146

c1=-10, c2=-10.0, d=-10, lambda=1

 Train: 0.766113776567923 Validation: 0.7424497155498179

c1=-10, c2=-10.0, d=-10, lambda=10

 Train: 0.766113867074061 Validation: 0.7424498084678302

c1=-10, c2=-10.0, d=-5, lambda=0.001

 Train: 0.4473080361655152 Validation: 0.42487855086026965

c1=-10, c2=-10.0, d=-5, lambda=0.01

 Train: 0.6085681655835746 Validation: 0.584866081453869

c1=-10, c2=-10.0, d=-5, lambda=0.1

 Train: 0.9221566224164973 Validation: 0.9018685592368146

c1=-10, c2=-10.0, d=-5, lambda=1

 Train: 0.776690913259139 Validation: 0.7533022714911692

c1=-10, c2=-10.0, d=-5, lambda=10

 Train: 0.7671366970387322 Validation: 0.7434996395184389

c1=-10, c2=-10.0, d=0, lambda=0.001

 Train: 0.5555076189466934 Validation: 0.5264812597226138

c1=-10, c2=-10.0, d=0, lambda=0.01

 Train: 0.5555076189496058 Validation: 0.5264812471594592

c1=-10, c2=-10.0, d=0, lambda=0.1

 Train: 0.555507619240874 Validation: 0.5264811217352311

c1=-10, c2=-10.0, d=0, lambda=1

 Train: 0.5555076483495623 Validation: 0.5264798955628145

c1=-10, c2=-10.0, d=0, lambda=10

 Train: 0.5555105411811626 Validation: 0.5264704214376545

c1=-10, c2=-10.0, d=5, lambda=0.001

 Train: 0.07608826141283212 Validation: 0.33706999348611805

c1=-10, c2=-10.0, d=5, lambda=0.01

 Train: 0.07608825789188142 Validation: 0.33706993075044245

c1=-10, c2=-10.0, d=5, lambda=0.1

 Train: 0.07608825781568121 Validation: 0.33706990906411255

c1=-10, c2=-10.0, d=5, lambda=1

 Train: 0.07608825781585468 Validation: 0.33706993545554265

c1=-10, c2=-10.0, d=5, lambda=10

 Train: 0.07608825801461593 Validation: 0.3370702370158612

c1=-10, c2=-10.0, d=10, lambda=0.001
singular matrix error
c1=-10.5, c2=-10.5, d=10.5, lambda=0.0010500000000000002
c1=-10, c2=-10.0, d=10, lambda=0.01
singular matrix error
c1=-10.5, c2=-10.5, d=10.5, lambda=0.0105
c1=-10, c2=-10.0, d=10, lambda=0.1
singular matrix error
c1=-10.5, c2=-10.5, d=10.5, lambda=0.10500000000000001
c1=-10, c2=-10.0, d=10, lambda=1
singular matrix error
c1=-10.5, c2=-10.5, d=10.5, lambda=1.05
c1=-10, c2=-10.0, d=10, lambda=10
singular matrix error
c1=-10.5, c2=-10.5, d=10.5, lambda=10.5
c1=-10, c2=-10.0, d=15, lambda=0.001
singular matrix error
c1=-10.5, c2=-10.5, d=15.75, lambda=0.0010500000000000002
c1=-10, c2=-10.0, d=15, lambda=0.01
singular matrix error
c1=-10.5, c2=-10.5, d=15.75, lambda=0.0105
c1=-10, c2=-10.0, d=15, lambda=0.1
singular matrix error
c1=-10.5, c2=-10.5, d=15.75, lambda=0.10500000000000001
c1=-10, c2=-10.0, d=15, lambda=1
singular matrix error
c1=-10.5, c2=-10.5, d=15.75, lambda=1.05
c1=-10, c2=-10.0, d=15, lambda=10
singular matrix error
c1=-10.5, c2=-10.5, d=15.75, lambda=10.5
c1=-10, c2=-10.0, d=20, lambda=0.001
singular matrix error
c1=-10.5, c2=-10.5, d=21.0, lambda=0.0010500000000000002
c1=-10, c2=-10.0, d=20, lambda=0.01
singular matrix error
c1=-10.5, c2=-10.5, d=21.0, lambda=0.0105
c1=-10, c2=-10.0, d=20, lambda=0.1
singular matrix error
c1=-10.5, c2=-10.5, d=21.0, lambda=0.10500000000000001
c1=-10, c2=-10.0, d=20, lambda=1
singular matrix error
c1=-10.5, c2=-10.5, d=21.0, lambda=1.05
c1=-10, c2=-10.0, d=20, lambda=10
singular matrix error
c1=-10.5, c2=-10.5, d=21.0, lambda=10.5
c1=-10, c2=-7.5, d=-30, lambda=0.001

 Train: 0.7661138771303022 Validation: 0.7424498187920576

c1=-10, c2=-7.5, d=-30, lambda=0.01

 Train: 0.7661138771303022 Validation: 0.7424498187920576

c1=-10, c2=-7.5, d=-30, lambda=0.1

 Train: 0.7661138771303022 Validation: 0.7424498187920576

c1=-10, c2=-7.5, d=-30, lambda=1

 Train: 0.7661138771303022 Validation: 0.7424498187920576

c1=-10, c2=-7.5, d=-30, lambda=10

 Train: 0.7661138771303022 Validation: 0.7424498187920576

c1=-10, c2=-7.5, d=-25, lambda=0.001

 Train: 0.7661138771303023 Validation: 0.7424498187920576

c1=-10, c2=-7.5, d=-25, lambda=0.01

 Train: 0.7661138771303022 Validation: 0.7424498187920576

c1=-10, c2=-7.5, d=-25, lambda=0.1

 Train: 0.7661138771303022 Validation: 0.7424498187920576

c1=-10, c2=-7.5, d=-25, lambda=1

 Train: 0.7661138771303022 Validation: 0.7424498187920576

c1=-10, c2=-7.5, d=-25, lambda=10

 Train: 0.7661138771303022 Validation: 0.7424498187920576

c1=-10, c2=-7.5, d=-20, lambda=0.001

 Train: 0.7661138771271833 Validation: 0.7424498187888554

c1=-10, c2=-7.5, d=-20, lambda=0.01

 Train: 0.7661138771299902 Validation: 0.7424498187917373

c1=-10, c2=-7.5, d=-20, lambda=0.1

 Train: 0.766113877130271 Validation: 0.7424498187920254

c1=-10, c2=-7.5, d=-20, lambda=1

 Train: 0.7661138771302992 Validation: 0.7424498187920543

c1=-10, c2=-7.5, d=-20, lambda=10

 Train: 0.7661138771303019 Validation: 0.7424498187920572

c1=-10, c2=-7.5, d=-15, lambda=0.001

 Train: 0.7661139514824447 Validation: 0.7424498951248956

c1=-10, c2=-7.5, d=-15, lambda=0.01

 Train: 0.7661138845655147 Validation: 0.7424498264253395

c1=-10, c2=-7.5, d=-15, lambda=0.1

 Train: 0.7661138778738235 Validation: 0.7424498195553857

c1=-10, c2=-7.5, d=-15, lambda=1

 Train: 0.7661138772046544 Validation: 0.7424498188683903

c1=-10, c2=-7.5, d=-15, lambda=10

 Train: 0.7661138771377374 Validation: 0.7424498187996909

c1=-10, c2=-7.5, d=-10, lambda=0.001

 Train: 0.7643484419158321 Validation: 0.7406371967630975

c1=-10, c2=-7.5, d=-10, lambda=0.01

 Train: 0.7659363070291814 Validation: 0.7422675139093925

c1=-10, c2=-7.5, d=-10, lambda=0.1

 Train: 0.7660961097982472 Validation: 0.7424315778204391

c1=-10, c2=-7.5, d=-10, lambda=1

 Train: 0.7661121002938209 Validation: 0.7424479945900054

c1=-10, c2=-7.5, d=-10, lambda=10

 Train: 0.7661136994456212 Validation: 0.7424496363708033

c1=-10, c2=-7.5, d=-5, lambda=0.001

 Train: 0.3705045731688049 Validation: 0.3501329871064512

c1=-10, c2=-7.5, d=-5, lambda=0.01

 Train: 0.49266668625237037 Validation: 0.46737639093049577

c1=-10, c2=-7.5, d=-5, lambda=0.1

 Train: 2.7357333687308594 Validation: 2.7311429505431435

c1=-10, c2=-7.5, d=-5, lambda=1

 Train: 0.8164330811699775 Validation: 0.7940132619545285

c1=-10, c2=-7.5, d=-5, lambda=10

 Train: 0.7704532280106293 Validation: 0.7469036005493972

c1=-10, c2=-7.5, d=0, lambda=0.001

 Train: 0.5555076189466934 Validation: 0.5264812597226138

c1=-10, c2=-7.5, d=0, lambda=0.01

 Train: 0.5555076189496058 Validation: 0.5264812471594592

c1=-10, c2=-7.5, d=0, lambda=0.1

 Train: 0.555507619240874 Validation: 0.5264811217352311

c1=-10, c2=-7.5, d=0, lambda=1

 Train: 0.5555076483495623 Validation: 0.5264798955628145

c1=-10, c2=-7.5, d=0, lambda=10

 Train: 0.5555105411811626 Validation: 0.5264704214376545

c1=-10, c2=-7.5, d=5, lambda=0.001

 Train: 0.07608826033936342 Validation: 0.34886010278182195

c1=-10, c2=-7.5, d=5, lambda=0.01

 Train: 0.07608825792632395 Validation: 0.34886026691008115

c1=-10, c2=-7.5, d=5, lambda=0.1

 Train: 0.0760882578151233 Validation: 0.34886028772717204

c1=-10, c2=-7.5, d=5, lambda=1

 Train: 0.07608825782820199 Validation: 0.34886037620866206

c1=-10, c2=-7.5, d=5, lambda=10

 Train: 0.07608825925418294 Validation: 0.3488612550418134

c1=-10, c2=-7.5, d=10, lambda=0.001
singular matrix error
c1=-10.5, c2=-7.875, d=10.5, lambda=0.0010500000000000002
c1=-10, c2=-7.5, d=10, lambda=0.01
singular matrix error
c1=-10.5, c2=-7.875, d=10.5, lambda=0.0105
c1=-10, c2=-7.5, d=10, lambda=0.1
singular matrix error
c1=-10.5, c2=-7.875, d=10.5, lambda=0.10500000000000001
c1=-10, c2=-7.5, d=10, lambda=1
singular matrix error
c1=-10.5, c2=-7.875, d=10.5, lambda=1.05
c1=-10, c2=-7.5, d=10, lambda=10

 Train: 1.5831176195618728e+30 Validation: 8.709663192594533e+23

c1=-10, c2=-7.5, d=15, lambda=0.001
singular matrix error
c1=-10.5, c2=-7.875, d=15.75, lambda=0.0010500000000000002
c1=-10, c2=-7.5, d=15, lambda=0.01
singular matrix error
c1=-10.5, c2=-7.875, d=15.75, lambda=0.0105
c1=-10, c2=-7.5, d=15, lambda=0.1
singular matrix error
c1=-10.5, c2=-7.875, d=15.75, lambda=0.10500000000000001
c1=-10, c2=-7.5, d=15, lambda=1
singular matrix error
c1=-10.5, c2=-7.875, d=15.75, lambda=1.05
c1=-10, c2=-7.5, d=15, lambda=10
singular matrix error
c1=-10.5, c2=-7.875, d=15.75, lambda=10.5
c1=-10, c2=-7.5, d=20, lambda=0.001
singular matrix error
c1=-10.5, c2=-7.875, d=21.0, lambda=0.0010500000000000002
c1=-10, c2=-7.5, d=20, lambda=0.01
singular matrix error
c1=-10.5, c2=-7.875, d=21.0, lambda=0.0105
c1=-10, c2=-7.5, d=20, lambda=0.1
singular matrix error
c1=-10.5, c2=-7.875, d=21.0, lambda=0.10500000000000001
c1=-10, c2=-7.5, d=20, lambda=1
singular matrix error
c1=-10.5, c2=-7.875, d=21.0, lambda=1.05
c1=-10, c2=-7.5, d=20, lambda=10
singular matrix error
c1=-10.5, c2=-7.875, d=21.0, lambda=10.5
c1=-10, c2=0, d=-30, lambda=0.001

 Train: nan Validation: nan

c1=-10, c2=0, d=-30, lambda=0.01

 Train: nan Validation: nan

c1=-10, c2=0, d=-30, lambda=0.1

 Train: nan Validation: nan

c1=-10, c2=0, d=-30, lambda=1

 Train: nan Validation: nan

c1=-10, c2=0, d=-30, lambda=10

 Train: nan Validation: nan

c1=-10, c2=0, d=-25, lambda=0.001

 Train: nan Validation: nan

c1=-10, c2=0, d=-25, lambda=0.01

 Train: nan Validation: nan

c1=-10, c2=0, d=-25, lambda=0.1

 Train: nan Validation: nan

c1=-10, c2=0, d=-25, lambda=1

 Train: nan Validation: nan

c1=-10, c2=0, d=-25, lambda=10

 Train: nan Validation: nan

c1=-10, c2=0, d=-20, lambda=0.001

 Train: nan Validation: nan

c1=-10, c2=0, d=-20, lambda=0.01

 Train: nan Validation: nan

c1=-10, c2=0, d=-20, lambda=0.1

 Train: nan Validation: nan

c1=-10, c2=0, d=-20, lambda=1

 Train: nan Validation: nan

c1=-10, c2=0, d=-20, lambda=10

 Train: nan Validation: nan

c1=-10, c2=0, d=-15, lambda=0.001

 Train: nan Validation: nan

c1=-10, c2=0, d=-15, lambda=0.01

 Train: nan Validation: nan

c1=-10, c2=0, d=-15, lambda=0.1

 Train: nan Validation: nan

c1=-10, c2=0, d=-15, lambda=1

 Train: nan Validation: nan

c1=-10, c2=0, d=-15, lambda=10

 Train: nan Validation: nan

c1=-10, c2=0, d=-10, lambda=0.001

 Train: nan Validation: nan

c1=-10, c2=0, d=-10, lambda=0.01

 Train: nan Validation: nan

c1=-10, c2=0, d=-10, lambda=0.1

 Train: nan Validation: nan

c1=-10, c2=0, d=-10, lambda=1

 Train: nan Validation: nan

c1=-10, c2=0, d=-10, lambda=10

 Train: nan Validation: nan

c1=-10, c2=0, d=-5, lambda=0.001

 Train: nan Validation: nan

c1=-10, c2=0, d=-5, lambda=0.01

 Train: nan Validation: nan

c1=-10, c2=0, d=-5, lambda=0.1

 Train: nan Validation: nan

c1=-10, c2=0, d=-5, lambda=1

 Train: nan Validation: nan

c1=-10, c2=0, d=-5, lambda=10

 Train: nan Validation: nan

c1=-10, c2=0, d=0, lambda=0.001

 Train: 0.5555076189466934 Validation: 0.5264812597226138

c1=-10, c2=0, d=0, lambda=0.01

 Train: 0.5555076189496058 Validation: 0.5264812471594592

c1=-10, c2=0, d=0, lambda=0.1

 Train: 0.555507619240874 Validation: 0.5264811217352311

c1=-10, c2=0, d=0, lambda=1

 Train: 0.5555076483495623 Validation: 0.5264798955628145

c1=-10, c2=0, d=0, lambda=10

 Train: 0.5555105411811626 Validation: 0.5264704214376545

c1=-10, c2=0, d=5, lambda=0.001

 Train: 0.07608825953090456 Validation: 0.5234484714061244

c1=-10, c2=0, d=5, lambda=0.01

 Train: 0.07608831503540395 Validation: 0.5234473512922759

c1=-10, c2=0, d=5, lambda=0.1

 Train: 0.07609423700897032 Validation: 0.5234359836121911

c1=-10, c2=0, d=5, lambda=1

 Train: 0.07717689892565156 Validation: 0.5233115290267699

c1=-10, c2=0, d=5, lambda=10

 Train: 0.21802594422226748 Validation: 0.5257286611923274

c1=-10, c2=0, d=10, lambda=0.001
singular matrix error
c1=-10.5, c2=0.0, d=10.5, lambda=0.0010500000000000002
c1=-10, c2=0, d=10, lambda=0.01
singular matrix error
c1=-10.5, c2=0.0, d=10.5, lambda=0.0105
c1=-10, c2=0, d=10, lambda=0.1
singular matrix error
c1=-10.5, c2=0.0, d=10.5, lambda=0.10500000000000001
c1=-10, c2=0, d=10, lambda=1
singular matrix error
c1=-10.5, c2=0.0, d=10.5, lambda=1.05
c1=-10, c2=0, d=10, lambda=10

 Train: 3.5470673482899574e+47 Validation: 6.134544849664408e+43

c1=-10, c2=0, d=15, lambda=0.001
singular matrix error
c1=-10.5, c2=0.0, d=15.75, lambda=0.0010500000000000002
c1=-10, c2=0, d=15, lambda=0.01
singular matrix error
c1=-10.5, c2=0.0, d=15.75, lambda=0.0105
c1=-10, c2=0, d=15, lambda=0.1
singular matrix error
c1=-10.5, c2=0.0, d=15.75, lambda=0.10500000000000001
c1=-10, c2=0, d=15, lambda=1
singular matrix error
c1=-10.5, c2=0.0, d=15.75, lambda=1.05
c1=-10, c2=0, d=15, lambda=10
singular matrix error
c1=-10.5, c2=0.0, d=15.75, lambda=10.5
c1=-10, c2=0, d=20, lambda=0.001
singular matrix error
c1=-10.5, c2=0.0, d=21.0, lambda=0.0010500000000000002
c1=-10, c2=0, d=20, lambda=0.01
singular matrix error
c1=-10.5, c2=0.0, d=21.0, lambda=0.0105
c1=-10, c2=0, d=20, lambda=0.1
singular matrix error
c1=-10.5, c2=0.0, d=21.0, lambda=0.10500000000000001
c1=-10, c2=0, d=20, lambda=1
singular matrix error
c1=-10.5, c2=0.0, d=21.0, lambda=1.05
c1=-10, c2=0, d=20, lambda=10
singular matrix error
c1=-10.5, c2=0.0, d=21.0, lambda=10.5
c1=-10, c2=5, d=-30, lambda=0.001

 Train: 1.4373034900049853e+152 Validation: 6.042278597622705e+104

c1=-10, c2=5, d=-30, lambda=0.01

 Train: inf Validation: 2.2731092097030332e+106

c1=-10, c2=5, d=-30, lambda=0.1

 Train: inf Validation: 9.430413472954743e+103

c1=-10, c2=5, d=-30, lambda=1

 Train: 2.7601235009798663e+146 Validation: 1.3197923899763283e+112

c1=-10, c2=5, d=-30, lambda=10

 Train: inf Validation: 3.9393153796058415e+118

c1=-10, c2=5, d=-25, lambda=0.001

 Train: 9.372722237069648e+131 Validation: 1.2781179666577249e+103

c1=-10, c2=5, d=-25, lambda=0.01

 Train: 3.071154091832201e+136 Validation: 1.6526905082067388e+88

c1=-10, c2=5, d=-25, lambda=0.1

 Train: 4.36005262275131e+127 Validation: 6.22171518171838e+80

c1=-10, c2=5, d=-25, lambda=1

 Train: 6.967531262269957e+117 Validation: 2.625501183242116e+88

c1=-10, c2=5, d=-25, lambda=10

 Train: 3.738828604052303e+126 Validation: 8.365153591218018e+85

c1=-10, c2=5, d=-20, lambda=0.001

 Train: 1.1281463913931702e+97 Validation: 2.572065380543871e+70

c1=-10, c2=5, d=-20, lambda=0.01

 Train: 1.5954653983562682e+97 Validation: 6.586495952108145e+76

c1=-10, c2=5, d=-20, lambda=0.1
singular matrix error
c1=-10.5, c2=5.25, d=-21.0, lambda=0.10500000000000001
c1=-10, c2=5, d=-20, lambda=1

 Train: 1.7178396103172323e+86 Validation: 3.7021564778201236e+64

c1=-10, c2=5, d=-20, lambda=10

 Train: 7.204479368058183e+92 Validation: 4.898270772559913e+68

c1=-10, c2=5, d=-15, lambda=0.001

 Train: 1.489805584695594e+68 Validation: 6.37791968163912e+50

c1=-10, c2=5, d=-15, lambda=0.01

 Train: 2.4960926520075403e+75 Validation: 1.008633750646011e+58

c1=-10, c2=5, d=-15, lambda=0.1

 Train: 7.454883157487769e+66 Validation: 6.950663911810478e+47

c1=-10, c2=5, d=-15, lambda=1

 Train: 2.2739268609235393e+65 Validation: 8.38945352095127e+46

c1=-10, c2=5, d=-15, lambda=10

 Train: 1.1258212586392207e+75 Validation: 6.579539548032432e+49

c1=-10, c2=5, d=-10, lambda=0.001
singular matrix error
c1=-10.5, c2=5.25, d=-10.5, lambda=0.0010500000000000002
c1=-10, c2=5, d=-10, lambda=0.01

 Train: 2.841624899261916e+46 Validation: 2.727459523779437e+38

c1=-10, c2=5, d=-10, lambda=0.1

 Train: 4.8151152445686314e+36 Validation: 1.2767698936343147e+31

c1=-10, c2=5, d=-10, lambda=1

 Train: 4.918497130101458e+34 Validation: 6.0120978919729835e+29

c1=-10, c2=5, d=-10, lambda=10

 Train: 1.2292175813695953e+30 Validation: 1.1259325614148944e+30

c1=-10, c2=5, d=-5, lambda=0.001

 Train: 35541452.173770875 Validation: 2.1875908915460596e+16

c1=-10, c2=5, d=-5, lambda=0.01

 Train: 244624652.93153486 Validation: 1.391293911352571e+16

c1=-10, c2=5, d=-5, lambda=0.1

 Train: 41.15361260076552 Validation: 14681924333.13809

c1=-10, c2=5, d=-5, lambda=1

 Train: 1.6484209563705778 Validation: 1891924030.8277106

c1=-10, c2=5, d=-5, lambda=10

 Train: 482.3957041930166 Validation: 629251167.2411848

c1=-10, c2=5, d=0, lambda=0.001

 Train: 0.5555076189466934 Validation: 0.5264812597226138

c1=-10, c2=5, d=0, lambda=0.01

 Train: 0.5555076189496058 Validation: 0.5264812471594592

c1=-10, c2=5, d=0, lambda=0.1

 Train: 0.555507619240874 Validation: 0.5264811217352311

c1=-10, c2=5, d=0, lambda=1

 Train: 0.5555076483495623 Validation: 0.5264798955628145

c1=-10, c2=5, d=0, lambda=10

 Train: 0.5555105411811626 Validation: 0.5264704214376545

c1=-10, c2=5, d=5, lambda=0.001

 Train: 0.07608880774623662 Validation: 6.022549652151994

c1=-10, c2=5, d=5, lambda=0.01

 Train: 0.07608826624673959 Validation: 6.002078114921914

c1=-10, c2=5, d=5, lambda=0.1

 Train: 0.0760885743591298 Validation: 5.808721242117988

c1=-10, c2=5, d=5, lambda=1

 Train: 0.07610757413457674 Validation: 4.464389180095322

c1=-10, c2=5, d=5, lambda=10

 Train: 0.07951591993365498 Validation: 5.214266414852402

c1=-10, c2=5, d=10, lambda=0.001
singular matrix error
c1=-10.5, c2=5.25, d=10.5, lambda=0.0010500000000000002
c1=-10, c2=5, d=10, lambda=0.01
singular matrix error
c1=-10.5, c2=5.25, d=10.5, lambda=0.0105
c1=-10, c2=5, d=10, lambda=0.1
singular matrix error
c1=-10.5, c2=5.25, d=10.5, lambda=0.10500000000000001
c1=-10, c2=5, d=10, lambda=1

 Train: 1.2650924258171662e+21 Validation: 596263038089623.9

c1=-10, c2=5, d=10, lambda=10

 Train: 9.371644498495778e+24 Validation: 8.252388905248854e+18

c1=-10, c2=5, d=15, lambda=0.001
singular matrix error
c1=-10.5, c2=5.25, d=15.75, lambda=0.0010500000000000002
c1=-10, c2=5, d=15, lambda=0.01
singular matrix error
c1=-10.5, c2=5.25, d=15.75, lambda=0.0105
c1=-10, c2=5, d=15, lambda=0.1
singular matrix error
c1=-10.5, c2=5.25, d=15.75, lambda=0.10500000000000001
c1=-10, c2=5, d=15, lambda=1
singular matrix error
c1=-10.5, c2=5.25, d=15.75, lambda=1.05
c1=-10, c2=5, d=15, lambda=10
singular matrix error
c1=-10.5, c2=5.25, d=15.75, lambda=10.5
c1=-10, c2=5, d=20, lambda=0.001
singular matrix error
c1=-10.5, c2=5.25, d=21.0, lambda=0.0010500000000000002
c1=-10, c2=5, d=20, lambda=0.01
singular matrix error
c1=-10.5, c2=5.25, d=21.0, lambda=0.0105
c1=-10, c2=5, d=20, lambda=0.1
singular matrix error
c1=-10.5, c2=5.25, d=21.0, lambda=0.10500000000000001
c1=-10, c2=5, d=20, lambda=1
singular matrix error
c1=-10.5, c2=5.25, d=21.0, lambda=1.05
c1=-10, c2=5, d=20, lambda=10
singular matrix error
c1=-10.5, c2=5.25, d=21.0, lambda=10.5
c1=-10, c2=10, d=-30, lambda=0.001
singular matrix error
c1=-10.5, c2=10.5, d=-31.5, lambda=0.0010500000000000002
c1=-10, c2=10, d=-30, lambda=0.01
singular matrix error
c1=-10.5, c2=10.5, d=-31.5, lambda=0.0105
c1=-10, c2=10, d=-30, lambda=0.1
singular matrix error
c1=-10.5, c2=10.5, d=-31.5, lambda=0.10500000000000001
c1=-10, c2=10, d=-30, lambda=1
singular matrix error
c1=-10.5, c2=10.5, d=-31.5, lambda=1.05
c1=-10, c2=10, d=-30, lambda=10
singular matrix error
c1=-10.5, c2=10.5, d=-31.5, lambda=10.5
c1=-10, c2=10, d=-25, lambda=0.001
singular matrix error
c1=-10.5, c2=10.5, d=-26.25, lambda=0.0010500000000000002
c1=-10, c2=10, d=-25, lambda=0.01
singular matrix error
c1=-10.5, c2=10.5, d=-26.25, lambda=0.0105
c1=-10, c2=10, d=-25, lambda=0.1
singular matrix error
c1=-10.5, c2=10.5, d=-26.25, lambda=0.10500000000000001
c1=-10, c2=10, d=-25, lambda=1
singular matrix error
c1=-10.5, c2=10.5, d=-26.25, lambda=1.05
c1=-10, c2=10, d=-25, lambda=10
singular matrix error
c1=-10.5, c2=10.5, d=-26.25, lambda=10.5
c1=-10, c2=10, d=-20, lambda=0.001
User defined signal 2
