Unloaded module: latex/TeXLive12
Loaded module: python3/3.6.0

Train: 0.07608846543463427 Validation: 0.2759408279333561


Train: 0.07608825781697147 Validation: 0.27759297046209114


Train: 0.07608825782528532 Validation: 0.29218140610437743


Train: 0.07608838733420423 Validation: 0.3095740952344225


Train: 1162105245199877.0 Validation: 2925043236663.3013

singular matrix error

Train: 0.0760884654282353 Validation: 0.27593890423376005


Train: 0.0760882578172113 Validation: 0.27772404296924996


Train: 0.07608825782521418 Validation: 0.2928790378112296


Train: 0.07608833550112573 Validation: 0.31090144807597797


Train: 6380782090610.98 Validation: 90775935868.69672

singular matrix error

Train: 0.07608846542093614 Validation: 0.2759367119957155


Train: 0.07608825781748452 Validation: 0.27787025066939186


Train: 0.07608825782409301 Validation: 0.29363758886421987


Train: 0.07608840823383498 Validation: 0.31232303457500143


Train: 1.1486506601675327e+18 Validation: 2.2707535827772364e+16

singular matrix error

Train: 0.07608846541253762 Validation: 0.27593419077764214


Train: 0.07608825781779728 Validation: 0.2780341108562883


Train: 0.07608825782550918 Validation: 0.2944653707636147


Train: 0.0760884281509207 Validation: 0.3138800012006102


Train: 2617935597590.2676 Validation: 186109643576.08795

singular matrix error

Train: 0.07608846540278129 Validation: 0.2759312605183235


Train: 0.07608825781815845 Validation: 0.2782186984379453


Train: 0.07608825782697318 Validation: 0.2953724528228661


Train: 0.0760884068493884 Validation: 0.31558293044984354


Train: 4590417524731929.0 Validation: 3093714138678081.5

singular matrix error

Train: 0.07608846539129048 Validation: 0.2759278128887038


Train: 0.07608825781857907 Validation: 0.2784278013605015


Train: 0.07608825782222799 Validation: 0.2963713090476216


Train: 0.07608833301867222 Validation: 0.3174528097957692


Train: 788967126769811.9 Validation: 406166496071715.06

singular matrix error

Train: 0.07608846537757374 Validation: 0.2759236976293422


Train: 0.07608825781907387 Validation: 0.27866612636845406


Train: 0.07608825782269375 Validation: 0.2974771763871619


Train: 0.07608853129111265 Validation: 0.3195023426042062


Train: 53731545875265.54 Validation: 6376130389431.052

singular matrix error

Train: 0.07608846536090857 Validation: 0.2759187000313494


Train: 0.07608825781966477 Validation: 0.2789395791249813


Train: 0.07608825782117631 Validation: 0.29870934203322724


Train: 0.07608835311034658 Validation: 0.321794115715885


Train: 5.269041454478212e+17 Validation: 421155119006703.7

singular matrix error

Train: 0.0760884653402245 Validation: 0.27591250231075237


Train: 0.07608825782037952 Validation: 0.27925564315249796


Train: 0.07608825781832029 Validation: 0.3000929164525865


Train: 0.07608839107434492 Validation: 0.32437247524636487


Train: 0.8760411619521695 Validation: 0.6845946383950146

singular matrix error

Train: 0.07608846531388314 Validation: 0.27590461328233146


Train: 0.07608825782126086 Validation: 0.27962389345210475


Train: 0.07608825781801858 Validation: 0.3016622716571741


Train: 0.0760884953416726 Validation: 0.32731588688534063


Train: 2.084706421699078e+18 Validation: 3628222583125171.5

singular matrix error

Train: 0.07608851482119379 Validation: 0.27595215191618655


Train: 0.07608825781808395 Validation: 0.2773910561852168


Train: 0.07608825782214909 Validation: 0.29106964643822225


Train: 0.0760885100858913 Validation: 0.3074623119164001


Train: 200715491133.69547 Validation: 1337070155.8505297

singular matrix error

Train: 0.07608851481404136 Validation: 0.27595041412248744


Train: 0.07608825781841641 Validation: 0.2775129375822453


Train: 0.07608825781971439 Validation: 0.29174645442653735


Train: 0.07608837286965717 Validation: 0.3087521849008148


Train: 0.08526672564945463 Validation: 0.33180713469106526

singular matrix error

Train: 0.07608851480588587 Validation: 0.27594843318076595


Train: 0.07608825781879441 Validation: 0.27764948060954636


Train: 0.0760882578200152 Validation: 0.2924844303426441


Train: 0.07608838098610216 Validation: 0.3101549240141799


Train: 0.11071899322182949 Validation: 0.3301814910207876

singular matrix error

Train: 0.07608851479650079 Validation: 0.27594615422119373


Train: 0.07608825781922787 Validation: 0.27780323341267366


Train: 0.07608825782115165 Validation: 0.29329249969257576


Train: 0.07608842456537195 Validation: 0.31167339300882313


Train: 17921964931.123363 Validation: 11014781343.860525

singular matrix error

Train: 0.07608851478558966 Validation: 0.27594350453947963


Train: 0.0760882578197305 Validation: 0.2779773344490515


Train: 0.07608825782048845 Validation: 0.2941811349143994


Train: 0.07608837935856234 Validation: 0.3133467347939281


Train: 0.08131905588647066 Validation: 0.33414120842944933

singular matrix error

Train: 0.07608851477274108 Validation: 0.275940385658193


Train: 0.07608825782031656 Validation: 0.27817568860583425


Train: 0.07608825781957214 Validation: 0.29516341963031634


Train: 0.07608829102602283 Validation: 0.3151923069876367


Train: 661179687116.8076 Validation: 1481788866.1359217

singular matrix error

Train: 0.07608851475739055 Validation: 0.275936660869166


Train: 0.07608825782101152 Validation: 0.2784032022311276


Train: 0.07608825781751337 Validation: 0.29625533686351774


Train: 0.07608833533478561 Validation: 0.3172317225715857


Train: 0.0880169997437811 Validation: 0.34233461200719295

singular matrix error

Train: 0.07608851473873066 Validation: 0.27593213461918936


Train: 0.07608825782184198 Validation: 0.27866610847075446


Train: 0.07608825781687878 Validation: 0.29747720800751193


Train: 0.07608837355604171 Validation: 0.31950395310794816


Train: 12647271186771.434 Validation: 17061836121.18041

singular matrix error

Train: 0.07608851471555673 Validation: 0.2759265170917405


Train: 0.07608825782285299 Validation: 0.2789724204166882


Train: 0.07608825781749164 Validation: 0.2988550575906805


Train: 0.0760882888728494 Validation: 0.3220618279561911


Train: 949438136059.9803 Validation: 87310893.39756653

singular matrix error

Train: 0.07608851468601269 Validation: 0.27591935959891556


Train: 0.07608825782410604 Validation: 0.2793325630716097


Train: 0.07608825781750903 Validation: 0.300424155780571


Train: 0.07608835255471379 Validation: 0.32499123858647017


Train: 0.09472291417509275 Validation: 0.3569322338723998

singular matrix error

Train: 0.07608858418382955 Validation: 0.2759656469867852


Train: 0.07608825781977713 Validation: 0.27718327146703076


Train: 0.07608825781786875 Validation: 0.2898714177964238


Train: 0.07608833210851416 Validation: 0.30517705978710036


Train: 24649611.966960896 Validation: 22358085.1042946

singular matrix error

Train: 0.07608858417573547 Validation: 0.2759640966590554


Train: 0.076088257820251 Validation: 0.2772947633010841


Train: 0.07608825781834438 Validation: 0.29052183089376327


Train: 0.07608829334718693 Validation: 0.30642516199421066


Train: 6571095147.590599 Validation: 12028452.804664029

singular matrix error

Train: 0.07608858416650646 Validation: 0.2759623289137344


Train: 0.07608825782079262 Validation: 0.277420248447401


Train: 0.07608825781821912 Validation: 0.291233600293437


Train: 0.07608829336113948 Validation: 0.3077756383833549


Train: 201102596142.90692 Validation: 352217138.3874342

singular matrix error

Train: 0.07608858415588181 Validation: 0.2759602945705486


Train: 0.07608825782141557 Validation: 0.2775622729451207


Train: 0.07608825781635976 Validation: 0.2920155832927498


Train: 0.0760882841759615 Validation: 0.3092611367874958


Train: 0.08096235990527421 Validation: 0.3296984961273348

singular matrix error

Train: 0.07608858414352601 Validation: 0.2759579283992823


Train: 0.07608825782213922 Validation: 0.277724000304877


Train: 0.07608825781795442 Validation: 0.2928791074165857


Train: 0.07608828919321864 Validation: 0.31089506676055273


Train: 97378963865.74829 Validation: 337324937.44737333


Train: 2.276363531560652e+27 Validation: 9.770699054499408e+23


Train: 0.07608858412896974 Validation: 0.2759551420116143


Train: 0.07608825782298777 Validation: 0.2779094084320186


Train: 0.0760882578164946 Validation: 0.2938376529865912


Train: 0.0760882805220117 Validation: 0.31270156584687886


Train: 4438530765325.142 Validation: 4344700314.697319

singular matrix error

Train: 0.07608858411156663 Validation: 0.2759518125745146


Train: 0.07608825782399442 Validation: 0.2781235528857458


Train: 0.07608825781629154 Validation: 0.29490826385045504


Train: 0.07608829830267742 Validation: 0.31471354959126546


Train: 219182424394.37512 Validation: 756824094.1146656

singular matrix error

Train: 0.0760885840904024 Validation: 0.27594776418067596


Train: 0.07608825782520508 Validation: 0.2783729453286165


Train: 0.07608825781599218 Validation: 0.29611220349631584


Train: 0.07608830262036646 Validation: 0.316964258351288


Train: 63293010803.21172 Validation: 1067926316.1389471

singular matrix error

Train: 0.07608858406410302 Validation: 0.27594273581228335


Train: 0.07608825782668571 Validation: 0.2786660836491453


Train: 0.07608825781620365 Validation: 0.2974771968447332


Train: 0.07608828726072847 Validation: 0.31950843784974625


Train: 595937853601.0374 Validation: 576391990.1394103

singular matrix error

Train: 0.07608858403053995 Validation: 0.27593632269226526


Train: 0.07608825782853225 Validation: 0.27901422456881453


Train: 0.07608825781575324 Validation: 0.29903990933204916


Train: 0.07608828713961156 Validation: 0.32241195149541046


Train: 76688837336431.25 Validation: 21719628962.96939

singular matrix error

Train: 0.0760886859580123 Validation: 0.275982267495522


Train: 0.07608825782248703 Validation: 0.27697050048175464


Train: 0.07608825781689846 Validation: 0.28857561196231807


Train: 0.07608830593911542 Validation: 0.3026809759808046


Train: 21582157234.447495 Validation: 89077705.54184936

singular matrix error

Train: 0.07608868594870533 Validation: 0.27598090621563975


Train: 0.07608825782319426 Validation: 0.2770703213837677


Train: 0.07608825781607512 Validation: 0.28919321757280664


Train: 0.07608827558042969 Validation: 0.30387648471919065


Train: 54212545532.110565 Validation: 60487881.74751357

singular matrix error
Terminated
