Unloaded module: latex/TeXLive12
Loaded module: python3/3.6.2

Train: 0.07608917602230832 Validation: 0.2860173892322662


Train: 0.07608825788999622 Validation: 0.29178012450222773


Train: 0.07608825781383494 Validation: 0.29873598293739256


Train: 0.07608825799522782 Validation: 0.3064089814570965


Train: 0.07608860162164675 Validation: 0.314857524915472


Train: 1.719246595322775e+18 Validation: 465614106049874.8


Train: 0.07608917601443295 Validation: 0.286017786675295


Train: 0.07608825789877535 Validation: 0.2920652007652674


Train: 0.07608825781384988 Validation: 0.2993840399570882


Train: 0.07608825802705871 Validation: 0.30749118176396645


Train: 0.0760891346350758 Validation: 0.3164823575553475


Train: 0.07847780780927163 Validation: 0.3261410623432332


Train: 0.07608917600543537 Validation: 0.2860182408735973


Train: 0.07608825790921275 Validation: 0.29238049582456394


Train: 0.07608825781384336 Validation: 0.3001037619587499


Train: 0.07608825795021584 Validation: 0.3087016113112617


Train: 0.07608845886435701 Validation: 0.31832162611423104


Train: 171258821908.00122 Validation: 6300707748.154193


Train: 0.07608917599505617 Validation: 0.2860187649498403


Train: 0.07608825792176147 Validation: 0.29273132729518964


Train: 0.07608825781384641 Validation: 0.30090852514795424


Train: 0.07608825794177798 Validation: 0.3100668706495931


Train: 0.07608836648583253 Validation: 0.3203941006565305


Train: 5.599066120151921e+23 Validation: 9.399371654813604e+19


Train: 0.07608917598295346 Validation: 0.286019376347117


Train: 0.07608825793704731 Validation: 0.2931244068382197


Train: 0.07608825781385072 Validation: 0.3018154971572582


Train: 0.07608825789575728 Validation: 0.3116201145082536


Train: 0.07608833470922131 Validation: 0.3227819552640182


Train: 4.091984590406026e+17 Validation: 150940577914367.2


Train: 0.07608917596865951 Validation: 0.2860200988756926


Train: 0.0760882579559474 Validation: 0.2935683509276265


Train: 0.07608825781386226 Validation: 0.30284703975643656


Train: 0.07608825786069051 Validation: 0.31340609141272624


Train: 0.07608838451364627 Validation: 0.32554705889811014


Train: 5.843074058712265e+20 Validation: 9.782366942929186e+16


Train: 0.07608917595151712 Validation: 0.2860209658687656


Train: 0.0760882579797295 Validation: 0.29407444348188116


Train: 0.0760882578138898 Validation: 0.3040329078920508


Train: 0.0760882578715826 Validation: 0.3154831940513907


Train: 0.07608836601354992 Validation: 0.3287705153022885


Train: 2.8009134462107745e+18 Validation: 119277079953203.9


Train: 0.07608917593058002 Validation: 0.2860220254704457


Train: 0.07608825801028378 Validation: 0.2946578128924603


Train: 0.07608825781391466 Validation: 0.3054136054021547


Train: 0.07608825783394275 Validation: 0.317930406171995


Train: 0.07608828956922965 Validation: 0.33256747392678926


Train: 4.2489969085703904e+17 Validation: 328501437374222.56


Train: 0.07608917590443699 Validation: 0.28602334988758177


Train: 0.0760882580505383 Validation: 0.2953393175543801


Train: 0.07608825781396641 Validation: 0.30704575143356055


Train: 0.07608825785446251 Validation: 0.3208561629587049


Train: 0.07608829827483346 Validation: 0.33707062431040946


Train: 3.845221093279803e+19 Validation: 1210976977020932.5


Train: 0.07608917587086558 Validation: 0.2860250525548759


Train: 0.07608825810523503 Validation: 0.2961487060462717


Train: 0.07608825781405966 Validation: 0.30901080783025925


Train: 0.07608825782975343 Validation: 0.3244101910539748


Train: 0.07608831954543188 Validation: 0.34244035594168365


Train: 2.1820338115916805e+21 Validation: 2.6696090039944492e+16


Train: 0.07608939849696547 Validation: 0.286022989169781


Train: 0.07608825791085932 Validation: 0.2913350751448102


Train: 0.07608825781391071 Validation: 0.2977289967631228


Train: 0.0760882579847768 Validation: 0.3047416744143123


Train: 0.0760884076184055 Validation: 0.31237074730583236


Train: 8.204096352979634e+16 Validation: 516801757930326.75


Train: 0.07608939848819632 Validation: 0.28602334670998114


Train: 0.07608825792215669 Validation: 0.2916046651124918


Train: 0.07608825781394929 Validation: 0.29833841366395475


Train: 0.07608825793866222 Validation: 0.30574860221929245


Train: 0.07608837067958271 Validation: 0.31387689691580806


Train: 1.952615327802635e+17 Validation: 152444389660742.8


Train: 0.07608939847818016 Validation: 0.2860237553153103


Train: 0.07608825793560638 Validation: 0.29190333613183245


Train: 0.07608825781385366 Validation: 0.2990159015898792


Train: 0.0760882578889297 Validation: 0.30687545372835906


Train: 0.07608837968451394 Validation: 0.31555912260082014


Train: 1.1389178718141442e+17 Validation: 348461507124983.44


Train: 0.07608939846662598 Validation: 0.2860242267810027


Train: 0.07608825795180237 Validation: 0.29223626548852344


Train: 0.07608825781386092 Validation: 0.2997742576874105


Train: 0.07608825786498277 Validation: 0.3081460393314223


Train: 0.07608834541846396 Validation: 0.3174745068662068


Train: 4.16360497586252e+17 Validation: 93204472600209.9

