Unloaded module: latex/TeXLive12
Loaded module: python3/3.6.2

Train: 0.07628613914132416 Validation: 0.2823141736604766


Train: 0.07608827398400117 Validation: 0.2730418875838536


Train: 0.07608825781412938 Validation: 0.27962634732273955


Train: 0.07608825795814181 Validation: 0.2897716782094214


Train: 0.07608889578691932 Validation: 0.30123427640385075


Train: 3.124983389407086e+21 Validation: 5.0900403744605544e+19


Train: 0.07628613814171405 Validation: 0.28231366145418535


Train: 0.07608827422088386 Validation: 0.2731018598030218


Train: 0.07608825781419716 Validation: 0.2801774793124451


Train: 0.07608825792315752 Validation: 0.2908882362645734


Train: 0.0760898110120745 Validation: 0.30289528088725076


Train: 2.889713480109864e+17 Validation: 2.5378817597290316e+16


Train: 0.07628613700130547 Validation: 0.2823130772294328


Train: 0.07608827448721418 Validation: 0.27317984937260853


Train: 0.07608825781428144 Validation: 0.280797696477599


Train: 0.07608825790877227 Validation: 0.29212116531400023


Train: 0.07608934256367261 Validation: 0.3046833683957896


Train: 1.1454062508211155e+18 Validation: 629912840863874.4


Train: 0.07628613568812975 Validation: 0.28231240464954976

Terminated
