Unloaded module: latex/TeXLive12
Loaded module: python3/3.6.2

Train: 0.07628613914132416 Validation: 0.2823141736604766


Train: 0.07608827398400117 Validation: 0.2730418875838536


Train: 0.07608825781412938 Validation: 0.27962634732273955


Train: 0.07608825795814181 Validation: 0.2897716782094214


Train: 0.07608889578691932 Validation: 0.30123427640385075


Train: 3.124983389407086e+21 Validation: 5.0900403744605544e+19


Train: 0.07628613814171405 Validation: 0.28231366145418535


Train: 0.07608827422088386 Validation: 0.2731018598030218


Train: 0.07608825781419716 Validation: 0.2801774793124451


Train: 0.07608825792315752 Validation: 0.2908882362645734


Train: 0.0760898110120745 Validation: 0.30289528088725076


Train: 2.889713480109864e+17 Validation: 2.5378817597290316e+16


Train: 0.07628613700130547 Validation: 0.2823130772294328


Train: 0.07608827448721418 Validation: 0.27317984937260853


Train: 0.07608825781428144 Validation: 0.280797696477599


Train: 0.07608825790877227 Validation: 0.29212116531400023


Train: 0.07608934256367261 Validation: 0.3046833683957896


Train: 1.1454062508211155e+18 Validation: 629912840863874.4


Train: 0.07628613568812975 Validation: 0.28231240464954976


Train: 0.07608827478964941 Validation: 0.2732797642583058


Train: 0.07608825781439232 Validation: 0.2814988045301215


Train: 0.07608825789233244 Validation: 0.2934885624044216


Train: 0.07608888211202383 Validation: 0.306660159142962


Train: 2.1091736684705055e+19 Validation: 2.4473826515307116e+18


Train: 0.07628613415968552 Validation: 0.28231162203247295


Train: 0.07608827513698159 Validation: 0.27340658819211416


Train: 0.07608825781454383 Validation: 0.2822953351025094


Train: 0.07608825786324741 Validation: 0.2950124203119164


Train: 0.07608888667387301 Validation: 0.3088698369455049


Train: 1.3271150702610216e+17 Validation: 3.923002989518526e+16


Train: 0.07628613235830728 Validation: 0.2823106999711687


Train: 0.0760882755410331 Validation: 0.2735667609678727


Train: 0.07608825781475513 Validation: 0.28320535297965566


Train: 0.07608825784660907 Validation: 0.2967187578270351


Train: 0.07608863686376645 Validation: 0.3113510178739482


Train: 3.877860226259965e+16 Validation: 840401226732679.2


Train: 0.07628613020375018 Validation: 0.28230959755708696


Train: 0.07608827601807139 Validation: 0.27376872887349774


Train: 0.07608825781505099 Validation: 0.2842516217908284


Train: 0.07608825787918233 Validation: 0.29864097806084566


Train: 0.07608899011040644 Validation: 0.31411147712792437


Train: 2.322346771354449e+21 Validation: 3.950902004239018e+20


Train: 0.07628612758085443 Validation: 0.28230825614767074


Train: 0.07608827659104392 Validation: 0.27402376129934186


Train: 0.07608825781547753 Validation: 0.2854632126684186


Train: 0.07608825784766067 Validation: 0.3008214037670538


Train: 0.0760891576421466 Validation: 0.31724064557207093


Train: 1.3395503723680897e+20 Validation: 6.272816909476922e+18


Train: 0.0762861243183071 Validation: 0.28230658859080315


Train: 0.07608827729338935 Validation: 0.2743471968185282


Train: 0.07608825781612444 Validation: 0.2868778531880911


Train: 0.07608825784650032 Validation: 0.30331391094559496


Train: 0.07608916564483528 Validation: 0.3208195625846328


Train: 2.786332606052974e+18 Validation: 2.1979851853282356e+16


Train: 0.0762861201496726 Validation: 0.2823044595071311


Train: 0.07608827817557898 Validation: 0.27476040893388953


Train: 0.07608825781713431 Validation: 0.2885455482839855


Train: 0.07608825783332826 Validation: 0.30619110383577613


Train: 0.07608919702041089 Validation: 0.3249481345976264


Train: 8.357390724477919e+20 Validation: 6.3846041482237575e+19


Train: 0.07642938272341064 Validation: 0.2836894326486652


Train: 0.07608828167250588 Validation: 0.27296837018219267


Train: 0.07608825781425795 Validation: 0.2787880597560678


Train: 0.07608825792940768 Validation: 0.28803021350620356


Train: 0.07608897444358649 Validation: 0.29867684698064795


Train: 3.055396620694759e+19 Validation: 1.2269090873224225e+19


Train: 0.07642938257469509 Validation: 0.28368896546211714


Train: 0.07608828200582733 Validation: 0.273008277589806


Train: 0.07608825781434912 Validation: 0.27929245490761034


Train: 0.0760882578838468 Validation: 0.28908470444504897


Train: 0.07608868997325681 Validation: 0.30023784708388424


Train: 15364624401913.502 Validation: 7849876842823.307


Train: 0.07642938240575711 Validation: 0.2836884324733181


Train: 0.07608828237964908 Validation: 0.27306449585138104


Train: 0.07608825781446993 Validation: 0.27986342736054143


Train: 0.07608825786243086 Validation: 0.29025421771009957


Train: 0.0760884679788582 Validation: 0.3019432312870114


Train: 1.514589645665327e+17 Validation: 43667994889297.51


Train: 0.07642938221218165 Validation: 0.2836878187270886


Train: 0.07608828280321468 Validation: 0.2731407424589698


Train: 0.0760882578146268 Validation: 0.2805128137914262


Train: 0.07608825785917954 Validation: 0.2915575882548262


Train: 0.0760884429699785 Validation: 0.30385671829527494


Train: 1019806660276.0868 Validation: 2594352536.0970016


Train: 0.07642938198814964 Validation: 0.28368710436525174


Train: 0.07608828328876087 Validation: 0.27324179474242055


Train: 0.07608825781484005 Validation: 0.2812552806883681


Train: 0.07608825785605175 Validation: 0.2930165989388364


Train: 0.07608850793348962 Validation: 0.30597429074200216


Train: 2222560171272.68 Validation: 11149960596.914747


Train: 0.07642938172591979 Validation: 0.28368626244028505


Train: 0.07608828385277111 Validation: 0.2733738764491198


Train: 0.0760882578151333 Validation: 0.2821092188315426


Train: 0.07608825784794837 Validation: 0.2946591110777904


Train: 0.07608852108416174 Validation: 0.30835544683034016


Train: 889834948701.348 Validation: 4675836006.455365


Train: 0.07642938141481072 Validation: 0.2836852554360582


Train: 0.0760882845180379 Validation: 0.27354522247350355


Train: 0.07608825781555069 Validation: 0.2830979733257024


Train: 0.07608825783850665 Validation: 0.29651913203280433


Train: 0.07608839805482193 Validation: 0.31104818035003096


Train: 4.276645025770667e+18 Validation: 8.136386887570162e+16


Train: 0.0764293810398674 Validation: 0.2836840295297141


Train: 0.07608828531683955 Validation: 0.27376692485978243


Train: 0.07608825781615418 Validation: 0.2842516227931437


Train: 0.07608825783639445 Validation: 0.29864112587867103


Train: 0.07608846017310623 Validation: 0.31409026367904935


Train: 2230576833093447.8 Validation: 189242995462.85486


Train: 0.07642938057930738 Validation: 0.2836825046514319


Train: 0.07608828629642292 Validation: 0.27405423747154295


Train: 0.07608825781707078 Validation: 0.2856095733417663


Train: 0.07608825783132711 Validation: 0.30108176320103236


Train: 0.07608854085880318 Validation: 0.3176116078162279


Train: 9.984184055337237e+16 Validation: 4.763653338390712e+16


Train: 0.07642938000028442 Validation: 0.2836805562653939


Train: 0.07608828752856427 Validation: 0.2744286580856599


Train: 0.07608825781852192 Validation: 0.28722452132170506


Train: 0.07608825782867239 Validation: 0.3039171415347109


Train: 0.0760883606964332 Validation: 0.32168236958166424


Train: 3.7094771476043176e+20 Validation: 2.2430208941775597e+17


Train: 0.07759399712415771 Validation: 0.2930336915326582


Train: 0.07608829460886478 Validation: 0.2729233345450074


Train: 0.07608825781446608 Validation: 0.27794212741505514


Train: 0.07608825785078413 Validation: 0.28620939790095673


Train: 0.07608848381802508 Validation: 0.2959471579627662


Train: 94993760377608.56 Validation: 82400182262.49937


Train: 0.07759400704425432 Validation: 0.29303330104343506


Train: 0.07608829509903411 Validation: 0.27294154141575644


Train: 0.07608825781460019 Validation: 0.2783937005743447


Train: 0.07608825785779037 Validation: 0.28719023943675925


Train: 0.07608850843631078 Validation: 0.2974194551339173


Train: 128758975077.77579 Validation: 1008242693.4702157


Train: 0.07759401837299319 Validation: 0.2930328554805064


Train: 0.07608829564688156 Validation: 0.27297408385407645


Train: 0.07608825781477263 Validation: 0.2789084767088017


Train: 0.07608825784349439 Validation: 0.2882837513925489


Train: 0.07608837394089207 Validation: 0.2990488320267814


Train: 5936077152.002343 Validation: 3222870.8230537707


Train: 0.07759403143317699 Validation: 0.29303234230899194


Train: 0.07608829626568703 Validation: 0.27302443006978766


Train: 0.07608825781500099 Validation: 0.27949818602998


Train: 0.07608825784020058 Validation: 0.28950885269616855


Train: 0.07608854244885117 Validation: 0.3008604519035727


Train: 1.6865114331267944e+19 Validation: 1.4410962572122192e+16


Train: 0.0775940466552895 Validation: 0.2930317448825754


Train: 0.07608829697304917 Validation: 0.27309707650673576


Train: 0.07608825781530835 Validation: 0.28017747702958845


Train: 0.07608825783926143 Validation: 0.29088795666898903


Train: 0.07608833766913399 Validation: 0.30288774815144215


Train: 6185113319.748902 Validation: 1100140.2860906231


Train: 0.07759406462385507 Validation: 0.2930310405916681


Train: 0.07608829779280075 Validation: 0.2731979359200366


Train: 0.0760882578157354 Validation: 0.2809648723176059


Train: 0.0760882578378811 Validation: 0.29244971450965135


Train: 0.07608854709446082 Validation: 0.30515829844972026


Train: 7.705204089832248e+19 Validation: 1.2213394395436029e+17


Train: 0.07759408615615813 Validation: 0.29303019795157786


Train: 0.07608829875795436 Validation: 0.27333490996996723


Train: 0.07608825781634053 Validation: 0.2818841052178998


Train: 0.07608825783583377 Validation: 0.29422952198846586


Train: 0.07608843849748458 Validation: 0.3077312870919177


Train: 9.93401597841042e+19 Validation: 6.564206064234234e+16


Train: 0.07759411242925357 Validation: 0.2930291717617083


Train: 0.07608829991551745 Validation: 0.2735187570700699


Train: 0.0760882578172275 Validation: 0.28296605485796256


Train: 0.07608825782842014 Validation: 0.29627331288259084


Train: 0.07608834766129037 Validation: 0.31068955848353386


Train: 26669928504983.668 Validation: 34920906889.704895


Train: 0.07759414520238672 Validation: 0.29302789472594887


Train: 0.07608830133460727 Validation: 0.2737644465501195


Train: 0.07608825781857849 Validation: 0.2842516211761437


Train: 0.07608825782134816 Validation: 0.2986410691265025


Train: 0.07608838358785956 Validation: 0.31410611900729746


Train: 4.400498067769302e+16 Validation: 47176047202717.36


Train: 0.0775941872280666 Validation: 0.2930262620759551


Train: 0.07608830312089912 Validation: 0.2740933487918326


Train: 0.07608825782073335 Validation: 0.2857961238209979


Train: 0.07608825781809578 Validation: 0.30141280806386034


Train: 0.07608841715141072 Validation: 0.31808917670264863


Train: 751663270709.1108 Validation: 485002248.47016954


Train: 0.14223248110219816 Validation: 0.7019606576231459


Train: 0.07608831774912876 Validation: 0.2729174397494974


Train: 0.07608825781483487 Validation: 0.27709932998985265


Train: 0.07608825784051941 Validation: 0.28431445441061476


Train: 0.07608835211819975 Validation: 0.2930500801332948


Train: 9.193435708347548e+17 Validation: 193200639483252.22


Train: 0.14223310477214995 Validation: 0.701964964556294


Train: 0.07608831851212937 Validation: 0.2729121926043043


Train: 0.07608825781503298 Validation: 0.2774913417602475


Train: 0.0760882578315363 Validation: 0.28520739182799487


Train: 0.07608841562179096 Validation: 0.29441856595073823


Train: 2.1284260106204216e+16 Validation: 10239129282437.012


Train: 0.1422338170142547 Validation: 0.7019698832825162


Train: 0.07608831936099816 Validation: 0.2729190024538395


Train: 0.07608825781529154 Validation: 0.2779421265202464


Train: 0.07608825782613006 Validation: 0.28620927758853343


Train: 0.07608831399507011 Validation: 0.2959430013488955


Train: 0.08042040515569993 Validation: 0.3055576530971586


Train: 0.14223463818028437 Validation: 0.7019755543764149


Train: 0.07608832031563942 Validation: 0.27294101800236503


Train: 0.07608825781563627 Validation: 0.2784631230891903


Train: 0.07608825783020294 Validation: 0.2873389526833885


Train: 0.07608831099594233 Validation: 0.2976424785825071


Train: 1.4273638497652294e+16 Validation: 20861265283260.14


Train: 0.1422355952555832 Validation: 0.7019821643334457


Train: 0.07608832140251158 Validation: 0.27298236432030276


Train: 0.0760882578161027 Validation: 0.2790687396148572


Train: 0.07608825782417185 Validation: 0.2886194206923236


Train: 0.07608836445935421 Validation: 0.2995461327729454


Train: 1.230655245317253e+18 Validation: 2479941502864640.0


Train: 0.14223672507464577 Validation: 0.7019899676342476


Train: 0.07608832265754675 Validation: 0.2730485254374533


Train: 0.07608825781675065 Validation: 0.27977736040251167


Train: 0.07608825782301977 Validation: 0.2900795293366146


Train: 0.07608841785207403 Validation: 0.30169951209835644


Train: 102716753647.08699 Validation: 68936803.48495257


Train: 0.1422380790402766 Validation: 0.7019993194803402


Train: 0.07608832413071716 Validation: 0.27314691567706717


Train: 0.0760882578176726 Validation: 0.2806127947815223


Train: 0.07608825782083974 Validation: 0.29175598437211475


Train: 0.07608831357027399 Validation: 0.304146596249468


Train: 1.2684801679387405e+18 Validation: 604433337878191.1


Train: 0.1422397311946374 Validation: 0.7020107315735022


Train: 0.0760883258934907 Validation: 0.27328775614710743


Train: 0.07608825781903177 Validation: 0.2816063707975246


Train: 0.07608825782226031 Validation: 0.2936962597144089


Train: 0.07608831204471887 Validation: 0.3069660564494022


Train: 0.07850054087944079 Validation: 0.3209948954180821


Train: 0.1422417922270272 Validation: 0.7020249689633168


Train: 0.076088328051511 Validation: 0.27348546209158375


Train: 0.07608825782111255 Validation: 0.2828001068916639


Train: 0.07608825781803426 Validation: 0.29596307212202366


Train: 0.07608828194700988 Validation: 0.3102425769207904


Train: 3841893036368413.5 Validation: 11887918177790.799


Train: 0.14224443537255096 Validation: 0.7020432291597732


Train: 0.07608833076733197 Validation: 0.2737609206461253


Train: 0.07608825782445655 Validation: 0.28425161815296346


Train: 0.07608825782073338 Validation: 0.2986410645780627


Train: 0.07608829674002052 Validation: 0.3141017985363167


Train: 26237644238542.38 Validation: 1120553902128.0063


Train: 0.07732808287602812 Validation: 0.28338374942735056


Train: 0.0760883624167439 Validation: 0.27296628220230806


Train: 0.07608825781553784 Validation: 0.27627684702231725


Train: 0.07608825782448395 Validation: 0.2823588011293524


Train: 0.07608831120574934 Validation: 0.28997136714982785


Train: 5.7560412880142616e+16 Validation: 418157901029887.5


Train: 0.07732804926437625 Validation: 0.2833833213811595


Train: 0.07608836369702332 Validation: 0.272935722876933


Train: 0.07608825781585604 Validation: 0.2766019271736777


Train: 0.07608825782162384 Validation: 0.28314694318735173


Train: 0.07608829065615678 Validation: 0.2912281203722935


Train: 2.1254777852134984e+18 Validation: 2429254943126554.0


Train: 0.07732801087896367 Validation: 0.2833828327025228


Train: 0.07608836511283676 Validation: 0.27291460130799955


Train: 0.07608825781627228 Validation: 0.27698008283599557


Train: 0.0760882578201037 Validation: 0.28403828598757425


Train: 0.07608828765727786 Validation: 0.2926216879376245


Train: 0.07736311884075599 Validation: 0.3020410067239308


Train: 0.07732796662504497 Validation: 0.2833822695275073


Train: 0.0760883666957093 Validation: 0.2729056629781217


Train: 0.07608825781682377 Validation: 0.27742219797871137


Train: 0.0760882578201262 Validation: 0.28505141747154455


Train: 0.07608833044893669 Validation: 0.29418337095434355


Train: 1.6287976350703108e+16 Validation: 457272624270097.8


Train: 0.07732791504543239 Validation: 0.2833816134157553


Train: 0.07608836848770661 Validation: 0.2729125520744619


Train: 0.0760882578175715 Validation: 0.27794212715870037


Train: 0.07608825781789562 Validation: 0.28620934626191574


Train: 0.0760883215618092 Validation: 0.2959456053684768


Train: 0.07745956939166121 Validation: 0.3062022092852758


Train: 0.07732785415703941 Validation: 0.28338083929421715


Train: 0.07608837054615729 Validation: 0.2729401790589273


Train: 0.076088257818612 Validation: 0.27855774199384276


Train: 0.07608825781762489 Validation: 0.2875412306165664


Train: 0.07608831748055365 Validation: 0.2979451082254964


Train: 9.44712470560779e+18 Validation: 1.8804513661285996e+16


Train: 0.07732778118985129 Validation: 0.2833799121791794


Train: 0.07608837295107754 Validation: 0.27299527658432826


Train: 0.07608825782010235 Validation: 0.2792924526860422


Train: 0.07608825781745637 Validation: 0.2890845169175155


Train: 0.07608827566294081 Validation: 0.3002346069383091


Train: 9.664937773538662e+18 Validation: 2.4909395830703988e+16


Train: 0.07732769215398988 Validation: 0.2833787817429362


Train: 0.0760883758174554 Validation: 0.27308726518114


Train: 0.07608825782230576 Validation: 0.28017747298850887


Train: 0.07608825781610748 Validation: 0.29088796488822016


Train: 0.07608827645848097 Validation: 0.30288185668335316


Train: 1.130715083107067e+19 Validation: 1.623961497848526e+17


Train: 0.07732758108469694 Validation: 0.28337737286732223


Train: 0.07608837931618505 Validation: 0.27322964527233984


Train: 0.07608825782570186 Validation: 0.28125527457355953


Train: 0.07608825781702194 Validation: 0.2930166903053655


Train: 0.0760882618694418 Validation: 0.30597974498735464


Train: 0.07637169438757377 Validation: 0.31962007130804093


Train: 0.07732743864831403 Validation: 0.28337556823502646


Train: 0.07608838371193845 Validation: 0.27344232368401944


Train: 0.0760882578312032 Validation: 0.28258504059342615


Train: 0.0760882578156428 Validation: 0.2955593689706659


Train: 0.076088263830116 Validation: 0.3096608010601121


Train: 0.0761864619488431 Validation: 0.32454037750667364


Train: 0.0768745866306684 Validation: 0.2856694243757566


Train: 0.0760884573759268 Validation: 0.27309365247631995


Train: 0.07608825781710818 Validation: 0.2755026649452227


Train: 0.07608825781961907 Validation: 0.2803714590842956


Train: 0.07608828289943052 Validation: 0.2867272691640148


Train: 0.07653581600199716 Validation: 0.29347273589885053


Train: 0.07687458161534527 Validation: 0.2856691737446683


Train: 0.07608845975318428 Validation: 0.2730358657228822


Train: 0.07608825781766694 Validation: 0.275752970128697


Train: 0.07608825781769187 Validation: 0.28103462063814827


Train: 0.07608827834548662 Validation: 0.28782876523227474


Train: 0.07641740131634579 Validation: 0.29538711892759634


Train: 0.07687457588755388 Validation: 0.2856688875769679


Train: 0.07608846236216406 Validation: 0.27298451792927614


Train: 0.07608825781839068 Validation: 0.27604911989950504

