Unloaded module: latex/TeXLive12
Loaded module: python3/3.6.2

Train: 0.0761206991722804 Validation: 0.2795312805255446


Train: 0.07608825798165526 Validation: 0.2730500394499749


Train: 0.07608825781417046 Validation: 0.2796263444881834


Train: 0.07608826321147114 Validation: 0.289771428757625


Train: 0.07617523630325236 Validation: 0.30125946467773757

singular matrix error

Train: 0.0761206991301169 Validation: 0.279530810213559


Train: 0.07608825798405763 Validation: 0.2731098557063325


Train: 0.0760882578143433 Validation: 0.2801774792044623


Train: 0.0760882640498975 Validation: 0.2908880631752621


Train: 0.07613908702502291 Validation: 0.3029304364017554

singular matrix error

Train: 0.07612069908199896 Validation: 0.27953027386716495


Train: 0.07608825798675446 Validation: 0.2731876873170784


Train: 0.07608825781409277 Validation: 0.28079769616659017


Train: 0.07608826405675678 Validation: 0.29212036307664424


Train: 0.07614317713590678 Validation: 0.3047370864804162

singular matrix error

Train: 0.07612069902655194 Validation: 0.27952965653168427


Train: 0.0760882579898133 Validation: 0.27328744182805964


Train: 0.07608825781424387 Validation: 0.28149879209597245


Train: 0.07608826251452722 Validation: 0.29348873179416973


Train: 0.07620209777998743 Validation: 0.30680962793598315

singular matrix error

Train: 0.07612069896196212 Validation: 0.27952893837053133


Train: 0.07608825799332332 Validation: 0.27341410191425874


Train: 0.07608825781418828 Validation: 0.2822953258136477


Train: 0.0760882612913287 Validation: 0.2950119210613279


Train: 0.07616473229074362 Validation: 0.30906074659729843

singular matrix error

Train: 0.07612069888579927 Validation: 0.27952809248960175


Train: 0.07608825799740228 Validation: 0.27357410729865916


Train: 0.07608825781416208 Validation: 0.28320535376050304


Train: 0.0760882615133146 Validation: 0.2967177989265133


Train: 0.07613232631946289 Validation: 0.31121221798495036

singular matrix error

Train: 0.0761206987945528 Validation: 0.2795270814946403


Train: 0.07608825800221113 Validation: 0.2737759029801603


Train: 0.07608825781412512 Validation: 0.28425163073900894


Train: 0.07608826027260161 Validation: 0.2986406760487592


Train: 0.07611706676220112 Validation: 0.31418679102015185

singular matrix error

Train: 0.07612069868339934 Validation: 0.27952585181916345


Train: 0.07608825800798426 Validation: 0.27403075792235826


Train: 0.07608825781404827 Validation: 0.28546319845256884


Train: 0.0760882593084368 Validation: 0.30082108373988264


Train: 0.07617373079836015 Validation: 0.31722754206957066

singular matrix error

Train: 0.07612069854489743 Validation: 0.27952432393982596


Train: 0.07608825801505084 Validation: 0.2743540090597009


Train: 0.07608825781404138 Validation: 0.28687785648262404


Train: 0.07608825920248177 Validation: 0.30331361037994653


Train: 0.07616448523768392 Validation: 0.32073026733140547

singular matrix error

Train: 0.07612069836758097 Validation: 0.2795223744357113


Train: 0.07608825802392387 Validation: 0.2747670278585672


Train: 0.07608825781399503 Validation: 0.28854555273301


Train: 0.07608825895025288 Validation: 0.30619077728696203


Train: 0.07616579499253628 Validation: 0.32511111919576335

singular matrix error

Train: 0.07612010212946402 Validation: 0.2796089734533759


Train: 0.07608825806376217 Validation: 0.27297869364329214


Train: 0.07608825781424809 Validation: 0.2787880705770958


Train: 0.0760882616333616 Validation: 0.28803024127153964


Train: 0.07611838113164864 Validation: 0.29879170085512896

singular matrix error

Train: 0.07612010208909097 Validation: 0.2796085487256876


Train: 0.07608825806716157 Validation: 0.273018391871737


Train: 0.07608825781411455 Validation: 0.27929244357480665


Train: 0.07608826155989323 Validation: 0.2890848758690872


Train: 0.07612866369415795 Validation: 0.3003105399396137

singular matrix error

Train: 0.07612010204306045 Validation: 0.27960806425372947


Train: 0.07608825807096764 Validation: 0.2730743986998307


Train: 0.07608825781406606 Validation: 0.27986342897476457


Train: 0.07608826036944735 Validation: 0.29025492706014777


Train: 0.0761433840660741 Validation: 0.3019042794000752


Train: 1.0334479077735829e+21 Validation: 1.50681776573752e+19


Train: 0.07612010198998606 Validation: 0.2796075064852124


Train: 0.07608825807526956 Validation: 0.2731504310887477


Train: 0.07608825781399267 Validation: 0.2805128049499748


Train: 0.07608826019077329 Validation: 0.2915568236943641


Train: 0.07613093003642657 Validation: 0.3038844459800643


Train: 1.6066860114022781e+18 Validation: 3581469174835248.5


Train: 0.07612010192815223 Validation: 0.2796068574352927


Train: 0.07608825808019645 Validation: 0.273251265560726


Train: 0.07608825781406237 Validation: 0.28125528128650584


Train: 0.07608825908161812 Validation: 0.29301611184966964


Train: 0.07611959370084023 Validation: 0.30587863609917154


Train: 1.2996223679746107e+21 Validation: 3.294072844143433e+20


Train: 0.07612010185522135 Validation: 0.2796060926981454


Train: 0.07608825808590826 Validation: 0.2733831251167052


Train: 0.0760882578141005 Validation: 0.2821092060318182


Train: 0.07608825904132362 Validation: 0.29465933641880543


Train: 0.07611547672676498 Validation: 0.30832926301291674


Train: 8.765100282173458e+21 Validation: 1.633811788711328e+20


Train: 0.0761201017678581 Validation: 0.27960517831287107


Train: 0.07608825809264111 Validation: 0.27355424305554393


Train: 0.07608825781396021 Validation: 0.2830979747274559


Train: 0.07608825898306641 Validation: 0.2965191178500953


Train: 0.07611298851775465 Validation: 0.3110818591342489


Train: 3.43684683995871e+21 Validation: 3.390236713603067e+21


Train: 0.07612010166137301 Validation: 0.27960406560679324


Train: 0.07608825810070828 Validation: 0.27377571082275043


Train: 0.07608825781393612 Validation: 0.2842516335868606


Train: 0.07608825942949674 Validation: 0.29864074354652803


Train: 0.07609458767019722 Validation: 0.3141168774551288


Train: 5.644566339017852e+20 Validation: 1.2057568327685172e+20


Train: 0.07612010152867167 Validation: 0.2796026822211263


Train: 0.07608825811059669 Validation: 0.27406278029476083


Train: 0.07608825781398344 Validation: 0.2856095812055442


Train: 0.07608825877276691 Validation: 0.30108160716530813


Train: 0.07611364448036377 Validation: 0.317675962846376


Train: 7.490792954715058e+21 Validation: 7.357204503807916e+18


Train: 0.07612010135872785 Validation: 0.2796009157326975


Train: 0.07608825812301132 Validation: 0.27443694700507726


Train: 0.0760882578139678 Validation: 0.2872245246045145


Train: 0.0760882586836606 Validation: 0.30391681524526093


Train: 0.07610403370470109 Validation: 0.3217140433769622


Train: 8.578112993173205e+24 Validation: 6.279168830185684e+20


Train: 0.07611961815852321 Validation: 0.27969284652568804


Train: 0.07608825820428074 Validation: 0.2729367830916922


Train: 0.07608825781407735 Validation: 0.27794213640230986


Train: 0.07608826039158179 Validation: 0.2862088486930689


Train: 0.0761333057485034 Validation: 0.29591133846344203


Train: 2.1768746288150286e+19 Validation: 4.18506435442747e+18


Train: 0.07611961811939524 Validation: 0.27969246760529176


Train: 0.07608825820931911 Validation: 0.2729546987808269


Train: 0.07608825781398912 Validation: 0.27839370578775147


Train: 0.07608825962466963 Validation: 0.2871901877125545


Train: 0.07610630766470151 Validation: 0.2974959543397497


Train: 4.368170367795218e+20 Validation: 3.088645977694851e+20


Train: 0.0761196180747483 Validation: 0.2796920353028155


Train: 0.07608825821494318 Validation: 0.27298694786979594


Train: 0.07608825781394588 Validation: 0.2789084911723448


Train: 0.07608825928445788 Validation: 0.2882839744980375


Train: 0.07610035849172303 Validation: 0.29904125433764467


Train: 2.9813739023845236e+21 Validation: 7.970805332611752e+19


Train: 0.0761196180233449 Validation: 0.27969153747391035


Train: 0.07608825822128014 Validation: 0.273036997441115


Train: 0.07608825781390885 Validation: 0.2794981812993598


Train: 0.07608825922116218 Validation: 0.28950837377318694


Train: 0.0761315077192585 Validation: 0.30084981264806626


Train: 3.4020591439680596e+20 Validation: 1.2638112952136416e+20


Train: 0.0761196179633818 Validation: 0.27969095800523514


Train: 0.07608825822850528 Validation: 0.2731093434249896


Train: 0.07608825781394919 Validation: 0.2801774793362028


Train: 0.0760882595444054 Validation: 0.29088796722029786


Train: 0.076093544711311 Validation: 0.3029474852410577


Train: 1.2000757393631695e+21 Validation: 1.8460013396646224e+19


Train: 0.07611961789267198 Validation: 0.2796902750109422


Train: 0.07608825823686183 Validation: 0.2732098968545844


Train: 0.07608825781388397 Validation: 0.280964874361242


Train: 0.07608825876444175 Validation: 0.2924495585061079


Train: 0.07609941112031197 Validation: 0.30513084874270796


Train: 2.7010250146231278e+20 Validation: 7.629761239866817e+19


Train: 0.07611961780797281 Validation: 0.27968945804626955


Train: 0.07608825824667498 Validation: 0.2733465584370266


Train: 0.07608825781395243 Validation: 0.2818841074197736


Train: 0.07608825838022729 Validation: 0.29422941319166585


Train: 0.07609991920156375 Validation: 0.30773498184063813


Train: 8.920291511372061e+19 Validation: 3.483903570880155e+17


Train: 0.07611961770464715 Validation: 0.2796884633987577


Train: 0.07608825825842269 Validation: 0.2735300847362765


Train: 0.0760882578139261 Validation: 0.2829660571687819


Train: 0.07608825843994256 Validation: 0.29627371127763125


Train: 0.07610251457844162 Validation: 0.310657055313027


Train: 6.1732716992606574e+22 Validation: 2.1514015240539234e+19


Train: 0.07611961757592385 Validation: 0.2796872260413791


Train: 0.07608825827279501 Validation: 0.2737754425313282


Train: 0.07608825781389654 Validation: 0.2842516254740526


Train: 0.07608825822790477 Validation: 0.29864107871874934


Train: 0.0760969801639423 Validation: 0.31409549400466924


Train: 1.9577299083230868e+23 Validation: 3.032956916163009e+19


Train: 0.07611961741097374 Validation: 0.2796856448119168


Train: 0.07608825829086112 Validation: 0.2741039996196462


Train: 0.07608825781393715 Validation: 0.28579612679218547


Train: 0.07608825808077588 Validation: 0.30141287732292493


Train: 0.07609491579071181 Validation: 0.31813226791754073


Train: 5.253602499639038e+21 Validation: 3.621768591716368e+21


Train: 0.0761192976710897 Validation: 0.27978410199942017


Train: 0.0760882584617723 Validation: 0.2729355989874735


Train: 0.07608825781392546 Validation: 0.27709931889692113


Train: 0.07608825911394426 Validation: 0.2843146231732385


Train: 0.07609497095790249 Validation: 0.2930148766273936


Train: 4.245473837605665e+20 Validation: 1.0367650556510394e+18


Train: 0.07611929763251261 Validation: 0.2797837691413008


Train: 0.07608825846974233 Validation: 0.2729299254753663


Train: 0.07608825781392525 Validation: 0.2774913443180807


Train: 0.0760882590466017 Validation: 0.28520734324479974


Train: 0.07609531891737997 Validation: 0.2943867558464373


Train: 8.30733951923455e+21 Validation: 2.381109335335347e+20


Train: 0.07611929758847252 Validation: 0.27978338929786367


Train: 0.07608825847856843 Validation: 0.2729363073450864


Train: 0.07608825781392893 Validation: 0.27794212479045516


Train: 0.0760882589444276 Validation: 0.2862098048642476


Train: 0.07609305057133468 Validation: 0.2959695033055196


Train: 1.3241946216132467e+20 Validation: 1.0498501106877005e+18


Train: 0.07611929753764354 Validation: 0.2797829517767046


Train: 0.07608825848846949 Validation: 0.2729578924926012


Train: 0.07608825781392671 Validation: 0.2784631214272537


Train: 0.07608825881724389 Validation: 0.2873387330713462


Train: 0.07609159665590866 Validation: 0.2976463587301548


Train: 1814041736625768.8 Validation: 2600596909269.6997


Train: 0.07611929747850692 Validation: 0.27978244235316113


Train: 0.07608825849969833 Validation: 0.272998804254691


Train: 0.07608825781388322 Validation: 0.2790687426334287


Train: 0.07608825838869715 Validation: 0.28861922588040617


Train: 0.07609914193500267 Validation: 0.29954389777452467


Train: 2.781254818964429e+19 Validation: 5.28157636804252e+18


Train: 0.07611929740868797 Validation: 0.2797818417208889


Train: 0.0760882585126251 Validation: 0.2730645252029543


Train: 0.07608825781388309 Validation: 0.27977735939578235


Train: 0.0760882583257903 Validation: 0.2900798852543303


Train: 0.07609284456098997 Validation: 0.3016858269076351


Train: 629697373112494.8 Validation: 339872961502104.94


Train: 0.0761192973250003 Validation: 0.27978112297258373


Train: 0.07608825852773626 Validation: 0.2731624673580614


Train: 0.07608825781387735 Validation: 0.28061279795357547


Train: 0.07608825814711016 Validation: 0.29175593710089437


Train: 0.07609101306875603 Validation: 0.30414015306791387


Train: 1.1016945664961559e+21 Validation: 7.585349661957614e+17


Train: 0.07611929722296418 Validation: 0.2797802474808076


Train: 0.07608825854576824 Validation: 0.2733028493273968


Train: 0.07608825781389002 Validation: 0.28160637321453663


Train: 0.07608825810057396 Validation: 0.2936963312717638


Train: 0.07609795963226974 Validation: 0.3069722774619539


Train: 1.684312480313393e+20 Validation: 1.3263707638567866e+19


Train: 0.07611929709573265 Validation: 0.27977915769967815


Train: 0.07608825856777014 Validation: 0.2735000833765751


Train: 0.0760882578138959 Validation: 0.2828001151277622


Train: 0.07608825812629454 Validation: 0.29596292066692825


Train: 0.0760910721695504 Validation: 0.31025621479352034


Train: 1.612372699213303e+19 Validation: 1.0004306695329327e+19


Train: 0.07611929693269151 Validation: 0.27977776399239906


Train: 0.07608825859538336 Validation: 0.27377505232555094


Train: 0.07608825781395057 Validation: 0.28425162196736975


Train: 0.07608825797991087 Validation: 0.29864109764067437


Train: 0.07609251342575259 Validation: 0.3141158770724368


Train: 1.3172903513414096e+17 Validation: 37888682017419.89


Train: 0.07611923922349996 Validation: 0.2798850033432389


Train: 0.07608825897702319 Validation: 0.27299197083982873


Train: 0.07608825781391253 Validation: 0.27627683984774215


Train: 0.07608825848484022 Validation: 0.2823588525955973


Train: 0.07609039624937011 Validation: 0.2899472208305936


Train: 1425832875191745.2 Validation: 667564129568192.1


Train: 0.0761192391843814 Validation: 0.27988471677397797


Train: 0.07608825899072404 Validation: 0.2729607459392282


Train: 0.0760882578138846 Validation: 0.2766019178522587


Train: 0.07608825859348887 Validation: 0.28314695162138437


Train: 0.07609017824481167 Validation: 0.29123190111314123


Train: 5593488976113.387 Validation: 3181734620425.1543


Train: 0.07611923913977396 Validation: 0.27988438968966856


Train: 0.07608825900582167 Validation: 0.272938959874282


Train: 0.0760882578138847 Validation: 0.27698007506158234


Train: 0.07608825831023606 Validation: 0.28403839832039135


Train: 0.07608955585652337 Validation: 0.2926040789126931


Train: 8085912624.727672 Validation: 4781394253.486509


Train: 0.07611923908828101 Validation: 0.2798840128394356


Train: 0.07608825902259402 Validation: 0.272929355950073


Train: 0.07608825781386039 Validation: 0.27742220129414447


Train: 0.07608825816741936 Validation: 0.28505129216729075


Train: 0.07608935452294727 Validation: 0.2941744209174659


Train: 11957274994372.863 Validation: 2458574313110.2686


Train: 0.07611923902828488 Validation: 0.2798835739299405


Train: 0.07608825904148413 Validation: 0.2729355769730259


Train: 0.07608825781387596 Validation: 0.27794212509352195


Train: 0.07608825823487138 Validation: 0.2862095238790097


Train: 0.07608903852683196 Validation: 0.2959592421893995


Train: 8278682.337564973 Validation: 5866355.503808028


Train: 0.07611923895749634 Validation: 0.27988305626315046


Train: 0.07608825906306567 Validation: 0.2729625306050678


Train: 0.07608825781387857 Validation: 0.2785577468245665


Train: 0.07608825817717085 Validation: 0.2875413370640229


Train: 0.07608929257039544 Validation: 0.29794019250676207


Train: 2.469378262003367e+18 Validation: 1.1207033762520843e+17


Train: 0.07611923887267466 Validation: 0.27988243655248596


Train: 0.07608825908814663 Validation: 0.2730169467697797


Train: 0.0760882578138765 Validation: 0.27929245631840494


Train: 0.07608825808055654 Validation: 0.2890847245853661


Train: 0.07608961086952806 Validation: 0.3002459966524329


Train: 4514370115288824.0 Validation: 239116870338263.5


Train: 0.07611923876916586 Validation: 0.27988168132190816


Train: 0.07608825911787985 Validation: 0.27310824177150433


Train: 0.07608825781389712 Validation: 0.28017747831499923


Train: 0.07608825795290589 Validation: 0.290888325964243


Train: 0.07608905082516682 Validation: 0.3028750520020899


Train: 941542955771.4569 Validation: 4644303516.725252


Train: 0.07611923864006721 Validation: 0.279880740662361


Train: 0.0760882591539884 Validation: 0.27324991140933286


Train: 0.07608825781392771 Validation: 0.28125528083045137


Train: 0.07608825794875107 Validation: 0.29301676310967956


Train: 0.07608873613404411 Validation: 0.3059692247445619


Train: 10208223907153.225 Validation: 46237972656.25206


Train: 0.07611923847458019 Validation: 0.27987953674387916


Train: 0.07608825919914004 Validation: 0.27346185617373686


Train: 0.07608825781398071 Validation: 0.2825850521398253


Train: 0.0760882579027696 Validation: 0.2955593247865855


Train: 0.07608842259427734 Validation: 0.3096673868838312


Train: 7557534308013932.0 Validation: 3299272279897288.5


Train: 0.07611965493129422 Validation: 0.2799999889013675


Train: 0.07608826013625418 Validation: 0.273132347103066


Train: 0.0760882578138988 Validation: 0.27550265903825544


Train: 0.07608825821379975 Validation: 0.28037084264231593


Train: 0.07608991231468837 Validation: 0.28671637335672645


Train: 4.09326519812841e+16 Validation: 25317299369894.28


Train: 0.07611965489012298 Validation: 0.2799997488654709


Train: 0.0760882601629521 Validation: 0.27307342678774693


Train: 0.07608825781390384 Validation: 0.27575295275611483


Train: 0.0760882581232634 Validation: 0.2810346459863338


Train: 0.07608921058407599 Validation: 0.28782034339297247


Train: 51357342326838.79 Validation: 619188137212.5118


Train: 0.07611965484309066 Validation: 0.2799994748188883


Train: 0.07608826019201034 Validation: 0.27302095336904025

