Unloaded module: latex/TeXLive12
Loaded module: python3/3.6.2

Train: 1.0956060658060494 Validation: 5.405326195169483


Train: 0.07608875035921406 Validation: 0.28889476472582076


Train: 0.07608825782638197 Validation: 0.2898730985087866


Train: 0.07608825781692691 Validation: 0.29233168369788937


Train: 0.07608827919233949 Validation: 0.2967362187525697


Train: 0.07661234694998037 Validation: 0.30296965214648947


Train: 1.0955748436433743 Validation: 5.405174312984199


Train: 0.0760887577133893 Validation: 0.2887796573513818


Train: 0.07608825782835034 Validation: 0.28988426683558927


Train: 0.07608825781634433 Validation: 0.292664608541941


Train: 0.07608827498881872 Validation: 0.29757412116189097


Train: 0.07616704673606156 Validation: 0.30446858134768623


Train: 1.0955391751943258 Validation: 5.4050008006820205


Train: 0.07608876578854935 Validation: 0.2886556073632701


Train: 0.07608825783087386 Validation: 0.28991314767494214


Train: 0.0760882578154957 Validation: 0.29307277484901206


Train: 0.07608826657915761 Validation: 0.2985686832433511


Train: 0.07618289089950735 Validation: 0.3060634448091669


Train: 1.0954980380830086 Validation: 5.404800684593136


Train: 0.07608877474291553 Validation: 0.2885215705712049


Train: 0.07608825783416939 Validation: 0.2899661106982802


Train: 0.07608825781515242 Validation: 0.2935751564787017


Train: 0.0760882673939024 Validation: 0.29975056880365236


Train: 0.07636690830639255 Validation: 0.30872032948689304


Train: 1.0954500693652658 Validation: 5.404567334035007


Train: 0.07608878478656858 Validation: 0.288376478525406


Train: 0.07608825783858486 Validation: 0.2900518934484539


Train: 0.07608825781605291 Validation: 0.29419665044085785


Train: 0.07608826257969392 Validation: 0.30115726779568114


Train: 0.07646794802061789 Validation: 0.311091936797496


Train: 1.0953934134465706 Validation: 5.404291721496437


Train: 0.07608879620464107 Validation: 0.2882193142924955


Train: 0.07608825784464647 Validation: 0.29018262369457176


Train: 0.07608825781487635 Validation: 0.29497030130712015


Train: 0.07608826142951948 Validation: 0.302852244453977


Train: 0.07618762422793987 Validation: 0.31353593149267966


Train: 1.0953254758604691 Validation: 5.403961224648676


Train: 0.07608880939386166 Validation: 0.2880492571916096


Train: 0.0760882578532198 Validation: 0.2903753819893498


Train: 0.07608825781447663 Validation: 0.2959404841168026


Train: 0.0760882610334832 Validation: 0.30490176995524465


Train: 0.07611818543612181 Validation: 0.3169344952893612


Train: 1.0952425139131556 Validation: 5.403557634699357


Train: 0.0760888249225598 Validation: 0.2878659545462742


Train: 0.07608825786579768 Validation: 0.2906546549686045


Train: 0.07608825781433741 Validation: 0.2971679992999973


Train: 0.0760882615714761 Validation: 0.30741556674506604


Train: 0.07615974329320464 Validation: 0.3209265574143809


Train: 1.0951389242267542 Validation: 5.403053689590599


Train: 0.07608884363370112 Validation: 0.2876700336296511


Train: 0.076088257885041 Validation: 0.29105628463222327


Train: 0.07608825781430596 Validation: 0.29873783637617934


Train: 0.07608826078134445 Validation: 0.31052744044550057


Train: 0.07618668145414347 Validation: 0.3261798143268676


Train: 1.0950059213760586 Validation: 5.4024066447016805


Train: 0.07608886683132954 Validation: 0.287464082723166


Train: 0.076088257916063 Validation: 0.2916340810144896


Train: 0.07608825781421415 Validation: 0.30077184667734264


Train: 0.07608825945808079 Validation: 0.3144304498371066


Train: 0.07612561157477288 Validation: 0.3321127159412552


Train: 0.7466355981468152 Validation: 3.6326398160792817


Train: 0.07608895248496107 Validation: 0.289065338832975


Train: 0.07608825783264075 Validation: 0.2898832587785404


Train: 0.07608825781770094 Validation: 0.29188131647072973


Train: 0.0760882688039037 Validation: 0.2955315603850783


Train: 0.07623284305456692 Validation: 0.3011268277705782


Train: 0.7466216811959165 Validation: 3.6325849694181325


Train: 0.07608896285520976 Validation: 0.28895150056303837


Train: 0.07608825783544629 Validation: 0.28987328453504774


Train: 0.07608825781517237 Validation: 0.29214394612100053


Train: 0.07608826657016066 Validation: 0.29624188267207063


Train: 0.07626136622501226 Validation: 0.3024625280007762


Train: 0.7466057823917485 Validation: 3.6325223144489382


Train: 0.07608897421587836 Validation: 0.2888285335687825


Train: 0.0760882578390191 Validation: 0.289876392574005


Train: 0.07608825781488406 Validation: 0.29247138168367454


Train: 0.07608826294867846 Validation: 0.2970900681078688


Train: 0.07612543451708238 Validation: 0.30383434605554954


Train: 0.746587445696905 Validation: 3.6324500547729004


Train: 0.0760889867831584 Validation: 0.2886951495377226


Train: 0.07608825784367369 Validation: 0.28989796756499225


Train: 0.07608825781490412 Validation: 0.2928810024882233


Train: 0.07608826175016505 Validation: 0.2981045627510513


Train: 0.07614231017347416 Validation: 0.30540046463237464


Train: 0.7465660637288383 Validation: 3.6323657983976503


Train: 0.07608900084434998 Validation: 0.28854994875426015


Train: 0.07608825784988205 Validation: 0.2899455277316211


Train: 0.07608825781518708 Validation: 0.29339580369816665


Train: 0.07608826114555373 Validation: 0.29933220025509405


Train: 0.07615877737152377 Validation: 0.3076629812701576


Train: 0.7465408094825028 Validation: 3.632266288405547


Train: 0.07608901678972468 Validation: 0.2883914640202296


Train: 0.07608825785837786 Validation: 0.2900296964433469


Train: 0.07608825781485558 Validation: 0.2940466908632767


Train: 0.07608825969758448 Validation: 0.30082154289138624


Train: 0.07612925455289438 Validation: 0.31029642189864265


Train: 0.7465105262634754 Validation: 3.6321469702018603


Train: 0.07608903516298283 Validation: 0.2882182610905317


Train: 0.07608825787039185 Validation: 0.29016569548524446


Train: 0.07608825781440696 Validation: 0.2948755329977562


Train: 0.07608825922855122 Validation: 0.30264581258802953


Train: 0.07623275863725096 Validation: 0.31315844477614796


Train: 0.7464735457619777 Validation: 3.6320012753410076


Train: 0.07608905674431703 Validation: 0.2880291471015779


Train: 0.0760882578879944 Validation: 0.29037572454670724


Train: 0.07608825781410022 Validation: 0.2959404797274406


Train: 0.07608825919333664 Validation: 0.3049026129701203


Train: 0.0760958333746555 Validation: 0.31695197272631903


Train: 0.7464273699814994 Validation: 3.6318193703287105


Train: 0.07608908269340549 Validation: 0.2878235923726113


Train: 0.07608825791494886 Validation: 0.2906928445615594


Train: 0.07608825781403998 Validation: 0.29732364493448327


Train: 0.07608825838590592 Validation: 0.3077285852397057


Train: 0.07611483845956751 Validation: 0.32144977545910075


Train: 0.7463680825833227 Validation: 3.631585841502549


Train: 0.07608911480928367 Validation: 0.2876025831345508


Train: 0.07608825795846763 Validation: 0.2911675816098223


Train: 0.07608825781409137 Validation: 0.29914445508014936


Train: 0.07608825850608117 Validation: 0.3113168321924351


Train: 0.07611139407200374 Validation: 0.32716731222004397


Train: 3.90612363037634 Validation: 18.07650505283374


Train: 0.07608926558568536 Validation: 0.2892517208609982


Train: 0.07608825784380854 Validation: 0.2899281445237969


Train: 0.07608825781661968 Validation: 0.29150007801370054


Train: 0.07608826421123975 Validation: 0.29442378408179093


Train: 0.0761072974710128 Validation: 0.2988314689820148


Train: 3.9058863455857873 Validation: 18.075383072509208


Train: 0.0760892807011526 Validation: 0.28913927071205975


Train: 0.07608825784800814 Validation: 0.2898998509179479


Train: 0.07608825781486374 Validation: 0.29169410910086657


Train: 0.07608826203459745 Validation: 0.2950012117965586


Train: 0.07609968791343068 Validation: 0.300024693537742


Train: 3.905615248178018 Validation: 18.0741012118064


Train: 0.07608929722549503 Validation: 0.28901781116291614


Train: 0.07608825785332193 Validation: 0.28988001604261426


Train: 0.07608825781456705 Validation: 0.29194170579160483


Train: 0.07608826105238807 Validation: 0.2956964480103826


Train: 0.07610725467776545 Validation: 0.30115214656928035


Train: 3.905302565082559 Validation: 18.072622714981787


Train: 0.07608931546431566 Validation: 0.28888582718468203


Train: 0.0760882578602027 Validation: 0.28987293604758374


Train: 0.0760882578144616 Validation: 0.2922583236896044


Train: 0.07608826067552917 Validation: 0.29654224000079354


Train: 0.07610410849974292 Validation: 0.30269872074729703


Train: 3.904937918979288 Validation: 18.070898515230542


Train: 0.07608933582409041 Validation: 0.28874159850855147


Train: 0.07608825786934183 Validation: 0.28988476369876476


Train: 0.0760882578141952 Validation: 0.29266462696989864


Train: 0.07608825936742894 Validation: 0.29757542850094115


Train: 0.07609715102497591 Validation: 0.3045613296516217


Train: 3.904507192761751 Validation: 18.068861859179414


Train: 0.07608935885725403 Validation: 0.28858320688536804


Train: 0.07608825788180108 Validation: 0.28992439679480786


Train: 0.07608825781494645 Validation: 0.2931886604912758


Train: 0.07608825907195943 Validation: 0.29884537213757095


Train: 0.0761111239388802 Validation: 0.30674484236753286


Train: 3.903990632139241 Validation: 18.066419339270855


Train: 0.07608938533436227 Validation: 0.2884085833185895


Train: 0.07608825789934438 Validation: 0.29000487789438684


Train: 0.07608825781411928 Validation: 0.29386914790770036


Train: 0.07608825843696951 Validation: 0.30042029113896723


Train: 0.07611367761792816 Validation: 0.30952772203002504


Train: 3.9033597416743286 Validation: 18.063436215512176


Train: 0.07608941636287564 Validation: 0.28821563920035415


Train: 0.07608825792501012 Validation: 0.2901456410025798


Train: 0.07608825781428706 Validation: 0.29476040228755696


Train: 0.07608825828959478 Validation: 0.30239636023887984


Train: 0.07609316125167294 Validation: 0.31278341432418755


Train: 3.9025718404590473 Validation: 18.059710671665027


Train: 0.0760894535922732 Validation: 0.28800257361576787


Train: 0.07608825796426416 Validation: 0.29037626047561343


Train: 0.07608825781402206 Validation: 0.2959404571181101


Train: 0.07608825814500703 Validation: 0.30490300920676683


Train: 0.07609453005136141 Validation: 0.31686274084471877


Train: 3.9015599824480383 Validation: 18.054926153342034


Train: 0.07608949958831325 Validation: 0.2877685559613855


Train: 0.07608825802769502 Validation: 0.2907429230145569


Train: 0.07608825781426068 Validation: 0.2975243084875613


Train: 0.07608825814157898 Validation: 0.30813015456590925


Train: 0.07609172140634587 Validation: 0.32213071983184766


Train: 1.063337450917306 Validation: 5.187779648020543


Train: 0.0760897665564924 Validation: 0.2894587804281154


Train: 0.07608825786550234 Validation: 0.2900101636333181


Train: 0.07608825781478368 Validation: 0.2911998274260251


Train: 0.07608826217196364 Validation: 0.29343846465199674


Train: 0.07610529787780468 Validation: 0.29683917733243464


Train: 1.0633335572131357 Validation: 5.187765169160963


Train: 0.07608978943008642 Validation: 0.28934711694425724


Train: 0.07608825787223293 Validation: 0.2899673103082932


Train: 0.07608825781468792 Validation: 0.2913290954415381


Train: 0.07608826033935646 Validation: 0.293881900847578


Train: 0.07609842883117592 Validation: 0.2977911740555215


Train: 1.0633291073846531 Validation: 5.187748622185408


Train: 0.07608981439515228 Validation: 0.2892269826468436


Train: 0.07608825788070434 Validation: 0.28992847850752457


Train: 0.07608825781426061 Validation: 0.29150009680794514


Train: 0.07608825995241766 Validation: 0.2944238809397573


Train: 0.07609933141910756 Validation: 0.29887662711675506


Train: 1.0633239740120282 Validation: 5.18772953381309


Train: 0.07608984190267286 Validation: 0.28909667447021664


Train: 0.07608825789157411 Validation: 0.2898967854258092


Train: 0.0760882578142176 Validation: 0.2917258799180353


Train: 0.07608825963569973 Validation: 0.29509149820164726


Train: 0.07609423454190377 Validation: 0.30007683092445214


Train: 1.0633179856236628 Validation: 5.187707265854413


Train: 0.07608987255241159 Validation: 0.2889541866231558


Train: 0.07608825790587653 Validation: 0.28987687847181903


Train: 0.07608825781419755 Validation: 0.2920243189482195


Train: 0.07608825911162005 Validation: 0.29592214061998284


Train: 0.07609247375963438 Validation: 0.301627747846082


Train: 1.0633109096770765 Validation: 5.187680954030651


Train: 0.07608990716035624 Validation: 0.28879717580190395


Train: 0.07608825792524689 Validation: 0.28987571534594764


Train: 0.07608825781401979 Validation: 0.2924200179736658


Train: 0.07608825834864884 Validation: 0.2969594322266053


Train: 0.07609209284441573 Validation: 0.3035025506758326


Train: 1.0633024201419916 Validation: 5.187649385756599


Train: 0.07608994686557502 Validation: 0.28862294619664713


Train: 0.07608825795236367 Validation: 0.2899038228703186


Train: 0.07608825781401544 Validation: 0.2929474452257736


Train: 0.07608825818643886 Validation: 0.29826766125763576


Train: 0.07609398500634414 Validation: 0.3057445213717857


Train: 1.0632920461661897 Validation: 5.187610810038689


Train: 0.0760899933074372 Validation: 0.2884284873421063


Train: 0.07608825799183856 Validation: 0.2899773549044664


Train: 0.07608825781396013 Validation: 0.2936559384838466


Train: 0.07608825804775773 Validation: 0.2999347398290188


Train: 0.07609163979232937 Validation: 0.3086243889375112


Train: 1.0632790831558399 Validation: 5.187562607985384


Train: 0.07609004893241458 Validation: 0.28821063884161785


Train: 0.07608825805204446 Validation: 0.2901215975687964


Train: 0.0760882578140321 Validation: 0.2946175277289364


Train: 0.0760882579726804 Validation: 0.30208541921286264


Train: 0.07608995498107393 Validation: 0.3122112924137583


Train: 1.0632624222438722 Validation: 5.187500655619779


Train: 0.07609011755573364 Validation: 0.28796655206046823


Train: 0.07608825814920993 Validation: 0.29037714859794916


Train: 0.07608825781416587 Validation: 0.29594042193627573


Train: 0.0760882579268777 Validation: 0.30490275002099426


Train: 0.0760895862844546 Validation: 0.31691401266369496


Train: 0.9192503936230901 Validation: 3.586116458674169


Train: 0.07609059592096006 Validation: 0.28969644198697087


Train: 0.07608825791256833 Validation: 0.29013066363790485


Train: 0.07608825781454852 Validation: 0.29099227969474706


Train: 0.07608825985420829 Validation: 0.2926084842791647


Train: 0.07609415058944607 Validation: 0.2951681105259179


Train: 0.919241479698544 Validation: 3.586083013423676


Train: 0.07609063202783097 Validation: 0.2895834794119813


Train: 0.07608825792452384 Validation: 0.29007802748650335


Train: 0.07608825781452339 Validation: 0.2910634970721126


Train: 0.07608825966362556 Validation: 0.29292068227876095


Train: 0.07609195771172962 Validation: 0.2958461949969893


Train: 0.9192312943063462 Validation: 3.5860447996264884


Train: 0.07609067140904663 Validation: 0.2894631477371604


Train: 0.0760882579393668 Validation: 0.2900254345460702


Train: 0.07608825781412246 Validation: 0.29116425317553757


Train: 0.07608825892706758 Validation: 0.29331037014262296


Train: 0.07609053013044714 Validation: 0.29660755924086224


Train: 0.9192195448324155 Validation: 3.5860007203474726


Train: 0.07609071476753376 Validation: 0.2893336291468285


Train: 0.07608825795818269 Validation: 0.28997477169583735


Train: 0.07608825781412666 Validation: 0.29130492808372876


Train: 0.07608825844994631 Validation: 0.29380137791203115


Train: 0.07609009958786664 Validation: 0.2975812085248388


Train: 0.9192058413345229 Validation: 3.5859493141544996


Train: 0.07609076303850396 Validation: 0.2891927077606887


Train: 0.07608825798264318 Validation: 0.2899290732691953


Train: 0.0760882578139785 Validation: 0.29150005747026186


Train: 0.0760882582499428 Validation: 0.29442371902228653


Train: 0.0760887982951576 Validation: 0.298819575824332


Train: 0.9191896515609881 Validation: 3.585888586241171


Train: 0.07609081749467558 Validation: 0.28903768830377063


Train: 0.076088258015384 Validation: 0.2898931672745933


Train: 0.0760882578139383 Validation: 0.2917699892332001


Train: 0.07608825823940403 Validation: 0.29521842184817104


Train: 0.07608900301900981 Validation: 0.3003086627164265


Train: 0.9191702317054791 Validation: 3.585815749647132


Train: 0.0760908799144444 Validation: 0.2888653098993475


Train: 0.07608825806075556 Validation: 0.28987474613853564


Train: 0.076088257813951 Validation: 0.2921439204243764


Train: 0.076088258020522 Validation: 0.29624167313375316


Train: 0.07608885995941038 Validation: 0.3021908019552904


Train: 0.9191465078980084 Validation: 3.585726781405902


Train: 0.07609095286029884 Validation: 0.28867167388472836


Train: 0.07608825812621772 Validation: 0.2898861573360865


Train: 0.07608825781401564 Validation: 0.2926645760755174


Train: 0.07608825791501375 Validation: 0.297574560216639


Train: 0.07608881201208269 Validation: 0.30456200667032535


Train: 0.9191168710079507 Validation: 3.585615654913653


Train: 0.07609104016285693 Validation: 0.2884522347068748


Train: 0.07608825822536473 Validation: 0.2899475309322035


Train: 0.07608825781410845 Validation: 0.2933957629160764


Train: 0.07608825790355475 Validation: 0.29933243851101426


Train: 0.07608862847542629 Validation: 0.3075955792969104


Train: 0.9190787957824097 Validation: 3.5854729155002243


Train: 0.07609114781036662 Validation: 0.2882019808816786


Train: 0.07608825838466168 Validation: 0.29009244848793964


Train: 0.07608825781433937 Validation: 0.294435621133601


Train: 0.07608825785421915 Validation: 0.3016863060861214


Train: 0.07608843764547582 Validation: 0.311586227852515


Train: 0.6461963160655767 Validation: 2.314586975945487


Train: 0.07609201651475882 Validation: 0.28998647257575444


Train: 0.07608825803069973 Validation: 0.2902894845437446


Train: 0.07608825781436393 Validation: 0.2908867622120605


Train: 0.0760882590692793 Validation: 0.2919676019810208


Train: 0.07609205677426138 Validation: 0.2937197486154477


Train: 0.6462025776601146 Validation: 2.3146105000266664


Train: 0.0760920763165763 Validation: 0.289867081315667


Train: 0.07608825805525891 Validation: 0.2902326260593573


Train: 0.07608825781430668 Validation: 0.29091024749594446


Train: 0.07608825929775316 Validation: 0.29215854933474866


Train: 0.0760899227331 Validation: 0.29415443672254193


Train: 0.6462097333993284 Validation: 2.3146373833080722


Train: 0.07609214160847633 Validation: 0.28974214811968213


Train: 0.07608825808524293 Validation: 0.29017274402024257


Train: 0.07608825781415962 Validation: 0.29095142593084194


Train: 0.07608825839273609 Validation: 0.29240519044248614


Train: 0.07609057052182255 Validation: 0.2947253968228211


Train: 0.6462179893976036 Validation: 2.3146684002176237


Train: 0.07609221356992515 Validation: 0.2896098698573919


Train: 0.07608825812261341 Validation: 0.29011049746459455


Train: 0.07608825781397596 Validation: 0.291017746513883


Train: 0.0760882581319699 Validation: 0.292725710227441


Train: 0.07608925559122419 Validation: 0.2954151660707875


Train: 0.6462276206449299 Validation: 2.314704583823481


Train: 0.07609229377048371 Validation: 0.2894679643825058


Train: 0.07608825817035683 Validation: 0.29004727076104364


Train: 0.07608825781398508 Validation: 0.2911197777264435


Train: 0.07608825799616885 Validation: 0.2931432524866554


Train: 0.07608867510557654 Validation: 0.2962855560431131


Train: 0.6462390019550313 Validation: 2.3147473423313905


Train: 0.07609238434742056 Validation: 0.28931353970265744


Train: 0.07608825823315021 Validation: 0.28998564800718457


Train: 0.07608825781399171 Validation: 0.29127295186614893


Train: 0.07608825797314539 Validation: 0.29369315663962875


Train: 0.07608847160093825 Validation: 0.29740556127440904


Train: 0.6462526578492297 Validation: 2.314798646365203


Train: 0.07609248828901238 Validation: 0.28914293049868245


Train: 0.07608825831868675 Validation: 0.2899302429881727


Train: 0.0760882578139951 Validation: 0.29150002839587913


Train: 0.07608825790190661 Validation: 0.29442332942627214


Train: 0.07608844634491994 Validation: 0.2988273165362657


Train: 0.646269346148647 Validation: 2.314861343110697


Train: 0.07609260990576516 Validation: 0.2889515007074182


Train: 0.07608825844015257 Validation: 0.2898891289153047


Train: 0.07608825781409641 Validation: 0.29183527869490145


Train: 0.07608825784967316 Validation: 0.2954023086429572


Train: 0.07608838609617473 Validation: 0.3006637156561334


Train: 0.6462902029080682 Validation: 2.3149397007057244


Train: 0.07609275565135001 Validation: 0.2887334291749531


Train: 0.07608825862158591 Validation: 0.2898764267843815


Train: 0.07608825781429752 Validation: 0.2923315325059377


Train: 0.07608825787398903 Validation: 0.29673241180231497


Train: 0.07608830999559368 Validation: 0.30307154263711295


Train: 0.6463170129412837 Validation: 2.3150404249141063


Train: 0.0760929356356454 Validation: 0.28848154422918426


Train: 0.07608825890988567 Validation: 0.289917168211539


Train: 0.07608825781476583 Validation: 0.29307264227823343


Train: 0.0760882578410818 Validation: 0.29856894035217163


Train: 0.07608831967975666 Validation: 0.3063013474398977


Train: 5.985272763297869 Validation: 22.146553613299893


Train: 0.07609452841774762 Validation: 0.2903801757105785


Train: 0.07608825839299704 Validation: 0.2904863522495849


Train: 0.07608825781434891 Validation: 0.29088574565250613


Train: 0.07608826062738668 Validation: 0.2915452662957566


Train: 0.07609043460045309 Validation: 0.2925865585356584


Train: 5.983859476269028 Validation: 22.14107550880994


Train: 0.076094633524 Validation: 0.2902428119463798


Train: 0.07608825845584333 Validation: 0.2904303450429222


Train: 0.07608825781440155 Validation: 0.290876101148998


Train: 0.07608825836287696 Validation: 0.2916355391156471


Train: 0.07608989854064721 Validation: 0.29284788752987234


Train: 5.9822455367059035 Validation: 22.13481963742545


Train: 0.07609474875735651 Validation: 0.29010257058747124


Train: 0.07608825853116824 Validation: 0.2903698824119587


Train: 0.07608825781404574 Validation: 0.2908737888986371


Train: 0.0760882582530923 Validation: 0.2917581087147557


Train: 0.07608898426362451 Validation: 0.2932093747150689


Train: 5.9803849696752645 Validation: 22.12760778624149


Train: 0.07609487631612848 Validation: 0.2899578837759421


Train: 0.07608825862317009 Validation: 0.29030452883330743


Train: 0.07608825781401532 Validation: 0.29088300394500627


Train: 0.07608825799962099 Validation: 0.29192699134243216


Train: 0.0760885196273522 Validation: 0.2936020243305146


Train: 5.978216593474295 Validation: 22.119202798218545


Train: 0.0760950191275302 Validation: 0.2898066616433676


Train: 0.07608825873811524 Validation: 0.2902341206550763


Train: 0.07608825781402082 Validation: 0.29091020720582184


Train: 0.07608825789725297 Validation: 0.2921583454201161


Train: 0.07608839384550624 Validation: 0.29415524384204944


Train: 5.975657076606977 Validation: 22.10928165843673


Train: 0.0760951811790132 Validation: 0.2896461162514554


Train: 0.07608825888560493 Validation: 0.29015905479404164


Train: 0.07608825781405662 Validation: 0.2909652646030934


Train: 0.07608825792096935 Validation: 0.29247757074498926


Train: 0.07608834002914462 Validation: 0.29487352388349813


Train: 5.972590165558236 Validation: 22.09739372945742


Train: 0.07609536804979647 Validation: 0.2894725210984599


Train: 0.07608825908135587 Validation: 0.290080814086517


Train: 0.0760882578141883 Validation: 0.2910634151361683


Train: 0.07608825784206472 Validation: 0.29292011758731845


Train: 0.076088300913193 Validation: 0.29582273781605783


Train: 5.968848317772108 Validation: 22.08288956281131


Train: 0.0760955877950027 Validation: 0.2892808828865981


Train: 0.07608825935204083 Validation: 0.2900029396807003


Train: 0.07608825781439063 Validation: 0.29122871504020265


Train: 0.07608825782906281 Validation: 0.2935412254502249


Train: 0.07608828132126604 Validation: 0.29710207775971137


Train: 5.96418123674445 Validation: 22.06479891469009


Train: 0.07609585248923809 Validation: 0.28906449934812667


Train: 0.07608825974606798 Validation: 0.28993289360989244


Train: 0.07608825781481231 Validation: 0.2914999462487619


Train: 0.07608825782054547 Validation: 0.2944232564687155


Train: 0.07608827169547101 Validation: 0.29882150141119107


Train: 5.9581972946011685 Validation: 22.04160368029324


Train: 0.07609618108033137 Validation: 0.2888143879149206


Train: 0.07608826035774394 Validation: 0.2898857519280608


Train: 0.07608825781570808 Validation: 0.29194150902124766


Train: 0.07608825782103841 Validation: 0.29569687144555024


Train: 0.07608826797166807 Validation: 0.3012057174939779


Train: 1.078835394239895 Validation: 2.993111303789761


Train: 0.07609912379971953 Validation: 0.29100993745074016


Train: 0.07608825988966761 Validation: 0.2907349201529402


Train: 0.07608825781442909 Validation: 0.290977673290653


Train: 0.07608825915139841 Validation: 0.29134956458372746


Train: 0.07609152737204675 Validation: 0.2918563560513275


Train: 1.0788119588376361 Validation: 2.9930456890047608


Train: 0.07609932744358679 Validation: 0.2908287330288818


Train: 0.0760882601163757 Validation: 0.2906792483112536


Train: 0.07608825781470542 Validation: 0.29095298172112966


Train: 0.07608825877499549 Validation: 0.291372412056546


Train: 0.07608890393833882 Validation: 0.2919830714251884


Train: 1.0787851783178737 Validation: 2.99297070898121


Train: 0.07609955287312344 Validation: 0.29064791861824896


Train: 0.07608826038445454 Validation: 0.2906205246457026


Train: 0.07608825781417629 Validation: 0.2909283387538021


Train: 0.076088258077026 Validation: 0.29140663475104256


Train: 0.07608888986841794 Validation: 0.2921463699948387


Train: 1.0787542831255 Validation: 2.992884209426365


Train: 0.07609980492406171 Validation: 0.2904665191855039


Train: 0.07608826070613599 Validation: 0.2905575984172973


Train: 0.07608825781427218 Validation: 0.290905115326218


Train: 0.07608825794867197 Validation: 0.29146122884840414


Train: 0.076088406448066 Validation: 0.29232827401331646


Train: 1.078718243925048 Validation: 2.992783308660773


Train: 0.07610009003831138 Validation: 0.2902830823764899


Train: 0.07608826109899601 Validation: 0.2904891732978528


Train: 0.07608825781434926 Validation: 0.29088568679288307


Train: 0.07608825787137825 Validation: 0.2915450800820334


Train: 0.07608833428119681 Validation: 0.2925872602962564


Train: 1.0786756611305415 Validation: 2.99266408871944


Train: 0.07610041699591633 Validation: 0.2900954765809714


Train: 0.07608826158954667 Validation: 0.2904138894161952


Train: 0.07608825781452026 Validation: 0.29087429453272995


Train: 0.07608825784496778 Validation: 0.2916721119516591


Train: 0.07608829699514734 Validation: 0.29294511431753284


Train: 1.0786245736900992 Validation: 2.9925210598936793


Train: 0.0761007980859887 Validation: 0.28990059578559624


Train: 0.07608826221950217 Validation: 0.29033050500058505


Train: 0.07608825781483576 Validation: 0.29087822162067023


Train: 0.07608825782659938 Validation: 0.29186500476256394


Train: 0.07608827087537262 Validation: 0.29345207172521864


Train: 1.0785621510657106 Validation: 2.992346298733639


Train: 0.07610125105845997 Validation: 0.28969392256969073


Train: 0.07608826305826627 Validation: 0.29023832867923544


Train: 0.07608825781540773 Validation: 0.2909101012392914


Train: 0.07608825781930516 Validation: 0.2921586095917587


Train: 0.07608826340662622 Validation: 0.29415382354645925


Train: 1.0784841505137484 Validation: 2.992127928953389


Train: 0.07610180253391241 Validation: 0.28946887307943586


Train: 0.07608826422881412 Validation: 0.2901381764920057


Train: 0.076088257816479 Validation: 0.290992080504113


Train: 0.07608825781764178 Validation: 0.2926090361536539


Train: 0.07608825991489522 Validation: 0.29516148119462243


Train: 1.078383909186636 Validation: 2.9918473006628505


Train: 0.07610249431873221 Validation: 0.28921580689763976


Train: 0.07608826596702849 Validation: 0.2900345094911598


Train: 0.07608825781871165 Validation: 0.2911639476559781


Train: 0.0760882578163252 Validation: 0.29331002957611435


Train: 0.07608826165957766 Validation: 0.2966305234403839

Traceback (most recent call last):
  File "KRR/KRR_script_4_faulty.py", line 151, in <module>
    pickle.dump([lam_list, c1_list, c2_list, d_list, out1_matrix_pol], file)
NameError: name 'lam_list' is not defined
