Unloaded module: latex/TeXLive12
Loaded module: python3/3.6.2

Train: 0.08163963553171383 Validation: 0.5884075475027633


Train: 0.07608826398083843 Validation: 0.28896521517319484


Train: 0.076088257813964 Validation: 0.2898726748154548


Train: 0.07608825805264732 Validation: 0.29233159282482757


Train: 0.07608902276381475 Validation: 0.29673129894563727


Train: 17099191.09080712 Validation: 349222.40231654304


Train: 0.08163963154988535 Validation: 0.5884073349692597


Train: 0.07608826406859646 Validation: 0.28885242463687893


Train: 0.0760882578139898 Validation: 0.2898837934015339


Train: 0.07608825805296397 Validation: 0.29266470014554735


Train: 0.07608902302135967 Validation: 0.2975575938172867


Train: 692969882102.3235 Validation: 2316591823.932143


Train: 0.08163962699592311 Validation: 0.5884070919965841


Train: 0.07608826416404284 Validation: 0.2887309113982037


Train: 0.07608825781400327 Validation: 0.2899126352400644


Train: 0.0760882579737273 Validation: 0.2930729961187482


Train: 0.07608996170891963 Validation: 0.2986046814252537


Train: 1.3777992752789092e+16 Validation: 11360282759227.822


Train: 0.08163962174657477 Validation: 0.588406811846446


Train: 0.07608826426884131 Validation: 0.2885996542287562


Train: 0.07608825781402287 Validation: 0.28996554108775546


Train: 0.07608825789663654 Validation: 0.29357517989383963


Train: 0.0760890416122094 Validation: 0.2997457808677758


Train: 309598567072.7869 Validation: 1361384018.3598182


Train: 0.08163961561810783 Validation: 0.5884064849469297


Train: 0.07608826438516403 Validation: 0.2884576120562425


Train: 0.07608825781406071 Validation: 0.2900512507004115


Train: 0.07608825791095572 Validation: 0.2941965603819137


Train: 0.07608862047079702 Validation: 0.30116764443722355


Train: 5170703395568.26 Validation: 23211788049.415356


Train: 0.08163960838527809 Validation: 0.5884060990146868


Train: 0.07608826451596953 Validation: 0.28830380085541274


Train: 0.0760882578141118 Validation: 0.29018189922046755


Train: 0.07608825792616199 Validation: 0.29497036789101144


Train: 0.07608870204863778 Validation: 0.3028687414016907


Train: 0.09635798030083656 Validation: 0.3139429359660938


Train: 0.08163959970813871 Validation: 0.5884056360309952

Terminated
