Unloaded module: latex/TeXLive12
Loaded module: python3/3.6.2

Train: 0.07612069917226912 Validation: 0.2795312805297572


Train: 0.07608825798165351 Validation: 0.27305003944268813


Train: 0.07608825781416613 Validation: 0.2796263477906687


Train: 0.07608826350669338 Validation: 0.28977152806534784


Train: 0.07621487786290838 Validation: 0.30120300724926047

singular matrix error

Train: 0.07612069913011095 Validation: 0.27953081021533166


Train: 0.07608825798405908 Validation: 0.273109855605479


Train: 0.07608825781431813 Validation: 0.28017748120412406


Train: 0.07608826336963558 Validation: 0.290887353483545


Train: 88154274188.82652 Validation: 59880257.58462275

singular matrix error

Train: 0.07612069908200397 Validation: 0.27953027386877566


Train: 0.07608825798675448 Validation: 0.27318768737612903


Train: 0.07608825781407749 Validation: 0.2807976920983065


Train: 0.0760882627043067 Validation: 0.2921208815518646


Train: 0.07615387639022801 Validation: 0.3047558559004159

singular matrix error

Train: 0.07612069902654757 Validation: 0.2795296565311507


Train: 0.07608825798981436 Validation: 0.27328744180546216


Train: 0.0760882578142694 Validation: 0.2814987952667537


Train: 0.07608826122228649 Validation: 0.2934885908383308


Train: 0.07617386152549104 Validation: 0.30688438665649503

singular matrix error

Train: 0.07612069896198431 Validation: 0.2795289383700943


Train: 0.07608825799332257 Validation: 0.27341410187782694


Train: 0.07608825781414308 Validation: 0.282295323701461


Train: 0.07608826001289835 Validation: 0.2950116333591811


Train: 0.07623692671813746 Validation: 0.3090420253715906

singular matrix error

Train: 0.076120698885783 Validation: 0.2795280924916701


Train: 0.07608825799740089 Validation: 0.2735741072775983


Train: 0.07608825781413421 Validation: 0.28320535488347726


Train: 0.07608825941399655 Validation: 0.2967179391997342


Train: 0.07615672842549952 Validation: 0.31133127944171485

singular matrix error

Train: 0.07612069879455984 Validation: 0.2795270814920273


Train: 0.07608825800220911 Validation: 0.2737759030384342


Train: 0.07608825781417497 Validation: 0.28425163072240434


Train: 0.07608826043235127 Validation: 0.29864062946837466


Train: 0.07616228599078939 Validation: 0.31412235652758685

singular matrix error

Train: 0.07612069868338342 Validation: 0.27952585182089834


Train: 0.07608825800798386 Validation: 0.27403075795898374


Train: 0.07608825781406808 Validation: 0.28546319486448746


Train: 0.07608825944614428 Validation: 0.30082156162657886


Train: 0.07611921145773072 Validation: 0.3172410577344227

singular matrix error

Train: 0.07612069854488403 Validation: 0.27952432394021126


Train: 0.0760882580150518 Validation: 0.2743540090289056


Train: 0.07608825781404716 Validation: 0.28687785832139123


Train: 0.07608825941064777 Validation: 0.30331391049556816


Train: 0.07620119022679514 Validation: 0.3207538145313619


Train: 2.1074869906908197e+22 Validation: 8.953559940520781e+19


Train: 0.0761206983675862 Validation: 0.2795223744368237


Train: 0.07608825802392366 Validation: 0.2747670278478746


Train: 0.07608825781400443 Validation: 0.28854554908030133


Train: 0.07608825926471631 Validation: 0.30619039526324565


Train: 0.07615952892361884 Validation: 0.3248873389156435

singular matrix error

Train: 0.076120102129454 Validation: 0.279608973453547


Train: 0.07608825806375985 Validation: 0.2729786935506678


Train: 0.07608825781425615 Validation: 0.2787880592734325


Train: 0.0760882617266068 Validation: 0.2880305208476815


Train: 0.07661810172558405 Validation: 0.2984326467069556

singular matrix error

Train: 0.07612010208911442 Validation: 0.2796085487253082


Train: 0.07608825806716459 Validation: 0.27301839187138877


Train: 0.07608825781408012 Validation: 0.2792924469360038


Train: 0.07608826048974573 Validation: 0.28908468262534903


Train: 0.07613660285006266 Validation: 0.30034557613412205

singular matrix error

Train: 0.07612010204306292 Validation: 0.2796080642506851


Train: 0.0760882580709686 Validation: 0.2730743987206832


Train: 0.07608825781406488 Validation: 0.27986343307938627


Train: 0.07608826067910744 Validation: 0.29025473463755064


Train: 0.07619518954920385 Validation: 0.30217692473090935


Train: 4.675658759296176e+16 Validation: 161444585395518.2


Train: 0.07612010198998656 Validation: 0.2796075064839261


Train: 0.07608825807527006 Validation: 0.2731504311364846


Train: 0.07608825781405322 Validation: 0.28051280508208265


Train: 0.07608826008657417 Validation: 0.29155712201178663


Train: 0.07615017328980977 Validation: 0.3038400747679327


Train: 8.45095270108238e+19 Validation: 2.5170587016535577e+19


Train: 0.0761201019281561 Validation: 0.2796068574323857


Train: 0.07608825808019774 Validation: 0.2732512655582522


Train: 0.0760882578141009 Validation: 0.28125527933408684


Train: 0.07608825926687346 Validation: 0.2930162526806683


Train: 0.0761432515380952 Validation: 0.3059891653203306


Train: 7.005543274515199e+21 Validation: 1.1596076481565891e+20


Train: 0.07612010185521154 Validation: 0.27960609269731956


Train: 0.07608825808590734 Validation: 0.27338312505602974


Train: 0.0760882578141048 Validation: 0.2821092042954122


Train: 0.07608825891527034 Validation: 0.2946592653759567


Train: 0.07611878996761712 Validation: 0.3083485033551273


Train: 7.197536872286774e+16 Validation: 9.194687422563517e+16


Train: 0.07612010176788327 Validation: 0.27960517831212817


Train: 0.07608825809264053 Validation: 0.2735542430163551


Train: 0.07608825781399117 Validation: 0.28309797287852007


Train: 0.07608825913311061 Validation: 0.2965190043594248


Train: 0.07610467752794876 Validation: 0.3110108635965523


Train: 2193605941127582.0 Validation: 1098223182491911.5


Train: 0.0761201016613623 Validation: 0.27960406560582435


Train: 0.07608825810070856 Validation: 0.2737757107898911


Train: 0.07608825781393781 Validation: 0.2842516336566652


Train: 0.07608825899503575 Validation: 0.2986405669553461


Train: 0.07612964020005993 Validation: 0.3141328875675759


Train: 1.2641412755223093e+17 Validation: 2.806398788879458e+16


Train: 0.07612010152868057 Validation: 0.2796026822204231


Train: 0.0760882581105965 Validation: 0.2740627802525584


Train: 0.07608825781401854 Validation: 0.28560957947091237


Train: 0.07608825878640683 Validation: 0.30108139442514875


Train: 0.07610286060580969 Validation: 0.31761762566898954


Train: 3.350260944587995e+17 Validation: 4.1461732440468186e+17


Train: 0.07612010135873631 Validation: 0.27960091573171747


Train: 0.07608825812301091 Validation: 0.2744369470205063


Train: 0.07608825781396159 Validation: 0.28722452477520777


Train: 0.0760882585266075 Validation: 0.3039168632493397


Train: 0.07610164285031928 Validation: 0.32170147975337704


Train: 3.541694383615306e+21 Validation: 3.974581096315002e+18


Train: 0.07611961815851269 Validation: 0.2796928465237322


Train: 0.07608825820427925 Validation: 0.27293678312818875


Train: 0.07608825781404882 Validation: 0.2779421359536282


Train: 0.07608826003547502 Validation: 0.2862096207182183


Train: 0.07610679069373062 Validation: 0.2959924779772492


Train: 1.0483133969449864e+17 Validation: 1853158781205370.5


Train: 0.07611961811942039 Validation: 0.27969246760670163


Train: 0.0760882582093192 Validation: 0.2729546987085656


Train: 0.07608825781399746 Validation: 0.27839370317269835


Train: 0.07608825957265812 Validation: 0.2871902774757792


Train: 0.07613995730465244 Validation: 0.2973146001837961


Train: 1.7455664371714058e+17 Validation: 4.37635920074003e+16


Train: 0.07611961807476902 Validation: 0.2796920353045748


Train: 0.07608825821494235 Validation: 0.27298694788786837


Train: 0.07608825781396746 Validation: 0.27890849026055525


Train: 0.07608825911380938 Validation: 0.28828383611814407


Train: 0.07613454132507366 Validation: 0.29898071513789976


Train: 1.5249602546130243e+17 Validation: 8176445566685145.0


Train: 0.07611961802333275 Validation: 0.2796915374741825


Train: 0.076088258221281 Validation: 0.27303699745653065


Train: 0.0760882578139017 Validation: 0.27949818261153714


Train: 0.07608825913102933 Validation: 0.2895082254396772


Train: 0.07610695516677299 Validation: 0.300902463482753


Train: 3.776909234323302e+16 Validation: 1.8021218093016136e+16


Train: 0.0761196179633908 Validation: 0.27969095800564403


Train: 0.0760882582285019 Validation: 0.27310934340867815


Train: 0.07608825781397068 Validation: 0.28017747997130527


Train: 0.07608825879134722 Validation: 0.2908879145012661


Train: 0.0761070894209153 Validation: 0.302920965519338


Train: 1.415489575958451e+18 Validation: 2415046910760362.5


Train: 0.07611961789266537 Validation: 0.27969027501151555


Train: 0.07608825823686015 Validation: 0.2732098968568921


Train: 0.0760882578138797 Validation: 0.2809648725839778


Train: 0.07608825900515101 Validation: 0.29244960693095146


Train: 0.07609724231051394 Validation: 0.3050942109411771


Train: 747185721379803.4 Validation: 17892465817253.543


Train: 0.07611961780797394 Validation: 0.2796894580470622


Train: 0.0760882582466745 Validation: 0.27334655845611994


Train: 0.07608825781397154 Validation: 0.28188410621643517


Train: 0.07608825865911933 Validation: 0.29422959349549743


Train: 0.07612084438943677 Validation: 0.3076968281730982


Train: 374804151315330.0 Validation: 37707433114490.85


Train: 0.07611961770467184 Validation: 0.27968846339971387


Train: 0.0760882582584234 Validation: 0.2735300847169034


Train: 0.07608825781393211 Validation: 0.28296605947543246


Train: 0.07608825827412946 Validation: 0.29627350655611523


Train: 0.07609206146272732 Validation: 0.31066951361273315


Train: 4.263368801178946e+16 Validation: 2648958074379612.0


Train: 0.07611961757591929 Validation: 0.27968722604016627


Train: 0.07608825827279811 Validation: 0.27377544249082186


Train: 0.07608825781389729 Validation: 0.28425162699151535


Train: 0.07608825823984712 Validation: 0.29864100535425836


Train: 0.07609544320689449 Validation: 0.3140878379733474


Train: 1.92524071464263e+17 Validation: 1.7469451542719052e+16


Train: 0.07611961741097467 Validation: 0.27968564481317193


Train: 0.07608825829086198 Validation: 0.27410399962419857


Train: 0.07608825781393655 Validation: 0.285796126777428


Train: 0.0760882583140351 Validation: 0.30141310713717984


Train: 0.07609584150287818 Validation: 0.31810373024285754


Train: 1.2559446522265507e+17 Validation: 2947781364395222.5


Train: 0.07611929767108722 Validation: 0.27978410200053627


Train: 0.07608825846177222 Validation: 0.2729355988851647


Train: 0.07608825781396479 Validation: 0.27709932231299017


Train: 0.07608825920331848 Validation: 0.2843138943783426


Train: 0.0761072340449405 Validation: 0.2930391633900944


Train: 13296535582.792683 Validation: 3135888741.1706853


Train: 0.07611929763249695 Validation: 0.2797837691410416


Train: 0.07608825846974417 Validation: 0.2729299254604646


Train: 0.0760882578139309 Validation: 0.27749134261204644


Train: 0.07608825898036811 Validation: 0.28520748941693147


Train: 0.07609259794428712 Validation: 0.2944171847171431


Train: 6.917393411494403e+18 Validation: 2.0949285131275471e+18


Train: 0.07611929758845665 Validation: 0.27978338929995084


Train: 0.07608825847856994 Validation: 0.27293630735238306


Train: 0.0760882578139181 Validation: 0.27794212656007905


Train: 0.0760882588316431 Validation: 0.28620998790467744


Train: 0.076092583669782 Validation: 0.2959731454070656


Train: 12246731380184.23 Validation: 2911091611119.346


Train: 0.07611929753767079 Validation: 0.27978295177166307


Train: 0.07608825848846855 Validation: 0.272957892498446


Train: 0.07608825781390784 Validation: 0.2784631149598221


Train: 0.07608825887847764 Validation: 0.287338888816034


Train: 0.07609365962143905 Validation: 0.29755616028484116


Train: 5073526239983.298 Validation: 4810037183.319071


Train: 0.07611929747846961 Validation: 0.2797824423547131


Train: 0.07608825849970016 Validation: 0.2729988042054639


Train: 0.07608825781387989 Validation: 0.27906874111522306


Train: 0.07608825841115956 Validation: 0.2886193479236206


Train: 0.07609105795458411 Validation: 0.2995460983361661


Train: 3940171429932003.5 Validation: 9127670961958296.0


Train: 0.07611929740866037 Validation: 0.2797818417230717


Train: 0.07608825851262412 Validation: 0.27306452513076135


Train: 0.07608825781387735 Validation: 0.27977735896754674


Train: 0.07608825820570617 Validation: 0.2900796799630287


Train: 0.07609388497429302 Validation: 0.30165875816654364


Train: 3.548119656850415e+18 Validation: 2829327845777985.5


Train: 0.07611929732500514 Validation: 0.27978112297282987


Train: 0.07608825852773571 Validation: 0.2731624673197783


Train: 0.07608825781387517 Validation: 0.2806127984204344


Train: 0.07608825827345311 Validation: 0.2917559041029808


Train: 0.07609045517398337 Validation: 0.30414834042041844


Train: 1762692478870214.0 Validation: 1009921952149889.9


Train: 0.07611929722296037 Validation: 0.27978024748207686


Train: 0.07608825854576735 Validation: 0.27330284927187526


Train: 0.0760882578138835 Validation: 0.2816063720074531


Train: 0.07608825804887927 Validation: 0.29369640707713224


Train: 0.07609229883735198 Validation: 0.30696180576686527


Train: 1.9695577135752057e+19 Validation: 6.339504485915101e+16


Train: 0.07611929709572432 Validation: 0.2797791577007011


Train: 0.07608825856776819 Validation: 0.27350008339452714


Train: 0.07608825781390047 Validation: 0.28280011570524427


Train: 0.07608825813240733 Validation: 0.2959630423847607


Train: 0.07609486962931883 Validation: 0.31022695744449336


Train: 966803493477449.4 Validation: 2212839845481.948


Train: 0.07611929693268822 Validation: 0.2797777639906347


Train: 0.07608825859538304 Validation: 0.27377505230002674


Train: 0.07608825781395386 Validation: 0.28425162242315705


Train: 0.07608825797540404 Validation: 0.2986411483915548


Train: 0.07608957196173513 Validation: 0.31408288627346953


Train: 293309391931209.9 Validation: 5176014349665.2295


Train: 0.076119239223524 Validation: 0.27988500333948224


Train: 0.07608825897702019 Validation: 0.2729919709912229


Train: 0.07608825781390717 Validation: 0.2762768420926766


Train: 0.0760882585685528 Validation: 0.2823590264053525


Train: 0.07608996048788365 Validation: 0.2899809254768109


Train: 6352443168.114637 Validation: 4663534022.532154


Train: 0.07611923918441207 Validation: 0.2798847167745475


Train: 0.07608825899072687 Validation: 0.27296074608779874


Train: 0.07608825781390816 Validation: 0.27660192843176684


Train: 0.07608825846290872 Validation: 0.28314714178404693


Train: 0.07609313102886357 Validation: 0.29121464774731637


Train: 4.0633416617838405 Validation: 2.9170336641954204


Train: 0.0761192391397492 Validation: 0.2798843896894672


Train: 0.07608825900582483 Validation: 0.2729389598210979


Train: 0.07608825781388683 Validation: 0.2769800798260826


Train: 0.07608825826058821 Validation: 0.2840385863305303


Train: 0.07609169100422872 Validation: 0.29261099371963756


Train: 13825591714.321054 Validation: 170853901.972161


Train: 0.07611923908828323 Validation: 0.2798840128387836


Train: 0.07608825902258921 Validation: 0.27292935603003804


Train: 0.07608825781385872 Validation: 0.27742219840669863


Train: 0.07608825808742518 Validation: 0.2850512942689581


Train: 0.0760899560481969 Validation: 0.294187762823845


Train: 414005271958.1589 Validation: 465482014.4307306


Train: 0.07611923902829576 Validation: 0.2798835739311667


Train: 0.07608825904148503 Validation: 0.272935576967724


Train: 0.07608825781388148 Validation: 0.2779421250462111


Train: 0.07608825820535885 Validation: 0.28620959552812053


Train: 0.07609155366244176 Validation: 0.2959420692509062


Train: 3.0409336085935443 Validation: 1.7890160096274332


Train: 0.07611923895751184 Validation: 0.27988305626414195


Train: 0.07608825906306463 Validation: 0.2729625305950695


Train: 0.07608825781388252 Validation: 0.27855774636310277


Train: 0.07608825804236889 Validation: 0.28754128751596725


Train: 0.0760906117621167 Validation: 0.2979620679110326


Train: 6427058063.383108 Validation: 103909729.25746343


Train: 0.07611923887268356 Validation: 0.27988243655302747


Train: 0.07608825908814773 Validation: 0.2730169466937581


Train: 0.07608825781387452 Validation: 0.27929245511214695


Train: 0.07608825807387358 Validation: 0.28908461321123785


Train: 0.07609045501486465 Validation: 0.3002317076064829


Train: 291739180.57229066 Validation: 122131506.00186545


Train: 0.07611923876915935 Validation: 0.2798816813193737


Train: 0.07608825911787918 Validation: 0.2731082417769017


Train: 0.07608825781389775 Validation: 0.2801774780526994


Train: 0.07608825799682925 Validation: 0.29088827112646454


Train: 0.07608898995196312 Validation: 0.30288239886526325


Train: 674817183.6262844 Validation: 556009037.2176284


Train: 0.07611923864005564 Validation: 0.27988074066124324


Train: 0.07608825915398895 Validation: 0.27324991142018107


Train: 0.07608825781392928 Validation: 0.2812552820272573


Train: 0.07608825793531075 Validation: 0.293016730128015


Train: 0.07608868511436905 Validation: 0.3059679706614174


Train: 27603987519.053955 Validation: 2055248556.6602979


Train: 0.07611923847458112 Validation: 0.27987953674419025


Train: 0.07608825919914128 Validation: 0.2734618561689288


Train: 0.07608825781398215 Validation: 0.28258505118252625


Train: 0.07608825790554728 Validation: 0.2955592058082882


Train: 0.07608861432985857 Validation: 0.30966292213819263


Train: 11.097403270296399 Validation: 6.964599497964461


Train: 0.07611965493130064 Validation: 0.27999998890448835


Train: 0.07608826013625763 Validation: 0.27313234710356915


Train: 0.07608825781388405 Validation: 0.2755026572294575


Train: 0.07608825821165466 Validation: 0.28037108808936057


Train: 0.07608957917578157 Validation: 0.2867034180972426


Train: 11272805655.910406 Validation: 14769644.044439767


Train: 0.0761196548900886 Validation: 0.2799997488622026


Train: 0.07608826016295422 Validation: 0.27307342680207897


Train: 0.07608825781389682 Validation: 0.27575295790079934


Train: 0.07608825810812839 Validation: 0.28103449932570024


Train: 0.07608925129738028 Validation: 0.2878154847929567


Train: 6154740839.056883 Validation: 6099968.041372134


Train: 0.07611965484308765 Validation: 0.27999947482110105


Train: 0.0760882601920055 Validation: 0.273020953423884


Train: 0.07608825781395728 Validation: 0.27604911009655425


Train: 0.0760882581051371 Validation: 0.28179222607545584


Train: 0.07608945359241326 Validation: 0.2890677630293175


Train: 37233889315.226006 Validation: 119453122.61520807


Train: 0.07611965478889202 Validation: 0.2799991590084162


Train: 0.07608826022398903 Validation: 0.2729771669208607


Train: 0.07608825781387865 Validation: 0.2764011045207914


Train: 0.07608825796844962 Validation: 0.28266261934281445


Train: 0.07608884222131208 Validation: 0.2904522471860731


Train: 38447824916.2179 Validation: 30260283.205824792


Train: 0.07611965472567993 Validation: 0.2799987910830145


Train: 0.0760882602596199 Validation: 0.27294509640899384


Train: 0.07608825781388596 Validation: 0.276821808498621


Train: 0.0760882579617075 Validation: 0.28366816187355093


Train: 0.07608875252059044 Validation: 0.2920508397763504


Train: 0.08107764524871197 Validation: 0.3021243209526633


Train: 0.07611965465110605 Validation: 0.2799983569897571


Train: 0.07608826029990597 Validation: 0.272928897089545


Train: 0.0760882578138968 Validation: 0.27732804291184365


Train: 0.07608825795390657 Validation: 0.2848384561975542


Train: 0.07608896783465777 Validation: 0.2938464568195431


Train: 6495187057.957467 Validation: 75191627.57503733


Train: 0.07611965456169138 Validation: 0.2799978371120855


Train: 0.07608826034621737 Validation: 0.27293437255416125


Train: 0.07608825781391951 Validation: 0.2779421276009587


Train: 0.07608825788829165 Validation: 0.28620926101342214


Train: 0.07608860890463216 Validation: 0.29593871694355206


Train: 0.0859124506324186 Validation: 0.30645088565536194


Train: 0.07611965445260693 Validation: 0.2799972032399996


Train: 0.0760882604005964 Validation: 0.2729697980488246


Train: 0.07608825781395642 Validation: 0.2786942908486729


Train: 0.07608825789052151 Validation: 0.28783176607975697


Train: 0.07608864830243779 Validation: 0.29837410352866445


Train: 290875549458.6818 Validation: 1451205100.8732696


Train: 0.07611965431647671 Validation: 0.2799964132573917


Train: 0.07608826046603884 Validation: 0.27304727334425866


Train: 0.07608825781401586 Validation: 0.27962634858040913


Train: 0.07608825788014047 Validation: 0.2897714805912469


Train: 0.07608849475337304 Validation: 0.3012480598424839


Train: 0.07852506153477541 Validation: 0.31295199479426467


Train: 0.0761196541418881 Validation: 0.2799954014067156


Train: 0.07608826054725225 Validation: 0.2731850268994217


Train: 0.07608825781411171 Validation: 0.28079769627013856


Train: 0.07608825785445489 Validation: 0.2921210407516772


Train: 0.076088402395745 Validation: 0.3046797531352898


Train: 0.08022035163588342 Validation: 0.3177544057845643


Train: 0.07612107004699509 Validation: 0.28013863532712513


Train: 0.07608826321026614 Validation: 0.27340145008580313


Train: 0.07608825781391715 Validation: 0.2748244001515239


Train: 0.07608825801397845 Validation: 0.27841005437217625


Train: 0.07608873415624542 Validation: 0.28332331327230037


Train: 3069466618.700112 Validation: 8173361.232399114


Train: 0.0761210700010815 Validation: 0.2801384420380766


Train: 0.07608826327269072 Validation: 0.2733124457328969


Train: 0.0760882578139237 Validation: 0.2749919806695799


Train: 0.07608825792999079 Validation: 0.27892558888775326


Train: 0.07608856283205835 Validation: 0.2842501940614064


Train: 2426067862.302302 Validation: 4288362.993081732


Train: 0.07612106994864733 Validation: 0.28013822132267113


Train: 0.07608826333981357 Validation: 0.27322649276926997


Train: 0.07608825781393219 Validation: 0.27519638752914033


Train: 0.07608825791317869 Validation: 0.2795227203160905


Train: 0.0760886109342926 Validation: 0.28528521163112525


Train: 5222857712.464708 Validation: 11172047.300133804


Train: 0.07612106988824384 Validation: 0.2801379669026024


Train: 0.07608826341268463 Validation: 0.2731452107565507


Train: 0.07608825781393021 Validation: 0.27544627606954053


Train: 0.07608825790957191 Validation: 0.28021856860101735


Train: 0.07608839807854657 Validation: 0.2864717347580183


Train: 0.07870311074785179 Validation: 0.29361813893163646


Train: 0.07612106981777404 Validation: 0.28013767041361937


Train: 0.07608826349269285 Validation: 0.2730708558466116


Train: 0.0760882578139587 Validation: 0.27575295697177504


Train: 0.07608825785448582 Validation: 0.28103461530354523


Train: 0.07608837067813501 Validation: 0.28782359708077243


Train: 19864488975.534767 Validation: 9230503.719125161


Train: 0.07612106973458056 Validation: 0.28013732048628565


Train: 0.07608826358177032 Validation: 0.273006613206388


Train: 0.076088257813989 Validation: 0.27613142534321455


Train: 0.07608825785296489 Validation: 0.2819987280153944


Train: 0.07608834537613386 Validation: 0.2893969131296194


Train: 0.0769054361499489 Validation: 0.29694165746529216


Train: 0.07612106963486519 Validation: 0.2801369012356194


Train: 0.07608826368263077 Validation: 0.2729570563964193


Train: 0.07608825781403501 Validation: 0.27660192288642155


Train: 0.07608825784036327 Validation: 0.28314680962727024


Train: 0.07608833749719418 Validation: 0.291224323240647


Train: 0.07655566413744606 Validation: 0.3003514968318735


Train: 0.07612106951315091 Validation: 0.28013638980526034


Train: 0.0760882637992015 Validation: 0.27292888744702676


Train: 0.07608825781411004 Validation: 0.2771923571312839


Train: 0.07608825783156921 Validation: 0.2845283212453795


Train: 0.07608831846482017 Validation: 0.29338180664410946


Train: 0.07638298509262513 Validation: 0.30233734073474694


Train: 0.07612106936122068 Validation: 0.28013575203349317


Train: 0.0760882639373699 Validation: 0.27293217756476135


Train: 0.07608825781422585 Validation: 0.27794212643840494


Train: 0.07608825782948292 Validation: 0.2862093253003094


Train: 0.07608828391847698 Validation: 0.29594590667073445


Train: 0.0762900226557122 Validation: 0.30648768099737667


Train: 0.07612106916626288 Validation: 0.28013493451466837


Train: 0.07608826410642087 Validation: 0.27298254075630646

Terminated
