Unloaded module: latex/TeXLive12
Loaded module: python3/3.6.2

Train: 0.07608846543463531 Validation: 0.2759408279317687


Train: 0.07608825781697146 Validation: 0.27759297024677


Train: 0.07608825782556676 Validation: 0.29218138711952796


Train: 0.07608849557901612 Validation: 0.30958755655936604


Train: 8305055116491437.0 Validation: 22636477360469.2

singular matrix error

Train: 0.07608846542823246 Validation: 0.27593890423413353


Train: 0.07608825781721129 Validation: 0.2777240431121289


Train: 0.07608825782665507 Validation: 0.2928790314107393


Train: 0.07608839391661641 Validation: 0.31090515142684244


Train: 4.555829083775626e+18 Validation: 6374211250126693.0


Train: 3.369536653410279e+25 Validation: 1.2483041342398103e+24


Train: 0.07608846542093518 Validation: 0.27593671199719383


Train: 0.07608825781748449 Validation: 0.2778702507374198


Train: 0.07608825782472585 Validation: 0.2936376051211205


Train: 0.07608839452440973 Validation: 0.31232752852987966


Train: 1.9783377044903875e+19 Validation: 9.143988103844131e+16

singular matrix error

Train: 0.07608846541253694 Validation: 0.27593419077851905


Train: 0.07608825781779742 Validation: 0.2780341107038186


Train: 0.07608825782604754 Validation: 0.2944653914212117


Train: 0.07608853389209316 Validation: 0.31388202117700953


Train: 6.968651255913218e+20 Validation: 3.261223328454692e+17

singular matrix error

Train: 0.07608846540278251 Validation: 0.27593126051775935


Train: 0.07608825781815848 Validation: 0.2782186985707228


Train: 0.07608825782675142 Validation: 0.29537242657778495


Train: 0.0760883705065141 Validation: 0.3155829349064967


Train: 7.83574095894306e+17 Validation: 8.348183441873907e+16

singular matrix error

Train: 0.07608846539129048 Validation: 0.27592781288922763


Train: 0.07608825781857892 Validation: 0.27842780141352585


Train: 0.07608825782196102 Validation: 0.29637128125077744


Train: 0.07608836331745641 Validation: 0.3174551290470176


Train: 7.9692746253024e+17 Validation: 1185188870949990.8

singular matrix error

Train: 0.07608846537757406 Validation: 0.27592369762870433


Train: 0.07608825781907357 Validation: 0.2786661264566712


Train: 0.07608825782174584 Validation: 0.2974771832766578


Train: 0.0760883876545293 Validation: 0.3195074863778713


Train: 4954551921631.266 Validation: 176339261104.9873

singular matrix error

Train: 0.07608846536090669 Validation: 0.27591870002978075


Train: 0.07608825781966486 Validation: 0.2789395791328128


Train: 0.07608825782146612 Validation: 0.2987093593854645


Train: 0.07608842892806743 Validation: 0.32179995947695583


Train: 4.9322279452688136e+16 Validation: 29968700074914.348

singular matrix error

Train: 0.07608846534022491 Validation: 0.2759125023112301


Train: 0.0760882578203795 Validation: 0.2792556431380022


Train: 0.07608825781845559 Validation: 0.3000928819187933


Train: 0.07608832774259654 Validation: 0.32438121748246274


Train: 1.2386982722706844e+19 Validation: 1.3468748408982884e+19

singular matrix error

Train: 0.07608846531388394 Validation: 0.27590461328394783


Train: 0.07608825782126077 Validation: 0.2796238935903459


Train: 0.07608825781817367 Validation: 0.30166224565349375


Train: 0.07608836656283735 Validation: 0.3273061680960758


Train: 290632583698498.9 Validation: 2365004393912.9478

singular matrix error

Train: 0.07608851482119625 Validation: 0.27595215191546396


Train: 0.07608825781808416 Validation: 0.2773910562608757


Train: 0.07608825782286077 Validation: 0.29106963777409656


Train: 0.07608832693480755 Validation: 0.30746319944198286


Train: 5.541429356579676e+17 Validation: 2588978549416992.0


Train: 1.9024823794579936e+22 Validation: 4.243688774365186e+20


Train: 0.07608851481404359 Validation: 0.2759504141248107


Train: 0.07608825781841637 Validation: 0.2775129375857139


Train: 0.07608825782102034 Validation: 0.29174645369561697


Train: 0.07608836534153926 Validation: 0.30875783836518694


Train: 4340405708035805.0 Validation: 7382269727273.6455

singular matrix error

Train: 0.07608851480588522 Validation: 0.2759484331824433


Train: 0.07608825781879427 Validation: 0.27764948074838314


Train: 0.0760882578199069 Validation: 0.2924844156727601


Train: 0.07608838073310466 Validation: 0.31015166296700475


Train: 3.726203383652457e+16 Validation: 9951929289714.396

singular matrix error

Train: 0.07608851479650383 Validation: 0.27594615422100394


Train: 0.0760882578192281 Validation: 0.2778032333518502


Train: 0.07608825781971222 Validation: 0.2932924982741628


Train: 0.07608830826906045 Validation: 0.31167469201622966


Train: 4.180442760623406e+16 Validation: 98648805493741.16

singular matrix error

Train: 0.07608851478558945 Validation: 0.27594350453759975


Train: 0.07608825781973026 Validation: 0.2779773344234384


Train: 0.07608825781846654 Validation: 0.2941811179456104


Train: 0.07608830754652106 Validation: 0.3133519944849876


Train: 138588899282394.42 Validation: 130298063832.53932

singular matrix error

Train: 0.07608851477274363 Validation: 0.2759403856576877


Train: 0.07608825782031681 Validation: 0.2781756886614236


Train: 0.07608825781956455 Validation: 0.29516339381415124


Train: 0.07608834398092403 Validation: 0.31519165151478484


Train: 2.979075592902751e+18 Validation: 5.701950156058613e+16

singular matrix error

Train: 0.07608851475739092 Validation: 0.2759366608706202


Train: 0.07608825782101138 Validation: 0.2784032022546902


Train: 0.07608825781735433 Validation: 0.2962553219843209


Train: 0.07608828674995465 Validation: 0.31723173714829894


Train: 8.672456823215726e+20 Validation: 1.4695388668661757e+17


Train: 2.359331396930411e+25 Validation: 4.677348962514201e+24


Train: 0.07608851473872993 Validation: 0.27593213461725313


Train: 0.07608825782184206 Validation: 0.27866610852897616


Train: 0.0760882578174353 Validation: 0.29747720658865284


Train: 0.07608831201797389 Validation: 0.31950510988702224


Train: 9.07485772733643e+20 Validation: 4.046829623283978e+16

singular matrix error

Train: 0.07608851471555787 Validation: 0.27592651709078353


Train: 0.07608825782285311 Validation: 0.2789724204071682


Train: 0.07608825781742902 Validation: 0.2988550587626856


Train: 0.07608829994119704 Validation: 0.3220696150441754


Train: 0.0917217641430539 Validation: 0.3510432734900461

singular matrix error

Train: 0.07608851468601306 Validation: 0.2759193595978774


Train: 0.07608825782410583 Validation: 0.27933256298868353


Train: 0.07608825781661314 Validation: 0.3004241688139376


Train: 0.0760883026704544 Validation: 0.3249863609161396


Train: 1.9235763578092863e+20 Validation: 1.313541669047211e+16

singular matrix error

Train: 0.07608858418382969 Validation: 0.27596564698695236


Train: 0.07608825781977703 Validation: 0.2771832714031179


Train: 0.07608825781741248 Validation: 0.28987142409484484


Train: 0.07608830404823828 Validation: 0.30518027131972275


Train: 0.08087531006677426 Validation: 0.3212092474386797

singular matrix error

Train: 0.07608858417573498 Validation: 0.27596409665999566


Train: 0.07608825782025078 Validation: 0.27729476321306434


Train: 0.07608825781835053 Validation: 0.2905218297335653


Train: 0.07608831561460785 Validation: 0.3064218022109832


Train: 1.44447365302392e+17 Validation: 320565361544773.25

singular matrix error

Train: 0.07608858416650502 Validation: 0.27596232891263733


Train: 0.07608825782079276 Validation: 0.27742024844037305


Train: 0.07608825781801905 Validation: 0.2912335988059325


Train: 0.07608828624153657 Validation: 0.30777627332873264


Train: 4.7646335248253536e+17 Validation: 1087343823005607.5

singular matrix error

Train: 0.07608858415588235 Validation: 0.27596029456978893


Train: 0.07608825782141553 Validation: 0.2775622729905573


Train: 0.07608825781656169 Validation: 0.29201558065918154


Train: 0.07608830028645774 Validation: 0.309266304235136


Train: 9.205909589230191e+17 Validation: 829809650426160.0

singular matrix error

Train: 0.0760885841435258 Validation: 0.27595792840004535


Train: 0.07608825782213961 Validation: 0.277724000288909


Train: 0.0760882578172581 Validation: 0.29287911081203144


Train: 0.07608830626449868 Validation: 0.31089523910502614


Train: 1.1354678218504195e+20 Validation: 1.3269622847906464e+17

singular matrix error

Train: 0.07608858412897089 Validation: 0.27595514201146415


Train: 0.07608825782298789 Validation: 0.2779094085150529


Train: 0.07608825781650716 Validation: 0.29383764108208976


Train: 0.07608828183778468 Validation: 0.31270233558997296


Train: 7.474128438004965e+19 Validation: 1.91901103747578e+17

singular matrix error

Train: 0.0760885841115696 Validation: 0.27595181257433804


Train: 0.07608825782399448 Validation: 0.2781235529448939


Train: 0.07608825781615842 Validation: 0.29490826406425025


Train: 0.07608828823493484 Validation: 0.3147144896356564


Train: 119770003265069.69 Validation: 146530413982.96585


Train: 2.2385051640589256e+24 Validation: 1.1057241531857336e+23


Train: 0.07608858409040165 Validation: 0.2759477641824153


Train: 0.07608825782520508 Validation: 0.27837294526940687


Train: 0.07608825781580444 Validation: 0.2961122027239865


Train: 0.07608828126372856 Validation: 0.3169612840739367


Train: 6.125526920459144e+17 Validation: 761973065303907.2

singular matrix error

Train: 0.07608858406410247 Validation: 0.27594273581061696


Train: 0.07608825782668574 Validation: 0.2786660836757885


Train: 0.07608825781591823 Validation: 0.2974771915759161


Train: 0.07608827815274154 Validation: 0.3195044552983092


Train: 8.437337409574735e+19 Validation: 9422109282954092.0

singular matrix error

Train: 0.07608858403053972 Validation: 0.27593632269395296


Train: 0.07608825782853236 Validation: 0.2790142245894662


Train: 0.07608825781603792 Validation: 0.29903989808187426


Train: 0.07608829566104607 Validation: 0.3224132672616461


Train: 2.959223529739146e+21 Validation: 1.0144789054687535e+19


Train: 3.2889162310175717e+27 Validation: 2.822630073613475e+24


Train: 0.07608868595801423 Validation: 0.27598226749623617


Train: 0.07608825782248667 Validation: 0.27697050051553324


Train: 0.07608825781651364 Validation: 0.2885756119078143


Train: 0.07608827678792031 Validation: 0.30268340355902074

