Unloaded module: latex/TeXLive12
Loaded module: python3/3.6.2

Train: 0.07611788121631433 Validation: 0.27685818098012926


Train: 0.07608825813151632 Validation: 0.2775922937698922


Train: 0.07608825781400658 Validation: 0.2921813780564086


Train: 0.07608826256697573 Validation: 0.30957822497983545


Train: 0.07739657332181804 Validation: 0.3284870944415379

singular matrix error

Train: 0.07611788042550176 Validation: 0.27685633089566


Train: 0.07608825815556026 Validation: 0.2777233622784156


Train: 0.07608825781399961 Validation: 0.2928790777596686


Train: 0.07608826047397997 Validation: 0.3108975091201572


Train: 63382864692.77017 Validation: 39499184.77560222

singular matrix error

Train: 0.07611787952402443 Validation: 0.27685422252521896


Train: 0.07608825818287245 Validation: 0.27786956636399374


Train: 0.07608825781403519 Validation: 0.29363757705990834


Train: 0.0760882617684569 Validation: 0.3123274097058479


Train: 1571519692200.7485 Validation: 819375014.8924189

singular matrix error

Train: 0.07611787848689928 Validation: 0.27685179772544444


Train: 0.0760882582141275 Validation: 0.27803342438882006


Train: 0.07608825781404852 Validation: 0.2944653103374063


Train: 0.07608825945047686 Validation: 0.3138827017732672


Train: 22474439677767.965 Validation: 16439667322.092749

singular matrix error

Train: 0.07611787728102902 Validation: 0.27684897948639303


Train: 0.07608825825019425 Validation: 0.2782180114421352


Train: 0.07608825781401053 Validation: 0.2953724418172432


Train: 0.07608826002701 Validation: 0.31558123839160507


Train: 5699891022881.027 Validation: 2486009033.5371857

singular matrix error

Train: 0.07611787586157852 Validation: 0.27684566360569346


Train: 0.07608825829221061 Validation: 0.27842711552360166


Train: 0.07608825781402105 Validation: 0.2963712976254977


Train: 0.07608825923035681 Validation: 0.317446274030288


Train: 0.07647774957904979 Validation: 0.3404583549781919

singular matrix error

Train: 0.07611787416629648 Validation: 0.2768417055234222


Train: 0.07608825834169504 Validation: 0.27866544403711524


Train: 0.07608825781398912 Validation: 0.29747718224074865


Train: 0.07608826018610662 Validation: 0.31950641395296797


Train: 0.07662938178454518 Validation: 0.34339410023366473

singular matrix error

Train: 0.0761178721061392 Validation: 0.2768368986936366


Train: 0.07608825840071717 Validation: 0.278938904074735


Train: 0.07608825781405489 Validation: 0.2987093368154956


Train: 0.07608825908864947 Validation: 0.32179699409998996


Train: 0.07637841643529272 Validation: 0.3474288582801756

singular matrix error

Train: 0.07611786954910452 Validation: 0.2768309373769339


Train: 0.07608825847217147 Validation: 0.27925498006167965


Train: 0.07608825781407619 Validation: 0.30009291280630346


Train: 0.07608826074005062 Validation: 0.3243704856817982


Train: 0.07689741779757123 Validation: 0.35091236547661936

singular matrix error

Train: 0.07611786629080812 Validation: 0.2768233489855841


Train: 0.07608825856023138 Validation: 0.2796232503536396


Train: 0.0760882578141796 Validation: 0.30166224166171846


Train: 0.07608826013063649 Validation: 0.32730753641204224


Train: 0.07655990997661244 Validation: 0.3552200313111379

singular matrix error

Train: 0.07612799153836607 Validation: 0.27704446372583136


Train: 0.07608825824275088 Validation: 0.2773902316719157


Train: 0.07608825781396676 Validation: 0.2910696747421208


Train: 0.07608825922912098 Validation: 0.30746723482969174


Train: 0.07623093541897205 Validation: 0.32538333839653993

singular matrix error

Train: 0.07612799060793453 Validation: 0.2770428020989501


Train: 0.07608825827594377 Validation: 0.27751210617613


Train: 0.07608825781396539 Validation: 0.2917464516088649


Train: 0.07608825888793258 Validation: 0.30875385685669116


Train: 0.07636485782487837 Validation: 0.3271699486587988

singular matrix error

Train: 0.07612798954700822 Validation: 0.2770409079636408


Train: 0.07608825831373832 Validation: 0.27764864300405734


Train: 0.07608825781393833 Validation: 0.29248444862941997


Train: 0.0760882593160359 Validation: 0.31015175681759566


Train: 0.07636492797794955 Validation: 0.3292979649910786

singular matrix error

Train: 0.076127988326067 Validation: 0.27703872884796443


Train: 0.07608825835710252 Validation: 0.27780239043257504


Train: 0.07608825781396741 Validation: 0.29329246479914317


Train: 0.07608825900196481 Validation: 0.311677421339568


Train: 0.07628449706556269 Validation: 0.331568915503891


Train: 1.2625378606916047e+35 Validation: 7.112053730851463e+33


Train: 0.07612798690594072 Validation: 0.2770361952104008


Train: 0.07608825840728813 Validation: 0.277976487969694


Train: 0.07608825781398194 Validation: 0.29418112842286387


Train: 0.07608825863624794 Validation: 0.31334912633734735


Train: 0.07633027220713529 Validation: 0.3340983256096563

singular matrix error

Train: 0.07612798523358535 Validation: 0.27703321287991217


Train: 0.07608825846594212 Validation: 0.278174840420954


Train: 0.0760882578139861 Validation: 0.2951634068797971


Train: 0.07608825861169047 Validation: 0.3151903573303236


Train: 0.07626194307108042 Validation: 0.3370255974844531

singular matrix error

Train: 0.07612798323523444 Validation: 0.2770296510957445


Train: 0.07608825853527364 Validation: 0.278402354977625


Train: 0.07608825781403929 Validation: 0.2962553418933303


Train: 0.07608825954596558 Validation: 0.3172309381082861


Train: 0.07639918138525423 Validation: 0.3399860271528897


Train: 3.1911252171414285e+23 Validation: 1.3853433296514127e+23


Train: 0.07612798080529354 Validation: 0.27702532282780534


Train: 0.07608825861831162 Validation: 0.2786652662475181


Train: 0.07608825781407413 Validation: 0.29747717970780446


Train: 0.07608825874239303 Validation: 0.31950634201587913


Train: 0.07627161351574517 Validation: 0.343375388731175

singular matrix error

Train: 0.07612797778701028 Validation: 0.27701995086139347


Train: 0.07608825871932325 Validation: 0.2789715886224978


Train: 0.07608825781415267 Validation: 0.298855062400403


Train: 0.07608825878455354 Validation: 0.3220673461317308


Train: 0.07619850968041525 Validation: 0.3472455581016789

singular matrix error

Train: 0.07612797393730264 Validation: 0.2770131060027116


Train: 0.07608825884450467 Validation: 0.2793317492898479


Train: 0.07608825781427458 Validation: 0.30042415218356616


Train: 0.0760882592219199 Validation: 0.32498743688831366


Train: 0.07627527659202957 Validation: 0.3513196116282861

singular matrix error

Train: 0.07614549876396089 Validation: 0.2773319513270771


Train: 0.07608825841199503 Validation: 0.2771822478785608


Train: 0.07608825781391636 Validation: 0.28987140862214295


Train: 0.07608825853159988 Validation: 0.3051791257107244


Train: 0.07628890226651477 Validation: 0.3218601118430712

singular matrix error

Train: 0.0761454976177545 Validation: 0.2773304808651099


Train: 0.07608825845939074 Validation: 0.27729372802640223


Train: 0.07608825781394733 Validation: 0.290521883443659


Train: 0.07608825937863624 Validation: 0.3064233832460633


Train: 0.07617062243877074 Validation: 0.323534411983625

singular matrix error

Train: 0.07614549631042031 Validation: 0.2773288041707299


Train: 0.07608825851349305 Validation: 0.2774192029217654


Train: 0.07608825781396507 Validation: 0.2912335665114793


Train: 0.07608825886347216 Validation: 0.30777941376494744


Train: 0.07620547933511002 Validation: 0.3256428025115628

singular matrix error

Train: 0.07614549480540528 Validation: 0.2773268745862627


Train: 0.07608825857574268 Validation: 0.27756121756796015


Train: 0.07608825781395731 Validation: 0.2920155990654593


Train: 0.07608825851445439 Validation: 0.30926427042425314


Train: 0.07632874874085815 Validation: 0.32777927385581646

singular matrix error

Train: 0.07614549305422674 Validation: 0.2773246302351196


Train: 0.07608825864800728 Validation: 0.2777229368402162


Train: 0.07608825781399141 Validation: 0.29287908943077035


Train: 0.07608825831929822 Validation: 0.3108975322834464


Train: 0.07615701147706277 Validation: 0.3305900757862248

singular matrix error

Train: 0.07614549099109881 Validation: 0.27732198726073476


Train: 0.07608825873276004 Validation: 0.27790833836528334


Train: 0.0760882578140311 Validation: 0.29383766828206614


Train: 0.07608825870501992 Validation: 0.31270396490295665


Train: 0.07621842441799884 Validation: 0.3331527653321457

singular matrix error

Train: 0.07614548852451963 Validation: 0.2773188291202013


Train: 0.0760882588333351 Validation: 0.2781224796042259


Train: 0.07608825781409502 Validation: 0.29490825015328853


Train: 0.0760882583847178 Validation: 0.3147134185509527


Train: 0.07616839352086167 Validation: 0.3361789190696851

singular matrix error

Train: 0.07614548552332745 Validation: 0.2773149889383475


Train: 0.0760882589543334 Validation: 0.2783718725979086


Train: 0.0760882578141686 Validation: 0.2961122237394661


Train: 0.0760882584370821 Validation: 0.31696422884037906


Train: 0.07613378580054579 Validation: 0.3396161119653835

singular matrix error

Train: 0.07614548179258991 Validation: 0.2773102190502303


Train: 0.07608825910228023 Validation: 0.2786650176927084


Train: 0.07608825781428905 Validation: 0.29747718373178467


Train: 0.07608825812754444 Validation: 0.31950677897555335


Train: 0.0761728118177425 Validation: 0.3433449300115889

singular matrix error

Train: 0.07614547702950078 Validation: 0.27730413538589743


Train: 0.07608825928673883 Validation: 0.27901317389727803


Train: 0.07608825781447598 Validation: 0.2990399001063419


Train: 0.07608825813682646 Validation: 0.32241081768530344


Train: 0.07610476860328759 Validation: 0.3478841805235172

singular matrix error

Train: 0.07618221887758582 Validation: 0.2778574932872861


Train: 0.07608825868271954 Validation: 0.27696919861014574


Train: 0.0760882578139284 Validation: 0.28857559488815493


Train: 0.07608825832786754 Validation: 0.3026868986113865


Train: 0.07615128948801862 Validation: 0.3177581844297762


Train: 1.9475849703764115e+19 Validation: 1.227614066483893e+18


Train: 0.07618221732886878 Validation: 0.2778562178458595


Train: 0.07608825875332323 Validation: 0.2770690015846478


Train: 0.07608825781395623 Validation: 0.2891932239603908


Train: 0.07608825843674136 Validation: 0.3038774983684019


Train: 0.07611018193791455 Validation: 0.3196188094179165


Train: 3.501589753900229e+23 Validation: 1.0274744866251429e+22


Train: 0.07618221556191412 Validation: 0.2778547631098619


Train: 0.07608825883414097 Validation: 0.27718189974733903


Train: 0.07608825781399932 Validation: 0.2898714158586681


Train: 0.07608825827371034 Validation: 0.3051794428537966


Train: 0.07612281848982944 Validation: 0.32160898203378896


Train: 2.0207283642523556e+21 Validation: 1.7983110193794167e+19


Train: 0.07618221352709707 Validation: 0.2778530884189169


Train: 0.07608825892740687 Validation: 0.27731039006942326


Train: 0.07608825781401107 Validation: 0.2906196191109894


Train: 0.07608825821740658 Validation: 0.3066102217379356


Train: 0.07619391199387787 Validation: 0.3238725663735381


Train: 5.6984722915475076e+20 Validation: 3.5001956112999634e+18


Train: 0.07618221115852339 Validation: 0.2778511398074275


Train: 0.07608825903604198 Validation: 0.2774576088455302


Train: 0.07608825781405901 Validation: 0.2914493825560007


Train: 0.07608825817437778 Validation: 0.3081898385899201


Train: 0.07611881735169625 Validation: 0.32636364356461317


Train: 8.145271854319259e+17 Validation: 1.0938419962934206e+16


Train: 0.07618220836673203 Validation: 0.27784884408917787


Train: 0.07608825916392888 Validation: 0.27762754210557106


Train: 0.07608825781413074 Validation: 0.2923749682245534


Train: 0.07608825799450128 Validation: 0.30994496967064705


Train: 0.07611921088955086 Validation: 0.3290914538515495


Train: 4.381174892051356e+21 Validation: 2.7756396042627704e+20


Train: 0.07618220502716695 Validation: 0.27784609945394634

Terminated
