Unloaded module: latex/TeXLive12
Loaded module: python3/3.6.2

Train: 0.0762861391413126 Validation: 0.282314173660315


Train: 0.07608827398400303 Validation: 0.2730418875879857


Train: 0.07608825781412984 Validation: 0.27962634786351087


Train: 0.07608825797453037 Validation: 0.2897717266798439


Train: 0.076089199630097 Validation: 0.3012481301518576


Train: 2.4821307416373233e+18 Validation: 9.757311171345427e+17


Train: 0.07628613814171245 Validation: 0.28231366145452774


Train: 0.07608827422088477 Validation: 0.2731018598102933


Train: 0.07608825781419663 Validation: 0.2801774795225527


Train: 0.07608825792741804 Validation: 0.29088816417488605


Train: 0.07608905170825397 Validation: 0.3028926801682842


Train: 1.8421908346517258e+17 Validation: 2.813323393523275e+16


Train: 0.07628613700130464 Validation: 0.2823130772295803


Train: 0.07608827448721188 Validation: 0.2731798493680427


Train: 0.07608825781428141 Validation: 0.2807976970507735


Train: 0.07608825790891846 Validation: 0.2921211255571143


Train: 0.07608950574332696 Validation: 0.3046790428444191


Train: 1.0850691517561907e+17 Validation: 2548306585637596.5


Train: 0.07628613568813238 Validation: 0.2823124046495681


Train: 0.07608827478964929 Validation: 0.2732797642603033


Train: 0.07608825781439196 Validation: 0.2814988044999776

