Unloaded module: latex/TeXLive12
Loaded module: python3/3.6.2

Train: 0.0761206991722804 Validation: 0.2795312805255446


Train: 0.07608825798165526 Validation: 0.2730500394499749


Train: 0.07608825781417046 Validation: 0.2796263444881834


Train: 0.07608826321147114 Validation: 0.289771428757625


Train: 0.07617523630325236 Validation: 0.30125946467773757

singular matrix error

Train: 0.0761206991301169 Validation: 0.279530810213559


Train: 0.07608825798405763 Validation: 0.2731098557063325


Train: 0.0760882578143433 Validation: 0.2801774792044623


Train: 0.0760882640498975 Validation: 0.2908880631752621


Train: 0.07613908702502291 Validation: 0.3029304364017554

singular matrix error

Train: 0.07612069908199896 Validation: 0.27953027386716495


Train: 0.07608825798675446 Validation: 0.2731876873170784


Train: 0.07608825781409277 Validation: 0.28079769616659017


Train: 0.07608826405675678 Validation: 0.29212036307664424


Train: 0.07614317713590678 Validation: 0.3047370864804162

singular matrix error
Terminated
