Unloaded module: latex/TeXLive12
Loaded module: python3/3.6.2

Train: 0.6827423424937705 Validation: 2.228153639790865


Train: 0.07608828948141058 Validation: 0.2775855403463311


Train: 0.07608825781734407 Validation: 0.2921814424968385


Train: 0.0760882578774477 Validation: 0.30957863099952304


Train: 0.07611529366097523 Validation: 0.32847367885889633


Train: 1.2607040036346255e+22 Validation: 1.1419838966021407e+18


Train: 0.6824978191789189 Validation: 2.2273001526097773


Train: 0.07608829187401647 Validation: 0.2777165672308375


Train: 0.07608825781803037 Validation: 0.29287915339656584


Train: 0.07608825785482029 Validation: 0.31089781410014977


Train: 0.07609280831381005 Validation: 0.3305250890156579


Train: 9.834469263036124e+22 Validation: 9.926981578956507e+19


Train: 0.6822195413364807 Validation: 2.2263287355614296


Train: 0.07608829459140695 Validation: 0.2778627378467097


Train: 0.07608825781890097 Validation: 0.2936376537663416


Train: 0.07608825786364082 Validation: 0.3123277943476881


Train: 0.07610265077529332 Validation: 0.33261088260241434


Train: 7.118267371482863e+23 Validation: 8.461391048266878e+19


Train: 0.6819000017143352 Validation: 2.2252131329328004


Train: 0.07608829770054483 Validation: 0.2780265730754899


Train: 0.07608825782002204 Validation: 0.2944653924178814


Train: 0.07608825784793549 Validation: 0.31388321662434543


Train: 0.07610392703269055 Validation: 0.3349787761997258


Train: 1.6905363681706361e+21 Validation: 7.114847213782147e+18


Train: 0.6815292887299056 Validation: 2.2239186705875897


Train: 0.07608830128766524 Validation: 0.27821115177331596


Train: 0.0760882578214862 Validation: 0.29537252014773346


Train: 0.07608825785143905 Validation: 0.315582258025415


Train: 0.07609275697128243 Validation: 0.3375642185508674


Train: 1.9497050720730664e+22 Validation: 3.235518173772412e+20


Train: 0.6810940402483059 Validation: 2.2223985881524637


Train: 0.07608830546565636 Validation: 0.27842026654020297


Train: 0.07608825782343608 Validation: 0.2963713896711804


Train: 0.07608825785277863 Validation: 0.31744742161863015


Train: 0.07609841690276176 Validation: 0.34039090128171684


Train: 1.6731749182334365e+22 Validation: 2.5868636780102e+20


Train: 0.6805757988331235 Validation: 2.220588270032313


Train: 0.07608831038509145 Validation: 0.2786586317262994


Train: 0.07608825782608689 Validation: 0.29747726372885064


Train: 0.07608825784340924 Validation: 0.31950650494476834


Train: 0.0760915868202905 Validation: 0.34341093835416836


Train: 4.180130734240195e+19 Validation: 5.139520589346832e+17


Train: 0.6799483274197397 Validation: 2.218395824376011


Train: 0.07608831625120391 Validation: 0.2789321635733357


Train: 0.0760882578297827 Validation: 0.29870942962562796


Train: 0.07608825783950675 Validation: 0.3217966505796814


Train: 0.07609128450475848 Validation: 0.3468176334873169


Train: 3.5609100471957035e+21 Validation: 1.3488915789185687e+21


Train: 0.6791730282967353 Validation: 2.2156859936217677


Train: 0.07608832335092204 Validation: 0.27924836024210437


Train: 0.07608825783508716 Validation: 0.30009300938313654


Train: 0.07608825783232222 Validation: 0.32436992835222783


Train: 0.07609203043095072 Validation: 0.3507229223661951


Train: 5.887160333828345e+23 Validation: 1.255119865862647e+20


Train: 0.6781906932502778 Validation: 2.212251153537191


Train: 0.07608833209768513 Validation: 0.27961682079314626


Train: 0.0760882578429736 Validation: 0.3016623313029466


Train: 0.07608825784177875 Validation: 0.3273076737483528


Train: 0.07609835609038328 Validation: 0.3552270913399455


Train: 6.8290444607142775e+22 Validation: 4.157728038207467e+21


Train: 0.2972532507983361 Validation: 1.104810620090971


Train: 0.07608830054481826 Validation: 0.2773820070975448


Train: 0.07608825781877784 Validation: 0.29106976176096355


Train: 0.07608825785937938 Validation: 0.3074678050826219


Train: 0.07609404668172927 Validation: 0.32516541215717687


Train: 1.2710826516348075e+23 Validation: 1.3714611725902268e+19


Train: 0.2972535556070021 Validation: 1.1048142099787663


Train: 0.0760883038451186 Validation: 0.277503811592748


Train: 0.0760882578197607 Validation: 0.2917465448121123


Train: 0.07608825784354889 Validation: 0.30875413303225696


Train: 0.07609120103750298 Validation: 0.3271295166295185


Train: 1.7148341925928037e+24 Validation: 1.7060376813644628e+20


Train: 0.29725390347992187 Validation: 1.1048183060111296


Train: 0.07608830760220252 Validation: 0.2776402859551382


Train: 0.07608825782101035 Validation: 0.2924845411715673


Train: 0.07608825783587016 Validation: 0.3101521332797086


Train: 0.07609021201864656 Validation: 0.32929028614415456


Train: 9.065288653777821e+21 Validation: 2.391756077398157e+18


Train: 0.29725430422600996 Validation: 1.1048230233015308


Train: 0.07608831191201751 Validation: 0.27779398142195194


Train: 0.07608825782262596 Validation: 0.29329256148390176


Train: 0.0760882578445096 Validation: 0.31167773829973755


Train: 0.07608933334437497 Validation: 0.33162061187570374


Train: 2.91672574058547e+24 Validation: 1.9430289471093752e+20


Train: 0.29725477090956115 Validation: 1.1048285148627734


Train: 0.07608831689863815 Validation: 0.2779680414123887


Train: 0.07608825782474712 Validation: 0.29418123124158485


Train: 0.07608825783460833 Validation: 0.3133498150275653


Train: 0.07609022482971625 Validation: 0.3341989945210948


Train: 9.70140441255562e+21 Validation: 2.823396912845856e+19


Train: 0.2972553212382293 Validation: 1.1048349882654134


Train: 0.07608832272523594 Validation: 0.27816637621640666


Train: 0.07608825782758732 Validation: 0.2951635168348615


Train: 0.07608825782643863 Validation: 0.3151912961616186


Train: 0.07608988630000585 Validation: 0.33694468603082356


Train: 8.511662207087317e+21 Validation: 2.17793257954005e+19


Train: 0.29725597993461383 Validation: 1.1048427327689123


Train: 0.07608832961058434 Validation: 0.27839390043365475


Train: 0.07608825783147317 Validation: 0.2962554638552768


Train: 0.07608825782290496 Validation: 0.3172312135917784


Train: 0.07609046526738067 Validation: 0.3400538705867169


Train: 2.28944078849455e+19 Validation: 1.2394860081067538e+17


Train: 0.29725678248493115 Validation: 1.1048521634427035


Train: 0.07608833785462812 Validation: 0.27865685944146634


Train: 0.07608825783692552 Validation: 0.2974773009749395


Train: 0.07608825782404127 Validation: 0.3195064952429284


Train: 0.07609038700529433 Validation: 0.3434534634701384


Train: 1.6249279842507786e+22 Validation: 2.115885657320679e+19


Train: 0.29725778181811724 Validation: 1.104863898351113


Train: 0.0760883478795292 Validation: 0.2789632831657058


Train: 0.07608825784481454 Validation: 0.29885519034098634


Train: 0.07608825782783739 Validation: 0.32206734560587363


Train: 0.07609083017419456 Validation: 0.34729991832483065


Train: 3.3114993369252364e+21 Validation: 3.9321786065486094e+19


Train: 0.2972590603939136 Validation: 1.1048788994187626


Train: 0.07608836029831359 Validation: 0.279323622494198


Train: 0.07608825785665302 Validation: 0.3004242791918094


Train: 0.07608825782970119 Validation: 0.3249876806605033


Train: 0.07609043242504439 Validation: 0.35163943995024394


Train: 6.101259033186129e+21 Validation: 2.9425035219742945e+18


Train: 0.3472367408869339 Validation: 1.0065158992092182


Train: 0.07608831736195429 Validation: 0.2771720413766606


Train: 0.07608825782103586 Validation: 0.28987151167245856


Train: 0.07608825782750459 Validation: 0.3051795348892408


Train: 0.07608913402205705 Validation: 0.32161154998963504


Train: 3.836814995176344e+20 Validation: 4.312083344696426e+16


Train: 0.3472388822037671 Validation: 1.0065214663900708


Train: 0.07608832206925217 Validation: 0.2772834094195379


Train: 0.07608825782249139 Validation: 0.2905219978515752


Train: 0.07608825782920153 Validation: 0.3064234200278007


Train: 0.07608926906878756 Validation: 0.3235620445579932


Train: 7.275084188660174e+18 Validation: 8446393486125452.0


Train: 0.347241325941026 Validation: 1.0065278199180798


Train: 0.07608832744144275 Validation: 0.27740877836647304


Train: 0.07608825782435222 Validation: 0.29123368257687127


Train: 0.07608825783027356 Validation: 0.3077796728957408


Train: 0.07608893569312686 Validation: 0.3256307597560042


Train: 1.2414590155907471e+19 Validation: 1501325820697418.5


Train: 0.3472441410300237 Validation: 1.0065351390444879


Train: 0.07608833362092585 Validation: 0.27755069640105007


Train: 0.07608825782676705 Validation: 0.292015723075387


Train: 0.0760882578224963 Validation: 0.30926451618504436


Train: 0.0760887924906787 Validation: 0.3279329603515142


Train: 786275391536218.1 Validation: 221144628260595.4


Train: 0.34724741908259554 Validation: 1.0065436620133268


Train: 0.07608834079265078 Validation: 0.2777123327013525


Train: 0.07608825782995399 Validation: 0.29287922639499336


Train: 0.0760882578256667 Validation: 0.3108979330096752


Train: 0.0760884651571474 Validation: 0.3304414075520894


Train: 5.182911448757154e+22 Validation: 1.6271837889871208e+19


Train: 0.3472512845365112 Validation: 1.0065537124466422


Train: 0.07608834920104934 Validation: 0.27789767094926626


Train: 0.07608825783424403 Validation: 0.29383781111988816


Train: 0.0760882578229882 Validation: 0.31270425859167855


Train: 0.07608871768011363 Validation: 0.33321129925561993


Train: 7.660570422559444e+21 Validation: 7.526037053808821e+18


Train: 0.3472559108150166 Validation: 1.0065657413755698


Train: 0.07608835917564591 Validation: 0.278111777060091


Train: 0.07608825784015104 Validation: 0.29490840337305774


Train: 0.07608825782247017 Validation: 0.314713639045617


Train: 0.07608855770298509 Validation: 0.3362600385441064


Train: 7.604516792697841e+19 Validation: 7.262975179171122e+18


Train: 0.34726154706448087 Validation: 1.006580396808832


Train: 0.07608837117106769 Validation: 0.2783611752730836


Train: 0.07608825784850365 Validation: 0.29611238435705384


Train: 0.07608825782424733 Validation: 0.3169641541535091


Train: 0.07608914722933793 Validation: 0.33962229842285696


Train: 5.9925097427117096e+23 Validation: 9.009994773985646e+20


Train: 0.34726856454481525 Validation: 1.0065986444195694


Train: 0.07608838583179486 Validation: 0.2786543839066973


Train: 0.0760882578606908 Validation: 0.29747735877320103


Train: 0.076088257817778 Validation: 0.3195064340454821


Train: 0.076088799072281 Validation: 0.3434458079981178


Train: 1.3944291841370483e+19 Validation: 1.4506968298007878e+16


Train: 0.34727754188041415 Validation: 1.0066219893668384


Train: 0.07608840410151343 Validation: 0.27900268950288554


Train: 0.07608825787916404 Validation: 0.29904008004977695


Train: 0.07608825782529388 Validation: 0.3224108804556038


Train: 0.07608856712313028 Validation: 0.3477972329978023


Train: 8.491382935706582e+17 Validation: 5.306825048329261e+17


Train: 3.476274391691987 Validation: 9.176477011978053


Train: 0.0760883442292622 Validation: 0.2769562309247873


Train: 0.07608825782478304 Validation: 0.2885757310244795


Train: 0.07608825782632977 Validation: 0.30268686198775896


Train: 0.07608851601785191 Validation: 0.3177758560989706


Train: 2.008387931912058e+16 Validation: 4559501781714473.0


Train: 3.474597290327258 Validation: 9.172074877266951


Train: 0.07608835123154294 Validation: 0.27705585762335183


Train: 0.07608825782703742 Validation: 0.2891933675207193


Train: 0.07608825782536233 Validation: 0.3038774473513582


Train: 0.07608846065166422 Validation: 0.31962363924643034


Train: 2308747429549.0625 Validation: 7525131283.533494


Train: 3.4726850581802444 Validation: 9.167055563702197


Train: 0.07608835924423088 Validation: 0.27716858274753525


Train: 0.07608825782993157 Validation: 0.28987156917974627


Train: 0.07608825782222049 Validation: 0.3051794217367016


Train: 0.07608844608492826 Validation: 0.32162911498679103


Train: 1.4539432338756796e+21 Validation: 3.231241750475383e+17


Train: 3.4704845194355602 Validation: 9.161279494560397


Train: 0.07608836848816247 Validation: 0.27729690655342193


Train: 0.07608825783370558 Validation: 0.29061978649945047


Train: 0.0760882578240737 Validation: 0.3066100119392692


Train: 0.07608861882728846 Validation: 0.3238375190156565


Train: 3.8268477223389696e+18 Validation: 497913903503083.6


Train: 3.4679251560383273 Validation: 9.154561573219114


Train: 0.07608837925151617 Validation: 0.27744396995432963


Train: 0.07608825783871431 Validation: 0.2914495650068199


Train: 0.07608825781839236 Validation: 0.30818996178132474


Train: 0.07608852619525355 Validation: 0.32627972789437937


Train: 1466213472380326.8 Validation: 459780830225.5383


Train: 3.464911411642198 Validation: 9.146650982762472


Train: 0.07608839191712771 Validation: 0.27761376549511435


Train: 0.07608825784549818 Validation: 0.29237516317414214


Train: 0.07608825781930623 Validation: 0.3099451079889248


Train: 0.07608852680073101 Validation: 0.3289820311277992


Train: 1.5339054698163513e+24 Validation: 5.3141238555807973e+20


Train: 3.461310494131859 Validation: 9.137199170350604


Train: 0.076088407004164 Validation: 0.27781143470317554


Train: 0.07608825785490361 Validation: 0.29341442521965294


Train: 0.07608825781713911 Validation: 0.3119072204363198


Train: 0.07608836955727563 Validation: 0.33198791393746735


Train: 2492785577822356.0 Validation: 15383043457174.094


Train: 3.456932283276216 Validation: 9.125707109644488


Train: 0.07608842523369973 Validation: 0.27804369463780587


Train: 0.07608825786830781 Validation: 0.2945900254397737


Train: 0.07608825781637948 Validation: 0.3141167647759345


Train: 0.07608862008544143 Validation: 0.3353409728338255


Train: 1.8466121077522018e+21 Validation: 2.2874425758197975e+18


Train: 3.4514946497428887 Validation: 9.111434271861926


Train: 0.07608844763583218 Validation: 0.2783194611864279


Train: 0.07608825788804792 Validation: 0.2959313453266076


Train: 0.0760882578161072 Validation: 0.3166261727853331


Train: 0.07608838926195326 Validation: 0.33912997717050103


Train: 1.1031152387561965e+22 Validation: 2.8572246553215283e+18


Train: 3.4445601336376157 Validation: 9.093232423668086


Train: 0.07608847573251139 Validation: 0.2786507775532157


Train: 0.07608825791829749 Validation: 0.2974774539101258


Train: 0.07608825781567642 Validation: 0.3195064939314517


Train: 0.07608836609052275 Validation: 0.343445015299314


Train: 2.3480203592443607e+22 Validation: 6.62667594306033e+19


Train: 0.7651454382942021 Validation: 1.731894844456101


Train: 0.0760883899857242 Validation: 0.2767354667798003


Train: 0.07608825783142746 Validation: 0.2871694218547634


Train: 0.07608825781996957 Validation: 0.2999554340696187


Train: 0.07608831550884715 Validation: 0.31361670616900816


Train: 4.403941082408425e+19 Validation: 3218187675614288.0


Train: 0.7651569684343357 Validation: 1.731922537292165


Train: 0.07608840098448848 Validation: 0.27682198348796494


Train: 0.07608825783512464 Validation: 0.287746178398175


Train: 0.07608825781771818 Validation: 0.30107931010787004


Train: 0.07608833246225684 Validation: 0.3153207284045753


Train: 1.195446448006505e+18 Validation: 594970684016337.2


Train: 0.7651701329640892 Validation: 1.7319541557388152


Train: 0.07608841360662874 Validation: 0.27692041935248735


Train: 0.07608825783989308 Validation: 0.28838200622987153


Train: 0.07608825782240752 Validation: 0.30231221871732566


Train: 0.07608832284432669 Validation: 0.31721903525117695


Train: 4.312502073150978e+19 Validation: 4507081565872358.0


Train: 0.7651853058824214 Validation: 1.7319905981377464


Train: 0.0760884282146191 Validation: 0.277033167322463


Train: 0.076088257846145 Validation: 0.28908654563519137


Train: 0.07608825781869216 Validation: 0.30367168631300756


Train: 0.07608828064527402 Validation: 0.3193054174955689


Train: 3.4728537440461835e+21 Validation: 1.84060671708798e+17


Train: 0.7652029847689827 Validation: 1.7320330596898406


Train: 0.07608844528381269 Validation: 0.27716326630994165


Train: 0.07608825785448987 Validation: 0.2898716709205837


Train: 0.0760882578175344 Validation: 0.305179436543499


Train: 0.07608828999487569 Validation: 0.32163206598550226


Train: 5.240374870663243e+19 Validation: 2.1520331910614044e+16


Train: 0.7652238463013005 Validation: 1.7320831658131677


Train: 0.07608846544925393 Validation: 0.27731462628618464


Train: 0.07608825786586698 Validation: 0.2907521823245229


Train: 0.07608825781633267 Validation: 0.30686230730990155


Train: 0.07608830057133868 Validation: 0.32423387139619114


Train: 6136148754442.047 Validation: 3784541320954.9087


Train: 0.7652488349611021 Validation: 1.7321431852455338


Train: 0.07608848957756348 Validation: 0.2774923515985236


Train: 0.07608825788175888 Validation: 0.2917467743675429


Train: 0.07608825781565978 Validation: 0.3087540796045477


Train: 0.07608829719172465 Validation: 0.32715807515525563


Train: 1.8145551139949391e+22 Validation: 8.955422900892486e+17


Train: 0.7652793099207942 Validation: 1.7322163829236032


Train: 0.07608851888109155 Validation: 0.27770321499787526


Train: 0.07608825790460384 Validation: 0.2928794324065851


Train: 0.07608825781594503 Validation: 0.31089794859680814


Train: 0.07608834507854534 Validation: 0.33044333970964973


Train: 2.640444062016333e+19 Validation: 3813367302460959.0


Train: 0.7653173007475554 Validation: 1.7323076342883146


Train: 0.07608855510619306 Validation: 0.27795636841393934


Train: 0.07608825793858652 Validation: 0.29418150499651463


Train: 0.07608825781502274 Validation: 0.31334980507968263


Train: 0.0760883239351715 Validation: 0.3341886497714967


Train: 1.1854345306916087e+21 Validation: 3.396736419387469e+17


Train: 0.7653659789316148 Validation: 1.7324245581540207


Train: 0.07608860085827406 Validation: 0.2782644350089013


Train: 0.07608825799128421 Validation: 0.29569493116794593


Train: 0.07608825781591315 Validation: 0.31618441873504627


Train: 0.07608827467830644 Validation: 0.33847088921485147


Train: 1.044497524232728e+19 Validation: 1660837780429338.8


Train: 1.819207664472965 Validation: 4.048432586640171


Train: 0.07608847484732321 Validation: 0.276510913970612


Train: 0.07608825784430916 Validation: 0.28563703140003754


Train: 0.07608825781592259 Validation: 0.29693842036459084


Train: 0.07608827969675382 Validation: 0.3090207424783434


Train: 1.1048680506015323e+17 Validation: 67168148851161.055


Train: 1.8191666537494875 Validation: 4.048343686850091


Train: 0.07608849343988683 Validation: 0.2765829480626151


Train: 0.07608825785085926 Validation: 0.28616297350058606


Train: 0.0760882578163838 Validation: 0.2979793987016153


Train: 0.0760882728561239 Validation: 0.3105974976690028


Train: 1.0592666300976004e+21 Validation: 4.6441832440231706e+17


Train: 1.8191198214170075 Validation: 4.0482421677430205


Train: 0.07608851484374378 Validation: 0.27666539834330267


Train: 0.07608825785935103 Validation: 0.2867453241021828


Train: 0.07608825781570633 Validation: 0.29912501634753264


Train: 0.07608826963094506 Validation: 0.31233315011693447


Train: 5.221132987781933e+20 Validation: 5.602940384226491e+16


Train: 1.8190658331652665 Validation: 4.048125137036002


Train: 0.0760885397009323 Validation: 0.276760473299109


Train: 0.076088257870545 Validation: 0.28739372732867613


Train: 0.07608825781500018 Validation: 0.30039290346664077


Train: 0.07608827254907577 Validation: 0.3142708596605786


Train: 7.903125760155065e+19 Validation: 4.091554584955309e+16


Train: 1.8190029132039263 Validation: 4.0479887455452


Train: 0.07608856885795297 Validation: 0.2768710111583142


Train: 0.07608825788558653 Validation: 0.28812017893341263


Train: 0.07608825781495113 Validation: 0.30180491257201253


Train: 0.07608826662273868 Validation: 0.3164340683824192


Train: 22269016278791.75 Validation: 1377877381.747031


Train: 1.818928645196869 Validation: 4.047827755652223


Train: 0.07608860345244542 Validation: 0.2770007125234831


Train: 0.07608825790623958 Validation: 0.28893978960541566


Train: 0.07608825781497028 Validation: 0.30338868637714744


Train: 0.07608827175816825 Validation: 0.31887049020853014


Train: 3.0068056388336133e+21 Validation: 1.55909535493202e+18


Train: 1.8188396547379746 Validation: 4.047634853123284


Train: 0.07608864504748684 Validation: 0.27715448132335113


Train: 0.076088257935326 Validation: 0.2898718709701939


Train: 0.07608825781470843 Validation: 0.3051794116035671


Train: 0.07608826440131575 Validation: 0.3216326733840333


Train: 3.3888460802792063e+19 Validation: 1445112576617897.0


Train: 1.818731082532123 Validation: 4.047399505268762


Train: 0.07608869584675762 Validation: 0.2773389362941965


Train: 0.07608825797753413 Validation: 0.2909415149826871


Train: 0.07608825781448526 Validation: 0.3072226976408631


Train: 0.07608826200339175 Validation: 0.3247890731353558


Train: 3.5926035701932936e+21 Validation: 1.060562585154605e+19


Train: 1.8185956662853895 Validation: 4.047105971005149


Train: 0.07608875905325445 Validation: 0.277563198773248


Train: 0.07608825804101678 Validation: 0.2921819529005687


Train: 0.07608825781482902 Validation: 0.3095785929952179


Train: 0.0760882685975152 Validation: 0.3284192622179319


Train: 1.5165616803653095e+20 Validation: 1.8711423336522915e+17


Train: 1.8184220460750857 Validation: 4.046729628047394


Train: 0.07608883949630992 Validation: 0.27784014238187676


Train: 0.07608825814076214 Validation: 0.29363822201258033


Train: 0.07608825781468924 Validation: 0.31232781318363634


Train: 0.07608827074038838 Validation: 0.3326307414487047


Train: 3.9311085683416714e+20 Validation: 4.163004116843663e+16


Train: 0.9523247705433745 Validation: 2.0104481566495056


Train: 0.0760886522710115 Validation: 0.27628358618531534


Train: 0.07608825787262213 Validation: 0.2839598894224949


Train: 0.07608825781465312 Validation: 0.29357081996609524


Train: 0.07608826126247176 Validation: 0.3039581895058011


Train: 0.07650012976517541 Validation: 0.31474098874096185


Train: 0.9523146457122397 Validation: 2.0104254517857694


Train: 0.07608868717293782 Validation: 0.2763398863535543


Train: 0.07608825788557691 Validation: 0.28442254675928536


Train: 0.07608825781432942 Validation: 0.2945076793399597


Train: 0.07608826504084037 Validation: 0.30536420438430917


Train: 0.0762140332468476 Validation: 0.31662271956413474


Train: 0.9523030823368216 Validation: 2.0103995209898833


Train: 0.07608872749222315 Validation: 0.27640472914460334


Train: 0.07608825790246987 Validation: 0.2849373530940235


Train: 0.07608825781424466 Validation: 0.29554269008176764


Train: 0.07608826004404202 Validation: 0.3069174090851993


Train: 0.07630299085324321 Validation: 0.3188085594976766


Train: 0.9522897504632878 Validation: 2.010369624300313


Train: 0.07608877449615127 Validation: 0.27648004022062334


Train: 0.07608825792488146 Validation: 0.2855136705165173


Train: 0.07608825781424092 Validation: 0.29669279745193383


Train: 0.07608826349210848 Validation: 0.3086518201156826


Train: 0.07624257192050632 Validation: 0.32107887475836533


Train: 0.9522742107451304 Validation: 2.0103347764909483


Train: 0.07608882986514455 Validation: 0.27656832775890305


Train: 0.07608825795520677 Validation: 0.2861632640629287


Train: 0.07608825781408314 Validation: 0.29797939057469147


Train: 0.07608826136979317 Validation: 0.3105949410023119


Train: 0.07621726321792377 Validation: 0.3239157075610446


Train: 0.9522558652171 Validation: 2.0102936366064745


Train: 0.07608889587221732 Validation: 0.27667291119321086


Train: 0.07608825799717893 Validation: 0.2869011303967392


Train: 0.0760882578141171 Validation: 0.2994297547827702


Train: 0.07608825957622219 Validation: 0.3127983373770447


Train: 0.07618462793104838 Validation: 0.3271797440562309


Train: 0.952233878557139 Validation: 2.010244331396796


Train: 0.07608897566332308 Validation: 0.27679826378744044


Train: 0.0760882580568326 Validation: 0.28774669453606033


Train: 0.07608825781419806 Validation: 0.3010793118753342


Train: 0.07608825956992296 Validation: 0.31532019739781825


Train: 0.07614954634897536 Validation: 0.33048466905756335


Train: 0.9522070473239647 Validation: 2.010184162102872


Train: 0.07608907371111728 Validation: 0.27695053951735127


Train: 0.07608825814431024 Validation: 0.2887255830514928


Train: 0.07608825781416967 Validation: 0.302974838035417


Train: 0.07608826024591014 Validation: 0.31823257391158144


Train: 0.07610863929431609 Validation: 0.33464586715601297


Train: 0.9521735720890163 Validation: 2.010109093394033


Train: 0.07608919658023791 Validation: 0.2771384082590354


Train: 0.07608825827750784 Validation: 0.2898723241401854


Train: 0.07608825781432896 Validation: 0.3051793828610907


Train: 0.07608825928939685 Validation: 0.32163384883808943


Train: 0.07612307319483458 Validation: 0.3394287472667004


Train: 0.9521306363248633 Validation: 2.010012809038205


Train: 0.07608935428322891 Validation: 0.27737442657049327


Train: 0.07608825848988553 Validation: 0.29123460483673513


Train: 0.07608825781458058 Validation: 0.3077796060537589


Train: 0.0760882587400596 Validation: 0.3256481584426037


Train: 0.07611242775887928 Validation: 0.34499473891913324


Train: 1.1109864637404239 Validation: 2.1555269793572847


Train: 0.07608909715610039 Validation: 0.2760520979089657


Train: 0.07608825794794949 Validation: 0.28211602606158115


Train: 0.07608825781397754 Validation: 0.2897644056867446


Train: 0.07608825851210617 Validation: 0.29823140998545966


Train: 0.07609189166668849 Validation: 0.30688775115845823


Train: 1.1110080238032214 Validation: 2.1555681127980493


Train: 0.07608917422845217 Validation: 0.27609179492296176


Train: 0.07608825797836599 Validation: 0.2824994089612816


Train: 0.07608825781391627 Validation: 0.2905657490585737


Train: 0.07608825848787235 Validation: 0.29944286674572795


Train: 0.07609510957834567 Validation: 0.3084335398858877


Train: 1.111032672440744 Validation: 2.155615139577045


Train: 0.0760892636158488 Validation: 0.2761377543237016


Train: 0.07608825801828908 Validation: 0.28292845653001153


Train: 0.07608825781394071 Validation: 0.29145602645190544


Train: 0.0760882582448471 Validation: 0.3007835769983542


Train: 0.0760956371798281 Validation: 0.3103372306101031


Train: 1.111061124541137 Validation: 2.1556694239701453


Train: 0.07608936827446916 Validation: 0.2761914956040054


Train: 0.07608825807163772 Validation: 0.28341181282057065


Train: 0.07608825781396066 Validation: 0.29245104933797283


Train: 0.07608825812488418 Validation: 0.30227785605480045


Train: 0.07609861937546142 Validation: 0.31230899773521603


Train: 1.1110943340306259 Validation: 2.1557327864975564


Train: 0.07608949214852821 Validation: 0.2762550306278935


Train: 0.07608825814440623 Validation: 0.283960459466062


Train: 0.07608825781400211 Validation: 0.29357080676648484


Train: 0.07608825809750724 Validation: 0.3039575473330254


Train: 0.07609819879913611 Validation: 0.3146075297785246


Train: 1.1111336028782233 Validation: 2.15580771201592


Train: 0.07608964061022734 Validation: 0.27633107018286407


Train: 0.07608825824604555 Validation: 0.2845885715535955


Train: 0.07608825781405541 Validation: 0.2948410017598275


Train: 0.07608825800289366 Validation: 0.3058628660962074


Train: 0.07609021392102117 Validation: 0.31725472420856393


Train: 1.1111807558198241 Validation: 2.155897683282119


Train: 0.07608982115374648 Validation: 0.2764233406138432


Train: 0.0760882583920051 Validation: 0.28531477861105115


Train: 0.07608825781416084 Validation: 0.29629540114149727


Train: 0.07608825810369083 Validation: 0.3080508248339965


Train: 0.0761044055020634 Validation: 0.3203008926764014


Train: 1.1112384319592241 Validation: 2.1560077376930673


Train: 0.07609004453062322 Validation: 0.27653708434675106


Train: 0.07608825860862564 Validation: 0.28616407920880704


Train: 0.07608825781435449 Validation: 0.2979793627799334


Train: 0.07608825802588794 Validation: 0.3105957083106601


Train: 0.0760907619983155 Validation: 0.32394271789708046


Train: 1.1113105960954077 Validation: 2.1561454436299248


Train: 0.07609032668877196 Validation: 0.27667987898430996


Train: 0.07608825894312896 Validation: 0.28717083698407575


Train: 0.07608825781474993 Validation: 0.29995539814893324


Train: 0.07608825791738723 Validation: 0.3136015440733109


Train: 0.07609098182900574 Validation: 0.3281525262430039


Train: 1.111403490494976 Validation: 2.15632271803143


Train: 0.07609069225911282 Validation: 0.27686303315006866


Train: 0.07608825948551466 Validation: 0.2883836475396257


Train: 0.0760882578155393 Validation: 0.3023121356474069


Train: 0.07608825790885168 Validation: 0.3172134947850736


Train: 0.07608964472720219 Validation: 0.3333083472378934

