Unloaded module: latex/TeXLive12
Loaded module: python3/3.6.2

Train: 29.047541544956992 Validation: 76.40859595067393


Train: 0.0760894260140336 Validation: 0.2729794593041223


Train: 0.07608825784684842 Validation: 0.2796263382758119


Train: 0.07608825781622387 Validation: 0.2897714903097136


Train: 0.07608827101414146 Validation: 0.30124585178359276


Train: 5899258819175601.0 Validation: 2031587868520.078


Train: 29.061728010423902 Validation: 76.4455035847831


Train: 0.07608944745359998 Validation: 0.2730407498995337


Train: 0.07608825785351367 Validation: 0.2801774655577525


Train: 0.07608825781558987 Validation: 0.2908879703830755


Train: 0.07608828546903945 Validation: 0.3028810272065634


Train: 1.459745363970256e+17 Validation: 31678852718578.754


Train: 29.07794234183147 Validation: 76.4876868828721


Train: 0.0760894717635619 Validation: 0.2731200815632233


Train: 0.07608825786214693 Validation: 0.28079768108836617


Train: 0.07608825781541889 Validation: 0.2921211365065473


Train: 0.07608826869204084 Validation: 0.304680786465865


Train: 8924524747499483.0 Validation: 5821642921804.61


Train: 29.0966528391751 Validation: 76.5363641552136


Train: 0.07608949959496773 Validation: 0.2732213667202034


Train: 0.07608825787351912 Validation: 0.28149878823702695


Train: 0.07608825781482283 Validation: 0.29348870202251953


Train: 0.07608827279900798 Validation: 0.30666554529260676


Train: 2.2819815716528938e+17 Validation: 195185474814995.75


Train: 29.118483985798942 Validation: 76.59316002655291


Train: 0.07608953180626458 Validation: 0.2733495943703806


Train: 0.07608825788879038 Validation: 0.2822953139507643


Train: 0.07608825781537074 Validation: 0.29501235486773436


Train: 0.07608826675557331 Validation: 0.3088699999005656


Train: 4.603931400357387e+18 Validation: 1840565959667945.0


Train: 29.144287517103283 Validation: 76.66029032333701


Train: 0.0760895695514329 Validation: 0.273511210487745


Train: 0.07608825790975035 Validation: 0.28320533127263475


Train: 0.07608825781467493 Validation: 0.29671875569940914


Train: 0.07608826539834365 Validation: 0.31133366469322477


Train: 2195890160856253.8 Validation: 1268793402349.2327


Train: 29.175256199699348 Validation: 76.74085806782995


Train: 0.07608961441656072 Validation: 0.2737146689202475


Train: 0.07608825793927045 Validation: 0.2842516003927605


Train: 0.07608825781487204 Validation: 0.29864106675919644


Train: 0.07608827871485144 Validation: 0.3141030800151862


Train: 6.0882987550983365e+19 Validation: 1332335057025369.5


Train: 29.213113347061352 Validation: 76.83934649780717


Train: 0.07608966863881626 Validation: 0.27397124867152545


Train: 0.07608825798211523 Validation: 0.28546318694253875


Train: 0.07608825781479764 Validation: 0.30082138171117284


Train: 0.07608826458909307 Validation: 0.3172390486886969


Train: 1.608385057330338e+21 Validation: 1.2053385792941018e+18


Train: 29.26044493070327 Validation: 76.96248303916072


Train: 0.07608973547156564 Validation: 0.27429630117713555


Train: 0.07608825804656896 Validation: 0.2868778270048029


Train: 0.07608825781472699 Validation: 0.3033140045494142


Train: 0.07608826487034595 Validation: 0.3208184089646531


Train: 5.055322604625701e+21 Validation: 2.8158024790787727e+18


Train: 29.32131639156796 Validation: 77.1208439012388


Train: 0.07608981982247338 Validation: 0.2747112189925142


Train: 0.07608825814785625 Validation: 0.2885455173725404


Train: 0.07608825781458643 Validation: 0.3061910413415098


Train: 0.0760882620376957 Validation: 0.3249428073867911


Train: 4.075388732323377e+22 Validation: 2.782083225810123e+18


Train: 5.126141873273427 Validation: 13.735062462827297


Train: 0.07608986538670363 Validation: 0.27289322101998986


Train: 0.07608825785994301 Validation: 0.27878805291311587


Train: 0.0760882578153707 Validation: 0.28803005542313476


Train: 0.07608827045991699 Validation: 0.2986730497346824


Train: 5.644230943238184e+17 Validation: 185235063598481.3


Train: 5.128272596360196 Validation: 13.740781847545755


Train: 0.0760898946012543 Validation: 0.27293482338691843


Train: 0.07608825786918837 Validation: 0.2792924441715283


Train: 0.07608825781504701 Validation: 0.2890845143433641


Train: 0.07608826701136284 Validation: 0.30023338510177183


Train: 0.07657780249034005 Validation: 0.3114298999911669


Train: 5.130710756817381 Validation: 13.747325995424944


Train: 0.07608992774022828 Validation: 0.2729927640689506


Train: 0.07608825788118567 Validation: 0.2798634127020745


Train: 0.0760882578144632 Validation: 0.2902543301900081


Train: 0.07608826275744895 Validation: 0.30195535942710344


Train: 1.1803901350831897e+19 Validation: 1.2019959948145298e+16


Train: 5.133528066502809 Validation: 13.754887170163316


Train: 0.07608996570316037 Validation: 0.27307076646286205


Train: 0.07608825789702817 Validation: 0.2805127944965366


Train: 0.07608825781453435 Validation: 0.291557621737131


Train: 0.0760882634269847 Validation: 0.303859394303333


Train: 1.5513015719546808e+19 Validation: 1784747274040342.2


Train: 5.136820420840754 Validation: 13.763722430360644


Train: 0.0760900096793479 Validation: 0.2731736148956174


Train: 0.07608825791836389 Validation: 0.2812552582681795


Train: 0.07608825781457972 Validation: 0.29301666232308793


Train: 0.0760882638347487 Validation: 0.30598153177490994


Train: 0.07661116431822518 Validation: 0.3196213157001952


Train: 5.14071902821629 Validation: 13.774183427491996


Train: 0.0760900612723618 Validation: 0.27330754134785123


Train: 0.07608825794775333 Validation: 0.28210919309848564


Train: 0.07608825781455361 Validation: 0.29465900704531306


Train: 0.0760882631497712 Validation: 0.3083597933610968


Train: 0.07615030881886603 Validation: 0.3227539646173548


Train: 5.145408317828249 Validation: 13.786764338241378


Train: 0.07609012269395152 Validation: 0.27348079060955294


Train: 0.07608825798931336 Validation: 0.283097944729019


Train: 0.07608825781445301 Validation: 0.29651917599866096


Train: 0.07608825986123438 Validation: 0.3110457016513813


Train: 1198262858463351.0 Validation: 508247335247.87573


Train: 5.151155963823665 Validation: 13.80218220010601


Train: 0.07609019707643457 Validation: 0.27370446697556106


Train: 0.07608825804992458 Validation: 0.2842515907690687


Train: 0.07608825781454899 Validation: 0.2986410697868569


Train: 0.07608826133348573 Validation: 0.31410319174752627


Train: 446196300057530.8 Validation: 1144527334348.1892


Train: 5.158365827269614 Validation: 13.821518509850236


Train: 0.07609028899676865 Validation: 0.27399384016943235


Train: 0.07608825814164555 Validation: 0.28560953901699165


Train: 0.07608825781434148 Validation: 0.30108176857387736


Train: 0.07608826032000034 Validation: 0.3176134228000054


Train: 5.828026598592967e+21 Validation: 3.556197030472501e+17


Train: 5.167677180179694 Validation: 13.846484474245235


Train: 0.07609040539898772 Validation: 0.2743704300467077


Train: 0.07608825828682622 Validation: 0.2872244836609222


Train: 0.07608825781447115 Validation: 0.3039171463216816


Train: 0.07608826006804933 Validation: 0.3216846462861871


Train: 0.07619960681521702 Validation: 0.34082676341438833


Train: 6.7838399552620485 Validation: 16.107384739055068


Train: 0.07609051951018482 Validation: 0.27283170096975473


Train: 0.07608825788106487 Validation: 0.27794212733940066


Train: 0.07608825781446683 Validation: 0.2862093270046193


Train: 0.07608826106981662 Validation: 0.2959465578308926


Train: 0.07623256739574048 Validation: 0.3062967891272935


Train: 6.783559275262097 Validation: 16.106726446031296


Train: 0.07609056055207453 Validation: 0.2728521377834417


Train: 0.07608825789434634 Validation: 0.2783936949695718


Train: 0.07608825781417951 Validation: 0.28719007631691523


Train: 0.0760882619811111 Validation: 0.2974211704893004


Train: 0.07622984577268864 Validation: 0.3078390504734033


Train: 6.783238739851561 Validation: 16.105974678242088


Train: 0.07609060713572101 Validation: 0.27288694118171797


Train: 0.0760882579116153 Validation: 0.27890846534436786


Train: 0.07608825781449875 Validation: 0.28828373413170566


Train: 0.07608825976241826 Validation: 0.2990501544043533


Train: 0.07632323806374443 Validation: 0.31017182479787014


Train: 6.782869212992095 Validation: 16.10510800849692


Train: 0.0760906605453246 Validation: 0.2729395873868025


Train: 0.07608825793447219 Validation: 0.27949816713996295


Train: 0.07608825781429479 Validation: 0.28950879072271385


Train: 0.07608825946297429 Validation: 0.30085964610208776


Train: 0.07613251389026232 Validation: 0.3125726596674468


Train: 6.782438531744703 Validation: 16.10409791059521


Train: 0.07609072248347198 Validation: 0.27301458235795995


Train: 0.07608825796533883 Validation: 0.28017745243497477


Train: 0.07608825781416427 Validation: 0.29088800112736024


Train: 0.07608825947455494 Validation: 0.3028815647482273


Train: 0.07615948029282887 Validation: 0.315383942169738


Train: 6.781930148250338 Validation: 16.102905574172716


Train: 0.07609079525300462 Validation: 0.2731178500896375


Train: 0.07608825800800495 Validation: 0.2809648424247295


Train: 0.07608825781433048 Validation: 0.292449658889594


Train: 0.07608825898622962 Validation: 0.30515761414404124


Train: 0.0764076962395166 Validation: 0.3184029978788993


Train: 6.781320948493956 Validation: 16.101476789030368


Train: 0.07609088204155062 Validation: 0.2732573058524845


Train: 0.07608825806858655 Validation: 0.28188406921331843


Train: 0.0760882578142433 Validation: 0.29422948102433294


Train: 0.076088258911931 Validation: 0.30773820578488925


Train: 0.07617489529769719 Validation: 0.3219370047701286


Train: 6.780577641548339 Validation: 16.09973347665426


Train: 0.07609098738232117 Validation: 0.27344372456938293


Train: 0.07608825815738099 Validation: 0.2829660133858746


Train: 0.07608825781430432 Validation: 0.29627332807522583


Train: 0.07608826078899997 Validation: 0.3106909510464843


Train: 0.0761664724469726 Validation: 0.3258502841155098


Train: 6.779650469320424 Validation: 16.09755893770144


Train: 0.07609111793188723 Validation: 0.27369209642590103


Train: 0.07608825829256606 Validation: 0.28425157565927983


Train: 0.0760882578143286 Validation: 0.29864105972454125


Train: 0.07608825881505434 Validation: 0.31410291336589147


Train: 0.07615122335536172 Validation: 0.33062417809899053


Train: 6.77846157817577 Validation: 16.09477057940569


Train: 0.07609128384919585 Validation: 0.27402381940518455


Train: 0.07608825850815153 Validation: 0.28579607474566676


Train: 0.07608825781468156 Validation: 0.3014127971526458


Train: 0.0760882585018943 Validation: 0.3180896736201456


Train: 0.07610444767852481 Validation: 0.33601307220411814


Train: 4.950646168225668 Validation: 10.559459561161084


Train: 0.07609151475175914 Validation: 0.27280415930631996


Train: 0.07608825791773895 Validation: 0.27709934830744154


Train: 0.07608825781429271 Validation: 0.2843144395960855


Train: 0.07608825931244476 Validation: 0.29304951633189524


Train: 0.07611692194983682 Validation: 0.3022711281527023


Train: 4.950822449857465 Validation: 10.559845413457149


Train: 0.07609157456423873 Validation: 0.272801925101991


Train: 0.07608825793770688 Validation: 0.2774913501573206


Train: 0.07608825781398232 Validation: 0.2852073553743723


Train: 0.07608825946158077 Validation: 0.29442348806241897


Train: 0.0761499191716347 Validation: 0.30394387786068094


Train: 4.95102382901744 Validation: 10.560286200071909


Train: 0.07609164252485245 Validation: 0.2728117811330034


Train: 0.07608825796370719 Validation: 0.27794212691369774


Train: 0.07608825781407365 Validation: 0.28620932812632577


Train: 0.07608825880907365 Validation: 0.29594573511133254


Train: 0.076156846773148 Validation: 0.30593111146837404


Train: 4.951256076542241 Validation: 10.560794552353187


Train: 0.07609172054366731 Validation: 0.2728368870428068


Train: 0.07608825799819176 Validation: 0.2784631136207796


Train: 0.07608825781404649 Validation: 0.2873390194016476


Train: 0.07608825883630994 Validation: 0.2976436650311137


Train: 0.07609814200549835 Validation: 0.30823699852568864


Train: 4.951526879720554 Validation: 10.561387296362827


Train: 0.07609181116020454 Validation: 0.2728813810704297


Train: 0.07608825804487827 Validation: 0.27906871886292106


Train: 0.07608825781419858 Validation: 0.2886194366603924


Train: 0.0760882584152924 Validation: 0.2995470592497731


Train: 0.07617442749879129 Validation: 0.3108540902015735


Train: 4.951846707430104 Validation: 10.5620873466547


Train: 0.0760919178204816 Validation: 0.2729507630825571


Train: 0.07608825810961746 Validation: 0.27977733016171846


Train: 0.07608825781403301 Validation: 0.2900795056725179


Train: 0.07608825867981642 Validation: 0.30169877652140276


Train: 0.07610229814204564 Validation: 0.3137743528249856


Train: 4.952230198115414 Validation: 10.562926744083695


Train: 0.07609204531212586 Validation: 0.27305246659706317


Train: 0.07608825820191484 Validation: 0.28061275357744553


Train: 0.07608825781412003 Validation: 0.2917559326272078


Train: 0.07608825821891012 Validation: 0.30414825111561633


Train: 0.07617830350493052 Validation: 0.31705698055698334


Train: 4.952698460996086 Validation: 10.56395169282269


Train: 0.07609220047298909 Validation: 0.2731967362318654


Train: 0.07608825833787067 Validation: 0.28160631942810127


Train: 0.07608825781423127 Validation: 0.2936962467907322


Train: 0.0760882585364818 Validation: 0.3069665753389653


Train: 0.07610223059461228 Validation: 0.3208560393293405


Train: 4.9532830979416715 Validation: 10.56523136334547


Train: 0.07609239339461009 Validation: 0.27339801644612904


Train: 0.07608825854613849 Validation: 0.28280004657504865


Train: 0.07608825781443751 Validation: 0.29596309187081826


Train: 0.0760882582577778 Validation: 0.3102434524215283


Train: 0.07610029749132614 Validation: 0.3253177695367181


Train: 4.954033646786612 Validation: 10.566874184317347


Train: 0.07609263957195181 Validation: 0.27367723190603915


Train: 0.07608825888084167 Validation: 0.2842515504887727


Train: 0.07608825781490558 Validation: 0.29864105416586756


Train: 0.07608825807363827 Validation: 0.31410308194813946


Train: 0.07610732606194207 Validation: 0.33062474850208445


Train: 0.7920088615053559 Validation: 1.6361637950993282


Train: 0.07609306025028689 Validation: 0.2728242235964465


Train: 0.0760882579882747 Validation: 0.27627690457068255


Train: 0.07608825781396965 Validation: 0.28235884001759526


Train: 0.0760882585148812 Validation: 0.2899751066833311


Train: 0.07611024017835409 Validation: 0.29815285522645724


Train: 0.7919943894746007 Validation: 1.6361321037182537


Train: 0.07609315146706892 Validation: 0.2727978607819045


Train: 0.07608825802020523 Validation: 0.2766019732097191


Train: 0.0760882578139374 Validation: 0.28314697478192574


Train: 0.076088258662091 Validation: 0.2912266021951807


Train: 0.07609475657412025 Validation: 0.2997890316772174


Train: 0.7919778584910143 Validation: 1.6360959035350628


Train: 0.07609325530372674 Validation: 0.2727809672362475


Train: 0.07608825806179761 Validation: 0.27698011419709956


Train: 0.07608825781397904 Validation: 0.28403831395142376


Train: 0.07608825844169881 Validation: 0.29262172375618023


Train: 0.07610124186796144 Validation: 0.3016566819377018


Train: 0.791958795606924 Validation: 1.6360541588483914


Train: 0.07609337475536866 Validation: 0.2727763034223575


Train: 0.07608825811701568 Validation: 0.2774222140346235


Train: 0.07608825781396444 Validation: 0.2850514023653717


Train: 0.07608825846538056 Validation: 0.2941843991767511


Train: 0.07609372091199014 Validation: 0.30371644596416625


Train: 0.7919365708313475 Validation: 1.6360054900590044


Train: 0.07609351381596542 Validation: 0.2727875319206558


Train: 0.07608825819191474 Validation: 0.27794212649263655


Train: 0.07608825781400952 Validation: 0.28620933082852607


Train: 0.07608825839781427 Validation: 0.2959458149592231


Train: 0.07609541280570456 Validation: 0.30605814014540295


Train: 0.791910326390065 Validation: 1.6359480187417481


Train: 0.07609367792317051 Validation: 0.27281958570492076


Train: 0.07608825829605925 Validation: 0.2785577228081466


Train: 0.07608825781402916 Validation: 0.2875412424661447


Train: 0.07608825809102752 Validation: 0.297945691388484


Train: 0.07609890295547714 Validation: 0.30872234479492466


Train: 0.7918788633343823 Validation: 1.6358791193283366


Train: 0.07609387466053785 Validation: 0.27287922530902636


Train: 0.07608825844507783 Validation: 0.27929241436955726


Train: 0.0760882578141791 Validation: 0.2890845363613727


Train: 0.07608825803583225 Validation: 0.3002347971251906


Train: 0.07609447136439684 Validation: 0.3117838741715004


Train: 0.7918404532287435 Validation: 1.6357950067250953


Train: 0.07609411490700055 Validation: 0.2729759058425143


Train: 0.07608825866564414 Validation: 0.28017741541791813


Train: 0.07608825781437335 Validation: 0.2908879964880143


Train: 0.07608825796961238 Validation: 0.30288204392485424


Train: 0.07608896830538969 Validation: 0.3153428836898964


Train: 0.791792509694505 Validation: 1.6356900169969608


Train: 0.07609441480167449 Validation: 0.2731231710165205


Train: 0.07608825900560855 Validation: 0.2812551982232139


Train: 0.07608825781476491 Validation: 0.29301665655040715


Train: 0.07608825790681471 Validation: 0.3059810625785772


Train: 0.07609224620940214 Validation: 0.3195643135755133


Train: 0.7917309805548528 Validation: 1.6355552761997327


Train: 0.07609479928017832 Validation: 0.27334098276887137


Train: 0.07608825955627442 Validation: 0.2825849463081016


Train: 0.07608825781557406 Validation: 0.29555934688178337


Train: 0.07608825793142975 Validation: 0.30966107579531865


Train: 0.07608998619440217 Validation: 0.32455597791547225


Train: 1.4826470820372166 Validation: 2.732992759318738


Train: 0.0760955040138942 Validation: 0.27291294125987076


Train: 0.07608825814568035 Validation: 0.27550282578928986


Train: 0.07608825781392692 Validation: 0.2803714357014627


Train: 0.07608825827333673 Validation: 0.2867263522375891


Train: 0.07609278849667588 Validation: 0.2937566885798956


Train: 1.4826641569517316 Validation: 2.7330207564511566


Train: 0.07609565160883908 Validation: 0.2728611996923985


Train: 0.07608825820152136 Validation: 0.2757531110863149


Train: 0.07608825781392729 Validation: 0.28103467360000767


Train: 0.07608825811356898 Validation: 0.28782744828826057


Train: 0.07609218160586564 Validation: 0.2952429777297371


Train: 1.4826836704529887 Validation: 2.7330527538712217


Train: 0.07609582016199734 Validation: 0.2728159176884529


Train: 0.0760882582740989 Validation: 0.27604923777718016


Train: 0.07608825781392894 Validation: 0.28179242806992727


Train: 0.07608825801273436 Validation: 0.2890641905485917


Train: 0.07608993410090012 Validation: 0.2969370003397235


Train: 1.4827061848425782 Validation: 2.733089674401428


Train: 0.07609601471521998 Validation: 0.27277935817404103


Train: 0.07608825837033661 Validation: 0.2764012039250492


Train: 0.0760882578139717 Validation: 0.28266274128168656


Train: 0.07608825793865479 Validation: 0.29046023155718764


Train: 0.07608912106525753 Validation: 0.29879409134925294


Train: 1.482732450202337 Validation: 2.7331327492208035


Train: 0.07609624201237782 Validation: 0.27275457793913954


Train: 0.07608825850089122 Validation: 0.27682187987199053


Train: 0.0760882578140517 Validation: 0.283668301326636


Train: 0.07608825796078873 Validation: 0.29204522736492483


Train: 0.07608939868332287 Validation: 0.3008763117583172


Train: 1.4827634889953898 Validation: 2.733183656869619


Train: 0.07609651126682503 Validation: 0.272745768164199


Train: 0.07608825868264753 Validation: 0.27732807779966906


Train: 0.07608825781417008 Validation: 0.2848380175217774


Train: 0.07608825790352106 Validation: 0.2938572797858341


Train: 0.07608843075495644 Validation: 0.30328887492375


Train: 1.4828007326438222 Validation: 2.7332447476740946


Train: 0.07609683537836612 Validation: 0.27275877744067917


Train: 0.07608825894339491 Validation: 0.2779421255326933


Train: 0.07608825781438051 Validation: 0.28620932720688735


Train: 0.07608825787042814 Validation: 0.2959462810412152


Train: 0.07608852581387823 Validation: 0.3060546688850568


Train: 1.482846248311546 Validation: 2.7333194165331567


Train: 0.07609723293650146 Validation: 0.27280193923943646


Train: 0.07608825933088997 Validation: 0.2786942458377074


Train: 0.07608825781475471 Validation: 0.28783161549480923


Train: 0.07608825785201148 Validation: 0.2983783568342621


Train: 0.07608868128051802 Validation: 0.309287301727971


Train: 1.482903136068401 Validation: 2.733412755971292


Train: 0.07609773166640287 Validation: 0.2728874270205185


Train: 0.07608825993156973 Validation: 0.2796262607017908


Train: 0.07608825781548602 Validation: 0.28977148139760756


Train: 0.07608825784503508 Validation: 0.30124619345273396


Train: 0.07608852376871869 Validation: 0.3131247322541787


Train: 1.4829762663370996 Validation: 2.733532769289887


Train: 0.07609837467906126 Validation: 0.27303356577236504


Train: 0.07608826091210052 Validation: 0.28079756402924005


Train: 0.07608825781698458 Validation: 0.29212111936433627


Train: 0.07608825785504941 Validation: 0.3046801262257315


Train: 0.07608868710123773 Validation: 0.31776850987823513


Train: 2.05646037260863 Validation: 3.786686686079002


Train: 0.07609944028758872 Validation: 0.2731047962539779


Train: 0.07608825858613917 Validation: 0.2748248855584157


Train: 0.07608825781392824 Validation: 0.2784102372822578


Train: 0.07608825792951487 Validation: 0.2833430096379312


Train: 0.07608853981894807 Validation: 0.2890766083365262


Train: 2.056462112652123 Validation: 3.786669073382184


Train: 0.0760997002307589 Validation: 0.2730269771247797


Train: 0.07608825869900855 Validation: 0.2749924280399491


Train: 0.07608825781395376 Validation: 0.27892559066964345


Train: 0.07608825793075925 Validation: 0.28425326213707236


Train: 0.07608854471711549 Validation: 0.29036008203797065


Train: 2.056464113143987 Validation: 3.7866489955045592


Train: 0.07609999860913735 Validation: 0.2729521749200969


Train: 0.07608825884448656 Validation: 0.27519679080611176


Train: 0.07608825781401449 Validation: 0.2795227612323977


Train: 0.0760882578858012 Validation: 0.2852878517858894


Train: 0.07608902051922536 Validation: 0.2918032130833181


Train: 2.0564664368694268 Validation: 3.7866258956686827


Train: 0.07610034480769942 Validation: 0.27288203717935033


Train: 0.07608825903613156 Validation: 0.27544663328668734


Train: 0.07608825781410837 Validation: 0.28021862504123646


Train: 0.07608825786161637 Validation: 0.28646987322029727


Train: 0.0760883889763035 Validation: 0.29342020429634996


Train: 2.0564691688200583 Validation: 3.7865990363855686


Train: 0.07610075141948196 Validation: 0.2728188573005866


Train: 0.07608825929486729 Validation: 0.27575326090977553


Train: 0.07608825781425461 Validation: 0.28103467773282265


Train: 0.07608825786046365 Validation: 0.2878273327655281


Train: 0.07608830563916079 Validation: 0.29526056648812976


Train: 2.0564724261923892 Validation: 3.78656741838382


Train: 0.07610123570990371 Validation: 0.27276587002471586


Train: 0.07608825965404928 Validation: 0.2761316666737215


Train: 0.07608825781450117 Validation: 0.281998655966284


Train: 0.07608825785194932 Validation: 0.2893971538875289


Train: 0.07608831602461871 Validation: 0.2973696064812696


Train: 2.0564763760262483 Validation: 3.7865296548596685


Train: 0.07610182194998798 Validation: 0.2727277136861748


Train: 0.07608826016891956 Validation: 0.27660209399640784


Train: 0.07608825781492627 Validation: 0.2831469751232199


Train: 0.07608825783843169 Validation: 0.29122688348568726


Train: 0.07608833015167646 Validation: 0.29980519830304725


Train: 2.056481263640014 Validation: 3.7864837614024185


Train: 0.07610254527794841 Validation: 0.2727111762640281


Train: 0.07608826093515382 Validation: 0.2771924459216936


Train: 0.07608825781570165 Validation: 0.284528320705204


Train: 0.07608825784130543 Validation: 0.29338055783093286


Train: 0.07608830023190079 Validation: 0.3026553169667571


Train: 2.056487465275353 Validation: 3.786426797333464


Train: 0.07610345838476157 Validation: 0.27272644419959535


Train: 0.0760882621275131 Validation: 0.27794212286650133


Train: 0.0760882578171881 Validation: 0.2862093214192265


Train: 0.07608825782173469 Validation: 0.295946109510794


Train: 0.07608839446490233 Validation: 0.30605098640053646


Train: 2.05649558687422 Validation: 3.786354208887527


Train: 0.07610464373379426 Validation: 0.27278928550972514


Train: 0.07608826408676045 Validation: 0.27890836947131753


Train: 0.07608825782030024 Validation: 0.2882837153759722


Train: 0.07608825782004085 Validation: 0.2990502138413952


Train: 0.07608833318127858 Validation: 0.310181840685178


Train: 178.64565869250404 Validation: 330.1042856877427

Terminated
