Unloaded module: latex/TeXLive12
Loaded module: python3/3.6.2

Train: 0.6827423424875907 Validation: 2.2281536397714556


Train: 0.07608828948141082 Validation: 0.277585540346564


Train: 0.07608825781734381 Validation: 0.29218144213260344


Train: 0.07608825788212725 Validation: 0.3095786764844842


Train: 0.07609503425326594 Validation: 0.32844414201907024


Train: 8.05685917978769e+20 Validation: 3.5985822483488046e+18


Train: 0.6824978191877111 Validation: 2.227300152640075


Train: 0.0760882918740166 Validation: 0.27771656722989124


Train: 0.07608825781803057 Validation: 0.2928791533795129


Train: 0.07608825785576222 Validation: 0.31089783116171466


Train: 0.07609694455633748 Validation: 0.3304228540951663


Train: 7.422104836609074e+17 Validation: 2946727397158442.0


Train: 0.6822195413328317 Validation: 2.2263287355486594


Train: 0.07608829459140697 Validation: 0.2778627378483372


Train: 0.07608825781890088 Validation: 0.2936376537158823


Train: 0.07608825785684009 Validation: 0.3123277629035429


Train: 0.07610075080052557 Validation: 0.3326431648813272


Train: 9.867375616490907e+20 Validation: 1.220645703587363e+18


Train: 0.6819000017214246 Validation: 2.225213132956689


Train: 0.07608829770054462 Validation: 0.27802657307473505


Train: 0.07608825782002196 Validation: 0.2944653925243851


Train: 0.07608825784384558 Validation: 0.3138833085276229


Train: 0.07609583142480697 Validation: 0.33495779139043885


Train: 6.671233581718416e+22 Validation: 7.50307131825381e+19


Train: 0.6815292887357352 Validation: 2.2239186706063263


Train: 0.07608830128766526 Validation: 0.2782111517735633


Train: 0.07608825782148602 Validation: 0.2953725201141582


Train: 0.07608825784458424 Validation: 0.3155821961378802


Train: 0.07609727526633105 Validation: 0.33757107655599605


Train: 1.542523733182475e+20 Validation: 1.1803298651180913e+18


Train: 0.6810940402445755 Validation: 2.222398588140649


Train: 0.0760883054656564 Validation: 0.27842026654057694


Train: 0.07608825782343621 Validation: 0.2963713897623143


Train: 0.07608825784318568 Validation: 0.31744734169356575


Train: 0.07609313931596755 Validation: 0.34032185690996


Train: 1.3558143380353305e+19 Validation: 4.005439393700219e+16


Train: 0.6805757988330389 Validation: 2.2205882700322332


Train: 0.0760883103850912 Validation: 0.2786586317259436


Train: 0.07608825782608684 Validation: 0.2974772638241819


Train: 0.07608825784476582 Validation: 0.3195065682938142


Train: 0.07609800774395752 Validation: 0.34342113669538016


Train: 3.5682973203228134e+17 Validation: 4.602311563892865e+16


Train: 0.6799483274231701 Validation: 2.2183958243875685


Train: 0.07608831625120394 Validation: 0.27893216357346207


Train: 0.07608825782978278 Validation: 0.29870942949062046


Train: 0.07608825784478505 Validation: 0.32179662105460993


Train: 0.07609184130430773 Validation: 0.346885227820809


Train: 2.6796199030340977e+20 Validation: 1.6937772933900874e+17


Train: 0.6791730282963904 Validation: 2.2156859936201143


Train: 0.07608832335092221 Validation: 0.2792483602421494


Train: 0.07608825783508681 Validation: 0.30009300935887445


Train: 0.07608825783501122 Validation: 0.3243699968191654


Train: 0.07609200806897981 Validation: 0.350694431380354


Train: 2.944352226704274e+20 Validation: 3.557226917427149e+17


Train: 0.6781906932502743 Validation: 2.2122511535371965


Train: 0.07608833209768522 Validation: 0.2796168207935018


Train: 0.07608825784297354 Validation: 0.30166233142282


Train: 0.07608825784019935 Validation: 0.3273076687846741


Train: 0.07609687398146857 Validation: 0.3552248479487243


Train: 4.87554564115285e+22 Validation: 6.888725531469659e+22


Train: 0.2972532507966427 Validation: 1.1048106200857635


Train: 0.07608830054481819 Validation: 0.27738200709732325


Train: 0.07608825781877786 Validation: 0.2910697616357658


Train: 0.07608825784844502 Validation: 0.307467800015109


Train: 0.07609253443057057 Validation: 0.3251565381808095


Train: 1.859264177649772e+19 Validation: 1.070683616694386e+17


Train: 0.297253555607706 Validation: 1.1048142099830458


Train: 0.07608830384511832 Validation: 0.27750381159290516


Train: 0.07608825781976057 Validation: 0.2917465444895698


Train: 0.07608825784417127 Validation: 0.3087541713584018


Train: 0.07609281296174594 Validation: 0.3271218467512536


Train: 1.5884124591278318e+19 Validation: 3329680602341248.0


Train: 0.29725390347856306 Validation: 1.104818306005957


Train: 0.07608830760220252 Validation: 0.27764028595423745


Train: 0.07608825782101046 Validation: 0.2924845410401962


Train: 0.07608825784757214 Validation: 0.31015217239733683


Train: 0.07609257459426183 Validation: 0.3293034886041936


Train: 5.405235177611307e+19 Validation: 1.2913916359919462e+17


Train: 0.2972543042259992 Validation: 1.1048230233009702


Train: 0.07608831191201731 Validation: 0.27779398142389405


Train: 0.07608825782262611 Validation: 0.2932925612209751


Train: 0.0760882578449431 Validation: 0.31167774930240577


Train: 0.07609056337382278 Validation: 0.3316243190879023


Train: 3.6253106300158975e+23 Validation: 1.1306449382988869e+20


Train: 0.2972547709101378 Validation: 1.1048285148646064


Train: 0.07608831689863792 Validation: 0.2779680414130238


Train: 0.07608825782474714 Validation: 0.29418123130949253


Train: 0.07608825785381376 Validation: 0.31334980829927045


Train: 0.07608938968059052 Validation: 0.33417175465267895


Train: 1.0438931948585326e+17 Validation: 911636895572940.9


Train: 0.29725532123919013 Validation: 1.1048349882711985


Train: 0.07608832272523584 Validation: 0.2781663762157017


Train: 0.07608825782758723 Validation: 0.29516351667627966


Train: 0.07608825785005888 Validation: 0.3151912943648103


Train: 0.07609038156759836 Validation: 0.33694890049232096


Train: 1.1530908606820224e+17 Validation: 966631729536348.5


Train: 0.2972559799350063 Validation: 1.1048427327725


Train: 0.07608832961058429 Validation: 0.27839390043360407


Train: 0.076088257831473 Validation: 0.2962554638735822


Train: 0.07608825782721632 Validation: 0.31723118675747697


Train: 0.07609031481612823 Validation: 0.340041514252794


Train: 1.6880015850173824e+17 Validation: 1112430919874406.1


Train: 0.2972567824858112 Validation: 1.1048521634474147


Train: 0.07608833785462808 Validation: 0.27865685944041946


Train: 0.07608825783692535 Validation: 0.2974773009335484


Train: 0.07608825782473369 Validation: 0.31950643441388327


Train: 0.07609105394934065 Validation: 0.34347727362573915


Train: 6.269033397401565e+17 Validation: 8.981818844593075e+16


Train: 0.29725778181940676 Validation: 1.1048638983559262


Train: 0.07608834787952919 Validation: 0.2789632831667254


Train: 0.0760882578448145 Validation: 0.29885519029522895


Train: 0.07608825782613597 Validation: 0.32206740359599717


Train: 0.07608983364206218 Validation: 0.3472644077146347


Train: 7.479271040984808e+18 Validation: 1.8358500050896045e+17


Train: 0.29725906039798633 Validation: 1.1048788994344565


Train: 0.07608836029831366 Validation: 0.2793236224951093


Train: 0.0760882578566529 Validation: 0.3004242792035424


Train: 0.07608825782561013 Validation: 0.32498766718596833


Train: 0.07609283292858916 Validation: 0.3516697919198531


Train: 2.0854518437304025e+20 Validation: 2.118964186787903e+17


Train: 0.3472367408882342 Validation: 1.0065158992126728


Train: 0.07608831736195443 Validation: 0.27717204137833973


Train: 0.07608825782103572 Validation: 0.28987151168844094


Train: 0.07608825782834101 Validation: 0.3051794829313214


Train: 0.076089122483442 Validation: 0.3216386672750977


Train: 5.822461028714731e+16 Validation: 197042827358540.44


Train: 0.3472388822047861 Validation: 1.0065214663934294


Train: 0.07608832206925162 Validation: 0.27728340941992213


Train: 0.07608825782249136 Validation: 0.29052199785450955


Train: 0.0760882578303008 Validation: 0.3064234387832321


Train: 0.07608894531893745 Validation: 0.3235668848863303


Train: 715391018711855.4 Validation: 13436797432006.975


Train: 0.3472413259399084 Validation: 1.0065278199145675


Train: 0.07608832744144241 Validation: 0.277408778366185


Train: 0.07608825782435215 Validation: 0.29123368259346255


Train: 0.07608825783240769 Validation: 0.30777967576363485


Train: 0.0760889545942751 Validation: 0.32567321234786


Train: 6.405430249317843e+19 Validation: 8.882463405480072e+16


Train: 0.34724414102916196 Validation: 1.0065351390422772


Train: 0.07608833362092572 Validation: 0.2775506963997886


Train: 0.07608825782676734 Validation: 0.2920157231216852


Train: 0.07608825782275211 Validation: 0.30926459272989687


Train: 0.07608849008913583 Validation: 0.3279152743397619


Train: 3.165034666200056e+19 Validation: 5.7328234053409576e+16


Train: 0.3472474190823908 Validation: 1.0065436620128647


Train: 0.0760883407926506 Validation: 0.2777123327011596


Train: 0.07608825782995396 Validation: 0.2928792264351045


Train: 0.07608825782958814 Validation: 0.3108979363268654


Train: 0.07608978661936264 Validation: 0.3304360034321396


Train: 7271986053381543.0 Validation: 78631647127179.52


Train: 0.3472512845363813 Validation: 1.0065537124465085


Train: 0.07608834920104965 Validation: 0.2778976709481679


Train: 0.07608825783424417 Validation: 0.2938378111112007


Train: 0.07608825782615268 Validation: 0.31270427258646705


Train: 0.07608868053024868 Validation: 0.33319998394849326


Train: 2.022900748123596e+16 Validation: 6601198892697618.0


Train: 0.3472559108148414 Validation: 1.0065657413753801


Train: 0.07608835917564599 Validation: 0.27811177705985984


Train: 0.0760882578401511 Validation: 0.29490840348928804


Train: 0.07608825782693363 Validation: 0.31471365079598307


Train: 0.07608869111598027 Validation: 0.33625366908970544


Train: 27197470584309.816 Validation: 11608444998961.47


Train: 0.34726154706428886 Validation: 1.0065803968081097


Train: 0.0760883711710678 Validation: 0.27836117527286586


Train: 0.07608825784850351 Validation: 0.2961123843247193


Train: 0.076088257820656 Validation: 0.31696416058954


Train: 0.07608858224550102 Validation: 0.3396331902683601


Train: 215535035366976.78 Validation: 50254484615233.64


Train: 0.3472685645443652 Validation: 1.006598644418392


Train: 0.07608838583179502 Validation: 0.27865438390702857


Train: 0.07608825786069075 Validation: 0.29747735884380727


Train: 0.07608825781882167 Validation: 0.3195064148528272


Train: 0.07608860234726665 Validation: 0.3434428855155826


Train: 2.1395742888607926e+18 Validation: 8504601976727574.0


Train: 0.3472775418806294 Validation: 1.0066219893676955


Train: 0.07608840410151331 Validation: 0.27900268950310475


Train: 0.076088257879164 Validation: 0.2990400799507797


Train: 0.07608825782288768 Validation: 0.3224108554354158


Train: 0.07608978787732347 Validation: 0.34777025280015494


Train: 1.312674688329739e+18 Validation: 1322638763959237.8


Train: 3.4762743918862546 Validation: 9.176477012490754


Train: 0.07608834422926165 Validation: 0.2769562309263758


Train: 0.07608825782478319 Validation: 0.28857573108698836


Train: 0.07608825782566449 Validation: 0.3026868612226518


Train: 0.07608845740726132 Validation: 0.31778324745255626


Train: 2.2336490657899592e+18 Validation: 201062570443013.66


Train: 3.4745972903983957 Validation: 9.172074877457236


Train: 0.07608835123154269 Validation: 0.2770558576244589


Train: 0.07608825782703732 Validation: 0.28919336765678044


Train: 0.07608825782372786 Validation: 0.30387745682820466


Train: 0.07608872387592654 Validation: 0.31962014699893526


Train: 39225432170.14489 Validation: 15202250.575313343


Train: 3.472685058119088 Validation: 9.167055563543835


Train: 0.07608835924423077 Validation: 0.2771685827475333


Train: 0.07608825782993164 Validation: 0.28987156928119356


Train: 0.07608825782313719 Validation: 0.3051794137367432


Train: 0.07608841171617058 Validation: 0.32162855627425413


Train: 2.6996038880653162e+17 Validation: 1385162154407718.2


Train: 3.4704845193516443 Validation: 9.16127949433651


Train: 0.07608836848816268 Validation: 0.27729690655300615


Train: 0.07608825783370578 Validation: 0.29061978645789854


Train: 0.07608825782343984 Validation: 0.30661001043952807


Train: 0.07608844294732803 Validation: 0.3238390864969246


Train: 195302193884958.84 Validation: 266028789258.9367


Train: 3.467925156023734 Validation: 9.154561573183772


Train: 0.07608837925151611 Validation: 0.27744396995467147


Train: 0.07608825783871424 Validation: 0.2914495650130339


Train: 0.07608825782011545 Validation: 0.3081899784408706


Train: 0.07608854240693969 Validation: 0.3262792091319257


Train: 1849386151.8354273 Validation: 1214416299.3412976


Train: 3.4649114115598785 Validation: 9.146650982543544


Train: 0.07608839191712771 Validation: 0.2776137654952613


Train: 0.07608825784549815 Validation: 0.2923751632467381


Train: 0.07608825781973548 Validation: 0.30994508521346437


Train: 0.0760884130366234 Validation: 0.3289841646603017


Train: 49007812036.19374 Validation: 47546906852.75902


Train: 3.4613104942073645 Validation: 9.137199170549437


Train: 0.07608840700416374 Validation: 0.2778114347030316


Train: 0.07608825785490349 Validation: 0.2934144253432392


Train: 0.07608825781727574 Validation: 0.31190721694539075


Train: 0.07608847037410324 Validation: 0.33198313085828157


Train: 1328633813892256.0 Validation: 1015947319035.4747


Train: 3.456932283268955 Validation: 9.125707109626347


Train: 0.07608842523369949 Validation: 0.27804369463818807

Terminated
