Unloaded module: latex/TeXLive12
Loaded module: python3/3.6.2
sigma=0.001, lambda=0.001
0.3437616203747186
sigma=0.001, lambda=0.01
0.3437616203747186
sigma=0.001, lambda=0.1
0.3437616203747186
sigma=0.001, lambda=1
0.3437616203747186
sigma=0.001, lambda=10
0.3437616203747186
sigma=0.001, lambda=100
0.3437616203747186
sigma=0.01, lambda=0.001
0.3437616203719295
sigma=0.01, lambda=0.01
0.3437616203719295
sigma=0.01, lambda=0.1
0.3437616203719295
sigma=0.01, lambda=1
0.3437616203719295
sigma=0.01, lambda=10
0.3437616203719295
sigma=0.01, lambda=100
0.3437616203719295
sigma=0.1, lambda=0.001
0.34162399550301403
sigma=0.1, lambda=0.01
0.34162399550301403
sigma=0.1, lambda=0.1
0.34162399550301403
sigma=0.1, lambda=1
0.34162399550301403
sigma=0.1, lambda=10
0.34162399550301403
sigma=0.1, lambda=100
0.34162399550301403
sigma=1, lambda=0.001
0.2230747639808753
sigma=1, lambda=0.01
0.2230747639808753
sigma=1, lambda=0.1
0.2230747639808753
sigma=1, lambda=1
0.2230747639808753
sigma=1, lambda=10
0.2230747639808753
sigma=1, lambda=100
0.2230747639808753
sigma=10, lambda=0.001
0.34549913533300464
sigma=10, lambda=0.01
0.34549913533300464
sigma=10, lambda=0.1
