Unloaded module: latex/TeXLive12
Loaded module: python3/3.6.2
sigma=0.001, lambda=0.001
0.3437616203747186
sigma=0.001, lambda=0.01
0.3437616203747186
sigma=0.001, lambda=0.1
0.3437616203747186
sigma=0.001, lambda=1
0.3437616203747186
sigma=0.001, lambda=10
0.3437616203747186
sigma=0.001, lambda=100
0.3437616203747186
sigma=0.01, lambda=0.001
0.3437616203596364
sigma=0.01, lambda=0.01
0.3437616203596364
sigma=0.01, lambda=0.1
0.3437616203596364
sigma=0.01, lambda=1
0.3437616203596364
sigma=0.01, lambda=10
0.3437616203596364
sigma=0.01, lambda=100
0.3437616203596364
sigma=0.1, lambda=0.001
0.3365176649856741
sigma=0.1, lambda=0.01
0.3365176649856741
sigma=0.1, lambda=0.1
