Unloaded module: latex/TeXLive12
Loaded module: python3/3.6.2
sigma=0.001, lambda=0.001
0.3437616203747186
sigma=0.001, lambda=0.01
0.3437616203747186
sigma=0.001, lambda=0.1
0.3437616203747186
sigma=0.001, lambda=1
0.3437616203747186
sigma=0.001, lambda=10
0.3437616203747186
sigma=0.001, lambda=100
0.3437616203747186
sigma=0.01, lambda=0.001
0.3437616203747186
sigma=0.01, lambda=0.01
0.3437616203747186
sigma=0.01, lambda=0.1
0.3437616203747186
sigma=0.01, lambda=1
0.3437616203747186
sigma=0.01, lambda=10
0.3437616203747186
sigma=0.01, lambda=100
0.3437616203747186
sigma=0.1, lambda=0.001
0.3433035096258103
sigma=0.1, lambda=0.01
0.3433035096258103
sigma=0.1, lambda=0.1
0.3433035096258103
sigma=0.1, lambda=1
0.3433035096258103
sigma=0.1, lambda=10
0.3433035096258103
sigma=0.1, lambda=100
0.3433035096258103
sigma=1, lambda=0.001
0.248633198945593
sigma=1, lambda=0.01
0.248633198945593
sigma=1, lambda=0.1
0.248633198945593
sigma=1, lambda=1
0.248633198945593
sigma=1, lambda=10
0.248633198945593
sigma=1, lambda=100
0.248633198945593
sigma=10, lambda=0.001
0.5001573916113171
sigma=10, lambda=0.01
0.5001573916113171
sigma=10, lambda=0.1
0.5001573916113171
sigma=10, lambda=1
0.5001573916113171
sigma=10, lambda=10
0.5001573916113171
sigma=10, lambda=100
0.5001573916113171
sigma=100, lambda=0.001
0.5547820341920153
sigma=100, lambda=0.01
0.5547820341920153
sigma=100, lambda=0.1
0.5547820341920153
sigma=100, lambda=1
0.5547820341920153
sigma=100, lambda=10
0.5547820341920153
sigma=100, lambda=100
0.5547820341920153
