Unloaded module: latex/TeXLive12
Loaded module: python3/3.6.2
c=-1000000, lambda=0.001
0.1679684749847868
c=-1000000, lambda=0.01
0.1679684749847868
c=-1000000, lambda=0.1
0.1679684749847868
c=-1000000, lambda=1
0.1679684749847868
c=-1000000, lambda=10
0.1679684749847868
c=-1000000, lambda=100
0.1679684749847868
c=-1000000, lambda=1000
0.1679684749847868
c=-1000000, lambda=10000
0.1679684749847868
c=-100000, lambda=0.001
0.16796847491719563
c=-100000, lambda=0.01
0.16796847491719563
c=-100000, lambda=0.1
0.16796847491719563
c=-100000, lambda=1
0.16796847491719563
c=-100000, lambda=10
0.16796847491719563
c=-100000, lambda=100
0.16796847491719563
c=-100000, lambda=1000
0.16796847491719563
c=-100000, lambda=10000
0.16796847491719563
c=-10000, lambda=0.001
0.16796847558908637
c=-10000, lambda=0.01
0.16796847558908637
c=-10000, lambda=0.1
0.16796847558908637
c=-10000, lambda=1
0.16796847558908637
c=-10000, lambda=10
0.16796847558908637
c=-10000, lambda=100
0.16796847558908637
c=-10000, lambda=1000
0.16796847558908637
c=-10000, lambda=10000
0.16796847558908637
c=-1000, lambda=0.001
0.16796848240772447
c=-1000, lambda=0.01
0.16796848240772447
c=-1000, lambda=0.1
0.16796848240772447
c=-1000, lambda=1
0.16796848240772447
c=-1000, lambda=10
0.16796848240772447
c=-1000, lambda=100
0.16796848240772447
c=-1000, lambda=1000
0.16796848240772447
c=-1000, lambda=10000
0.16796848240772447
c=-100, lambda=0.001
0.16796855060604668
c=-100, lambda=0.01
0.16796855060604668
c=-100, lambda=0.1
0.16796855060604668
c=-100, lambda=1
0.16796855060604668
c=-100, lambda=10
0.16796855060604668
c=-100, lambda=100
0.16796855060604668
c=-100, lambda=1000
0.16796855060604668
c=-100, lambda=10000
0.16796855060604668
c=-10, lambda=0.001
0.16796923507597564
c=-10, lambda=0.01
0.16796923507597564
c=-10, lambda=0.1
0.16796923507597564
c=-10, lambda=1
0.16796923507597564
c=-10, lambda=10
0.16796923507597564
c=-10, lambda=100
0.16796923507597564
c=-10, lambda=1000
0.16796923507597564
c=-10, lambda=10000
0.16796923507597564
c=-1, lambda=0.001
0.1679763302590706
c=-1, lambda=0.01
0.1679763302590706
c=-1, lambda=0.1
0.1679763302590706
c=-1, lambda=1
0.1679763302590706
c=-1, lambda=10
0.1679763302590706
c=-1, lambda=100
0.1679763302590706
c=-1, lambda=1000
0.1679763302590706
c=-1, lambda=10000
0.1679763302590706
c=-0.1, lambda=0.001
0.1680743829842919
c=-0.1, lambda=0.01
0.1680743829842919
c=-0.1, lambda=0.1
0.1680743829842919
c=-0.1, lambda=1
0.1680743829842919
c=-0.1, lambda=10
0.1680743829842919
c=-0.1, lambda=100
0.1680743829842919
c=-0.1, lambda=1000
0.1680743829842919
c=-0.1, lambda=10000
0.1680743829842919
c=0.001, lambda=0.001
0.1757648166875301
c=0.001, lambda=0.01
0.1757648166875301
c=0.001, lambda=0.1
0.1757648166875301
c=0.001, lambda=1
0.1757648166875301
c=0.001, lambda=10
0.1757648166875301
c=0.001, lambda=100
0.1757648166875301
c=0.001, lambda=1000
0.1757648166875301
c=0.001, lambda=10000
0.1757648166875301
c=0.01, lambda=0.001
0.1686732526470227
c=0.01, lambda=0.01
0.1686732526470227
c=0.01, lambda=0.1
0.1686732526470227
c=0.01, lambda=1
0.1686732526470227
c=0.01, lambda=10
0.1686732526470227
c=0.01, lambda=100
0.1686732526470227
c=0.01, lambda=1000
0.1686732526470227
c=0.01, lambda=10000
0.1686732526470227
c=0.1, lambda=0.001
0.16791856715704195
c=0.1, lambda=0.01
0.16791856715704195
c=0.1, lambda=0.1
0.16791856715704195
c=0.1, lambda=1
0.16791856715704195
c=0.1, lambda=10
0.16791856715704195
c=0.1, lambda=100
0.16791856715704195
c=0.1, lambda=1000
0.16791856715704195
c=0.1, lambda=10000
0.16791856715704195
c=1, lambda=0.001
0.16796117687022735
c=1, lambda=0.01
0.16796117687022735
c=1, lambda=0.1
0.16796117687022735
c=1, lambda=1
0.16796117687022735
c=1, lambda=10
0.16796117687022735
c=1, lambda=100
0.16796117687022735
c=1, lambda=1000
0.16796117687022735
c=1, lambda=10000
0.16796117687022735
c=10, lambda=0.001
0.1679677201639532
c=10, lambda=0.01
0.1679677201639532
c=10, lambda=0.1
0.1679677201639532
c=10, lambda=1
0.1679677201639532
c=10, lambda=10
0.1679677201639532
c=10, lambda=100
0.1679677201639532
c=10, lambda=1000
0.1679677201639532
c=10, lambda=10000
0.1679677201639532
c=100, lambda=0.001
0.16796839911523714
c=100, lambda=0.01
0.16796839911523714
c=100, lambda=0.1
0.16796839911523714
c=100, lambda=1
0.16796839911523714
c=100, lambda=10
0.16796839911523714
c=100, lambda=100
0.16796839911523714
c=100, lambda=1000
0.16796839911523714
c=100, lambda=10000
0.16796839911523714
c=1000, lambda=0.001
0.1679684672583713
c=1000, lambda=0.01
0.1679684672583713
c=1000, lambda=0.1
0.1679684672583713
c=1000, lambda=1
0.1679684672583713
c=1000, lambda=10
0.1679684672583713
c=1000, lambda=100
0.1679684672583713
c=1000, lambda=1000
0.1679684672583713
c=1000, lambda=10000
0.1679684672583713
c=10000, lambda=0.001
0.167968474077761
c=10000, lambda=0.01
0.167968474077761
c=10000, lambda=0.1
0.167968474077761
c=10000, lambda=1
0.167968474077761
c=10000, lambda=10
0.167968474077761
c=10000, lambda=100
0.167968474077761
c=10000, lambda=1000
0.167968474077761
c=10000, lambda=10000
0.167968474077761
c=100000, lambda=0.001
0.16796847475902676
c=100000, lambda=0.01
0.16796847475902676
c=100000, lambda=0.1
0.16796847475902676
c=100000, lambda=1
0.16796847475902676
c=100000, lambda=10
0.16796847475902676
c=100000, lambda=100
0.16796847475902676
c=100000, lambda=1000
0.16796847475902676
c=100000, lambda=10000
0.16796847475902676
c=1000000, lambda=0.001
0.16796847495558745
c=1000000, lambda=0.01
0.16796847495558745
c=1000000, lambda=0.1
0.16796847495558745
c=1000000, lambda=1
0.16796847495558745
c=1000000, lambda=10
0.16796847495558745
c=1000000, lambda=100
0.16796847495558745
c=1000000, lambda=1000
0.16796847495558745
c=1000000, lambda=10000
0.16796847495558745
