Unloaded module: latex/TeXLive12
Loaded module: python3/3.6.2
sigma=0.001, lambda=0.001
0.3437616203747186
sigma=0.001, lambda=0.01
0.3437616203747186
sigma=0.001, lambda=0.1
0.3437616203747186
sigma=0.001, lambda=1
0.3437616203747186
sigma=0.001, lambda=10
0.3437616203747186
sigma=0.001, lambda=100
0.3437616203747186
sigma=0.01, lambda=0.001
0.34376162025811724
sigma=0.01, lambda=0.01
0.34376162025811724
sigma=0.01, lambda=0.1
0.34376162025811724
sigma=0.01, lambda=1
0.34376162025811724
sigma=0.01, lambda=10
0.34376162025811724
sigma=0.01, lambda=100
0.34376162025811724
sigma=0.1, lambda=0.001
0.33180936336593564
sigma=0.1, lambda=0.01
0.33180936336593564
sigma=0.1, lambda=0.1
0.33180936336593564
sigma=0.1, lambda=1
0.33180936336593564
sigma=0.1, lambda=10
0.33180936336593564
sigma=0.1, lambda=100
0.33180936336593564
sigma=1, lambda=0.001
0.22679103269799802
sigma=1, lambda=0.01
0.22679103269799802
sigma=1, lambda=0.1
0.22679103269799802
sigma=1, lambda=1
0.22679103269799802
sigma=1, lambda=10
0.22679103269799802
sigma=1, lambda=100
0.22679103269799802
sigma=10, lambda=0.001
0.3693594016550677
sigma=10, lambda=0.01
0.3693594016550677
sigma=10, lambda=0.1
0.3693594016550677
sigma=10, lambda=1
0.3693594016550677
sigma=10, lambda=10
0.3693594016550677
sigma=10, lambda=100
0.3693594016550677
sigma=100, lambda=0.001
0.5115606389844717
sigma=100, lambda=0.01
0.5115606389844717
sigma=100, lambda=0.1
0.5115606389844717
sigma=100, lambda=1
0.5115606389844717
sigma=100, lambda=10
0.5115606389844717
sigma=100, lambda=100
0.5115606389844717
