Unloaded module: latex/TeXLive12
Loaded module: python3/3.6.2
sigma=0.001, lambda=0.001
0.3437616203747186
sigma=0.001, lambda=0.01
0.3437616203747186
sigma=0.001, lambda=0.1
0.3437616203747186
sigma=0.001, lambda=1
0.3437616203747186
sigma=0.001, lambda=10
0.3437616203747186
sigma=0.001, lambda=100
0.3437616203747186
sigma=0.01, lambda=0.001
0.3437616203747186
sigma=0.01, lambda=0.01
0.3437616203747186
sigma=0.01, lambda=0.1
0.3437616203747186
sigma=0.01, lambda=1
0.3437616203747186
sigma=0.01, lambda=10
0.3437616203747186
sigma=0.01, lambda=100
0.3437616203747186
sigma=0.1, lambda=0.001
0.34369330201874204
sigma=0.1, lambda=0.01
0.34369330201874204
sigma=0.1, lambda=0.1
0.34369330201874204
sigma=0.1, lambda=1
0.34369330201874204
sigma=0.1, lambda=10
0.34369330201874204
sigma=0.1, lambda=100
0.34369330201874204
sigma=1, lambda=0.001
0.2429649587480433
sigma=1, lambda=0.01
0.2429649587480433
sigma=1, lambda=0.1
0.2429649587480433
sigma=1, lambda=1
0.2429649587480433
sigma=1, lambda=10
0.2429649587480433
sigma=1, lambda=100
0.2429649587480433
sigma=10, lambda=0.001
0.4670205504086957
sigma=10, lambda=0.01
0.4670205504086957
sigma=10, lambda=0.1
0.4670205504086957
sigma=10, lambda=1
0.4670205504086957
sigma=10, lambda=10
0.4670205504086957
sigma=10, lambda=100
0.4670205504086957
sigma=100, lambda=0.001
User defined signal 2
