Unloaded module: latex/TeXLive12
Loaded dependency [tensorflow/1.5-gpu-python-3.6.2]: python3/3.6.2
Loaded dependency [cudnn/v7.0.5-prod-cuda-9.0]: cuda/9.0
Loaded dependency [tensorflow/1.5-gpu-python-3.6.2]: cudnn/v7.0.5-prod-cuda-9.0
Loaded module: tensorflow/1.5-gpu-python-3.6.2
2019-01-08 07:32:47.296308: I tensorflow/core/platform/cpu_feature_guard.cc:137] Your CPU supports instructions that this TensorFlow binary was not compiled to use: SSE4.1 SSE4.2 AVX AVX2 AVX512F FMA
2019-01-08 07:32:47.648308: I tensorflow/core/common_runtime/gpu/gpu_device.cc:1105] Found device 0 with properties: 
name: Tesla V100-PCIE-16GB major: 7 minor: 0 memoryClockRate(GHz): 1.38
pciBusID: 0000:37:00.0
totalMemory: 15.75GiB freeMemory: 15.34GiB
2019-01-08 07:32:47.648342: I tensorflow/core/common_runtime/gpu/gpu_device.cc:1195] Creating TensorFlow device (/device:GPU:0) -> (device: 0, name: Tesla V100-PCIE-16GB, pci bus id: 0000:37:00.0, compute capability: 7.0)
_________________________________________________________________
Layer (type)                 Output Shape              Param #   
=================================================================
dropout_1 (Dropout)          (None, 442060)            0         
_________________________________________________________________
dense_1 (Dense)              (None, 100)               44206100  
_________________________________________________________________
dropout_2 (Dropout)          (None, 100)               0         
_________________________________________________________________
dense_2 (Dense)              (None, 1)                 101       
=================================================================
Total params: 44,206,201
Trainable params: 44,206,201
Non-trainable params: 0
_________________________________________________________________
None
Train on 2918 samples, validate on 625 samples
Epoch 1/70

  50/2918 [..............................] - ETA: 6:11 - loss: 0.5188 - mean_squared_error: 0.5188
 100/2918 [>.............................] - ETA: 3:06 - loss: 0.5525 - mean_squared_error: 0.5525
 150/2918 [>.............................] - ETA: 2:04 - loss: 0.6783 - mean_squared_error: 0.6783
 200/2918 [=>............................] - ETA: 1:33 - loss: 0.7144 - mean_squared_error: 0.7144
 250/2918 [=>............................] - ETA: 1:14 - loss: 0.6479 - mean_squared_error: 0.6479
 300/2918 [==>...........................] - ETA: 1:02 - loss: 0.5965 - mean_squared_error: 0.5965
 350/2918 [==>...........................] - ETA: 53s - loss: 0.5930 - mean_squared_error: 0.5930 
 400/2918 [===>..........................] - ETA: 46s - loss: 0.5786 - mean_squared_error: 0.5786
 450/2918 [===>..........................] - ETA: 41s - loss: 0.5786 - mean_squared_error: 0.5786
 500/2918 [====>.........................] - ETA: 37s - loss: 0.5413 - mean_squared_error: 0.5413
 550/2918 [====>.........................] - ETA: 33s - loss: 0.5471 - mean_squared_error: 0.5471
 600/2918 [=====>........................] - ETA: 30s - loss: 0.5337 - mean_squared_error: 0.5337
 650/2918 [=====>........................] - ETA: 28s - loss: 0.5310 - mean_squared_error: 0.5310
 700/2918 [======>.......................] - ETA: 25s - loss: 0.5105 - mean_squared_error: 0.5105
 750/2918 [======>.......................] - ETA: 24s - loss: 0.5006 - mean_squared_error: 0.5006
 800/2918 [=======>......................] - ETA: 22s - loss: 0.4834 - mean_squared_error: 0.4834
 850/2918 [=======>......................] - ETA: 20s - loss: 0.4804 - mean_squared_error: 0.4804
 900/2918 [========>.....................] - ETA: 19s - loss: 0.4677 - mean_squared_error: 0.4677
 950/2918 [========>.....................] - ETA: 18s - loss: 0.4664 - mean_squared_error: 0.4664
1000/2918 [=========>....................] - ETA: 17s - loss: 0.4555 - mean_squared_error: 0.4555
1050/2918 [=========>....................] - ETA: 16s - loss: 0.4435 - mean_squared_error: 0.4435
1100/2918 [==========>...................] - ETA: 15s - loss: 0.4398 - mean_squared_error: 0.4398
1150/2918 [==========>...................] - ETA: 14s - loss: 0.4347 - mean_squared_error: 0.4347
1200/2918 [===========>..................] - ETA: 13s - loss: 0.4228 - mean_squared_error: 0.4228
1250/2918 [===========>..................] - ETA: 12s - loss: 0.4236 - mean_squared_error: 0.4236
1300/2918 [============>.................] - ETA: 12s - loss: 0.4155 - mean_squared_error: 0.4155
1350/2918 [============>.................] - ETA: 11s - loss: 0.4037 - mean_squared_error: 0.4037
1400/2918 [=============>................] - ETA: 10s - loss: 0.3962 - mean_squared_error: 0.3962
1450/2918 [=============>................] - ETA: 10s - loss: 0.3941 - mean_squared_error: 0.3941
1500/2918 [==============>...............] - ETA: 9s - loss: 0.3918 - mean_squared_error: 0.3918 
1550/2918 [==============>...............] - ETA: 9s - loss: 0.3827 - mean_squared_error: 0.3827
1600/2918 [===============>..............] - ETA: 8s - loss: 0.3808 - mean_squared_error: 0.3808
1650/2918 [===============>..............] - ETA: 8s - loss: 0.3718 - mean_squared_error: 0.3718
1700/2918 [================>.............] - ETA: 7s - loss: 0.3684 - mean_squared_error: 0.3684
1750/2918 [================>.............] - ETA: 7s - loss: 0.3637 - mean_squared_error: 0.3637
1800/2918 [=================>............] - ETA: 6s - loss: 0.3590 - mean_squared_error: 0.3590
1850/2918 [==================>...........] - ETA: 6s - loss: 0.3547 - mean_squared_error: 0.3547
1900/2918 [==================>...........] - ETA: 6s - loss: 0.3543 - mean_squared_error: 0.3543
1950/2918 [===================>..........] - ETA: 5s - loss: 0.3534 - mean_squared_error: 0.3534
2000/2918 [===================>..........] - ETA: 5s - loss: 0.3480 - mean_squared_error: 0.3480
2050/2918 [====================>.........] - ETA: 4s - loss: 0.3462 - mean_squared_error: 0.3462
2100/2918 [====================>.........] - ETA: 4s - loss: 0.3484 - mean_squared_error: 0.3484
2150/2918 [=====================>........] - ETA: 4s - loss: 0.3448 - mean_squared_error: 0.3448
2200/2918 [=====================>........] - ETA: 3s - loss: 0.3422 - mean_squared_error: 0.3422
2250/2918 [======================>.......] - ETA: 3s - loss: 0.3377 - mean_squared_error: 0.3377
2300/2918 [======================>.......] - ETA: 3s - loss: 0.3341 - mean_squared_error: 0.3341
2350/2918 [=======================>......] - ETA: 3s - loss: 0.3297 - mean_squared_error: 0.3297
2400/2918 [=======================>......] - ETA: 2s - loss: 0.3256 - mean_squared_error: 0.3256
2450/2918 [========================>.....] - ETA: 2s - loss: 0.3232 - mean_squared_error: 0.3232
2500/2918 [========================>.....] - ETA: 2s - loss: 0.3215 - mean_squared_error: 0.3215
2550/2918 [=========================>....] - ETA: 1s - loss: 0.3166 - mean_squared_error: 0.3166
2600/2918 [=========================>....] - ETA: 1s - loss: 0.3136 - mean_squared_error: 0.3136
2650/2918 [==========================>...] - ETA: 1s - loss: 0.3092 - mean_squared_error: 0.3092
2700/2918 [==========================>...] - ETA: 1s - loss: 0.3057 - mean_squared_error: 0.3057
2750/2918 [===========================>..] - ETA: 0s - loss: 0.3016 - mean_squared_error: 0.3016
2800/2918 [===========================>..] - ETA: 0s - loss: 0.2994 - mean_squared_error: 0.2994
2850/2918 [============================>.] - ETA: 0s - loss: 0.2958 - mean_squared_error: 0.2958
2900/2918 [============================>.] - ETA: 0s - loss: 0.2925 - mean_squared_error: 0.2925
2918/2918 [==============================] - 16s 5ms/step - loss: 0.2914 - mean_squared_error: 0.2914 - val_loss: 0.1259 - val_mean_squared_error: 0.1259
Epoch 2/70

  50/2918 [..............................] - ETA: 7s - loss: 0.0442 - mean_squared_error: 0.0442
 100/2918 [>.............................] - ETA: 7s - loss: 0.0552 - mean_squared_error: 0.0552
 150/2918 [>.............................] - ETA: 7s - loss: 0.0579 - mean_squared_error: 0.0579
 200/2918 [=>............................] - ETA: 7s - loss: 0.0895 - mean_squared_error: 0.0895
 250/2918 [=>............................] - ETA: 7s - loss: 0.0835 - mean_squared_error: 0.0835
 300/2918 [==>...........................] - ETA: 6s - loss: 0.0984 - mean_squared_error: 0.0984
 350/2918 [==>...........................] - ETA: 6s - loss: 0.0888 - mean_squared_error: 0.0888
 400/2918 [===>..........................] - ETA: 6s - loss: 0.0904 - mean_squared_error: 0.0904
 450/2918 [===>..........................] - ETA: 6s - loss: 0.0879 - mean_squared_error: 0.0879
 500/2918 [====>.........................] - ETA: 6s - loss: 0.0839 - mean_squared_error: 0.0839
 550/2918 [====>.........................] - ETA: 6s - loss: 0.0890 - mean_squared_error: 0.0890
 600/2918 [=====>........................] - ETA: 6s - loss: 0.0857 - mean_squared_error: 0.0857
 650/2918 [=====>........................] - ETA: 6s - loss: 0.0827 - mean_squared_error: 0.0827
 700/2918 [======>.......................] - ETA: 5s - loss: 0.0796 - mean_squared_error: 0.0796
 750/2918 [======>.......................] - ETA: 5s - loss: 0.0765 - mean_squared_error: 0.0765
 800/2918 [=======>......................] - ETA: 5s - loss: 0.0886 - mean_squared_error: 0.0886
 850/2918 [=======>......................] - ETA: 5s - loss: 0.0882 - mean_squared_error: 0.0882
 900/2918 [========>.....................] - ETA: 5s - loss: 0.0908 - mean_squared_error: 0.0908
 950/2918 [========>.....................] - ETA: 5s - loss: 0.0992 - mean_squared_error: 0.0992
1000/2918 [=========>....................] - ETA: 5s - loss: 0.1027 - mean_squared_error: 0.1027
1050/2918 [=========>....................] - ETA: 4s - loss: 0.1033 - mean_squared_error: 0.1033
1100/2918 [==========>...................] - ETA: 4s - loss: 0.1032 - mean_squared_error: 0.1032
1150/2918 [==========>...................] - ETA: 4s - loss: 0.1014 - mean_squared_error: 0.1014
1200/2918 [===========>..................] - ETA: 4s - loss: 0.0985 - mean_squared_error: 0.0985
1250/2918 [===========>..................] - ETA: 4s - loss: 0.0986 - mean_squared_error: 0.0986
1300/2918 [============>.................] - ETA: 4s - loss: 0.1012 - mean_squared_error: 0.1012
1350/2918 [============>.................] - ETA: 4s - loss: 0.1004 - mean_squared_error: 0.1004
1400/2918 [=============>................] - ETA: 4s - loss: 0.0988 - mean_squared_error: 0.0988
1450/2918 [=============>................] - ETA: 3s - loss: 0.0983 - mean_squared_error: 0.0983
1500/2918 [==============>...............] - ETA: 3s - loss: 0.0984 - mean_squared_error: 0.0984
1550/2918 [==============>...............] - ETA: 3s - loss: 0.0977 - mean_squared_error: 0.0977
1600/2918 [===============>..............] - ETA: 3s - loss: 0.0983 - mean_squared_error: 0.0983
1650/2918 [===============>..............] - ETA: 3s - loss: 0.0984 - mean_squared_error: 0.0984
1700/2918 [================>.............] - ETA: 3s - loss: 0.0974 - mean_squared_error: 0.0974
1750/2918 [================>.............] - ETA: 3s - loss: 0.0959 - mean_squared_error: 0.0959
1800/2918 [=================>............] - ETA: 2s - loss: 0.0952 - mean_squared_error: 0.0952
1850/2918 [==================>...........] - ETA: 2s - loss: 0.0940 - mean_squared_error: 0.0940
1900/2918 [==================>...........] - ETA: 2s - loss: 0.0933 - mean_squared_error: 0.0933
1950/2918 [===================>..........] - ETA: 2s - loss: 0.0927 - mean_squared_error: 0.0927
2000/2918 [===================>..........] - ETA: 2s - loss: 0.0933 - mean_squared_error: 0.0933
2050/2918 [====================>.........] - ETA: 2s - loss: 0.0938 - mean_squared_error: 0.0938
2100/2918 [====================>.........] - ETA: 2s - loss: 0.0931 - mean_squared_error: 0.0931
2150/2918 [=====================>........] - ETA: 2s - loss: 0.0940 - mean_squared_error: 0.0940
2200/2918 [=====================>........] - ETA: 1s - loss: 0.0933 - mean_squared_error: 0.0933
2250/2918 [======================>.......] - ETA: 1s - loss: 0.0952 - mean_squared_error: 0.0952
2300/2918 [======================>.......] - ETA: 1s - loss: 0.0960 - mean_squared_error: 0.0960
2350/2918 [=======================>......] - ETA: 1s - loss: 0.0970 - mean_squared_error: 0.0970
2400/2918 [=======================>......] - ETA: 1s - loss: 0.0968 - mean_squared_error: 0.0968
2450/2918 [========================>.....] - ETA: 1s - loss: 0.0962 - mean_squared_error: 0.0962
2500/2918 [========================>.....] - ETA: 1s - loss: 0.0955 - mean_squared_error: 0.0955
2550/2918 [=========================>....] - ETA: 0s - loss: 0.0945 - mean_squared_error: 0.0945
2600/2918 [=========================>....] - ETA: 0s - loss: 0.0943 - mean_squared_error: 0.0943
2650/2918 [==========================>...] - ETA: 0s - loss: 0.0941 - mean_squared_error: 0.0941
2700/2918 [==========================>...] - ETA: 0s - loss: 0.0952 - mean_squared_error: 0.0952
2750/2918 [===========================>..] - ETA: 0s - loss: 0.0948 - mean_squared_error: 0.0948
2800/2918 [===========================>..] - ETA: 0s - loss: 0.0966 - mean_squared_error: 0.0966
2850/2918 [============================>.] - ETA: 0s - loss: 0.0957 - mean_squared_error: 0.0957
2900/2918 [============================>.] - ETA: 0s - loss: 0.0960 - mean_squared_error: 0.0960
2918/2918 [==============================] - 9s 3ms/step - loss: 0.0956 - mean_squared_error: 0.0956 - val_loss: 0.0894 - val_mean_squared_error: 0.0894
Epoch 3/70

  50/2918 [..............................] - ETA: 7s - loss: 0.0535 - mean_squared_error: 0.0535
 100/2918 [>.............................] - ETA: 7s - loss: 0.0555 - mean_squared_error: 0.0555
 150/2918 [>.............................] - ETA: 7s - loss: 0.0568 - mean_squared_error: 0.0568
 200/2918 [=>............................] - ETA: 7s - loss: 0.0569 - mean_squared_error: 0.0569
 250/2918 [=>............................] - ETA: 7s - loss: 0.0653 - mean_squared_error: 0.0653
 300/2918 [==>...........................] - ETA: 6s - loss: 0.0691 - mean_squared_error: 0.0691
 350/2918 [==>...........................] - ETA: 6s - loss: 0.0631 - mean_squared_error: 0.0631
 400/2918 [===>..........................] - ETA: 6s - loss: 0.0610 - mean_squared_error: 0.0610
 450/2918 [===>..........................] - ETA: 6s - loss: 0.0636 - mean_squared_error: 0.0636
 500/2918 [====>.........................] - ETA: 6s - loss: 0.0619 - mean_squared_error: 0.0619
 550/2918 [====>.........................] - ETA: 6s - loss: 0.0595 - mean_squared_error: 0.0595
 600/2918 [=====>........................] - ETA: 6s - loss: 0.0564 - mean_squared_error: 0.0564
 650/2918 [=====>........................] - ETA: 6s - loss: 0.0562 - mean_squared_error: 0.0562
 700/2918 [======>.......................] - ETA: 5s - loss: 0.0585 - mean_squared_error: 0.0585
 750/2918 [======>.......................] - ETA: 5s - loss: 0.0589 - mean_squared_error: 0.0589
 800/2918 [=======>......................] - ETA: 5s - loss: 0.0586 - mean_squared_error: 0.0586
 850/2918 [=======>......................] - ETA: 5s - loss: 0.0568 - mean_squared_error: 0.0568
 900/2918 [========>.....................] - ETA: 5s - loss: 0.0572 - mean_squared_error: 0.0572
 950/2918 [========>.....................] - ETA: 5s - loss: 0.0564 - mean_squared_error: 0.0564
1000/2918 [=========>....................] - ETA: 5s - loss: 0.0593 - mean_squared_error: 0.0593
1050/2918 [=========>....................] - ETA: 4s - loss: 0.0618 - mean_squared_error: 0.0618
1100/2918 [==========>...................] - ETA: 4s - loss: 0.0610 - mean_squared_error: 0.0610
1150/2918 [==========>...................] - ETA: 4s - loss: 0.0651 - mean_squared_error: 0.0651
1200/2918 [===========>..................] - ETA: 4s - loss: 0.0636 - mean_squared_error: 0.0636
1250/2918 [===========>..................] - ETA: 4s - loss: 0.0642 - mean_squared_error: 0.0642
1300/2918 [============>.................] - ETA: 4s - loss: 0.0628 - mean_squared_error: 0.0628
1350/2918 [============>.................] - ETA: 4s - loss: 0.0637 - mean_squared_error: 0.0637
1400/2918 [=============>................] - ETA: 4s - loss: 0.0626 - mean_squared_error: 0.0626
1450/2918 [=============>................] - ETA: 3s - loss: 0.0628 - mean_squared_error: 0.0628
1500/2918 [==============>...............] - ETA: 3s - loss: 0.0616 - mean_squared_error: 0.0616
1550/2918 [==============>...............] - ETA: 3s - loss: 0.0655 - mean_squared_error: 0.0655
1600/2918 [===============>..............] - ETA: 3s - loss: 0.0654 - mean_squared_error: 0.0654
1650/2918 [===============>..............] - ETA: 3s - loss: 0.0645 - mean_squared_error: 0.0645
1700/2918 [================>.............] - ETA: 3s - loss: 0.0636 - mean_squared_error: 0.0636
1750/2918 [================>.............] - ETA: 3s - loss: 0.0628 - mean_squared_error: 0.0628
1800/2918 [=================>............] - ETA: 2s - loss: 0.0616 - mean_squared_error: 0.0616
1850/2918 [==================>...........] - ETA: 2s - loss: 0.0607 - mean_squared_error: 0.0607
1900/2918 [==================>...........] - ETA: 2s - loss: 0.0613 - mean_squared_error: 0.0613
1950/2918 [===================>..........] - ETA: 2s - loss: 0.0616 - mean_squared_error: 0.0616
2000/2918 [===================>..........] - ETA: 2s - loss: 0.0628 - mean_squared_error: 0.0628
2050/2918 [====================>.........] - ETA: 2s - loss: 0.0617 - mean_squared_error: 0.0617
2100/2918 [====================>.........] - ETA: 2s - loss: 0.0614 - mean_squared_error: 0.0614
2150/2918 [=====================>........] - ETA: 2s - loss: 0.0604 - mean_squared_error: 0.0604
2200/2918 [=====================>........] - ETA: 1s - loss: 0.0605 - mean_squared_error: 0.0605
2250/2918 [======================>.......] - ETA: 1s - loss: 0.0600 - mean_squared_error: 0.0600
2300/2918 [======================>.......] - ETA: 1s - loss: 0.0627 - mean_squared_error: 0.0627
2350/2918 [=======================>......] - ETA: 1s - loss: 0.0619 - mean_squared_error: 0.0619
2400/2918 [=======================>......] - ETA: 1s - loss: 0.0636 - mean_squared_error: 0.0636
2450/2918 [========================>.....] - ETA: 1s - loss: 0.0636 - mean_squared_error: 0.0636
2500/2918 [========================>.....] - ETA: 1s - loss: 0.0632 - mean_squared_error: 0.0632
2550/2918 [=========================>....] - ETA: 0s - loss: 0.0625 - mean_squared_error: 0.0625
2600/2918 [=========================>....] - ETA: 0s - loss: 0.0623 - mean_squared_error: 0.0623
2650/2918 [==========================>...] - ETA: 0s - loss: 0.0620 - mean_squared_error: 0.0620
2700/2918 [==========================>...] - ETA: 0s - loss: 0.0615 - mean_squared_error: 0.0615
2750/2918 [===========================>..] - ETA: 0s - loss: 0.0630 - mean_squared_error: 0.0630
2800/2918 [===========================>..] - ETA: 0s - loss: 0.0632 - mean_squared_error: 0.0632
2850/2918 [============================>.] - ETA: 0s - loss: 0.0637 - mean_squared_error: 0.0637
2900/2918 [============================>.] - ETA: 0s - loss: 0.0632 - mean_squared_error: 0.0632
2918/2918 [==============================] - 9s 3ms/step - loss: 0.0631 - mean_squared_error: 0.0631 - val_loss: 0.0857 - val_mean_squared_error: 0.0857
Epoch 4/70

  50/2918 [..............................] - ETA: 7s - loss: 0.0398 - mean_squared_error: 0.0398
 100/2918 [>.............................] - ETA: 7s - loss: 0.0320 - mean_squared_error: 0.0320
 150/2918 [>.............................] - ETA: 7s - loss: 0.0352 - mean_squared_error: 0.0352
 200/2918 [=>............................] - ETA: 7s - loss: 0.0364 - mean_squared_error: 0.0364
 250/2918 [=>............................] - ETA: 7s - loss: 0.0390 - mean_squared_error: 0.0390
 300/2918 [==>...........................] - ETA: 6s - loss: 0.0382 - mean_squared_error: 0.0382
 350/2918 [==>...........................] - ETA: 6s - loss: 0.0360 - mean_squared_error: 0.0360
 400/2918 [===>..........................] - ETA: 6s - loss: 0.0366 - mean_squared_error: 0.0366
 450/2918 [===>..........................] - ETA: 6s - loss: 0.0417 - mean_squared_error: 0.0417
 500/2918 [====>.........................] - ETA: 6s - loss: 0.0494 - mean_squared_error: 0.0494
 550/2918 [====>.........................] - ETA: 6s - loss: 0.0539 - mean_squared_error: 0.0539
 600/2918 [=====>........................] - ETA: 6s - loss: 0.0525 - mean_squared_error: 0.0525
 650/2918 [=====>........................] - ETA: 6s - loss: 0.0516 - mean_squared_error: 0.0516
 700/2918 [======>.......................] - ETA: 5s - loss: 0.0542 - mean_squared_error: 0.0542
 750/2918 [======>.......................] - ETA: 5s - loss: 0.0527 - mean_squared_error: 0.0527
 800/2918 [=======>......................] - ETA: 5s - loss: 0.0509 - mean_squared_error: 0.0509
 850/2918 [=======>......................] - ETA: 5s - loss: 0.0497 - mean_squared_error: 0.0497
 900/2918 [========>.....................] - ETA: 5s - loss: 0.0493 - mean_squared_error: 0.0493
 950/2918 [========>.....................] - ETA: 5s - loss: 0.0540 - mean_squared_error: 0.0540
1000/2918 [=========>....................] - ETA: 5s - loss: 0.0523 - mean_squared_error: 0.0523
1050/2918 [=========>....................] - ETA: 4s - loss: 0.0505 - mean_squared_error: 0.0505
1100/2918 [==========>...................] - ETA: 4s - loss: 0.0502 - mean_squared_error: 0.0502
1150/2918 [==========>...................] - ETA: 4s - loss: 0.0502 - mean_squared_error: 0.0502
1200/2918 [===========>..................] - ETA: 4s - loss: 0.0488 - mean_squared_error: 0.0488
1250/2918 [===========>..................] - ETA: 4s - loss: 0.0477 - mean_squared_error: 0.0477
1300/2918 [============>.................] - ETA: 4s - loss: 0.0468 - mean_squared_error: 0.0468
1350/2918 [============>.................] - ETA: 4s - loss: 0.0456 - mean_squared_error: 0.0456
1400/2918 [=============>................] - ETA: 4s - loss: 0.0459 - mean_squared_error: 0.0459
1450/2918 [=============>................] - ETA: 3s - loss: 0.0461 - mean_squared_error: 0.0461
1500/2918 [==============>...............] - ETA: 3s - loss: 0.0472 - mean_squared_error: 0.0472
1550/2918 [==============>...............] - ETA: 3s - loss: 0.0477 - mean_squared_error: 0.0477
1600/2918 [===============>..............] - ETA: 3s - loss: 0.0471 - mean_squared_error: 0.0471
1650/2918 [===============>..............] - ETA: 3s - loss: 0.0465 - mean_squared_error: 0.0465
1700/2918 [================>.............] - ETA: 3s - loss: 0.0459 - mean_squared_error: 0.0459
1750/2918 [================>.............] - ETA: 3s - loss: 0.0454 - mean_squared_error: 0.0454
1800/2918 [=================>............] - ETA: 2s - loss: 0.0454 - mean_squared_error: 0.0454
1850/2918 [==================>...........] - ETA: 2s - loss: 0.0446 - mean_squared_error: 0.0446
1900/2918 [==================>...........] - ETA: 2s - loss: 0.0440 - mean_squared_error: 0.0440
1950/2918 [===================>..........] - ETA: 2s - loss: 0.0446 - mean_squared_error: 0.0446
2000/2918 [===================>..........] - ETA: 2s - loss: 0.0445 - mean_squared_error: 0.0445
2050/2918 [====================>.........] - ETA: 2s - loss: 0.0441 - mean_squared_error: 0.0441
2100/2918 [====================>.........] - ETA: 2s - loss: 0.0449 - mean_squared_error: 0.0449
2150/2918 [=====================>........] - ETA: 2s - loss: 0.0453 - mean_squared_error: 0.0453
2200/2918 [=====================>........] - ETA: 1s - loss: 0.0456 - mean_squared_error: 0.0456
2250/2918 [======================>.......] - ETA: 1s - loss: 0.0457 - mean_squared_error: 0.0457
2300/2918 [======================>.......] - ETA: 1s - loss: 0.0452 - mean_squared_error: 0.0452
2350/2918 [=======================>......] - ETA: 1s - loss: 0.0465 - mean_squared_error: 0.0465
2400/2918 [=======================>......] - ETA: 1s - loss: 0.0461 - mean_squared_error: 0.0461
2450/2918 [========================>.....] - ETA: 1s - loss: 0.0471 - mean_squared_error: 0.0471
2500/2918 [========================>.....] - ETA: 1s - loss: 0.0471 - mean_squared_error: 0.0471
2550/2918 [=========================>....] - ETA: 0s - loss: 0.0473 - mean_squared_error: 0.0473
2600/2918 [=========================>....] - ETA: 0s - loss: 0.0484 - mean_squared_error: 0.0484
2650/2918 [==========================>...] - ETA: 0s - loss: 0.0478 - mean_squared_error: 0.0478
2700/2918 [==========================>...] - ETA: 0s - loss: 0.0475 - mean_squared_error: 0.0475
2750/2918 [===========================>..] - ETA: 0s - loss: 0.0471 - mean_squared_error: 0.0471
2800/2918 [===========================>..] - ETA: 0s - loss: 0.0485 - mean_squared_error: 0.0485
2850/2918 [============================>.] - ETA: 0s - loss: 0.0482 - mean_squared_error: 0.0482
2900/2918 [============================>.] - ETA: 0s - loss: 0.0480 - mean_squared_error: 0.0480
2918/2918 [==============================] - 9s 3ms/step - loss: 0.0479 - mean_squared_error: 0.0479 - val_loss: 0.0803 - val_mean_squared_error: 0.0803
Epoch 5/70

  50/2918 [..............................] - ETA: 7s - loss: 0.0195 - mean_squared_error: 0.0195
 100/2918 [>.............................] - ETA: 7s - loss: 0.0432 - mean_squared_error: 0.0432
 150/2918 [>.............................] - ETA: 7s - loss: 0.0396 - mean_squared_error: 0.0396
 200/2918 [=>............................] - ETA: 7s - loss: 0.0348 - mean_squared_error: 0.0348
 250/2918 [=>............................] - ETA: 7s - loss: 0.0371 - mean_squared_error: 0.0371
 300/2918 [==>...........................] - ETA: 6s - loss: 0.0333 - mean_squared_error: 0.0333
 350/2918 [==>...........................] - ETA: 6s - loss: 0.0323 - mean_squared_error: 0.0323
 400/2918 [===>..........................] - ETA: 6s - loss: 0.0303 - mean_squared_error: 0.0303
 450/2918 [===>..........................] - ETA: 6s - loss: 0.0296 - mean_squared_error: 0.0296
 500/2918 [====>.........................] - ETA: 6s - loss: 0.0295 - mean_squared_error: 0.0295
 550/2918 [====>.........................] - ETA: 6s - loss: 0.0331 - mean_squared_error: 0.0331
 600/2918 [=====>........................] - ETA: 6s - loss: 0.0323 - mean_squared_error: 0.0323
 650/2918 [=====>........................] - ETA: 6s - loss: 0.0374 - mean_squared_error: 0.0374
 700/2918 [======>.......................] - ETA: 5s - loss: 0.0372 - mean_squared_error: 0.0372
 750/2918 [======>.......................] - ETA: 5s - loss: 0.0378 - mean_squared_error: 0.0378
 800/2918 [=======>......................] - ETA: 5s - loss: 0.0373 - mean_squared_error: 0.0373
 850/2918 [=======>......................] - ETA: 5s - loss: 0.0372 - mean_squared_error: 0.0372
 900/2918 [========>.....................] - ETA: 5s - loss: 0.0375 - mean_squared_error: 0.0375
 950/2918 [========>.....................] - ETA: 5s - loss: 0.0366 - mean_squared_error: 0.0366
1000/2918 [=========>....................] - ETA: 5s - loss: 0.0368 - mean_squared_error: 0.0368
1050/2918 [=========>....................] - ETA: 4s - loss: 0.0364 - mean_squared_error: 0.0364
1100/2918 [==========>...................] - ETA: 4s - loss: 0.0359 - mean_squared_error: 0.0359
1150/2918 [==========>...................] - ETA: 4s - loss: 0.0379 - mean_squared_error: 0.0379
1200/2918 [===========>..................] - ETA: 4s - loss: 0.0399 - mean_squared_error: 0.0399
1250/2918 [===========>..................] - ETA: 4s - loss: 0.0391 - mean_squared_error: 0.0391
1300/2918 [============>.................] - ETA: 4s - loss: 0.0389 - mean_squared_error: 0.0389
1350/2918 [============>.................] - ETA: 4s - loss: 0.0384 - mean_squared_error: 0.0384
1400/2918 [=============>................] - ETA: 4s - loss: 0.0390 - mean_squared_error: 0.0390
1450/2918 [=============>................] - ETA: 3s - loss: 0.0385 - mean_squared_error: 0.0385
1500/2918 [==============>...............] - ETA: 3s - loss: 0.0385 - mean_squared_error: 0.0385
1550/2918 [==============>...............] - ETA: 3s - loss: 0.0386 - mean_squared_error: 0.0386
1600/2918 [===============>..............] - ETA: 3s - loss: 0.0383 - mean_squared_error: 0.0383
1650/2918 [===============>..............] - ETA: 3s - loss: 0.0411 - mean_squared_error: 0.0411
1700/2918 [================>.............] - ETA: 3s - loss: 0.0409 - mean_squared_error: 0.0409
1750/2918 [================>.............] - ETA: 3s - loss: 0.0405 - mean_squared_error: 0.0405
1800/2918 [=================>............] - ETA: 2s - loss: 0.0411 - mean_squared_error: 0.0411
1850/2918 [==================>...........] - ETA: 2s - loss: 0.0408 - mean_squared_error: 0.0408
1900/2918 [==================>...........] - ETA: 2s - loss: 0.0417 - mean_squared_error: 0.0417
1950/2918 [===================>..........] - ETA: 2s - loss: 0.0424 - mean_squared_error: 0.0424
2000/2918 [===================>..........] - ETA: 2s - loss: 0.0419 - mean_squared_error: 0.0419
2050/2918 [====================>.........] - ETA: 2s - loss: 0.0415 - mean_squared_error: 0.0415
2100/2918 [====================>.........] - ETA: 2s - loss: 0.0410 - mean_squared_error: 0.0410
2150/2918 [=====================>........] - ETA: 2s - loss: 0.0416 - mean_squared_error: 0.0416
2200/2918 [=====================>........] - ETA: 1s - loss: 0.0410 - mean_squared_error: 0.0410
2250/2918 [======================>.......] - ETA: 1s - loss: 0.0403 - mean_squared_error: 0.0403
2300/2918 [======================>.......] - ETA: 1s - loss: 0.0398 - mean_squared_error: 0.0398
2350/2918 [=======================>......] - ETA: 1s - loss: 0.0395 - mean_squared_error: 0.0395
2400/2918 [=======================>......] - ETA: 1s - loss: 0.0399 - mean_squared_error: 0.0399
2450/2918 [========================>.....] - ETA: 1s - loss: 0.0401 - mean_squared_error: 0.0401
2500/2918 [========================>.....] - ETA: 1s - loss: 0.0398 - mean_squared_error: 0.0398
2550/2918 [=========================>....] - ETA: 0s - loss: 0.0394 - mean_squared_error: 0.0394
2600/2918 [=========================>....] - ETA: 0s - loss: 0.0392 - mean_squared_error: 0.0392
2650/2918 [==========================>...] - ETA: 0s - loss: 0.0390 - mean_squared_error: 0.0390
2700/2918 [==========================>...] - ETA: 0s - loss: 0.0387 - mean_squared_error: 0.0387
2750/2918 [===========================>..] - ETA: 0s - loss: 0.0389 - mean_squared_error: 0.0389
2800/2918 [===========================>..] - ETA: 0s - loss: 0.0390 - mean_squared_error: 0.0390
2850/2918 [============================>.] - ETA: 0s - loss: 0.0388 - mean_squared_error: 0.0388
2900/2918 [============================>.] - ETA: 0s - loss: 0.0385 - mean_squared_error: 0.0385
2918/2918 [==============================] - 9s 3ms/step - loss: 0.0384 - mean_squared_error: 0.0384 - val_loss: 0.0783 - val_mean_squared_error: 0.0783
Epoch 6/70

  50/2918 [..............................] - ETA: 7s - loss: 0.0390 - mean_squared_error: 0.0390
 100/2918 [>.............................] - ETA: 7s - loss: 0.0329 - mean_squared_error: 0.0329
 150/2918 [>.............................] - ETA: 7s - loss: 0.0329 - mean_squared_error: 0.0329
 200/2918 [=>............................] - ETA: 7s - loss: 0.0310 - mean_squared_error: 0.0310
 250/2918 [=>............................] - ETA: 7s - loss: 0.0286 - mean_squared_error: 0.0286
 300/2918 [==>...........................] - ETA: 6s - loss: 0.0281 - mean_squared_error: 0.0281
 350/2918 [==>...........................] - ETA: 6s - loss: 0.0301 - mean_squared_error: 0.0301
 400/2918 [===>..........................] - ETA: 6s - loss: 0.0303 - mean_squared_error: 0.0303
 450/2918 [===>..........................] - ETA: 6s - loss: 0.0310 - mean_squared_error: 0.0310
 500/2918 [====>.........................] - ETA: 6s - loss: 0.0309 - mean_squared_error: 0.0309
 550/2918 [====>.........................] - ETA: 6s - loss: 0.0310 - mean_squared_error: 0.0310
 600/2918 [=====>........................] - ETA: 6s - loss: 0.0318 - mean_squared_error: 0.0318
 650/2918 [=====>........................] - ETA: 6s - loss: 0.0328 - mean_squared_error: 0.0328
 700/2918 [======>.......................] - ETA: 5s - loss: 0.0314 - mean_squared_error: 0.0314
 750/2918 [======>.......................] - ETA: 5s - loss: 0.0307 - mean_squared_error: 0.0307
 800/2918 [=======>......................] - ETA: 5s - loss: 0.0297 - mean_squared_error: 0.0297
 850/2918 [=======>......................] - ETA: 5s - loss: 0.0290 - mean_squared_error: 0.0290
 900/2918 [========>.....................] - ETA: 5s - loss: 0.0289 - mean_squared_error: 0.0289
 950/2918 [========>.....................] - ETA: 5s - loss: 0.0298 - mean_squared_error: 0.0298
1000/2918 [=========>....................] - ETA: 5s - loss: 0.0301 - mean_squared_error: 0.0301
1050/2918 [=========>....................] - ETA: 4s - loss: 0.0299 - mean_squared_error: 0.0299
1100/2918 [==========>...................] - ETA: 4s - loss: 0.0300 - mean_squared_error: 0.0300
1150/2918 [==========>...................] - ETA: 4s - loss: 0.0294 - mean_squared_error: 0.0294
1200/2918 [===========>..................] - ETA: 4s - loss: 0.0288 - mean_squared_error: 0.0288
1250/2918 [===========>..................] - ETA: 4s - loss: 0.0287 - mean_squared_error: 0.0287
1300/2918 [============>.................] - ETA: 4s - loss: 0.0287 - mean_squared_error: 0.0287
1350/2918 [============>.................] - ETA: 4s - loss: 0.0293 - mean_squared_error: 0.0293
1400/2918 [=============>................] - ETA: 4s - loss: 0.0303 - mean_squared_error: 0.0303
1450/2918 [=============>................] - ETA: 3s - loss: 0.0300 - mean_squared_error: 0.0300
1500/2918 [==============>...............] - ETA: 3s - loss: 0.0299 - mean_squared_error: 0.0299
1550/2918 [==============>...............] - ETA: 3s - loss: 0.0301 - mean_squared_error: 0.0301
1600/2918 [===============>..............] - ETA: 3s - loss: 0.0314 - mean_squared_error: 0.0314
1650/2918 [===============>..............] - ETA: 3s - loss: 0.0310 - mean_squared_error: 0.0310
1700/2918 [================>.............] - ETA: 3s - loss: 0.0306 - mean_squared_error: 0.0306
1750/2918 [================>.............] - ETA: 3s - loss: 0.0309 - mean_squared_error: 0.0309
1800/2918 [=================>............] - ETA: 2s - loss: 0.0305 - mean_squared_error: 0.0305
1850/2918 [==================>...........] - ETA: 2s - loss: 0.0314 - mean_squared_error: 0.0314
1900/2918 [==================>...........] - ETA: 2s - loss: 0.0327 - mean_squared_error: 0.0327
1950/2918 [===================>..........] - ETA: 2s - loss: 0.0331 - mean_squared_error: 0.0331
2000/2918 [===================>..........] - ETA: 2s - loss: 0.0325 - mean_squared_error: 0.0325
2050/2918 [====================>.........] - ETA: 2s - loss: 0.0324 - mean_squared_error: 0.0324
2100/2918 [====================>.........] - ETA: 2s - loss: 0.0327 - mean_squared_error: 0.0327
2150/2918 [=====================>........] - ETA: 2s - loss: 0.0323 - mean_squared_error: 0.0323
2200/2918 [=====================>........] - ETA: 1s - loss: 0.0335 - mean_squared_error: 0.0335
2250/2918 [======================>.......] - ETA: 1s - loss: 0.0331 - mean_squared_error: 0.0331
2300/2918 [======================>.......] - ETA: 1s - loss: 0.0327 - mean_squared_error: 0.0327
2350/2918 [=======================>......] - ETA: 1s - loss: 0.0323 - mean_squared_error: 0.0323
2400/2918 [=======================>......] - ETA: 1s - loss: 0.0325 - mean_squared_error: 0.0325
2450/2918 [========================>.....] - ETA: 1s - loss: 0.0328 - mean_squared_error: 0.0328
2500/2918 [========================>.....] - ETA: 1s - loss: 0.0326 - mean_squared_error: 0.0326
2550/2918 [=========================>....] - ETA: 0s - loss: 0.0330 - mean_squared_error: 0.0330
2600/2918 [=========================>....] - ETA: 0s - loss: 0.0326 - mean_squared_error: 0.0326
2650/2918 [==========================>...] - ETA: 0s - loss: 0.0325 - mean_squared_error: 0.0325
2700/2918 [==========================>...] - ETA: 0s - loss: 0.0328 - mean_squared_error: 0.0328
2750/2918 [===========================>..] - ETA: 0s - loss: 0.0328 - mean_squared_error: 0.0328
2800/2918 [===========================>..] - ETA: 0s - loss: 0.0331 - mean_squared_error: 0.0331
2850/2918 [============================>.] - ETA: 0s - loss: 0.0332 - mean_squared_error: 0.0332
2900/2918 [============================>.] - ETA: 0s - loss: 0.0332 - mean_squared_error: 0.0332
2918/2918 [==============================] - 9s 3ms/step - loss: 0.0335 - mean_squared_error: 0.0335 - val_loss: 0.0787 - val_mean_squared_error: 0.0787
Epoch 7/70

  50/2918 [..............................] - ETA: 7s - loss: 0.0358 - mean_squared_error: 0.0358
 100/2918 [>.............................] - ETA: 7s - loss: 0.0476 - mean_squared_error: 0.0476
 150/2918 [>.............................] - ETA: 7s - loss: 0.0387 - mean_squared_error: 0.0387
 200/2918 [=>............................] - ETA: 7s - loss: 0.0331 - mean_squared_error: 0.0331
 250/2918 [=>............................] - ETA: 7s - loss: 0.0294 - mean_squared_error: 0.0294
 300/2918 [==>...........................] - ETA: 6s - loss: 0.0313 - mean_squared_error: 0.0313
 350/2918 [==>...........................] - ETA: 6s - loss: 0.0308 - mean_squared_error: 0.0308
 400/2918 [===>..........................] - ETA: 6s - loss: 0.0306 - mean_squared_error: 0.0306
 450/2918 [===>..........................] - ETA: 6s - loss: 0.0304 - mean_squared_error: 0.0304
 500/2918 [====>.........................] - ETA: 6s - loss: 0.0297 - mean_squared_error: 0.0297
 550/2918 [====>.........................] - ETA: 6s - loss: 0.0321 - mean_squared_error: 0.0321
 600/2918 [=====>........................] - ETA: 6s - loss: 0.0309 - mean_squared_error: 0.0309
 650/2918 [=====>........................] - ETA: 6s - loss: 0.0311 - mean_squared_error: 0.0311
 700/2918 [======>.......................] - ETA: 5s - loss: 0.0317 - mean_squared_error: 0.0317
 750/2918 [======>.......................] - ETA: 5s - loss: 0.0325 - mean_squared_error: 0.0325
 800/2918 [=======>......................] - ETA: 5s - loss: 0.0319 - mean_squared_error: 0.0319
 850/2918 [=======>......................] - ETA: 5s - loss: 0.0317 - mean_squared_error: 0.0317
 900/2918 [========>.....................] - ETA: 5s - loss: 0.0320 - mean_squared_error: 0.0320
 950/2918 [========>.....................] - ETA: 5s - loss: 0.0326 - mean_squared_error: 0.0326
1000/2918 [=========>....................] - ETA: 5s - loss: 0.0326 - mean_squared_error: 0.0326
1050/2918 [=========>....................] - ETA: 4s - loss: 0.0328 - mean_squared_error: 0.0328
1100/2918 [==========>...................] - ETA: 4s - loss: 0.0322 - mean_squared_error: 0.0322
1150/2918 [==========>...................] - ETA: 4s - loss: 0.0314 - mean_squared_error: 0.0314
1200/2918 [===========>..................] - ETA: 4s - loss: 0.0307 - mean_squared_error: 0.0307
1250/2918 [===========>..................] - ETA: 4s - loss: 0.0316 - mean_squared_error: 0.0316
1300/2918 [============>.................] - ETA: 4s - loss: 0.0315 - mean_squared_error: 0.0315
1350/2918 [============>.................] - ETA: 4s - loss: 0.0315 - mean_squared_error: 0.0315
1400/2918 [=============>................] - ETA: 4s - loss: 0.0315 - mean_squared_error: 0.0315
1450/2918 [=============>................] - ETA: 3s - loss: 0.0312 - mean_squared_error: 0.0312
1500/2918 [==============>...............] - ETA: 3s - loss: 0.0308 - mean_squared_error: 0.0308
1550/2918 [==============>...............] - ETA: 3s - loss: 0.0305 - mean_squared_error: 0.0305
1600/2918 [===============>..............] - ETA: 3s - loss: 0.0300 - mean_squared_error: 0.0300
1650/2918 [===============>..............] - ETA: 3s - loss: 0.0298 - mean_squared_error: 0.0298
1700/2918 [================>.............] - ETA: 3s - loss: 0.0314 - mean_squared_error: 0.0314
1750/2918 [================>.............] - ETA: 3s - loss: 0.0329 - mean_squared_error: 0.0329
1800/2918 [=================>............] - ETA: 2s - loss: 0.0328 - mean_squared_error: 0.0328
1850/2918 [==================>...........] - ETA: 2s - loss: 0.0328 - mean_squared_error: 0.0328
1900/2918 [==================>...........] - ETA: 2s - loss: 0.0326 - mean_squared_error: 0.0326
1950/2918 [===================>..........] - ETA: 2s - loss: 0.0325 - mean_squared_error: 0.0325
2000/2918 [===================>..........] - ETA: 2s - loss: 0.0331 - mean_squared_error: 0.0331
2050/2918 [====================>.........] - ETA: 2s - loss: 0.0335 - mean_squared_error: 0.0335
2100/2918 [====================>.........] - ETA: 2s - loss: 0.0331 - mean_squared_error: 0.0331
2150/2918 [=====================>........] - ETA: 2s - loss: 0.0336 - mean_squared_error: 0.0336
2200/2918 [=====================>........] - ETA: 1s - loss: 0.0334 - mean_squared_error: 0.0334
2250/2918 [======================>.......] - ETA: 1s - loss: 0.0344 - mean_squared_error: 0.0344
2300/2918 [======================>.......] - ETA: 1s - loss: 0.0342 - mean_squared_error: 0.0342
2350/2918 [=======================>......] - ETA: 1s - loss: 0.0341 - mean_squared_error: 0.0341
2400/2918 [=======================>......] - ETA: 1s - loss: 0.0342 - mean_squared_error: 0.0342
2450/2918 [========================>.....] - ETA: 1s - loss: 0.0342 - mean_squared_error: 0.0342
2500/2918 [========================>.....] - ETA: 1s - loss: 0.0339 - mean_squared_error: 0.0339
2550/2918 [=========================>....] - ETA: 0s - loss: 0.0336 - mean_squared_error: 0.0336
2600/2918 [=========================>....] - ETA: 0s - loss: 0.0332 - mean_squared_error: 0.0332
2650/2918 [==========================>...] - ETA: 0s - loss: 0.0330 - mean_squared_error: 0.0330
2700/2918 [==========================>...] - ETA: 0s - loss: 0.0331 - mean_squared_error: 0.0331
2750/2918 [===========================>..] - ETA: 0s - loss: 0.0328 - mean_squared_error: 0.0328
2800/2918 [===========================>..] - ETA: 0s - loss: 0.0331 - mean_squared_error: 0.0331
2850/2918 [============================>.] - ETA: 0s - loss: 0.0329 - mean_squared_error: 0.0329
2900/2918 [============================>.] - ETA: 0s - loss: 0.0328 - mean_squared_error: 0.0328
2918/2918 [==============================] - 9s 3ms/step - loss: 0.0328 - mean_squared_error: 0.0328 - val_loss: 0.0772 - val_mean_squared_error: 0.0772
Epoch 8/70

  50/2918 [..............................] - ETA: 7s - loss: 0.0241 - mean_squared_error: 0.0241
 100/2918 [>.............................] - ETA: 7s - loss: 0.0304 - mean_squared_error: 0.0304
 150/2918 [>.............................] - ETA: 7s - loss: 0.0241 - mean_squared_error: 0.0241
 200/2918 [=>............................] - ETA: 7s - loss: 0.0292 - mean_squared_error: 0.0292
 250/2918 [=>............................] - ETA: 7s - loss: 0.0306 - mean_squared_error: 0.0306
 300/2918 [==>...........................] - ETA: 6s - loss: 0.0270 - mean_squared_error: 0.0270
 350/2918 [==>...........................] - ETA: 6s - loss: 0.0312 - mean_squared_error: 0.0312
 400/2918 [===>..........................] - ETA: 6s - loss: 0.0313 - mean_squared_error: 0.0313
 450/2918 [===>..........................] - ETA: 6s - loss: 0.0302 - mean_squared_error: 0.0302
 500/2918 [====>.........................] - ETA: 6s - loss: 0.0293 - mean_squared_error: 0.0293
 550/2918 [====>.........................] - ETA: 6s - loss: 0.0283 - mean_squared_error: 0.0283
 600/2918 [=====>........................] - ETA: 6s - loss: 0.0272 - mean_squared_error: 0.0272
 650/2918 [=====>........................] - ETA: 6s - loss: 0.0271 - mean_squared_error: 0.0271
 700/2918 [======>.......................] - ETA: 5s - loss: 0.0283 - mean_squared_error: 0.0283
 750/2918 [======>.......................] - ETA: 5s - loss: 0.0293 - mean_squared_error: 0.0293
 800/2918 [=======>......................] - ETA: 5s - loss: 0.0297 - mean_squared_error: 0.0297
 850/2918 [=======>......................] - ETA: 5s - loss: 0.0301 - mean_squared_error: 0.0301
 900/2918 [========>.....................] - ETA: 5s - loss: 0.0297 - mean_squared_error: 0.0297
 950/2918 [========>.....................] - ETA: 5s - loss: 0.0299 - mean_squared_error: 0.0299
1000/2918 [=========>....................] - ETA: 5s - loss: 0.0292 - mean_squared_error: 0.0292
1050/2918 [=========>....................] - ETA: 5s - loss: 0.0282 - mean_squared_error: 0.0282
1100/2918 [==========>...................] - ETA: 4s - loss: 0.0292 - mean_squared_error: 0.0292
1150/2918 [==========>...................] - ETA: 4s - loss: 0.0288 - mean_squared_error: 0.0288
1200/2918 [===========>..................] - ETA: 4s - loss: 0.0282 - mean_squared_error: 0.0282