Unloaded module: latex/TeXLive12
Loaded module: python3/3.6.2
[2.5]
[2.5]
1.0, 2.5, 0.3029786855603387, 0.32893932956540867

1.0, 2.625, 0.307635242683156, 0.33139415688496576

1.05, 2.5, 0.3057712801919658, 0.33054246493899064

1.0499999999999998, 2.375, 0.30094456046933643, 0.3281010259588272

1.0749999999999997, 2.25, 0.2972872013026357, 0.32648434640334584

1.0249999999999997, 2.25, 0.29450816010922964, 0.3249796293286846

1.0124999999999997, 2.125, 0.288518734683639, 0.3223827891304045

1.0874999999999995, 1.875, 0.2816413005995906, 0.32066946949511843

1.1312499999999992, 1.5625, 0.26918788953259054, 0.3192658611297367

1.0687499999999992, 1.4375, 0.25924006673084704, 0.3181577187466113

1.065624999999999, 1.03125, 0.2414825979032287, 0.3341431392750436

1.1874999999999987, 0.875, 0.24994540093847153, 0.35707688421673706

1.0562499999999995, 1.8125, 0.27692860177893674, 0.3190466426842243

0.9937499999999995, 1.6875, 0.2670493243121386, 0.3161919345090786

0.9249999999999998, 1.75, 0.26564603654175495, 0.3147178869766

0.9374999999999996, 1.375, 0.24711913573794095, 0.3155477790613472

0.7937500000000002, 1.6875, 0.2528091753888748, 0.3103114011755537

0.6562500000000009, 1.8125, 0.2474569770003676, 0.3065011453828863

0.6437500000000012, 2.1875, 0.26449532394687875, 0.31050826036839774

0.3750000000000022, 2.25, 0.2354925993208447, 0.29848353871222416

0.10000000000000342, 2.5, 0.17288730823591802, 0.28048209024681975

0.11250000000000315, 2.125, 0.16226819431810155, 0.2800400628427594

0.3812500000000021, 2.0625, 0.2273910216464454, 0.29684514946437696

0.2437500000000027, 2.1875, 0.2074231461258552, 0.28984255825306987

0.175000000000003, 2.25, 0.19170730228301328, 0.28541371951678485

0.037500000000003586, 2.375, 0.12439438761725792, 0.2744495208245834

0.05000000000000332, 2.0, 0.1213743951047316, 0.2751303618512643

0.0781250000000033, 2.15625, 0.14616801858059342, 0.2773892517585371

0.009375000000003603, 2.21875, 0.08728808858362275, 0.27325834074631444

0.03671875000000346, 2.1484375, 0.11606625698600723, 0.2741542253115451

0.008593750000003474, 1.9921875, 0.08347628061103425, 0.2733728017230342

0.022851562500003496, 2.126953125, 0.10180577148586968, 0.27329416838791537

0.023632812500003625, 2.353515625, 0.10874011841374663, 0.27348613560310714

0.012353515625003511, 2.08251953125, 0.08898718188990574, 0.2730923011933258

0.016857910156253528, 2.1387939453125, 0.09536515601787879, 0.27308269580045924

0.019836425781253435, 2.0025634765625, 0.0955750318370417, 0.27323599871179594

0.017221069335940975, 2.056610107421875, 0.0940203678694264, 0.2731124651477176

0.011990356445316062, 2.164703369140625, 0.08990992065211273, 0.2730961912592194

0.013298034667972289, 2.1376800537109375, 0.09107314947863195, 0.27306513967550394

0.017802429199222307, 2.1939544677734375, 0.09770244919317196, 0.27311776976416263

0.013715744018558209, 2.1103782653808594, 0.09108352110207778, 0.27306270048678993

0.01015586853027697, 2.109264373779297, 0.08676272785904567, 0.27317611353856747

0.01518239974975939, 2.131411552429199, 0.09323126224298386, 0.2730602205101269

0.01560010910034531, 2.104109764099121, 0.09317742188559608, 0.27306670244609405

0.013873553276065544, 2.1292874813079834, 0.09162004332794904, 0.2730597252918743

0.015340209007266726, 2.1503207683563232, 0.09379815322343886, 0.27306253296663846

0.014934092760089597, 2.1403351426124573, 0.09311000613228063, 0.2730590909436195

0.013625246286395751, 2.1382110714912415, 0.09148280455095563, 0.2730616476488489

0.01479311138391848, 2.1331114321947098, 0.09279935800042977, 0.27305834853376204

0.015853650867942534, 2.1441590934991837, 0.09428934948470886, 0.27306705636171696

0.01436857767403479, 2.1330053843557835, 0.09228706091666068, 0.2730579158091123

0.014227596297863675, 2.125781673938036, 0.09198072100626156, 0.2730583432995167

0.013803062587979987, 2.1256756260991096, 0.0914683170838938, 0.2730603297271491

0.014545599184933856, 2.1312524806708097, 0.09246645391158742, 0.2730578924296496

0.014686580561104971, 2.1384761910885572, 0.09277549270343584, 0.27305820345609727

0.014571834495294648, 2.135302561800927, 0.09257589018988895, 0.27305793219559943

0.014342342363673998, 2.1289553032256663, 0.09217849598980281, 0.27305799920840745

0.014514461462389485, 2.1337157471571118, 0.09247631372942228, 0.27305787221639677

0.01469148297328855, 2.131962843472138, 0.09265520179818797, 0.27305808905621215

0.01444930399884823, 2.132744749134872, 0.09237929763267727, 0.27305786358649775

0.014418166276303861, 2.135208015621174, 0.0923888522927651, 0.2730578989852386

0.014513740957776357, 2.132241364408401, 0.09244716107394887, 0.2730578686689258


------------------------------------------------------------
Sender: LSF System <lsfadmin@n-62-21-16>
Subject: Job 1715198: <minimize_batch_job_this_is_on_purpose_to_utilize_more_kernel> in cluster <dcc> Done

Job <minimize_batch_job_this_is_on_purpose_to_utilize_more_kernel> was submitted from host <gbarlogin2> by user <s174007> in cluster <dcc> at Fri Jan 11 10:41:01 2019
Job was executed on host(s) <n-62-21-16>, in queue <hpc>, as user <s174007> in cluster <dcc> at Fri Jan 11 10:41:02 2019
</zhome/b0/b/127184> was used as the home directory.
</zhome/b0/b/127184/Documents/Projects/machine-learning-on-materials> was used as the working directory.
Started at Fri Jan 11 10:41:02 2019
Terminated at Fri Jan 11 16:58:38 2019
Results reported at Fri Jan 11 16:58:38 2019

Your job looked like:

------------------------------------------------------------
# LSBATCH: User input
#!/bin/bash
##Kør på cpu
#BSUB -q hpc
##Navn på job
#BSUB -J minimize_batch_job_this_is_on_purpose_to_utilize_more_kernel
##Output fil
#BSUB -o output/minimize/gaussian_GP_faulty_batchjobs-%J.out
##Antal kerner
#BSUB -n 1
##Om kernerne må være på forskellige computere
#BSUB -R "span[hosts=1]"
##Ram pr kerne
#BSUB -R "rusage[mem=10GB]"
##Hvor lang tid må den køre hh:mm
#BSUB -W 45:00
##Email når jobbet starter
##og stopper
module purge
module load python3
python3 KRR/minimizer.py gaussian 1 GP faulty [2.5]
------------------------------------------------------------

Successfully completed.

Resource usage summary:

    CPU time :                                   22652.42 sec.
    Max Memory :                                 787 MB
    Average Memory :                             545.57 MB
    Total Requested Memory :                     10240.00 MB
    Delta Memory :                               9453.00 MB
    Max Swap :                                   -
    Max Processes :                              4
    Max Threads :                                5
    Run time :                                   22668 sec.
    Turnaround time :                            22657 sec.

The output (if any) is above this job summary.

