Unloaded module: latex/TeXLive12
Loaded module: python3/3.6.2
[10]
[10.0]
0.01, 10.0, 0.16830311013091417, 0.29198604822466967

0.01, 10.5, 0.1738987412818964, 0.29300205923860256

0.0105, 10.0, 0.17110145031011645, 0.29250297192516256

0.0105, 9.5, 0.1652920778837696, 0.29149249622794204

0.01075, 9.0, 0.1606244061815297, 0.29075330898821083

0.010249999999999997, 9.0, 0.15802176830141318, 0.2903346826004924

0.010124999999999995, 8.5, 0.1513218481085542, 0.2893878657561643

User defined signal 2

------------------------------------------------------------
Sender: LSF System <lsfadmin@n-62-21-21>
Subject: Job 1706404: <batch_job_this_is_on_purpose_to_utilize_more_kernel> in cluster <dcc> Exited

Job <batch_job_this_is_on_purpose_to_utilize_more_kernel> was submitted from host <gbarlogin2> by user <s173977> in cluster <dcc> at Thu Jan 10 14:23:52 2019
Job was executed on host(s) <n-62-21-21>, in queue <hpc>, as user <s173977> in cluster <dcc> at Thu Jan 10 14:23:54 2019
</zhome/e8/9/127123> was used as the home directory.
</zhome/e8/9/127123/machine-learning-on-materials> was used as the working directory.
Started at Thu Jan 10 14:23:54 2019
Terminated at Sat Jan 12 11:24:05 2019
Results reported at Sat Jan 12 11:24:05 2019

Your job looked like:

------------------------------------------------------------
# LSBATCH: User input
#!/bin/bash
##Kør på cpu
#BSUB -q hpc
##Navn på job
#BSUB -J batch_job_this_is_on_purpose_to_utilize_more_kernel
##Output fil
#BSUB -o output/minimize/gaussian_SimpleLarge_newest_batchjobs-%J.out
##Antal kerner
#BSUB -n 1
##Om kernerne må være på forskellige computere
#BSUB -R "span[hosts=1]"
##Ram pr kerne
#BSUB -R "rusage[mem=10GB]"
##Hvor lang tid må den køre hh:mm
#BSUB -W 45:00
##Email når jobbet starter
##og stopper
module purge
module load python3
python3 KRR/minimizer.py gaussian 0.01 SimpleLarge newest [10]
------------------------------------------------------------

TERM_RUNLIMIT: job killed after reaching LSF run time limit.
Exited with exit code 140.

Resource usage summary:

    CPU time :                                   161993.00 sec.
    Max Memory :                                 10145 MB
    Average Memory :                             9853.95 MB
    Total Requested Memory :                     10240.00 MB
    Delta Memory :                               95.00 MB
    Max Swap :                                   -
    Max Processes :                              4
    Max Threads :                                5
    Run time :                                   162030 sec.
    Turnaround time :                            162013 sec.

The output (if any) is above this job summary.

