Unloaded module: latex/TeXLive12
Loaded module: python3/3.6.2
[10]
[10.0]
1e-06, 10.0, 0.07610197066490636, 0.2889647044413582

1e-06, 10.5, 0.07610279453050203, 0.2888617455161313

1.05e-06, 10.0, 0.0761023279001494, 0.28892099397965765

1.05e-06, 10.5, 0.07610314709151521, 0.2888225154745377

1.0749999999999999e-06, 10.75, 0.07610370244280652, 0.2887614306641386

1.0249999999999997e-06, 11.25, 0.07610409720758343, 0.2887162979684645

1.0124999999999996e-06, 11.875, 0.07610486312125096, 0.28863829026975174

1.0874999999999995e-06, 12.125, 0.07610568175911968, 0.28856789596511656

1.1312499999999991e-06, 12.9375, 0.07610693873483529, 0.28846967373225896

1.0687499999999989e-06, 14.0625, 0.07610779447755366, 0.28840631550905665

1.0656249999999984e-06, 15.71875, 0.07610948477279811, 0.2883104784742106

1.1843749999999979e-06, 16.78125, 0.07611148216157686, 0.2882340904202288

1.270312499999997e-06, 19.234375, 0.07611533952642713, 0.2881351558849472

1.2046874999999962e-06, 22.015625, 0.07611887593590376, 0.2880729504105754

1.241406249999995e-06, 26.5546875, 0.07612990845881759, 0.287960502556193

1.4460937499999936e-06, 30.0703125, 0.07615209161134756, 0.28783422285662774

1.6363281249999913e-06, 37.24609375, 0.07622509105807701, 0.2876077230913359

1.6074218749999893e-06, 44.56640625, 0.07632191921655113, 0.28742990812246716

1.7759765624999857e-06, 57.232421875, 0.07671195287546112, 0.2870464954899042

2.170898437499982e-06, 67.923828125, 0.07759236904653186, 0.28663441291176844

2.635644531249975e-06, 88.6083984375, 0.08063548224902689, 0.28605791464637237

2.7752929687499696e-06, 108.5947265625, 0.08469079099225872, 0.2857492602243142

3.344775390624959e-06, 144.26904296875, 0.09761575695418713, 0.28560076572599363

4.204443359374949e-06, 175.64501953125, 0.11614405398114887, 0.28630526781087956

3.5973266601562077e-06, 146.0418701171875, 0.10000181125273515, 0.2856429212284056

4.306457519531191e-06, 201.7025146484375, 0.12790333590611125, 0.28715545132515014

3.053347778320279e-06, 116.88192749023438, 0.08786227063254934, 0.2856337564548585

2.8007965087890302e-06, 115.10910034179688, 0.08623142149577293, 0.28568372017532917

3.398194122314413e-06, 138.30867767333984, 0.09604169970539435, 0.28558229343072794

3.689621734619093e-06, 165.69579315185547, 0.10784779748005438, 0.28588775331037714

3.2124162673949827e-06, 129.08539390563965, 0.09204770860472603, 0.2855727038704353

3.265834999084437e-06, 123.12502861022949, 0.09062873654217554, 0.28558412600928745

3.285570096969567e-06, 128.41103219985962, 0.09227584566240449, 0.2855716808613442

3.0997922420501367e-06, 119.18774843215942, 0.0886868482789407, 0.2856147412933686

3.3235936522483442e-06, 133.52844536304474, 0.09405444013516012, 0.2855704016878258

3.3967474818229283e-06, 132.8540836572647, 0.09429593508746899, 0.2855711445094068

3.4347710371017058e-06, 137.97149682044983, 0.0961720406607591, 0.2855835387941748

3.3228703320026016e-06, 130.80114835500717, 0.09321377941555839, 0.2855695297033573

3.2497165024280175e-06, 131.4755100607872, 0.09297679674687717, 0.28556973343692155

3.2489931821822745e-06, 128.74821305274963, 0.09216279506136488, 0.2855721615702859

3.3049435347318268e-06, 132.33338728547096, 0.09357235340693386, 0.2855695797068821

3.3780973643064113e-06, 131.65902557969093, 0.09380952931538457, 0.2855698989410584

3.2818117178976158e-06, 131.52138894051313, 0.09318493698070744, 0.2855695330645909

3.2997385151683906e-06, 129.98915001004934, 0.09283038544810139, 0.285569996642078

3.303642279840968e-06, 131.74732796661556, 0.0933857534596486, 0.28556949151315797

3.3447008939459538e-06, 131.0270873811096, 0.09341359446753712, 0.2855695092629423

3.32547284178432e-06, 131.97326699271798, 0.09358736336828205, 0.2855695990116367

3.3235209594480312e-06, 131.09417801443487, 0.09330689862980177, 0.2855694983365377

3.2824623453430454e-06, 131.81441859994084, 0.09327749669625807, 0.285569492385422

User defined signal 2

------------------------------------------------------------
Sender: LSF System <lsfadmin@n-62-21-2>
Subject: Job 1735651: <minimize_batch_job_this_is_on_purpose_to_utilize_more_kernel> in cluster <dcc> Exited

Job <minimize_batch_job_this_is_on_purpose_to_utilize_more_kernel> was submitted from host <gbarlogin2> by user <s174007> in cluster <dcc> at Sun Jan 13 21:42:32 2019
Job was executed on host(s) <n-62-21-2>, in queue <hpc>, as user <s174007> in cluster <dcc> at Sun Jan 13 21:42:33 2019
</zhome/b0/b/127184> was used as the home directory.
</zhome/b0/b/127184/Documents/Projects/machine-learning-on-materials> was used as the working directory.
Started at Sun Jan 13 21:42:33 2019
Terminated at Tue Jan 15 18:42:48 2019
Results reported at Tue Jan 15 18:42:48 2019

Your job looked like:

------------------------------------------------------------
# LSBATCH: User input
#!/bin/bash
##Kør på cpu
#BSUB -q hpc
##Navn på job
#BSUB -J minimize_batch_job_this_is_on_purpose_to_utilize_more_kernel
##Output fil
#BSUB -o output/minimize/gaussian_SimpleLarge_compare_batchjobs-%J.out
##Antal kerner
#BSUB -n 1
##Om kernerne må være på forskellige computere
#BSUB -R "span[hosts=1]"
##Ram pr kerne
#BSUB -R "rusage[mem=10GB]"
##Hvor lang tid må den køre hh:mm
#BSUB -W 45:00
##Email når jobbet starter
##og stopper
module purge
module load python3
python3 KRR/minimizer.py gaussian 1e-06 SimpleLarge compare [10]
------------------------------------------------------------

TERM_RUNLIMIT: job killed after reaching LSF run time limit.
Exited with exit code 140.

Resource usage summary:

    CPU time :                                   72896.00 sec.
    Max Memory :                                 5145 MB
    Average Memory :                             4839.60 MB
    Total Requested Memory :                     10240.00 MB
    Delta Memory :                               5095.00 MB
    Max Swap :                                   -
    Max Processes :                              4
    Max Threads :                                5
    Run time :                                   162024 sec.
    Turnaround time :                            162016 sec.

The output (if any) is above this job summary.

