Unloaded module: latex/TeXLive12
Loaded module: python3/3.6.2
[2.5]
[2.5]
0.001, 2.5, 0.07615975655170762, 0.26731480746572767

0.001, 2.625, 0.07617288070476429, 0.26616308878712275

0.0010500000000000002, 2.5, 0.07616502634715329, 0.2673202248683946

0.0009499999999999999, 2.625, 0.07616674123257061, 0.2661578405133115

0.0008999999999999998, 2.6875, 0.07616690616639644, 0.26571227461538793

0.0008999999999999998, 2.8125, 0.07618025265215678, 0.26505058837745654

0.0008499999999999996, 2.96875, 0.0761902227491981, 0.26454472672870927

0.0007499999999999994, 3.03125, 0.0761792747157102, 0.2644168580825571

0.0006249999999999988, 3.234375, 0.07617526478663902, 0.26425581694134875

0.0005749999999999987, 3.515625, 0.07619039800694585, 0.2644510731246597

0.0003499999999999979, 3.78125, 0.07615294378158124, 0.26490923367528335

0.0007249999999999992, 3.171875, 0.07618943395842447, 0.26427446865472104

0.0007749999999999992, 2.890625, 0.07616945560775537, 0.26474972387205065

0.0006249999999999988, 3.359375, 0.07618718041581422, 0.2642972420457343

0.0007249999999999991, 3.046875, 0.07617640967313766, 0.26439113473885806

0.0006499999999999989, 3.28125, 0.07618497412966196, 0.2642620846782767

0.0005499999999999985, 3.34375, 0.07616923939027913, 0.2642866399648717

0.000681249999999999, 3.21484375, 0.07618489985859052, 0.26425966696385733

0.0006562499999999991, 3.16796875, 0.07617531579537763, 0.26427295233241266

0.0006515624999999989, 3.2529296875, 0.0761824917673818, 0.2642573658567273

0.0005953124999999987, 3.2724609375, 0.07617263597640403, 0.26425853037749925

0.0006167968749999989, 3.258056640625, 0.07617574108517558, 0.26425677850198415

0.0005902343749999987, 3.239501953125, 0.07616885585067827, 0.2642545274457054

0.0005595703124999987, 3.2327880859375, 0.07616253225515206, 0.26425336092209356

0.0005677734374999986, 3.2091064453125, 0.07616225356047827, 0.26425586610510643

0.0005800292968749987, 3.221343994140625, 0.07616545162915772, 0.26425478957429277

0.0005145996093749985, 3.219757080078125, 0.07615363501449725, 0.2642522507721006

0.00045939941406249836, 3.2124481201171875, 0.07614417926864682, 0.26425077621339155

0.00043894042968749833, 3.2238922119140625, 0.07614160388876985, 0.2642489911397334

0.00036839599609374816, 3.2251663208007812, 0.07613143006300059, 0.2642466052982968

0.00026822509765624786, 3.2048263549804688, 0.07611836583410928, 0.2642466723958986

0.00017722167968749767, 3.2175445556640625, 0.07610896702293554, 0.26424930481037917

0.00024776611328124784, 3.2162704467773438, 0.07611635989783193, 0.2642457017019783

0.00034793701171874814, 3.2366104125976562, 0.07612908641266215, 0.264246225014604

0.00022730712890624782, 3.2277145385742188, 0.07611437860645967, 0.26424597446129267

0.00012713623046874752, 3.2073745727539062, 0.07610372890162662, 0.26425795900442806

0.000292736816406248, 3.2293014526367188, 0.0761218568025837, 0.26424518700926247

0.000313195800781248, 3.2178573608398438, 0.07612401402058674, 0.2642456890013313

0.00035816650390624815, 3.2308883666992188, 0.0761302543685704, 0.2642462904992378

0.0002753662109374979, 3.2199249267578125, 0.07611955925177996, 0.2642452780302757

0.0002549072265624979, 3.2313690185546875, 0.07611750327798367, 0.2642453825833883

0.0002694793701171854, 3.2279911041259766, 0.07611908403755097, 0.2642451627086684

0.00028684997558593543, 3.237367630004883, 0.07612137177719143, 0.2642454860491766

0.0002782371520996073, 3.22428560256958, 0.07612000506641613, 0.2642451493679846

0.0002549797058105448, 3.222975254058838, 0.07611731481647883, 0.26424532069999074

0.0002832975387573222, 3.2277199029922485, 0.07612068923660317, 0.2642451364723312

0.000292055320739744, 3.224014401435852, 0.07612162848910303, 0.26424519853831785

0.0002751233577728251, 3.2269969284534454, 0.07611971246938931, 0.2642451352515127

0.00028018374443053993, 3.230431228876114, 0.07612039392287552, 0.26424517323000213

0.00027872380018234045, 3.2258220091462135, 0.07612010189990066, 0.2642451330158342

0.00027054961919784336, 3.2250990346074104, 0.07611913484557845, 0.2642451561191961

0.0002801105588674525, 3.227064685896039, 0.0761202968282166, 0.2642451307662834

0.00028371100127696787, 3.225889766588807, 0.07612068922807846, 0.26424513795384513

0.0002772702686488608, 3.226720137987286, 0.07611995547166721, 0.2642451314112767

0.00027865702733397284, 3.2279628147371113, 0.07612014994094068, 0.26424513537688893

0.0002787071069702485, 3.226357210543938, 0.07612011390782977, 0.2642451308599505


------------------------------------------------------------
Sender: LSF System <lsfadmin@n-62-21-24>
Subject: Job 1715172: <minimize_batch_job_this_is_on_purpose_to_utilize_more_kernel> in cluster <dcc> Done

Job <minimize_batch_job_this_is_on_purpose_to_utilize_more_kernel> was submitted from host <gbarlogin2> by user <s174007> in cluster <dcc> at Fri Jan 11 10:40:58 2019
Job was executed on host(s) <n-62-21-24>, in queue <hpc>, as user <s174007> in cluster <dcc> at Fri Jan 11 10:40:59 2019
</zhome/b0/b/127184> was used as the home directory.
</zhome/b0/b/127184/Documents/Projects/machine-learning-on-materials> was used as the working directory.
Started at Fri Jan 11 10:40:59 2019
Terminated at Fri Jan 11 23:12:00 2019
Results reported at Fri Jan 11 23:12:00 2019

Your job looked like:

------------------------------------------------------------
# LSBATCH: User input
#!/bin/bash
##Kør på cpu
#BSUB -q hpc
##Navn på job
#BSUB -J minimize_batch_job_this_is_on_purpose_to_utilize_more_kernel
##Output fil
#BSUB -o output/minimize/gaussian_GP_default_batchjobs-%J.out
##Antal kerner
#BSUB -n 1
##Om kernerne må være på forskellige computere
#BSUB -R "span[hosts=1]"
##Ram pr kerne
#BSUB -R "rusage[mem=10GB]"
##Hvor lang tid må den køre hh:mm
#BSUB -W 45:00
##Email når jobbet starter
##og stopper
module purge
module load python3
python3 KRR/minimizer.py gaussian 0.001 GP default [2.5]
------------------------------------------------------------

Successfully completed.

Resource usage summary:

    CPU time :                                   45054.32 sec.
    Max Memory :                                 1323 MB
    Average Memory :                             979.05 MB
    Total Requested Memory :                     10240.00 MB
    Delta Memory :                               8917.00 MB
    Max Swap :                                   -
    Max Processes :                              4
    Max Threads :                                5
    Run time :                                   45073 sec.
    Turnaround time :                            45062 sec.

The output (if any) is above this job summary.

