Unloaded module: latex/TeXLive12
Loaded module: python3/3.6.2
[10]
[10.0]
0.001, 10.0, 0.07864637729642904, 0.2668250803244491

0.001, 10.5, 0.07906574560804192, 0.26676951923193387

0.0010500000000000002, 10.0, 0.07883802053728521, 0.26670495349599216

0.0010500000000000002, 10.5, 0.0792849388154287, 0.26664306398606163

0.0010750000000000004, 10.75, 0.07963977598279416, 0.26654035043240903

0.0011250000000000006, 10.25, 0.0793704166950725, 0.26650095632952353

0.001187500000000001, 10.125, 0.07950675376292901, 0.2663800195363405

0.0012125000000000013, 10.875, 0.08044644891719595, 0.266192250707989

0.001293750000000002, 11.3125, 0.081428630974769, 0.2659153878154927

0.0014062500000000026, 10.6875, 0.08117577381523383, 0.2658320677856766

0.0015718750000000038, 10.65625, 0.08195675397418076, 0.2655417838788707

0.0016781250000000047, 11.84375, 0.08460767263622782, 0.26506596204652283

0.0019234375000000067, 12.703125, 0.08811380388571668, 0.2644911080634696

0.0022015625000000086, 12.046875, 0.08848220277508269, 0.2643368410390795

0.002655468750000012, 12.4140625, 0.09256546426430647, 0.2638674956177286

0.003007031250000015, 14.4609375, 0.10202629413172344, 0.2634423063403729

0.003724609375000021, 16.36328125, 0.11558524202288269, 0.26361879437538815

0.00373906250000002, 14.171875, 0.10675116612669906, 0.2633783565517926

0.004646875000000026, 14.90625, 0.11666403411362372, 0.26366172013053235

0.004090625000000023, 16.21875, 0.11814132051779555, 0.26374183528415657

0.00373183593750002, 15.267578125, 0.1111614201748506, 0.26346109189691425

0.003014257812500015, 13.365234375, 0.09823588173094366, 0.2635299974385282

0.003552441406250019, 14.7919921875, 0.10777689858067199, 0.26339973143838824

0.004284472656250024, 14.5029296875, 0.11221102215261215, 0.2634787608184666

0.0033263916015625174, 14.471435546875, 0.10469847891597969, 0.2633942620634126

0.0035130126953125188, 13.851318359375, 0.10377355209450116, 0.2633824094724548

0.0039256835937500215, 13.5517578125, 0.10556641450400035, 0.2633580498539704

0.004225329589843773, 13.0919189453125, 0.10565249373929023, 0.26334192467384926

0.004451379394531274, 13.4124755859375, 0.1085425794791468, 0.2633746677337235

0.004937646484375027, 12.33251953125, 0.10659449646554711, 0.26331998540607604

0.005536938476562531, 11.412841796875, 0.10536458942159638, 0.2632763533522577

0.005310888671875029, 11.09228515625, 0.10269219586668105, 0.26326106381857173

0.005740643310546908, 9.93218994140625, 0.09900682168002817, 0.2632325353951828

0.007052252197265666, 8.25311279296875, 0.09507977098526146, 0.2631661614898896

0.00846571350097661, 5.833709716796875, 0.08604464894544997, 0.2633651173814089

0.007255957031250043, 6.7724609375, 0.08827673178569277, 0.2632820109411344

0.005966693115234409, 10.25274658203125, 0.10153160977257905, 0.26321877887291967

0.007278302001953167, 8.57366943359375, 0.09745764035412614, 0.26314138027826645

