Unloaded module: latex/TeXLive12
Loaded module: python3/3.6.2
[10]
[10.0]
0.01, 10.0, 0.14217167101216344, 0.2696057839015193

0.01, 10.5, 0.14654582982065134, 0.27028767128760967

0.0105, 10.0, 0.14432494426461326, 0.2699288633399282

0.0105, 9.5, 0.13979423481146833, 0.26924696619044114

0.01075, 9.0, 0.13615597888265524, 0.26873168709254824

0.010249999999999997, 9.0, 0.1341838444988165, 0.2684813748866053

0.010124999999999995, 8.5, 0.12905010504916695, 0.2678505404210043

0.010874999999999994, 7.5, 0.12215290668643612, 0.267059704078541

0.011312499999999993, 6.25, 0.11097384188418691, 0.2659824589621139

0.010687499999999989, 5.75, 0.10439616710831331, 0.265501768561245

0.010656249999999985, 4.125, 0.08959062420505406, 0.26426534708401245

0.011843749999999983, 1.875, 0.07751725886496486, 0.2836111859360625

0.010554687499999993, 6.84375, 0.11468462816204603, 0.2663660075361833

0.011414062499999985, 3.53125, 0.08588702805370314, 0.2640652156908102

0.01184374999999998, 1.875, 0.07751725886496486, 0.2836111859360625

0.010757812499999977, 1.40625, 0.07656943185434843, 0.31962688058056915

0.01117382812499999, 5.0390625, 0.09865956632206863, 0.2649751816676357

0.01089648437499998, 2.6171875, 0.07987736680421478, 0.2667999885091269

0.011104492187499988, 4.43359375, 0.09293034383233377, 0.264494674906808

0.010965820312499982, 3.22265625, 0.08329396104641057, 0.2642675594034542

0.011000488281249984, 3.525390625, 0.08539946776367989, 0.26405597769073097

0.011758300781249984, 2.931640625, 0.08208662915715796, 0.2650031627346446

0.010931762695312486, 3.82666015625, 0.08758572234397939, 0.2641027321902651

0.011482788085937484, 3.22998046875, 0.08379679012259925, 0.2642747500197503

0.011069519042968736, 3.677490234375, 0.08660441184740798, 0.26406002481320434

0.010655944824218735, 3.671630859375, 0.08607646860050326, 0.26405162586160547

0.010276885986328109, 3.7418212890625, 0.08613382486338651, 0.26406400096508603

0.010586914062499984, 3.51953125, 0.08491593054858645, 0.2640483494206276

0.010345611572265608, 3.4405517578125, 0.08413150117685941, 0.26406616491344626

0.010242370605468735, 3.665771484375, 0.08555224072142444, 0.26404515896582015

0.009863311767578112, 3.7359619140625, 0.08559079085216463, 0.2640595201868587

0.010173339843749983, 3.513671875, 0.08443675076521205, 0.26404237559883326

0.009932037353515607, 3.4346923828125, 0.08367721142540578, 0.26406137702126237

0.009828796386718734, 3.659912109375, 0.08503210106458095, 0.26404069003275593

0.009449737548828108, 3.7301025390625, 0.08505189691027197, 0.26405727076431335

0.009759765624999982, 3.5078125, 0.08396228978974084, 0.26403810140877876

0.009518463134765606, 3.4288330078125, 0.08322809653569681, 0.26405816369230345

0.009415222167968734, 3.654052734375, 0.08451645576000905, 0.26403828700141585

0.009346191406249982, 3.501953125, 0.08349293890764022, 0.26403557208857326

0.009104888916015606, 3.4229736328125, 0.08278455264968791, 0.26405655886438373

0.00969073486328123, 3.355712890625, 0.08295859280338515, 0.2641005121790852

0.009484100341796857, 3.5794677734375, 0.08411931544731854, 0.2640306884265318

0.009070526123046856, 3.5736083984375, 0.08363076040915231, 0.2640296432538947

0.008725906372070293, 3.60650634765625, 0.08344660822076418, 0.2640331446881816

0.009208435058593731, 3.651123046875, 0.08426045543646701, 0.26403788190968325

0.009311752319335918, 3.53924560546875, 0.08368303949313256, 0.26403088073772996

0.009242874145507795, 3.61383056640625, 0.08406685984415573, 0.2640323549610884

0.009294532775878887, 3.557891845703125, 0.08377855390183517, 0.26402995503846194

0.008880958557128886, 3.552032470703125, 0.08329826395210393, 0.26402971279529486

0.008656951904296856, 3.5677490234375, 0.08314781013320494, 0.26403060110035736

0.00913513755798338, 3.5603561401367188, 0.0836211957158348, 0.2640295607716007

0.00932470512390135, 3.5819320678710938, 0.0839596521148285, 0.26403018521822147

0.008991895198822002, 3.559507369995117, 0.08346144338515717, 0.2640295186682838

0.009056506633758527, 3.546255111694336, 0.08345230417651112, 0.2640298235134208

0.009067021250724774, 3.566770076751709, 0.0835859464211372, 0.2640295211478166

0.008923778891563396, 3.5659213066101074, 0.08342569740583027, 0.26402962998896207

0.009082297891378384, 3.561747431755066, 0.08357241806789731, 0.26402950806477293

0.00900717183947561, 3.554484724998474, 0.08344816623893761, 0.26402956721101783

0.009052058897912482, 3.5636987388134003, 0.08355136957405221, 0.2640295007952949

0.009142461590468864, 3.565938800573349, 0.08366279545394978, 0.2640295557660259

0.009029536796733718, 3.561115227639675, 0.08351161797429849, 0.2640295008890233

0.008999297803267817, 3.5630665346980095, 0.08349052778079578, 0.26402951461944046

0.009061547869350742, 3.562077207490802, 0.08355195150638704, 0.2640295002583299

0.009084069970529504, 3.564660718664527, 0.08359179125910508, 0.264029510104226

0.009043170090182665, 3.562001600395888, 0.08353162963792633, 0.26402949862268277

0.009052659061620925, 3.5603800690732896, 0.08353221514762742, 0.2640295038051365

0.009052208938839592, 3.5628690713783726, 0.08354657904118698, 0.264029499021882

0.009033831159671516, 3.562793464283459, 0.08352624941990804, 0.2640295000546715

0.009040760337091322, 3.5626144000852946, 0.08353267656169039, 0.26402949890947985

0.009031721488434393, 3.56174692910281, 0.08351773759410938, 0.2640294997401435

0.009047087076238292, 3.562588535809482, 0.08353936488101475, 0.26402949863456754

0.009049496829329637, 3.5619757361200755, 0.08353831539690461, 0.26402949876834153

0.009047312706270058, 3.5621354021113802, 0.08353690625657895, 0.26402949857055324

0.009043395720214429, 3.5615484666977864, 0.08352917272828782, 0.2640294991138475

0.009046164237232326, 3.562328518531558, 0.08353681610233903, 0.26402949852710433

0.00905030685331972, 3.5624623202470502, 0.08354209421209158, 0.2640294986502837

0.009044954280966928, 3.5621167803586786, 0.08353424524272264, 0.2640294985518479

0.009043805811929196, 3.5623098967788565, 0.08353415480804942, 0.2640294985545984

0.009044682535514412, 3.5622662731119874, 0.08353484273070812, 0.2640294985316333

0.009045892491779811, 3.562478011284867, 0.08353741374054208, 0.26402949857373476

0.00904518883367015, 3.5622070880902257, 0.08353503729524125, 0.26402949852958696

0.009046670535388063, 3.5622693335097964, 0.08353701062878528, 0.26402949852821417

0.00904764593895024, 3.5623907639511287, 0.08353878964042737, 0.264029498550385

0.009045803109990171, 3.5622530070554514, 0.08353597530779311, 0.26402949852416613

0.009045296811834434, 3.562312192077213, 0.08353578075438092, 0.26402949852838176

0.009046327104499655, 3.5622800481516506, 0.08353670316539223, 0.26402949852507074

0.0090459659772575, 3.5622045366755444, 0.08353586238157396, 0.2640294985301979

0.00904611467223862, 3.5622975230675546, 0.08353657766577714, 0.26402949852450225

0.009045590677729136, 3.5622704819713555, 0.08353584980616303, 0.2640294985240307

0.009045222464343874, 3.562265698881208, 0.08353542313295066, 0.2640294985259261

0.009045279115480687, 3.562225965959252, 0.08353524747528583, 0.2640294985271353

0.009045905783049136, 3.562279633790479, 0.08353624510838387, 0.26402949852369717

0.0090456933507881, 3.5622971087063835, 0.08353611960473065, 0.2640294985246989

0.009045775670189653, 3.5622640324681845, 0.0835360113822744, 0.2640294985237844

0.009046090775509653, 3.562273184287308, 0.08353640668484162, 0.2640294985240836

0.009045715702174266, 3.5622711575503434, 0.08353598902537325, 0.26402949852377083

0.009045845815033749, 3.562286758872638, 0.08353622275158552, 0.26402949852392016

0.009045793206400678, 3.5622697140692976, 0.08353606422427913, 0.26402949852366986

0.009045983287275548, 3.562278190309433, 0.08353632030773664, 0.2640294985238402

0.009045782598449587, 3.562272915740116, 0.08353607184562716, 0.26402949852374474

0.009045916391000226, 3.5622764321196607, 0.0835362374867956, 0.2640294985236135

0.009045983287275544, 3.562278190309433, 0.08353632030773664, 0.2640294985238402

0.009045803814351768, 3.5622665123984794, 0.08353605660294093, 0.26402949852369095

0.00904582930652611, 3.5622697927464793, 0.08353610372907866, 0.264029498523739

0.009045854798700452, 3.562273073094479, 0.08353615085535827, 0.2640294985236899

0.009045911087024681, 3.56227803295507, 0.08353624129759522, 0.26402949852370394

0.009045860102675997, 3.56227147225907, 0.08353614704462224, 0.2640294985236911

0.009045872848763167, 3.5622731124330698, 0.0835361706078004, 0.2640294985236874

0.009045934441062942, 3.562276471458251, 0.08353625723928544, 0.2640294985237956

0.009045874709291074, 3.562273922685422, 0.08353617745128993, 0.2640294985236228

0.009045918251528132, 3.5622772423720126, 0.08353624433031188, 0.26402949852368934

0.009045884199454408, 3.5622741449178053, 0.08353618903841457, 0.26402949852372676

0.00904589555014565, 3.562275177402541, 0.08353620746902025, 0.2640294985236442

0.009045894619881697, 3.562274772276365, 0.08353620404727023, 0.264029498523627

0.009045915460736274, 3.5622760269934846, 0.08353623406503138, 0.26402949852383917

0.009045900527793305, 3.562275389800277, 0.08353621411803397, 0.26402949852373775

0.009045905505440962, 3.562275602198013, 0.08353622076701606, 0.2640294985236954

0.009045905970572938, 3.562275804761101, 0.08353622247789462, 0.26402949852370067


------------------------------------------------------------
Sender: LSF System <lsfadmin@n-62-21-17>
Subject: Job 1706364: <batch_job_this_is_on_purpose_to_utilize_more_kernel> in cluster <dcc> Done

Job <batch_job_this_is_on_purpose_to_utilize_more_kernel> was submitted from host <gbarlogin2> by user <s173977> in cluster <dcc> at Thu Jan 10 14:23:49 2019
Job was executed on host(s) <n-62-21-17>, in queue <hpc>, as user <s173977> in cluster <dcc> at Thu Jan 10 14:23:50 2019
</zhome/e8/9/127123> was used as the home directory.
</zhome/e8/9/127123/machine-learning-on-materials> was used as the working directory.
Started at Thu Jan 10 14:23:50 2019
Terminated at Fri Jan 11 16:39:26 2019
Results reported at Fri Jan 11 16:39:26 2019

Your job looked like:

------------------------------------------------------------
# LSBATCH: User input
#!/bin/bash
##Kør på cpu
#BSUB -q hpc
##Navn på job
#BSUB -J batch_job_this_is_on_purpose_to_utilize_more_kernel
##Output fil
#BSUB -o output/minimize/gaussian_GP_default_batchjobs-%J.out
##Antal kerner
#BSUB -n 1
##Om kernerne må være på forskellige computere
#BSUB -R "span[hosts=1]"
##Ram pr kerne
#BSUB -R "rusage[mem=10GB]"
##Hvor lang tid må den køre hh:mm
#BSUB -W 45:00
##Email når jobbet starter
##og stopper
module purge
module load python3
python3 KRR/minimizer.py gaussian 0.01 GP default [10]
------------------------------------------------------------

Successfully completed.

Resource usage summary:

    CPU time :                                   94521.41 sec.
    Max Memory :                                 1258 MB
    Average Memory :                             977.82 MB
    Total Requested Memory :                     10240.00 MB
    Delta Memory :                               8982.00 MB
    Max Swap :                                   2 MB
    Max Processes :                              4
    Max Threads :                                5
    Run time :                                   94564 sec.
    Turnaround time :                            94537 sec.

The output (if any) is above this job summary.

