Unloaded module: latex/TeXLive12
Loaded module: python3/3.6.2
[10]
[10.0]
0.001, 10.0, 0.08826546337286208, 0.2745198703810102

0.001, 10.5, 0.0896557657825625, 0.2742092348545709

0.0010500000000000002, 10.0, 0.0889176653023835, 0.2742946011673156

0.0010500000000000002, 10.5, 0.09036487067577652, 0.2739820701991672

0.0010750000000000004, 10.75, 0.0914700546351518, 0.27371542832030965

0.0010250000000000003, 11.25, 0.0922139360910806, 0.27362128683455583

0.0010125000000000004, 11.875, 0.09389228354161419, 0.2732902694850351

0.0010875000000000008, 12.125, 0.09598442960176878, 0.2728184558682532

0.0011312500000000012, 12.9375, 0.09947884668696012, 0.27219748323154414

0.0010687500000000011, 14.0625, 0.10200574830483226, 0.271863972180509

0.0010656250000000015, 15.71875, 0.10753795232152656, 0.2712081794494501

0.0011843750000000023, 16.78125, 0.11427354821890942, 0.2706718670281854

0.0012703125000000032, 19.234375, 0.12559798582705814, 0.2704735748311594

0.0012046875000000035, 22.015625, 0.13369627626259845, 0.270782696459825

0.0014093750000000052, 25.53125, 0.1526663052034605, 0.27268865115332447

0.0011515625000000024, 18.171875, 0.11840606308005483, 0.2705203382703526

0.0012171875000000021, 15.390625, 0.10998939805136128, 0.2709397435220774

0.0012078125000000032, 20.359375, 0.12789368246640231, 0.270531409577263

0.0012140625000000025, 17.046875, 0.1160009583388084, 0.2705870732475298

0.001209375000000003, 19.53125, 0.12495064369603923, 0.27047092529701156

0.0013281250000000038, 20.59375, 0.1322912133430462, 0.27069783807022596

0.0011957031250000028, 18.77734375, 0.1218260342132955, 0.2704608870864453

0.0011347656250000025, 19.07421875, 0.12112954213334373, 0.2704748238114363

0.001236425781250003, 19.1943359375, 0.12449818540980295, 0.2704626581007851

0.001222753906250003, 18.4404296875, 0.12135099702746845, 0.27046006966736735

0.001229443359375003, 17.89501953125, 0.11952555655935049, 0.2704825512743878

0.0011820312500000027, 18.0234375, 0.11871507244844731, 0.27050740001048135

0.0012228271484375029, 18.901611328125, 0.12304260183104633, 0.2704553704821029

0.0012498779296875031, 18.564697265625, 0.12255165595909585, 0.27045145973146484

0.0012769653320312533, 18.4583740234375, 0.12288921983357919, 0.2704480987396164

0.0012770385742187531, 18.9195556640625, 0.12461339006029494, 0.27045917881352904

0.0012634674072265657, 18.799774169921875, 0.12379534758764257, 0.2704535172449311

0.0013176055908203162, 18.356536865234375, 0.12358423516722854, 0.2704455683467143

0.001364994812011723, 18.083999633789062, 0.1237643422251905, 0.2704409556686196

0.0013784927368164107, 17.742599487304688, 0.12278005906982432, 0.2704347740420259

0.0014360054016113333, 17.214012145996094, 0.12209479973468024, 0.2704270296264506

0.001524034881591803, 16.839637756347656, 0.122610805497922, 0.2704156403672963

0.001647569656372078, 16.030269622802734, 0.12188048586392866, 0.27039888011746105

0.0017185802459716883, 15.160282135009766, 0.11952869711509277, 0.2704048087695593

0.001930144500732433, 13.976539611816406, 0.11795666786952595, 0.2703962356030863

0.0021772140502929827, 12.357803344726562, 0.11392942792298011, 0.27046648908739307

0.0018591339111328226, 14.846527099609375, 0.12073065872056606, 0.27037313145709924

0.0019294107437133898, 14.68964958190918, 0.12125398789029622, 0.27036163710502303

0.0022119855880737447, 12.635919570922852, 0.11579915019943361, 0.2703974204134267

0.0020708816051483283, 13.484507083892822, 0.11788399921411993, 0.2703740443016074

0.002070147848129285, 14.197617053985596, 0.12130377885285609, 0.2703426371249982

0.0021401495218277113, 14.30815577507019, 0.12297014469902, 0.2703413127169225

0.001998678660392773, 15.513298273086548, 0.12630770718365364, 0.2704137921887621

0.0020528308689594394, 13.991704881191254, 0.1200363190439185, 0.27034956819443706

0.002263569647073761, 13.610211074352264, 0.12143097101572206, 0.2703172599291301

0.002430649098753946, 13.070491820573807, 0.12106776457876745, 0.27029471775520636

0.002517967751622218, 13.386942714452744, 0.12393663174867538, 0.2703109345084858

0.0028084673285484526, 12.14927875995636, 0.12093871029547622, 0.2702454085475605

0.003142626231908823, 11.069840252399445, 0.11839930674441987, 0.2702012250970559

0.003055307579040551, 10.753389358520508, 0.11562339061024675, 0.2702489754971828

0.0037672847121954277, 8.752737790346146, 0.10933487513352402, 0.27028700982617176

0.0034331258088350575, 9.832176297903061, 0.11358237744234972, 0.27022489025917035

0.0035204444617033294, 10.148627191781998, 0.11635601095258884, 0.2701605090482181

0.003753012903034718, 9.846246108412743, 0.11642116128467099, 0.2701233999318107

0.0034625133261084835, 11.083910062909126, 0.12170722335186687, 0.27017276243020455

0.004072899997234379, 9.860315918922424, 0.11915345264292743, 0.2700751430418022

0.004538036879897157, 9.255553752183914, 0.11844981660128986, 0.27001158856511037

0.004828536456823392, 8.01788979768753, 0.11123905715134028, 0.27001068135703654

0.005511548022180847, 6.484879665076733, 0.10293251793965123, 0.2700621145593383

0.005613560433685832, 7.427197441458702, 0.1110034324735327, 0.26987138365316676

0.006543834199011389, 6.217673107981682, 0.10501292207025982, 0.26976727293344094

0.006834333775937625, 4.980009153485298, 0.09530960298377898, 0.26979414655161

0.00854963151812562, 3.1797924637794495, 0.08415254337555296, 0.269014398926282

0.010410179048776736, 0.7607437968254089, 0.07629428937000159, 0.43409026452809385

0.008259131941199385, 4.417456418275833, 0.09396311055356173, 0.2693650213122035

0.010264929260313617, 1.3795757740736008, 0.07676175385187994, 0.3059991751445406

0.007474107964336946, 5.008148774504662, 0.09736035104601112, 0.26960633033149733

0.00933465549498806, 2.589100107550621, 0.08099326945983842, 0.26976275522055615

0.007939244846999725, 4.403386607766151, 0.09311679167368017, 0.26943604295503226

0.00886951861232528, 3.193862274289131, 0.08463518580774937, 0.2689739650069777

0.009334655494988058, 2.589100107550621, 0.08099326945983842, 0.26976275522055615

0.009160018189251516, 1.9561983197927475, 0.0779661508462299, 0.27650693085601685

0.008484353503212418, 3.8021418936550617, 0.08895962162799596, 0.2691625621603788

0.008934796627238483, 2.571512844413519, 0.08060811430735183, 0.26984536551063937

0.008596964284218935, 3.494484631344676, 0.08660183622433823, 0.26904798267844626

0.008822185846231966, 2.8791701067239046, 0.08237868598477205, 0.2691493827993874

0.008653269674722193, 3.340656000189483, 0.08547592760335398, 0.26900693250857705

0.008973156768921853, 3.354725810699165, 0.08600900473297446, 0.2689649994012774

0.009184919394319969, 3.4421924841590226, 0.08701213787007306, 0.26895005399507954

0.009401168331923056, 3.2953987582586706, 0.0860875155393365, 0.26890663255471603

0.00977511766052349, 3.2727701372932643, 0.08637400584325171, 0.2688643159276898

0.010090518442518178, 3.5211003471631557, 0.0890016913701173, 0.2688472186127343

0.010701018357614625, 3.684719383600168, 0.0915091327860984, 0.26880590263691606

0.011291216623818146, 3.5152970367344096, 0.09068010803070399, 0.26871756111779155

0.012344365238567235, 3.551849313022103, 0.09258178587685766, 0.26863146597203985

0.01327026593565837, 3.963798559329007, 0.098844961494404, 0.26864250639505105

0.01491361281661098, 3.830928488750942, 0.0998246762230212, 0.2685369398306429

0.017019910046109157, 3.904033041326329, 0.1040830789285609, 0.26852667360943544

0.016094009349018022, 3.4920837950194255, 0.09704294824665986, 0.2684540887462172

0.01750588105569785, 3.2562264128646348, 0.0956168818840823, 0.26846723548004053

0.020769554156559945, 3.8442675233236514, 0.1086545045636911, 0.26857818650375076

0.01866325692706177, 3.7711629707482643, 0.10455213147337677, 0.26849286404378603

0.017737356229970636, 3.3592137244413607, 0.0973199764008248, 0.26844024483380696

0.018096079321901375, 3.0868040659988765, 0.0939626062920515, 0.26855910355548535

0.015168108651926887, 3.080134548712522, 0.09073291375458406, 0.26860603115582543

0.017789469858278048, 3.5984058652393287, 0.10079258623219349, 0.2684441538461015

0.01943281673923066, 3.465535794661264, 0.10096502521236879, 0.26843839773160333

0.02110222043433698, 3.452261794482183, 0.10281136996814436, 0.2684659666685662

0.01938070311092325, 3.226343653863296, 0.09734078013440615, 0.26847713919236366

0.01818727817143935, 3.5053903123953205, 0.09997250698684604, 0.2684334282808852

0.019882738680699376, 3.6117123826152238, 0.10377885460499514, 0.26846605525023404

0.01827370184265282, 3.4223383889848265, 0.09888034913658975, 0.2684324441569929

0.017028163274861507, 3.462192906718883, 0.09786151531290001, 0.2684385718136779

0.01883165337313837, 3.4647000726756687, 0.10019873933042452, 0.26843351465981324

0.017629326640953798, 3.4630286287044783, 0.09864697619438888, 0.2684334198067335

0.017715750312167267, 3.379976705293984, 0.09758484285264102, 0.26843758016728525

0.01806939620662133, 3.4740369106199864, 0.0993675620077182, 0.26843206826692145

0.018713771408320347, 3.4333466709003346, 0.09958903690829742, 0.2684328752057366

0.01844266021647871, 3.4407671603513705, 0.09935870302560523, 0.26843200305503084

0.018238354580447223, 3.4924656819865305, 0.09985074806196617, 0.2684327117261112

0.01826486502710142, 3.4398702122352525, 0.09912246432284107, 0.26843187749626846

0.018638129036958804, 3.4066004619666366, 0.09910375552263798, 0.26843374952100457

0.018211579414205696, 3.457177798456649, 0.09930535468224523, 0.2684317429683311

0.018033784224828403, 3.456280850340531, 0.09906686026502833, 0.2684319221390509

0.01813600322274098, 3.452402427843241, 0.09914072107697182, 0.2684317889942089

0.01808271760984526, 3.4697100140646375, 0.09932226589176675, 0.2684319633293667

0.01821932817278738, 3.447330162692599, 0.09917288890484856, 0.2684317733109808

0.018294904364252098, 3.452105533306007, 0.09933737246087437, 0.26843175155164734

0.01828715560567041, 3.461953169070057, 0.09947030394335933, 0.2684317937331278

0.01823628503100814, 3.4509859142869637, 0.09924711895819091, 0.26843174337253184

0.018152960080961737, 3.4560581794376057, 0.09921488977162352, 0.2684317678808977

0.01825941829342951, 3.4530936948389064, 0.09930684180465958, 0.268431738291264

0.018234712676627067, 3.4592855790085917, 0.09936515813298365, 0.26843175230139454

0.01823589194241287, 3.4530608304673707, 0.09927661978810733, 0.2684317367446655

0.01828373082163668, 3.4489767268496285, 0.09927795250172851, 0.2684317605276463

0.018229617266063442, 3.455127530554894, 0.09929856296718129, 0.26843173622370536

0.018206090915046803, 3.455094666183358, 0.09926830235297038, 0.2684317401315829

0.018246086448833833, 3.453593937675019, 0.09929722215205243, 0.2684317361653252

0.018239811772484408, 3.4556606377625427, 0.09931917782474442, 0.2684317369037415

0.018236871899930757, 3.4537107822911635, 0.09928725728818007, 0.268431735862212

0.018253341082701147, 3.4521771894112887, 0.09928589915177038, 0.268431739266245

0.01823554822022287, 3.454389945268993, 0.0992954037670063, 0.2684317356159732


------------------------------------------------------------
Sender: LSF System <lsfadmin@n-62-21-8>
Subject: Job 1735618: <minimize_batch_job_this_is_on_purpose_to_utilize_more_kernel> in cluster <dcc> Done

Job <minimize_batch_job_this_is_on_purpose_to_utilize_more_kernel> was submitted from host <gbarlogin2> by user <s174007> in cluster <dcc> at Sun Jan 13 21:42:29 2019
Job was executed on host(s) <n-62-21-8>, in queue <hpc>, as user <s174007> in cluster <dcc> at Sun Jan 13 21:42:30 2019
</zhome/b0/b/127184> was used as the home directory.
</zhome/b0/b/127184/Documents/Projects/machine-learning-on-materials> was used as the working directory.
Started at Sun Jan 13 21:42:30 2019
Terminated at Mon Jan 14 22:31:58 2019
Results reported at Mon Jan 14 22:31:58 2019

Your job looked like:

------------------------------------------------------------
# LSBATCH: User input
#!/bin/bash
##Kør på cpu
#BSUB -q hpc
##Navn på job
#BSUB -J minimize_batch_job_this_is_on_purpose_to_utilize_more_kernel
##Output fil
#BSUB -o output/minimize/gaussian_GP_compare_batchjobs-%J.out
##Antal kerner
#BSUB -n 1
##Om kernerne må være på forskellige computere
#BSUB -R "span[hosts=1]"
##Ram pr kerne
#BSUB -R "rusage[mem=10GB]"
##Hvor lang tid må den køre hh:mm
#BSUB -W 45:00
##Email når jobbet starter
##og stopper
module purge
module load python3
python3 KRR/minimizer.py gaussian 0.001 GP compare [10]
------------------------------------------------------------

Successfully completed.

Resource usage summary:

    CPU time :                                   89353.73 sec.
    Max Memory :                                 1094 MB
    Average Memory :                             742.27 MB
    Total Requested Memory :                     10240.00 MB
    Delta Memory :                               9146.00 MB
    Max Swap :                                   -
    Max Processes :                              4
    Max Threads :                                5
    Run time :                                   89368 sec.
    Turnaround time :                            89369 sec.

The output (if any) is above this job summary.

