Unloaded module: latex/TeXLive12
Loaded module: python3/3.6.2
[2.5]
[2.5]
1e-05, 2.5, 0.07608904690825041, 0.287248459685605

1e-05, 2.625, 0.07608931723619428, 0.28682275109275335

1.0500000000000001e-05, 2.5, 0.07608911348683826, 0.28724712745936465

1.0500000000000003e-05, 2.625, 0.07608940348430794, 0.28682107247360517

1.075e-05, 2.6875, 0.07608961875884807, 0.2866307947552127

1.0250000000000002e-05, 2.8125, 0.07608988415087528, 0.2862936278300642

1.0125000000000002e-05, 2.96875, 0.07609037759038989, 0.28593237902261315

1.0875000000000002e-05, 3.03125, 0.07609085749221069, 0.2857996846866211

1.13125e-05, 3.234375, 0.07609193909750582, 0.2854303467383636

1.0687500000000002e-05, 3.515625, 0.07609307472691497, 0.28502881137572816

1.0656250000000005e-05, 3.9296875, 0.07609530814353131, 0.28458632360889613

1.1843750000000003e-05, 4.1953125, 0.07609760371601178, 0.28436942204170657

1.2703125000000006e-05, 4.80859375, 0.07610153614721425, 0.28402046190007846

User defined signal 2

------------------------------------------------------------
Sender: LSF System <lsfadmin@n-62-23-35>
Subject: Job 1715164: <minimize_batch_job_this_is_on_purpose_to_utilize_more_kernel> in cluster <dcc> Exited

Job <minimize_batch_job_this_is_on_purpose_to_utilize_more_kernel> was submitted from host <gbarlogin2> by user <s174007> in cluster <dcc> at Fri Jan 11 10:40:58 2019
Job was executed on host(s) <n-62-23-35>, in queue <hpc>, as user <s174007> in cluster <dcc> at Fri Jan 11 10:40:59 2019
</zhome/b0/b/127184> was used as the home directory.
</zhome/b0/b/127184/Documents/Projects/machine-learning-on-materials> was used as the working directory.
Started at Fri Jan 11 10:40:59 2019
Terminated at Sun Jan 13 07:41:00 2019
Results reported at Sun Jan 13 07:41:00 2019

Your job looked like:

------------------------------------------------------------
# LSBATCH: User input
#!/bin/bash
##Kør på cpu
#BSUB -q hpc
##Navn på job
#BSUB -J minimize_batch_job_this_is_on_purpose_to_utilize_more_kernel
##Output fil
#BSUB -o output/minimize/gaussian_SimpleLarge_deep_batchjobs-%J.out
##Antal kerner
#BSUB -n 1
##Om kernerne må være på forskellige computere
#BSUB -R "span[hosts=1]"
##Ram pr kerne
#BSUB -R "rusage[mem=10GB]"
##Hvor lang tid må den køre hh:mm
#BSUB -W 45:00
##Email når jobbet starter
##og stopper
module purge
module load python3
python3 KRR/minimizer.py gaussian 1e-05 SimpleLarge deep [2.5]
------------------------------------------------------------

TERM_RUNLIMIT: job killed after reaching LSF run time limit.
Exited with exit code 140.

Resource usage summary:

    CPU time :                                   161989.00 sec.
    Max Memory :                                 7976 MB
    Average Memory :                             7752.99 MB
    Total Requested Memory :                     10240.00 MB
    Delta Memory :                               2264.00 MB
    Max Swap :                                   -
    Max Processes :                              4
    Max Threads :                                5
    Run time :                                   162023 sec.
    Turnaround time :                            162002 sec.

The output (if any) is above this job summary.

