Unloaded module: latex/TeXLive12
Loaded module: python3/3.6.2
[100]
[100.0]
1.0, 100.0, 0.5549377106091081, 0.5259930189973416

1.0, 105.0, 0.554990575397164, 0.526038177350447

1.05, 100.0, 0.5549648199300589, 0.5260160417118126

1.0499999999999998, 95.0, 0.5549063342410162, 0.525966075065052

1.0749999999999997, 90.0, 0.5548534235388836, 0.5259207977793225

1.0249999999999997, 90.0, 0.5548215633258802, 0.5258937287773984

1.0124999999999997, 85.0, 0.5547292873290919, 0.525814942284947

1.0874999999999995, 75.0, 0.5545775634097956, 0.525685066914864

1.1312499999999992, 62.5, 0.5542222619573975, 0.5253813201443679

1.0687499999999992, 57.5, 0.5539023675797052, 0.5251083301147168

1.065624999999999, 41.25, 0.5524005373690223, 0.5238256347713829

1.1843749999999984, 18.75, 0.5425851652571019, 0.5154481689071803

1.2703124999999975, -14.375, 0.5356903210114212, 0.5095715885240033

1.2046874999999972, -35.625, 0.551833183767478, 0.5233397392340581

1.4093749999999958, -91.25, 0.5550220660205817, 0.5260640323882164

1.151562499999998, 8.125, 0.49915209844402847, 0.47868806510118156

1.2171874999999983, 29.375, 0.5501989345542653, 0.5219437871539527

1.214062499999998, 13.125, 0.5311781734154206, 0.505736668452969

1.0953124999999986, 35.625, 0.5514721191503822, 0.5230325281602044

1.2265624999999978, -1.875, 0.33444721546116946, 0.35842494421356824

1.1640624999999978, -6.875, 0.4843110711599236, 0.46630061587440097

1.2390624999999975, -16.875, 0.540418745242491, 0.5135998634813559

1.173437499999998, 1.875, 0.33134607948012096, 0.35666199757556966

1.2359374999999981, 6.875, 0.4872914771279858, 0.46876994457340443

1.1820312499999979, -3.4375, 0.4045515115622777, 0.40322840368492574

1.217968749999998, 3.4375, 0.4065522462509595, 0.4047041444571803

1.191015624999998, -1.71875, 0.322642666640896, 0.3524723487669789

1.137890624999998, 2.03125, 0.33838892434532414, 0.36027979307284175

1.204394531249998, -0.8984375, 0.26613934409845263, 0.3449872974444896

1.2219726562499982, -4.4921875, 0.4396892494436803, 0.4300448922985845

1.1855712890624979, 0.283203125, 0.33620051883753704, 0.5703762403549592

1.197705078124998, -1.30859375, 0.2946597153490596, 0.34216707204787133

1.188916015624998, 0.48828125, 0.28088725685483396, 0.4405129435144532

1.213183593749998, -2.6953125, 0.3763964539829682, 0.3835108839984301

1.2071166992187479, -1.8994140625, 0.3347959577480347, 0.35854864503612077

1.1949829101562481, -0.3076171875, 0.3312135087357767, 0.5561818031105046

1.204083251953123, -1.50146484375, 0.3088733628138043, 0.3467160711031043

1.198016357421873, -0.70556640625, 0.25939846392530963, 0.36476387387757603

1.2025665283203106, -1.302490234375, 0.2945132453638289, 0.34219556954032937

1.1958770751953107, -1.712646484375, 0.32253865554707783, 0.35244553494327996

1.2022651672363263, -1.10198974609375, 0.2796833404828829, 0.34033452431083694

1.1974037170410137, -1.10809326171875, 0.27981455325924376, 0.34019762557693856

1.1948223114013654, -1.010894775390625, 0.272689056095601, 0.34101703137757167

1.2019638061523419, -0.9014892578125, 0.26614569425952966, 0.3447740482966785

1.198769760131834, -1.206817626953125, 0.2872000806356058, 0.34072821215619165

1.200899124145506, -1.003265380859375, 0.2725695691825084, 0.34131753521350344

1.199302101135252, -1.1559295654296875, 0.2834606418871707, 0.3403471811251777

1.200366783142088, -1.0541534423828125, 0.2761017949848939, 0.34055729660799455

1.1995682716369611, -1.1304855346679688, 0.2815992406927023, 0.3402647174771628

1.1947068214416485, -1.1365890502929688, 0.28173575451210836, 0.34014962998585635

User defined signal 2

------------------------------------------------------------
Sender: LSF System <lsfadmin@n-62-21-13>
Subject: Job 1735647: <minimize_batch_job_this_is_on_purpose_to_utilize_more_kernel> in cluster <dcc> Exited

Job <minimize_batch_job_this_is_on_purpose_to_utilize_more_kernel> was submitted from host <gbarlogin2> by user <s174007> in cluster <dcc> at Sun Jan 13 21:42:32 2019
Job was executed on host(s) <n-62-21-13>, in queue <hpc>, as user <s174007> in cluster <dcc> at Sun Jan 13 21:42:33 2019
</zhome/b0/b/127184> was used as the home directory.
</zhome/b0/b/127184/Documents/Projects/machine-learning-on-materials> was used as the working directory.
Started at Sun Jan 13 21:42:33 2019
Terminated at Tue Jan 15 18:42:19 2019
Results reported at Tue Jan 15 18:42:19 2019

Your job looked like:

------------------------------------------------------------
# LSBATCH: User input
#!/bin/bash
##Kør på cpu
#BSUB -q hpc
##Navn på job
#BSUB -J minimize_batch_job_this_is_on_purpose_to_utilize_more_kernel
##Output fil
#BSUB -o output/minimize/gaussian_SimpleLarge_compare_batchjobs-%J.out
##Antal kerner
#BSUB -n 1
##Om kernerne må være på forskellige computere
#BSUB -R "span[hosts=1]"
##Ram pr kerne
#BSUB -R "rusage[mem=10GB]"
##Hvor lang tid må den køre hh:mm
#BSUB -W 45:00
##Email når jobbet starter
##og stopper
module purge
module load python3
python3 KRR/minimizer.py gaussian 1 SimpleLarge compare [100]
------------------------------------------------------------

TERM_RUNLIMIT: job killed after reaching LSF run time limit.
Exited with exit code 140.

Resource usage summary:

    CPU time :                                   72656.00 sec.
    Max Memory :                                 5143 MB
    Average Memory :                             4838.73 MB
    Total Requested Memory :                     10240.00 MB
    Delta Memory :                               5097.00 MB
    Max Swap :                                   -
    Max Processes :                              4
    Max Threads :                                5
    Run time :                                   162007 sec.
    Turnaround time :                            161987 sec.

The output (if any) is above this job summary.

