Unloaded module: latex/TeXLive12
Loaded module: python3/3.6.2
[10]
[10.0]
1.0, 10.0, 0.5001573916113171, 0.4790374350866125

1.0, 10.5, 0.5041723197940664, 0.482449410031311

1.05, 10.0, 0.5022177459793202, 0.48078335022615687

1.0499999999999998, 9.5, 0.49788201967867, 0.477102326353187

1.0749999999999997, 9.0, 0.49414600670529024, 0.47393473846638084

1.0249999999999997, 9.0, 0.49192876232793825, 0.47206367990653403

1.0124999999999997, 8.5, 0.485876988735937, 0.46695816594077444

1.0874999999999995, 7.5, 0.4768572371026604, 0.45937796567482125

1.1312499999999992, 6.25, 0.4589420426535737, 0.44449683513233573

1.0687499999999992, 5.75, 0.4456066272709589, 0.4336044672302056

1.065624999999999, 4.125, 0.4041119586253843, 0.4011533618388228

1.1843749999999984, 1.875, 0.3174890498167187, 0.34737923771592333

1.2703124999999975, -1.4375, 0.29544030186231884, 0.3403701978316641

1.2046874999999972, -3.5625, 0.3940417737176352, 0.3937880924038218

1.4093749999999958, -9.125, 0.5068083312306872, 0.4846600136651357

1.151562499999998, 0.8125, 0.25327744115050294, 0.3566147079291507

1.2171874999999983, 2.9375, 0.3711268155563008, 0.3778650297570415

1.214062499999998, 1.3125, 0.2838618428210482, 0.3375430958290498

1.3328124999999975, -0.9375, 0.26950726691243476, 0.348528535469376

1.2874999999999976, -0.5, 0.2987988571214972, 0.46416464611545416

1.2421874999999978, -0.0625, 0.3823643302532297, 0.6512109864036215

1.182812499999998, 1.0625, 0.26587659420690546, 0.3390863150241523

1.1546874999999983, 2.4375, 0.34539341993438466, 0.36172799221983676

1.1765624999999982, 1.8125, 0.31335912480353983, 0.3455423975206659

1.220312499999998, 0.5625, 0.27722238974122565, 0.4282953630298771

1.1874999999999982, 1.5, 0.2945600802492024, 0.3390718642604355

1.2187499999999982, 1.75, 0.3121128410997323, 0.34529715940741096

1.191796874999998, 1.234375, 0.27730322401295265, 0.3368004151056022

1.2183593749999977, 1.046875, 0.2673650972019925, 0.3404553613899834

1.195214843749998, 1.38671875, 0.2876018292644787, 0.33767085136642355

1.2106445312499978, 1.16015625, 0.2737136983153291, 0.33778231472689335

1.1990722656249981, 1.330078125, 0.2840908435550715, 0.33725625360815703

1.1768066406249984, 1.251953125, 0.2774945224061532, 0.3363856454940053

User defined signal 2

------------------------------------------------------------
Sender: LSF System <lsfadmin@n-62-21-4>
Subject: Job 1715185: <minimize_batch_job_this_is_on_purpose_to_utilize_more_kernel> in cluster <dcc> Exited

Job <minimize_batch_job_this_is_on_purpose_to_utilize_more_kernel> was submitted from host <gbarlogin2> by user <s174007> in cluster <dcc> at Fri Jan 11 10:41:00 2019
Job was executed on host(s) <n-62-21-4>, in queue <hpc>, as user <s174007> in cluster <dcc> at Fri Jan 11 10:41:01 2019
</zhome/b0/b/127184> was used as the home directory.
</zhome/b0/b/127184/Documents/Projects/machine-learning-on-materials> was used as the working directory.
Started at Fri Jan 11 10:41:01 2019
Terminated at Sun Jan 13 07:41:07 2019
Results reported at Sun Jan 13 07:41:07 2019

Your job looked like:

------------------------------------------------------------
# LSBATCH: User input
#!/bin/bash
##Kør på cpu
#BSUB -q hpc
##Navn på job
#BSUB -J minimize_batch_job_this_is_on_purpose_to_utilize_more_kernel
##Output fil
#BSUB -o output/minimize/gaussian_SimpleLarge_default_batchjobs-%J.out
##Antal kerner
#BSUB -n 1
##Om kernerne må være på forskellige computere
#BSUB -R "span[hosts=1]"
##Ram pr kerne
#BSUB -R "rusage[mem=10GB]"
##Hvor lang tid må den køre hh:mm
#BSUB -W 45:00
##Email når jobbet starter
##og stopper
module purge
module load python3
python3 KRR/minimizer.py gaussian 1 SimpleLarge default [10]
------------------------------------------------------------

TERM_RUNLIMIT: job killed after reaching LSF run time limit.
Exited with exit code 140.

Resource usage summary:

    CPU time :                                   161984.00 sec.
    Max Memory :                                 6719 MB
    Average Memory :                             6431.26 MB
    Total Requested Memory :                     10240.00 MB
    Delta Memory :                               3521.00 MB
    Max Swap :                                   -
    Max Processes :                              4
    Max Threads :                                5
    Run time :                                   162010 sec.
    Turnaround time :                            162007 sec.

The output (if any) is above this job summary.

