Unloaded module: latex/TeXLive12
Loaded module: python3/3.6.2
[5]
[5.0]
0.01, 5.0, 0.10654699294700708, 0.286398779054602

0.01, 5.25, 0.10964916901340997, 0.28636105137388196

0.0105, 5.0, 0.10809182675893929, 0.2864647594849061

0.0095, 5.25, 0.10797521078264961, 0.2862827184475449

0.008999999999999998, 5.375, 0.10773504040554092, 0.28619305644692833

0.008999999999999996, 5.625, 0.11069347037341178, 0.28619402826856627

0.007999999999999995, 5.75, 0.10824178693216667, 0.2860103741151074

User defined signal 2

------------------------------------------------------------
Sender: LSF System <lsfadmin@n-62-21-21>
Subject: Job 1706405: <batch_job_this_is_on_purpose_to_utilize_more_kernel> in cluster <dcc> Exited

Job <batch_job_this_is_on_purpose_to_utilize_more_kernel> was submitted from host <gbarlogin2> by user <s173977> in cluster <dcc> at Thu Jan 10 14:23:52 2019
Job was executed on host(s) <n-62-21-21>, in queue <hpc>, as user <s173977> in cluster <dcc> at Thu Jan 10 14:23:54 2019
</zhome/e8/9/127123> was used as the home directory.
</zhome/e8/9/127123/machine-learning-on-materials> was used as the working directory.
Started at Thu Jan 10 14:23:54 2019
Terminated at Sat Jan 12 11:24:04 2019
Results reported at Sat Jan 12 11:24:04 2019

Your job looked like:

------------------------------------------------------------
# LSBATCH: User input
#!/bin/bash
##Kør på cpu
#BSUB -q hpc
##Navn på job
#BSUB -J batch_job_this_is_on_purpose_to_utilize_more_kernel
##Output fil
#BSUB -o output/minimize/gaussian_SimpleLarge_newest_batchjobs-%J.out
##Antal kerner
#BSUB -n 1
##Om kernerne må være på forskellige computere
#BSUB -R "span[hosts=1]"
##Ram pr kerne
#BSUB -R "rusage[mem=10GB]"
##Hvor lang tid må den køre hh:mm
#BSUB -W 45:00
##Email når jobbet starter
##og stopper
module purge
module load python3
python3 KRR/minimizer.py gaussian 0.01 SimpleLarge newest [5]
------------------------------------------------------------

TERM_RUNLIMIT: job killed after reaching LSF run time limit.
Exited with exit code 140.

Resource usage summary:

    CPU time :                                   160890.00 sec.
    Max Memory :                                 10155 MB
    Average Memory :                             9862.99 MB
    Total Requested Memory :                     10240.00 MB
    Delta Memory :                               85.00 MB
    Max Swap :                                   -
    Max Processes :                              4
    Max Threads :                                5
    Run time :                                   162030 sec.
    Turnaround time :                            162012 sec.

The output (if any) is above this job summary.

