Unloaded module: latex/TeXLive12
Loaded module: python3/3.6.2
[10]
[10.0]
1e-05, 10.0, 0.0761178824758248, 0.283272446418278

1e-05, 10.5, 0.07611991162079969, 0.2832501443853235

1.0500000000000001e-05, 10.0, 0.07611883657476178, 0.2832723947825043

1.0500000000000003e-05, 10.5, 0.0761210215336809, 0.2832490932624341

1.075e-05, 10.75, 0.07612281110468841, 0.2832369308900828

1.0250000000000002e-05, 11.25, 0.07612403742619472, 0.2832174108423462

1.0125000000000002e-05, 11.875, 0.07612704589241774, 0.2831925140912874

1.0875000000000002e-05, 12.125, 0.076131270167632, 0.283175621676603

1.13125e-05, 12.9375, 0.07613942728796622, 0.2831350132238425

1.0687500000000002e-05, 14.0625, 0.07614625040178777, 0.28309567817062087

1.0656250000000005e-05, 15.71875, 0.07616477018753974, 0.28302519370542667

1.1843750000000003e-05, 16.78125, 0.07619514923031129, 0.28294542537225953

1.2703125000000006e-05, 19.234375, 0.07627083493274041, 0.2827911642937066

1.204687500000001e-05, 22.015625, 0.07634969784768067, 0.28266709480155716

User defined signal 2

------------------------------------------------------------
Sender: LSF System <lsfadmin@n-62-23-35>
Subject: Job 1715163: <minimize_batch_job_this_is_on_purpose_to_utilize_more_kernel> in cluster <dcc> Exited

Job <minimize_batch_job_this_is_on_purpose_to_utilize_more_kernel> was submitted from host <gbarlogin2> by user <s174007> in cluster <dcc> at Fri Jan 11 10:40:58 2019
Job was executed on host(s) <n-62-23-35>, in queue <hpc>, as user <s174007> in cluster <dcc> at Fri Jan 11 10:40:59 2019
</zhome/b0/b/127184> was used as the home directory.
</zhome/b0/b/127184/Documents/Projects/machine-learning-on-materials> was used as the working directory.
Started at Fri Jan 11 10:40:59 2019
Terminated at Sun Jan 13 07:41:00 2019
Results reported at Sun Jan 13 07:41:00 2019

Your job looked like:

------------------------------------------------------------
# LSBATCH: User input
#!/bin/bash
##Kør på cpu
#BSUB -q hpc
##Navn på job
#BSUB -J minimize_batch_job_this_is_on_purpose_to_utilize_more_kernel
##Output fil
#BSUB -o output/minimize/gaussian_SimpleLarge_deep_batchjobs-%J.out
##Antal kerner
#BSUB -n 1
##Om kernerne må være på forskellige computere
#BSUB -R "span[hosts=1]"
##Ram pr kerne
#BSUB -R "rusage[mem=10GB]"
##Hvor lang tid må den køre hh:mm
#BSUB -W 45:00
##Email når jobbet starter
##og stopper
module purge
module load python3
python3 KRR/minimizer.py gaussian 1e-05 SimpleLarge deep [10]
------------------------------------------------------------

TERM_RUNLIMIT: job killed after reaching LSF run time limit.
Exited with exit code 140.

Resource usage summary:

    CPU time :                                   161969.00 sec.
    Max Memory :                                 8003 MB
    Average Memory :                             7780.01 MB
    Total Requested Memory :                     10240.00 MB
    Delta Memory :                               2237.00 MB
    Max Swap :                                   -
    Max Processes :                              4
    Max Threads :                                5
    Run time :                                   162023 sec.
    Turnaround time :                            162002 sec.

The output (if any) is above this job summary.

