Unloaded module: latex/TeXLive12
Loaded module: python3/3.6.2
[100]
[100.0]
1.0, 100.0, 0.5512259251472671, 0.522700045873066

1.0, 105.0, 0.5516159227594736, 0.5230435169792822

1.05, 100.0, 0.5514255813033025, 0.5228755167195155

1.0499999999999998, 95.0, 0.5509949636402125, 0.5224963382887708

1.0749999999999997, 90.0, 0.5506068070705619, 0.522154516012512

1.0249999999999997, 90.0, 0.5503739806585574, 0.5219500901264789

1.0124999999999997, 85.0, 0.5497020771108552, 0.5213594217291716

1.0874999999999995, 75.0, 0.5486061544037347, 0.5203960345238262

1.1312499999999992, 62.5, 0.5460838574490111, 0.5181845029490777

1.0687499999999992, 57.5, 0.5438636619352285, 0.5162447878267987

1.065624999999999, 41.25, 0.5340274840133362, 0.5077064956939017

1.1843749999999984, 18.75, 0.48629011257657306, 0.46743520778296527

1.2703124999999975, -14.375, 0.4631792123889404, 0.44847695553545197

1.2046874999999972, -35.625, 0.5305458798101588, 0.5047012698213708

1.4093749999999958, -91.25, 0.5518476583001117, 0.5232450872367775

1.151562499999998, 8.125, 0.3933247826472603, 0.3928692338406612

1.2171874999999983, 29.375, 0.5211308705300369, 0.4966412337743125

1.214062499999998, 13.125, 0.4507460816823343, 0.4384109793082222

1.0953124999999986, 35.625, 0.5283852074030821, 0.5028492773090676

1.2265624999999978, -1.875, 0.258721147664053, 0.32328230935096464

1.1640624999999978, -6.875, 0.37559593383687384, 0.3792838068241452

1.2390624999999975, -16.875, 0.47837177720445, 0.4609035214666164

1.173437499999998, 1.875, 0.2555629061001824, 0.3220119042609156

1.2359374999999981, 6.875, 0.3790676343328833, 0.38188429704628274

1.1820312499999979, -3.4375, 0.30596588996969915, 0.3328605056723045

1.217968749999998, 3.4375, 0.3077361076019944, 0.3338985394795101

1.191015624999998, -1.71875, 0.25193015665945073, 0.3259243589128437

1.208984374999998, 1.71875, 0.2530461908621554, 0.32634809178810936

1.195507812499998, -0.859375, 0.278698251220517, 0.44789667911455555

1.199999999999998, 0.0, nan, nan

1.182226562499998, 0.078125, 0.37352075427685866, 0.6493883766367916

1.1556640624999979, 1.953125, 0.2570473871213995, 0.3205327727067707

1.133496093749998, 2.9296875, 0.28854166780971413, 0.3245294178512701

1.1468749999999976, 3.75, 0.31256045839879487, 0.33637510064758885

1.1557128906249976, 2.83203125, 0.2866642802793044, 0.32397261036306624

1.173388671874998, 0.99609375, 0.25877661501624627, 0.40531149837412755

1.1601318359374977, 2.373046875, 0.271720854035162, 0.31996145229901896

1.1423583984374976, 2.451171875, 0.2733927728899043, 0.31995941709768316

1.1268188476562475, 2.7392578125, 0.2821220001904863, 0.3221222758810187

1.1468261718749977, 2.87109375, 0.28742338667024286, 0.3241896014229531

1.1534545898437478, 2.1826171875, 0.26477148575804915, 0.319294099180787

1.1356811523437478, 2.2607421875, 0.26645141021524793, 0.3189099403074548

1.123455810546873, 2.20458984375, 0.2637771644406051, 0.3185221428006858

1.1345520019531234, 1.93603515625, 0.2551827340943197, 0.32020466811644066

1.1404067993164042, 2.3223876953125, 0.26886106142594024, 0.31921847728339864

1.1104080200195294, 2.3443603515625, 0.26788252541718044, 0.3185148775846924

1.08888473510742, 2.42523193359375, 0.26941819164709324, 0.31835157673253256

1.0719337463378888, 2.30743408203125, 0.2642857620098709, 0.31733934823214155

1.0376972198486314, 2.299957275390625, 0.2618921066204391, 0.3163758134792428

1.0031261444091784, 2.520599365234375, 0.2674650022696763, 0.31656688159941604

0.9519386291503897, 2.39532470703125, 0.2596781247788653, 0.3142800107792432

0.8834655761718748, 2.38037109375, 0.25429648395600607, 0.31212535201177194

0.9180366516113279, 2.15972900390625, 0.2486620449612018, 0.31288680208207653

0.7638050079345713, 2.240142822265625, 0.23949519283687457, 0.3079746348956073

0.626858901977541, 2.210235595703125, 0.22531779493015572, 0.30318896331051653

0.592287826538088, 2.430877685546875, 0.23043811557517038, 0.3020461883865301

0.42941341400146804, 2.5664520263671875, 0.21550079217492432, 0.29533472723998033

0.17280673980713424, 2.3963165283203125, 0.15584185739448875, 0.28048789899126936

0.4639844894409211, 2.3458099365234375, 0.21149977459478642, 0.296432401394147

0.1382356643676812, 2.6169586181640625, 0.15271483539875574, 0.27764512267346936

0.2924673080444379, 2.5365447998046875, 0.19096163363909005, 0.2878787984513634

0.018575096130377555, 2.4767303466796875, 0.08664368794052173, 0.2701944892658224

0.1256060600280818, 2.4715805053710938, 0.14277666460015453, 0.2769770734708562

0.005945491790778162, 2.3313522338867188, 0.07788138611521589, 0.27126925096588794

0.06893317699432983, 2.4378108978271484, 0.11668375087131147, 0.2730768917261877

0.04059673547745384, 2.420926094055176, 0.10027565384979903, 0.27139997248373376

0.02642851471901585, 2.4124836921691895, 0.09110142037218684, 0.2708088270582223

0.03905811905861524, 2.557861804962158, 0.10222129157965053, 0.27054448732081354

0.031204700469976945, 2.6221084594726562, 0.09800629115294912, 0.26987431542677615

0.0335927933454575, 2.7269208431243896, 0.10180846947888497, 0.26964060222949376

0.013109770417219814, 2.645789384841919, 0.08428797089849992, 0.2694442926271933

0.0001355960965220976, 2.6897531747817993, 0.07610384612838907, 0.270334265216798

0.028127467632299757, 2.895979881286621, 0.10056806619569293, 0.2690201192424931

0.03290365338326086, 3.105604648590088, 0.10885116728538938, 0.2690538966402983

0.007644444704062073, 2.8148484230041504, 0.08093612483705655, 0.2693342490535182

0.022662141919142016, 3.0650389194488525, 0.0983494026347397, 0.2686295494613358

0.027438327670103117, 3.2746636867523193, 0.10683989413765799, 0.268707290214882

0.0431451648473797, 3.1461703777313232, 0.11854112406569589, 0.26978051186629104

0.016519624739891478, 2.8976789116859436, 0.0899361675462044, 0.2687916086557327

0.011054299026733737, 3.066737949848175, 0.08609616291538172, 0.2688120361598885

0.01532259117812524, 3.0240484327077866, 0.09023846898742363, 0.2686513460647046

0.02146510835737578, 3.1914084404706955, 0.09910549207426579, 0.2685196596752507

0.02393785016611793, 3.3382732048630714, 0.10421994695312951, 0.26855004508679586

0.028804659098392554, 3.2323989272117615, 0.10743866697655605, 0.26878296265653606

0.01869310815819207, 3.0761360563337803, 0.09444607481422392, 0.268567487124768

0.017496074596425833, 3.2025055773556232, 0.09487430504557968, 0.2684892800058896

0.014913040935067741, 3.2712389063090086, 0.09272712399016733, 0.26851523462713

0.02026807479560954, 3.3177779614925385, 0.09972372582395218, 0.2684585919463098

0.02105555811431828, 3.4385989140719175, 0.10253797790433422, 0.2684641292739923

0.016299041034659595, 3.328875098377466, 0.09514617631136647, 0.2684638578335454

0.019071041233843303, 3.4441474825143814, 0.10019341627205061, 0.26843472592572265

0.019858524552552034, 3.5649684350937605, 0.10302414707011423, 0.2684556793258758

0.02304007499479325, 3.4330503456294537, 0.10480056626498334, 0.26852067948573893

0.017984299524693007, 3.354918910190463, 0.09756042896299341, 0.26843973845533

0.01678726596292677, 3.481288431212306, 0.09781090431537816, 0.26844169270163887

0.01765746817109746, 3.440410813782364, 0.09836318576887375, 0.268433565308869

0.01874420988024776, 3.5296393861062825, 0.10104923912268836, 0.26843744554074517

0.018554232291359073, 3.4859592671273276, 0.10016032973811993, 0.2684330657784071

0.017140659228613228, 3.4822225983953103, 0.09828497717209402, 0.268437453234709

0.018588445732535784, 3.4536662614846136, 0.09973015451331957, 0.2684322867709201

0.019485209852797395, 3.499214714829577, 0.10154075019370883, 0.2684412121345996

0.018114403591522443, 3.4551117890441674, 0.09915236823487868, 0.2684318039374651

0.018148617032699155, 3.4228187834014534, 0.09873108171970094, 0.2684325199676926

0.018250020847364132, 3.438603904332922, 0.09908551284142755, 0.26843190517868354

0.017775978706350788, 3.4400494318924757, 0.09850826741590571, 0.2684329731108033

0.018385328975989535, 3.450262054086579, 0.09942470290697139, 0.2684318348577323

0.018249711720147842, 3.4667699387978246, 0.0994925632904316, 0.2684318449546704

0.018249789001951913, 3.459728430181599, 0.09939068335936624, 0.26843175755752813

0.01797886361748482, 3.464578165139187, 0.09911598745801242, 0.26843206825863103

0.01828371263636336, 3.453841081849731, 0.09934837473956644, 0.2684317449856531

0.01841909804679283, 3.4584577229871627, 0.09958657157130218, 0.26843191084643486

0.01819057720534004, 3.455948272529916, 0.0992609802543563, 0.2684317461807316

0.01822450083975148, 3.4500609241980484, 0.09921886359456045, 0.2684317499557083

0.01823082288030159, 3.452477800693936, 0.09926178107008107, 0.26843173838446954

0.018323958311324908, 3.450370610013751, 0.09934889705979022, 0.2684317739709357

0.018223922481836255, 3.454553856900875, 0.09928306136766149, 0.2684317364420163

0.018171032725774486, 3.4531905757450794, 0.09919642979685986, 0.26843175817070086

0.01825554265871614, 3.453678455323568, 0.0993104036055367, 0.26843173711671464

0.018248642260250802, 3.4557545115305075, 0.0993317142363821, 0.26843173784357943

0.0182441874152635, 3.454935333821365, 0.0993142240238717, 0.26843173611863713

0.018212567238383614, 3.4558107353986722, 0.09928685001863229, 0.268431739330237

0.018244798803633007, 3.454211525342344, 0.09930452704938489, 0.268431735816325

/zhome/b0/b/127184/Documents/Projects/machine-learning-on-materials/KRR/KRR_class.py:59: RuntimeWarning: invalid value encountered in double_scalars
  K[i,j]=np.exp(-np.square(np.linalg.norm(A[i]-B[j]))/(2*(sigma**2)))
/zhome/b0/b/127184/Documents/Projects/machine-learning-on-materials/KRR/KRR_class.py:59: RuntimeWarning: divide by zero encountered in double_scalars
  K[i,j]=np.exp(-np.square(np.linalg.norm(A[i]-B[j]))/(2*(sigma**2)))

------------------------------------------------------------
Sender: LSF System <lsfadmin@n-62-21-11>
Subject: Job 1735620: <minimize_batch_job_this_is_on_purpose_to_utilize_more_kernel> in cluster <dcc> Done

Job <minimize_batch_job_this_is_on_purpose_to_utilize_more_kernel> was submitted from host <gbarlogin2> by user <s174007> in cluster <dcc> at Sun Jan 13 21:42:30 2019
Job was executed on host(s) <n-62-21-11>, in queue <hpc>, as user <s174007> in cluster <dcc> at Sun Jan 13 21:42:30 2019
</zhome/b0/b/127184> was used as the home directory.
</zhome/b0/b/127184/Documents/Projects/machine-learning-on-materials> was used as the working directory.
Started at Sun Jan 13 21:42:30 2019
Terminated at Mon Jan 14 18:30:17 2019
Results reported at Mon Jan 14 18:30:17 2019

Your job looked like:

------------------------------------------------------------
# LSBATCH: User input
#!/bin/bash
##Kør på cpu
#BSUB -q hpc
##Navn på job
#BSUB -J minimize_batch_job_this_is_on_purpose_to_utilize_more_kernel
##Output fil
#BSUB -o output/minimize/gaussian_GP_compare_batchjobs-%J.out
##Antal kerner
#BSUB -n 1
##Om kernerne må være på forskellige computere
#BSUB -R "span[hosts=1]"
##Ram pr kerne
#BSUB -R "rusage[mem=10GB]"
##Hvor lang tid må den køre hh:mm
#BSUB -W 45:00
##Email når jobbet starter
##og stopper
module purge
module load python3
python3 KRR/minimizer.py gaussian 1 GP compare [100]
------------------------------------------------------------

Successfully completed.

Resource usage summary:

    CPU time :                                   74864.81 sec.
    Max Memory :                                 1030 MB
    Average Memory :                             749.96 MB
    Total Requested Memory :                     10240.00 MB
    Delta Memory :                               9210.00 MB
    Max Swap :                                   2 MB
    Max Processes :                              4
    Max Threads :                                5
    Run time :                                   74867 sec.
    Turnaround time :                            74867 sec.

The output (if any) is above this job summary.

