Unloaded module: latex/TeXLive12
Loaded module: python3/3.6.2
[100]
[100.0]
0.001, 100.0, 0.37788572954105243, 0.38392497438227247

0.001, 105.0, 0.38431824686375365, 0.3884143504781732

0.0010500000000000002, 100.0, 0.3811020882362366, 0.38615889570731665

0.0010500000000000002, 95.0, 0.37434038788877244, 0.3814882438352162

0.0010750000000000004, 90.0, 0.3687658530842074, 0.37771243598525167

0.0010250000000000003, 90.0, 0.365628004034611, 0.37561753470546705

0.0010125000000000004, 85.0, 0.35729022931374843, 0.3701602839601603

0.0010875000000000008, 75.0, 0.3455067852825745, 0.3627249499526343

0.0011312500000000012, 62.5, 0.3240303474002728, 0.3500305432966911

0.0010687500000000011, 57.5, 0.30919056115428684, 0.34191542604326175

0.0010656250000000015, 41.25, 0.26457185716694337, 0.3207941184783576

0.0011843750000000023, 18.75, 0.17112939413496825, 0.2929233064795017

0.0012703125000000032, -14.375, 0.14651829290233545, 0.2891831746264779

0.0012046875000000035, -35.625, 0.25316777426906295, 0.31619856048860023

0.0014093750000000052, -91.25, 0.3884356349759368, 0.391332890240646

0.0011515625000000024, 8.125, 0.09978760142946652, 0.28590285387756786

0.0012171875000000021, 29.375, 0.2283095542153125, 0.30733289489814347

0.0012140625000000025, 13.125, 0.13570137700861018, 0.2879724761088884

0.0010953125000000017, 35.625, 0.2468222602437951, 0.31378377349803677

0.0012265625000000028, -1.875, 0.07645036606915374, 0.2931102318202516

0.0011828125000000024, 10.625, 0.11723172174446359, 0.28651556115723814

0.0012109375000000028, -3.125, 0.07801896405228963, 0.2885632575161304

0.001123437500000002, 21.875, 0.18605916933718786, 0.29589461344771345

0.0011890625000000026, 3.125, 0.07796425518453243, 0.28857845983265545

0.0011671875000000024, 9.375, 0.108268309690237, 0.2860966145034229

0.0011812500000000026, 2.5, 0.07698623516446419, 0.290128259554946

0.0011375000000000022, 15.0, 0.1452636361921524, 0.28902186592724566

0.0011484375000000023, 11.875, 0.12468565131608342, 0.28700591889611216

0.0011703125000000025, 5.625, 0.0862010039731146, 0.2862799788464719

0.0011648437500000025, 7.1875, 0.09438651039429723, 0.285918586475649

0.0011492187500000027, 5.9375, 0.08743788680644023, 0.286174769778337

0.0011626953125000025, 8.515625, 0.10251531295431088, 0.28594204447899474

0.0011537109375000026, 6.796875, 0.0919760901435105, 0.2859663961103589

0.0011604492187500025, 8.0859375, 0.09973837391590083, 0.28590449176334914

0.0011471679687500025, 9.0234375, 0.10542173233707457, 0.28600472906913005

0.0011604248046875026, 7.646484375, 0.09703123529239069, 0.2858955785919055

0.0011515380859375025, 7.685546875, 0.09708912530247307, 0.28589312583307747

0.0011470825195312524, 7.4853515625, 0.09580446845350199, 0.2858978326987389

0.0011604003906250026, 7.20703125, 0.09442009842958005, 0.28591676111215836

0.0011537719726562525, 7.8955078125, 0.09841432573594891, 0.28589488379566796

0.0011448852539062524, 7.9345703125, 0.09846610309132248, 0.2858928861700178

0.0011371154785156275, 8.07861328125, 0.09918311784689278, 0.2858947892624189

0.0011426513671875024, 7.724609375, 0.09714454680557125, 0.28589070420144014

0.0011370910644531275, 7.63916015625, 0.09652083024821045, 0.28589095933818093

0.0011359985351562523, 7.9736328125, 0.09851532058001593, 0.2858908990307451

0.0011337646484375023, 7.763671875, 0.09719747538464653, 0.2858883110188761

0.0011282043457031274, 7.67822265625, 0.09657429322658473, 0.2858883549425776

User defined signal 2

------------------------------------------------------------
Sender: LSF System <lsfadmin@n-62-21-19>
Subject: Job 1735644: <minimize_batch_job_this_is_on_purpose_to_utilize_more_kernel> in cluster <dcc> Exited

Job <minimize_batch_job_this_is_on_purpose_to_utilize_more_kernel> was submitted from host <gbarlogin2> by user <s174007> in cluster <dcc> at Sun Jan 13 21:42:32 2019
Job was executed on host(s) <n-62-21-19>, in queue <hpc>, as user <s174007> in cluster <dcc> at Sun Jan 13 21:42:32 2019
</zhome/b0/b/127184> was used as the home directory.
</zhome/b0/b/127184/Documents/Projects/machine-learning-on-materials> was used as the working directory.
Started at Sun Jan 13 21:42:32 2019
Terminated at Tue Jan 15 18:42:46 2019
Results reported at Tue Jan 15 18:42:46 2019

Your job looked like:

------------------------------------------------------------
# LSBATCH: User input
#!/bin/bash
##Kør på cpu
#BSUB -q hpc
##Navn på job
#BSUB -J minimize_batch_job_this_is_on_purpose_to_utilize_more_kernel
##Output fil
#BSUB -o output/minimize/gaussian_SimpleLarge_compare_batchjobs-%J.out
##Antal kerner
#BSUB -n 1
##Om kernerne må være på forskellige computere
#BSUB -R "span[hosts=1]"
##Ram pr kerne
#BSUB -R "rusage[mem=10GB]"
##Hvor lang tid må den køre hh:mm
#BSUB -W 45:00
##Email når jobbet starter
##og stopper
module purge
module load python3
python3 KRR/minimizer.py gaussian 0.001 SimpleLarge compare [100]
------------------------------------------------------------

TERM_RUNLIMIT: job killed after reaching LSF run time limit.
Exited with exit code 140.

Resource usage summary:

    CPU time :                                   73253.00 sec.
    Max Memory :                                 5146 MB
    Average Memory :                             4841.15 MB
    Total Requested Memory :                     10240.00 MB
    Delta Memory :                               5094.00 MB
    Max Swap :                                   -
    Max Processes :                              4
    Max Threads :                                5
    Run time :                                   162025 sec.
    Turnaround time :                            162014 sec.

The output (if any) is above this job summary.

