Unloaded module: latex/TeXLive12
Loaded module: python3/3.6.2
[10]
[10.0]
1.0, 10.0, 0.4670205504086947, 0.45185968720377934

1.0, 10.5, 0.47234311293054027, 0.45623656341810737

1.05, 10.0, 0.469768527123118, 0.45411246707022346

1.0499999999999998, 9.5, 0.4640971756010321, 0.4494617940581999

1.0749999999999997, 9.0, 0.4593443363127891, 0.44558415778152166

1.0249999999999997, 9.0, 0.45651713143057754, 0.4432916302179998

1.0124999999999997, 8.5, 0.4490670065710387, 0.43728082998279444

1.0874999999999995, 7.5, 0.438482157447555, 0.4288471537397006

1.1312499999999992, 6.25, 0.4186079388478214, 0.4134366218033017

1.0687499999999992, 5.75, 0.40448252164212734, 0.4028701730596359

1.065624999999999, 4.125, 0.36342200632859795, 0.37470949281747906

1.1843749999999984, 1.875, 0.28463530353264777, 0.3403055687860009

User defined signal 2

------------------------------------------------------------
Sender: LSF System <lsfadmin@n-62-21-19>
Subject: Job 1715233: <minimize_batch_job_this_is_on_purpose_to_utilize_more_kernel> in cluster <dcc> Exited

Job <minimize_batch_job_this_is_on_purpose_to_utilize_more_kernel> was submitted from host <gbarlogin2> by user <s174007> in cluster <dcc> at Fri Jan 11 10:41:04 2019
Job was executed on host(s) <n-62-21-19>, in queue <hpc>, as user <s174007> in cluster <dcc> at Fri Jan 11 10:41:05 2019
</zhome/b0/b/127184> was used as the home directory.
</zhome/b0/b/127184/Documents/Projects/machine-learning-on-materials> was used as the working directory.
Started at Fri Jan 11 10:41:05 2019
Terminated at Sun Jan 13 07:41:21 2019
Results reported at Sun Jan 13 07:41:21 2019

Your job looked like:

------------------------------------------------------------
# LSBATCH: User input
#!/bin/bash
##Kør på cpu
#BSUB -q hpc
##Navn på job
#BSUB -J minimize_batch_job_this_is_on_purpose_to_utilize_more_kernel
##Output fil
#BSUB -o output/minimize/gaussian_SimpleLarge_newest_batchjobs-%J.out
##Antal kerner
#BSUB -n 1
##Om kernerne må være på forskellige computere
#BSUB -R "span[hosts=1]"
##Ram pr kerne
#BSUB -R "rusage[mem=10GB]"
##Hvor lang tid må den køre hh:mm
#BSUB -W 45:00
##Email når jobbet starter
##og stopper
module purge
module load python3
python3 KRR/minimizer.py gaussian 1 SimpleLarge newest [10]
------------------------------------------------------------

TERM_RUNLIMIT: job killed after reaching LSF run time limit.
Exited with exit code 140.

Resource usage summary:

    CPU time :                                   162001.00 sec.
    Max Memory :                                 10149 MB
    Average Memory :                             9863.83 MB
    Total Requested Memory :                     10240.00 MB
    Delta Memory :                               91.00 MB
    Max Swap :                                   -
    Max Processes :                              4
    Max Threads :                                5
    Run time :                                   162015 sec.
    Turnaround time :                            162017 sec.

The output (if any) is above this job summary.

