Unloaded module: latex/TeXLive12
Loaded module: python3/3.6.2
[2.5]
[2.5]
1e-05, 2.5, 0.07608831334653832, 0.2710599578443049

1e-05, 2.625, 0.07608833832322459, 0.26944856134786893

1.0500000000000001e-05, 2.5, 0.0760883187841581, 0.2710594942705361

1.0500000000000003e-05, 2.625, 0.0760883461249852, 0.2694479207307205

1.075e-05, 2.6875, 0.07608836790607353, 0.26881078825678123

1.0250000000000002e-05, 2.8125, 0.07608839862422483, 0.2678173199838991

1.0125000000000002e-05, 2.96875, 0.0760884610826337, 0.26699934610918163

1.0875000000000002e-05, 3.03125, 0.07608852592830227, 0.26677592455220894

1.13125e-05, 3.234375, 0.07608870524545004, 0.2663757590172452

1.0687500000000002e-05, 3.515625, 0.07608895290700664, 0.266402602528003

1.1875e-05, 3.78125, 0.07608953552844705, 0.2667823149867582

1.14375e-05, 3.578125, 0.07608912571303801, 0.2664639626974632

1.0562500000000003e-05, 3.171875, 0.07608860549105403, 0.2664558436049367

1.0781250000000001e-05, 3.2734375, 0.07608870320219424, 0.2663479346070629

1.140625e-05, 2.9921875, 0.07608852477134082, 0.2669063599298881

1.0867187500000002e-05, 3.384765625, 0.07608881973317609, 0.2663255881713647

1.0335937500000003e-05, 3.423828125, 0.07608881286799897, 0.26634135687474686

1.0421875000000004e-05, 3.53515625, 0.0760889475158522, 0.2664238580193633

1.0691406250000003e-05, 3.3388671875, 0.07608875779316877, 0.2663248298714371

1.1222656250000002e-05, 3.2998046875, 0.07608876139204165, 0.2663321714787023

1.10009765625e-05, 3.330810546875, 0.07608877493489691, 0.2663242767961517

1.0825195312500001e-05, 3.284912109375, 0.07608871688582848, 0.26634118830736847

1.0856689453125002e-05, 3.35980224609375, 0.07608879257239583, 0.2663229234173174

1.1166259765625e-05, 3.35174560546875, 0.07608881046836083, 0.2663211489276684

1.1403686523437497e-05, 3.358184814453125, 0.07608883796582441, 0.2663197094448381

1.1259399414062498e-05, 3.387176513671875, 0.07608885769621988, 0.2663236684698363

1.1194793701171874e-05, 3.3730850219726562, 0.07608883611421662, 0.2663218395347199

1.1741790771484367e-05, 3.3714675903320312, 0.07608888333684163, 0.2663184485195091

1.2184341430664046e-05, 3.377300262451172, 0.07608893129127896, 0.2663165274253573

1.2393234252929669e-05, 3.3624000549316406, 0.07608893175953794, 0.2663141477836488

1.2992454528808563e-05, 3.357057571411133, 0.07608898036039803, 0.2663107720520021

1.3773109436035112e-05, 3.3761730194091797, 0.07608908327904901, 0.2663073830592721

1.4957820892333918e-05, 3.385167121887207, 0.0760892191741137, 0.26630208146873885

1.5765933990478436e-05, 3.364924430847168, 0.07608926763959104, 0.2662960683322322

1.7556730270385632e-05, 3.358736515045166, 0.07608944548505839, 0.2662872230796246

1.9522096633910987e-05, 3.3868460655212402, 0.0760897317081768, 0.2662791191127277

2.2786917686462196e-05, 3.401740312576294, 0.07609016926854686, 0.2662665676762852

2.538582706451391e-05, 3.375309705734253, 0.0760904056498688, 0.266252569206825

3.059983015060391e-05, 3.370380997657776, 0.07609104002436225, 0.2662330087568449

3.583001756668047e-05, 3.413384795188904, 0.07609192434118266, 0.2662191596220945

4.496666121482789e-05, 3.4407089352607727, 0.07609331134843339, 0.26619932312916955

5.27795736789696e-05, 3.4093496203422546, 0.0760941228438636, 0.26617205771649693

6.77759016752233e-05, 3.413154274225235, 0.07609600531707413, 0.26614244891430283

8.214273273944728e-05, 3.483482211828232, 0.07609832708970085, 0.2661424537091425

0.0001049519731998427, 3.455927550792694, 0.07610056245453037, 0.2661017174891763

0.0001349446291923501, 3.463536858558655, 0.07610366588432685, 0.2660769675768591

0.00012057779812812612, 3.393208920955658, 0.07610145442516356, 0.2660764299348176

0.00013979533082246554, 3.348072275519371, 0.07610273525479773, 0.266069767014019

0.00020696405833959235, 3.398454859852791, 0.07610946263614829, 0.2660244526700505

0.00027655813667177686, 3.3911051526665688, 0.07611578842105399, 0.2660008092626796

0.0002814088383018923, 3.275640569627285, 0.076113892970742, 0.266056679443415

0.0004181716441512036, 3.3186734467744827, 0.07612838118383596, 0.2659972429687852

0.0005573598008155726, 3.3039740324020386, 0.07614444730317514, 0.2659901248869899

0.0005525090991854572, 3.4194386154413223, 0.0761499030495919, 0.26594760067728995

0.0006880592296272396, 3.491337638348341, 0.07617753575557175, 0.2659427114032194

0.0009688608937710353, 3.404206518083811, 0.07622562939823861, 0.265907825007149

0.0013150122723206645, 3.410757200792432, 0.07631396661535754, 0.26588246424788003

0.0014457117011323316, 3.5981208067387342, 0.07640913373239921, 0.26591190394177816

0.0020726647438257563, 3.517540369182825, 0.07662545425004069, 0.26582944180423806

0.002764967500925015, 3.530641734600067, 0.07696504553662423, 0.26578920442275944

0.002634268072113348, 3.3432781286537647, 0.07675220469960449, 0.2658684543553508

0.004084223300717699, 3.4631626624614, 0.07762744068471393, 0.2657547073972233

0.005468828814916216, 3.489365393295884, 0.07858133142139478, 0.26572338350328195

0.005599528243727884, 3.6767289992421865, 0.07915786606713554, 0.2656936805803255

0.0070821583295351525, 3.8434544345363975, 0.0810595390362489, 0.2657158026265951

0.008303389557719086, 3.6354526579380035, 0.0813438948031766, 0.2656890900901027

0.01107260058611612, 3.6878581196069717, 0.08420443996368535, 0.26576039805829343

0.008434088986530752, 3.822816263884306, 0.08232813052111931, 0.265705480091453

0.007692773943627119, 3.7394535462372005, 0.08122859756480252, 0.2656826159377311

0.01039663525761832, 3.6981772049330175, 0.08361264531555572, 0.2657343041531098

0.006798804997200493, 3.6820910506648943, 0.08019490033809511, 0.2656774152629414

0.006188189383108526, 3.7860919389640912, 0.07999703519028115, 0.2657095895709078

0.007774589514066446, 3.6731124781945255, 0.08102940009250029, 0.26567878163129877

0.006880620567639819, 3.6157499826222192, 0.08003486148582364, 0.2656796673994248

0.007083658911636645, 3.6466758735259646, 0.08031683616360494, 0.2656767361125022

0.006107874394770693, 3.6556544459963334, 0.07951810444563233, 0.2656822964179478

0.0073579107342425076, 3.6687479701449774, 0.08063927397122686, 0.26567651822980237

0.007642764648678661, 3.6333327930060477, 0.08075201692516097, 0.26568099620243346

0.007009794910070035, 3.6699014862501826, 0.08033656516605606, 0.2656762141316345

0.007284046732675897, 3.6919735828691955, 0.08066223850093074, 0.2656768824249508

0.007133755866896458, 3.6580003008617723, 0.08040165324566949, 0.2656762806937091

0.006785640042723985, 3.6591538169669775, 0.08010377920383918, 0.2656767172764775

0.007214843061362877, 3.6663494318504775, 0.08050370867273754, 0.265676213007097

0.007090882104536454, 3.678250617238888, 0.08043840578670879, 0.26567630862781105

0.007123037426306457, 3.663062879956051, 0.0804108770001056, 0.2656761606904304

0.007328085577599298, 3.659510825556346, 0.08057766043359636, 0.265676665655755

0.0070893675769523505, 3.6673038210767235, 0.08039690813756492, 0.26567612716335154

0.00699756194189593, 3.664017269182297, 0.08030466250131008, 0.2656761940563856

0.007051882221762667, 3.6646003098493427, 0.08035421440671046, 0.26567614565203745

0.007018212372408561, 3.668841250970015, 0.08034010948829126, 0.26567618929292885

0.007096831162831983, 3.664507472709542, 0.08039321846002913, 0.265676136576216

0.007134316518021666, 3.667210983936923, 0.08043604376800569, 0.2656761309974327

0.007126852932142034, 3.6700073323041043, 0.08043979097885899, 0.2656761338125024

0.007119347489814522, 3.6686323674054635, 0.08042812049495437, 0.26567612735752066

0.007074398548745207, 3.6687252045452636, 0.08038896548451681, 0.26567613762859493

0.007119337025702551, 3.667589539089008, 0.08042427360918383, 0.26567612631721294

0.007089357112840379, 3.6662609927602676, 0.08039308363488151, 0.26567612788609096

0.007111849895570986, 3.6680395237441648, 0.08041934904609928, 0.2656761258075269


------------------------------------------------------------
Sender: LSF System <lsfadmin@n-62-28-30>
Subject: Job 1715152: <minimize_batch_job_this_is_on_purpose_to_utilize_more_kernel> in cluster <dcc> Done

Job <minimize_batch_job_this_is_on_purpose_to_utilize_more_kernel> was submitted from host <gbarlogin2> by user <s174007> in cluster <dcc> at Fri Jan 11 10:40:57 2019
Job was executed on host(s) <n-62-28-30>, in queue <hpc>, as user <s174007> in cluster <dcc> at Fri Jan 11 10:40:58 2019
</zhome/b0/b/127184> was used as the home directory.
</zhome/b0/b/127184/Documents/Projects/machine-learning-on-materials> was used as the working directory.
Started at Fri Jan 11 10:40:58 2019
Terminated at Sat Jan 12 10:59:13 2019
Results reported at Sat Jan 12 10:59:13 2019

Your job looked like:

------------------------------------------------------------
# LSBATCH: User input
#!/bin/bash
##Kør på cpu
#BSUB -q hpc
##Navn på job
#BSUB -J minimize_batch_job_this_is_on_purpose_to_utilize_more_kernel
##Output fil
#BSUB -o output/minimize/gaussian_GP_deep_batchjobs-%J.out
##Antal kerner
#BSUB -n 1
##Om kernerne må være på forskellige computere
#BSUB -R "span[hosts=1]"
##Ram pr kerne
#BSUB -R "rusage[mem=10GB]"
##Hvor lang tid må den køre hh:mm
#BSUB -W 45:00
##Email når jobbet starter
##og stopper
module purge
module load python3
python3 KRR/minimizer.py gaussian 1e-05 GP deep [2.5]
------------------------------------------------------------

Successfully completed.

Resource usage summary:

    CPU time :                                   87494.59 sec.
    Max Memory :                                 1490 MB
    Average Memory :                             1206.45 MB
    Total Requested Memory :                     10240.00 MB
    Delta Memory :                               8750.00 MB
    Max Swap :                                   -
    Max Processes :                              4
    Max Threads :                                5
    Run time :                                   87495 sec.
    Turnaround time :                            87496 sec.

The output (if any) is above this job summary.

