Unloaded module: latex/TeXLive12
Loaded module: python3/3.6.2
[10]
[10.0]
0.001, 10.0, 0.07610445825537483, 0.2767129215676155

0.001, 10.5, 0.07610596808394374, 0.2765270550985089

0.0010500000000000002, 10.0, 0.07610610566821335, 0.2767145024762756

0.0009499999999999999, 10.5, 0.07610425367471237, 0.276525418622071

0.0008999999999999998, 10.75, 0.07610325866648167, 0.27643789449563544

0.0008999999999999998, 11.25, 0.07610456626929134, 0.2762786106920919

0.0008499999999999996, 11.875, 0.07610434471348046, 0.27609825394596643

0.0007499999999999994, 12.125, 0.07610129783196695, 0.27602879412407916

0.0006249999999999988, 12.9375, 0.07609849749793655, 0.27582896338195356

0.0005749999999999987, 14.0625, 0.07609839684332335, 0.2755966422719073

0.00041249999999999794, 15.71875, 0.07609471536816094, 0.27531470493587035

0.00018749999999999713, 16.78125, 0.07608977623419862, 0.2751585703192463

-0.00014375000000000412, 19.234375, 0.07608942644174578, 0.2748698571197379

-0.000356250000000005, 22.015625, 0.07609763431510902, 0.27462555945449985

-0.0008468750000000069, 26.5546875, 0.07616607550454953, 0.27432720852534337

-0.001403125000000009, 30.0703125, 0.07636833539707648, 0.2741493494738606

-0.0023109375000000126, 37.24609375, 0.07732043172270427, 0.2739192586787138

-0.0030140625000000154, 44.56640625, 0.07929930489496913, 0.27384164252957094

-0.004449218750000021, 57.232421875, 0.09136034398332633, 0.2744735802834848

-0.00447812500000002, 55.2578125, 0.091986583736315, 0.27444303076671045

-0.0017546875000000104, 33.73046875, 0.07665030767342766, 0.27401411076386095

-0.003570312500000017, 48.08203125, 0.0816586352544588, 0.2739132334080401

-0.00427343750000002, 55.40234375, 23.05601071314021, 2.833122793793696

-0.0028015625000000145, 41.78515625, 0.07846721983832551, 0.27385510276942887

-0.002245312500000013, 38.26953125, 0.07731462608550624, 0.2738955902193177

-0.002576562500000014, 40.72265625, 0.07796581415515211, 0.2738586030104384

-0.003239062500000016, 45.62890625, 0.0800579057916014, 0.2738615424582131

-0.0027421875000000146, 41.94921875, 0.07837784771426906, 0.27384882895722834

-0.002954687500000016, 44.73046875, 0.07918576198965929, 0.2738338993692269

-0.0030312500000000157, 46.203125, 0.07960690970675297, 0.2738306489405725

-0.003303125000000017, 48.8203125, 0.08091184073971044, 0.27386140144840254

-0.002882421875000015, 43.6669921875, 0.07887211514024234, 0.27383782282413516

-0.002899609375000016, 45.3037109375, 0.07914312089791303, 0.2738229585492049

-0.0028423828125000153, 45.67236328125, 0.07906361946911848, 0.27381376788289224

-0.0029912109375000158, 48.20849609375, 0.07983851824909075, 0.2738133339510536

-0.003045605468750017, 50.479248046875, 0.08041257640983432, 0.2738132805500672

-0.0028567382812500165, 49.948486328125, 0.0797473133660048, 0.27378593900841686

-0.002769482421875016, 51.8211669921875, 0.07979087124339153, 0.2737652112323211

-0.0029727050781250177, 56.6280517578125, 0.0813879843757257, 0.2737996475801153

-0.0026965820312500168, 57.969970703125, 0.08056135546013966, 0.27374091477607365

-0.0025220703125000167, 61.71533203125, 0.08051117441211245, 0.2737055388223058

-0.002318847656250015, 56.908447265625, 0.0791531532422467, 0.2736804057997573

-0.0019919189453125145, 57.04864501953125, 0.07829659627583016, 0.2736437131212128

-0.0017445068359375152, 66.94281005859375, 0.0784228278767192, 0.27356647915577215

-0.0012320190429687648, 74.50363159179688, 0.07747312107432565, 0.2734886593675406

-0.0007018676757812627, 69.83694458007812, 0.07645916177379014, 0.27351828303453474

5.803222656248705e-05, 87.29193115234375, 0.07609190049802592, 0.27350479934909616

-0.0004721191406250151, 91.9586181640625, 0.07637533032670867, 0.2734123300813267

-0.00035724487304689134, 103.01945495605469, 0.07629217693439924, 0.27338132382207886

-0.0016472961425781432, 90.23115539550781, 0.08004449966515068, 0.27352203926013496

-0.0003682998657226705, 88.02673721313477, 0.07624587325969864, 0.27343901723057584

0.000506474304199203, 116.54256057739258, 0.07654357290467594, 0.27355831706718775

-0.0007973957061767729, 85.0133638381958, 0.07681496195957431, 0.27342880704234057

-0.0007863407135009937, 100.00608158111572, 0.07707958905011299, 0.27337395668463343

-0.0009953611373901554, 105.9957537651062, 0.07794535991908495, 0.2733767795990188

-0.00034618988037111217, 118.01217269897461, 0.07634058260522508, 0.2733381789522675

-0.00012058696746828192, 134.511577129364, 0.07612655324682346, 0.2733357458359771

-0.0005496828079223843, 131.49820375442505, 0.07691485157866403, 0.27329753091960696

-0.0006459017753601306, 145.73757815361023, 0.07753551853200359, 0.273284494699756

1.9851970672581142e-05, 180.24307370185852, 0.07609006298985048, 0.27331141844088785

-0.0005054628372192676, 191.46907472610474, 0.07762051332236704, 0.2732360869219321

-0.0006979007720947604, 219.9478235244751, 0.0803011889977935, 0.2733368959108031

-0.0011712165832519794, 156.96357917785645, 0.08249069617025105, 0.27352035483523757

-0.000277915167808559, 174.423200070858, 0.07644603694111922, 0.2732457178581281

-0.00013747622966769598, 220.1546966433525, 0.07622378173970545, 0.2732248521391594

0.00011673654317852136, 257.36325588822365, 0.0762104032407011, 0.27332018816414394

-0.00036502389907840457, 237.20057129859924, 0.07729397483197652, 0.2731969035750848

-0.00040857826471332737, 268.58925691246986, 0.07809341151715087, 0.2732057662564445

2.962708473167085e-06, 265.886193215847, 0.07608834542602837, 0.27324891018006864

-0.0003783564507961589, 210.0733543485403, 0.07709429294540783, 0.2732103607364769

-0.0006059041202068675, 227.11922900378704, 0.07938614706742622, 0.2732841198660887

-0.00025458320230248885, 221.89582973346114, 0.07657906508236077, 0.27320309301065643

-0.00024125065058473445, 249.02304668352008, 0.07664591704442901, 0.2731865701045377

-0.00017269775047902222, 268.49789285100996, 0.07641361840137882, 0.273184182440139

-0.000283138447254938, 283.80263441614807, 0.07711595304795092, 0.27317237365067015

-0.0002974160697311626, 314.75603675749153, 0.07751060747264135, 0.2731700497352668

-0.00010508992113178022, 346.05335830990225, 0.07628520147373472, 0.27316644506536375

2.4877067841531952e-05, 400.47975181555375, 0.07610205880112011, 0.2732276889774723

-0.00022980824038392058, 392.3115022163838, 0.07739934670074489, 0.273147925261245

-0.0002583634853363698, 454.21830689907074, 0.07840330664436852, 0.27317173586872184

-3.7482091784538226e-05, 423.60882376879454, 0.07612465431973817, 0.2731755675105886

-0.0002324325752445065, 341.9692335103173, 0.07709158225340483, 0.27315352070698967

-0.0003571508944966468, 388.22737741679884, 0.0794329408455922, 0.27323128144469855

-0.00016810516447299687, 356.5968630866264, 0.07664236462309887, 0.27314893012009706

-0.000165480829612411, 406.93913179269293, 0.07679490492430344, 0.27313705242666403

-0.00013200495679636324, 439.42408093388076, 0.07660517810568687, 0.27313310636075333

-0.00019370803270728695, 475.1387200636382, 0.07745765039370149, 0.27313575500055626

-9.590474911972958e-05, 522.2512987811351, 0.07646893958640331, 0.27312544388399523

-2.8953003487634083e-05, 587.2211970635108, 0.07613001772435066, 0.2731532051014549

-3.4201673208805874e-05, 486.5366596513777, 0.07612826099884304, 0.2731648132101213

-0.0001538314428326667, 477.98820496057306, 0.07693815193065921, 0.2731262097418063

-0.00011773123515603303, 560.8154228078274, 0.07676555181124796, 0.27311626741570993

-0.00011059437433586796, 621.5110937448007, 0.07682508609800623, 0.2731108280927588

-5.266768062293085e-05, 665.7741875653628, 0.07627061943015823, 0.27312438590864413

-6.735730583906922e-05, 765.0339825290284, 0.07649170701376157, 0.2731058058931541

-5.3083584198739073e-05, 886.4253244029751, 0.07642234476487393, 0.2731028628799644

-0.00011101027791167618, 842.162230582413, 0.07750233429112194, 0.27310888393815547

-5.34994877745473e-05, 1107.0764612405874, 0.07662705535998574, 0.2730902571800192

-2.4952044493886942e-05, 1349.8591449884807, 0.07625598216967634, 0.27310207443236767

4.427205938389812e-06, 1151.3395550611494, 0.0760918872277691, 0.2731659397683543

-8.215090694915969e-05, 919.4565617020971, 0.07698647585725915, 0.27309569765177805

-8.25668105249679e-05, 1140.1076985397094, 0.07752270336186129, 0.27309997423724014

-7.519600394341069e-05, 1076.6871050055258, 0.07712844433117956, 0.273092696316448

-4.654458476879829e-05, 1264.3070045440163, 0.07661974687498728, 0.27308689511300516

-2.8741423678617595e-05, 1436.732225964976, 0.07634319499715331, 0.2730936642433142

-2.48480685999349e-05, 1294.6963607790778, 0.07624093707938961, 0.2731046452743482

-6.260902010754174e-05, 1131.189418948914, 0.07687210868428185, 0.27308861187834366

-5.565411710179273e-05, 1288.4199622523429, 0.0768927164304029, 0.27308539220898753

-5.6731431765415436e-05, 1379.0917127582206, 0.07705533237212905, 0.2730853736506624

-4.066699642667199e-05, 1512.209298353323, 0.07667088626886592, 0.2730822463696845

-2.9695984586237105e-05, 1702.7192380555275, 0.07647573491747954, 0.27308402215316857

-5.085384342328913e-05, 1626.9940065675273, 0.07717699435214022, 0.2730839018794737

-3.4789408084545683e-05, 1760.1115921626297, 0.07666559094638899, 0.2730794282040961

-2.3818396244110814e-05, 1950.6215318648337, 0.07641337618474592, 0.27308417091273535

-2.460256108792854e-05, 1645.3268839484253, 0.07633290984768269, 0.27309159603929734

-4.429102283944899e-05, 1631.5772259127518, 0.0769057782860055, 0.273080449939713

-3.841343449732268e-05, 1879.4795197220583, 0.07690408310120421, 0.27307795555425723

-3.728665353264804e-05, 2063.114630406426, 0.07702100915617917, 0.2730775678599701

-2.7785038777744734e-05, 2191.648996656304, 0.07665884748425564, 0.2730760512057514

-1.95320467468926e-05, 2471.6848820280798, 0.07644018446939894, 0.27307967541301925

-3.0282284225847088e-05, 2494.6520349001003, 0.07698579278016784, 0.2730746045327009

-2.8028722296497796e-05, 2861.9222562688356, 0.07710731667931295, 0.27307461093196894

-2.0780669470943784e-05, 2623.1864011499783, 0.07654111030202712, 0.2730757656966875

-2.3277914919046138e-05, 2926.1894393937746, 0.07680980841699728, 0.2730717794638282

-2.1024352989696847e-05, 3293.45966076251, 0.07683510622961273, 0.2730706442002791

-3.052596774460015e-05, 3164.925294512632, 0.07760364740253901, 0.2730852182167803

-2.3216994039357876e-05, 2758.6211244906417, 0.0767223310045657, 0.2730726308968296

-1.3959062803207635e-05, 3557.4287503530513, 0.07646130654699129, 0.2730750487673804

-2.6201478870187226e-05, 2760.346213763338, 0.07690692489536474, 0.2730727583891045

-1.8039868158867496e-05, 3291.734571489814, 0.07662950641781986, 0.2730717157556658

-1.5847227109206467e-05, 3826.573107761682, 0.07665370824813907, 0.2730700987685487

-1.2162343644130767e-05, 4360.549099397202, 0.0765158629551548, 0.2730717218673854

-1.8831711940035818e-05, 3828.298197034378, 0.07690128093701667, 0.27306962031428816

-1.922763383061998e-05, 4096.580009806659, 0.07706854807792013, 0.27307081228669106

-1.3654586059545438e-05, 4361.41164403355, 0.07663270253694196, 0.27306937421210176

-9.969702594469731e-06, 4895.387635669071, 0.07644810584201675, 0.2730731630743957

-1.663907089037479e-05, 4363.136733306246, 0.0769132998819693, 0.2730687148310107

-1.703499278095895e-05, 4631.418546078528, 0.07707190186375933, 0.2730699964147808

-1.146194500988441e-05, 4896.250180305419, 0.07656926122624952, 0.273069673435313

-1.6989270207497967e-05, 4095.2861928521384, 0.07684261768621722, 0.27306883597199316

-1.9973755038327318e-05, 4097.011282124834, 0.07715123013568063, 0.2730721082829886

-1.5234378304240908e-05, 4295.311553556371, 0.07675138984866935, 0.27306850716494

-1.4884178987117731e-05, 4563.16209401048, 0.0768053047785742, 0.27306800781850743

-1.3831633376927617e-05, 4797.100044589651, 0.07677098090650761, 0.27306770577332407

-1.2426940790793738e-05, 4729.274864839776, 0.07661784989035292, 0.27306903655114584

-1.5586038365479524e-05, 4454.671266189629, 0.07683928567028243, 0.27306822192175434

-1.4183293438166233e-05, 4956.4597572229095, 0.0768591633101617, 0.2730675862564681

-1.3657751005128892e-05, 5287.033859056179, 0.0769039434458441, 0.2730674245915126

-1.1903346016576985e-05, 5629.462637456201, 0.07678523664004631, 0.2730667372570331

-1.0061999842125716e-05, 6216.858323089487, 0.07669158619789272, 0.27306663213196386

-9.888117470326991e-06, 6706.792137556015, 0.07677018213211792, 0.27306588171086493

-7.91635951702668e-06, 7661.638184039197, 0.07665382555008146, 0.27306606600886757

-6.2923663073238156e-06, 7636.616601589323, 0.07643665700347291, 0.27307134575959424

-1.1816404830677624e-05, 5874.429544689465, 0.07683885964163155, 0.27306655385861645

-1.1642522458878899e-05, 6364.363359155992, 0.07694955946248355, 0.27306678440999743

-1.0457130496314013e-05, 6253.7345821061135, 0.076750461373671, 0.2730662672004333

-8.52884313596338e-06, 7086.097174972663, 0.07664963099150185, 0.27306644162128796

-9.350733559641941e-06, 6783.180267401864, 0.07670935481015434, 0.27306608804816374

-8.78172053365492e-06, 7236.237822851766, 0.07671178787481403, 0.27306578814679605

-7.944015552325375e-06, 7727.489443224593, 0.07666825125187315, 0.2730658759686139

-9.31910444433997e-06, 7159.849693005917, 0.07677896355671994, 0.27306557700919826

-9.303289886688983e-06, 7348.184405807944, 0.07681508909829081, 0.2730654619751716

-8.196892950016911e-06, 7877.630091103695, 0.0767330512404559, 0.2730653237424117

-7.351280689861871e-06, 8463.049067877537, 0.07668470876202016, 0.27306537475466286

-8.718462303050974e-06, 7989.576674059874, 0.07684432983369324, 0.2730651843832484

-8.686833187749003e-06, 8366.246099663927, 0.07691502617326443, 0.2730653614209788

-7.612065366378903e-06, 8519.022359355626, 0.07673881874065591, 0.27306500370966613

-6.766453106223863e-06, 9104.441336129465, 0.07667254059545815, 0.27306523071341016

-8.133634719412966e-06, 8630.968942311803, 0.07685680877731227, 0.2730649397521827

-8.102005604110991e-06, 9007.638367915859, 0.0769223213705454, 0.2730651522361642

-7.027237782740894e-06, 9160.414627607555, 0.07672886121734732, 0.27306479703671394

-6.181625522585854e-06, 9745.833604381398, 0.07664589488675742, 0.27306529962894166

-7.548807135774957e-06, 9272.361210563733, 0.07685206245423415, 0.27306467710481064

-7.517178020472986e-06, 9649.030636167787, 0.07691158651845652, 0.27306485051043

-6.4424101991028855e-06, 9801.806895859485, 0.0767035746766665, 0.27306472995842596

-6.963979552136948e-06, 9913.753478815663, 0.07683026681866181, 0.273064403612224

-6.932350436834974e-06, 10290.422904419716, 0.0768832070408931, 0.27306448303202135

-8.07037648880902e-06, 9384.30779351991, 0.07699020219576685, 0.2730656278362739

-6.849401771529419e-06, 9697.432120274592, 0.07677238324559642, 0.2730644638747115

-6.26457418789141e-06, 10338.824388526522, 0.07673713737671632, 0.27306437558189556

-5.622457713949636e-06, 10872.055977507916, 0.07666310065853209, 0.27306477646809074

-6.379151968498939e-06, 10555.145747067592, 0.07679223453865237, 0.2730641841333393

User defined signal 2

------------------------------------------------------------
Sender: LSF System <lsfadmin@n-62-21-17>
Subject: Job 1710022: <minimize_batch_job_this_is_on_purpose_to_utilize_more_kernel> in cluster <dcc> Exited

Job <minimize_batch_job_this_is_on_purpose_to_utilize_more_kernel> was submitted from host <gbarlogin2> by user <s174007> in cluster <dcc> at Thu Jan 10 21:24:56 2019
Job was executed on host(s) <n-62-21-17>, in queue <hpc>, as user <s174007> in cluster <dcc> at Thu Jan 10 21:24:57 2019
</zhome/b0/b/127184> was used as the home directory.
</zhome/b0/b/127184/Documents/Projects/machine-learning-on-materials> was used as the working directory.
Started at Thu Jan 10 21:24:57 2019
Terminated at Sat Jan 12 18:25:34 2019
Results reported at Sat Jan 12 18:25:34 2019

Your job looked like:

------------------------------------------------------------
# LSBATCH: User input
#!/bin/bash
##Kør på cpu
#BSUB -q hpc
##Navn på job
#BSUB -J minimize_batch_job_this_is_on_purpose_to_utilize_more_kernel
##Output fil
#BSUB -o output/minimize/laplacian_GP_deep_batchjobs-%J.out
##Antal kerner
#BSUB -n 1
##Om kernerne må være på forskellige computere
#BSUB -R "span[hosts=1]"
##Ram pr kerne
#BSUB -R "rusage[mem=10GB]"
##Hvor lang tid må den køre hh:mm
#BSUB -W 45:00
##Email når jobbet starter
##og stopper
module purge
module load python3
python3 KRR/minimizer.py laplacian 0.001 GP deep [10]
------------------------------------------------------------

TERM_RUNLIMIT: job killed after reaching LSF run time limit.
Exited with exit code 140.

Resource usage summary:

    CPU time :                                   161983.00 sec.
    Max Memory :                                 1552 MB
    Average Memory :                             1205.37 MB
    Total Requested Memory :                     10240.00 MB
    Delta Memory :                               8688.00 MB
    Max Swap :                                   -
    Max Processes :                              4
    Max Threads :                                5
    Run time :                                   162007 sec.
    Turnaround time :                            162038 sec.

The output (if any) is above this job summary.

