Unloaded module: latex/TeXLive12
Loaded module: python3/3.6.2
[5]
[5.0]
0.01, 5.0, 0.07730011485903153, 0.2803327392493478

0.01, 5.25, 0.07740469681905436, 0.28014748925694005

0.0105, 5.0, 0.07741531795584244, 0.2803477215344955

0.0095, 5.25, 0.07728480809449963, 0.28013211580075276

0.008999999999999998, 5.375, 0.07721428954410195, 0.28003138125071964

0.008999999999999996, 5.625, 0.07730552386305586, 0.27987308073173184

0.008499999999999994, 5.9375, 0.0772891216766234, 0.27968055340096226

0.007499999999999991, 6.0625, 0.07707336728517596, 0.2795835577127397

0.006249999999999988, 6.46875, 0.07687104416262144, 0.27935126101390717

0.005749999999999984, 7.03125, 0.07686309571803368, 0.27910688036085574

0.004124999999999976, 7.859375, 0.07659119533576031, 0.2787842510188248

0.0018749999999999704, 8.390625, 0.0762113788594994, 0.278583333292989

-0.0014375000000000412, 9.6171875, 0.07619012507824947, 0.2782841435907152

-0.0035625000000000535, 11.0078125, 0.07695980121685157, 0.278113758938465

-0.008468750000000073, 13.27734375, 0.08528745644722574, 0.27865805823898254

-0.00912500000000007, 12.765625, 0.08626105151053425, 0.2788067821193885

0.0008124999999999643, 9.0859375, 0.07611578903656238, 0.27839971177783895

-0.005812500000000059, 11.5390625, 0.07886231409537613, 0.2782117212326279

-0.007937500000000071, 12.9296875, 0.08345476329420085, 0.2784957415282702

-0.0030625000000000487, 10.4453125, 0.07665847374419364, 0.27817323342010175

-0.0008125000000000432, 9.9140625, 0.07612220683732891, 0.2782249007270176

-0.004562500000000055, 11.1328125, 0.07760015088881703, 0.2781522295698219

-0.005062500000000059, 11.6953125, 0.07819016384520262, 0.2781319870642853

-0.0040625000000000565, 11.5703125, 0.07736491532719349, 0.2780736676769584

-0.003812500000000057, 11.7890625, 0.0772469645348438, 0.2780359585537762

-0.0023125000000000515, 11.1015625, 0.07644737069558297, 0.2780572536346093

-0.002562500000000055, 11.8828125, 0.07659794652051415, 0.2779674847639434

-0.0020625000000000556, 12.3203125, 0.07643734604748333, 0.27790226293580333

-0.0035625000000000613, 13.0078125, 0.07731739426359131, 0.2779083267749397

-0.0018125000000000597, 13.5390625, 0.07641115290659271, 0.27777503550909466

-0.0008125000000000614, 14.4140625, 0.07615895596006197, 0.2776758731794543

0.0006874999999999442, 13.7265625, 0.0761316814052652, 0.2777349832053427

0.0019374999999999384, 15.8203125, 0.07651742412665126, 0.27760414023167407

0.003937499999999936, 17.5703125, 0.07805106792676443, 0.27764103890802777

0.00043749999999993273, 16.5078125, 0.07611359907945836, 0.2775208889652752

0.000312499999999927, 17.8984375, 0.07610346899040128, 0.2774398160556103

0.003062499999999927, 19.3046875, 0.07755452531114031, 0.27750261928519154

0.0014374999999999154, 21.3828125, 0.07651423975556203, 0.27731937192152567

0.001187499999999904, 24.1640625, 0.07645999904014311, 0.2772231489915879

-0.001562500000000096, 22.7578125, 0.07677181344523712, 0.27731588846321314

-0.000687500000000119, 29.0234375, 0.07629264318914324, 0.27711178231988437

-0.001187500000000142, 34.5859375, 0.07700434214488165, 0.27710329036563947

0.0015624999999998578, 35.9921875, 0.07740083058062659, 0.27707401062997916

0.0031249999999998345, 42.609375, 0.0821002558027024, 0.27744794629296826

-0.0008125000000001881, 46.4140625, 0.07684880354336275, 0.2769723073741646

-0.001812500000000234, 57.5390625, 0.08340832719887663, 0.27760847058597893

0.0019374999999998118, 47.8203125, 0.07930969854239257, 0.27713087148267573

-0.00040625000000015356, 37.89453125, 0.07620763218369368, 0.27697245311363

-0.0027812500000001994, 48.31640625, 0.09911521033840943, 0.2792829671148757

0.00047656249999984354, 39.0732421875, 0.0762471924517122, 0.2769439915961246

7.031249999980903e-05, 47.5927734375, 0.07609359087000493, 0.2768640840103848

0.00030859374999979037, 52.44189453125, 0.07620850367911129, 0.27683553008338363

0.0015976562499998219, 45.10107421875, 0.07814614252758889, 0.27704521382590164

-0.00020996093750018556, 46.0858154296875, 0.07613450673775604, 0.2768874263943462

-0.00037792968750023875, 59.4544677734375, 0.07634579906832135, 0.2768400764842197

0.00014062499999973718, 65.810546875, 0.07612821444381833, 0.2767702838370829

0.00031591796874969855, 75.67291259765625, 0.07634407739690177, 0.2767487866834081

0.0010024414062497276, 68.66033935546875, 0.07797108816892817, 0.27690122224943237

-3.283691406274716e-05, 61.75593566894531, 0.07609023820024842, 0.2767906622751282

-2.5512695312838985e-05, 84.98695373535156, 0.07609051515656391, 0.2767209993604979

-0.00019256591796915366, 101.25948333740234, 0.07627958230840248, 0.27672404657177524

0.0003232421874996067, 98.9039306640625, 0.0765348518834491, 0.2767112827594476

0.0005012817382807836, 117.4779281616211, 0.07749681484317421, 0.27676007996885305

-1.818847656293081e-05, 108.21797180175781, 0.07609011349462234, 0.27668120319319184

-0.0001852416992192455, 124.4905014038086, 0.07635819143270552, 0.2767064554870204

0.0003305664062495149, 122.13494873046875, 0.07678359716699411, 0.2766981034656769

-1.0864257813022636e-05, 131.44898986816406, 0.07608923200392918, 0.2766551447704382

-0.00017791748046933731, 147.72151947021484, 0.0764417605383539, 0.27669815582780116

-0.00035961914062546834, 117.53201293945312, 0.07704708631680526, 0.27679717218827293

0.00015802001953076907, 120.98421478271484, 0.07625337842265023, 0.2766643155726165

0.00016534423828067725, 144.2152328491211, 0.07634160560025387, 0.2766478160495252

0.0002571105957024813, 162.21386337280273, 0.07682651085193005, 0.2766684986358

-3.540039063114461e-06, 154.6800079345703, 0.0760884005663114, 0.2766364814560173

-8.432006836005623e-05, 171.52790451049805, 0.0761917268453849, 0.27664899509522967

0.00017266845703058542, 167.44625091552734, 0.07645539750022327, 0.2766393725719797

3.7841796867937134e-06, 177.91102600097656, 0.07608847275073735, 0.2766222578916581

-7.699584961014803e-05, 194.7589225769043, 0.07619959208106959, 0.2766395719454554

-0.00017242431640690617, 165.14478302001953, 0.07650558755738276, 0.2766954912941432

8.639526367121252e-05, 166.8708839416504, 0.07618320262891101, 0.27662534491572

9.37194824211207e-05, 190.10190200805664, 0.07623184149310414, 0.27661558171081385

0.00014234924316323827, 207.8128490447998, 0.07647156478031784, 0.2766218383393823

1.1108398436701888e-05, 201.1420440673828, 0.07609061390345405, 0.27661096042002536

-2.6535034180553437e-05, 218.27762413024902, 0.07610444012692374, 0.2766134646457666

0.00010104370117102887, 213.3329200744629, 0.07629623231809735, 0.2766095608452907

0.00014967346191314645, 231.04386711120605, 0.07660487331273727, 0.2766229495674598

1.8432617186610063e-05, 224.37306213378906, 0.07609628493876541, 0.2766017818107395

-1.9210815430645262e-05, 241.50864219665527, 0.07609860468942425, 0.2766050358898908

0.00010836791992093705, 236.56393814086914, 0.076379079387311, 0.27660682371023604

2.575683593651825e-05, 247.6040802001953, 0.07610722209649194, 0.2765943012413092

-1.188659668073706e-05, 264.7396602630615, 0.07609299688017665, 0.2765975044412454

-6.417846679780873e-05, 235.41320419311523, 0.07620123430999863, 0.276626257444128

6.52313232412506e-05, 236.27625465393066, 0.07619633382233557, 0.2765979718529604

7.25555419911588e-05, 259.5072727203369, 0.07624801417729582, 0.2765940207155791

9.961700439343316e-05, 277.07437801361084, 0.07642343919374572, 0.27659962638650104

3.308105468642644e-05, 270.83509826660156, 0.07612541299790847, 0.27658832749643025

1.7005920409014362e-05, 288.114520072937, 0.07609949201162311, 0.27658602200004256

6.38046264636549e-05, 300.0177125930786, 0.07625317883236674, 0.2765860242569642

8.255004881510474e-06, 328.6249599456787, 0.07609172133289478, 0.2765806065062822

-2.3895263673313693e-05, 363.1838035583496, 0.07612482941036555, 0.2765899434363916

-3.854370117313007e-05, 316.7217674255371, 0.07616136029891414, 0.276602997394052

3.821754455445866e-05, 304.19372630119324, 0.07615034178227748, 0.27658200503824787

2.946662902695477e-05, 344.70416617393494, 0.07613582677650252, 0.2765758676585936

3.569698333592497e-05, 372.9989892244339, 0.07616928513076618, 0.2765728052980454

5.734443662976782e-06, 397.4302228689194, 0.0760907042432568, 0.2765727236596184

-1.0507106782764149e-05, 444.04847115278244, 0.07609870729733395, 0.2765759146155364

3.3176422117391275e-05, 441.80425214767456, 0.07618605949930314, 0.27656666279663844

4.563713073533167e-05, 498.3938982486725, 0.07631860521895134, 0.2765682231692448

3.2138824444430907e-06, 466.23548579216003, 0.07608931733823637, 0.2765675554010489

3.0655860898857584e-05, 510.6095150709152, 0.07619947068480734, 0.2765622699511657

4.3116569516797984e-05, 567.1991611719131, 0.07635327278158932, 0.27656622213054793

6.061840057180577e-05, 486.17828142642975, 0.07646802975173293, 0.2765776454304907

1.756501197628376e-05, 471.22118470072746, 0.07611998973400165, 0.27656387687379247

1.5044450757750069e-05, 540.0264476239681, 0.07611883699708363, 0.2765596878125562

5.978465077929472e-06, 589.1375453621149, 0.0760940773629854, 0.2765591788587617

1.9069314000503296e-05, 628.5258757323027, 0.07615409777605801, 0.2765554634070398

1.9821465012613063e-05, 707.1782212480903, 0.0761778020212543, 0.2765531201253171

-4.855930808315048e-06, 785.70625153929, 0.07609522394831389, 0.2765596833687133

4.02201711847811e-06, 716.9320674221963, 0.07609216428306363, 0.2765549007623128

1.78650170531617e-05, 834.9727433081716, 0.07618939820788487, 0.2765500244339317

2.3808293040777814e-05, 957.8903422812, 0.07631962651418242, 0.27655305796362356

3.3664464947296655e-05, 825.2188971340656, 0.07642703219162712, 0.2765617112229055

1.1432629075682747e-05, 744.0037748501636, 0.07612172864489297, 0.2765516968367045

9.476181116231383e-06, 871.798296910245, 0.07611984779379251, 0.2765486726806625

4.303539168040539e-06, 954.1083347413223, 0.07609615032033368, 0.27654875282754554

1.590856909371034e-05, 962.767265368253, 0.07619475882641123, 0.27654768357680914

1.8146539102724134e-05, 1072.1490106272977, 0.07625816966955988, 0.27654837494855167

7.5197331567800205e-06, 999.5928189703263, 0.07611446013229448, 0.27654656602173244

2.3470912085891803e-06, 1081.9028568014037, 0.07609128915632954, 0.2765478507185949

1.3952121134258977e-05, 1090.5617874283344, 0.07619338359214506, 0.2765457345430481

1.619009114327277e-05, 1199.943532687379, 0.07625767105049076, 0.2765467893017853

5.563285197328658e-06, 1127.3873410304077, 0.0761065616619016, 0.27654521065991283

3.9064324913782136e-07, 1209.697378861485, 0.07608836338562, 0.2765480279902356

1.1995673174807614e-05, 1218.3563094884157, 0.07618539943486838, 0.2765440086756256

1.4233643183821413e-05, 1327.7380547474604, 0.07624879715037801, 0.2765451499568015

3.606837237877296e-06, 1255.181863090489, 0.07609783967910065, 0.2765446166746511

1.0039225215356252e-05, 1346.150831548497, 0.0761715631781852, 0.2765424691316236

1.2277195224370047e-05, 1455.5325768075418, 0.07623219038930543, 0.2765434435802611

1.842806115228657e-05, 1309.3252779464237, 0.0763462606444968, 0.27655002676334167

7.3121432164796145e-06, 1268.7177168044727, 0.07612797200559901, 0.2765429148034519

5.355695257028251e-06, 1396.512238864554, 0.07611419731851082, 0.27654215122330345

2.03570629813857e-06, 1485.5902035526233, 0.07609255085988634, 0.2765436210187879

8.08277725590489e-06, 1473.9453536085784, 0.07615327753030196, 0.2765411827100385

8.468094275617524e-06, 1576.5591720106313, 0.07616958500068917, 0.27654073140458746

3.7845643172895237e-06, 1626.9205793266883, 0.07610589973589293, 0.2765410235054688

6.8969633358787966e-06, 1806.9675124727655, 0.07615929504785608, 0.2765392986191757

7.667597375304069e-06, 2012.1951492768712, 0.0761962514574349, 0.2765392327500746

1.2351127333632071e-05, 1961.8337419608142, 0.07634833632145782, 0.2765461223528346

5.926205071375161e-06, 1710.6488699852198, 0.07613556344711332, 0.2765396666033842

5.125708171061706e-06, 2146.2848472514597, 0.07614382987837445, 0.27653780484852825

3.4545151187837974e-06, 2431.147684871874, 0.07612087487432227, 0.2765371868169518

5.195907422712706e-06, 2732.6939641635254, 0.07618001850753957, 0.2765367525429844

4.83075859838148e-06, 3243.716511252678, 0.07619956149583731, 0.27653637327551117

6.176763418612085e-07, 3662.669046847681, 0.07609066458623784, 0.2765379767129914

2.3801566002219233e-06, 3250.0505724549785, 0.07611597784136773, 0.27653572929408554

3.756400079819606e-06, 4062.6193988357827, 0.07619394253649751, 0.27653523643489913

3.90734256033751e-06, 4878.355255817736, 0.07625143660634098, 0.2765366386002508

1.3057980816600491e-06, 4068.953460038083, 0.07610142171166223, 0.2765356674866902

2.682041561257732e-06, 4881.522286418887, 0.0761665018464321, 0.2765339597180261

2.8329840417756364e-06, 5697.2581434008425, 0.07620618488076189, 0.27653449711140177

5.132643559417289e-06, 4875.188225216587, 0.07636495357342815, 0.2765422076300784

2.262509451099359e-06, 4270.5121513327085, 0.07613127372606825, 0.276534238845928

1.188150932537485e-06, 5089.415038915813, 0.07610527373614256, 0.2765345745222168

1.830213219358015e-06, 4832.716128895806, 0.07612438519392913, 0.27653392251354453

2.249745329516388e-06, 5443.726263981984, 0.07615687990273143, 0.2765334921438953

2.2433632687249024e-06, 6030.333320306621, 0.07617169555857627, 0.27653344387064

1.3915349268251854e-06, 5981.527162783539, 0.07612029614200715, 0.2765334033111371

7.462816096089121e-07, 6531.529600965865, 0.07609934944305957, 0.27653445093277196

1.8046849761920727e-06, 7179.1443541943545, 0.07616490530086982, 0.27653290959306376

1.7919208546091016e-06, 8352.358466843629, 0.07618998073191921, 0.2765331473069922

9.528566342923558e-07, 7130.338196671273, 0.07610969381303893, 0.2765334147097373

1.2754832929004924e-06, 6855.336977580111, 0.07612357271844628, 0.27653298916308555

1.6886333422673798e-06, 8052.954168990927, 0.07617254568921064, 0.27653280965795346

1.8371825499884765e-06, 9088.66767209462, 0.07621427176143829, 0.2765337348841425

2.21783502555896e-06, 8376.761545605172, 0.07624346318500992, 0.2765349669723202

1.5110712260651093e-06, 7235.693119586376, 0.07614314584359747, 0.276532689979418

1.3950195921404162e-06, 8109.502934382949, 0.07614695830409085, 0.2765324687349958

1.1901869001145879e-06, 8574.682224477247, 0.07613617277703906, 0.27653236714530777

1.0126247839123172e-06, 7757.421175072695, 0.07611682934729912, 0.2765329185624122

1.5196312026786141e-06, 7979.070920511369, 0.07615554168922867, 0.27653256488804595

1.1987468767280926e-06, 9318.06002540224, 0.07614550617197112, 0.27653221495998204

1.0425847020595839e-06, 10359.24347831017, 0.07614183388373888, 0.2765320390257682

7.131403994955576e-07, 10954.85478227605, 0.07611651989582377, 0.2765323458068491

5.655382014405536e-07, 12739.416036108976, 0.07611233372049392, 0.27653231841798603

8.949825040045799e-07, 12143.804732143095, 0.07614250101989292, 0.2765318179778303

9.859035562590912e-07, 12738.279707076614, 0.07616035050917387, 0.27653189247569315

1.3720290046236101e-06, 9763.632174344288, 0.07617009789954154, 0.2765324221539039

7.671609022363177e-07, 11995.470070667805, 0.07612732325986846, 0.2765319442745607

6.195587041813138e-07, 13780.031324500727, 0.07612194288441101, 0.2765318878076542

7.47380305949576e-07, 13928.365985976016, 0.07613808098092735, 0.27653165915132466

7.374900078062053e-07, 14894.81394363012, 0.07614364967702013, 0.27653158137194067

1.0129138076294713e-06, 13258.587351272487, 0.07617050239120243, 0.2765320072779685

7.178974800433532e-07, 13649.670331193667, 0.0761324802526336, 0.27653172032122975

5.604049838449786e-07, 16400.679542680693, 0.07612722680036563, 0.2765315970190118

5.799975116078308e-07, 17645.82315511715, 0.07613644003733314, 0.27653143190034224

5.110475273900697e-07, 19643.899567078883, 0.07613464085130554, 0.276531353016622

6.881325513512964e-07, 18138.033968028307, 0.07615947907090932, 0.2765315128997654

4.6169007093516073e-07, 22887.119591477072, 0.07613957179989347, 0.27653121820737075

3.2379010249963855e-07, 26883.27241540055, 0.07612325664004217, 0.2765313043248321

2.8460504697393403e-07, 24392.985190527645, 0.07611062826411998, 0.2765318246637464

5.872506752569558e-07, 19701.77177365314, 0.07614960885743824, 0.27653135198478507

5.378932188020467e-07, 22944.99179805133, 0.07615792277655081, 0.2765313137677431

4.123326144802517e-07, 26130.339615875266, 0.07614157775131229, 0.2765311327633601

3.2487358409189963e-07, 29344.623536986328, 0.07613014314463247, 0.2765311364752816

3.361294666133657e-07, 26072.467409301007, 0.07612372847882473, 0.2765313117088862

3.865704046605359e-07, 25290.59850648859, 0.07613227922284996, 0.2765311968983221

3.3721294820562687e-07, 28533.818530886783, 0.07613091573293047, 0.27653114214158986

3.6297515802534264e-07, 29373.55964027346, 0.07614048574917003, 0.27653107079134087

3.5117753470774595e-07, 31415.04020716589, 0.07614412082020075, 0.2765310330258863

4.2629720098237077e-07, 29011.561292154372, 0.07615820658206084, 0.2765311760655241

3.594840113998128e-07, 28653.25422120368, 0.07613705249232582, 0.2765310945147376

2.983289316273071e-07, 33937.9548124943, 0.07613542437003654, 0.27653101412389025

2.4132709020083483e-07, 37841.76241080383, 0.07612673513238531, 0.2765310687056455

2.900224549352402e-07, 36699.740798456514, 0.07614031072475969, 0.2765309602940666

2.552916767029539e-07, 40722.984087082936, 0.07613795147341552, 0.27653092438080973

2.0244307362251504e-07, 43245.898692411356, 0.0761236570173368, 0.27653106975265085

3.139939194364382e-07, 34372.75482847726, 0.07614175739805572, 0.27653098897646883

2.7095666451208505e-07, 41157.78410306588, 0.07614532088220657, 0.27653092110544747

2.572705309544741e-07, 44767.69874835167, 0.07614906110965677, 0.2765309018821069

1.9856828822098978e-07, 51117.92800695735, 0.0761356607329734, 0.2765308592369418

1.4085547261326556e-07, 59490.51459619739, 0.0761207205351245, 0.2765310509396206

2.0054714247250996e-07, 55162.64266822609, 0.07614442447461323, 0.27653081728870965

1.7317487535728793e-07, 62382.47195879766, 0.07614185696001592, 0.276530787963872

1.1447263262380362e-07, 68732.70121740333, 0.07611691802942114, 0.2765311254937926

2.2157105637180647e-07, 50758.949365614586, 0.07614627927243235, 0.27653084290008667

1.961776435081046e-07, 62023.4933174549, 0.07615599931674746, 0.27653086683880174

1.9797062704276848e-07, 53844.31933458174, 0.0761404631719197, 0.2765308177198229

1.4957444602824997e-07, 65467.84192776481, 0.0761324182917401, 0.27653081335510604

1.2477869434276944e-07, 74005.99455198074, 0.07612758926422032, 0.2765308466017626

1.796726438677687e-07, 58884.73813893149, 0.07613969737280986, 0.27653080332584173

2.0327307319680667e-07, 55799.36816996433, 0.07614725644996417, 0.27653082792171724

1.6299910282038914e-07, 63050.72348831469, 0.07613683555882952, 0.2765307982442365

1.5650133430990837e-07, 66548.45730818086, 0.07613812740989634, 0.2765307761598571

1.4491567953097817e-07, 70380.31689280555, 0.07613611112094595, 0.27653077845023083

1.6667710684680715e-07, 65880.20577866383, 0.07614360725686427, 0.2765307714073287

1.685161088600161e-07, 67294.9469238384, 0.07614723343075316, 0.27653078099055245

1.5000356579942759e-07, 70046.19112804704, 0.07613900188659353, 0.27653076476372945

1.3841791102049744e-07, 73878.05071267171, 0.07613635974460622, 0.2765307607914325

1.4859368355739623e-07, 73209.79918315468, 0.07614259683304347, 0.27653075266316374

1.4463985818114013e-07, 76540.47012064158, 0.07614450519234645, 0.2765307384383118

1.1638066235483042e-07, 84538.31505464946, 0.0761328312209744, 0.2765307665059318

1.289547734778246e-07, 79873.78773565305, 0.0761370490272244, 0.27653073840919484

1.3517672063846732e-07, 82536.20714362292, 0.07614537072863406, 0.27653072583238836

1.3355612544745226e-07, 86865.28535909852, 0.07614993638390025, 0.2765307461954459

1.1949163593515182e-07, 85869.52475863439, 0.07613668150710587, 0.2765307208152571

1.0691752481215766e-07, 90534.0520776308, 0.07613142128703983, 0.27653076220662326

1.2571358309579454e-07, 88531.94416660425, 0.07614509569436045, 0.27653071226614223

1.240929879047795e-07, 92861.02238207986, 0.07614912282160781, 0.2765307288899868

1.1002849839247901e-07, 91865.26178161573, 0.07613526886228397, 0.27653071517855315

1.1625044555312172e-07, 94527.6811895856, 0.07614368837103117, 0.276530703742673

1.1462985036210669e-07, 98856.7594050612, 0.07614714768753503, 0.27653069602132846

1.303149350654222e-07, 95523.44179004972, 0.07615910434610385, 0.2765308125297976

1.151001075607148e-07, 92779.80678372423, 0.07614065009121757, 0.2765307005971618

1.0401637482702696e-07, 103104.62202218117, 0.07614109171791583, 0.2765306921248967

9.316777069264318e-08, 110390.9609499696, 0.07613690673700145, 0.2765306915778398

9.269751349403507e-08, 116467.91357130656, 0.0761417901564116, 0.2765306683016712

8.14962164606952e-08, 128311.9669650977, 0.07613852454597592, 0.27653065660814635

6.00341367912317e-08, 139846.1685100061, 0.07612084292037671, 0.27653090231589655

1.0098092196938794e-07, 109104.11168129742, 0.07614397216050331, 0.2765306630393367

8.930936773743996e-08, 127025.11769642553, 0.07614727659248738, 0.27653067154764543

9.027396847624078e-08, 122866.57850981154, 0.07614471376556815, 0.2765306728260629

9.123856921504157e-08, 118708.03932319756, 0.07614212749994954, 0.27653066104777385

8.73319935766692e-08, 119351.46395753365, 0.07613820505488926, 0.2765306738607883

8.540279209906757e-08, 127668.54233076161, 0.07614284017700532, 0.276530660732678

7.56604393447212e-08, 137272.46997266175, 0.07613785527948455, 0.2765306509899102

6.787137440956099e-08, 146554.68529739382, 0.07613380361713501, 0.2765306751385288

7.175386370634885e-08, 137915.89460699784, 0.0761333453648083, 0.27653068907604894

8.199056000088789e-08, 130230.38039982067, 0.07614063729471122, 0.2765306455147934

7.615478288491389e-08, 139190.88340738474, 0.07613988964022814, 0.2765306490335295

8.248490354108056e-08, 132148.79383454367, 0.07614281085912683, 0.27653065885380534

7.736655539381104e-08, 135991.55093813222, 0.07613913520605715, 0.27653065588021425

7.907267144290088e-08, 134710.6319036027, 0.07614038856690748, 0.27653066563675527

7.882549967280455e-08, 133751.42518624122, 0.07613934332104064, 0.2765306460940034

8.174338823079157e-08, 129271.1736824592, 0.07613957315584248, 0.2765306538416186

8.10757090338189e-08, 130631.03823774507, 0.07613980260981551, 0.2765306585936653

8.040802983684623e-08, 131990.90279303095, 0.07614001534868517, 0.27653065101252977

8.053161572189439e-08, 132470.50615171168, 0.07614054455716429, 0.276530668236039

8.186697411583971e-08, 129750.77704113995, 0.07614010346328925, 0.2765306499918587

8.344950427988136e-08, 127990.25464792969, 0.07614066689635068, 0.27653065340384064

8.116839844760501e-08, 130990.74075675564, 0.0761401997957276, 0.27653065287372386

8.192876705836379e-08, 129990.57872048032, 0.07614036971657445, 0.2765306673733983

8.119929491886705e-08, 131110.64159642582, 0.07614033259180877, 0.2765306591113268

8.126108786139114e-08, 131350.44327576616, 0.07614059877920012, 0.27653065861997694

8.205235294341199e-08, 130470.18207916102, 0.07614090553148664, 0.276530651341192

8.278182508290873e-08, 129350.11920321552, 0.0761409295340223, 0.2765306458305918

8.272003214038465e-08, 129110.31752387519, 0.07614065994786506, 0.2765306396487663

8.305387173887097e-08, 128430.38524623227, 0.07614053070225495, 0.2765306692834329

8.192876705836379e-08, 129990.57872048032, 0.07614036971657445, 0.2765306673733983

8.25685605767725e-08, 129510.23408253172, 0.07614079038349458, 0.2765306457670196

8.214203156450003e-08, 129830.46384116412, 0.0761405103530088, 0.2765306396927934

8.287150370399678e-08, 128710.40096521862, 0.07614052881434336, 0.27653064324246834

8.265126777821957e-08, 129090.39582386913, 0.07614055814088387, 0.2765306604248892

8.243103185244234e-08, 129470.39068251965, 0.07614058636320742, 0.27653064534234917

8.235529607063626e-08, 129670.34896184792, 0.07614065058165831, 0.2765306499246192

8.279576792219071e-08, 128910.35924454691, 0.07614059446477633, 0.2765306629091493

8.246541403352487e-08, 129480.35153252268, 0.07614063715106507, 0.2765306610538547

8.257553199641348e-08, 129290.35410319742, 0.07614062334791416, 0.27653065695213097

8.253766410551045e-08, 129390.33324286155, 0.07614065578037117, 0.2765306675810525

8.275790003128768e-08, 129010.33838421106, 0.07614062718464633, 0.276530650788288

8.290240017525885e-08, 128830.30180488883, 0.07614066334222537, 0.27653065418778944

8.282068313054751e-08, 128945.314879466, 0.07614065350607485, 0.2765306749380891

8.273896608583617e-08, 129060.32795404312, 0.07614064376228906, 0.2765306504461679

8.264778206839907e-08, 129200.33581353631, 0.07614064175226717, 0.27653065731727605

8.281121615782175e-08, 128970.30966438202, 0.07614066177403445, 0.27653066070078025

8.268864059075474e-08, 129142.82927624774, 0.07614064676465368, 0.27653065846821956

8.272949911311041e-08, 129085.32273895916, 0.07614065177972744, 0.2765306641618784

8.268390710439186e-08, 129155.32666870575, 0.0761406510361477, 0.2765306649226936

8.27656241491032e-08, 129040.3135941286, 0.0761406608171879, 0.2765306568978839

8.275615717637745e-08, 129065.30837904464, 0.07614066919404257, 0.27653065239380836

8.27105651676589e-08, 129135.31230879122, 0.07614066822723801, 0.27653066373649565

8.275185940374212e-08, 129064.06327279426, 0.07614066260873453, 0.27653066866058335

8.273809465838105e-08, 129087.81295145991, 0.07614066449853468, 0.2765306545223115

8.274282814474393e-08, 129075.3155590019, 0.07614066042169411, 0.2765306693946213

8.271529865402178e-08, 129122.81491633321, 0.07614066406010667, 0.27653065141410865

8.269723613602538e-08, 129145.31948874849, 0.0761406594736893, 0.27653065339864635

8.270745076661428e-08, 129130.94285442634, 0.07614066062490335, 0.276530658512623

8.271766539720321e-08, 129116.5662201042, 0.07614066189719526, 0.276530661720907

8.272906339938285e-08, 129099.06523766756, 0.07614066209136837, 0.2765306622024441

8.270863413820502e-08, 129127.81850631183, 0.07614065974868042, 0.27653065789468734

8.271100088138645e-08, 129121.56981008282, 0.07614065767076401, 0.27653065968090335

8.271266701034062e-08, 129120.31891258816, 0.07614065895380506, 0.276530660479775

8.271433313929483e-08, 129119.06801509351, 0.07614065999517958, 0.276530660899917

8.271884876879394e-08, 129113.4418719897, 0.07614066085601255, 0.2765306553567757

8.272454776988375e-08, 129104.69138077137, 0.0761406613098286, 0.27653065909374447

8.272199411223651e-08, 129108.2855393519, 0.07614066082622394, 0.2765306564936786

8.271688679694207e-08, 129115.47385651298, 0.0761406600461149, 0.2765306728579302

8.27207172834129e-08, 129110.08261864216, 0.07614066056900406, 0.2765306667026328

8.271944045458929e-08, 129111.87969793244, 0.07614066034158672, 0.2765306626054489

8.272101312631057e-08, 129109.30153161354, 0.076140660377756, 0.2765306554500415

8.272160481210592e-08, 129107.73935755629, 0.07614065989501596, 0.27653066047449454

8.272106372272678e-08, 129108.77444265032, 0.07614066022141683, 0.2765306581705267

8.271998154396844e-08, 129110.84461283841, 0.07614066025782291, 0.27653066305336366

8.27207931780372e-08, 129109.29198519734, 0.07614065995110574, 0.27653065695789186

8.272025208865802e-08, 129110.32707029139, 0.07614066016964302, 0.27653066855158637

8.27206579056924e-08, 129109.55075647085, 0.07614066026750081, 0.27653065189402704

8.271967691976648e-08, 129110.5667487325, 0.07614065973598944, 0.2765306528303529

8.27200109714025e-08, 129110.25044445276, 0.07614066002833375, 0.27653064373941455

8.271938520609474e-08, 129111.0172118571, 0.07614065994987756, 0.2765306594230451

8.272033973079299e-08, 129109.91737031742, 0.07614066005825382, 0.27653065092907203

8.271970338099416e-08, 129110.65059801054, 0.07614065999571555, 0.27653065580656394

8.272018064334329e-08, 129110.1006772407, 0.07614065995958749, 0.2765306556568183

8.272002155589357e-08, 129110.28398416398, 0.07614065985965902, 0.2765306395867696

8.272018593558881e-08, 129110.1174470963, 0.07614066001482778, 0.27653066388067965

8.271986776068941e-08, 129110.48406094286, 0.07614065996738904, 0.2765306587065284

8.271994730441427e-08, 129110.39240748122, 0.07614066001402262, 0.27653063615957363

8.271993671992318e-08, 129110.35886777003, 0.0761406598220905, 0.2765306444695271

8.272000828526928e-08, 129110.3278598489, 0.07614065999532639, 0.27653065657747633

8.271998443015391e-08, 129110.33819582261, 0.0761406599715231, 0.2765306576583669

8.271998972239946e-08, 129110.35496567821, 0.07614065990423191, 0.2765306509653605

8.271995259665983e-08, 129110.40917733684, 0.07614065995139363, 0.2765306572559673

8.271996055503335e-08, 129110.39143195827, 0.0761406599285927, 0.27653064625708557

8.271991813704814e-08, 129110.4288737613, 0.07614066005352953, 0.2765306509523431

8.271993603338596e-08, 129110.41039674052, 0.07614065997952363, 0.2765306493592682

8.271997182606165e-08, 129110.37344269898, 0.0761406596863026, 0.27653065833690726

8.271994498155488e-08, 129110.40115823015, 0.07614065997868483, 0.2765306467666016

8.271996287789272e-08, 129110.38268120936, 0.0761406597736732, 0.27653065558727463

8.271994945563934e-08, 129110.39653897495, 0.07614066004196134, 0.2765306553553865

8.27199539297238e-08, 129110.39191971975, 0.07614065976761918, 0.27653066035404666

8.271994614298457e-08, 129110.39678285568, 0.07614066007347675, 0.2765306556052602

8.271993951767504e-08, 129110.39727061713, 0.07614066003983458, 0.27653066418038674

8.271995032671161e-08, 129110.3932574441, 0.07614065994702288, 0.27653066490691075

8.271994672369942e-08, 129110.39459516844, 0.07614065998994819, 0.2765306594995449

8.271995061706903e-08, 129110.39216360048, 0.07614066001345095, 0.2765306569219381

8.271995119778388e-08, 129110.38997591325, 0.07614066011840231, 0.276530652568183

8.271994788512911e-08, 129110.390219794, 0.07614065991690588, 0.27653065292791534

8.271994856811409e-08, 129110.39070574564, 0.07614065988667619, 0.27653066828418743

8.271994925109907e-08, 129110.39119169724, 0.07614065992519219, 0.2765306589524012

8.271994896074165e-08, 129110.39228554085, 0.07614065977184158, 0.2765306501229808

8.271994701405684e-08, 129110.39350132484, 0.07614065994778269, 0.27653066250953406

8.271994869183851e-08, 129110.39176910414, 0.0761406599324299, 0.27653065769159635

8.27199475733174e-08, 129110.39292391794, 0.07614065990155408, 0.2765306473085293

8.271994591699001e-08, 129110.39304585833, 0.0761406600031646, 0.2765306559369537

8.271994819980374e-08, 129110.39247562022, 0.0761406601047868, 0.276530651491216

8.271994743886583e-08, 129110.39266569959, 0.07614066012903778, 0.27653066330650156

8.271994813257795e-08, 129110.39234651104, 0.07614065988875343, 0.2765306524556898

8.271994799812638e-08, 129110.39208829269, 0.0761406599092651, 0.2765306617196756

8.271994785831123e-08, 129110.39223264443, 0.07614065998756885, 0.2765306524272316

8.271994703014753e-08, 129110.3922936146, 0.07614065981233285, 0.27653065888650363

8.271994785697035e-08, 129110.39233328693, 0.07614065984581933, 0.2765306532131013

8.271994758136274e-08, 129110.39232006282, 0.07614066003750279, 0.2765306476800214

8.27199477184961e-08, 129110.39237699614, 0.07614066010167145, 0.2765306579100999

8.271994716728089e-08, 129110.39235054792, 0.07614065996535917, 0.2765306562127696

8.271994730508469e-08, 129110.39235715997, 0.07614065983427869, 0.27653065280225586

8.27199475806923e-08, 129110.39237038408, 0.07614066006885646, 0.2765306618048189

8.27199473739866e-08, 129110.39236046601, 0.07614065993663094, 0.2765306669391425

8.27199474428885e-08, 129110.39236377203, 0.07614065975933677, 0.27653064498906477

8.271994730474948e-08, 129110.3923823206, 0.07614066006831004, 0.27653065707011015

8.27199474425533e-08, 129110.39238893264, 0.0761406599660292, 0.2765306568462991

8.271994740810234e-08, 129110.39238727963, 0.07614066002372405, 0.27653064397530286

8.271994726962812e-08, 129110.39243098884, 0.07614065990938926, 0.2765306549703733

8.27199473995734e-08, 129110.39238057623, 0.07614066001324593, 0.2765306557736807

8.271994735625831e-08, 129110.39239738043, 0.07614066005082235, 0.2765306497765203

8.271994737365139e-08, 129110.39238562662, 0.0761406597937629, 0.2765306602927495

8.27199472870212e-08, 129110.39241923502, 0.07614065989209487, 0.27653066545303684

8.271994735199384e-08, 129110.39239402872, 0.07614065999946303, 0.27653065870386623

8.271994730867875e-08, 129110.39241083292, 0.07614066004523375, 0.2765306524976821

8.271994731950752e-08, 129110.39240663187, 0.07614066010177938, 0.27653066162014417

8.27199473303363e-08, 129110.39240243082, 0.07614065987722586, 0.2765306503990517

8.271994732820405e-08, 129110.39240075496, 0.07614065984438144, 0.27653064283986695

8.271994730228203e-08, 129110.39240580535, 0.07614066001334732, 0.2765306526157819

8.271994732332273e-08, 129110.39240327445, 0.07614065991175134, 0.27653066374220425

8.271994731630916e-08, 129110.39240411809, 0.07614065993866549, 0.27653065737028243

8.271994731737529e-08, 129110.39240495602, 0.07614065982321438, 0.27653064579930015


------------------------------------------------------------
Sender: LSF System <lsfadmin@n-62-21-19>
Subject: Job 1706385: <batch_job_this_is_on_purpose_to_utilize_more_kernel> in cluster <dcc> Done

Job <batch_job_this_is_on_purpose_to_utilize_more_kernel> was submitted from host <gbarlogin2> by user <s173977> in cluster <dcc> at Thu Jan 10 14:23:50 2019
Job was executed on host(s) <n-62-21-19>, in queue <hpc>, as user <s173977> in cluster <dcc> at Thu Jan 10 14:23:51 2019
</zhome/e8/9/127123> was used as the home directory.
</zhome/e8/9/127123/machine-learning-on-materials> was used as the working directory.
Started at Thu Jan 10 14:23:51 2019
Terminated at Sat Jan 12 05:38:57 2019
Results reported at Sat Jan 12 05:38:57 2019

Your job looked like:

------------------------------------------------------------
# LSBATCH: User input
#!/bin/bash
##Kør på cpu
#BSUB -q hpc
##Navn på job
#BSUB -J batch_job_this_is_on_purpose_to_utilize_more_kernel
##Output fil
#BSUB -o output/minimize/laplacian_GP_faulty_batchjobs-%J.out
##Antal kerner
#BSUB -n 1
##Om kernerne må være på forskellige computere
#BSUB -R "span[hosts=1]"
##Ram pr kerne
#BSUB -R "rusage[mem=10GB]"
##Hvor lang tid må den køre hh:mm
#BSUB -W 45:00
##Email når jobbet starter
##og stopper
module purge
module load python3
python3 KRR/minimizer.py laplacian 0.01 GP faulty [5]
------------------------------------------------------------

Successfully completed.

Resource usage summary:

    CPU time :                                   141296.08 sec.
    Max Memory :                                 851 MB
    Average Memory :                             543.79 MB
    Total Requested Memory :                     10240.00 MB
    Delta Memory :                               9389.00 MB
    Max Swap :                                   -
    Max Processes :                              4
    Max Threads :                                5
    Run time :                                   141311 sec.
    Turnaround time :                            141307 sec.

The output (if any) is above this job summary.

