Unloaded module: latex/TeXLive12
Loaded module: python3/3.6.2
[5]
[5.0]
0.001, 5.0, 0.07609865510820164, 0.29806408424585673

0.001, 5.25, 0.07609957932593873, 0.2977704473479716

0.0010500000000000002, 5.0, 0.07609971482215178, 0.29806450080695107

0.0009499999999999999, 5.25, 0.07609848109686274, 0.2977700229962602

0.0008999999999999998, 5.375, 0.07609782542672394, 0.29763372857625664

0.0008999999999999998, 5.625, 0.07609862392163652, 0.29738130596674667

0.0008499999999999996, 5.9375, 0.07609844128992754, 0.29709712327647236

0.0007499999999999994, 6.0625, 0.07609649652079999, 0.296991435878869

User defined signal 2

------------------------------------------------------------
Sender: LSF System <lsfadmin@n-62-21-24>
Subject: Job 1706407: <batch_job_this_is_on_purpose_to_utilize_more_kernel> in cluster <dcc> Exited

Job <batch_job_this_is_on_purpose_to_utilize_more_kernel> was submitted from host <gbarlogin2> by user <s173977> in cluster <dcc> at Thu Jan 10 14:23:52 2019
Job was executed on host(s) <n-62-21-24>, in queue <hpc>, as user <s173977> in cluster <dcc> at Thu Jan 10 14:23:54 2019
</zhome/e8/9/127123> was used as the home directory.
</zhome/e8/9/127123/machine-learning-on-materials> was used as the working directory.
Started at Thu Jan 10 14:23:54 2019
Terminated at Sat Jan 12 11:23:42 2019
Results reported at Sat Jan 12 11:23:42 2019

Your job looked like:

------------------------------------------------------------
# LSBATCH: User input
#!/bin/bash
##Kør på cpu
#BSUB -q hpc
##Navn på job
#BSUB -J batch_job_this_is_on_purpose_to_utilize_more_kernel
##Output fil
#BSUB -o output/minimize/laplacian_SimpleLarge_newest_batchjobs-%J.out
##Antal kerner
#BSUB -n 1
##Om kernerne må være på forskellige computere
#BSUB -R "span[hosts=1]"
##Ram pr kerne
#BSUB -R "rusage[mem=10GB]"
##Hvor lang tid må den køre hh:mm
#BSUB -W 45:00
##Email når jobbet starter
##og stopper
module purge
module load python3
python3 KRR/minimizer.py laplacian 0.001 SimpleLarge newest [5]
------------------------------------------------------------

TERM_RUNLIMIT: job killed after reaching LSF run time limit.
Exited with exit code 140.

Resource usage summary:

    CPU time :                                   161973.00 sec.
    Max Memory :                                 9898 MB
    Average Memory :                             9850.29 MB
    Total Requested Memory :                     10240.00 MB
    Delta Memory :                               342.00 MB
    Max Swap :                                   -
    Max Processes :                              4
    Max Threads :                                5
    Run time :                                   162009 sec.
    Turnaround time :                            161990 sec.

The output (if any) is above this job summary.

