Unloaded module: latex/TeXLive12
Loaded module: python3/3.6.2
[2.5]
[2.5]
0.001, 2.5, 0.07609000333549512, 0.29148952286730145

0.001, 2.625, 0.07609011365706957, 0.2903923772361933

0.0010500000000000002, 2.5, 0.0760901818771897, 0.2914901724711817

0.0009499999999999999, 2.625, 0.07608993305265623, 0.2903917119714409

0.0008999999999999998, 2.6875, 0.07608980786756632, 0.28988737825520416

0.0008999999999999998, 2.8125, 0.07608990323746169, 0.28895863932983085

0.0008499999999999996, 2.96875, 0.0760898370454965, 0.2879252171329365

0.0007499999999999994, 3.03125, 0.0760895237101153, 0.2875454961802543

0.0006249999999999988, 3.234375, 0.07608922152293679, 0.2864314334630311

0.0005749999999999987, 3.515625, 0.07608917896796288, 0.28513534582990824

0.00041249999999999794, 3.9296875, 0.07608881931903658, 0.2836118881787997

0.00018749999999999713, 4.1953125, 0.07608838645916056, 0.28281313555560333

-0.00014375000000000412, 4.80859375, 0.07608835218261396, 0.2813513980846287

-0.000356250000000005, 5.50390625, 0.07608898471289492, 0.28013690631673616

-0.0008468750000000069, 6.638671875, 0.07609395679237992, 0.2787546694582396

-0.001403125000000009, 7.517578125, 0.07610787641930875, 0.27799313802292985

-0.0023109375000000126, 9.3115234375, 0.07616779001718435, 0.2769191695243686

-0.0030140625000000154, 11.1416015625, 0.07627983995980751, 0.27620411690719593

-0.004449218750000021, 14.30810546875, 0.07678541236255142, 0.27542038338060226

-0.005913281250000027, 16.98095703125, 0.07788916262907748, 0.27502333943492296

-0.008446484375000035, 22.152099609375, 0.08315749166905027, 0.2747871184469157

-0.010584765625000044, 27.148681640625, 0.09837379315868663, 0.27562258511870813

-0.008516308593750035, 22.68939208984375, 0.08371745378551353, 0.2747832341543244

-0.012513574218750049, 30.53338623046875, 0.1246148532910229, 0.28372209003755866

-0.0064653076171875285, 18.364425659179688, 0.07865960403308711, 0.27488744725653574

-0.010497485351562542, 26.477066040039062, 0.09547054037495979, 0.27544345550728006

-0.007473352050781282, 20.39258575439453, 0.08051954758173427, 0.27477754177250324

-0.007543176269531281, 20.92987823486328, 0.08087801388642774, 0.2747523965307686

-0.007091522216796903, 20.318767547607422, 0.0799973501127489, 0.2747592038538948

-0.006500219726562527, 18.633071899414062, 0.07877064147893034, 0.2748637514978064

-0.008012286376953158, 21.675312042236328, 0.08203086123154374, 0.2747575432647457

-0.008082110595703157, 22.212604522705078, 0.0824973335961587, 0.27474588352084517

-0.008386489868164095, 23.12261390686035, 0.08377475506109988, 0.27475906583925586

-0.00761300048828128, 21.46717071533203, 0.08125997645003648, 0.27473146533007187

-0.007413357543945339, 21.363100051879883, 0.08090495630566148, 0.27472093404566894

-0.007952291870117215, 22.64582633972168, 0.08253609012606956, 0.2747192782867579

-0.00815684967041018, 23.50380039215088, 0.08355556703065879, 0.2747233919314147

-0.007283538818359397, 21.796321868896484, 0.08092448281229557, 0.2746904881010447

-0.006884252929687515, 21.588180541992188, 0.08025892707782828, 0.2746727882902532

-0.0074231872558593905, 22.870906829833984, 0.0817072062825167, 0.2746591275751594

-0.007428102111816416, 23.624810218811035, 0.08214145467330128, 0.2746363554505356

-0.0063600631713867165, 22.567164421081543, 0.0799343675356881, 0.2745897170251999

-0.005563948822021467, 22.527833461761475, 0.0789387013475952, 0.2745506461987422

-0.006107798004150369, 24.564463138580322, 0.08031233704293204, 0.2744865252874815

-0.005719570541381794, 26.05260443687439, 0.08023314855910234, 0.2744052509670576

-0.003855417251586845, 24.95562767982483, 0.07768377334732378, 0.27436685568227154

-0.002069074821472061, 25.621036410331726, 0.0765415731549987, 0.2743354109800534

-0.0022246965408323875, 29.14580738544464, 0.07677343693528457, 0.27416789661970375

-0.0005550704002378476, 32.454794347286224, 0.07613734279622901, 0.27410141772765845

0.003095425319671885, 32.02322632074356, 0.0773426752403397, 0.27448036690080574

-0.003515821576118374, 27.545259907841682, 0.07769689442155678, 0.27423997713805265

-0.0020018171548841605, 34.37901784479618, 0.07685849746283886, 0.2739918115235435

-0.0019681883215902102, 38.75800856202841, 0.07704040316988824, 0.2738825333157522

0.0009925628542903162, 43.66754300147295, 0.07634490875650504, 0.27398561205780864

-0.00042055506706204643, 49.970757216215134, 0.07615424758652845, 0.27373580995803043

-0.00035329740047414585, 58.72873865067959, 0.07615226522917798, 0.27363836057274066

-0.0033140485763546723, 53.819204211235046, 0.08215703227820516, 0.27387289307822277

-0.001699157655238608, 73.78993429988623, 0.07880999460480465, 0.2735388584400641

-0.0015646423220628067, 91.30589716881514, 0.07970782667422378, 0.2735005828552603

0.0013961088538177197, 96.21543160825968, 0.0782115711841735, 0.2739160275045112

-0.0021365092188115743, 64.4182610604912, 0.0794421012385784, 0.2736295044926216

-0.003347854140400235, 96.99541957862675, 0.12587619180277895, 0.2780633526744698

-0.0011019365854556683, 68.29540888266638, 0.07699793207133741, 0.2735205983370961

-0.0005300696887069007, 95.18304499099031, 0.07647979916384774, 0.27339534190471637

0.00027315007634543583, 110.56543695623986, 0.07621262076862553, 0.2734873456600216

-0.0009927754253140392, 118.19353327713907, 0.07842440880112375, 0.2733643553810117

-0.0009381948452432246, 143.1425954743754, 0.07922438527945778, 0.2733547799741879

9.637778811268137e-05, 147.0197432965506, 0.07611618397940699, 0.2733746787415614

-0.00031174736842364253, 194.9792937799357, 0.07666068673208061, 0.27322110426084806

-0.00020258620828201342, 244.87741817440838, 0.07646266992104486, 0.27319331273192965

-0.0012371588416379194, 241.0002703522332, 0.10510137522527199, 0.27510662754320314

-0.00023700636932496883, 170.51487506047124, 0.0763340257569778, 0.27325607456200934

0.0004986022676362424, 272.2496977605042, 0.07823084937407418, 0.2736962712824954

-0.0005789955670233579, 175.4193710459076, 0.07778943395567581, 0.27325594375674733

-0.0005445754059804024, 249.78191415984475, 0.07930038072227551, 0.2732677354465273

-0.00031389862848882723, 190.33163483531462, 0.07664052410583608, 0.2732253138722606

6.25107302525172e-05, 259.7896819638154, 0.07612466736017792, 0.27328483226513856

-0.0004186189927043891, 196.51194877538455, 0.07717098804652758, 0.2732216733496892

-0.0003073065724975753, 251.0577321144783, 0.0770317290435244, 0.27318551758785276

-0.00030401054450194935, 281.42078075406016, 0.07726248796269501, 0.27317582143929964

-8.797776007957365e-05, 329.786250153084, 0.07621228734646626, 0.2731788524083612

-0.00018940209629950957, 366.32961273273577, 0.07684103833715722, 0.27314548481786993

-0.00018281004030825765, 427.05571001189946, 0.07705328030040164, 0.2731350485581502

-0.00039884282473063334, 378.69024061287564, 0.0801388632980552, 0.27327068217152234

-0.00016569402624233857, 342.0122477680319, 0.07658112606863214, 0.2731537042769882

-4.4493522048646874e-05, 487.6471770258712, 0.07615677480882424, 0.27315740045133446

-0.00010937277766197252, 436.0905779579184, 0.07643244997220643, 0.27313864970228596

-0.0001264887917278916, 521.134040201786, 0.07676336905496225, 0.2731204712698112

-0.0001068861744706681, 610.694936418663, 0.0767493516078142, 0.27311182705979725

-0.00018032343711695323, 601.6600684726441, 0.07803835650263377, 0.27314085898501506

-0.0001271104425257177, 477.4829505865998, 0.07665629298895937, 0.27312672028102797

-5.118657668812815e-05, 661.1221769933634, 0.07625780419556318, 0.2731259593166359

-3.096230863307856e-05, 794.3341628254266, 0.07617656588379919, 0.2731287592012822

-0.0001030734090525579, 556.6957536463065, 0.07659325242156557, 0.2731184535068919

-0.00015877300683509786, 506.2685130716061, 0.07711428279800571, 0.27312461239495645

-0.0001318763992983554, 544.9819290520454, 0.07689789260314975, 0.2731180265833118

-0.0001356891647164656, 598.981111824402, 0.0771381527380938, 0.2731155874818982

-0.0001106989398887783, 664.6941191910196, 0.07693865451630842, 0.27310810124016155

-0.00010011021018398972, 724.5502142605067, 0.07691319628812165, 0.27310409875526187

-7.130721993819222e-05, 736.2640388547677, 0.07650768050612325, 0.2731069020271337

-6.453125565151384e-05, 850.1193166966113, 0.07654769126040317, 0.27310020534337565

-4.335379624193674e-05, 969.8315068355855, 0.07635299452819957, 0.2731034663320328

-9.333424589731134e-05, 838.4054921023503, 0.07705637913189663, 0.2730997405796044

-0.00010434775887687093, 889.4762187261417, 0.07748046388468026, 0.27310636376129976

-5.775529136483546e-05, 963.974594538455, 0.07656192558963547, 0.27309557984375593

-3.657783195525833e-05, 1083.686784677429, 0.07632267685116519, 0.27310209476229197

-8.655828161063296e-05, 952.260769944194, 0.0771689701706729, 0.2730970998988873

-5.097932707815708e-05, 1077.8298723802986, 0.07654905081528277, 0.2730924797681842

-2.980186766857995e-05, 1197.5420625192728, 0.07627715456177331, 0.27310299542995875

-2.2176336832359584e-05, 1089.5436969745597, 0.07617339061753467, 0.2731186549735122

-7.046279541606462e-05, 986.5815017017853, 0.07684214953737477, 0.2730925027828416

-6.368683112938623e-05, 1100.436779543629, 0.07685500644799258, 0.2730893093563294

-6.66526010116616e-05, 1168.667872046216, 0.07704656124749289, 0.27308926460482946

-4.716913267375407e-05, 1259.9162427247293, 0.07663079448485223, 0.27308681868890733

-3.55223013025988e-05, 1396.583613236201, 0.07646079452719289, 0.27308853499516444

-6.28424066072586e-05, 1350.7542423906466, 0.07723813689791088, 0.27308891421657105

-4.335893826935106e-05, 1442.00261306916, 0.07669145575525596, 0.2730830486370296

-3.171210689819579e-05, 1578.669983580632, 0.07646783865864192, 0.27308572397572056

-2.7685664335846537e-05, 1351.1646134032426, 0.07629628669758813, 0.2730984103461671

-5.405322103940558e-05, 1350.8568351437957, 0.07692403068115708, 0.27308448540770613

-5.024302663500258e-05, 1532.9432054882263, 0.07702363313820915, 0.2730827410132707

-5.177997361562682e-05, 1669.4566868699749, 0.07728335032122652, 0.27308553274314346

-3.954874386494806e-05, 1624.0889834135905, 0.0767263928202828, 0.2730804096651497

-3.22965052777193e-05, 1760.7050575484882, 0.07658291802588822, 0.27308063570018515

-4.643283223059957e-05, 1715.029575832657, 0.07709204356228552, 0.2730815359325018

-3.5738549460545045e-05, 1806.1753537580212, 0.07673300306839877, 0.2730784624411321

-2.8486310873316277e-05, 1942.7914278929184, 0.07655570077939572, 0.27307955333749917

-2.8854461094893528e-05, 1715.2347613389547, 0.07645889023390913, 0.273084483817047

-4.203823944667306e-05, 1715.0808722092315, 0.0769018055645714, 0.27307950875715514

-3.822804504227005e-05, 1897.1672425536622, 0.07691190563938272, 0.27307785279519126

-3.756769563093105e-05, 2033.7063721236982, 0.07700760462656381, 0.2730776272941714

-3.126800564480303e-05, 2124.800853672488, 0.07677312107962204, 0.27307576856805155

-2.5882888743868017e-05, 2329.660844404116, 0.07664719944263573, 0.2730753539642866

-2.771203491425402e-05, 2557.191862769793, 0.07687251616779771, 0.27307345607240296

-2.3698777641108505e-05, 2932.700117275678, 0.07684102781489958, 0.27307180647765983

-1.2013970754045476e-05, 3228.6545895560957, 0.07631224311962459, 0.2730837946151489

-3.117926441170966e-05, 2332.4434264817974, 0.07691655426759561, 0.2730748628063686

-2.8995153308950146e-05, 2935.4826993533597, 0.07724409177462034, 0.27307681315553295

-2.666095488513855e-05, 2481.116308141427, 0.07676680590631585, 0.27307370182100626

-1.9180468114537397e-05, 3081.372998935308, 0.07662420177696053, 0.27307243070719367

-1.6218290870507354e-05, 3532.956808069559, 0.07659060570606559, 0.2730716956361844

-1.0996958863191756e-05, 4058.877058033624, 0.07638740042007197, 0.2730771743981844

-2.0736600397078462e-05, 3384.2839264099293, 0.07685649457359287, 0.27307045576777755

-2.1514666538348994e-05, 3535.7393901472406, 0.07699890702038023, 0.27307112493039

-1.325611362647731e-05, 3984.54061720381, 0.0765122816110034, 0.27307249000367334

-2.1088111637450707e-05, 3195.660242257711, 0.07679373009703487, 0.273070891768956

-2.5606421164021815e-05, 3046.987360598081, 0.07704913148027137, 0.2730731234570689

-1.856532344388597e-05, 3411.4644462016895, 0.07670758873749366, 0.2730705865749578

-1.8213812203513724e-05, 3600.0881303539077, 0.07675430668678485, 0.2730698811107526

-1.6776662486545233e-05, 3802.302074402006, 0.07671691817005662, 0.2730695985721873

-1.8947939439737726e-05, 3775.1215546102458, 0.07688796921232491, 0.2730696567467188

-1.4988001529204497e-05, 4193.139702602322, 0.07669758395436393, 0.2730689757941369

-1.2113702095267514e-05, 4597.56759069852, 0.07656167808509733, 0.27307024156831633

-1.2816724576012004e-05, 4220.3202223940825, 0.07653376862971967, 0.2730714883817393

-1.7415135723806294e-05, 3886.4212215562047, 0.07680011128046257, 0.2730691800407462

-1.5626474766465558e-05, 4277.258849756521, 0.0767815656127136, 0.27306846814360797

-1.505138090642572e-05, 4514.737237433779, 0.07680606434924071, 0.2730680803864675

-1.2624246711823923e-05, 4821.455718479897, 0.0766580900950372, 0.27306838713890763

-1.2687626089045146e-05, 5143.053253311355, 0.07674746198698636, 0.273067340212638

-1.1537438368965471e-05, 5618.010028665871, 0.07673824872871084, 0.2730668713770976

-1.3964572563567268e-05, 5311.291547619753, 0.07695138430550712, 0.27306775559192825

-1.0450630026107019e-05, 6414.564338851844, 0.07678579945077238, 0.2730660681537808

-8.150254585947669e-06, 7364.477889560876, 0.07664162299817426, 0.27306637515410287

-8.023495831505222e-06, 6721.282819897961, 0.07653093024344951, 0.2730688360033149

-1.2479303380551756e-05, 5663.789365689305, 0.07686796329868477, 0.2730668477875047

-1.1392495037693304e-05, 6460.343675875278, 0.07693738693566629, 0.27306661085522865

-9.363821683248567e-06, 7211.118649037817, 0.07679647770968524, 0.273065533171648

-7.80608083459697e-06, 7984.783290712072, 0.07668703736415278, 0.2730655730177072

-8.421956671662282e-06, 7165.339312014383, 0.07664788314613147, 0.2730664142713889

-9.164591263170037e-06, 6989.090402979607, 0.07672223167861193, 0.2730658759121168

-8.077782920311587e-06, 7785.6447131655805, 0.07669837613901614, 0.2730655811271386

-8.277013340390117e-06, 8007.672959223791, 0.07676933886711516, 0.2730651385190257

-7.833224379000156e-06, 8516.964237345883, 0.07677876457258381, 0.2730648930465427

-9.119263141937136e-06, 7942.438173218119, 0.07690911927681192, 0.27306551728343986

-7.588665837688725e-06, 9248.283761526185, 0.07685636172424729, 0.27306470064408667

-6.701087914908805e-06, 10266.866317770371, 0.07682484805705658, 0.27306428676526817

-5.4150491519718245e-06, 10841.392381898137, 0.07661655694741389, 0.2730653798505601

-6.3411026494631525e-06, 10116.653829728133, 0.07672423622852736, 0.27306450371596586

-5.208966185371801e-06, 11866.555910152621, 0.07667664719718605, 0.2730644040061447

User defined signal 2

------------------------------------------------------------
Sender: LSF System <lsfadmin@n-62-21-17>
Subject: Job 1710023: <minimize_batch_job_this_is_on_purpose_to_utilize_more_kernel> in cluster <dcc> Exited

Job <minimize_batch_job_this_is_on_purpose_to_utilize_more_kernel> was submitted from host <gbarlogin2> by user <s174007> in cluster <dcc> at Thu Jan 10 21:24:56 2019
Job was executed on host(s) <n-62-21-17>, in queue <hpc>, as user <s174007> in cluster <dcc> at Thu Jan 10 21:24:57 2019
</zhome/b0/b/127184> was used as the home directory.
</zhome/b0/b/127184/Documents/Projects/machine-learning-on-materials> was used as the working directory.
Started at Thu Jan 10 21:24:57 2019
Terminated at Sat Jan 12 18:25:34 2019
Results reported at Sat Jan 12 18:25:34 2019

Your job looked like:

------------------------------------------------------------
# LSBATCH: User input
#!/bin/bash
##Kør på cpu
#BSUB -q hpc
##Navn på job
#BSUB -J minimize_batch_job_this_is_on_purpose_to_utilize_more_kernel
##Output fil
#BSUB -o output/minimize/laplacian_GP_deep_batchjobs-%J.out
##Antal kerner
#BSUB -n 1
##Om kernerne må være på forskellige computere
#BSUB -R "span[hosts=1]"
##Ram pr kerne
#BSUB -R "rusage[mem=10GB]"
##Hvor lang tid må den køre hh:mm
#BSUB -W 45:00
##Email når jobbet starter
##og stopper
module purge
module load python3
python3 KRR/minimizer.py laplacian 0.001 GP deep [2.5]
------------------------------------------------------------

TERM_RUNLIMIT: job killed after reaching LSF run time limit.
Exited with exit code 140.

Resource usage summary:

    CPU time :                                   161984.00 sec.
    Max Memory :                                 1549 MB
    Average Memory :                             1204.82 MB
    Total Requested Memory :                     10240.00 MB
    Delta Memory :                               8691.00 MB
    Max Swap :                                   -
    Max Processes :                              4
    Max Threads :                                5
    Run time :                                   162007 sec.
    Turnaround time :                            162038 sec.

The output (if any) is above this job summary.

