Unloaded module: latex/TeXLive12
Loaded module: python3/3.6.2
[10]
[10.0]
0.01, 10.0, 0.07999986423824267, 0.2786396316635939

0.01, 10.5, 0.08032935833469834, 0.2785840749030892

0.0105, 10.0, 0.0803451462233936, 0.2786769659275619

0.0095, 10.5, 0.07996838304825514, 0.27854529085159874

0.008999999999999998, 10.75, 0.07976076254375468, 0.2784809887943729

0.008999999999999996, 11.25, 0.08005074610993973, 0.2784335957439668

0.008499999999999994, 11.875, 0.0800152259934096, 0.27834161266896007

0.007499999999999991, 12.125, 0.07935533619353981, 0.27823968925132453

0.006249999999999988, 12.9375, 0.07872974839889431, 0.27807868029546007

0.005749999999999984, 14.0625, 0.07871707771716836, 0.27796385505596977

0.004124999999999976, 15.71875, 0.07784135836567065, 0.2777402503307111

0.0018749999999999704, 16.78125, 0.07653822336764977, 0.27754289029797224

-0.0014375000000000412, 19.234375, 0.07649479556732817, 0.27741791863579807

-0.0035625000000000535, 22.015625, 0.07999820591729334, 0.27765234956000134

-0.00912500000000007, 25.53125, 0.3414172560890347, 0.3017463102468577

0.0008124999999999643, 18.171875, 0.07619155813702141, 0.27743263526032574

0.0029374999999999766, 15.390625, 0.07698727634055008, 0.2776806195602863

-0.001937500000000046, 20.359375, 0.07694237303556264, 0.2774164876833555

-0.004187500000000051, 21.421875, 0.09826148997693049, 0.2779113271811852

-0.00043750000000003964, 18.984375, 0.07612302308304525, 0.2773901015261467

-0.0009375000000000442, 20.109375, 0.07627230082813037, 0.2773576736593872

-0.0006875000000000457, 20.546875, 0.07619014386246546, 0.27733125276780407

0.0008124999999999606, 19.171875, 0.07620272929530794, 0.2773846120042592

0.0005624999999999545, 20.734375, 0.07615292103036234, 0.2773140451653789

0.0010624999999999515, 21.609375, 0.0763308974996556, 0.27729527649058616

-0.0004375000000000548, 22.984375, 0.07613910166154363, 0.27724020960280793

-0.0010625000000000625, 24.890625, 0.07645555106613079, 0.2772219977597551

0.0006874999999999347, 25.953125, 0.07623595699556435, 0.2771573076562029

0.001374999999999925, 28.65625, 0.07676587911074921, 0.2771392929032379

-0.0007500000000000891, 31.9375, 0.07638541564701673, 0.2770724293212704

-0.0016562500000001095, 37.1015625, 0.07826957031990607, 0.27720656757917533

0.0016874999999998983, 35.703125, 0.07757906705150618, 0.27709360023108626

-0.00043750000000011575, 38.984375, 0.07623538236995449, 0.27696438762176834

-0.001343750000000136, 44.1484375, 0.07810048559532634, 0.2771241416772637

-0.002875000000000103, 35.21875, 0.08299740970500655, 0.2777143123304725

0.0005468749999998979, 35.58203125, 0.07626175910635494, 0.2769861779097279

0.0008593749999998713, 42.62890625, 0.07667324755841956, 0.2769401593050035

0.0016640624999998514, 47.974609375, 0.07856090265384319, 0.2770602795497074

-0.00012500000000014236, 46.03125, 0.07610443471897405, 0.27688239916889024

-0.0004609375000001625, 51.255859375, 0.07637449883973044, 0.27688550166682374

0.0011718749999998447, 49.67578125, 0.0774792463656464, 0.27695182045807626

0.0007695312499998545, 47.0029296875, 0.07665828691996306, 0.2769028625532083

-0.00021484375000015913, 50.4052734375, 0.076146289751827, 0.2768599008759436

-0.0007519531250001744, 54.29345703125, 0.07698567381461771, 0.2769397533339751

-0.001109375000000156, 49.43359375, 0.0777800901787196, 0.2770537972871751

0.0002998046874998519, 47.610595703125, 0.07618242980514554, 0.2768655563911532

0.00020996093749983512, 51.984619140625, 0.07614375379839604, 0.2768354468073003

0.0003774414062498239, 54.9613037109375, 0.0762832779893282, 0.2768256144401457

-0.00013720703125018715, 57.7559814453125, 0.07611902411831022, 0.2768154048140813

-0.00035571289062520667, 62.82867431640625, 0.07634278029530202, 0.27682568491565573

0.00045507812499979587, 62.31201171875, 0.07644464841858911, 0.27680133755277964

0.0007900390624997733, 68.265380859375, 0.07729081621598735, 0.27684442290284467

-5.957031250021516e-05, 65.106689453125, 0.07609553436530188, 0.27677935954194877

-0.0002780761718752347, 70.17938232421875, 0.07628053983519341, 0.2767916845698167

0.0005327148437497679, 69.6627197265625, 0.07668365934140026, 0.2767910866431022

1.806640624975683e-05, 72.4573974609375, 0.07608907400784126, 0.2767502346438688

-0.00020043945312526264, 77.53009033203125, 0.07620870799142032, 0.2767606847534937

-0.0005742187500002262, 67.9013671875, 0.07690012631640183, 0.2768739441022578

0.00025598144531226933, 69.22238159179688, 0.07623131496880384, 0.27676214774705094

0.0003336181640622413, 76.57308959960938, 0.07637904671882102, 0.27674848839897737

0.0005302124023434696, 82.30628967285156, 0.07689598745441946, 0.2767713062690172

9.570312499972882e-05, 79.80810546875, 0.07611553905608687, 0.27672782492345305

1.5563964843458506e-05, 85.10096740722656, 0.07608909207359534, 0.27671785090757917

0.000331115722655943, 89.21665954589844, 0.07647239299662534, 0.2767247487489392

1.3061523437160182e-05, 97.74453735351562, 0.07608903213803414, 0.2766939583962372

-0.0001472167968753804, 108.33026123046875, 0.07621490931597298, 0.27670486822596924

-0.0003024902343753243, 93.62884521484375, 0.07650236274732955, 0.2767653059964295

0.00017271423339812616, 90.31970596313477, 0.07619948652696061, 0.2767066085961885

0.00017021179199182783, 102.96327590942383, 0.07622777164469575, 0.2766861597935023

0.0002475357055660125, 111.89443016052246, 0.07642705594346254, 0.276685135142901

8.788299560504655e-05, 119.31926155090332, 0.07613912082658997, 0.276662110119941

4.546737670850672e-05, 133.8190393447876, 0.07610557763939582, 0.2766482224778257

0.00027994155883735906, 147.96893215179443, 0.07681736115234888, 0.27667743357526314

7.787322997985325e-05, 169.89354133605957, 0.07616846820589405, 0.2766232452242789

-6.958007813226354e-06, 198.89309692382812, 0.07608917075282752, 0.27661492772027

-0.0002414321899420787, 184.7432041168213, 0.07716098042014513, 0.27676424935472144

0.00014959812164249962, 157.16250014305115, 0.07633467595680005, 0.2766383038781527

9.717273712076655e-05, 222.23655772209167, 0.07629694126419838, 0.2766066160981994

0.00012302541732689648, 266.4453169107437, 0.07655449982897372, 0.2766103174475433

-5.9383392334959426e-05, 263.96715450286865, 0.07621002149464565, 0.27662061051881615

-7.138013840594657e-06, 237.26599091291428, 0.07608962542982724, 0.2766026273279719

9.699273109339825e-05, 260.6094517111778, 0.076371188942346, 0.2766001576742111

0.00014896810054671055, 291.4676291048527, 0.07688309398148438, 0.2766284932415231

-7.318019867962961e-06, 275.6388849020004, 0.07609019871347326, 0.2765938835968357

-5.9563398362327716e-05, 302.3400484919548, 0.0762499640519486, 0.2766193361228366

9.681272506602994e-05, 298.982345700264, 0.07645546795666207, 0.27659738428271197

-7.498025895331264e-06, 314.0117788910866, 0.07609090375969842, 0.2765873991082648

-5.974340438969603e-05, 340.71294248104095, 0.07629617172563906, 0.2766203746088881

-0.00011162877082932417, 290.66831809282303, 0.07663527840723852, 0.2766723916259598

4.470235109219142e-05, 296.90383879840374, 0.07616881795466685, 0.2765835899181064

4.4522345064823115e-05, 335.2767327874899, 0.07618967363552422, 0.276578073544367

7.044252753121615e-05, 365.0956567302346, 0.0763805580246496, 0.27658323994319106

9.67227220523458e-05, 318.16879269480705, 0.07650123288024105, 0.2765970670729863

1.8557161091588e-05, 315.0510323420167, 0.07610420819228471, 0.27658098924922714

1.83771550642197e-05, 353.42392633110285, 0.076107902706679, 0.2765753791854393

5.214557050233843e-06, 381.6839700974524, 0.07609012526772195, 0.27657454708143386

3.117974102346895e-05, 401.9096705429256, 0.07616017297473597, 0.2765696052026261

3.7491030989409434e-05, 445.33898964338005, 0.07621445426501268, 0.27656729365391897

-1.8167570251798382e-06, 491.74622695334256, 0.07608863690478657, 0.27656801156204514

3.0459716913995753e-05, 555.4012464992702, 0.07621769825949785, 0.27656040892749373

4.308229684587671e-05, 642.2598847001791, 0.07642452932332776, 0.2765670435109007

6.976750492858504e-05, 508.9940091893077, 0.07663071504452987, 0.27658683294302033

1.607930846326138e-05, 496.05817251233384, 0.07611774767968513, 0.2765622794786622

9.047994387847702e-06, 606.120429368224, 0.07610229057543434, 0.2765573973890362

-5.173523912933164e-06, 686.511149230646, 0.07609429087325903, 0.27656217322897225

2.3428402838582075e-05, 665.4635033551604, 0.07619856639851531, 0.2765550817440904

2.7102950026242427e-05, 750.1661687765736, 0.07627342827813165, 0.27655536616485066

2.016680312434021e-06, 716.1826862241141, 0.0760892417864882, 0.27655600098801947

1.6397088763168394e-05, 775.5257602110505, 0.07616220718625182, 0.27655085561002474

2.007163595082874e-05, 860.2284256324638, 0.0762228989344682, 0.2765505662483623

4.148335847697679e-05, 809.50924276351, 0.07657560732955186, 0.2765714702424277

1.1883349853569713e-05, 739.5143253589631, 0.07612395733416479, 0.2765517768555104

8.526582965816377e-06, 934.2792476362665, 0.07611765325988865, 0.2765475418577596

1.0756730294335276e-06, 1068.6871197768196, 0.07608888144280332, 0.27654911947271604

1.6714869063075403e-05, 1054.9933479097672, 0.07622853454785904, 0.27654740374561515

1.9130628667828246e-05, 1212.7328591851692, 0.07632740742417085, 0.27654999357156446

5.1698160780630406e-06, 1129.04416991357, 0.07610412950822196, 0.2765453663336117

-2.281093858319812e-06, 1263.452042054123, 0.07609222107144988, 0.2765510845673308

1.3358102175322066e-05, 1249.7582701870706, 0.07621429061038325, 0.2765445658105732

1.5773861780074913e-05, 1407.4977814624726, 0.07630783648877915, 0.2765471964047099

1.8130491903097042e-06, 1323.8090921908733, 0.07609096662859913, 0.27654533692122446

1.000133528756873e-05, 1444.523192464374, 0.07618321530895096, 0.2765419397371652

1.2417094892321573e-05, 1602.262703739776, 0.07626568262647583, 0.2765438456250009

2.1546388272581092e-05, 1370.4723704605713, 0.07646907196430827, 0.2765566012556593

6.746383960877551e-06, 1335.4749117582978, 0.07612574171935466, 0.27654233637668524

3.389617073124214e-06, 1530.2398340356012, 0.07610081148302311, 0.27654205519178815

6.644568399815393e-06, 1639.2881147416774, 0.07614275753669683, 0.2765400516358889

6.593660619284314e-06, 1791.1947162333672, 0.07615216988646722, 0.27653929483907463

1.3205378833728828e-05, 1705.47807466214, 0.0763139912613912, 0.2765455455383502

5.843557513275368e-06, 1574.049394192236, 0.0761273024832044, 0.27654054171532316

2.4358828449909513e-06, 1920.7209179612291, 0.07609848495758882, 0.27654025233121715

3.1859859509998975e-06, 2137.8662400023604, 0.07610980564163781, 0.27653849781283624

1.8572001698621625e-06, 2419.7746629074227, 0.07609769767791963, 0.2765386873618456

7.34376372529326e-06, 2008.3400382744985, 0.07618712585007403, 0.2765389952740722

3.936089057008844e-06, 2355.0115620434917, 0.07612789773247174, 0.276537250096423

2.6073032758711087e-06, 2636.919984948554, 0.0761102074199945, 0.2765371001534533

-1.5504744984222538e-06, 2766.446186676416, 0.0760970677619565, 0.2765463020215477

5.120204169364382e-06, 2197.866575374978, 0.07614636747590277, 0.27653764273312204

4.541521494235593e-06, 2696.920320321171, 0.07615690191362681, 0.2765364146434849

5.2192892658534396e-06, 2976.447360480576, 0.07619769892278512, 0.2765367518804573

2.02862060074232e-06, 3135.973729894747, 0.07610707644198383, 0.27653634918534287

4.828288164312882e-07, 3605.0273071546317, 0.07608968455494046, 0.27653845211780337

3.962838819106804e-06, 3195.9740652673645, 0.07616156902784492, 0.276535571168038

4.640606590724651e-06, 3475.5011054267707, 0.07620602609205435, 0.2765362510507158

1.449937925613531e-06, 3635.027474840941, 0.07610121293939145, 0.27653614340415666

3.384156143978015e-06, 3695.0278102135585, 0.07615975087230543, 0.27653488560920797

4.061923915595862e-06, 3974.5548503729633, 0.07620625018576577, 0.2765356917708803

5.897057037471288e-06, 3255.9744006399815, 0.07625377974091752, 0.2765383429246718

2.5617177035779703e-06, 3540.264206290701, 0.07612621923801507, 0.27653506330043787

1.9830350284491815e-06, 4039.317951236895, 0.07611795622266342, 0.27653472506808313

9.931331331203698e-07, 4460.9898942216605, 0.07609743247416739, 0.2765357914815961

2.8054734688492263e-06, 4194.081555159752, 0.07615168542031579, 0.276534296048983

2.927351351484854e-06, 4520.990229594278, 0.07616817928053145, 0.2765342445154736

1.5262302359560202e-06, 4865.280370617615, 0.07611381975832679, 0.27653422735793737

5.972672819450232e-07, 5450.406650819642, 0.07609322713935358, 0.2765358840592294

2.4705465589916926e-06, 5346.952648974999, 0.07616788537649961, 0.27653370486400314

2.7143023242629478e-06, 6000.7699978440505, 0.07620830347309789, 0.27653442560277564

1.069425443462859e-06, 5691.242789998335, 0.07610549387341345, 0.2765342361822133

1.533906920468358e-06, 5398.679649897322, 0.07611997443875264, 0.2765336931515188

2.4782232435040303e-06, 5880.351928254706, 0.07618480351336594, 0.27653380146398693

2.240224991617028e-06, 5626.5840388454335, 0.07616087702192638, 0.2765334492813657

1.303585353093693e-06, 5678.311039767756, 0.07611366015106534, 0.2765337768758601

2.1788062575171927e-06, 5429.792246673188, 0.07615236435020901, 0.27653345431508863

2.8851243286658626e-06, 5657.6966356213, 0.07620881303377863, 0.27653460046409806

1.871711272517734e-06, 5463.433896328316, 0.07613636514840774, 0.27653340131115367

1.933130006617569e-06, 5660.225688500562, 0.07614322959840032, 0.276533290636999

1.8102918811677574e-06, 5775.4424094142505, 0.07613851457974805, 0.2765332393042666

1.4417781620684636e-06, 5612.292266897134, 0.07611855583694968, 0.2765336261220831

2.0406132842298868e-06, 5623.011095858359, 0.07614862183819454, 0.276533328533147

1.9791938928799104e-06, 5935.019608944293, 0.07615147192592066, 0.27653320215110233

2.0329352030609986e-06, 6170.81246525228, 0.0761601987777167, 0.2765331949554122

1.8026137999988692e-06, 6323.243778808172, 0.07614783609021904, 0.276533017475757

1.6836140578833604e-06, 6673.36012028308, 0.07614616968538394, 0.27653288030290835

1.9062573797766017e-06, 7068.730176121109, 0.0761710485884015, 0.2765330508905355

1.5569362345989635e-06, 7571.277831151909, 0.07615190981450777, 0.27653263679941453

1.318936750367946e-06, 8271.510514101723, 0.07614290753688208, 0.27653242031631253

1.0962934284747047e-06, 7876.140458263693, 0.07612270511195547, 0.276532715410655

7.316161209592902e-07, 9474.290852082337, 0.07611056032789913, 0.276532828391599

9.696156051903077e-07, 8774.058169132522, 0.07612170978292959, 0.27653253806103

1.192258927083549e-06, 9169.428224970554, 0.07614313163746436, 0.2765322358381535

1.2402416763879711e-06, 9816.072108323984, 0.07615607695785348, 0.27653220503417997

1.5895628215656093e-06, 9313.524453293185, 0.07618782918262443, 0.27653289675411563

1.1246024092841331e-06, 8908.924740172688, 0.07613446116250532, 0.2765323106572718

1.0459073353041581e-06, 10453.486334394951, 0.07614314143524417, 0.276532026728383

9.093926277722643e-07, 11544.474244541565, 0.07613892167679068, 0.2765318899929693

1.0250318948761023e-06, 12451.621612692861, 0.07616267710829064, 0.2765319524602964

