Unloaded module: latex/TeXLive12
Loaded module: python3/3.6.2
[2.5]
[2.5]
1.0, 2.5, 0.21790531174419986, 0.32418324475983407

1.0, 2.625, 0.21967807765541117, 0.32370352183571366

1.05, 2.5, 0.22220995130385002, 0.32561749342870366

0.95, 2.625, 0.2151979356943918, 0.3222267275095045

0.8999999999999999, 2.6875, 0.21141336844390635, 0.32051239871059506

0.8999999999999999, 2.8125, 0.213222977840383, 0.320187214197877

0.8499999999999996, 2.96875, 0.21058836979781104, 0.318328854392553

0.7499999999999996, 3.03125, 0.20093434533336066, 0.3149421199504571

0.6249999999999991, 3.234375, 0.1888867074552774, 0.3102827108446272

0.5749999999999988, 3.515625, 0.18613685962054038, 0.3082085999680359

0.4124999999999983, 3.9296875, 0.16618395757822535, 0.30134483571137566

0.18749999999999778, 4.1953125, 0.12001433418836455, 0.2904346428853606

-0.14375000000000315, 4.80859375, 1.8993906550452198, 1.0131419433042166

-0.02500000000000302, 4.890625, 0.07959689505360484, 0.2810138658491554

-0.3500000000000041, 5.71875, 48.98215184955185, 47.64744372265226

-0.25000000000000355, 5.15625, 33.4600589346227, 26.89621560008426

0.24687499999999785, 4.236328125, 0.13543658650419035, 0.29335887911102504

-0.08437500000000309, 4.849609375, 0.2677733364927748, 0.3165597408682445

0.1640624999999976, 4.3896484375, 0.11521228239060492, 0.2890273412676939

-0.048437500000003186, 5.0849609375, 0.09505562748005927, 0.2814457952145871

-0.23750000000000382, 5.5859375, 17.385113403705805, 19.117103463804995

0.06367187499999725, 4.688720703125, 0.08744216391661593, 0.28371664904039234

-0.13710937500000347, 5.286865234375, 2.545695080790416, 2.1646885002876433

0.013476562499997076, 4.8382568359375, 0.07684714556441825, 0.28160030486933

-0.08691406250000328, 5.1373291015625, 0.9167859490140364, 0.3194932705352017

-0.011621093750003014, 4.91302490234375, 0.07678267296550793, 0.2809887109218687

0.01181640624999715, 4.71868896484375, 0.07665629428469446, 0.28179776236314724

-0.033374023437503106, 4.9933929443359375, 0.08301153688307399, 0.28093791552519115

-0.019995117187503103, 5.0157928466796875, 0.07835412647557771, 0.28076225694971363

-0.017492675781253145, 5.078376770019531, 0.07782905429325188, 0.28065053680270086

-0.039245605468753234, 5.158744812011719, 0.08693301761245072, 0.28083445572047533

-0.023364257812503272, 5.2437286376953125, 0.07953006921766151, 0.28038431728237556

-0.018359375000003356, 5.368896484375, 0.07822264319203859, 0.2801661496552175

0.003393554687496733, 5.2885284423828125, 0.07614813562068089, 0.28055001576651334

0.0025268554687465222, 5.579048156738281, 0.07612479300858742, 0.28008648306357753

0.012536621093746356, 5.829383850097656, 0.0769756493740643, 0.2800157077698236

-0.009216308593753733, 5.909751892089844, 0.07668151268900013, 0.2794433018524693

-0.015521240234378966, 6.220363616943359, 0.07804302820637106, 0.27904113123773283

0.015374755859370745, 6.680850982666016, 0.07770557101833438, 0.27920473073147406

-0.012683105468754577, 7.071830749511719, 0.07770481123248048, 0.27821757631143496

-0.025292968750005043, 7.69305419921875, 0.08494557253296932, 0.27801285764597633

-0.056188964843754755, 7.232566833496094, 0.30970674098058754, 0.4546676623428133

-0.00251617431641063, 6.818779945373535, 0.07614188402646532, 0.2785498711121192

-0.012287902832036707, 8.291470527648926, 0.07814022141022617, 0.27736509975955725

-0.010671234130865577, 9.327023983001709, 0.07799732302145795, 0.2768310875741069

-0.03344802856445999, 10.201298236846924, 0.1680482007392591, 0.28234313233623004

-0.01024913787842297, 7.664409518241882, 0.07728594241809784, 0.2777675991993625

0.0043725967407164945, 9.298379302024841, 0.07634741942973848, 0.27712394344320096

0.0039505004882738875, 10.960993766784668, 0.07637343675854168, 0.27648501644773593

0.011050319671622316, 12.60928589105606, 0.07860780116908332, 0.2764718615220306

-0.003993511199959755, 12.637930572032928, 0.07652436640617709, 0.2757752429557665

-0.00817656517029788, 14.307706207036972, 0.07863890394488282, 0.27543549407369683

0.013544988632190013, 17.589968115091324, 0.08227833551190182, 0.2761872784268218

-0.005681896209730183, 19.288388431072235, 0.07823985855529318, 0.2747841335399393

-0.014048004150406433, 22.627939701080322, 0.12510102019123298, 0.2837937338736584

-0.027403450012218077, 16.006126523017883, 0.3234408837127112, 0.28951093649454746

0.0033078789710879906, 17.194007717072964, 0.07654590057581356, 0.2752792607377204

0.005802547931655687, 22.174689941108227, 0.07815762313402812, 0.27511447352126517

-0.0031872272491624866, 24.269070655107498, 0.07709239355056598, 0.27439934162262997

-0.006434780359287726, 27.806602124124765, 0.08236197725386046, 0.27443892098086053

-0.014671671390548358, 21.382769145071507, 0.1969980197349564, 0.35202095775112524

0.0006839931011046762, 21.976709742099047, 0.07612157002108158, 0.27468477152908

0.003178662061672373, 26.95739196613431, 0.07705253694385392, 0.27463149025450084

-0.0006925582885947898, 29.24975287914276, 0.07615085451600169, 0.2742122302240118

-0.0013808339834445228, 32.88627444766462, 0.0764128053144924, 0.27405006283827316

-0.007746723294279383, 30.197953136637807, 0.12285916594306463, 0.27470631961012176

0.0004473157226844342, 27.767532258760184, 0.07611075489394485, 0.27434577918068664

0.0022537089884023982, 36.384736051317304, 0.07696307815649141, 0.2742793748930227

0.0004255592822734412, 41.50347824022174, 0.07613257911296341, 0.2739525180108467

0.0004146810620679446, 48.371451230952516, 0.07614492594201806, 0.27384398936702364

-0.003219861909778976, 44.87298962729983, 0.07986370617593612, 0.27386356983299626

-0.0014243468642665088, 60.35816641058773, 0.07729820153830627, 0.2735853999934894

-0.0014461033046775022, 74.09411239204928, 0.07802028422105528, 0.27350649629440976

0.0021884396671694186, 77.59257399570197, 0.0793281625018447, 0.2741726913727952

-0.0018677865155418776, 53.052885719400365, 0.0777336845242067, 0.2736679194935797

-0.0037285708822873244, 78.77554688049713, 0.10092895269527388, 0.27506627678465556

-0.0006211319240208726, 55.97247514333867, 0.07627194916743817, 0.27364661958587405

-0.00019944871315649747, 77.01370181598759, 0.07612284644696435, 0.27351550367860794

-0.001024420093813127, 95.1353390646982, 0.0776560695318483, 0.27340156168861496

-0.0012260641787092542, 114.71677102537797, 0.07957250381922797, 0.27342500312290163

-0.0022710746853341316, 92.2157496407599, 0.08505443655605628, 0.27380396667912876

-0.000717355206200906, 80.81421377218066, 0.07661248670167714, 0.2734508580905646

-0.0002956719953365308, 101.85544044482958, 0.07622348468835384, 0.2733924053812615

0.0002795436593339548, 115.73610447121973, 0.07623044631252782, 0.27348003568474744

-0.0006027368829487519, 116.17656573734712, 0.07686255569956309, 0.2733289397163413

-0.0005454277213226746, 133.85774171993035, 0.07693232240237707, 0.2732933992067216

0.00018332037715392165, 140.57784310006173, 0.07617913049757043, 0.27341305691970164

-0.0007224849760713648, 106.49596507353908, 0.07703397301189539, 0.2733543384107142

-0.0009722407020575086, 138.49826634863985, 0.07924403280549695, 0.2733628980120333

-0.0008030985253772641, 129.33755987268728, 0.07787921894825778, 0.27332167401940743

-0.0006260412706285739, 156.69933651907854, 0.0776685040204056, 0.27327329650904353

-0.0005778194179071783, 181.80102224184827, 0.07791724264950886, 0.2732539955756317

-0.0003201486138525888, 186.32120408909134, 0.07663879731333986, 0.27322887894967424

-7.867365809025115e-05, 214.81302619729337, 0.07612969750000967, 0.27324640347382056

-0.0003525403104370925, 234.26448461100927, 0.07717872489492203, 0.2731963932856171

-0.00025609660499430155, 284.4678560565487, 0.07692347573839307, 0.2731701140563444

1.5741990602879561e-06, 288.9880379037918, 0.0760882870343103, 0.27323871591543836

-0.00014327420518157863, 262.1912839883059, 0.076299062576763, 0.2731942414340725

-7.922219632329139e-05, 360.3379359557633, 0.0762081968934044, 0.2731713426353838

-0.0001920445961360143, 382.61450802400617, 0.07693758326131327, 0.2731423051220865

-0.00021642979161323218, 442.82612004185637, 0.07758210768526988, 0.2731438597181523

-0.00036891900480702446, 306.7444281247916, 0.07823034798776898, 0.2731968935655552

-0.00015164639844422465, 346.9395589980204, 0.0765104952349903, 0.27315418578930495

-8.759438958593738e-05, 445.0862109654779, 0.07631526335368935, 0.2731439020997246

-0.00012799258727772702, 480.7611599914637, 0.07667286081393994, 0.2731260866066651

-0.0001161656816944782, 547.6719604881855, 0.07671489631588212, 0.2731178467160562

-0.00022061588824455513, 485.20025754671383, 0.07798344385467929, 0.2731509802084851

-0.00012084976425059182, 455.1147226107869, 0.07655086631257167, 0.2731317934315278

-4.4970849809055724e-05, 620.1721750749662, 0.07620242803004423, 0.2731357215190949

-8.173928639079535e-05, 560.7827583122262, 0.07640503199353911, 0.2731240258832266

-7.705520383468175e-05, 653.3399961896248, 0.07647277883332317, 0.27311337197563407

-5.515792362672671e-05, 752.4526329790438, 0.07634611983239212, 0.27311316138431474

-8.958431893040956e-05, 739.3418351550031, 0.07676959634414643, 0.2731029588465659

-9.350683520021664e-05, 828.6213735763915, 0.0770363354897165, 0.2730999186549059

-3.2499077132465144e-05, 1033.4020460672498, 0.07625504915829572, 0.27310923867390474

-7.084798870595507e-05, 1109.5707866645976, 0.07706538217431907, 0.2730909124523182

-7.869302124556926e-05, 1288.1298635073745, 0.07776979816563435, 0.27310445902937003

-0.00013185574677370657, 904.7901141737393, 0.07848420413334177, 0.2731419709648979

-5.73382445427755e-05, 1001.2490630938721, 0.07659318573245623, 0.2730937605980658

-3.4679398048513934e-05, 1282.1984761820784, 0.07638529713388074, 0.27309383360022826

-4.938625733643961e-05, 1168.8042005306565, 0.07659883489288344, 0.27308923321051665

-6.289600149961918e-05, 1277.125924101382, 0.0771109487909077, 0.27308795068395764

-6.567487997804103e-05, 1415.064354605137, 0.07748342926484147, 0.273093697891361

-4.143427013010372e-05, 1336.3593379674408, 0.0765563595065397, 0.27308675988614317

-2.672741084217803e-05, 1449.7536136188623, 0.07631188635229529, 0.2730956325605923

-5.4944014293283294e-05, 1444.681061538166, 0.07708534873855948, 0.2730847819140989

-5.772289277170513e-05, 1582.6194920419207, 0.0774329813661911, 0.27309008449489747

-3.348228292376783e-05, 1503.9144754042247, 0.07647245697674461, 0.27308653830963947

-4.6992027086947404e-05, 1612.2361989749502, 0.07699158536830851, 0.2730813965588868

-4.977090556536925e-05, 1750.1746294787054, 0.07730293239743165, 0.2730851163116225

-6.845375845646287e-05, 1553.0027851088914, 0.07795149201267303, 0.273106740713512

-4.222515180694159e-05, 1516.1865528303915, 0.07672208055947013, 0.2730817846753172

-3.42731646006057e-05, 1683.7416902671757, 0.07659834470022922, 0.2730811568062362

-2.39377397542669e-05, 1803.2720046316808, 0.07636755444247446, 0.27308780413869094

-3.9040039880611514e-05, 1779.7913364117344, 0.07684086028193288, 0.2730785971371568

-3.7447483917446475e-05, 1911.593728202406, 0.0768895425240781, 0.27307759744170096

-2.4728621431104774e-05, 1983.0992194946316, 0.0764518508979137, 0.2730823075600078

-4.142617567298674e-05, 1704.9519541048705, 0.07686726875806672, 0.2730794417168886

-4.4600494989827514e-05, 1932.8039920401006, 0.07727613470378253, 0.27308288333288705

-3.6854997197911156e-05, 1746.007265710407, 0.0767288199619035, 0.27307907169078466

-3.287630544237089e-05, 1952.6490398079425, 0.07672556947829438, 0.27307722174744403

-2.8601370327062967e-05, 2076.4975826594787, 0.0766298073184146, 0.2730771964849065

-2.9193857046598285e-05, 2242.0840451514778, 0.07675199917349118, 0.2730750674862947

-2.536328697094185e-05, 2490.1224348720134, 0.07670406409409394, 0.27307395227330095

-1.651717338055834e-05, 2655.0262893290856, 0.07637673547585033, 0.27308177576082215

-3.221490628322444e-05, 2097.451868484076, 0.07679784218822315, 0.27307593063895025

-2.897682292710332e-05, 2511.0767206966107, 0.076917457304481, 0.27307393252305834

-2.9164549227123505e-05, 2728.366289715176, 0.0770900598768136, 0.2730748722069145

-2.2125203614820733e-05, 2903.7472870845477, 0.07672645215386405, 0.2730720502320212

-1.708035228061888e-05, 3306.8949963847836, 0.07657582800167016, 0.2730725718509862

-2.5738739570982204e-05, 2924.7015729091454, 0.07697905739386464, 0.27307272803227906

-1.8887120258699616e-05, 3317.3721392970824, 0.07669376672448482, 0.27307094506227075

-1.3842268924497763e-05, 3720.5198485973187, 0.07649058835400172, 0.2730736826950758

-1.5273584302538144e-05, 3296.417853472485, 0.07647214758408055, 0.27307535606894207

-2.312245075387119e-05, 3017.6306430499803, 0.07684726671994031, 0.27307152891601

-1.988436739775007e-05, 3431.255495262515, 0.07681226695027174, 0.2730702345115655

-1.8763949289214737e-05, 3695.0095993514988, 0.07683711554352435, 0.2730696346820713

-1.4528618794043163e-05, 3994.7510955986004, 0.07660420267898017, 0.2730704511358069

-1.4405447824558288e-05, 4372.388555653017, 0.07670040916138425, 0.2730686536446768

-1.2164611607487624e-05, 4899.896763830983, 0.07663367676855527, 0.27306858416390456

-1.6399942102659197e-05, 4600.155267583883, 0.07698300056221002, 0.27306894939156506

-9.800604420932085e-06, 5805.042432063368, 0.0765831375181981, 0.27306841419658734

-5.31893198679076e-06, 6860.058848419303, 0.07628573797907118, 0.27308080546539704

-5.565273925760511e-06, 6104.7839283104695, 0.07625883930276427, 0.27308382908457907

-1.3691275058434527e-05, 4976.31243276553, 0.07681002297627582, 0.2730674510556326

-1.1327267871878987e-05, 5881.458100997915, 0.07677676800163069, 0.27306651370001317

-1.090859600407467e-05, 6372.2387695813795, 0.07684106567063824, 0.27306615129206624

-1.4799266641577113e-05, 5543.508770283541, 0.07715685140974547, 0.2730702581571795

-1.1050269976093342e-05, 5739.659016618411, 0.07670931967478047, 0.27306691344348555

-8.267590921733485e-06, 7135.585353434262, 0.07662200977145371, 0.2730667760538452

-8.125916949714814e-06, 7768.16510639723, 0.07670311377871053, 0.27306555545328903

-6.663740436525549e-06, 8782.41815128664, 0.07661314380927273, 0.27306609885611777

-1.0766922032056e-05, 7004.818522544347, 0.07698235069865159, 0.2730666550679321

-1.0142089254475371e-05, 7037.5102302668265, 0.07688415872121974, 0.2730658665360543

-7.359410200115515e-06, 8433.436567082677, 0.07668172092998816, 0.27306541426126946

-5.584817298135937e-06, 9464.035465833327, 0.07651277968072177, 0.2730679858182485

-5.343237895354958e-06, 9164.091443213081, 0.0764505089552481, 0.27307012708905454

User defined signal 2

------------------------------------------------------------
Sender: LSF System <lsfadmin@n-62-21-17>
Subject: Job 1710025: <minimize_batch_job_this_is_on_purpose_to_utilize_more_kernel> in cluster <dcc> Exited

Job <minimize_batch_job_this_is_on_purpose_to_utilize_more_kernel> was submitted from host <gbarlogin2> by user <s174007> in cluster <dcc> at Thu Jan 10 21:24:56 2019
Job was executed on host(s) <n-62-21-17>, in queue <hpc>, as user <s174007> in cluster <dcc> at Thu Jan 10 21:24:57 2019
</zhome/b0/b/127184> was used as the home directory.
</zhome/b0/b/127184/Documents/Projects/machine-learning-on-materials> was used as the working directory.
Started at Thu Jan 10 21:24:57 2019
Terminated at Sat Jan 12 18:25:03 2019
Results reported at Sat Jan 12 18:25:03 2019

Your job looked like:

------------------------------------------------------------
# LSBATCH: User input
#!/bin/bash
##Kør på cpu
#BSUB -q hpc
##Navn på job
#BSUB -J minimize_batch_job_this_is_on_purpose_to_utilize_more_kernel
##Output fil
#BSUB -o output/minimize/laplacian_GP_deep_batchjobs-%J.out
##Antal kerner
#BSUB -n 1
##Om kernerne må være på forskellige computere
#BSUB -R "span[hosts=1]"
##Ram pr kerne
#BSUB -R "rusage[mem=10GB]"
##Hvor lang tid må den køre hh:mm
#BSUB -W 45:00
##Email når jobbet starter
##og stopper
module purge
module load python3
python3 KRR/minimizer.py laplacian 1 GP deep [2.5]
------------------------------------------------------------

TERM_RUNLIMIT: job killed after reaching LSF run time limit.
Exited with exit code 140.

Resource usage summary:

    CPU time :                                   161984.00 sec.
    Max Memory :                                 1552 MB
    Average Memory :                             1206.98 MB
    Total Requested Memory :                     10240.00 MB
    Delta Memory :                               8688.00 MB
    Max Swap :                                   -
    Max Processes :                              4
    Max Threads :                                5
    Run time :                                   162007 sec.
    Turnaround time :                            162007 sec.

The output (if any) is above this job summary.

