Unloaded module: latex/TeXLive12
Loaded module: python3/3.6.2
[5]
[5.0]
0.001, 5.0, 0.07609510641080329, 0.28107453912789104

0.001, 5.25, 0.07609570911316635, 0.2807335317267794

0.0010500000000000002, 5.0, 0.07609580486856202, 0.28107561406605314

0.0009499999999999999, 5.25, 0.07609498590602867, 0.28073243109299967

0.0008999999999999998, 5.375, 0.07609455174011945, 0.2805741878953795

0.0008999999999999998, 5.625, 0.07609507262168176, 0.2802833981123205

0.0008499999999999996, 5.9375, 0.0760949475702928, 0.2799572090527235

0.0007499999999999994, 6.0625, 0.07609366798412467, 0.2798353094150265

0.0006249999999999988, 6.46875, 0.07609248157537006, 0.27947914254111667

0.0005749999999999987, 7.03125, 0.07609241421375428, 0.27906317880651715

0.00041249999999999794, 7.859375, 0.0760908832903102, 0.2785666235744023

0.00018749999999999713, 8.390625, 0.07608887165515668, 0.2783004734023641

0.0004624999999999982, 7.296875, 0.07609113818770151, 0.27888894867860653

0.0001374999999999969, 8.953125, 0.07608863034864927, 0.27806017224813845

0.0002874999999999975, 8.265625, 0.07608965946622373, 0.27836109698926703

3.749999999999652e-05, 9.078125, 0.07608828629390506, 0.278008658856238

0.00013749999999999692, 8.703125, 0.0760886112918081, 0.2781622093900908

3.749999999999649e-05, 9.328125, 0.07608828777164024, 0.27791542791506935

8.74999999999967e-05, 9.078125, 0.07608841274122123, 0.27801004977539007

6.249999999999661e-05, 9.140625, 0.07608833790748941, 0.27798552758582407

6.249999999999659e-05, 9.390625, 0.07608834203581129, 0.2778936709719196

7.499999999999662e-05, 9.546875, 0.07608838285787985, 0.2778392708727958

4.99999999999965e-05, 9.734375, 0.07608831547140377, 0.27777535753536514

4.374999999999643e-05, 10.03125, 0.07608830451698925, 0.277680340435561

8.124999999999655e-05, 10.25, 0.0760884254230225, 0.2776153802268628

0.00010312499999999658, 10.7109375, 0.07608855096121041, 0.27748637081791383

7.18749999999964e-05, 11.1953125, 0.07608841269057122, 0.2773615036176846

7.031249999999627e-05, 12.01953125, 0.07608842734982345, 0.2771752032055748

0.00012968749999999642, 12.69921875, 0.07608889715518889, 0.2770430807120269

0.00017265624999999643, 14.033203125, 0.07608962690702559, 0.2768216675799388

0.00013984374999999612, 15.341796875, 0.07608932388498797, 0.2766416382367237

0.00015820312499999586, 17.6572265625, 0.07609004423178652, 0.27639443373006767

0.000260546874999996, 19.6708984375, 0.07609420349993155, 0.2762335433739244

0.00035566406249999596, 23.49658203125, 0.07610381553331204, 0.276006473080108

0.0003412109374999953, 27.12060546875, 0.0761071737514915, 0.2758491571994583

0.00042548828124999477, 33.664306640625, 0.07613277464669112, 0.2756629294702084

0.0006229492187499949, 39.503662109375, 0.07621651980396699, 0.2755695595546418

0.0008553222656249945, 50.4268798828125, 0.07646666472819007, 0.275476179854818

0.0009251464843749932, 60.5946044921875, 0.07671020648780635, 0.2754303573584296

0.0012098876953124918, 79.14361572265625, 0.07777019134763971, 0.2754907642575693

0.001354980468749993, 77.357177734375, 0.07807203103554924, 0.2755426056937229

0.0011226074218749936, 66.4339599609375, 0.07715099145372491, 0.2754634823624196

0.0011924316406249922, 76.6016845703125, 0.07763160374603376, 0.27548188154430886

0.000939599609374994, 56.9705810546875, 0.07665865815678424, 0.2754499288941474

0.0007421386718749936, 51.1312255859375, 0.07638385053307566, 0.27545177197206816

0.0008372558593749935, 54.9569091796875, 0.07651584259693578, 0.27544109348755275

0.0008228027343749928, 58.5809326171875, 0.07655498466097002, 0.27541778853976756

0.0007644042968749922, 59.3861083984375, 0.07650424290976059, 0.2754018677809745

0.0008522949218749919, 65.0238037109375, 0.07669600835434831, 0.27539718475344294

0.0008598144531249911, 70.0572509765625, 0.07679908466404065, 0.275384831653257

0.0006990722656249901, 68.8487548828125, 0.07655230372161052, 0.2753480470110794

0.0005860351562499886, 72.975830078125, 0.07645788251220585, 0.2753078418136414

0.0006814453124999874, 83.64697265625, 0.076726796955323, 0.27530948392734916

0.0004076660156249849, 86.5655517578125, 0.0763427658855398, 0.2752265159048959

0.00018159179687498184, 94.8197021484375, 0.07615081930961098, 0.27515141481505684

8.618164062498303e-05, 84.1485595703125, 0.07609957981361615, 0.27516509232806324

0.0003599609374999855, 81.22998046875, 0.076265083663054, 0.2752294436154326

0.00024692382812498397, 85.3570556640625, 0.07618145963947352, 0.2751919047734444

2.08496093749809e-05, 93.6112060546875, 0.07608908483728725, 0.2751232425078879

0.00011625976562497971, 104.2823486328125, 0.07611953315883144, 0.2751145661641661

0.00013129882812497806, 114.3492431640625, 0.07613591886000126, 0.2750986320892463

0.00012883300781248066, 99.39996337890625, 0.07612312672875458, 0.27512850544027134

2.3315429687478296e-05, 108.56048583984375, 0.07608964484318612, 0.275085593205951

0.00013376464843747546, 129.29852294921875, 0.07615116578906611, 0.27507713981788173

0.00019022216796872273, 147.14218139648438, 0.07624962375799985, 0.2750789932374777

2.5781249999975693e-05, 123.509765625, 0.07609044746996058, 0.27505751821024743

0.00013623046874997285, 144.247802734375, 0.07616903941785014, 0.2750615240621186

2.824707031247309e-05, 138.45904541015625, 0.07609155336231634, 0.275035942705502

8.162231445309862e-05, 137.61610412597656, 0.07611507554332823, 0.27505145716306983

8.408813476559602e-05, 152.5653839111328, 0.07612310806304036, 0.2750361301546716

3.071289062497049e-05, 153.4083251953125, 0.07609302955832002, 0.2750190012518011

5.2581787109064345e-06, 161.30443572998047, 0.07608841350304059, 0.27500382781328236

5.042037963864289e-05, 151.2235622406006, 0.07610068833616485, 0.2750269995159018

2.7431488037076235e-05, 174.0689525604248, 0.07609315378236187, 0.2749989060421926

2.7023696899377807e-05, 191.87390613555908, 0.07609402308409972, 0.2749857525117998

3.328065872189251e-05, 163.90636658668518, 0.07609464197610108, 0.2750094677858769

2.4710798263517315e-05, 170.24776875972748, 0.07609206283108827, 0.2750012339523434

4.6476316451988684e-05, 200.8172391653061, 0.07610678914423696, 0.27498765160862276

4.878921508784918e-05, 222.4433765411377, 0.07611323033926902, 0.27497806898759436

6.08284235000151e-05, 248.5411804318428, 0.07613631113640033, 0.27497474318112364

4.1375803947404216e-05, 239.5978474020958, 0.07610912327195912, 0.27496776921099375

3.882554769511198e-05, 258.98815152049065, 0.07610971106523563, 0.2749599037609177

7.263027429574928e-05, 315.65542581677437, 0.07619707436919572, 0.2749704142935887

5.0627398490846164e-05, 326.1023969054222, 0.07614535260920381, 0.27495279496036623

4.552688598626169e-05, 364.8830051422119, 0.07614602948208186, 0.2749445114938356

1.172215938562439e-05, 308.2157308459282, 0.07609105874371395, 0.2749317520539469

1.8423497676774096e-05, 414.11058446764946, 0.07610064294694974, 0.2749175548034541

8.222472667605146e-06, 491.67180094122887, 0.07609175709226716, 0.2749011382794846

2.774960100643823e-05, 382.4133855178952, 0.07611209223396627, 0.2749285667190837

2.4249914288418986e-05, 565.8694556131959, 0.07612784494654297, 0.2749129051852414

4.722785949585903e-06, 675.1278710365295, 0.07609043654561719, 0.27488536421706244

1.5361271798507255e-05, 574.6346458010375, 0.0761047873016315, 0.2749023414843687

1.091695055355139e-05, 579.0172408949584, 0.07609677347125995, 0.2748972861731637

7.417263835532147e-06, 762.473310990259, 0.07609507958768909, 0.27488532086508766

7.014659419495649e-06, 897.8740660147741, 0.07609670646597415, 0.27488137284589514

8.204948155301625e-07, 993.9846961563453, 0.076088400908257, 0.27486914499931114

3.1123682854399084e-06, 1216.73089113459, 0.07609132537213589, 0.2748693702123448

4.490545484990342e-06, 1001.6159298301209, 0.07609258033906684, 0.2748751657117669

3.228488517737689e-06, 1053.4868617377942, 0.07609073439956916, 0.2748719923230274

7.04374583232382e-07, 1157.228725553141, 0.07608840073232777, 0.2748654860136694

1.93740149241059e-06, 1146.1688009946665, 0.07608931572133172, 0.27486801265332556

1.8212812601128096e-06, 1309.4128303914622, 0.07608947745287045, 0.27486548272065175

2.3216744824041327e-06, 1467.1268975090206, 0.07609074092858517, 0.274865095997458

1.0886475732259246e-06, 1478.186822067495, 0.076088813897254, 0.2748619470038644

6.642706136335922e-07, 1644.1958326039094, 0.07608851419463235, 0.27485934342413976

2.281570512805343e-06, 1954.094004559789, 0.07609250287215542, 0.27486253516310455

6.241666440348025e-07, 2131.1629396546778, 0.07608863788275075, 0.27485615036640215

1.4628945708197701e-06, 1920.8866953445413, 0.07608994938220914, 0.2748599301905311

1.0535565998269839e-06, 1904.2830407369174, 0.07608912136812167, 0.2748587026344164

1.013452630228194e-06, 2391.250147787686, 0.07608951667093138, 0.2748566424683671

5.840626744360127e-07, 2618.130046705446, 0.07608875983817699, 0.27485423084166744

3.4931571174052714e-07, 2975.05354968971, 0.07608848988765428, 0.2748522508311756

7.500969040579294e-07, 2472.17919622994, 0.07608899566545742, 0.27485534458337396

4.752459717636541e-07, 3316.0698062649717, 0.07608879094210388, 0.2748522388284495

4.0078563562807993e-07, 3908.5232395701187, 0.07608878452680354, 0.2748510396645041

4.443310677626459e-12, 4411.397593029889, 0.07622125740127886, 0.2749793025557758

5.625737888711165e-07, 2956.9837954299273, 0.07608885176452546, 0.27485332186601974

1.8752755849749053e-07, 3926.5929938299014, 0.07608837437510442, 0.2748496669132694

4.4433106774147005e-12, 4411.3975930298875, 0.07621325311689879, 0.2749372839243751

2.389974823850433e-07, 4860.06268371031, 0.07608854761853567, 0.2748490924469847

1.838383677073014e-07, 5802.567250720611, 0.07608850227706274, 0.2748480780215835

2.93234299365238e-07, 4386.551680922687, 0.07608861313354906, 0.2748498688808571

7.813162683955396e-08, 5342.608563627825, 0.0760882952899109, 0.274847411211387

7.444243604936483e-08, 7218.582820518535, 0.07608831991744425, 0.2748463625229001

1.7899874825301987e-08, 8864.577733862854, 0.07608826323573094, 0.27484508068749375

1.1592705926986469e-07, 6453.080199732975, 0.07608837810256391, 0.27484713225735347

5.5695307255612705e-08, 9975.049369968005, 0.07608832417085533, 0.2748454234572436

7.636232515516102e-08, 7936.446875824202, 0.07608833678566643, 0.2748461444257561

5.6579958097809185e-08, 8678.130213869816, 0.07608830966758152, 0.27484570662117785

1.7015223983105507e-08, 10161.496889961043, 0.0760882642560281, 0.27484473446685237

3.657642832990823e-08, 9744.043340939977, 0.07608828513692575, 0.27484517585489765

2.7016988867055988e-08, 9628.540326425962, 0.07608827238407816, 0.2748449839231885

2.613233802485951e-08, 10925.459482524151, 0.0760882753498241, 0.2748447820887501

1.613057314090903e-08, 11458.416046059232, 0.0760882651698634, 0.2748444322218079

1.0687365277835544e-08, 12373.353905875869, 0.07608826165581832, 0.2748443041363316

1.5702512360815397e-09, 11609.39131331276, 0.07608825864584108, 0.2748442747519777

1.1572016120032024e-08, 11076.43474977768, 0.07608826135833847, 0.2748444378243554

6.856003938850594e-10, 12906.31046941095, 0.07608826033336931, 0.27484423099540545

5.907645546409422e-09, 12315.602398618863, 0.07608825898900987, 0.2748441273952761

5.022994704212941e-09, 13612.521554717052, 0.07608825888619326, 0.27484390424331484

6.749366438278642e-09, 14614.086675419196, 0.07608825995197749, 0.27484392062837015

1.0245039856737304e-08, 13021.813483924965, 0.07608826164927984, 0.2748440504553728

9.360389014540823e-09, 14318.732640023154, 0.07608826170613651, 0.27484391942006114

4.138343862016461e-09, 14909.44071081524, 0.07608825869002532, 0.274843785451895

1.084995864656038e-09, 15853.254324260379, 0.07608825852251855, 0.2748428754436342

6.2071921494876565e-09, 14525.810289755935, 0.07608825962223678, 0.2748439156928131

4.6305937169610735e-09, 14629.349114622324, 0.07608825887693345, 0.2748439245706104

3.0539952844344897e-09, 14732.887939488715, 0.07608825837176052, 0.2748438805074227

3.6460940070718473e-09, 15189.532307008158, 0.07608825859887082, 0.2748436570297509

1.6770945872933952e-09, 16309.898691779821, 0.07608825870014892, 0.274844306345469

2.709770110149216e-09, 15127.140627561492, 0.07608825850966613, 0.274843628483014

1.4867196773340678e-10, 15790.862644813715, 0.07608831595544914, 0.2748405440711438

1.6633020131719691e-09, 15474.59955604927, 0.07608825956062684, 0.2748426684686987

7.269781162493379e-10, 15412.207876602606, 0.07608826074647061, 0.27484309947812574

9.95491427554363e-10, 15742.992712345935, 0.07608825847529921, 0.2748431243032342

9.05986990452688e-10, 15632.731100431492, 0.07608826109292613, 0.2748433213862734

6.168339161947224e-10, 15822.058484537047, 0.0760882622718219, 0.27484341892691255

4.3782504199137235e-10, 15601.535260708159, 0.0760882769819342, 0.27484412165440364

5.720816976438849e-10, 15766.927678579825, 0.07608825980843215, 0.2748436619196312

5.273294790930474e-10, 15711.796872622603, 0.07608826020639257, 0.27484215920198796

3.827529419640646e-10, 15806.46056467538, 0.07608826594433644, 0.2748442433161305

2.9324850486238957e-10, 15696.198952760937, 0.07608826582596102, 0.2748455572996779

3.6037683268864583e-10, 15778.89516169677, 0.07608831095443973, 0.27484103184846315

3.9092693965203684e-10, 15748.337887938922, 0.07608826885728219, 0.27484261930892473

2.545244002110263e-10, 15784.878903255241, 0.07608827751312101, 0.27484297739556657

3.380007234132271e-10, 15751.329758718159, 0.07608828291254623, 0.2748434376882425

6.519564453120602e-11, 15824.411789350797, 0.07608870592921277, 0.27484168974470735

1.8072910317166635e-10, 15796.258060168748, 0.07608829065459963, 0.27484514316512726

1.069338061323064e-10, 15807.637217082256, 0.07608839735507637, 0.2748500734792256

2.0159818397221655e-10, 15787.870774034478, 0.07608830722778227, 0.2748428831298068

2.4333634557331693e-10, 15771.096201765935, 0.07608826651607366, 0.27484393349302966

2.0923571071306429e-10, 15780.231455595014, 0.07608835754235295, 0.27485143539833384

1.7513507585281167e-10, 15789.366709424095, 0.0760882927212333, 0.27484477160400445

1.278028869328566e-10, 15799.249930947986, 0.07608829284705304, 0.27484185811772716

1.0133977881345171e-10, 15800.745866337606, 0.07608866717392186, 0.27483062612892845

6.444213029377171e-11, 15806.435444794362, 0.0760888471195944, 0.27484241969941825

1.2220885961400193e-10, 15792.358580203334, 0.07608832235324302, 0.2748381158529973

7.487667069404686e-11, 15802.241801727225, 0.07608844467893192, 0.27484021282174476

9.332549495388685e-11, 15799.397012498848, 0.07608841181586737, 0.2748460431278573

1.1177431921372682e-10, 15796.55222327047, 0.07608846709592332, 0.274832808733636

1.2500587327342926e-10, 15795.80425557566, 0.07608836517298513, 0.2748377931137117

8.810822475374928e-11, 15801.493834032417, 0.07608839333537948, 0.27484389239344237

1.1578146114350927e-10, 15797.226650189848, 0.07608840344883987, 0.2748312102049272

1.0534692074323416e-10, 15801.420293256984, 0.07608839241463991, 0.2748447889376762

1.1016746959610365e-10, 15797.769240767098, 0.07608841129247883, 0.2748351543234926

1.0856061997848049e-10, 15798.986258263727, 0.07608851507615995, 0.2748342597000121

1.0655704901358927e-10, 15798.649044804039, 0.07608857901862602, 0.274844311106929

1.0334334977834293e-10, 15801.083079797292, 0.07608840130510428, 0.27483078354447993

9.612250861331415e-11, 15802.84268787117, 0.0760884376090648, 0.2748373666300023

1.054510921371889e-10, 15799.950365665587, 0.07608839275466599, 0.2748527460299566

1.0234156429589732e-10, 15800.914473067449, 0.07608843961273491, 0.27484369275662196

1.049501993959661e-10, 15799.866062300665, 0.07608876678906298, 0.27485783414076753

9.873114371338293e-11, 15801.794277104389, 0.07608877287973222, 0.2748399033908328

9.772935823093734e-11, 15801.625670374546, 0.07608846377688228, 0.27484744044386056

1.0118851277965732e-10, 15801.092272394224, 0.07608841477504773, 0.2748539875437709

1.0003546126341733e-10, 15801.270071720997, 0.07608840029236796, 0.27484540426817716

1.0184067155467452e-10, 15800.830169702527, 0.0760885432919008, 0.27484133565294605

1.0314498910470891e-10, 15800.305964319135, 0.07608855890104467, 0.27482831874045416

1.046997530253547e-10, 15799.823910618205, 0.07608857080198073, 0.2748516519528354

1.0264409636348611e-10, 15800.221660954212, 0.07608838876088043, 0.27485649173471244

1.0204152775687742e-10, 15800.678042515448, 0.07608838763894987, 0.2748425180974339

1.0224238395908031e-10, 15800.52591532837, 0.07608872947649807, 0.274848781241529

1.0249283032969172e-10, 15800.56806701083, 0.07608842358137533, 0.27483564400644406

1.0339543547532032e-10, 15800.348116001594, 0.0760884439292576, 0.27484629886953765

1.0310717259626033e-10, 15800.392565833288, 0.07608849054271477, 0.27484396366539443

1.0253064683814031e-10, 15800.481465496676, 0.07608839468640878, 0.27484494391813774

1.0296304115673032e-10, 15800.414790749135, 0.07608859155071487, 0.27483714977663426

1.0267477827767031e-10, 15800.459240580829, 0.07608839364182642, 0.2748510764828362

1.0289097543696531e-10, 15800.425903207059, 0.0760884834214923, 0.2748572059591568

1.0281890971720032e-10, 15800.437015664982, 0.07608848460053975, 0.2748334790104012

1.0305401513071962e-10, 15800.360377534136, 0.07608843291306777, 0.2748427059449736

1.0290988369118963e-10, 15800.382602449983, 0.07608839452133558, 0.27483792064538676

1.029459165510721e-10, 15800.377046221021, 0.07608839137760474, 0.2748405926991088

1.0298194941095462e-10, 15800.37148999206, 0.076088392877708, 0.2748489930372988

1.0309950211771426e-10, 15800.333170926635, 0.07608877422450096, 0.27482660104837175

1.0326254181146855e-10, 15800.267645253713, 0.0760884042230947, 0.2748431049605133

1.0319239371134007e-10, 15800.2936064383, 0.07608948711359363, 0.2748564461577623

1.0312224561121159e-10, 15800.319567622886, 0.07608860005140429, 0.2748465778735764

1.0304072576433444e-10, 15800.352330459347, 0.07608839486522839, 0.27483109709664216

1.0301798227083711e-10, 15800.365933763096, 0.07608840150065882, 0.27483068040009234

1.0307675862421693e-10, 15800.346774230384, 0.07608839606804835, 0.2748523445439053

1.0304973397930506e-10, 15800.350941402106, 0.07608864943957745, 0.27483425173462295

1.0305874219427569e-10, 15800.349552344866, 0.07608840781373152, 0.2748480210342762

1.0307011394102435e-10, 15800.342750692991, 0.07608842591378309, 0.27484321793935307

1.0311087386446294e-10, 15800.32636927476, 0.07608854797714028, 0.274849647958262

1.030717751118225e-10, 15800.343756577338, 0.0760883965528315, 0.27484391396358576

1.0309784094691612e-10, 15800.332165042288, 0.07608860863332897, 0.2748461607707948

1.030782915705959e-10, 15800.340858693577, 0.0760884412719795, 0.2748467890722327

1.0308480802936931e-10, 15800.337960809813, 0.07608841867488231, 0.27484070870900607

1.0308563861476838e-10, 15800.338463751987, 0.07608850005603215, 0.2748344628476209

1.0310033270311334e-10, 15800.333673868807, 0.07608858655558663, 0.27482345152358134

1.0310809503998535e-10, 15800.331530398307, 0.07608839222371652, 0.2748419967435893

1.0311419620605922e-10, 15800.328381043457, 0.07608840322946558, 0.27484511395861133

1.0309277801259109e-10, 15800.335943074853, 0.0760888298242984, 0.2748291608808702

1.0310705680823651e-10, 15800.33090172059, 0.07608839178139117, 0.27484733381129733

1.0309634771150244e-10, 15800.334682736288, 0.0760883991747868, 0.27483057195133254

1.030999174104138e-10, 15800.333422397722, 0.07608840954565183, 0.27483423126289436

1.0309655535785221e-10, 15800.334808471831, 0.07608846381648757, 0.2748494071917803

1.0310369475567492e-10, 15800.3322877947, 0.07608841598675016, 0.27482674528059736

1.0310411004837446e-10, 15800.332539265786, 0.07608858109879332, 0.27483016312205655

1.0310306188888429e-10, 15800.332760048772, 0.07608854648737313, 0.2748271556283207

1.0310096556990396e-10, 15800.333201614736, 0.07608874744216806, 0.27483000210215147

1.031025378091392e-10, 15800.332870440263, 0.07608851289723696, 0.27482867864557353

1.0310201372939413e-10, 15800.332980831754, 0.07608841865109418, 0.2748370405388291

1.0310169729599882e-10, 15800.333216958788, 0.0760885763381278, 0.27483423303444626


------------------------------------------------------------
Sender: LSF System <lsfadmin@n-62-21-16>
Subject: Job 1735628: <minimize_batch_job_this_is_on_purpose_to_utilize_more_kernel> in cluster <dcc> Done

Job <minimize_batch_job_this_is_on_purpose_to_utilize_more_kernel> was submitted from host <gbarlogin2> by user <s174007> in cluster <dcc> at Sun Jan 13 21:42:30 2019
Job was executed on host(s) <n-62-21-16>, in queue <hpc>, as user <s174007> in cluster <dcc> at Sun Jan 13 21:42:31 2019
</zhome/b0/b/127184> was used as the home directory.
</zhome/b0/b/127184/Documents/Projects/machine-learning-on-materials> was used as the working directory.
Started at Sun Jan 13 21:42:31 2019
Terminated at Tue Jan 15 12:50:26 2019
Results reported at Tue Jan 15 12:50:26 2019

Your job looked like:

------------------------------------------------------------
# LSBATCH: User input
#!/bin/bash
##Kør på cpu
#BSUB -q hpc
##Navn på job
#BSUB -J minimize_batch_job_this_is_on_purpose_to_utilize_more_kernel
##Output fil
#BSUB -o output/minimize/laplacian_GP_compare_batchjobs-%J.out
##Antal kerner
#BSUB -n 1
##Om kernerne må være på forskellige computere
#BSUB -R "span[hosts=1]"
##Ram pr kerne
#BSUB -R "rusage[mem=10GB]"
##Hvor lang tid må den køre hh:mm
#BSUB -W 45:00
##Email når jobbet starter
##og stopper
module purge
module load python3
python3 KRR/minimizer.py laplacian 0.001 GP compare [5]
------------------------------------------------------------

Successfully completed.

Resource usage summary:

    CPU time :                                   140872.38 sec.
    Max Memory :                                 1032 MB
    Average Memory :                             731.72 MB
    Total Requested Memory :                     10240.00 MB
    Delta Memory :                               9208.00 MB
    Max Swap :                                   -
    Max Processes :                              4
    Max Threads :                                5
    Run time :                                   140895 sec.
    Turnaround time :                            140876 sec.

The output (if any) is above this job summary.

