Unloaded module: latex/TeXLive12
Loaded module: python3/3.6.2
[10]
[10.0]
0.01, 10.0, 0.08767713813844288, 0.29448821921111185

0.01, 10.5, 0.08855671533851453, 0.29450381791962477

0.0105, 10.0, 0.08858387796073906, 0.29456042556938894

0.0095, 10.5, 0.08760689174229945, 0.2944284274944985

0.008999999999999998, 10.75, 0.0870597733722358, 0.29436090884535776

0.008999999999999996, 10.25, 0.08628854588311068, 0.2943542012737709

0.008499999999999994, 10.125, 0.08522431446667603, 0.2942902349620584

0.007499999999999991, 10.875, 0.084437900141269, 0.2941582065638599

0.006249999999999988, 11.3125, 0.082674437567213, 0.2940031353597563

0.005749999999999984, 10.6875, 0.08129698521273182, 0.2939800978785659

0.004124999999999976, 10.65625, 0.07898465283991854, 0.2938725557609706

0.0018749999999999704, 11.84375, 0.07690536991709032, 0.29372776830743

-0.0014375000000000412, 12.703125, 0.07675952411456755, 0.29396417834668115

-0.00025000000000004186, 11.1875, 0.07610293279823323, 0.2938969399684537

0.0013749999999999657, 11.21875, 0.07649668450143612, 0.2937912733588362

-0.0008750000000000398, 12.40625, 0.07631719951877433, 0.2938855565297912

0.002874999999999972, 11.09375, 0.07770122442650398, 0.2937940646138514

0.0003749999999999639, 11.96875, 0.07612462146912154, 0.29377993718415296

0.0008749999999999687, 12.59375, 0.0763001498057455, 0.29370141300578445

0.0006249999999999702, 13.28125, 0.07620983938489172, 0.29366976859072025

0.0021249999999999767, 13.15625, 0.07734247142516015, 0.29363514779740635

0.002999999999999983, 13.75, 0.07864544818353014, 0.2936279544706184

0.001749999999999983, 15.1875, 0.07722360347973484, 0.29352434171143776

0.0016874999999999894, 16.859375, 0.07737329218882959, 0.29345430179029197

0.004062500000000003, 17.328125, 0.08253173740121902, 0.2936529122098164

0.0032031249999999946, 16.31640625, 0.07996173419094474, 0.29355501567061043

0.0018906250000000004, 19.42578125, 0.07813821676676379, 0.293381947477071

0.001335937500000009, 22.263671875, 0.07747405786859313, 0.2932998783129281

-0.00017968749999999626, 22.806640625, 0.0761192413070208, 0.29342495613899605

-0.0005312499999999766, 28.2109375, 0.07652353224009141, 0.29346197331459256

0.001132812499999998, 19.697265625, 0.07689900966903415, 0.29336416283838174

0.0026484375000000032, 19.154296875, 0.07974805001220568, 0.29344617264330536

0.0005273437500000036, 21.8935546875, 0.07631635541696266, 0.29333858729801215

