Unloaded module: latex/TeXLive12
Loaded module: python3/3.6.2
[10]
[10.0]
0.001, 10.0, 0.07626545963047594, 0.2939284915304444

0.001, 10.5, 0.07628267824823291, 0.2938746784325194

0.0010500000000000002, 10.0, 0.0762831477457311, 0.29392635332014155

0.0010500000000000002, 10.5, 0.07630205929779597, 0.29387250002705134

0.0010750000000000004, 10.75, 0.07632229121867334, 0.2938463679477643

0.0010250000000000003, 11.25, 0.07632082130515358, 0.2938017016565526

0.0010125000000000004, 11.875, 0.07633989782731902, 0.293749218507674

0.0010875000000000008, 12.125, 0.07638894110778247, 0.2937262041830725

0.0011312500000000012, 12.9375, 0.07645512784603625, 0.2936655218635188

0.0010687500000000011, 14.0625, 0.07647319437197529, 0.2935977055917693

0.0010656250000000015, 15.71875, 0.07656064144472681, 0.29351234108173185

0.0011843750000000023, 16.78125, 0.07674202693190867, 0.2934623293178957

0.0012703125000000032, 19.234375, 0.0770510969977835, 0.2933754548162965

0.0012046875000000035, 22.015625, 0.07720767409955166, 0.29330427067674597

0.0012414062500000047, 26.5546875, 0.07775842610312964, 0.29322536420266615

0.0014460937500000064, 30.0703125, 0.07884593023576518, 0.2932056893491027

0.0016363281250000089, 37.24609375, 0.08106155707605003, 0.2932326061945208

0.0014171875000000079, 37.390625, 0.07999058772537142, 0.2931801955288882

0.0014906250000000102, 46.46875, 0.08225273617661001, 0.2932395796359853

0.0016218750000000096, 40.90625, 0.0818285881778875, 0.293247486847174

0.001336523437500006, 30.142578125, 0.07849145839270642, 0.29319379867469

0.0013076171875000073, 37.462890625, 0.07948691492010485, 0.2931584792324292

0.0012383789062500074, 41.1591796875, 0.0797291414128015, 0.2931425176824282

0.0013190429687500093, 48.4072265625, 0.0814574854192403, 0.29318615865200737

0.0013234130859375087, 43.841064453125, 0.08064866712660593, 0.29316818531573846

0.0011446044921875082, 47.609619140625, 0.08017486986422663, 0.2931264271652388

0.0010083129882812584, 52.7191162109375, 0.07999753063712571, 0.29309658322902615

0.0009232788085937571, 50.0372314453125, 0.07914119143266794, 0.2930731778117237

0.0007232116699218815, 53.13531494140625, 0.07827888100506815, 0.2930342220799771

0.0004931457519531325, 64.69525146484375, 0.07764349760617852, 0.29298675804000895

0.00012052917480469532, 76.46328735351562, 0.07623286816537882, 0.2930063718754642

0.00020804443359375563, 65.1114501953125, 0.07639453906167702, 0.2930106712669029

-2.2021484374993346e-05, 76.67138671875, 0.07609337565014279, 0.29308134815712505

