Unloaded module: latex/TeXLive12
Loaded module: python3/3.6.2
[10]
[10.0]
0.001, 10.0, 0.07610445825537483, 0.2767129215676155

0.001, 10.5, 0.07610596808394374, 0.2765270550985089

0.0010500000000000002, 10.0, 0.07610610566821335, 0.2767145024762756

0.0009499999999999999, 10.5, 0.07610425367471237, 0.276525418622071

0.0008999999999999998, 10.75, 0.07610325866648167, 0.27643789449563544

0.0008999999999999998, 11.25, 0.07610456626929134, 0.2762786106920919

0.0008499999999999996, 11.875, 0.07610434471348046, 0.27609825394596643

0.0007499999999999994, 12.125, 0.07610129783196695, 0.27602879412407916

0.0006249999999999988, 12.9375, 0.07609849749793655, 0.27582896338195356

0.0005749999999999987, 14.0625, 0.07609839684332335, 0.2755966422719073

0.00041249999999999794, 15.71875, 0.07609471536816094, 0.27531470493587035

0.00018749999999999713, 16.78125, 0.07608977623419862, 0.2751585703192463

-0.00014375000000000412, 19.234375, 0.07608942644174578, 0.2748698571197379

-0.000356250000000005, 22.015625, 0.07609763431510902, 0.27462555945449985

-0.0008468750000000069, 26.5546875, 0.07616607550454953, 0.27432720852534337

-0.001403125000000009, 30.0703125, 0.07636833539707648, 0.2741493494738606

-0.0023109375000000126, 37.24609375, 0.07732043172270427, 0.2739192586787138

-0.0030140625000000154, 44.56640625, 0.07929930489496913, 0.27384164252957094

-0.004449218750000021, 57.232421875, 0.09136034398332633, 0.2744735802834848

-0.00447812500000002, 55.2578125, 0.091986583736315, 0.27444303076671045

-0.0017546875000000104, 33.73046875, 0.07665030767342766, 0.27401411076386095

-0.003570312500000017, 48.08203125, 0.0816586352544588, 0.2739132334080401

-0.00427343750000002, 55.40234375, 23.05601071314021, 2.833122793793696

-0.0028015625000000145, 41.78515625, 0.07846721983832551, 0.27385510276942887

-0.002245312500000013, 38.26953125, 0.07731462608550624, 0.2738955902193177

-0.002576562500000014, 40.72265625, 0.07796581415515211, 0.2738586030104384

-0.003239062500000016, 45.62890625, 0.0800579057916014, 0.2738615424582131

-0.0027421875000000146, 41.94921875, 0.07837784771426906, 0.27384882895722834

-0.002954687500000016, 44.73046875, 0.07918576198965929, 0.2738338993692269

-0.0030312500000000157, 46.203125, 0.07960690970675297, 0.2738306489405725

-0.003303125000000017, 48.8203125, 0.08091184073971044, 0.27386140144840254

-0.002882421875000015, 43.6669921875, 0.07887211514024234, 0.27383782282413516

-0.002899609375000016, 45.3037109375, 0.07914312089791303, 0.2738229585492049

-0.0028423828125000153, 45.67236328125, 0.07906361946911848, 0.27381376788289224

-0.0029912109375000158, 48.20849609375, 0.07983851824909075, 0.2738133339510536

-0.003045605468750017, 50.479248046875, 0.08041257640983432, 0.2738132805500672

-0.0028567382812500165, 49.948486328125, 0.0797473133660048, 0.27378593900841686

-0.002769482421875016, 51.8211669921875, 0.07979087124339153, 0.2737652112323211

-0.0029727050781250177, 56.6280517578125, 0.0813879843757257, 0.2737996475801153

-0.0026965820312500168, 57.969970703125, 0.08056135546013966, 0.27374091477607365

-0.0025220703125000167, 61.71533203125, 0.08051117441211245, 0.2737055388223058

-0.002318847656250015, 56.908447265625, 0.0791531532422467, 0.2736804057997573

-0.0019919189453125145, 57.04864501953125, 0.07829659627583016, 0.2736437131212128

-0.0017445068359375152, 66.94281005859375, 0.0784228278767192, 0.27356647915577215

-0.0012320190429687648, 74.50363159179688, 0.07747312107432565, 0.2734886593675406

-0.0007018676757812627, 69.83694458007812, 0.07645916177379014, 0.27351828303453474

5.803222656248705e-05, 87.29193115234375, 0.07609190049802592, 0.27350479934909616

-0.0004721191406250151, 91.9586181640625, 0.07637533032670867, 0.2734123300813267

-0.00035724487304689134, 103.01945495605469, 0.07629217693439924, 0.27338132382207886

-0.0016472961425781432, 90.23115539550781, 0.08004449966515068, 0.27352203926013496

-0.0003682998657226705, 88.02673721313477, 0.07624587325969864, 0.27343901723057584

0.000506474304199203, 116.54256057739258, 0.07654357290467594, 0.27355831706718775

-0.0007973957061767729, 85.0133638381958, 0.07681496195957431, 0.27342880704234057

-0.0007863407135009937, 100.00608158111572, 0.07707958905011299, 0.27337395668463343

-0.0009953611373901554, 105.9957537651062, 0.07794535991908495, 0.2733767795990188

-0.00034618988037111217, 118.01217269897461, 0.07634058260522508, 0.2733381789522675

-0.00012058696746828192, 134.511577129364, 0.07612655324682346, 0.2733357458359771

-0.0005496828079223843, 131.49820375442505, 0.07691485157866403, 0.27329753091960696

-0.0006459017753601306, 145.73757815361023, 0.07753551853200359, 0.273284494699756

1.9851970672581142e-05, 180.24307370185852, 0.07609006298985048, 0.27331141844088785

-0.0005054628372192676, 191.46907472610474, 0.07762051332236704, 0.2732360869219321

-0.0006979007720947604, 219.9478235244751, 0.0803011889977935, 0.2733368959108031

-0.0011712165832519794, 156.96357917785645, 0.08249069617025105, 0.27352035483523757

-0.000277915167808559, 174.423200070858, 0.07644603694111922, 0.2732457178581281

-0.00013747622966769598, 220.1546966433525, 0.07622378173970545, 0.2732248521391594

0.00011673654317852136, 257.36325588822365, 0.0762104032407011, 0.27332018816414394

-0.00036502389907840457, 237.20057129859924, 0.07729397483197652, 0.2731969035750848

-0.00040857826471332737, 268.58925691246986, 0.07809341151715087, 0.2732057662564445

2.962708473167085e-06, 265.886193215847, 0.07608834542602837, 0.27324891018006864

-0.0003783564507961589, 210.0733543485403, 0.07709429294540783, 0.2732103607364769

-0.0006059041202068675, 227.11922900378704, 0.07938614706742622, 0.2732841198660887

-0.00025458320230248885, 221.89582973346114, 0.07657906508236077, 0.27320309301065643

-0.00024125065058473445, 249.02304668352008, 0.07664591704442901, 0.2731865701045377

-0.00017269775047902222, 268.49789285100996, 0.07641361840137882, 0.273184182440139

-0.000283138447254938, 283.80263441614807, 0.07711595304795092, 0.27317237365067015

-0.0002974160697311626, 314.75603675749153, 0.07751060747264135, 0.2731700497352668

-0.00010508992113178022, 346.05335830990225, 0.07628520147373472, 0.27316644506536375

2.4877067841531952e-05, 400.47975181555375, 0.07610205880112011, 0.2732276889774723

-0.00022980824038392058, 392.3115022163838, 0.07739934670074489, 0.273147925261245

-0.0002583634853363698, 454.21830689907074, 0.07840330664436852, 0.27317173586872184

-3.7482091784538226e-05, 423.60882376879454, 0.07612465431973817, 0.2731755675105886

