Unloaded module: latex/TeXLive12
Loaded module: python3/3.6.2
[10]
[10.0]
1e-05, 10.0, 0.0760882764103386, 0.29398753796067656

1e-05, 10.5, 0.07608827826636139, 0.2939361281096518

1.0500000000000001e-05, 10.0, 0.07608827831595733, 0.29398749964368315

1.0500000000000003e-05, 10.5, 0.07608828036218547, 0.29393608780202496

1.075e-05, 10.75, 0.07608828255905274, 0.29391218972630934

1.0250000000000002e-05, 11.25, 0.07608828240039006, 0.2938677192541746

1.0125000000000002e-05, 11.875, 0.07608828447998145, 0.2938174544934159

1.0875000000000002e-05, 12.125, 0.07608828985567473, 0.29379875006850736

1.13125e-05, 12.9375, 0.07608829718174749, 0.29374319259847126

1.0687500000000002e-05, 14.0625, 0.07608829919773663, 0.29367713419937086

1.0656250000000005e-05, 15.71875, 0.07608830901914002, 0.29359723339665295

1.1843750000000003e-05, 16.78125, 0.07608832974987446, 0.29355421752648325

1.2703125000000006e-05, 19.234375, 0.07608836608978707, 0.29347336506353444

1.204687500000001e-05, 22.015625, 0.076088384953536, 0.29340385576794364

1.2414062500000015e-05, 26.5546875, 0.0760884534025013, 0.2933216344464783

1.4460937500000015e-05, 30.0703125, 0.07608859721725082, 0.29327459308823156

1.636328125000002e-05, 37.24609375, 0.07608892183137839, 0.2932061301065728

1.607421875000003e-05, 44.56640625, 0.07608917269099809, 0.2931592218762142

1.775976562500004e-05, 57.232421875, 0.07609009235761269, 0.2931051087789629

2.1708984375000047e-05, 67.923828125, 0.07609210483211029, 0.29307295220444385

2.6356445312500067e-05, 88.6083984375, 0.07609785084788108, 0.29303075896059894

2.7752929687500088e-05, 108.5947265625, 0.07610416459064644, 0.29300425197675334

3.3447753906250125e-05, 144.26904296875, 0.07612863234345123, 0.29296815418515715

4.204443359375015e-05, 175.64501953125, 0.07618159404929035, 0.2929394596068553

5.4186767578125205e-05, 234.851318359375, 0.07635814562699768, 0.2928979301135494

6.127807617187526e-05, 290.511962890625, 0.07660338870984096, 0.29287185388328807

7.873889160156286e-05, 391.4637451171875, 0.07753820363821265, 0.2928491771959046

9.947790527343794e-05, 482.0460205078125, 0.07932205406806818, 0.2928881515891141

0.0001240300292968756, 638.658447265625, 0.08371835083600057, 0.2931111043624075

7.16475830078128e-05, 335.8031005859375, 0.0770010161586403, 0.29285510219512945

5.090856933593772e-05, 245.2208251953125, 0.07634825991326336, 0.29289707490127953

8.73355712890629e-05, 422.8397216796875, 0.07810945420230696, 0.2928553580808353

6.305090332031277e-05, 304.4271240234375, 0.07668306581452058, 0.2928666510655533

8.126440429687536e-05, 393.236572265625, 0.07763828922165683, 0.2928499107663564

8.835571289062541e-05, 448.897216796875, 0.07838944633881079, 0.29286033955487417

7.582461547851596e-05, 364.0766296386719, 0.07726949757394527, 0.2928504762002987

8.417868041992226e-05, 420.6236877441406, 0.07795989697981748, 0.2928526378139399

7.791313171386753e-05, 378.21339416503906, 0.07742216604812076, 0.29284950579810276

7.538761901855503e-05, 376.44056701660156, 0.07733189716631311, 0.29284946790344274

7.621337890625037e-05, 389.69091796875, 0.0774416833287295, 0.29284875786090403

7.536350250244179e-05, 395.42967987060547, 0.07745024541658779, 0.29284840117381733

7.871477508544962e-05, 410.4528579711914, 0.0776699262102545, 0.29284911197532904

7.533938598632854e-05, 414.4187927246094, 0.07757300887292319, 0.29284794836838995

7.363963317871138e-05, 425.8963165283203, 0.07758537189967522, 0.2928473642720546

7.028836059570355e-05, 410.8731384277344, 0.07737293244954911, 0.29284716233149405

6.607515335083054e-05, 411.08327865600586, 0.07723410187062232, 0.2928472698057193

6.856449127197315e-05, 441.3397750854492, 0.07748927950835918, 0.2928458203314871

6.516498565673883e-05, 464.2948226928711, 0.0774888181794706, 0.292844635966861

6.1813713073731e-05, 449.27164459228516, 0.07728242100262968, 0.2928449652127612

5.669033813476628e-05, 502.6933288574219, 0.07734121200190149, 0.29284244105075175

4.9891326904297645e-05, 548.6034240722656, 0.07725021956851405, 0.29284079616313036

5.3242599487305476e-05, 563.6266021728516, 0.07746743316945806, 0.2928405210174552

4.89570426940927e-05, 620.8040809631348, 0.07750022245154907, 0.2928389735821158

3.368338394165151e-05, 705.1126823425293, 0.07697836386644184, 0.29283907119246694

3.2749099731446565e-05, 777.3133392333984, 0.07710238832647517, 0.2928360763117041

2.4177986145021012e-05, 891.6682968139648, 0.07682932670745833, 0.29283914492007057

4.802275848388775e-05, 693.0047378540039, 0.07775785997893207, 0.29283966180279264

3.726822757721057e-05, 702.085696220398, 0.07715610787382327, 0.2928370747192352

2.1060284614564438e-05, 858.5949544906616, 0.0766184156946835, 0.2928472852719797

4.1982853174210634e-05, 680.2517993450165, 0.07734589593468753, 0.29283697336330355

3.746372532844663e-05, 755.479442358017, 0.07732489209146264, 0.2928354255791511

3.756147420406466e-05, 782.1763154268265, 0.07741386991652052, 0.29283508259264535

2.8327720761300593e-05, 879.2378553152084, 0.07706157412170081, 0.29283494764657586

2.1500154554845573e-05, 978.7308833003044, 0.07679600676053863, 0.2928390351941409

3.314009523391869e-05, 884.1008315086365, 0.07740702782897185, 0.29283350924578117

3.3335592985154745e-05, 937.4945776462555, 0.07757465387992338, 0.2928337527546906

2.390634179115462e-05, 981.1623713970184, 0.07695748036973561, 0.2928352393908994

3.414769110083715e-05, 831.9228294193745, 0.07733339625953728, 0.2928341449223735

3.8960065573455255e-05, 836.7858056128025, 0.07769546317044916, 0.29283628420506147

3.098580696433926e-05, 868.624842889607, 0.0772139523962792, 0.29283386475985684

2.997821109742079e-05, 920.802844978869, 0.07726837386121517, 0.2928329913903439

2.789347109571261e-05, 965.2428527586162, 0.07721458723415778, 0.2928326494192461

3.004775936529204e-05, 980.7188413776457, 0.07742114991132187, 0.29283237792302746

2.957873556576843e-05, 1036.7658406216651, 0.07752340897919004, 0.29283230125752346

2.433211142756235e-05, 1117.9078618716449, 0.07723628087330447, 0.2928310717682085

1.992811952438418e-05, 1234.811377053149, 0.07703953376285172, 0.29283178035471036

2.6017375897618173e-05, 1189.4308497346938, 0.07754765759572746, 0.29283116275611004

2.0770751759412092e-05, 1270.5728709846735, 0.0771730571471123, 0.2928302575131016

1.6366759856233922e-05, 1387.4763861661777, 0.07690577654098525, 0.2928331138322592

1.908548728935627e-05, 1199.0498831216246, 0.07691783853312142, 0.2928340515559304

2.4284403745552697e-05, 1191.8356080814265, 0.07737717418414897, 0.2928303641320966

2.0723044077402438e-05, 1344.5006171944551, 0.07728885611117721, 0.29282934930342674

1.8918510402322482e-05, 1457.7969948558602, 0.07726617192993188, 0.29282878605466184

1.5404858416181877e-05, 1536.5342577591073, 0.07697234750253283, 0.2928311141508756

2.2064517413209992e-05, 1278.0102705008467, 0.07731607344633855, 0.29282972919033495

2.0212276056120382e-05, 1465.2343943720334, 0.07743333605441799, 0.29282886694770616

1.7066269045232872e-05, 1645.021118727047, 0.07730589344759237, 0.29282789830682376

1.4567144861244309e-05, 1828.5265428401472, 0.07719191275108389, 0.29282761889907877

1.3273379207446409e-05, 1821.089143323974, 0.07700796897252798, 0.292829481490858

1.847755184395189e-05, 1554.1980816100186, 0.07735843986566018, 0.29282827734563893

1.4126186302873715e-05, 1924.9276295943055, 0.07723534482991343, 0.29282712925472826

1.1730024253149332e-05, 2158.492946963528, 0.07709174402242865, 0.29282753069867296

1.0215779320166135e-05, 2199.256090824434, 0.07688931416456606, 0.2928306816725226

1.641210871300545e-05, 1715.4625839136224, 0.07731235660562004, 0.29282763056066324

User defined signal 2

------------------------------------------------------------
Sender: LSF System <lsfadmin@n-62-21-10>
Subject: Job 1715217: <minimize_batch_job_this_is_on_purpose_to_utilize_more_kernel> in cluster <dcc> Exited

Job <minimize_batch_job_this_is_on_purpose_to_utilize_more_kernel> was submitted from host <gbarlogin2> by user <s174007> in cluster <dcc> at Fri Jan 11 10:41:02 2019
Job was executed on host(s) <n-62-21-10>, in queue <hpc>, as user <s174007> in cluster <dcc> at Fri Jan 11 10:41:03 2019
</zhome/b0/b/127184> was used as the home directory.
</zhome/b0/b/127184/Documents/Projects/machine-learning-on-materials> was used as the working directory.
Started at Fri Jan 11 10:41:03 2019
Terminated at Sun Jan 13 07:41:06 2019
Results reported at Sun Jan 13 07:41:06 2019

Your job looked like:

------------------------------------------------------------
# LSBATCH: User input
#!/bin/bash
##Kør på cpu
#BSUB -q hpc
##Navn på job
#BSUB -J minimize_batch_job_this_is_on_purpose_to_utilize_more_kernel
##Output fil
#BSUB -o output/minimize/laplacian_SimpleLarge_faulty_batchjobs-%J.out
##Antal kerner
#BSUB -n 1
##Om kernerne må være på forskellige computere
#BSUB -R "span[hosts=1]"
##Ram pr kerne
#BSUB -R "rusage[mem=10GB]"
##Hvor lang tid må den køre hh:mm
#BSUB -W 45:00
##Email når jobbet starter
##og stopper
module purge
module load python3
python3 KRR/minimizer.py laplacian 1e-05 SimpleLarge faulty [10]
------------------------------------------------------------

TERM_RUNLIMIT: job killed after reaching LSF run time limit.
Exited with exit code 140.

Resource usage summary:

    CPU time :                                   161994.00 sec.
    Max Memory :                                 2758 MB
    Average Memory :                             2475.92 MB
    Total Requested Memory :                     10240.00 MB
    Delta Memory :                               7482.00 MB
    Max Swap :                                   -
    Max Processes :                              4
    Max Threads :                                5
    Run time :                                   162016 sec.
    Turnaround time :                            162004 sec.

The output (if any) is above this job summary.

