Unloaded module: latex/TeXLive12
Loaded module: python3/3.6.2
[5]
[5.0]
0.01, 5.0, 0.07653962841506903, 0.28120422794929295

0.01, 5.25, 0.07657598768477604, 0.2807737251210834

0.0105, 5.0, 0.07658402574915922, 0.2812170708138954

0.0095, 5.25, 0.07653017117466286, 0.2807604877798215

0.008999999999999998, 5.375, 0.0765017794069581, 0.280548996572701

0.008999999999999996, 5.625, 0.07653330070741507, 0.280182637225563

0.008499999999999994, 5.9375, 0.07652369725577489, 0.2797601980284516

0.007499999999999991, 6.0625, 0.07644225244511288, 0.2795816246626126

0.006249999999999988, 6.46875, 0.0763653642385828, 0.2791019829514735

0.005749999999999984, 7.03125, 0.07635968614465954, 0.27856665188449314

0.004124999999999976, 7.859375, 0.07626053018762324, 0.27789968027208595

0.0018749999999999704, 8.390625, 0.07612928770219808, 0.2775042818900421

-0.0014375000000000412, 9.6171875, 0.07612053445905789, 0.2768024289476953

-0.0035625000000000535, 11.0078125, 0.07635215865798528, 0.2762361104935362

-0.008468750000000073, 13.27734375, 0.07844842753858049, 0.2756278934164689

-0.01403125000000009, 15.03515625, 0.086026617109173, 0.27567071266904525

-0.021062500000000123, 18.6953125, 0.14460140704548435, 0.2980523070960308

-0.006343750000000062, 11.88671875, 0.07710656795161205, 0.2759425928226161

-0.016156250000000105, 16.42578125, 0.09353390393752087, 0.27605296997051887

-0.008796875000000072, 13.021484375, 0.07855129493502022, 0.275684856390888

-0.013703125000000094, 15.291015625, 0.08581406660651093, 0.27562184995210603

-0.016156250000000108, 16.42578125, 0.09353390393752087, 0.27605296997051887

-0.008140625000000077, 13.533203125, 0.0783410365912016, 0.27557314278780587

-0.005195312500000066, 12.7822265625, 0.07686021101017623, 0.2757266668011322

-0.013375000000000095, 15.546875, 0.08558955481806887, 0.27557342619736935

-0.007812500000000076, 13.7890625, 0.07822966761998908, 0.27552051559632096

-0.004867187500000064, 13.0380859375, 0.07678837719084358, 0.27567167944604204

-0.002578125000000056, 11.775390625, 0.07624287592398264, 0.2760255134626618

-0.010675781250000085, 14.60400390625, 0.08089467523200232, 0.27547349995671566

-0.010347656250000085, 14.85986328125, 0.08073837857022283, 0.275424153676465

-0.01145117187500009, 15.523193359375, 0.08253790738869723, 0.2754133293193811

-0.014314453125000098, 16.338134765625, 0.13462287732142184, 0.2756853461418534

-0.009437988281250082, 14.42633056640625, 0.07964405392382336, 0.2754493337253917

-0.010213378906250084, 15.34552001953125, 0.08092711211932135, 0.27535744902646997

-0.009982177734375083, 15.716278076171875, 0.0809262827742178, 0.27530309216379784

-0.01199536132812509, 16.813140869140625, 0.08477914577564695, 0.2753636221151362

-0.010526367187500087, 17.0062255859375, 0.08258879438534045, 0.275220123046133

-0.010063964843750085, 17.74774169921875, 0.08253069436754894, 0.27513212020062805

-0.008050781250000078, 16.65087890625, 0.07947438989205552, 0.2751132127616538

-0.006078491210937571, 16.569747924804688, 0.07790515375434903, 0.2750755160660601

-0.006160278320312573, 18.601211547851562, 0.0784655259862185, 0.2748572393830738

-0.004249328613281318, 20.043678283691406, 0.07733684712329433, 0.2746998898938223

-0.00026385498046880423, 18.865684509277344, 0.0760920639421929, 0.2749009925620114

0.0015653076171874489, 22.339614868164062, 0.07626315713489414, 0.27471780407372304

-0.002420166015625065, 23.517608642578125, 0.07661670959615897, 0.27445226970480563

-0.0034983215332031956, 25.843570709228516, 0.07748177616686625, 0.27431680049496787

-0.009312957763671963, 23.54763412475586, 0.08707406479947376, 0.274887734191677

-0.001154258728027404, 22.64161968231201, 0.07619499411361141, 0.2745464041384075

-0.00040325164794928134, 28.44151210784912, 0.07610809588985976, 0.2742617732209924

0.001519786834716737, 32.64042901992798, 0.07642537924600716, 0.27427053088217446

-0.002747314453125073, 31.643463134765625, 0.0773560556639792, 0.27407700556534

-0.0035438423156739073, 36.14438486099243, 0.0790023644200419, 0.2739972353998709

-0.0004487724304199931, 38.74232625961304, 0.0761335862195003, 0.27393425234705715

0.0010760021209716081, 45.1917040348053, 0.0764084530208155, 0.27397625475881443

-0.003589363098144619, 46.44519901275635, 0.08130062692185537, 0.27391597698021186

-0.005182418823242288, 55.44704246520996, 0.0977579626472516, 0.27500111049767734

-0.0004942932128907049, 49.04314041137695, 0.07617653278492466, 0.27374332799228357

0.0010304813385008963, 55.492518186569214, 0.07652289680598226, 0.2738658572143953

-0.003634883880615331, 56.746013164520264, 0.08476337886076753, 0.27399511955041234

-0.0012453002929688275, 43.243247985839844, 0.07654526201338067, 0.273801286210729

0.0018497695922850867, 45.84118938446045, 0.07701198789258705, 0.27409491177111145

-0.0022295799255371927, 46.29419660568237, 0.07789232624200204, 0.27376080027340954

-0.00147857284545907, 52.09408903121948, 0.0770503364479307, 0.273667182107209

-0.0015952091217041912, 56.5195095539093, 0.07742974270951658, 0.2736237852362425

0.00014007759094229657, 59.26845335960388, 0.0760980763003823, 0.27368916358023

-0.0009608383178711898, 66.74482250213623, 0.07673826683598207, 0.2735322215133017

-0.0011941108703614322, 75.59566354751587, 0.07742415182082375, 0.273481461730707

-0.00292939758300792, 72.84671974182129, 0.08561852367876817, 0.27391860694087156

-0.0006272912025452576, 62.663019955158234, 0.0763239703419055, 0.27357964957545905

-0.00022619295120249855, 81.7391739487648, 0.07613854457564936, 0.273486207261724

-0.0007930126190186732, 94.67181754112244, 0.07698773488075665, 0.2733909672850417

-0.0008758733272553809, 110.67621633410454, 0.07763470962958807, 0.27335481802856154

-0.0018437912464143145, 104.5327059328556, 0.08329592124432507, 0.27366512664186743

-0.0006305925250054525, 87.4375569447875, 0.07655980070460472, 0.27342229203116153

-0.0003123549818994011, 122.51810973137617, 0.07630870755493557, 0.27333071911420126

0.0001285229623316144, 145.97933282330632, 0.07613689599122946, 0.2733870835706729

-0.0005576357841493295, 145.7567691206932, 0.07714647650318415, 0.27327641641878475

-0.0005211574137212679, 174.91637520864606, 0.0774370983981036, 0.2732465325089741

4.2360931634711834e-05, 186.7582686059177, 0.07609702401214571, 0.2733143175420516

-0.00016644150018715496, 239.15653408318758, 0.07632587341022722, 0.27320369841056846

-9.348475933103188e-05, 297.4757462590933, 0.0762020581784185, 0.27319063968284313

-0.0006570031046870116, 285.63385286182165, 0.08278557113339925, 0.27345299674909523

-0.00013248007744571903, 211.47716466989368, 0.07620403286716945, 0.27323341604656887

0.000295192576944517, 334.0365357203409, 0.07727878278710779, 0.2735174130747703

-0.0003170699160548217, 214.69641533656977, 0.07681356369300149, 0.2732053333278235

-0.00027807459794013453, 300.6949969257694, 0.07720619387825313, 0.2731677337420479

-0.00035087185818734226, 345.3039130537072, 0.07857310727139186, 0.2732000832943876

-5.448944121634472e-05, 383.4743278482929, 0.0761517825488601, 0.27317599995700986

-0.00023907927982544738, 386.693578514969, 0.07747180698087727, 0.2731508810509251

-0.0003118765400726551, 431.3024946429068, 0.07921395768681658, 0.27321253654368294

-0.0004626644365492372, 303.91424759244546, 0.07954245289592324, 0.2732584290198634

-0.00015653319004956784, 363.58430778433103, 0.07658542357955905, 0.2731482221582988

-0.00011753787193488071, 449.58288937353063, 0.07651393388135899, 0.27313360910997675

-3.72695089322538e-05, 524.0268355974113, 0.0761435840251594, 0.27315596356125516

-3.49917821590012e-05, 426.4736186428927, 0.07612036331533369, 0.2731765373416535

-0.00018805740540883583, 396.6385885469499, 0.07696482058488126, 0.2731396599251298

-0.0001490620872941487, 482.6371701361495, 0.0768999072774872, 0.27312535015569017

-0.00014532653591643914, 542.1636013120587, 0.07707151388747849, 0.27311997650663417

-7.480700244248402e-05, 595.1079021386395, 0.07638642365119663, 0.2731217644430233

-0.00010259566642404245, 687.6886140771676, 0.07686652164084028, 0.2731061480438599

-9.512456366862331e-05, 806.7414764289861, 0.0770173013255426, 0.27310069911153967

-0.00016564409714257843, 753.7971756024053, 0.07873663120375883, 0.27315987680381487

-9.751627611750762e-05, 634.7802205045809, 0.07667974143438078, 0.27311039355576655

-4.7314303869691794e-05, 899.3580956215083, 0.07635964923828774, 0.27310557763300275

-4.4922591420807484e-05, 1071.3193515459134, 0.07643819159908745, 0.2730961478200259

-1.8625749072457415e-05, 1289.5889170665796, 0.07617235355302665, 0.2731143919688471

-9.2732851219739e-05, 978.7027323533912, 0.07741507952592731, 0.27310153474835125

-8.13782143822272e-05, 958.8665731704205, 0.07705037967905663, 0.27309506084726537

-3.117624213441137e-05, 1223.4444482873478, 0.07630479641652714, 0.2731001405116655

-4.716332251796436e-05, 1119.2687053227573, 0.07651217171313314, 0.27309236973988954

-8.361894547938406e-05, 1006.8159269472644, 0.07721860183619514, 0.2730962720527941

-5.459667993545163e-05, 1055.1934953962511, 0.07659682612143044, 0.27309211640676784

-2.0381788071188785e-05, 1215.5956275485878, 0.0761778398965884, 0.2731148942912629

-6.61291078044676e-05, 1023.0488367649623, 0.07680023336338464, 0.27309134705892896

-7.356246522195487e-05, 958.9736268384559, 0.07686582333499027, 0.27309347325628663

-5.376310819396199e-05, 1079.194935701682, 0.07660440467882805, 0.2730913335875489

-6.529553606297796e-05, 1047.0502770703931, 0.07681610322981378, 0.2730906599164279

-7.064496412674114e-05, 1042.9786679074641, 0.076940404675174, 0.27309132493318317

-5.292953645247235e-05, 1103.196376007113, 0.076611296102237, 0.27309059669056684

-4.632975077647472e-05, 1143.2701456281884, 0.07651515291082221, 0.2730917049323278

-6.446196432148832e-05, 1071.0517173758244, 0.07683125969856652, 0.2730900191137315

-6.981139238525149e-05, 1066.9801082128956, 0.07696018154847137, 0.27309082721756955

-5.209596471098271e-05, 1127.1978163125443, 0.07661748442608424, 0.2730899023544387

-4.549617903498509e-05, 1167.27158593362, 0.0765174731394955, 0.2730910835810451

-6.362839257999868e-05, 1095.0531576812555, 0.07684567273244985, 0.2730894200140821

-6.897782064376184e-05, 1090.9815485183267, 0.07697920879929003, 0.2730903710173147

-5.126239296949307e-05, 1151.1992566179752, 0.07662295537916554, 0.2730892477366378

-4.466260729349544e-05, 1191.2730262390505, 0.07651912653520164, 0.27309050376147903

-6.279482083850904e-05, 1119.0545979866863, 0.07685931394338319, 0.27308885820139783

-6.814424890227221e-05, 1114.9829888237573, 0.07699745155555947, 0.2730899514097043

-5.042882122800343e-05, 1175.2006969234062, 0.07662769638730939, 0.2730886301630295

-4.3829035552005814e-05, 1215.2744665444816, 0.076520108928739, 0.27308996373342703

-6.19612490970194e-05, 1143.0560382921176, 0.07687215661983259, 0.27308832969170216

-6.731067716078258e-05, 1138.9844291291888, 0.07701487659563352, 0.2730895637156219

-4.959524948651379e-05, 1199.2021372288375, 0.07663169659075757, 0.2730880472551411

-4.299546381051616e-05, 1239.275906849913, 0.07652041784320045, 0.27308946205557416

-6.112767735552977e-05, 1167.0574785975487, 0.0768841757474434, 0.27308783066138065

-6.647710541929293e-05, 1162.9858694346199, 0.07703145236275985, 0.2730892035726794

-4.8761677745024154e-05, 1223.2035775342683, 0.07663494685329905, 0.2730874968678363

-4.2161892069026536e-05, 1263.2773471553437, 0.07652005249974123, 0.27308899742451204

-6.0294105614040126e-05, 1191.0589189029795, 0.07689534803105184, 0.27308735764594777

-6.564353367780328e-05, 1186.9873097400505, 0.07704714900854157, 0.2730888669167354

-4.7928106003534515e-05, 1247.2050178396994, 0.07663743976681024, 0.2730869772983684

-4.1328320327536883e-05, 1287.2787874607748, 0.07651901381608132, 0.27308856894785255

-5.946053387255049e-05, 1215.0603592084108, 0.07690565191607365, 0.2730869074171599

-6.480996193631365e-05, 1210.988750045482, 0.07706193840079578, 0.2730885499041389

-4.7094534262044876e-05, 1271.2064581451307, 0.07663916965806034, 0.27308648672997865

-4.049474858604726e-05, 1311.2802277662063, 0.07651730441128485, 0.2730881757531163

-5.862696213106085e-05, 1239.0617995138418, 0.07691506760143663, 0.2730864769764518

-6.397639019482403e-05, 1234.990190350913, 0.07707579416133604, 0.2730882490273297

-4.626096252055524e-05, 1295.2078984505615, 0.07664013259565097, 0.27308602388989245

-3.9661176844557605e-05, 1335.281668071637, 0.07651492859370626, 0.2730878174413376

-5.779339038957121e-05, 1263.0632398192727, 0.07692357705989333, 0.2730860636880783

-4.54273907790656e-05, 1319.2093387559926, 0.07664032639607889, 0.27308558758355894

-3.882760510306798e-05, 1359.283108377068, 0.0765118923661999, 0.27308749353805006

-3.3894962910049626e-05, 1351.3539973872814, 0.07640405224530866, 0.2730916568820293

-5.1818783519690817e-05, 1285.1359292112747, 0.07677681682949176, 0.27308523057697287

-5.098521177820118e-05, 1309.1373695167058, 0.07678011637163129, 0.27308478543980075

-5.334733640702415e-05, 1316.102105049778, 0.07685776747205796, 0.27308473603789024

-5.9738729147649366e-05, 1282.02869550506, 0.07701272111680049, 0.27308653164565355

-4.9005225371211543e-05, 1309.9141779432593, 0.07672574214429868, 0.27308496548147465

-5.0533778258544875e-05, 1340.8803537817626, 0.07680234123850528, 0.2730842100613353

-4.9891275627971904e-05, 1368.7525660670062, 0.07681409414911552, 0.2730837462101596

-5.423338666378451e-05, 1374.9404931735248, 0.07696189348032255, 0.27308439295230463

-5.0777325884732264e-05, 1427.590954190753, 0.07691126357996875, 0.2730831760129516

-4.949232062358632e-05, 1483.3353787612405, 0.07693352848794881, 0.2730825238877014

-4.515020958777372e-05, 1477.1474516547219, 0.0767788704911558, 0.2730821114565555

-4.0608621049768336e-05, 1528.2509308953204, 0.07668209877938838, 0.2730819237039237

-4.0209666045382754e-05, 1642.8337435895546, 0.07676505391156399, 0.27308003790567964

-3.536886125408818e-05, 1779.8743323508288, 0.07670002120222892, 0.27307892087256896

-2.6485161680270193e-05, 1824.7898844849087, 0.07644105817416191, 0.27308408334646184

-4.374053088775729e-05, 1568.6990051921575, 0.07682131693399695, 0.2730808870247933

-3.850077109207714e-05, 1820.322406647666, 0.07685460469443943, 0.2730782522037089

-3.744684611323154e-05, 1966.3581445238387, 0.07693867713613466, 0.2730774778149593

-2.907517647956243e-05, 2177.53347168251, 0.07670727660004259, 0.2730757058111408

-2.1742499275465002e-05, 2481.9507049276863, 0.07653170793368919, 0.2730766686668957

-3.115316133870579e-05, 2364.01728385552, 0.076938877772904, 0.27307485313065644

-2.904531138101459e-05, 2656.0887596078655, 0.0770265179388575, 0.2730743165982811

-2.067364174734548e-05, 2867.264086766537, 0.07662753329679105, 0.2730731307080512

-1.2287039564402454e-05, 3317.717057887886, 0.07633636577190456, 0.27308185181015615

-2.064377664879764e-05, 3345.8193746918923, 0.07683119209620667, 0.27307048974029646

-1.6428076733415248e-05, 3929.9623261965844, 0.07673295744060163, 0.273069248625601

-8.056407099746138e-06, 4141.137653355256, 0.07625261873019491, 0.2730868705410761

-2.3798085310697476e-05, 3027.350983044713, 0.07690021823434869, 0.2730717356630322

-1.9552520296767244e-05, 4090.0492224747604, 0.07710056132825387, 0.27307129468544505

-1.2182511719485016e-05, 4992.660565626632, 0.07665722115024089, 0.27306817770558517

User defined signal 2

------------------------------------------------------------
Sender: LSF System <lsfadmin@n-62-28-28>
Subject: Job 1706353: <batch_job_this_is_on_purpose_to_utilize_more_kernel> in cluster <dcc> Exited

Job <batch_job_this_is_on_purpose_to_utilize_more_kernel> was submitted from host <gbarlogin2> by user <s173977> in cluster <dcc> at Thu Jan 10 14:23:48 2019
Job was executed on host(s) <n-62-28-28>, in queue <hpc>, as user <s173977> in cluster <dcc> at Thu Jan 10 14:23:49 2019
</zhome/e8/9/127123> was used as the home directory.
</zhome/e8/9/127123/machine-learning-on-materials> was used as the working directory.
Started at Thu Jan 10 14:23:49 2019
Terminated at Sat Jan 12 11:24:05 2019
Results reported at Sat Jan 12 11:24:05 2019

Your job looked like:

------------------------------------------------------------
# LSBATCH: User input
#!/bin/bash
##Kør på cpu
#BSUB -q hpc
##Navn på job
#BSUB -J batch_job_this_is_on_purpose_to_utilize_more_kernel
##Output fil
#BSUB -o output/minimize/laplacian_GP_deep_batchjobs-%J.out
##Antal kerner
#BSUB -n 1
##Om kernerne må være på forskellige computere
#BSUB -R "span[hosts=1]"
##Ram pr kerne
#BSUB -R "rusage[mem=10GB]"
##Hvor lang tid må den køre hh:mm
#BSUB -W 45:00
##Email når jobbet starter
##og stopper
module purge
module load python3
python3 KRR/minimizer.py laplacian 0.01 GP deep [5]
------------------------------------------------------------

TERM_RUNLIMIT: job killed after reaching LSF run time limit.
Exited with exit code 140.

Resource usage summary:

    CPU time :                                   161993.00 sec.
    Max Memory :                                 1489 MB
    Average Memory :                             1205.27 MB
    Total Requested Memory :                     10240.00 MB
    Delta Memory :                               8751.00 MB
    Max Swap :                                   -
    Max Processes :                              4
    Max Threads :                                5
    Run time :                                   162021 sec.
    Turnaround time :                            162017 sec.

The output (if any) is above this job summary.

