Unloaded module: latex/TeXLive12
Loaded module: python3/3.6.2
[5]
[5.0]
0.01, 5.0, 0.0763876972237456, 0.28396092184206645

0.01, 5.25, 0.07641021309157052, 0.28328820138885447

0.0105, 5.0, 0.07641743550657075, 0.2839733737581289

0.0095, 5.25, 0.07637970359091766, 0.28327537492972366

0.008999999999999998, 5.375, 0.07636010268056272, 0.2829523000697564

0.008999999999999996, 5.625, 0.0763795924974248, 0.2823781191912854

0.008499999999999994, 5.9375, 0.07637169696250272, 0.28172272353998706

0.007499999999999991, 6.0625, 0.07631780672349155, 0.2814588109447428

0.006249999999999988, 6.46875, 0.07626653876538521, 0.2807246825604814

0.005749999999999984, 7.03125, 0.07626163214275918, 0.2798881732753409

0.004124999999999976, 7.859375, 0.07619705020868682, 0.278860887337773

0.0018749999999999704, 8.390625, 0.07611389996307957, 0.2782718569009561

-0.0014375000000000412, 9.6171875, 0.0761080505741411, 0.27720095016402474

-0.0035625000000000535, 11.0078125, 0.07624746862271171, 0.27631091454687523

-0.008468750000000073, 13.27734375, 0.07746190736695234, 0.2752325834754583

-0.01403125000000009, 15.03515625, 0.0814285378699227, 0.27470940880846617

-0.023109375000000123, 18.623046875, 0.15722055710135635, 0.27728599923736763

-0.021062500000000123, 18.6953125, 0.17401029984897368, 0.27935208986905335

-0.006343750000000062, 11.88671875, 0.07669228613288702, 0.27581881209746056

-0.016156250000000105, 16.42578125, 0.0977146643406914, 0.27467360128700935

-0.02106250000000013, 18.6953125, 0.17401029984897368, 0.27935208986905335

-0.02171875000000012, 18.18359375, 0.3275099809990354, 0.29874735381926926

-0.011781250000000085, 14.50390625, 0.07943461425883828, 0.2748251593019694

-0.01840625000000011, 16.95703125, 0.08953139841088564, 0.2747347935365737

-0.0167500000000001, 16.34375, 0.09724060469064452, 0.27452325617038564

-0.018875000000000114, 17.734375, 0.10360371816153387, 0.28446891479123865

-0.015242187500000098, 15.7099609375, 0.08331550400620996, 0.27459592164705077

-0.015835937500000095, 15.6279296875, 0.0840782598061187, 0.2746386034060531

-0.0159160156250001, 15.827392578125, 0.08463658875064574, 0.2746091745783116

-0.0160761718750001, 16.226318359375, 0.08752968599137871, 0.27458282702078207

-0.0175839843750001, 16.860107421875, 0.08802202804369755, 0.27454116756238317

-0.018257812500000102, 16.9775390625, 0.08928095081782104, 0.27468571297839506

-0.016621582031250103, 16.41412353515625, 0.10360716000786874, 0.27452722912925637

-0.015787597656250107, 15.89776611328125, 0.08449635200488034, 0.2745892756637699

-0.0171348876953126, 16.619522094726562, 0.08763053256821073, 0.2745085190597528

-0.017263305664062596, 16.549148559570312, 0.08760775081627228, 0.27452876482814503

-0.016782012939453226, 16.447879791259766, 0.09109977506131864, 0.27449762556420354

-0.01716690063476572, 16.723651885986328, 0.08758581740590199, 0.2745013810579641

-0.016814025878906347, 16.55200958251953, 0.08901423939991315, 0.2744856548306726

-0.01665359497070322, 16.518253326416016, 0.09280603523539123, 0.2744810205320594

-0.01626870727539072, 16.242481231689453, 0.09283609497008756, 0.27465372613528855

