Unloaded module: latex/TeXLive12
Loaded module: python3/3.6.2
[10]
[10.0]
1.0, 10.0, 0.29249908487695525, 0.3404574956086658

1.0, 10.5, 0.2956176477422793, 0.3418380358163955

1.05, 10.0, 0.29633334516349114, 0.34236755309235833

0.95, 10.5, 0.29159381623144665, 0.33983836842872434

0.8999999999999999, 10.75, 0.2888666339853097, 0.3384226098516204

0.8999999999999999, 10.25, 0.285780753118101, 0.3370983822517644

0.8499999999999996, 10.125, 0.28046432207679733, 0.33462551894359255

0.7499999999999996, 10.875, 0.27523331209868174, 0.3319495763995266

0.6249999999999991, 11.3125, 0.2633911344174161, 0.32654839748201897

0.5749999999999988, 10.6875, 0.2529043016396804, 0.32233636037841107

0.4124999999999983, 10.65625, 0.22615632861331467, 0.3120928320585574

0.18749999999999778, 11.84375, 0.1728445732885094, 0.2951825103457742

-0.14375000000000315, 12.703125, 20.425987882226526, 19.29873221304168

-0.02500000000000302, 11.1875, 0.09744606977685798, 0.27734459930262667

-0.3500000000000041, 11.125, 29.290907483664714, 20.01324343122403

-0.25000000000000355, 12.375, 764.8280285532238, 579.8725190745581

0.24687499999999785, 11.0859375, 0.18881782438566794, 0.299859306878447

-0.08437500000000309, 11.9453125, 9.193166136022098, 6.758388382649902

0.1640624999999976, 11.30078125, 0.16056340066713823, 0.2922281849387754

-0.048437500000003186, 10.64453125, 0.8961903692599567, 0.44446904464098536

0.12851562499999752, 11.5439453125, 0.14581839439402142, 0.28870927107910394

-0.06054687500000311, 11.4306640625, 54.893048675190364, 54.77861904262462

0.10791015624999743, 11.333251953125, 0.1343722678830847, 0.28633372302100996

-0.04560546875000311, 10.976806640625, 0.9442590010513794, 1.127050145184443

0.08498535156249737, 11.40216064453125, 0.1219167520579135, 0.2838692935129923

-0.047924804687503084, 11.25640869140625, 1.2101103857087046, 0.46171864400144497

0.0689514160156223, 11.314041137695312, 0.11196847207247038, 0.2821023101301406

-0.04103393554687809, 11.099380493164062, 0.8018790644100463, 0.33889257199335254

0.053480529785153504, 11.326465606689453, 0.10229522814706116, 0.2804758501524627

-0.04047088623047181, 11.19992446899414, 2.063562904756672, 0.4695425177927522

0.04159584045409877, 11.28551197052002, 0.09463723055720172, 0.2792813412352343

-0.036884689331057756, 11.146546363830566, 0.2134271987737148, 0.3064159627356177

0.03088922500610069, 11.281485795974731, 0.0880370448540426, 0.2782833929289981

-0.0357066154480011, 11.183473825454712, 0.549822468564519, 0.36830483882855586

0.022270226478573803, 11.260002434253693, 0.08315865307964229, 0.2775599027148274

-0.033618998527529906, 11.166016638278961, 0.1247075589883676, 0.28414071299353205

0.01476216912269304, 11.252618506550789, 0.07958580377077755, 0.2770080865538662

-0.03250805735588378, 11.180116072297096, 0.13384649149045988, 0.2922069705326532

0.008575655519959407, 11.240030843764544, 0.07739110549290436, 0.2766296694730298

0.048337824642655465, 11.305149350315332, 0.0989615089624998, 0.2799493835321168

-0.006665543839338399, 11.216912337578833, 0.07709654501233906, 0.2761330242823108

-0.012852057442072032, 11.204324674792588, 0.08024354716106974, 0.27620509671045634

-0.02809325680136984, 11.181206168606877, 0.14351738688612548, 0.3001324968087949

-0.0005915725603729046, 11.225324674975127, 0.07609545025770982, 0.2762385916103858

-0.018926028721037526, 11.195912337396294, 0.08651381477206836, 0.2765161242446607

-0.00517518660053906, 11.217971590580419, 0.0766813074489986, 0.2761452494060949

0.0010113270021945737, 11.230559253366664, 0.07610874725365704, 0.27628835413232594

-0.009386211331005381, 11.210883319436107, 0.07817861782875495, 0.276139152004527

-0.01087656856980472, 11.209824066434521, 0.07896662125716496, 0.27615834346478546

-0.006600532092855476, 11.215934709543944, 0.07707573367174296, 0.27613366088903746

-0.0038798646011884933, 11.22196372768667, 0.07641473297056771, 0.2761627146355676

-0.008009624648551159, 11.213653421498748, 0.07757635528190839, 0.2761315263284668

-0.008074636395034081, 11.214631049533637, 0.07760252021179037, 0.27613133547176544

-0.008811688546123384, 11.213979219528483, 0.07791381336974466, 0.2761342001272171

-0.009418717204246843, 11.211372133453551, 0.0781944622490838, 0.27613928895697143

-0.00735383718056551, 11.215527286547513, 0.07732939123853451, 0.27613108692210525

-0.0074188489270484315, 11.216504914582401, 0.07735302274740112, 0.276130684513729

-0.007123461066297066, 11.217930661124228, 0.07724886987623895, 0.2761308960391739

-0.006698049712579861, 11.217401151596277, 0.07710704181883984, 0.27613271350378454

-0.007730489724420526, 11.215323575049297, 0.07746839265033749, 0.27613081874523837

-0.007795501470903447, 11.216301203084186, 0.07749347345693777, 0.2761305371777673

-0.008016333616072414, 11.216688161352522, 0.07757981985674495, 0.27613062323991394


------------------------------------------------------------
Sender: LSF System <lsfadmin@n-62-21-17>
Subject: Job 1710024: <minimize_batch_job_this_is_on_purpose_to_utilize_more_kernel> in cluster <dcc> Done

Job <minimize_batch_job_this_is_on_purpose_to_utilize_more_kernel> was submitted from host <gbarlogin2> by user <s174007> in cluster <dcc> at Thu Jan 10 21:24:56 2019
Job was executed on host(s) <n-62-21-17>, in queue <hpc>, as user <s174007> in cluster <dcc> at Thu Jan 10 21:24:57 2019
</zhome/b0/b/127184> was used as the home directory.
</zhome/b0/b/127184/Documents/Projects/machine-learning-on-materials> was used as the working directory.
Started at Thu Jan 10 21:24:57 2019
Terminated at Fri Jan 11 13:30:45 2019
Results reported at Fri Jan 11 13:30:45 2019

Your job looked like:

------------------------------------------------------------
# LSBATCH: User input
#!/bin/bash
##Kør på cpu
#BSUB -q hpc
##Navn på job
#BSUB -J minimize_batch_job_this_is_on_purpose_to_utilize_more_kernel
##Output fil
#BSUB -o output/minimize/laplacian_GP_deep_batchjobs-%J.out
##Antal kerner
#BSUB -n 1
##Om kernerne må være på forskellige computere
#BSUB -R "span[hosts=1]"
##Ram pr kerne
#BSUB -R "rusage[mem=10GB]"
##Hvor lang tid må den køre hh:mm
#BSUB -W 45:00
##Email når jobbet starter
##og stopper
module purge
module load python3
python3 KRR/minimizer.py laplacian 1 GP deep [10]
------------------------------------------------------------

Successfully completed.

Resource usage summary:

    CPU time :                                   57938.58 sec.
    Max Memory :                                 1554 MB
    Average Memory :                             1206.41 MB
    Total Requested Memory :                     10240.00 MB
    Delta Memory :                               8686.00 MB
    Max Swap :                                   -
    Max Processes :                              4
    Max Threads :                                5
    Run time :                                   57948 sec.
    Turnaround time :                            57949 sec.

The output (if any) is above this job summary.

