Unloaded module: latex/TeXLive12
Loaded module: python3/3.6.2
[10]
[10.0]
0.001, 10.0, 0.07610445825537483, 0.2767129215676155

0.001, 10.5, 0.07610596808394374, 0.2765270550985089

0.0010500000000000002, 10.0, 0.07610610566821335, 0.2767145024762756

0.0009499999999999999, 10.5, 0.07610425367471237, 0.276525418622071

0.0008999999999999998, 10.75, 0.07610325866648167, 0.27643789449563544

0.0008999999999999998, 11.25, 0.07610456626929134, 0.2762786106920919

0.0008499999999999996, 11.875, 0.07610434471348046, 0.27609825394596643

0.0007499999999999994, 12.125, 0.07610129783196695, 0.27602879412407916

0.0006249999999999988, 12.9375, 0.07609849749793655, 0.27582896338195356

0.0005749999999999987, 14.0625, 0.07609839684332335, 0.2755966422719073

0.00041249999999999794, 15.71875, 0.07609471536816094, 0.27531470493587035

0.00018749999999999713, 16.78125, 0.07608977623419862, 0.2751585703192463

0.0004624999999999982, 14.59375, 0.07609530724421709, 0.27549653218355113

0.0001374999999999969, 17.90625, 0.0760891829927423, 0.2750211524386186

0.0002874999999999975, 16.53125, 0.07609171899154216, 0.2751956088342272

3.749999999999652e-05, 18.15625, 0.07608832866281139, 0.2749889546643689

0.00013749999999999692, 17.40625, 0.07608913434834946, 0.2750789640763237

3.749999999999649e-05, 18.65625, 0.07608833244309933, 0.2749359398257132

8.74999999999967e-05, 18.15625, 0.07608864303438236, 0.2749912247695288

6.249999999999661e-05, 18.28125, 0.07608845708263695, 0.2749765510783264

6.249999999999659e-05, 18.78125, 0.07608846764093864, 0.2749243167752707

7.499999999999662e-05, 19.09375, 0.07608856955800238, 0.2748937333722025

4.99999999999965e-05, 19.46875, 0.07608840173119227, 0.2748565307213641

4.374999999999643e-05, 20.0625, 0.07608837456153453, 0.2748021011829477

8.124999999999655e-05, 20.5, 0.07608867704262945, 0.27476621112160654

0.00010312499999999658, 21.421875, 0.07608899227125032, 0.27469316247347386

7.18749999999964e-05, 22.390625, 0.0760886467002018, 0.27462048027951985

7.031249999999627e-05, 24.0390625, 0.07608868469697838, 0.274513305007687

0.00012968749999999642, 25.3984375, 0.07608986955322965, 0.2744395378918711

0.00017265624999999643, 28.06640625, 0.07609171811324435, 0.27431366349097663

0.00013984374999999612, 30.68359375, 0.0760909604281851, 0.27420794123143133

0.00015820312499999586, 35.314453125, 0.0760928007223022, 0.27406543135196804

0.000260546874999996, 39.341796875, 0.07610337891059439, 0.2739785757268444

0.00035566406249999596, 46.9931640625, 0.07612783105194271, 0.27385568010106853

0.0003412109374999953, 54.2412109375, 0.07613644537852439, 0.27376549673489736

0.00042548828124999477, 67.32861328125, 0.0762014004910984, 0.27367352392666716

0.0006229492187499949, 79.00732421875, 0.07641132461784086, 0.2736612408418145

0.0008553222656249945, 100.853759765625, 0.07702525163389848, 0.2736987485655814

0.0006927734374999937, 99.3427734375, 0.07669993774722776, 0.2736403574834587

0.0008613281249999927, 125.517578125, 0.07751064835686387, 0.273720365969887

0.0008902343749999939, 111.021484375, 0.07729472229465859, 0.27371741258869786

0.0005416748046874946, 78.2518310546875, 0.0763303012711639, 0.2736443719519769

0.0006114990234374934, 98.5872802734375, 0.07656347720230032, 0.2736139040617709

0.0006057739257812427, 108.37725830078125, 0.07664672855990061, 0.2736017301436453

0.0007568725585937418, 129.46820068359375, 0.07727335548430798, 0.27367131713749354

0.0005954742431640564, 91.05592346191406, 0.07647654613269426, 0.27362178783736246

0.0005084747314453052, 100.09040832519531, 0.0764314792613082, 0.2735786003913932

0.00041632537841796097, 100.46422576904297, 0.07632311998359063, 0.27354981704055

0.00042662506103514723, 117.78556060791016, 0.07642241315371964, 0.27352737239786684

0.00034220046997069276, 131.1503791809082, 0.07635653186619656, 0.27348277992488756

0.00015275192260741106, 123.23734664916992, 0.0761373125234296, 0.27342804164121154

7.862701416014284e-05, 153.92350006103516, 0.07610868308431355, 0.27336015335123615

0.00022894496917723485, 134.86540126800537, 0.07621780202350747, 0.27343623898972447

2.433967590319047e-06, 142.2954454421997, 0.0760882748443518, 0.27335223688209104

9.6641206741321e-05, 135.67340970039368, 0.0761122275384416, 0.27339055555486447

6.858584880827597e-05, 141.89144122600555, 0.07610152133573479, 0.27337256012721056

1.2475132942185924e-05, 154.3275042772293, 0.07608878241857377, 0.27333785067929833

4.3040782213197665e-05, 151.11748746037483, 0.07609420662847773, 0.27335174886319685

5.308194756506454e-05, 163.14954629540443, 0.07609876337647278, 0.2733407397603317

2.25162982940528e-05, 166.3595631122589, 0.07609023697858217, 0.2733265621752021

1.225405633448037e-05, 173.98060093820095, 0.07608890021335526, 0.27331486243362174

3.272327110169885e-05, 163.65179945155978, 0.07609229419120764, 0.2733330842467979

3.250219449399329e-05, 183.30489611253142, 0.07609324434530083, 0.2733133925753386

4.251572526989698e-05, 197.79359203018248, 0.07609815092336784, 0.2733058397259035

2.20465105026785e-05, 208.12239351682365, 0.07609121844671196, 0.27328977242515723

1.6708130203168332e-05, 230.35769054945558, 0.0760903417944924, 0.2732734764413812

4.696979913858494e-05, 254.1706816414371, 0.07610806067772057, 0.27327776686641164

2.1162204071856295e-05, 286.7347801607102, 0.07609341424249039, 0.27325089209259995

1.0485443472835947e-05, 331.2053742259741, 0.07608995205118566, 0.2732307026401443

3.028329298829354e-05, 267.476107014576, 0.07609742252806882, 0.2732631650724006

2.4060606257961154e-05, 368.3237906910945, 0.07609919896560954, 0.2732322433664734

4.262756742503561e-06, 432.0530579024926, 0.07608873494208138, 0.27320512354485305

1.5717353182815454e-05, 374.9765033776639, 0.07609311748714344, 0.27322446689356245

9.494666452483069e-06, 475.8241870541824, 0.07609111669120992, 0.2732037357001978

8.999277942306628e-06, 548.1335934682866, 0.07609166257679803, 0.2731958059430001

1.1174185262610274e-05, 432.53491453152674, 0.07609152937172334, 0.27321103843136124

2.0878494221999147e-06, 547.6517368392524, 0.07608844176858091, 0.2731883088757962

6.824370622002981e-06, 663.7322724050464, 0.0760911289774843, 0.27318493978405933

8.105177561752693e-06, 779.5718796563233, 0.0760938284369973, 0.27318152107815835

1.19374904164598e-06, 779.0900230272891, 0.07608837945674324, 0.27317076876243596

7.211077181198758e-06, 1011.01016584436, 0.07609566016958678, 0.2731742577927137

2.9964866109204524e-07, 1010.5283092153259, 0.07608827071459744, 0.2731602957936941

3.9788880162838855e-06, 952.9096659828338, 0.07609027034775134, 0.27316901515383973

3.0847876357299508e-06, 1184.3479521708705, 0.07609012625407371, 0.2731622695131654

2.8355530823474418e-06, 1025.173898337966, 0.07608944221845831, 0.27316492043140606

5.488832144745543e-07, 1169.7023630482304, 0.07608831576950438, 0.27315670142484827

1.7545267867566252e-06, 1137.2316441513244, 0.0760888164925666, 0.27316009586280504

2.003761340139134e-06, 1296.405697984229, 0.07608920375970744, 0.2731578754056989

7.981177678570633e-07, 1328.876416881135, 0.07608841584985115, 0.2731542832144722

3.199132584072828e-07, 1424.6988032460404, 0.07608828702240368, 0.27315152841864565

1.2190797882900265e-06, 1296.803140565682, 0.07608860868662187, 0.2731558774872548

9.90109832222755e-07, 1551.799580763492, 0.0760885891894851, 0.27315179939487677

9.094330234001131e-08, 1679.6952434438504, 0.0760882610963482, 0.2731475813091142

5.97769056298201e-07, 1551.9983020542186, 0.0760883787395218, 0.2731506193919694

3.6879910023092954e-07, 1806.9947422520286, 0.07608832022557488, 0.2731472521646583

3.9324202114275297e-07, 1998.142711755023, 0.07608834455588914, 0.2731458168292005

4.199308590197916e-07, 1695.4586398268275, 0.07608832904994199, 0.27314848742977005

6.42544644629727e-08, 1982.3793153720458, 0.07608826009598135, 0.27314467579068985

3.6655318326571436e-07, 2300.8267836832183, 0.07608835772804075, 0.27314385999377433

5.043581237285659e-07, 2611.3925538029025, 0.07608850129994833, 0.2731431433589767

1.753705670487856e-07, 2595.629157419926, 0.0760882869337448, 0.2731415539060836

6.643484000180193e-08, 2894.3723802523773, 0.076088263011514, 0.27313979688461354

5.065384992673951e-07, 3523.385618683234, 0.07608870453341576, 0.273140929139796

6.861521554063116e-08, 3806.3654451327084, 0.07608826740006902, 0.27313733236325555

2.8703176351930583e-07, 3436.877265687888, 0.07608839445763656, 0.2731396113734885

2.8921213905813506e-07, 4348.870330568219, 0.07608847982581723, 0.2731382158658746

7.079559107946039e-08, 4718.358510013039, 0.07608827349494399, 0.27313587173026915

1.7945877118409042e-07, 4305.616154070547, 0.07608834166071428, 0.2731373497062142

1.245820872470681e-07, 4283.98906582171, 0.07608829783027311, 0.2731369299167633

1.2676246278589733e-07, 5195.98213070204, 0.07608831874960231, 0.27313588067222716

7.297596661828962e-08, 5630.35157489337, 0.07608828153160953, 0.273134927969439

4.717290630390041e-08, 6303.532829429199, 0.07608827024172886, 0.2731341469166805

9.287335573878886e-08, 5353.46390021158, 0.07608829254159157, 0.2731353828009808

6.925067096322888e-08, 6938.63821962774, 0.07608829025019433, 0.273134020679329

6.847821090511313e-08, 8048.778074435091, 0.07608830048942138, 0.27313350756298155

2.2777761470224677e-08, 8998.84700365271, 0.07608826372141214, 0.2731324390668056

4.4083066071437395e-08, 10744.092248658604, 0.07608828932430682, 0.2731323775234538

4.253814595520589e-08, 12964.371958273307, 0.0760883005293604, 0.2731320661283546

5.0568082308914206e-08, 9515.193777699049, 0.07608829033985683, 0.27313279585122596

1.4747825116516358e-08, 12448.025184226968, 0.0760882625531831, 0.2731314712323861

3.450820960149757e-08, 16413.550138847564, 0.07608830287703966, 0.27313153825579345

6.717888762808039e-09, 15897.203364801226, 0.07608825944637222, 0.27313071520131066

2.2620533270579885e-08, 15293.08220668083, 0.07608827463002305, 0.2731313181118991

1.4590596916871567e-08, 18742.260387255086, 0.07608826833768627, 0.2731307890076724

1.6637388055209842e-08, 16306.407041354494, 0.07608826815883327, 0.27313100591297673

4.671097624469763e-09, 18333.056710701818, 0.07608825890341446, 0.27313052105112307

1.0142545055255234e-08, 17928.695212503306, 0.07608826248357213, 0.27313069760657593

8.095753916916958e-09, 20364.5485584039, 0.07608826166910163, 0.27313042326181436

8.784686493971418e-09, 22598.22115520524, 0.07608826337151878, 0.273130328474238

3.3132390631859477e-09, 23002.582653403755, 0.07608825875932003, 0.27313048955637936

7.426827932687603e-09, 27267.747097907177, 0.07608826379145404, 0.27312989286658607

8.804693086796521e-09, 31735.092291509856, 0.07608826878392544, 0.2731301052330294

1.2898275363473075e-08, 26863.385599708658, 0.07608827469026877, 0.2731304205296136

1.0502016288401294e-08, 25898.184863132436, 0.07608826822108944, 0.2731302452855541

9.14415772711748e-09, 30567.710805834373, 0.0760882688029342, 0.2731300540764763

6.06896937140379e-09, 31937.273040609118, 0.07608826312041185, 0.2731298424261578

3.8524459129050385e-09, 34956.81712934745, 0.07608826039334775, 0.2731296653790687

2.1351161184751612e-09, 31656.853421420252, 0.0760882586460603, 0.2731295890475152

5.210304474188851e-09, 30287.291186645518, 0.07608826136402122, 0.27312987751124723

7.772575571913489e-10, 36326.37936412219, 0.07608826028913009, 0.2731292709864474

2.654316375369147e-09, 34474.21676105933, 0.07608825912334563, 0.27312954746578916

1.2964578140853345e-09, 39143.74270376128, 0.07608825871177032, 0.2731293869810318

1.8455870305037441e-09, 36104.63889750053, 0.0760882602936871, 0.2731305213083458

1.0368576856383417e-09, 37735.06103394173, 0.0760882606928508, 0.2731287590338079

1.7157869662802479e-09, 35400.298062590766, 0.07608825899150097, 0.2731289915239591

1.9753870947272406e-09, 36808.979732410306, 0.07608825868866086, 0.2731294615538248

1.0767899415753217e-09, 36447.02945619422, 0.07608825911464494, 0.27312946361168017

1.3763223259592948e-09, 36567.67954826625, 0.07608825933680945, 0.2731286541343822

9.070576214148453e-10, 37030.72019903196, 0.07608826150003346, 0.2731300910341341

1.506122390182791e-09, 37272.020383176015, 0.07608826025327663, 0.2731294272263601

1.3563561979908046e-09, 37211.69533714, 0.07608825962709272, 0.2731288585567353

1.0568238136068318e-09, 37091.04524506797, 0.07608825859176904, 0.27313010882274275

1.2814731018948113e-09, 37181.532814121994, 0.07608825880190437, 0.27312989541076915

1.2065900057988182e-09, 37151.37029110399, 0.07608825967228407, 0.27313021225622097

1.3663392619750497e-09, 36889.68744270313, 0.07608825888064889, 0.27312980499417616

1.5360715821355265e-09, 36305.99669986538, 0.07608825893132723, 0.2731293207765194

1.5460546461197717e-09, 35983.98880542851, 0.076088258989843, 0.27312967260113896

1.5011258000835914e-09, 36210.413464747166, 0.07608825873521698, 0.273129781829206

1.4561969540474107e-09, 36436.83812406582, 0.07608825916434442, 0.27312945319372245

1.3713307939671723e-09, 36728.683495484685, 0.07608825925170018, 0.27313024122837976

1.4611884860395334e-09, 36275.83417684738, 0.07608825872259382, 0.27312963415194835

1.438724063021443e-09, 36389.046506506704, 0.07608825986140826, 0.273129685428465

1.4162596400033528e-09, 36502.25883616603, 0.07608825875531412, 0.2731296975068848

1.3738265599632335e-09, 36648.181521875464, 0.07608825945423164, 0.27312848591242544

1.3338892459191756e-09, 36713.60223397569, 0.07608826184041641, 0.273130163020425

1.3956670414823085e-09, 36555.094685618446, 0.07608825907572533, 0.27312972475372976

1.3750744429612642e-09, 36607.93053507086, 0.07608825886716208, 0.2731288480388372

1.3950430999832932e-09, 36575.22017902075, 0.07608825891125713, 0.27312943353630703

1.3538579029412045e-09, 36680.89187792558, 0.07608825866619404, 0.2731294769663925

1.384746800722771e-09, 36601.638103746955, 0.07608825871758053, 0.27312959934135417

1.3744505014622488e-09, 36628.05602847316, 0.07608825926605767, 0.2731293018801897

1.3844348299732632e-09, 36611.700850448105, 0.07608825908133059, 0.2731299678412276

1.3638422314522193e-09, 36664.53669990052, 0.07608825872714843, 0.273129116568408

1.363218289953204e-09, 36684.66219330282, 0.0760882588096064, 0.27312956229409424

1.3716424485849876e-09, 36642.20756968058, 0.07608826008360237, 0.273130300513159

1.3688343957077264e-09, 36656.35911088799, 0.07608825933508953, 0.2731289653039357

1.3741385307127412e-09, 36638.11877517431, 0.07608825871527498, 0.2731293911240819

1.3685224249582184e-09, 36666.42185758914, 0.07608825912182313, 0.27312963562222714

1.3727345042741105e-09, 36645.194545778024, 0.07608825899867448, 0.2731286648930668

1.3777266685296174e-09, 36637.016956765496, 0.07608825871692837, 0.27312953904580156

1.371057463913199e-09, 36651.52357235737, 0.07608825888779228, 0.27312925596803783

1.3732805321186719e-09, 36646.688033826744, 0.0760882592051792, 0.27312995049709404

1.3713304778354798e-09, 36652.27031638173, 0.07608825881413576, 0.27312953433812354

1.3718765056800414e-09, 36653.763804430455, 0.07608825945718896, 0.2731289217431682

1.374372587807795e-09, 36649.6750099242, 0.07608825886142395, 0.27312877320594064

1.376322642090987e-09, 36644.0927273692, 0.07608826006323016, 0.2731289662274855

1.3729880397827778e-09, 36651.346035165145, 0.07608825871090895, 0.2731293093184444

1.3740995738855142e-09, 36648.92826589983, 0.07608825880005315, 0.27313005344751107

1.3728515328216374e-09, 36650.97266315296, 0.07608825868839143, 0.2731294584577039

1.3725785188993566e-09, 36650.2259191286, 0.07608825956957459, 0.2731294162149008

1.3735535460409527e-09, 36647.4347778511, 0.07608825879880893, 0.2731289354736777

1.3748015871048295e-09, 36645.390380597964, 0.07608825967243936, 0.27313002466630737

1.3731342859507247e-09, 36649.01703449594, 0.07608825896146153, 0.27312960068248016

1.373690053002093e-09, 36647.80814986328, 0.07608825903597294, 0.2731304036774932

1.373202539431295e-09, 36649.20372050203, 0.07608825864969958, 0.27312909706639477

1.3733390463924354e-09, 36649.57709251421, 0.07608825919970261, 0.2731290754253272

1.373963066924374e-09, 36648.554893887645, 0.07608825965478107, 0.2731287978012241

1.374450580495172e-09, 36647.159323248896, 0.07608825882999734, 0.2731297308723207

1.3736169299181197e-09, 36648.97265019789, 0.07608825940699272, 0.27312866628299415

1.373480422956979e-09, 36648.599278185706, 0.07608825986920013, 0.2731302766433463

User defined signal 2

------------------------------------------------------------
Sender: LSF System <lsfadmin@n-62-28-30>
Subject: Job 1715153: <minimize_batch_job_this_is_on_purpose_to_utilize_more_kernel> in cluster <dcc> Exited

Job <minimize_batch_job_this_is_on_purpose_to_utilize_more_kernel> was submitted from host <gbarlogin2> by user <s174007> in cluster <dcc> at Fri Jan 11 10:40:57 2019
Job was executed on host(s) <n-62-28-30>, in queue <hpc>, as user <s174007> in cluster <dcc> at Fri Jan 11 10:40:58 2019
</zhome/b0/b/127184> was used as the home directory.
</zhome/b0/b/127184/Documents/Projects/machine-learning-on-materials> was used as the working directory.
Started at Fri Jan 11 10:40:58 2019
Terminated at Sun Jan 13 07:41:06 2019
Results reported at Sun Jan 13 07:41:06 2019

Your job looked like:

------------------------------------------------------------
# LSBATCH: User input
#!/bin/bash
##Kør på cpu
#BSUB -q hpc
##Navn på job
#BSUB -J minimize_batch_job_this_is_on_purpose_to_utilize_more_kernel
##Output fil
#BSUB -o output/minimize/laplacian_GP_deep_batchjobs-%J.out
##Antal kerner
#BSUB -n 1
##Om kernerne må være på forskellige computere
#BSUB -R "span[hosts=1]"
##Ram pr kerne
#BSUB -R "rusage[mem=10GB]"
##Hvor lang tid må den køre hh:mm
#BSUB -W 45:00
##Email når jobbet starter
##og stopper
module purge
module load python3
python3 KRR/minimizer.py laplacian 0.001 GP deep [10]
------------------------------------------------------------

TERM_RUNLIMIT: job killed after reaching LSF run time limit.
Exited with exit code 140.

Resource usage summary:

    CPU time :                                   162013.00 sec.
    Max Memory :                                 1552 MB
    Average Memory :                             1206.08 MB
    Total Requested Memory :                     10240.00 MB
    Delta Memory :                               8688.00 MB
    Max Swap :                                   -
    Max Processes :                              4
    Max Threads :                                5
    Run time :                                   162009 sec.
    Turnaround time :                            162009 sec.

The output (if any) is above this job summary.

