Unloaded module: latex/TeXLive12
Loaded module: python3/3.6.2
[5]
[5.0]
[5. 3.]
3.0, 5.0, 0.2564226999010665, 0.3028619864022872

[5.25 3.  ]
3.0, 5.25, 0.25642313856762194, 0.3028618889122632

[5.   3.15]
3.1500000000000004, 5.0, 0.2590033330705327, 0.30401039948530345

[5.25 2.85]
2.8499999999999996, 5.25, 0.2537102955755785, 0.30168166143423764

[5.375 2.7  ]
2.6999999999999993, 5.375, 0.25085142073659533, 0.300467801376962

[5.625 2.7  ]
2.6999999999999993, 5.625, 0.25085178665352686, 0.3004677734142063

[5.9375 2.55  ]
2.549999999999999, 5.9375, 0.24783054702647542, 0.29921847765235204

[6.0625 2.25  ]
2.2499999999999982, 6.0625, 0.24121949579630494, 0.2966055289711804

[6.46875 1.875  ]
1.8749999999999973, 6.46875, 0.23161377247223797, 0.2931037898428154

[7.03125 1.725  ]
1.724999999999997, 7.03125, 0.22723612297930024, 0.29162386574489046

[7.859375 1.2375  ]
1.2374999999999954, 7.859375, 0.20995866915109304, 0.28649067453500665

[8.390625 0.5625  ]
0.5624999999999938, 8.390625, 0.17112632146762746, 0.279114333997635

[ 9.6171875 -0.43125  ]
-0.43125000000000924, 9.6171875, 17.33921092070221, 21.49010551022185

[ 9.78125 -0.075  ]
-0.07500000000000817, 9.78125, 5.885972118844159, 11.327872911591264

[7.296875 1.3875  ]
1.387499999999996, 7.296875, 0.21587397541838066, 0.2881209379063114

[8.953125 0.4125  ]
0.4124999999999932, 8.953125, 0.15727761344319144, 0.27793628240270046

[ 9.78125 -0.075  ]
-0.07500000000000817, 9.78125, 5.885972118844159, 11.327872911591264

[ 9.484375 -0.2625  ]
-0.2625000000000084, 9.484375, 21.61472648514771, 27.72984899026171

[8.265625 0.8625  ]
0.8624999999999945, 8.265625, 0.19167017754052842, 0.2822904517688685

[9.078125 0.1125  ]
0.1124999999999925, 9.078125, 0.11245599766073708, 0.28059957797906676

[8.875 0.3  ]
0.29999999999999294, 8.875, 0.1442052596258245, 0.27758988105574645

[9.4375 0.15  ]
0.14999999999999236, 9.4375, 0.12038579625328782, 0.2792079112420404

[8.65234375 0.459375  ]
0.4593749999999934, 8.65234375, 0.1619671725771417, 0.2782449349153493

[9.17578125 0.253125  ]
0.2531249999999927, 9.17578125, 0.13775929571703852, 0.2777165810377328

[9.09765625 0.140625  ]
0.14062499999999245, 9.09765625, 0.11850726106566818, 0.27948898537443895

[8.98925781 0.34453125]
0.344531249999993, 8.9892578125, 0.1497331872834667, 0.27764132144617537

[8.68847656 0.39140625]
0.3914062499999933, 8.6884765625, 0.15503830202789465, 0.2778222926036506

[9.05395508 0.28769531]
0.28769531249999286, 9.053955078125, 0.14258098084140067, 0.27760243478087826

[8.93969727 0.24316406]
0.24316406249999273, 8.939697265625, 0.13629237389578863, 0.27777483531607927

[8.97686768 0.31918945]
0.3191894531249929, 8.97686767578125, 0.14665164406279177, 0.2775949751814975

[8.7979126  0.33149414]
0.331494140624993, 8.79791259765625, 0.14816810015925988, 0.2776122232458057

[8.98994446 0.29864502]
0.2986450195312429, 8.989944458007812, 0.14402861348019852, 0.2775906552246917

[8.88807678 0.27945557]
0.2794555664062429, 8.888076782226562, 0.14146740436787464, 0.277618406617318

[8.95466995 0.30925598]
0.3092559814453054, 8.954669952392578, 0.14539805434323735, 0.27758881894562976

[8.83972549 0.31061096]
0.31061096191405546, 8.839725494384766, 0.14557061519534495, 0.2775891896853238

[8.91939545 0.31986694]
0.31986694335936794, 8.919395446777344, 0.14673615870878726, 0.27759563933887543

[8.88609886 0.30496674]
0.3049667358398367, 8.886098861694336, 0.14484832745242937, 0.27758845375311486

[9.00104332 0.30361176]
0.30361175537108664, 9.001043319702148, 0.14467361763206693, 0.27758867986522284

[8.93247223 0.29932251]
0.2993225097656179, 8.932472229003906, 0.14411700342152742, 0.2775902492012817

[8.94912052 0.30677261]
0.30677261352538354, 8.94912052154541, 0.14508041363916954, 0.27758844219788775

[8.83417606 0.30812759]
0.3081275939941336, 8.834176063537598, 0.14525391317387784, 0.2775885533640196

[8.87589288 0.30699863]
0.3069986343383718, 8.875892877578735, 0.14510937860780423, 0.2775884348465518

[8.93891454 0.30880451]
0.3088045120239187, 8.93891453742981, 0.14534043308668076, 0.277588710600303

[8.89930278 0.30592618]
0.3059261798858572, 8.899302780628204, 0.14497174267999116, 0.2775884096128412

[8.82607514 0.3061522 ]
0.3061522006988454, 8.82607513666153, 0.14500076138635346, 0.2775883870229211

[8.76455244 0.30584199]
0.30584199428557635, 8.76455244421959, 0.14496089429829853, 0.277588370437369

[8.78796235 0.30476954]
0.30476953983306176, 8.787962347269058, 0.14482290817878574, 0.27758844328826865

[8.85391025 0.30644136]
0.3064413607120443, 8.853910245001316, 0.14503789248567545, 0.2775884002906995

[8.71915991 0.30635718]
0.30635717511176347, 8.719159908592701, 0.1450270559991271, 0.2775883572445229

[8.62908847 0.30657267]
0.30657267272471656, 8.62908847257495, 0.14505469235979498, 0.27758833565375923

[8.53973067 0.30597331]
0.3059733062982486, 8.539730671793222, 0.14497771536361126, 0.2775882982494306

[8.38264089 0.30573928]
0.3057392790913507, 8.382640885189176, 0.14494760163629858, 0.2775882510348666

[8.24717691 0.30646996]
0.3064699575304909, 8.247176913544536, 0.1450414178145369, 0.2775882062424643

[7.98848915 0.30678394]
0.3067839391529481, 7.988489148207009, 0.14508163172265195, 0.2775881274744602

[7.74204156 0.30595055]
0.30595054551958223, 7.742041560821235, 0.14497458084624423, 0.2775880158088772

[7.2985181  0.30563948]
0.30563948191701507, 7.298518104944378, 0.14493446331828144, 0.27758783931827663

[6.90436637 0.30668414]
0.3066841419786125, 6.904366367962211, 0.14506848849645027, 0.27758766145475755

[6.16522911 0.30715657]
0.30715657342224345, 6.165229109348729, 0.14512875703824615, 0.2775872845989626

[5.47525807 0.30601212]
0.3060121161863104, 5.4752580660860986, 0.14498156071091642, 0.27758676364838314

[4.21864253 0.3056262 ]
0.3056262047029916, 4.218642525025643, 0.14493101851937024, 0.277585502530069

[3.08535353 0.3071433 ]
0.30714329620822, 3.0853535294299945, 0.14512423928181106, 0.27758349618658623

[0.97877124 0.3078952 ]
0.3078952033538225, 0.9787712416728027, 0.14520851986441158, 0.27756745394098753

[-0.96781534  0.30636483]
0.30636483463457065, -0.9678153426502831, 0.14504841472075367, 0.2776157749917182

[4.381968   0.30695864]
0.30695863872532525, 4.381967996348976, 0.14510223774247138, 0.27758572403832277

[0.81544577 0.30656277]
0.30656276933148885, 0.81544577034947, 0.14503438045687064, 0.27756273585829333

[-0.96781534  0.30636483]
0.30636483463457065, -0.9678153426502831, 0.14504841472075367, 0.2776157749917182

[-2.42442551  0.30883177]
0.3088317679823197, -2.4244255130033707, 0.1453531764326589, 0.27760117467466

[2.55787552 0.3064276 ]
0.3064275955228236, 2.55787551551839, 0.14503129822939675, 0.2775819075382837

[-0.7636585   0.30803038]
0.3080303771624877, -0.7636585034961172, 0.1452669273615161, 0.2776227769132345

[1.72749201 0.30682829]
0.30682829093273967, 1.727492010764763, 0.1450794593051502, 0.27757756012129253

[0.066725   0.30762968]
0.30762968175257166, 0.06672500125750958, 0.14498066934104417, 0.2773082113683164

[-0.7636585   0.30803038]
0.3080303771624877, -0.7636585034961172, 0.1452669273615161, 0.2776227769132345

[-0.09660047  0.30629725]
0.30629724773023803, -0.09660047006582317, 0.14523555462703824, 0.27788033633553616

[0.70992831 0.30749571]
0.30749571444792634, 0.7099283137381462, 0.14515086338423394, 0.2775586364954958

[-0.03879246  0.30856263]
0.30856262686900915, -0.03879245535381415, 0.14602450668166558, 0.2785597586275872

[0.60188621 0.30706273]
0.3070627337158689, 0.6018862139236489, 0.14509118590507278, 0.27755294216849563

[-0.0413171  0.3071967]
0.3071967010205142, -0.04131709855698773, 0.1457832290870619, 0.27846902037593535

[0.52211696 0.30742096]
0.3074209610910733, 0.5221169606643628, 0.1451328518661206, 0.2775472928947298

[-0.01304425  0.30798791]
0.30798790912777607, -0.013044252001776613, 0.15463473140540887, 0.2907205860948826

[0.4481536  0.30729403]
0.3072940275688457, 0.44815359744229255, 0.1451114012844577, 0.27754030794949264

[-0.00723836  0.30750275]
0.30750274823034407, -0.0072383619645606245, 0.20446886275430198, 0.3655152527729668

[0.38977813 0.30744141]
0.307441407875891, 0.3897781300071319, 0.14512482474579444, 0.27753300114248086

[0.00834953 0.30777706]
0.30777706205961697, 0.008349533822348931, 0.14460615047502087, 0.2768078642586581

[-0.2115525   0.30801858]
0.30801857930500254, -0.21155249798762288, 0.14533138301853119, 0.27771168771074967

[-0.31470359  0.30796534]
0.3079653359362976, -0.3147035949272734, 0.14529377764922136, 0.2776701453963606

[0.2136577  0.30757239]
0.30757238989099267, 0.21365769877353058, 0.1451083808885514, 0.2774884652010384

[-0.13858316  0.30783435]
0.30783435392119596, -0.13858316369367207, 0.14536051614824147, 0.2777828506058556

[0.12559748 0.30763788]
0.3076378808985435, 0.12559748315672992, 0.1450692329364675, 0.2774248552314646

[-0.05052295  0.30776886]
0.30776886291364514, -0.05052294807687141, 0.14569645438181214, 0.27825044357295375

[0.08156738 0.30767063]
0.3076706264023189, 0.08156737534832958, 0.1450177638871309, 0.27735059082642427

[-0.00649284  0.30773612]
0.3077361174098697, -0.006492840268471078, 0.16727382178052638, 0.3098543332181658

[0.05955232 0.307687  ]
0.3076869991542066, 0.05955232144412942, 0.1449682244214663, 0.2772819549912386

[0.00117685 0.30783438]
0.3078343794612519, 0.0011768540089687751, 0.14473841595041975, 0.27703643576824843

[-0.05002593  0.30792444]
0.3079244423666623, -0.05002593361281171, 0.1457232034306523, 0.2782597630911681

[0.03215776 0.30774636]
0.3077463599573205, 0.032157757679894136, 0.14484999676276003, 0.27711611120878105

[-0.02263137  0.30786508]
0.30786508156354836, -0.02263136984857643, 0.14706597460913448, 0.280116464668081

[0.01846048 0.30777604]
0.3077760403588775, 0.018460475797776495, 0.14472981912584432, 0.27695601732428504

[0.02563316 0.30771872]
0.30771872295724256, 0.02563315561115665, 0.14479526309947888, 0.277049443573087

[0.00729093 0.30780547]
0.30780546533524955, 0.007290929409515744, 0.14460082442595326, 0.27679995307092503

[-0.00282001  0.30780649]
0.307806487035989, -0.002820012565911821, 0.14602850685855823, 0.27894964733395

[0.01314035 0.30778365]
0.3077836520281554, 0.013140353706854416, 0.1446649930673337, 0.2768740319390566

[0.00250011 0.30779888]
0.30779887536671113, 0.002500109525010258, 0.14464848329918972, 0.2769012353497408

[0.01048029 0.30778746]
0.3077874578627943, 0.010480292661393376, 0.14463144671841743, 0.27683373087468016

[0.00516017 0.30779507]
0.3077950695320722, 0.005160170570471297, 0.14459461149761746, 0.27680484178177195

[0.00410157 0.30782347]
0.3078234728077047, 0.00410156615763811, 0.14460774738095772, 0.27682554700827217

[0.00728754 0.30778866]
0.3077886647466389, 0.007287541906171226, 0.1445986515742639, 0.27679994465335034

[0.0094183  0.30779906]
0.30779906054981626, 0.009418300745215673, 0.14462029921839742, 0.27681962706357455

[0.0062247  0.30779607]
0.3077960672865082, 0.006224703114157392, 0.14459427493383323, 0.2767978793274927

[0.00622132 0.30777927]
0.30777926669789757, 0.006221315610812874, 0.14459211442245737, 0.27679789275087285

[0.00515848 0.30778667]
0.3077866692377669, 0.005158476818799039, 0.14459354128280746, 0.2768048653604242

[0.00675528 0.30778817]
0.3077881658694209, 0.00675527563432818, 0.14459535195476383, 0.2767980143066039


------------------------------------------------------------
Sender: LSF System <lsfadmin@n-62-21-22>
Subject: Job 1708326: <minimize_batch_job_this_is_on_purpose_to_utilize_more_kernel> in cluster <dcc> Done

Job <minimize_batch_job_this_is_on_purpose_to_utilize_more_kernel> was submitted from host <gbarlogin2> by user <s174007> in cluster <dcc> at Thu Jan 10 17:20:35 2019
Job was executed on host(s) <n-62-21-22>, in queue <hpc>, as user <s174007> in cluster <dcc> at Thu Jan 10 17:20:36 2019
</zhome/b0/b/127184> was used as the home directory.
</zhome/b0/b/127184/Documents/Projects/machine-learning-on-materials> was used as the working directory.
Started at Thu Jan 10 17:20:36 2019
Terminated at Thu Jan 10 17:41:07 2019
Results reported at Thu Jan 10 17:41:07 2019

Your job looked like:

------------------------------------------------------------
# LSBATCH: User input
#!/bin/bash
##Kør på cpu
#BSUB -q hpc
##Navn på job
#BSUB -J minimize_batch_job_this_is_on_purpose_to_utilize_more_kernel
##Output fil
#BSUB -o output/minimize/linear_GP_faulty_batchjobs-%J.out
##Antal kerner
#BSUB -n 1
##Om kernerne må være på forskellige computere
#BSUB -R "span[hosts=1]"
##Ram pr kerne
#BSUB -R "rusage[mem=10GB]"
##Hvor lang tid må den køre hh:mm
#BSUB -W 45:00
##Email når jobbet starter
##og stopper
module purge
module load python3
python3 KRR/minimizer.py linear 3 GP faulty [5]
------------------------------------------------------------

Successfully completed.

Resource usage summary:

    CPU time :                                   1228.65 sec.
    Max Memory :                                 854 MB
    Average Memory :                             652.13 MB
    Total Requested Memory :                     10240.00 MB
    Delta Memory :                               9386.00 MB
    Max Swap :                                   -
    Max Processes :                              4
    Max Threads :                                5
    Run time :                                   1260 sec.
    Turnaround time :                            1232 sec.

The output (if any) is above this job summary.

