Unloaded module: latex/TeXLive12
Loaded module: python3/3.6.2
[5]
[5.0]
[5. 5.]
5.0, 5.0, 0.18760377097552164, 0.2754223482274772

[5.25 5.  ]
5.0, 5.25, 0.18760516927186507, 0.2754242054551811

[5.   5.25]
5.25, 5.0, 0.19019729746295547, 0.27615402978768766

[5.25 4.75]
4.75, 5.25, 0.18489543536826747, 0.2746810090665559

[5.375 4.5  ]
4.5, 5.375, 0.1820596793953899, 0.27392726758581754

[5.125 4.5  ]
4.5, 5.125, 0.18205838867820157, 0.27392542314331436

[5.0625 4.25  ]
4.25, 5.0625, 0.17908309259932179, 0.2731590843512406

[5.4375 3.75  ]
3.75, 5.4375, 0.1726623767873986, 0.2715989038404922

[5.65625 3.125  ]
3.125, 5.65625, 0.16356085728252312, 0.2695995875720167

[5.34375 2.875  ]
2.875, 5.34375, 0.1595083332411631, 0.26878917650856077

[5.328125 2.0625  ]
2.0625, 5.328125, 0.14417113317457445, 0.26620780531167854

[5.921875 0.9375  ]
0.9375, 5.921875, 0.11400777540036741, 0.26363368076926075

[ 6.3515625 -0.71875  ]
-0.71875, 6.3515625, 3.6262965950270862, 4.995173301650794

[ 5.59375 -0.125  ]
-0.125, 5.59375, 0.9523409044155415, 2.010484336707852

[5.640625 2.3125  ]
2.3125, 5.640625, 0.14930191276227853, 0.26698706180046344

[5.609375 0.6875  ]
0.6875, 5.609375, 0.10489172387350697, 0.2636816876538079

[ 6.203125 -0.4375  ]
-0.4375, 6.203125, 14.255012910405881, 21.61509550986668

[5.546875 1.4375  ]
1.4375, 5.546875, 0.12917361412242245, 0.26447131502716126

[5.984375 0.1875  ]
0.1875, 5.984375, 0.08284698598092712, 0.2672382375264922

[5.65625 1.125  ]
1.125, 5.65625, 0.12011473193079839, 0.26384664115038514

[5.875 0.5  ]
0.5, 5.875, 0.09719888546315639, 0.2641680548728458

[5.7109375 0.96875  ]
0.96875, 5.7109375, 0.1150652428728126, 0.2636566962411722

[6.0234375 1.21875  ]
1.21875, 6.0234375, 0.12296859890791016, 0.2640079914673413

[5.71289062 0.8203125 ]
0.8203125, 5.712890625, 0.10988501198525111, 0.26359509830672695

[5.92382812 0.7890625 ]
0.7890625, 5.923828125, 0.10874242114916599, 0.2636025417053465

[5.71484375 0.671875  ]
0.671875, 5.71484375, 0.10428042362717245, 0.2637039634179239

[5.87011719 0.87109375]
0.87109375, 5.8701171875, 0.11170263359332601, 0.26360104243435567

[5.65917969 0.90234375]
0.90234375, 5.6591796875, 0.11279684203648523, 0.2636118217994326

[5.85766602 0.81738281]
0.8173828125, 5.857666015625, 0.10977890752312813, 0.2635960924865341

[5.70043945 0.76660156]
0.7666015625, 5.700439453125, 0.10790870330398529, 0.263611027819

[5.82769775 0.8449707 ]
0.844970703125, 5.82769775390625, 0.11077374479086052, 0.26359588454218724

[5.68292236 0.84790039]
0.847900390625, 5.68292236328125, 0.11087829872518824, 0.2635954696396729

[5.56811523 0.82324219]
0.8232421875, 5.568115234375, 0.10999093732611964, 0.26359413067726317

[5.43832397 0.81237793]
0.8123779296875, 5.438323974609375, 0.10959613411879823, 0.2635945389186753

[5.5980835 0.7956543]
0.795654296875, 5.59808349609375, 0.10898457062466169, 0.2635989260145002

[5.66171265 0.83483887]
0.8348388671875, 5.661712646484375, 0.11040977080786739, 0.2635944161674311

[5.51693726 0.83776855]
0.8377685546875, 5.516937255859375, 0.11051487359078936, 0.26359374615929476

[5.41896057 0.84649658]
0.84649658203125, 5.4189605712890625, 0.11082761579366099, 0.2635938728273707

[5.42333984 0.82617188]
0.826171875, 5.42333984375, 0.11009668285855863, 0.26359318603411164

[5.30415344 0.82183838]
0.82183837890625, 5.3041534423828125, 0.10993958827827786, 0.2635927414980687

[5.25297546 0.83636475]
0.83636474609375, 5.2529754638671875, 0.11046389734090657, 0.2635921690481064

[5.09540558 0.84292603]
0.842926025390625, 5.095405578613281, 0.11069911384348104, 0.26359157192071

[4.88262177 0.82699585]
0.826995849609375, 4.882621765136719, 0.11012533666178446, 0.263589765155125

[4.56546402 0.8216095 ]
0.8216094970703125, 4.565464019775391, 0.10992961354527798, 0.26358770966207745

[4.35671616 0.84269714]
0.8426971435546875, 4.356716156005859, 0.11068904018015083, 0.2635860054159466

[3.88299751 0.85312653]
0.8531265258789062, 3.882997512817383, 0.11106021651508802, 0.263582538713422

[3.35305595 0.83181   ]
0.8318099975585938, 3.353055953979492, 0.1102939294289256, 0.2635742448558965

[2.48188114 0.82625198]
0.8262519836425781, 2.4818811416625977, 0.11008762305168829, 0.2635573309474599

[1.79941463 0.85776901]
0.8577690124511719, 1.7994146347045898, 0.11120887304825014, 0.26353444558993594

[0.41638994 0.87584877]
0.8758487701416016, 0.41638994216918945, 0.11175660233736975, 0.2632693883072792

[-0.98472643  0.84897423]
0.8489742279052734, -0.9847264289855957, 0.11098988581422849, 0.26381092039218235

[2.66606653 0.85208845]
0.852088451385498, 2.666066527366638, 0.11101662282164076, 0.2635629576985284

[0.23220456 0.8500123 ]
0.8500123023986816, 0.23220455646514893, 0.11076889371456776, 0.2630428514254568

[-0.98472643  0.84897423]
0.8489742279052734, -0.9847264289855957, 0.11098988581422849, 0.26381092039218235

[-1.83328664  0.89960909]
0.8996090888977051, -1.8332866430282593, 0.11274697253683674, 0.26373975932997984

[1.4030892  0.84459126]
0.8445912599563599, 1.4030891954898834, 0.11073054225128193, 0.2635079789769019

[-0.7544947   0.88126981]
0.8812698125839233, -0.754494696855545, 0.11215806176867409, 0.26388370029275393

[0.86369322 0.8537609 ]
0.8537608981132507, 0.8636932224035263, 0.11103470294286102, 0.2634404182212612

[-0.21509872  0.87210017]
0.8721001744270325, -0.21509872376918793, 0.11213581403845482, 0.2647374023283386

[0.59399524 0.85834572]
0.8583457171916962, 0.5939952358603477, 0.11117181375650598, 0.26336443192879844

[0.05459926 0.86751536]
0.867515355348587, 0.05459926277399063, 0.11111987791148048, 0.26220167231556935

[-0.21509872  0.87210017]
0.8721001744270325, -0.21509872376918793, 0.11213581403845482, 0.2647374023283386

[-0.12958612  0.84167889]
0.8416788876056671, -0.1295861229300499, 0.11148200851742102, 0.26597017203404555

[0.27989593 0.8673063 ]
0.867306299507618, 0.2798959258943796, 0.11140771499320265, 0.26312431785082113

[0.00690789 0.85022136]
0.8502213582396507, 0.006907893344759941, 0.11035446489585811, 0.26154592595387843

[-0.12958612  0.84167889]
0.8416788876056671, -0.1295861229300499, 0.11148200851742102, 0.26597017203404555

[-0.1706974   0.86772441]
0.8677244111895561, -0.17069740034639835, 0.11213207559561654, 0.2651631520753777

[0.13147907 0.85444033]
0.8544403295964003, 0.1314790672622621, 0.11082865659589156, 0.26274419718610464

[-0.06997191  0.86329638]
0.8632963839918375, -0.06997191114351153, 0.1150408286270507, 0.2734513127784661

[0.08111632 0.85665434]
0.8566543431952596, 0.0811163226608187, 0.11081278838769096, 0.2624473737214352

[-0.01960917  0.86108237]
0.8610823703929782, -0.019609166542068124, 0.11171617045375126, 0.2633352734048298

[0.05593495 0.85776135]
0.8577613499946892, 0.05593495036009699, 0.11078143177644105, 0.26221680232252687

[0.00557221 0.85997536]
0.8599753635935485, 0.005572205758653581, 0.11070018491547585, 0.2615332241198163

[-0.01960917  0.86108237]
0.8610823703929782, -0.019609166542068124, 0.11171617045375126, 0.2633352734048298

[-0.04211916  0.84268137]
0.8426813664846122, -0.04211916367057711, 0.38244672769925636, 0.9424299088128409

[0.03041966 0.86130686]
0.8613068581325933, 0.030419656162848696, 0.1108143671360726, 0.26189267643307707

[-0.01793956  0.84888986]
0.8488898637006059, -0.017939557059435174, 0.11103150213906703, 0.26281065288614985

[0.01832985 0.85820261]
0.8582026095245965, 0.01832985285727773, 0.11066048435861545, 0.26170818570679

[-0.00584975  0.85199411]
0.8519941123086028, -0.005849753753864206, 0.11049806729655497, 0.2615577666055418

[1.95147899e-04 8.53546237e-01]
0.8535462366126012, 0.00019514789892127737, 0.11048828701404026, 0.2615001649864653

[-0.00114054  0.86330024]
0.863300241966499, -0.0011405396871850826, 0.11084308294048228, 0.26150492071623677

[-0.0065176   0.85687111]
0.8568711149855517, -0.006517597546917386, 0.11068460449677163, 0.26157731226834374

[0.00254975 0.8591993 ]
0.8591993014415493, 0.0025497549322608393, 0.11067849877376969, 0.26150936318560375

[-0.00349515  0.85764718]
0.8576471771375509, -0.0034951467205246445, 0.11066538611525974, 0.26151957060062264

[0.00103853 0.85881127]
0.8588112703655497, 0.0010385295190644683, 0.11067069421066329, 0.2615030429522353

[0.00237422 0.84905727]
0.8490572650116519, 0.0023742171051708283, 0.110319257912905, 0.261506187304977

[-2.61850489e-04  8.59739498e-01]
0.8597394977277872, -0.00026185048909610487, 0.11071078553494987, 0.2615019918186307

[-0.00110523  0.85447446]
0.8544744639748387, -0.0011052321092392958, 0.11052977846633148, 0.26150174586725367

[-6.48233721e-04  8.48281203e-01]
0.8482812028596527, -0.0006482337212219136, 0.11030610431604819, 0.26149904835417714

[-8.41425337e-04  8.42552055e-01]
0.8425520554255854, -0.0008414253372848179, 0.11010289577492192, 0.26149804154185796

[4.58954671e-04 8.41623828e-01]
0.8416238280633479, 0.00045895467087575526, 0.11006203631645194, 0.2614978953459821

[0.00124105 0.83519851]
0.8351985101076025, 0.0012410480609332808, 0.10982855264568343, 0.2614991481978386

[-5.77618565e-04  8.30629647e-01]
0.8306296468763321, -0.0005776185653303401, 0.10967374194957792, 0.26149588876603136

[-0.000964    0.81917135]
0.8191713520081976, -0.0009640017974561488, 0.10926294786929416, 0.26149566034342686

[3.36378211e-04 8.18243125e-01]
0.81824312464596, 0.0003363782107044244, 0.10922217427651758, 0.2614960906209849

[-0.00108658  0.79579065]
0.7957906485908097, -0.0010865782576274796, 0.10841300621040187, 0.26149796155478233

[7.25714387e-05 8.30165533e-01]
0.8301655331952134, 7.257143874994654e-05, 0.1096533402823243, 0.26149597276936326

[-0.00122781  0.83109376]
0.8310937605574509, -0.0012278085694106267, 0.10969473120659001, 0.26149698765782936

[-5.46684843e-05  8.21455784e-01]
0.8214557836238328, -5.466848432433835e-05, 0.10934020796395733, 0.2614954742104375

[-0.00109124  0.8104616 ]
0.810461602436817, -0.0010912417205304337, 0.10894802282794881, 0.2614960746994842

[-2.18381851e-04  8.25239551e-01]
0.8252395505056143, -0.00021838185107014851, 0.1094775979406311, 0.26149545747151665

[6.90951462e-04 8.27523982e-01]
0.8275239821212494, 0.0006909514620616619, 0.10955531160581881, 0.26149694219162317

[-5.50263483e-04  8.21259510e-01]
0.8212595095364605, -0.0005502634825766961, 0.1093358821351844, 0.26149531991363556

[-7.13976849e-04  8.25043276e-01]
0.825043276418242, -0.0007139768493225063, 0.10947343406939047, 0.26149556241156696

[-2.19495576e-04  8.22352657e-01]
0.8223526568224351, -0.00021949557557388033, 0.10937347303351024, 0.26149536625382924

[-5.51377207e-04  8.18372616e-01]
0.8183726158532814, -0.0005513772070804279, 0.10923152857156852, 0.26149530390290193

[-7.17874885e-04  8.14939149e-01]
0.8149391485271149, -0.0007178748850855676, 0.10910819028250185, 0.26149544808304687

[-0.00088215  0.81727947]
0.8172794685673068, -0.0008821451140832437, 0.10919396735492458, 0.2614955493207929

[-3.8515796e-04  8.2108436e-01]
0.821084359758653, -0.00038515796020122117, 0.10932859990466497, 0.26149529665507326

[-3.86271685e-04  8.18197466e-01]
0.8181974660754738, -0.000386271684704953, 0.10922424782518105, 0.2614952974391219

[-2.20052438e-04  8.20909210e-01]
0.8209092099808455, -0.00022005243782574624, 0.10932135417119868, 0.2614953477349364

[-4.68546015e-04  8.19006764e-01]
0.8190067643851724, -0.0004685460147667575, 0.10925398594131808, 0.26149528634723485

[-4.67432290e-04  8.21893658e-01]
0.8218936580683516, -0.0004674322902630257, 0.10935830106465248, 0.26149531213525967

[-4.06561836e-04  8.19121514e-01]
0.8191215140736933, -0.00040656183609447116, 0.10925778219298131, 0.26149528673260874

[-4.89949891e-04  8.17043919e-01]
0.8170439187002128, -0.0004899498906600075, 0.10918309211187222, 0.26149531136975096

[-4.11355943e-04  8.20074249e-01]
0.820074249494043, -0.00041135594281591775, 0.10929225107209506, 0.2614952863035602

[-4.73340121e-04  8.19959500e-01]
0.8199594998055221, -0.0004733401214882041, 0.1092884585185254, 0.2614952873332425

[-4.23256407e-04  8.19331011e-01]
0.8193310105066505, -0.0004232564074429044, 0.10926545167551334, 0.2614952849039045


------------------------------------------------------------
Sender: LSF System <lsfadmin@n-62-21-108>
Subject: Job 1708360: <minimize_batch_job_this_is_on_purpose_to_utilize_more_kernel> in cluster <dcc> Done

Job <minimize_batch_job_this_is_on_purpose_to_utilize_more_kernel> was submitted from host <gbarlogin2> by user <s174007> in cluster <dcc> at Thu Jan 10 17:20:39 2019
Job was executed on host(s) <n-62-21-108>, in queue <hpc>, as user <s174007> in cluster <dcc> at Thu Jan 10 17:20:40 2019
</zhome/b0/b/127184> was used as the home directory.
</zhome/b0/b/127184/Documents/Projects/machine-learning-on-materials> was used as the working directory.
Started at Thu Jan 10 17:20:40 2019
Terminated at Thu Jan 10 18:26:49 2019
Results reported at Thu Jan 10 18:26:49 2019

Your job looked like:

------------------------------------------------------------
# LSBATCH: User input
#!/bin/bash
##Kør på cpu
#BSUB -q hpc
##Navn på job
#BSUB -J minimize_batch_job_this_is_on_purpose_to_utilize_more_kernel
##Output fil
#BSUB -o output/minimize/linear_GP_newest_batchjobs-%J.out
##Antal kerner
#BSUB -n 1
##Om kernerne må være på forskellige computere
#BSUB -R "span[hosts=1]"
##Ram pr kerne
#BSUB -R "rusage[mem=10GB]"
##Hvor lang tid må den køre hh:mm
#BSUB -W 45:00
##Email når jobbet starter
##og stopper
module purge
module load python3
python3 KRR/minimizer.py linear 5 GP newest [5]
------------------------------------------------------------

Successfully completed.

Resource usage summary:

    CPU time :                                   3965.28 sec.
    Max Memory :                                 2080 MB
    Average Memory :                             1781.76 MB
    Total Requested Memory :                     10240.00 MB
    Delta Memory :                               8160.00 MB
    Max Swap :                                   -
    Max Processes :                              4
    Max Threads :                                5
    Run time :                                   3968 sec.
    Turnaround time :                            3970 sec.

The output (if any) is above this job summary.

