Unloaded module: latex/TeXLive12
Loaded module: python3/3.6.2
[5]
[5.0]
[ 5. 10.]
10.0, 5.0, 0.3495421244318913, 0.3610894744513907

[ 5.25 10.  ]
10.0, 5.25, 0.34954247275909633, 0.3610888365256425

[ 5.  10.5]
10.5, 5.0, 0.3526878308494506, 0.36312598649353844

[5.25 9.5 ]
9.5, 5.25, 0.3462372144875647, 0.3589767502471156

[5.375 9.   ]
9.0, 5.375, 0.342754740885814, 0.356781952851329

[5.625 9.   ]
9.0, 5.625, 0.3427550169707973, 0.35678141060075225

[5.9375 8.5   ]
8.5, 5.9375, 0.3390742930253016, 0.35449596896006064

[6.0625 7.5   ]
7.5, 6.0625, 0.33101218691658735, 0.3496165455096048

[6.46875 6.25   ]
6.25, 6.46875, 0.31924913422225565, 0.342805229155217

[7.03125 5.75   ]
5.75, 7.03125, 0.3138563038400503, 0.3398039489215569

[7.859375 4.125   ]
4.125, 7.859375, 0.2922554992317329, 0.3285440292918643

[8.390625 1.875   ]
1.875, 8.390625, 0.2403919785076516, 0.3063575811120968

[ 9.6171875 -1.4375   ]
-1.4375, 9.6171875, 17.035833516264645, 14.790229449259838

[ 9.78125 -0.25   ]
-0.25, 9.78125, 29.96071426517891, 30.49565494892991

[7.296875 4.625   ]
4.625, 7.296875, 0.2997194934584877, 0.3322987241207493

[8.953125 1.375   ]
1.375, 8.953125, 0.22016389812487874, 0.299538031288207

[ 9.78125 -0.25   ]
-0.25, 9.78125, 29.96071426517891, 30.49565494892991

[ 9.484375 -0.875   ]
-0.875, 9.484375, 10.017311970300835, 9.38267504457274

[8.265625 2.875   ]
2.875, 8.265625, 0.2685554918426489, 0.31756414368154967

[9.078125 0.375   ]
0.375, 9.078125, 0.14424100323505343, 0.2829963619305025

[ 9.484375 -0.875   ]
-0.875, 9.484375, 10.017311970300835, 9.38267504457274

[ 9.640625 -0.125   ]
-0.125, 9.640625, 6.165870525703416, 6.867050584240941

[8.703125 1.375   ]
1.375, 8.703125, 0.22016387204690244, 0.2995381366202698

[9.328125 0.375   ]
0.375, 9.328125, 0.1442410171284065, 0.2829963165537687

[ 9.640625 -0.125   ]
-0.125, 9.640625, 6.165870525703416, 6.867050584240941

[ 9.453125 -0.625   ]
-0.625, 9.453125, 9.681648939369257, 10.318877362731

[9.078125 0.875   ]
0.875, 9.078125, 0.19163097624375372, 0.29166116522751284

[ 9.328125 -0.125   ]
-0.125, 9.328125, 6.165870027139442, 6.867050222670343

[9.140625 0.625   ]
0.625, 9.140625, 0.1716276129449708, 0.2873400214170331

[9.265625 0.125   ]
0.125, 9.265625, 0.10178093788537187, 0.27994984268550827

[ 9.328125 -0.125   ]
-0.125, 9.328125, 6.165870027139442, 6.867050222670343

[9.515625 0.125   ]
0.125, 9.515625, 0.10178094580922459, 0.27994982251897943

[9.734375 0.      ]
Traceback (most recent call last):
  File "KRR/minimizer.py", line 124, in <module>
    minimize(func,Args,method='Nelder-Mead', tol=1e-3)
  File "/zhome/b0/b/127184/.local/lib/python3.6/site-packages/scipy/optimize/_minimize.py", line 591, in minimize
    return _minimize_neldermead(fun, x0, args, callback, **options)
  File "/zhome/b0/b/127184/.local/lib/python3.6/site-packages/scipy/optimize/optimize.py", line 573, in _minimize_neldermead
    fxe = func(xe)
  File "/zhome/b0/b/127184/.local/lib/python3.6/site-packages/scipy/optimize/optimize.py", line 293, in function_wrapper
    return function(*(wrapper_args + args))
  File "KRR/minimizer.py", line 78, in func
    KRR.fit(X,Y, "error")
  File "/zhome/b0/b/127184/Documents/Projects/machine-learning-on-materials/KRR/KRR_class.py", line 108, in fit
    weight=np.linalg.inv(np.matrix(K+self.lambd*I))
  File "/zhome/b0/b/127184/.local/lib/python3.6/site-packages/numpy/linalg/linalg.py", line 532, in inv
    ainv = _umath_linalg.inv(a, signature=signature, extobj=extobj)
  File "/zhome/b0/b/127184/.local/lib/python3.6/site-packages/numpy/linalg/linalg.py", line 89, in _raise_linalgerror_singular
    raise LinAlgError("Singular matrix")
numpy.linalg.linalg.LinAlgError: Singular matrix

------------------------------------------------------------
Sender: LSF System <lsfadmin@n-62-21-4>
Subject: Job 1708275: <minimize_batch_job_this_is_on_purpose_to_utilize_more_kernel> in cluster <dcc> Exited

Job <minimize_batch_job_this_is_on_purpose_to_utilize_more_kernel> was submitted from host <gbarlogin2> by user <s174007> in cluster <dcc> at Thu Jan 10 17:20:30 2019
Job was executed on host(s) <n-62-21-4>, in queue <hpc>, as user <s174007> in cluster <dcc> at Thu Jan 10 17:20:31 2019
</zhome/b0/b/127184> was used as the home directory.
</zhome/b0/b/127184/Documents/Projects/machine-learning-on-materials> was used as the working directory.
Started at Thu Jan 10 17:20:31 2019
Terminated at Thu Jan 10 18:40:13 2019
Results reported at Thu Jan 10 18:40:13 2019

Your job looked like:

------------------------------------------------------------
# LSBATCH: User input
#!/bin/bash
##Kør på cpu
#BSUB -q hpc
##Navn på job
#BSUB -J minimize_batch_job_this_is_on_purpose_to_utilize_more_kernel
##Output fil
#BSUB -o output/minimize/linear_SimpleLarge_deep_batchjobs-%J.out
##Antal kerner
#BSUB -n 1
##Om kernerne må være på forskellige computere
#BSUB -R "span[hosts=1]"
##Ram pr kerne
#BSUB -R "rusage[mem=10GB]"
##Hvor lang tid må den køre hh:mm
#BSUB -W 45:00
##Email når jobbet starter
##og stopper
module purge
module load python3
python3 KRR/minimizer.py linear 10 SimpleLarge deep [5]
------------------------------------------------------------

Exited with exit code 1.

Resource usage summary:

    CPU time :                                   4777.99 sec.
    Max Memory :                                 8052 MB
    Average Memory :                             7764.94 MB
    Total Requested Memory :                     10240.00 MB
    Delta Memory :                               2188.00 MB
    Max Swap :                                   -
    Max Processes :                              4
    Max Threads :                                5
    Run time :                                   4792 sec.
    Turnaround time :                            4783 sec.

The output (if any) is above this job summary.

