Unloaded module: latex/TeXLive12
Loaded module: python3/3.6.2
[-10000]
[-10000.0]
[-1.e+04  1.e-02]
0.01, -10000.0, 0.07633376949795047, 0.28547304523029265

[-1.05e+04  1.00e-02]
0.01, -10500.0, 0.07633376949439208, 0.28547304533162904

[-1.00e+04  1.05e-02]
0.0105, -10000.0, 0.07635638142672069, 0.28545600545509414

[-9.50e+03  1.05e-02]
0.0105, -9500.0, 0.07635638143273053, 0.2854560048218565

[-9.000e+03  1.075e-02]
0.01075, -9000.0, 0.07636799772442712, 0.2854475984780851

[-9.000e+03  1.125e-02]
0.011249999999999998, -9000.0, 0.07639184053860272, 0.2854310044264852

[-8.5000e+03  1.1875e-02]
0.011875, -8500.0, 0.07642276730420008, 0.28541065738938426

[-7.5000e+03  1.2125e-02]
0.012124999999999999, -7500.0, 0.07643548111831576, 0.28540263446873076

[-6.25000e+03  1.29375e-02]
0.012937499999999994, -6250.0, 0.07647812532104743, 0.28537700659570064

[-5.75000e+03  1.40625e-02]
0.014062499999999995, -5750.0, 0.07654042144201291, 0.28534257630017384

[-4.125000e+03  1.571875e-02]
0.015718749999999997, -4125.0, 0.07663869682391183, 0.2852939393814485

[-1.875000e+03  1.678125e-02]
0.01678124999999999, -1875.0, 0.07670566261161532, 0.2852639244784809

[1.4375000e+03 1.9234375e-02]
0.019234374999999984, 1437.5, 0.07687126385097694, 0.2851978830658927

[3.5625000e+03 2.2015625e-02]
0.022015624999999987, 3562.5, 0.07707622751977808, 0.2851279224383291

[8.46875000e+03 2.65546875e-02]
0.026554687499999986, 8468.75, 0.0774458178446399, 0.28502360957673273

[1.40312500e+04 3.00703125e-02]
0.030070312499999974, 14031.25, 0.077758530835191, 0.2849501958410535

[2.31093750e+04 3.72460937e-02]
0.03724609374999996, 23109.375, 0.07845748388603364, 0.2848174082912402

[3.01406250e+04 4.45664062e-02]
0.044566406249999954, 30140.625, 0.07923975423352579, 0.28470198009744446

[4.44921875e+04 5.72324219e-02]
0.05723242187499994, 44492.1875, 0.08071742814113196, 0.28454080639668744

[5.91328125e+04 6.79238281e-02]
0.06792382812499992, 59132.8125, 0.08205307631669022, 0.2844354969039002

[8.44648438e+04 8.86083984e-02]
0.08860839843749989, 84464.84375, 0.08477810928472812, 0.28429323071921575

[1.05847656e+05 1.08594727e-01]
0.10859472656249988, 105847.65625, 0.087503121150372, 0.284214983453097

[1.47216797e+05 1.44269043e-01]
0.14426904296874984, 147216.796875, 0.09241131336008439, 0.284179236237327

[1.87189453e+05 1.75645020e-01]
0.17564501953124978, 187189.453125, 0.09666080500008241, 0.2842276004470622

[2.49941406e+05 2.31305664e-01]
0.23130566406249975, 249941.40625, 0.10388437015939221, 0.28443863057856084

[1.25833984e+05 1.24282715e-01]
0.12428271484374986, 125833.984375, 0.08966371941725972, 0.28418510673663605

