Unloaded module: latex/TeXLive12
Loaded module: python3/3.6.2
[10]
[10.0]
[10.  3.]
3.0, 10.0, 0.28187727925786527, 0.3250751196748642

[10.5  3. ]
3.0, 10.5, 0.28187733425055983, 0.3250749095377667

[10.    3.15]
3.1500000000000004, 10.0, 0.2851140531755667, 0.3266030220342672

[10.5   2.85]
2.8499999999999996, 10.5, 0.27847183949809895, 0.3234960142748373

[10.75  2.7 ]
2.6999999999999993, 10.75, 0.27487974327207554, 0.32186231433546136

[11.25  2.7 ]
2.6999999999999993, 11.25, 0.27487978713744965, 0.32186213907976036

[11.875  2.55 ]
2.549999999999999, 11.875, 0.27108027147386776, 0.32016953825269673

[12.125  2.25 ]
2.2499999999999982, 12.125, 0.2627568974024198, 0.31658968043353747

[12.9375  1.875 ]
1.8749999999999973, 12.9375, 0.2506436075682857, 0.31169275122746337

[14.0625  1.725 ]
1.724999999999997, 14.0625, 0.2451177189222415, 0.3095819719816815

[15.71875  1.2375 ]
1.2374999999999954, 15.71875, 0.223301486231035, 0.3020025833938086

[16.78125  0.5625 ]
0.5624999999999938, 16.78125, 0.1744338889695563, 0.28931701406091165

[19.234375 -0.43125 ]
-0.43125000000000924, 19.234375, 60.36198202310829, 55.149423384462736

[19.5625 -0.075 ]
-0.07500000000000817, 19.5625, 3.6168713031866764, 3.396110542028638

[14.59375  1.3875 ]
1.387499999999996, 14.59375, 0.23077048602792558, 0.30446242102612636

[17.90625  0.4125 ]
0.4124999999999932, 17.90625, 0.1571465231164398, 0.28619253253290516

[19.5625 -0.075 ]
-0.07500000000000817, 19.5625, 3.6168713031866764, 3.396110542028638

[18.96875 -0.2625 ]
-0.2625000000000084, 18.96875, 5.170265751114938, 5.028861264183649

[16.53125  0.8625 ]
0.8624999999999945, 16.53125, 0.20023870680710532, 0.2952878329150467

[18.15625  0.1125 ]
0.1124999999999925, 18.15625, 0.10333009398984724, 0.28072338989515583

[18.96875 -0.2625 ]
-0.2625000000000086, 18.96875, 5.170265751114938, 5.028861264183649

[19.28125 -0.0375 ]
-0.03750000000000808, 19.28125, 4.580510511081747, 5.593313488309485

[17.40625  0.4125 ]
0.4124999999999933, 17.40625, 0.1571465178479497, 0.2861925598975746

[18.65625  0.1125 ]
0.11249999999999238, 18.65625, 0.10333009718706339, 0.2807233781178652

[19.28125 -0.0375 ]
-0.03750000000000808, 19.28125, 4.580510511081747, 5.593313488309485

[18.90625 -0.1875 ]
-0.18750000000000833, 18.90625, 6.5383478440482135, 7.018518114364525

[18.15625  0.2625 ]
0.26249999999999285, 18.15625, 0.13472709961227816, 0.2831385702517257

[18.65625 -0.0375 ]
-0.03750000000000797, 18.65625, 4.580510266974846, 5.593313188861642

[18.28125  0.1875 ]
0.18749999999999264, 18.28125, 0.12051177475898173, 0.2817707314104502

[18.53125  0.0375 ]
0.037499999999992234, 18.53125, 0.0831402653899207, 0.28062579861312165

[18.65625 -0.0375 ]
-0.03750000000000797, 18.65625, 4.580510266974846, 5.593313188861642

[19.03125  0.0375 ]
0.03749999999999212, 19.03125, 0.08314026665874004, 0.2806257921574328

[ 1.94687500e+01 -8.04911693e-15]
-8.049116928532385e-15, 19.46875, 11.596980035023595, 11.668136654486316

[18.90625 -0.0375 ]
-0.03750000000000803, 18.90625, 4.5805103718366444, 5.593313317661776

[18.71875  0.075  ]
0.07499999999999228, 18.71875, 0.09344398765519087, 0.28046770538356364

[19.21875  0.075  ]
0.07499999999999217, 19.21875, 0.09344399000760431, 0.2804676965088667

[19.5625   0.09375]
0.09374999999999215, 19.5625, 0.09848848121349071, 0.28056124852734565

[18.90625  0.1125 ]
0.11249999999999233, 18.90625, 0.10333009872228663, 0.280723372462443

[19.       0.05625]
0.056249999999992174, 19.0, 0.08826565881561282, 0.2804718249083665

[18.9375   0.09375]
0.09374999999999228, 18.9375, 0.09848847790667342, 0.28056126068354176

[18.984375  0.065625]
0.0656249999999922, 18.984375, 0.09086394746373766, 0.2804550615021337

[19.484375  0.065625]
0.06562499999999209, 19.484375, 0.09086394953114767, 0.28045505345266025

[19.8671875  0.0609375]
0.06093749999999201, 19.8671875, 0.08956568625193229, 0.28045935651363674

[19.25     0.05625]
0.056249999999992126, 19.25, 0.08826565973376604, 0.280471821144331

[19.2265625  0.0703125]
0.07031249999999216, 19.2265625, 0.09215749361347728, 0.28045806985298666

[19.2421875  0.0609375]
0.06093749999999214, 19.2421875, 0.08956568389867503, 0.28045936588690396

[19.23046875  0.06796875]
0.06796874999999215, 19.23046875, 0.0915114696813521, 0.2804556951950554

[19.23828125  0.06328125]
0.06328124999999214, 19.23828125, 0.09021523768116356, 0.28045624802822366

[19.23242188  0.06679687]
0.06679687499999215, 19.232421875, 0.0911878778916411, 0.2804551536453292

[19.23632812  0.06445312]
0.06445312499999215, 19.236328125, 0.09053972110507146, 0.2804554181825214

[19.23339844  0.06621094]
0.06621093749999216, 19.2333984375, 0.09102595298280933, 0.2804550491517754

[19.73339844  0.06621094]
0.06621093749999203, 19.7333984375, 0.09102595501197687, 0.2804550412709594

[20.10791016  0.06650391]
0.06650390624999195, 20.10791015625, 0.0911069291876892, 0.28045507382750784

[19.48242188  0.06679687]
0.06679687499999211, 19.482421875, 0.09118787892650124, 0.28045514963565704

[19.48388672  0.06591797]
0.06591796874999209, 19.48388671875, 0.09094496140602758, 0.2804550351198504

[19.98388672  0.06591797]
0.06591796874999198, 19.98388671875, 0.09094496337708116, 0.2804550274552098

[20.35913086  0.06577148]
0.06577148437499189, 20.359130859375, 0.09090446121784244, 0.28045502757738244

[19.734375  0.065625]
0.06562499999999204, 19.734375, 0.09086395052556706, 0.2804550495816528

[19.73364258  0.06606445]
0.06606445312499204, 19.733642578125, 0.09098546115596653, 0.2804550327195259

[20.23364258  0.06606445]
0.06606445312499193, 20.233642578125, 0.09098546308142286, 0.28045502523645394

[20.60852051  0.0661377 ]
0.06613769531249186, 20.6085205078125, 0.09100571201206269, 0.28045502324859

[20.85876465  0.06599121]
0.0659912109374918, 20.8587646484375, 0.09096521658589542, 0.2804550147716592

[21.42132568  0.06595459]
0.0659545898437417, 21.42132568359375, 0.09095509367681834, 0.28045500711153626

[22.04595947  0.06617432]
0.06617431640624158, 22.04595947265625, 0.09101584019551699, 0.28045500668078754

[23.07699585  0.06630249]
0.06630249023436638, 23.076995849609375, 0.09105127247421693, 0.28045500623872294

[23.88980103  0.06611938]
0.06611938476561621, 23.889801025390625, 0.09100066049531903, 0.28045498239525396

[25.53044128  0.06611023]
0.06611022949217837, 25.530441284179688, 0.09099813371821783, 0.28045496585507046

[27.18611145  0.06645813]
0.06645812988280306, 27.186111450195312, 0.09109429854065054, 0.2804549883992254

[29.63955688  0.06626587]
0.06626586914061505, 29.639556884765625, 0.09104116503749188, 0.2804549449311692

[32.9208374   0.06624756]
0.06624755859373938, 32.92083740234375, 0.09103610898647872, 0.28045492303874286

[31.26516724  0.06589966]
0.06589965820311469, 31.265167236328125, 0.09093992840263831, 0.2804549200185736

[33.30469513  0.06562042]
0.06562042236327051, 33.30469512939453, 0.09086271614586398, 0.2804549271481709

[38.65556335  0.06603699]
0.06603698730467569, 38.65556335449219, 0.09097790614306063, 0.2804548837148598

[45.21812439  0.06600037]
0.06600036621092437, 45.21812438964844, 0.09096778743518305, 0.28045486063241076

[43.56245422  0.06565247]
0.06565246582029968, 43.56245422363281, 0.09087158860334231, 0.2804548815635174

[57.51541138  0.06575317]
0.06575317382810936, 57.515411376953125, 0.09089944655138617, 0.28045483963845147

[7.06405334e+01 6.56799316e-02]
0.0656799316406067, 70.64053344726562, 0.0908791975898193, 0.28045482642743

[7.22962036e+01 6.60278320e-02]
0.06602783203123139, 72.29620361328125, 0.0909753935581934, 0.28045481160341557

[8.66630783e+01 6.62155151e-02]
0.06621551513669724, 86.66307830810547, 0.09102728066166321, 0.28045480752452107

[1.12085487e+02 6.58950806e-02]
0.06589508056637958, 112.08548736572266, 0.09093869811705943, 0.28045478249378947

[1.45519169e+02 6.58424377e-02]
0.0658424377441072, 145.51916885375977, 0.09092414553114536, 0.28045477197171426

[1.61541714e+02 6.63780212e-02]
0.06637802124019773, 161.5417137145996, 0.0910722059131755, 0.2804547931616196

[2.20397804e+02 6.60049438e-02]
0.06600494384760769, 220.3978042602539, 0.09096908002937958, 0.28045475570570344

[2.87265167e+02 6.58996582e-02]
0.06589965820306293, 287.2651672363281, 0.09093997215580092, 0.28045474992693475

[2.71242622e+02 6.53640747e-02]
0.06536407470697239, 271.2426223754883, 0.09079185525812472, 0.2804548107490514

[1.88966941e+02 6.61245346e-02]
0.0661245346068914, 188.96694087982178, 0.09100214040700087, 0.2804547640667542

[3.30712939e+02 6.61817551e-02]
0.06618175506584711, 330.71293926239014, 0.09101796165930871, 0.28045475401747416

[4.29011166e+02 6.59568787e-02]
0.06595687866201864, 429.0111656188965, 0.0909557946114953, 0.2804547423226927

[5.49033278e+02 6.58730507e-02]
0.06587305068958227, 549.0332779884338, 0.09093261783290175, 0.28045474073756865

[5.05585506e+02 6.55909538e-02]
0.06559095382679808, 505.5855059623718, 0.090854609300769, 0.2804547636700754

[3.74431081e+02 6.60340548e-02]
0.06603405475608486, 374.43108093738556, 0.09097713107423581, 0.2804547450596616

[6.36199192e+02 6.60074472e-02]
0.06600744724260421, 636.1991916894913, 0.09096977669911523, 0.28045473804182636

[8.10666204e+02 6.60613418e-02]
0.06606134176237485, 810.6662039160728, 0.09098467703914671, 0.2804547372020446

[9.85268401e+02 6.59003377e-02]
0.06590033769587227, 985.2684009671211, 0.09094016381739319, 0.280454735178278

[1.29068706e+03 6.58334792e-02]
0.06583347916576596, 1290.687060981989, 0.09092167777694797, 0.2804547360142342

[1.24690133e+03 6.60886288e-02]
0.06608862876866484, 1246.9013268947601, 0.09099222128812472, 0.2804547355834643

[1.42150352e+03 6.59276247e-02]
0.06592762470216226, 1421.5035239458084, 0.09094770887538192, 0.2804547328290007

[1.72692218e+03 6.58607662e-02]
0.06586076617205597, 1726.9221839606762, 0.09092922306318231, 0.28045473374569574

[1.15987060e+03 6.57393336e-02]
0.06573933362936968, 1159.8705980181694, 0.09089564468401998, 0.28045474215716765

[1.22514364e+03 6.60013050e-02]
0.06600130498384105, 1225.1436446756124, 0.09096807971354731, 0.28045473345987315

[1.66137877e+03 6.60285920e-02]
0.06602859199013104, 1661.3787676542997, 0.09097562399962536, 0.2804547326092491

[1.99943395e+03 6.60927191e-02]
0.06609271913726042, 1999.433950997889, 0.09099335253422289, 0.280454733954855

[1.85773865e+03 6.59549117e-02]
0.06595491170845225, 1857.7386469244957, 0.09095525354219695, 0.2804547316141816

[2.17403615e+03 6.59317151e-02]
0.06593171507075785, 2174.0361480489373, 0.09094884017897094, 0.28045473135263765

[2.41391139e+03 6.60326824e-02]
0.06603268235872664, 2413.9113917574286, 0.09097675512689028, 0.2804547315789576

[2.92656877e+03 6.59358054e-02]
0.06593580543935344, 2926.5687721520662, 0.09094997128944986, 0.28045473061751863

[3.55916377e+03 6.58894122e-02]
0.06588941216396463, 3559.1637744009495, 0.09093714409860901, 0.2804547311259686

[2.68669353e+03 6.58348382e-02]
0.06583483815138466, 2686.693528443575, 0.09092205416740717, 0.280454733464475

[2.48210693e+03 6.59832213e-02]
0.06598322130689115, 2482.106925928965, 0.09096308071119773, 0.28045473083477757

[3.23463955e+03 6.59873117e-02]
0.06598731167548674, 3234.639550032094, 0.09096421174068667, 0.28045473027331724

[3.76494125e+03 6.60151100e-02]
0.0660151099778512, 3764.9412510236725, 0.09097189720754098, 0.2804547303940188

[3.67910140e+03 6.59398958e-02]
0.06593989580794903, 3679.101396255195, 0.0909511023222693, 0.2804547300814671

[4.27759863e+03 6.59182331e-02]
0.06591823305847797, 4277.59863141831, 0.0909451129215724, 0.2804547302432312

[3.98717217e+03 6.59914020e-02]
0.06599140204408234, 3987.172174135223, 0.09096534270562198, 0.2804547299690398

[4.51747388e+03 6.60192003e-02]
0.06601920034644679, 4517.473875126801, 0.09097302812910903, 0.28045473009644367

[4.43163402e+03 6.59439862e-02]
0.06594398617654462, 4431.634020358324, 0.09095223331394622, 0.28045472974207347

[5.03013126e+03 6.59223234e-02]
0.06592232342707355, 5030.131255521439, 0.09094624392188803, 0.2804547299051315

[4.73970480e+03 6.59954924e-02]
0.06599549241267792, 4739.704798238352, 0.09096647363768687, 0.2804547297776438

[5.18416664e+03 6.59480765e-02]
0.06594807654514022, 5184.166644461453, 0.09095336428546216, 0.2804547296218978

[5.78266388e+03 6.59264138e-02]
0.06592641379566916, 5782.663879624568, 0.09094737488930779, 0.2804547298353286

[4.87609587e+03 6.58965703e-02]
0.06589657030900693, 4876.095866581425, 0.09093912340452603, 0.2804547304161874

[4.77380257e+03 6.59707619e-02]
0.06597076188676018, 4773.80256532412, 0.09095963629349531, 0.28045472957533607

[5.52633519e+03 6.59748523e-02]
0.06597485225535576, 5526.335189427249, 0.09096076722001747, 0.28045472949706796

[6.07368577e+03 6.59902853e-02]
0.06599028529476134, 6073.685773961712, 0.09096503409074068, 0.2804547294253365

[5.66332169e+03 6.60129706e-02]
0.0660129706363813, 5663.321694824379, 0.0909713058888885, 0.2804547296783487

[5.30395541e+03 6.59643001e-02]
0.06596430006795048, 5303.9554070521845, 0.09095784977613669, 0.28045472949571504

[6.60383862e+03 6.59838235e-02]
0.06598382347595164, 6603.838615689776, 0.09096324758936937, 0.28045472919093695

[7.51885664e+03 6.59903543e-02]
0.06599035427054736, 7518.856640872604, 0.09096505320290864, 0.2804547292888384

[7.37356898e+03 6.60098087e-02]
0.06600980870276249, 7373.568982599303, 0.09097043177090659, 0.2804547294715619

[6.85616559e+03 6.59984315e-02]
0.06599843154405949, 6856.1655887125235, 0.09096728632178393, 0.28045472957759554

[6.33876219e+03 6.59870544e-02]
0.06598705438535649, 6338.762194825744, 0.09096414083066381, 0.2804547293699079

[5.95389701e+03 6.59740618e-02]
0.06597406177195106, 5953.89701137098, 0.09096054868973909, 0.28045472951718486

[6.98870380e+03 6.59968161e-02]
0.06599681608935706, 6988.7037991445395, 0.09096683970689265, 0.2804547292848951

[7.25378022e+03 6.59935852e-02]
0.06599358517995221, 7253.780220008572, 0.09096594645564778, 0.2804547293419363

[7.02502571e+03 6.59919525e-02]
0.06599195248130328, 7025.025713712865, 0.09096549505054514, 0.28045472922828146

[6.64016053e+03 6.59789599e-02]
0.06597895986789784, 6640.160530258101, 0.09096190291298502, 0.28045472925746795

[6.72729635e+03 6.59834239e-02]
0.06598342392326265, 6727.296347479711, 0.09096313712775368, 0.2804547292450034

[6.90156798e+03 6.59923520e-02]
0.06599235203399226, 6901.56798192293, 0.09096560550720377, 0.28045472936485394

[6.77086426e+03 6.59856560e-02]
0.06598565595094505, 6770.8642560905155, 0.09096375422497295, 0.28045472942396477

[6.81443216e+03 6.59878880e-02]
0.06598788797862745, 6814.43216470132, 0.09096437131847672, 0.2804547292056788

[6.66556748e+03 6.59836237e-02]
0.06598362369960714, 6665.567481584743, 0.09096319235338633, 0.2804547293941509

[6.75270330e+03 6.59880878e-02]
0.06598808775497195, 6752.703298806353, 0.09096442654717526, 0.2804547292989192

[6.73091934e+03 6.59869717e-02]
0.06598697174113075, 6730.9193445009505, 0.09096411800341839, 0.2804547292419946

[6.68735144e+03 6.59847397e-02]
0.06598473971344834, 6687.351435890146, 0.0909635009127372, 0.2804547292743317

[6.72002737e+03 6.59864137e-02]
0.06598641373421014, 6720.02736734825, 0.09096396373384917, 0.2804547292601426

[6.70913539e+03 6.59858557e-02]
0.06598585572728954, 6709.135390195548, 0.0909638094515017, 0.28045472919405484

[6.66737898e+03 6.59853976e-02]
0.06598539760854119, 6667.378980095364, 0.09096368279744307, 0.2804547293158642

[6.64559503e+03 6.59842816e-02]
0.06598428159469999, 6645.59502578996, 0.09096337424675419, 0.28045472929386234

[6.65104101e+03 6.59845606e-02]
0.06598456059816028, 6651.041014366312, 0.09096345137828839, 0.2804547293191368

[6.65648700e+03 6.59848396e-02]
0.06598483960162059, 6656.487002942662, 0.0909635285199858, 0.2804547293064015

[6.63560880e+03 6.59846105e-02]
0.06598461054224641, 6635.60879789257, 0.09096346519433308, 0.28045472940502497

[6.62471682e+03 6.59840525e-02]
0.0659840525353258, 6624.716820739868, 0.09096331092316869, 0.2804547293460506

[6.62743982e+03 6.59841920e-02]
0.06598419203705595, 6627.439815028044, 0.09096334947839105, 0.28045472928715137

[6.57479143e+03 6.59831759e-02]
0.06598317591138698, 6574.791427775157, 0.09096306854928556, 0.2804547294682533

[6.63606311e+03 6.59844237e-02]
0.06598442367906218, 6636.063109150786, 0.09096341352890189, 0.28045472919375486

[6.61246191e+03 6.59840551e-02]
0.06598405511795787, 6612.461909812518, 0.09096331162200993, 0.28045472928070386

[6.61620639e+03 6.59840893e-02]
0.0659840893477324, 6616.206386116401, 0.0909633210928839, 0.2804547292844438

[6.61995086e+03 6.59841236e-02]
0.06598412357750691, 6619.950862420281, 0.09096333056374216, 0.2804547294456938

[6.61563922e+03 6.59840078e-02]
0.06598400775650379, 6615.6392153589095, 0.09096329853218443, 0.2804547294628415

[6.60815026e+03 6.59839393e-02]
0.06598393929695476, 6608.150262751147, 0.09096327960190338, 0.2804547293603924

[6.59203802e+03 6.59836392e-02]
0.06598363919539948, 6592.038016020642, 0.09096319664120134, 0.28045472924929477

[6.58772637e+03 6.59835234e-02]
0.06598352337439636, 6587.726368959271, 0.09096316461123224, 0.2804547293151352

[6.59283234e+03 6.59836274e-02]
0.06598362735503596, 6592.8323424072405, 0.09096319335489025, 0.2804547291777254

[6.60463294e+03 6.59838116e-02]
0.06598381163558811, 6604.632942076374, 0.09096324431263168, 0.28045472937125665

[6.59518675e+03 6.59836823e-02]
0.06598368230544664, 6595.186747534575, 0.0909632085519163, 0.28045472930583176

[6.59833548e+03 6.59837254e-02]
0.0659837254154938, 6598.335479048508, 0.09096322046803575, 0.28045472925439463

[6.59243518e+03 6.59836333e-02]
0.06598363327521772, 6592.435179213941, 0.09096319500280663, 0.2804547293977406

[6.59873264e+03 6.59837195e-02]
0.06598371949531204, 6598.732642241807, 0.09096321882757158, 0.2804547293580497

[6.59715828e+03 6.59836979e-02]
0.06598369794028847, 6597.158276484841, 0.0909632128786386, 0.28045472928697773

[6.59400954e+03 6.59836548e-02]
0.0659836548302413, 6594.009544970908, 0.09096320095964379, 0.280454729326196

[6.59637109e+03 6.59836872e-02]
0.06598368716277667, 6596.371093606358, 0.0909632099094056, 0.28045472932262444

[6.59558391e+03 6.59836764e-02]
0.06598367638526488, 6595.583910727874, 0.09096320693242037, 0.28045472922365683

[6.59499531e+03 6.59836626e-02]
0.06598366264766221, 6594.995309446041, 0.09096320311743192, 0.28045472941288535

[6.59342094e+03 6.59836411e-02]
0.06598364109263864, 6593.420943689073, 0.09096319716101989, 0.28045472923894943

[6.59381454e+03 6.59836465e-02]
0.06598364648139454, 6593.814535128315, 0.09096319864903779, 0.2804547294036655

[6.59420813e+03 6.59836519e-02]
0.06598365187015043, 6594.208126567557, 0.0909632001293514, 0.28045472932018983

[6.59391383e+03 6.59836450e-02]
0.0659836450013491, 6593.91382592664, 0.09096319823759791, 0.28045472941305977

[6.59312664e+03 6.59836342e-02]
0.0659836342238373, 6593.126643048157, 0.09096319525655168, 0.28045472925353787

[6.59175086e+03 6.59836097e-02]
0.06598360970872283, 6591.750858887841, 0.09096318847946726, 0.28045472941304483

[6.59359381e+03 6.59836413e-02]
0.06598364132979354, 6593.5938096476275, 0.09096319721979669, 0.28045472950487427

[6.59297949e+03 6.59836308e-02]
0.06598363078943663, 6592.979492727699, 0.09096319431061002, 0.2804547292965133

[6.59352023e+03 6.59836396e-02]
0.0659836396125932, 6593.520234487399, 0.09096319675120153, 0.28045472925036546

[6.59337308e+03 6.59836362e-02]
0.06598363617819254, 6593.373084166939, 0.09096319579280453, 0.28045472936392185

[6.59307789e+03 6.59836321e-02]
0.06598363213662561, 6593.077890587509, 0.09096319468141177, 0.28045472928704124

[6.59327469e+03 6.59836348e-02]
0.06598363483100356, 6593.27468630713, 0.09096319541703979, 0.2804547293206803

[6.59312709e+03 6.59836328e-02]
0.0659836328102201, 6593.127089517414, 0.0909631948735772, 0.2804547293093381

[6.59317629e+03 6.59836335e-02]
0.06598363348381459, 6593.176288447319, 0.09096319505747741, 0.28045472929953874

[6.59295512e+03 6.59836297e-02]
0.06598362974583079, 6592.955116497375, 0.09096319403188025, 0.28045472927542886

[6.59261117e+03 6.59836236e-02]
0.06598362361705218, 6592.611170457296, 0.09096319233045663, 0.28045472945037836

[6.59303501e+03 6.59836310e-02]
0.06598363101712398, 6593.035008949813, 0.09096319437692149, 0.2804547294478672

[6.59289373e+03 6.59836286e-02]
0.06598362855043338, 6592.8937294523075, 0.09096319369412732, 0.28045472927922194

[6.59300432e+03 6.59836304e-02]
0.06598363041942527, 6593.00431542728, 0.0909631942056151, 0.280454729231156

[6.59294293e+03 6.59836292e-02]
0.06598362922402784, 6592.942928382212, 0.09096319388165053, 0.28045472945905037

[6.59290603e+03 6.59836287e-02]
0.065983628718832, 6592.906029184784, 0.0909631937450784, 0.2804547292964963

[6.59291833e+03 6.59836289e-02]
0.06598362888723061, 6592.91832891726, 0.09096319379207383, 0.28045472938060084

[6.59286304e+03 6.59836280e-02]
0.06598362795273467, 6592.863035929774, 0.09096319353925221, 0.2804547293543416

[6.59277705e+03 6.59836264e-02]
0.06598362642054004, 6592.777049419756, 0.09096319310334841, 0.280454729303936

[6.59274636e+03 6.59836258e-02]
0.06598362582284133, 6592.746355897222, 0.09096319294095313, 0.2804547293461955

[6.59277553e+03 6.59836264e-02]
0.06598362635531466, 6592.775525905359, 0.09096319308857348, 0.2804547292336891

[6.59283082e+03 6.59836273e-02]
0.06598362728981058, 6592.830818892844, 0.09096319333860986, 0.2804547293663486

[6.59279049e+03 6.59836266e-02]
0.06598362663785767, 6592.790491788028, 0.0909631931648949, 0.2804547295328075

[6.59280393e+03 6.59836269e-02]
0.06598362685517531, 6592.8039341563, 0.09096319322224003, 0.2804547293492402

[6.59280470e+03 6.59836269e-02]
0.065983626887788, 6592.804695913498, 0.09096319323332895, 0.2804547293568035

[6.59283158e+03 6.59836273e-02]
0.06598362732242327, 6592.831580650042, 0.09096319335619739, 0.2804547292778918

[6.59285999e+03 6.59836278e-02]
0.06598362782228392, 6592.859988900984, 0.09096319349445572, 0.28045472932080256

[6.59284598e+03 6.59836276e-02]
0.06598362758050677, 6592.845975214813, 0.0909631934307765, 0.28045472934790255

[6.59283196e+03 6.59836273e-02]
0.06598362733872962, 6592.831961528642, 0.09096319335581973, 0.28045472925720416

[6.59281814e+03 6.59836271e-02]
0.06598362710510564, 6592.81813828177, 0.09096319329089995, 0.28045472930501897

[6.59284617e+03 6.59836276e-02]
0.06598362758865994, 6592.846165654112, 0.09096319342330828, 0.28045472941169514

[6.59282515e+03 6.59836272e-02]
0.06598362722599421, 6592.825145124856, 0.09096319332427384, 0.2804547293351427

[6.59283215e+03 6.59836273e-02]
0.06598362734688279, 6592.832151967941, 0.0909631933596676, 0.2804547293229331

[6.59282524e+03 6.59836272e-02]
0.0659836272300708, 6592.825240344506, 0.09096319332301543, 0.2804547292170514

[6.59282543e+03 6.59836272e-02]
0.06598362723822399, 6592.825430783805, 0.09096319333195116, 0.280454729391581

[6.59283047e+03 6.59836273e-02]
0.06598362731971809, 6592.830471671907, 0.09096319335777857, 0.2804547292696008

[6.59282711e+03 6.59836273e-02]
0.06598362726538869, 6592.82711107984, 0.09096319333265525, 0.28045472925221027

[6.59282795e+03 6.59836273e-02]
0.06598362727897103, 6592.827951227857, 0.09096319334050025, 0.2804547293618499

[6.59282879e+03 6.59836273e-02]
0.06598362729255339, 6592.828791375873, 0.090963193344458, 0.2804547293095193

[6.59283141e+03 6.59836273e-02]
0.06598362733737703, 6592.831407039574, 0.09096319335086153, 0.28045472930981125

[6.59282973e+03 6.59836273e-02]
0.06598362731021232, 6592.829726743539, 0.09096319334728165, 0.2804547293799993

[6.59283099e+03 6.59836273e-02]
0.06598362733058585, 6592.830986965565, 0.09096319335505354, 0.28045472935388954

[6.59283057e+03 6.59836273e-02]
0.06598362732379467, 6592.830566891556, 0.0909631933564376, 0.2804547291897376

[6.59283187e+03 6.59836273e-02]
0.0659836273462065, 6592.831874723407, 0.09096319335152264, 0.2804547292305566

[6.59283103e+03 6.59836273e-02]
0.06598362733262414, 6592.83103457539, 0.09096319335568577, 0.28045472954769246

[6.59283166e+03 6.59836273e-02]
0.06598362734281091, 6592.831664686402, 0.09096319336635901, 0.2804547293288938

[6.59283145e+03 6.59836273e-02]
0.06598362733941532, 6592.831454649398, 0.09096319336017235, 0.2804547292919025

[6.59283211e+03 6.59836274e-02]
0.06598362735062123, 6592.832108565324, 0.09096319335888767, 0.2804547293091965


------------------------------------------------------------
Sender: LSF System <lsfadmin@n-62-21-16>
Subject: Job 1708310: <minimize_batch_job_this_is_on_purpose_to_utilize_more_kernel> in cluster <dcc> Done

Job <minimize_batch_job_this_is_on_purpose_to_utilize_more_kernel> was submitted from host <gbarlogin2> by user <s174007> in cluster <dcc> at Thu Jan 10 17:20:34 2019
Job was executed on host(s) <n-62-21-16>, in queue <hpc>, as user <s174007> in cluster <dcc> at Thu Jan 10 17:20:34 2019
</zhome/b0/b/127184> was used as the home directory.
</zhome/b0/b/127184/Documents/Projects/machine-learning-on-materials> was used as the working directory.
Started at Thu Jan 10 17:20:34 2019
Terminated at Fri Jan 11 00:41:54 2019
Results reported at Fri Jan 11 00:41:54 2019

Your job looked like:

------------------------------------------------------------
# LSBATCH: User input
#!/bin/bash
##Kør på cpu
#BSUB -q hpc
##Navn på job
#BSUB -J minimize_batch_job_this_is_on_purpose_to_utilize_more_kernel
##Output fil
#BSUB -o output/minimize/linear_SimpleLarge_default_batchjobs-%J.out
##Antal kerner
#BSUB -n 1
##Om kernerne må være på forskellige computere
#BSUB -R "span[hosts=1]"
##Ram pr kerne
#BSUB -R "rusage[mem=10GB]"
##Hvor lang tid må den køre hh:mm
#BSUB -W 45:00
##Email når jobbet starter
##og stopper
module purge
module load python3
python3 KRR/minimizer.py linear 3 SimpleLarge default [10]
------------------------------------------------------------

Successfully completed.

Resource usage summary:

    CPU time :                                   26477.68 sec.
    Max Memory :                                 6783 MB
    Average Memory :                             6465.81 MB
    Total Requested Memory :                     10240.00 MB
    Delta Memory :                               3457.00 MB
    Max Swap :                                   2 MB
    Max Processes :                              4
    Max Threads :                                5
    Run time :                                   26480 sec.
    Turnaround time :                            26480 sec.

The output (if any) is above this job summary.

