Unloaded module: latex/TeXLive12
Loaded module: python3/3.6.2
[5]
[5.0]
[5. 1.]
1.0, 5.0, 0.16796697105659544, 0.29155034962398685

[5.25 1.  ]
1.0, 5.25, 0.16796704216089525, 0.29154988637000334

[5.   1.05]
1.05, 5.0, 0.17075315505859687, 0.2920655508701082

[5.25 0.95]
0.95, 5.25, 0.16507420746724008, 0.29103387229831157

[5.375 0.9  ]
0.8999999999999999, 5.375, 0.16206655923700428, 0.2905174288864848

[5.625 0.9  ]
0.8999999999999999, 5.625, 0.1620666187375699, 0.29051704575662496

[5.9375 0.85  ]
0.8499999999999996, 5.9375, 0.1589350019078098, 0.2900008965664387

[6.0625 0.75  ]
0.7499999999999996, 6.0625, 0.15225732105653492, 0.2889744687276477

[6.46875 0.625  ]
0.6249999999999991, 6.46875, 0.14300027660377634, 0.2877140416424685

[7.03125 0.575  ]
0.5749999999999988, 7.03125, 0.13896368465198342, 0.28722245207217767

[7.859375 0.4125  ]
0.4124999999999983, 7.859375, 0.1242020886007759, 0.28572370538076525

[8.390625 0.1875  ]
0.18749999999999778, 8.390625, 0.098235996287393, 0.2842636065606064

[ 9.6171875 -0.14375  ]
-0.14375000000000315, 9.6171875, 0.9469893103042933, 1.0988514767781572

[ 9.78125 -0.025  ]
-0.02500000000000302, 9.78125, 0.2147392507716824, 0.41583313977926567

[7.296875 0.4625  ]
0.4624999999999986, 7.296875, 0.1290419871796133, 0.2861638612594414

[8.953125 0.1375  ]
0.1374999999999975, 8.953125, 0.09148260195420287, 0.28417997026998787

[ 9.78125 -0.025  ]
-0.02500000000000302, 9.78125, 0.2147392507716824, 0.41583313977926567

[ 9.484375 -0.0875  ]
-0.08750000000000302, 9.484375, 1.1722322784158519, 1.0835853172151861

[8.265625 0.2875  ]
0.287499999999998, 8.265625, 0.11069829526584095, 0.2847660447956208

[9.078125 0.0375  ]
0.03749999999999731, 9.078125, 0.07848347132535755, 0.2848147537505582

[8.46875 0.225  ]
0.2249999999999978, 8.46875, 0.10308867595216933, 0.28441134582234034

[8.875 0.1  ]
0.09999999999999748, 8.875, 0.08632473550110692, 0.2842446905038023

[9.4375 0.05  ]
0.04999999999999721, 9.4375, 0.0798568283260814, 0.28462910297219435

[8.65234375 0.153125  ]
0.15312499999999762, 8.65234375, 0.0936203778410975, 0.2841889801363665

[8.73046875 0.190625  ]
0.19062499999999766, 8.73046875, 0.09864819689422806, 0.28427344350301004

[8.83886719 0.12265625]
0.12265624999999752, 8.8388671875, 0.08943925815184986, 0.2841893963319121

