Unloaded module: latex/TeXLive12
Loaded module: python3/3.6.2
[-10000]
[-10000.0]
[-1.e+04  1.e-02]
0.01, -10000.0, 0.07634904699528605, 0.2785111479717179

[-1.05e+04  1.00e-02]
0.01, -10500.0, 0.07634904699823515, 0.2785111488336002

[-1.00e+04  1.05e-02]
0.0105, -10000.0, 0.07637004604394047, 0.2784383508255365

[-9.50e+03  1.05e-02]
0.0105, -9500.0, 0.07637004604689801, 0.27843835084401836

[-9.5e+03  1.1e-02]
0.011000000000000001, -9500.0, 0.07639170335180705, 0.2783666161012006

[-9.25e+03  1.15e-02]
0.0115, -9250.0, 0.07641399856626362, 0.2782958897253225

[-9.75e+03  1.15e-02]
0.011499999999999998, -9750.0, 0.0764139985481064, 0.2782958896809819

[-9.875e+03  1.200e-02]
0.012, -9875.0, 0.07643691233465905, 0.27822612571086813

[-9.125e+03  1.300e-02]
0.013, -9125.0, 0.07648452221316221, 0.27808931979002005

[-8.6875e+03  1.4250e-02]
0.014250000000000002, -8687.5, 0.07654720017539698, 0.2779230595590664

[-9.3125e+03  1.4750e-02]
0.014750000000000003, -9312.5, 0.07657320508946774, 0.27785793894010363

[-9.34375e+03  1.63750e-02]
0.016375000000000008, -9343.75, 0.07666117922730317, 0.27765136362729587

[-8.15625e+03  1.86250e-02]
0.01862500000000001, -8156.25, 0.07679105617704592, 0.27737711261886916

[-7.296875e+03  2.193750e-02]
0.021937500000000013, -7296.875, 0.07699730487109281, 0.2769954174902881

[-7.953125e+03  2.406250e-02]
0.024062500000000018, -7953.125, 0.07713790326708907, 0.27676291157055105

[-7.5859375e+03  2.8968750e-02]
0.028968750000000022, -7585.9375, 0.0774835113165913, 0.27625844302462393

[-5.5390625e+03  3.4531250e-02]
0.03453125000000003, -5539.0625, 0.07790468269787608, 0.27573403083917086

[-3.63671875e+03  4.36093750e-02]
0.043609375000000034, -3636.71875, 0.07864276307386757, 0.2749681424750375

[-3.92578125e+03  5.06406250e-02]
0.050640625000000036, -3925.78125, 0.07924653965605875, 0.27443881630032024

[-2.24023438e+03  6.49921875e-02]
0.06499218750000005, -2240.234375, 0.08053707950543681, 0.2734970049365146

[1.70898438e+03 7.96328125e-02]
0.07963281250000007, 1708.984375, 0.08190326494727793, 0.2726887952110357

[6.35644531e+03 1.04964844e-01]
0.10496484375000008, 6356.4453125, 0.08431830938660316, 0.27156086156980275

[7.75292969e+03 1.26347656e-01]
0.12634765625000008, 7752.9296875, 0.08636464938855125, 0.2708081393807763

[1.34477539e+04 1.67716797e-01]
0.16771679687500013, 13447.75390625, 0.09026289451983033, 0.2697151900184391

[2.20444336e+04 2.07689453e-01]
0.20768945312500017, 22044.43359375, 0.09390121081061856, 0.268978891996413

[3.41867676e+04 2.79038086e-01]
0.27903808593750024, 34186.767578125, 0.10002377219426205, 0.2681662184833579

[4.12780762e+04 3.41790039e-01]
0.3417900390625003, 41278.076171875, 0.10501851573542939, 0.2677966755586642

[5.87388916e+04 4.60202637e-01]
0.4602026367187504, 58738.8916015625, 0.11355927730636244, 0.2676186259940827

[7.94779053e+04 5.71523926e-01]
0.5715239257812506, 79477.9052734375, 0.12070182088759047, 0.2678171376776667

[1.04030029e+05 7.52688477e-01]
0.7526884765625007, 104030.029296875, 0.13088542852613505, 0.2685361796196472

[5.16475830e+04 3.97450684e-01]
0.39745068359375035, 51647.5830078125, 0.109167489995338, 0.2676466852779627

[3.09085693e+04 2.86129395e-01]
0.2861293945312502, 30908.5693359375, 0.1006060314741931, 0.2681111302120631

[6.73355713e+04 5.00175293e-01]
0.5001752929687504, 67335.5712890625, 0.11621348965304039, 0.2676593987412332

[4.30509033e+04 3.57478027e-01]
0.35747802734375034, 43050.9033203125, 0.10621353261627535, 0.26774007684444306

[6.12644043e+04 4.64500977e-01]
0.4645009765625004, 61264.404296875, 0.11384982313875681, 0.26762106711194683

[6.83557129e+04 5.27252930e-01]
0.5272529296875004, 68355.712890625, 0.11795296787069494, 0.26770779217059404

[5.58246155e+04 4.29901245e-01]
0.42990124511718786, 55824.615478515625, 0.1114744129054101, 0.2676163782316013

[5.32991028e+04 4.25602905e-01]
0.42560290527343786, 53299.102783203125, 0.11117334460679866, 0.26761832944874725

[5.03848267e+04 3.95301514e-01]
0.3953015136718754, 50384.82666015625, 0.10901188627142584, 0.26765003181977304

[5.66503754e+04 4.43977356e-01]
0.44397735595703164, 56650.37536621094, 0.11245099325291268, 0.2676140472365767

[5.91758881e+04 4.48275696e-01]
0.4482756958007816, 59175.88806152344, 0.11274638982494667, 0.2676145265359736

[6.00016479e+04 4.62351807e-01]
0.46235180664062536, 60001.64794921875, 0.11370470845591615, 0.26761978431644257

[5.68688736e+04 4.38013885e-01]
0.4380138854980472, 56868.873596191406, 0.11203899216875268, 0.2676142921121162

[5.43433609e+04 4.33715546e-01]
0.4337155456542972, 54343.360900878906, 0.11174045178536487, 0.26761514128610425

[5.79677563e+04 4.44635658e-01]
0.4446356582641605, 57967.756271362305, 0.11249631871604833, 0.2676140853413515

[5.77492580e+04 4.50599129e-01]
0.4505991287231449, 57749.258041381836, 0.11290552240233401, 0.26761500933064897

[5.70889697e+04 4.41160196e-01]
0.44116019630432163, 57088.969707489014, 0.11225667868210189, 0.2676140294394522

[5.57715888e+04 4.40501894e-01]
0.44050189399719275, 55771.58880233765, 0.1122111906304426, 0.26761405964464724

[5.63206307e+04 4.41535335e-01]
0.44153533506393466, 56320.63066959381, 0.11228258657628694, 0.26761401804886714

[5.67592250e+04 4.38718175e-01]
0.43871817541122465, 56759.22501087189, 0.11208778198261331, 0.26761420711319256

[5.66775878e+04 4.42662561e-01]
0.44266256082057986, 56677.587777376175, 0.11236037500749181, 0.26761400945018904

[5.59092487e+04 4.43037700e-01]
0.44303769958019285, 55909.24873948097, 0.11238624279409475, 0.2676140148917474

[5.62662058e+04 4.44164925e-01]
0.444164925336838, 56266.205847263336, 0.11246391090019257, 0.2676140568366604

[5.63070245e+04 4.42192733e-01]
0.4421927326321605, 56307.02446401119, 0.1123279637141859, 0.26761400821019055

[5.70753635e+04 4.41817594e-01]
0.44181759387254754, 57075.363501906395, 0.1123020733795391, 0.2676140121901581

[5.67838348e+04 4.42122620e-01]
0.4421226202994589, 56783.83481130004, 0.11232312563850287, 0.26761400880358616

[5.64132715e+04 4.41652792e-01]
0.4416527921110396, 56413.27149793506, 0.1122906963776602, 0.26761401534660134

[5.66115087e+04 4.42410119e-01]
0.4424101186431948, 56611.508707515895, 0.11234296209153205, 0.2676140079154714

[5.61346984e+04 4.42480231e-01]
0.4424802309758964, 56134.69836022705, 0.11234779871859946, 0.2676140083088312

[5.62969825e+04 4.42390828e-01]
0.44239082830678705, 56296.982472995296, 0.11234163131844829, 0.26761400806488433

[5.66014667e+04 4.42608214e-01]
0.44260821431782127, 56601.4667165, 0.11235662667551352, 0.26761400897677784

[5.63806350e+04 4.42296603e-01]
0.4422966030535757, 56380.635027133394, 0.11233513063136102, 0.26761400804940216

[5.66951613e+04 4.42315893e-01]
0.4423158933899835, 56695.16126165399, 0.11233646155307236, 0.26761400800172314

[5.69260349e+04 4.42429409e-01]
0.44242940897960265, 56926.034942036495, 0.11234429290327423, 0.2676140080729902

[5.65169850e+04 4.42329805e-01]
0.4423298045350824, 56516.98500585917, 0.11233742126987901, 0.2676140081010445

[5.66533350e+04 4.42363006e-01]
0.4423630060165892, 56653.334984584944, 0.1123397119168259, 0.2676140080458844

[5.64960719e+04 4.42353361e-01]
0.4423533608483853, 56496.071867324645, 0.11233904652030031, 0.26761400788403794

[5.64542456e+04 4.42400473e-01]
0.4424004734749909, 56454.245590255596, 0.11234229673087125, 0.26761400810404734

[5.66035626e+04 4.42372373e-01]
0.4423723728811896, 56603.56263600261, 0.11234035812712488, 0.26761400798114543

[5.65040179e+04 4.42391107e-01]
0.4423911066103905, 56504.01793883793, 0.11234165052257171, 0.2676140078788718

[5.64542456e+04 4.42400473e-01]
0.4424004734749909, 56454.245590255596, 0.11234229673087125, 0.26761400810404734

[5.63885811e+04 4.42334349e-01]
0.442334348815581, 56388.58109864668, 0.11233773484147559, 0.2676140079471575

[5.65557768e+04 4.42391176e-01]
0.4423911761862913, 56555.77680529859, 0.1123416553007245, 0.2676140080067794

[5.65000449e+04 4.42372234e-01]
0.4423722337293879, 56500.04490308129, 0.1123403484864388, 0.26761400800728397

[5.65577633e+04 4.42400613e-01]
0.44240061262679264, 56557.763323176914, 0.11234230632897005, 0.26761400807497876

[5.64462995e+04 4.42362728e-01]
0.4423627277129857, 56446.29951874231, 0.11233969267029444, 0.2676140079796305

[5.64502726e+04 4.42381601e-01]
0.4423816005939883, 56450.27255449895, 0.11234099471465789, 0.267614007895568

[5.65079910e+04 4.42409979e-01]
0.44240997949139305, 56507.99097459458, 0.1123429524958822, 0.2676140079969009

[5.64617224e+04 4.42374541e-01]
0.4423745406575875, 56461.722382705375, 0.1123405076563754, 0.26761400816661496

[5.64771452e+04 4.42386354e-01]
0.44238635360218936, 56477.14524666844, 0.11234132263066542, 0.26761400802804364

[5.64751587e+04 4.42376917e-01]
0.4423769171616881, 56475.15872879012, 0.11234067164829413, 0.26761400804540264

[5.65060045e+04 4.42400543e-01]
0.44240054305089177, 56506.004456716255, 0.11234230154495414, 0.2676140080157188

[5.65328771e+04 4.42405296e-01]
0.44240529605909285, 56532.877148885746, 0.11234262945607484, 0.2676140080970803

[5.64910782e+04 4.42391089e-01]
0.44239108921641523, 56491.07822222277, 0.11234164936008435, 0.26761400802586155

[5.65189442e+04 4.42400560e-01]
0.442400560444867, 56518.944173331416, 0.11234230272266242, 0.2676140080434575

[5.64980447e+04 4.42393457e-01]
0.44239345702352817, 56498.04470999993, 0.11234181267683904, 0.2676140081133735

[5.65050112e+04 4.42395825e-01]
0.4423958248306411, 56505.011197777094, 0.11234197603400259, 0.2676140081502384

[5.64975481e+04 4.42391098e-01]
0.44239109791340286, 56497.54808053035, 0.11234164994257835, 0.267614007968031

[5.64965548e+04 4.42386380e-01]
0.4423863796931523, 56496.55482159119, 0.11234132438510046, 0.26761400807607066

[5.64986689e+04 4.42388741e-01]
0.4423887409775245, 56498.66891563767, 0.11234148731766844, 0.2676140080720261

[5.65028971e+04 4.42393464e-01]
0.4423934635462689, 56502.89710373062, 0.1123418131171036, 0.26761400802843904

[5.65018401e+04 4.42392283e-01]
0.44239228290408283, 56501.84005670738, 0.1123417316799936, 0.267614007951712

[5.65083099e+04 4.42392292e-01]
0.44239229160107046, 56508.309915014965, 0.11234173227174601, 0.26761400811002484

[5.65002385e+04 4.42391396e-01]
0.44239139633531976, 56500.238539151505, 0.11234167047708687, 0.26761400801047924

[5.65029290e+04 4.42391695e-01]
0.44239169475723666, 56502.92899777266, 0.1123416911465486, 0.26761400792761253

[5.65007830e+04 4.42391102e-01]
0.4423911022618967, 56500.78300968414, 0.11234165022441783, 0.2676140079962345

[5.65061639e+04 4.42391699e-01]
0.4423916991057304, 56506.16392692645, 0.11234169142891931, 0.26761400812447517

[5.65021282e+04 4.42391251e-01]
0.44239125147285513, 56502.128238994716, 0.11234166052356298, 0.2676140079334552

[5.65048187e+04 4.42391550e-01]
0.442391549894772, 56504.818697615876, 0.11234168111143729, 0.267614007975473

[5.65028009e+04 4.42391326e-01]
0.4423913260783343, 56502.800853650006, 0.1123416656662699, 0.2676140079892503

[5.65034735e+04 4.42391401e-01]
0.44239140068381355, 56503.473468305296, 0.11234167080064597, 0.26761400812185254

[5.65030731e+04 4.42391179e-01]
0.44239117904162284, 56503.073088916324, 0.1123416555475287, 0.267614008032319

[5.65036176e+04 4.42390885e-01]
0.4423908849681998, 56503.61755944896, 0.11234163520433225, 0.26761400805040303

[5.65035815e+04 4.42391014e-01]
0.44239101389710317, 56503.58153666305, 0.1123416441314087, 0.26761400801352375

[5.65045264e+04 4.42390941e-01]
0.4423909414658709, 56504.526386584665, 0.11234163913967463, 0.26761400798628093

[5.65049628e+04 4.42391034e-01]
0.4423910341791582, 56504.96278875955, 0.11234164552029696, 0.26761400808424646

[5.65039268e+04 4.42391019e-01]
0.4423910189676169, 56503.926849687174, 0.11234164450485389, 0.2676140079402448

[5.65034184e+04 4.42391184e-01]
0.4423911841121365, 56503.41840194045, 0.1123416558548699, 0.2676140079425307

[5.65036954e+04 4.42391123e-01]
0.4423911234505701, 56503.6953981015, 0.11234165169048224, 0.2676140079452212

[5.65039724e+04 4.42391063e-01]
0.4423910627890037, 56503.97239426256, 0.11234164751651401, 0.26761400797810897

[5.65042722e+04 4.42391024e-01]
0.4423910240381307, 56504.2721627113, 0.11234164485180409, 0.26761400809397257

[5.65037182e+04 4.42391145e-01]
0.44239114536126356, 56503.71817038919, 0.11234165322170012, 0.26761400798383905

[5.65038567e+04 4.42391115e-01]
0.4423911150304803, 56503.856668469714, 0.11234165112764441, 0.26761400802924423

[5.65039952e+04 4.42391085e-01]
0.4423910846996971, 56503.995166550245, 0.11234164901941995, 0.2676140079522717

[5.65041451e+04 4.42391065e-01]
0.4423910653242606, 56504.14505077462, 0.11234164767093767, 0.26761400799511476

[5.65038681e+04 4.42391126e-01]
0.442391125985827, 56503.86805461356, 0.1123416518327937, 0.26761400802137636

[5.65040758e+04 4.42391080e-01]
0.4423910804896522, 56504.075801734354, 0.112341648717498, 0.26761400815873343

[5.65040066e+04 4.42391096e-01]
0.4423910956550438, 56504.00655269409, 0.11234164978433282, 0.2676140081265453

[5.65040815e+04 4.42391086e-01]
0.44239108596732557, 56504.081494806276, 0.11234164908651804, 0.267614007976141

[5.65040929e+04 4.42391097e-01]
0.44239109692267226, 56504.09288095012, 0.11234164982571114, 0.26761400814582853

[5.65040281e+04 4.42391096e-01]
0.4423910959719509, 56504.0281347581, 0.1123416497615807, 0.26761400800391355

[5.65040713e+04 4.42391097e-01]
0.44239109660576514, 56504.07129888611, 0.11234164979503118, 0.26761400790929374

[5.65040077e+04 4.42391117e-01]
0.44239111724883007, 56504.007742917776, 0.11234165126360297, 0.2676140081027294

[5.65040631e+04 4.42391094e-01]
0.4423910937877017, 56504.06305683415, 0.11234164961565468, 0.2676140080112384

[5.65040446e+04 4.42391102e-01]
0.4423911016080778, 56504.044618862026, 0.11234165018775724, 0.267614007998097

[5.65040497e+04 4.42391096e-01]
0.44239109628885803, 56504.049716822105, 0.11234164980754496, 0.26761400796584844

[5.65040230e+04 4.42391101e-01]
0.44239110129117065, 56504.02303679801, 0.11234165016689557, 0.26761400798998947

[5.65040284e+04 4.42391101e-01]
0.44239110137039744, 56504.028432314015, 0.1123416501898008, 0.2676140079243872

[5.65039967e+04 4.42391112e-01]
0.44239111169192985, 56503.99665432985, 0.11234165088813074, 0.26761400787586154

[5.65039701e+04 4.42391119e-01]
0.44239111939346587, 56503.97012308374, 0.11234165139769657, 0.26761400798608687

[5.65039862e+04 4.42391117e-01]
0.44239111693192296, 56503.98616085377, 0.1123416512237863, 0.26761400796474893

[5.65040179e+04 4.42391105e-01]
0.44239110526077885, 56504.01786444895, 0.11234165046854526, 0.2676140078913396

[5.65039967e+04 4.42391113e-01]
0.44239111304154155, 56503.996728718834, 0.11234165097350753, 0.2676140079031343

[5.65040126e+04 4.42391107e-01]
0.4423911072059695, 56504.01258051642, 0.11234165053842891, 0.26761400809315844

[5.65040073e+04 4.42391109e-01]
0.4423911091511602, 56504.00729658389, 0.11234165071681927, 0.26761400796629364

[5.65040073e+04 4.42391108e-01]
0.4423911084763543, 56504.0072593894, 0.1123416506763005, 0.26761400797832324

[5.65039967e+04 4.42391112e-01]
0.4423911123667357, 56503.99669152434, 0.11234165089616614, 0.2676140080050237

[5.65040046e+04 4.42391109e-01]
0.44239110944894966, 56504.00461742314, 0.11234165072494953, 0.2676140081444904

[5.6504002e+04 4.4239111e-01]
0.442391110421545, 56504.00197545687, 0.11234165080754638, 0.2676140080606159

[5.6504002e+04 4.4239111e-01]
0.4423911100841421, 56504.001956859625, 0.11234165079072955, 0.26761400806905944

[5.65039967e+04 4.42391112e-01]
0.4423911120293328, 56503.99667292709, 0.11234165086627884, 0.2676140079798377

[5.65039914e+04 4.42391113e-01]
0.4423911132997176, 56503.99135180006, 0.11234165098652348, 0.26761400801346635

[5.65039940e+04 4.42391113e-01]
0.4423911125801745, 56503.99400771427, 0.11234165093402977, 0.267614007994054

[5.65039993e+04 4.42391111e-01]
0.4423911111410881, 56503.999319542665, 0.11234165082583196, 0.2676140079792099

[5.65039993e+04 4.42391111e-01]
0.4423911108036852, 56503.99930094543, 0.11234165082727188, 0.26761400793852463

[5.65039966e+04 4.42391111e-01]
0.4423911113545269, 56503.99663573262, 0.11234165084918657, 0.2676140079189422

[5.65039940e+04 4.42391112e-01]
0.4423911122427716, 56503.99398911704, 0.11234165089984229, 0.2676140080347808

[5.65039980e+04 4.42391111e-01]
0.4423911111634568, 56503.997972988334, 0.11234165084060428, 0.26761400780693473

[5.65039980e+04 4.42391112e-01]
0.44239111150085975, 56503.997991585566, 0.11234165088765183, 0.2676140080588879

[5.65039970e+04 4.42391111e-01]
0.4423911113911101, 56503.99697469585, 0.1123416508469897, 0.26761400793259404

[5.65039973e+04 4.42391111e-01]
0.44239111142769333, 56503.99731365909, 0.11234165085836446, 0.26761400795236656

[5.65039973e+04 4.42391111e-01]
0.4423911112589919, 56503.99730436048, 0.1123416508582267, 0.26761400793811047


------------------------------------------------------------
Sender: LSF System <lsfadmin@n-62-21-4>
Subject: Job 1708285: <minimize_batch_job_this_is_on_purpose_to_utilize_more_kernel> in cluster <dcc> Done

Job <minimize_batch_job_this_is_on_purpose_to_utilize_more_kernel> was submitted from host <gbarlogin2> by user <s174007> in cluster <dcc> at Thu Jan 10 17:20:31 2019
Job was executed on host(s) <n-62-21-4>, in queue <hpc>, as user <s174007> in cluster <dcc> at Thu Jan 10 17:20:32 2019
</zhome/b0/b/127184> was used as the home directory.
</zhome/b0/b/127184/Documents/Projects/machine-learning-on-materials> was used as the working directory.
Started at Thu Jan 10 17:20:32 2019
Terminated at Thu Jan 10 18:13:03 2019
Results reported at Thu Jan 10 18:13:03 2019

Your job looked like:

------------------------------------------------------------
# LSBATCH: User input
#!/bin/bash
##Kør på cpu
#BSUB -q hpc
##Navn på job
#BSUB -J minimize_batch_job_this_is_on_purpose_to_utilize_more_kernel
##Output fil
#BSUB -o output/minimize/linear_GP_default_batchjobs-%J.out
##Antal kerner
#BSUB -n 1
##Om kernerne må være på forskellige computere
#BSUB -R "span[hosts=1]"
##Ram pr kerne
#BSUB -R "rusage[mem=10GB]"
##Hvor lang tid må den køre hh:mm
#BSUB -W 45:00
##Email når jobbet starter
##og stopper
module purge
module load python3
python3 KRR/minimizer.py linear 0.01 GP default [-10000]
------------------------------------------------------------

Successfully completed.

Resource usage summary:

    CPU time :                                   3148.61 sec.
    Max Memory :                                 1283 MB
    Average Memory :                             1050.67 MB
    Total Requested Memory :                     10240.00 MB
    Delta Memory :                               8957.00 MB
    Max Swap :                                   -
    Max Processes :                              4
    Max Threads :                                5
    Run time :                                   3163 sec.
    Turnaround time :                            3152 sec.

The output (if any) is above this job summary.

