Unloaded module: latex/TeXLive12
Loaded module: python3/3.6.2
[5]
[5.0]
[5.   0.01]
0.01, 5.0, 0.07615051232472005, 0.2747225507052391

[5.25 0.01]
0.01, 5.25, 0.0761505129605435, 0.2747231527188273

[5.     0.0105]
0.0105, 5.0, 0.07615628129520041, 0.27467338649111794

[4.75   0.0105]
0.0105, 4.75, 0.07615628052517746, 0.2746727198486011

[4.5     0.01075]
0.01075, 4.5, 0.07615924420575261, 0.2746476003271

[4.5     0.01125]
0.011249999999999998, 4.5, 0.07616533101825934, 0.27459923746600634

[4.25     0.011875]
0.011875, 4.25, 0.07617322911288349, 0.2745386695577561

[3.75     0.012125]
0.012124999999999999, 3.75, 0.0761764747456861, 0.2745129938306262

[3.125     0.0129375]
0.012937499999999994, 3.125, 0.07618737071923627, 0.27443345281958753

[2.875     0.0140625]
0.014062499999999995, 2.875, 0.07620330765417359, 0.274328206561017

[2.0625     0.01571875]
0.015718749999999997, 2.0625, 0.07622847128062248, 0.27417100085865465

[0.9375     0.01678125]
0.01678124999999999, 0.9375, 0.07624555904124168, 0.27404168558600084

[-0.71875     0.01923437]
0.019234374999999984, -0.71875, 0.07628869889753327, 0.27400093100249606

[-1.78125     0.02201562]
0.022015624999999987, -1.78125, 0.07634146922529159, 0.2737145677582933

[-4.234375    0.02655469]
0.026554687499999986, -4.234375, 0.07643738990161138, 0.2733423824898379

[-7.015625    0.03007031]
0.030070312499999974, -7.015625, 0.07651911358434015, 0.27307999591467214

[-11.5546875    0.03724609]
0.03724609374999996, -11.5546875, 0.07670355747553083, 0.27258874233718894

[-15.0703125    0.04456641]
0.044566406249999954, -15.0703125, 0.0769128097041265, 0.2721319011936009

[-22.24609375   0.05723242]
0.05723242187499994, -22.24609375, 0.07731605591523168, 0.27142457247829105

[-29.56640625   0.06792383]
0.06792382812499992, -29.56640625, 0.07768940422919134, 0.270894979756607

[-42.23242188   0.0886084 ]
0.08860839843749989, -42.232421875, 0.07847679027464956, 0.270008201338309

[-52.92382812   0.10859473]
0.10859472656249988, -52.923828125, 0.07929799334024722, 0.26928600604968694

[-73.60839844   0.14426904]
0.14426904296874984, -73.6083984375, 0.08086025531436626, 0.2682365882525864

[-93.59472656   0.17564502]
0.17564501953124978, -93.5947265625, 0.08229680624398393, 0.26749974543104077

[-129.26904297    0.23485132]
0.23485131835937467, -129.26904296875, 0.0850785818997639, 0.2664340102802308

[-160.64501953    0.29051196]
0.29051196289062464, -160.64501953125, 0.08770922458238581, 0.26569935027983616

[-219.85131836    0.39146375]
0.39146374511718696, -219.851318359375, 0.092391375793432, 0.26478771716965516

[-275.51196289    0.48204602]
0.48204602050781176, -275.511962890625, 0.09642649409979613, 0.26427072750593184

[-376.46374512    0.65093451]
0.6509345092773426, -376.4637451171875, 0.1034607169228319, 0.26376513172113675

[-467.04602051    0.80754694]
0.8075469360351549, -467.0460205078125, 0.10943018227429942, 0.2636263552702961

[-635.93450928    1.09389474]
1.093894744873045, -635.9345092773438, 0.11915249601532739, 0.26383340646971437

[-623.65844727    1.0670177 ]
1.0670177001953105, -623.658447265625, 0.11829811739284048, 0.26379638809888006

[-522.70666504    0.89812921]
0.8981292114257797, -522.7066650390625, 0.11266102780830019, 0.26364074245430874

[-613.28894043    1.05474164]
1.054741638183592, -613.2889404296875, 0.11790415700395969, 0.26378046830828555

[-435.67004395    0.75188629]
0.751886291503905, -435.6700439453125, 0.10736640922412684, 0.26364863391235355

[-554.0826416     0.95378986]
0.9537898559570296, -554.0826416015625, 0.11457213077966918, 0.26367569411673075

[-465.27319336    0.80236218]
0.8023621826171861, -465.273193359375, 0.10924053279075849, 0.26362734238113644

[-409.61254883    0.71177991]
0.7117799072265611, -409.612548828125, 0.10584043511264155, 0.2636820681731787

[-494.43313599    0.85154189]
0.8515418853759751, -494.4331359863281, 0.11101859763204727, 0.26362618327430337

[-496.20596313    0.85672664]
0.8567266387939438, -496.2059631347656, 0.11120337137913443, 0.263627086586441

[-488.47277069    0.84313552]
0.8431355247497544, -488.47277069091797, 0.11071793993913423, 0.2636251213658987

[-515.85988617    0.88713047]
0.8871304740905744, -515.8598861694336, 0.11227685827886963, 0.2636360297430409

[-479.24948692    0.82744282]
0.8274428205490099, -479.2494869232178, 0.11015309993208017, 0.26362449783702324

[-473.28912163    0.81903646]
0.8190364599227891, -473.2891216278076, 0.10984858701225989, 0.2636249143317109

[-464.06583786    0.80334376]
0.8033437557220445, -464.0658378601074, 0.10927647773491289, 0.2636271403599354

[-482.37103748    0.83318758]
0.833187582492827, -482.37103748321533, 0.11036041987991695, 0.2636245174218395

[-488.33140278    0.84159394]
0.8415939431190478, -488.3314027786255, 0.11066265958597889, 0.2636249804215443

[-477.04969192    0.82467583]
0.8246758307218538, -477.0496919155121, 0.11005301816012235, 0.2636245764073826

[-484.57083249    0.83595457]
0.835954572319983, -484.570832490921, 0.1104600515953762, 0.26362461296406325

[-478.92997706    0.82749552]
0.8274955161213862, -478.9299770593643, 0.11015500459153509, 0.26362449716289643

[-475.8084265     0.82175075]
0.821750754177569, -475.80842649936676, 0.10994705830096792, 0.26362472113648955

[-480.73038474    0.83032838]
0.8303283754140125, -480.7303847372532, 0.11025731418301832, 0.2636244772440405

[-480.41087487    0.83038107]
0.8303810709863888, -480.41087487339973, 0.1102592159332474, 0.26362447769722774

[-482.21128255    0.83321393]
0.8332139302790151, -482.2112825512886, 0.11036136932360815, 0.2636245181987601

[-479.75030343    0.82892512]
0.8289251196607934, -479.7503034323454, 0.11020665437811904, 0.26362447973329844

[-481.39095618    0.83178433]
0.8317843267396079, -481.39095617830753, 0.11030983669766135, 0.2636244903086061

[-480.16046662    0.82963992]
0.829639921430497, -480.1604666188359, 0.11023246460591321, 0.26362447670926487

[-480.47997648    0.82958723]
0.8295872258581207, -480.4799764826894, 0.1102305621091006, 0.2636244765441262

[-480.51452729    0.8291903 ]
0.8291903032939869, -480.5145272873342, 0.11021623067920189, 0.26362447771782543

[-479.91005836    0.82889877]
0.8288987718746053, -479.9100583642721, 0.11020570277612865, 0.2636244797884404

[-480.52530314    0.82997097]
0.8299709745291607, -480.5253031440079, 0.11024441499451293, 0.26362447646162346

[-480.84481301    0.82991828]
0.8299182789567845, -480.8448130078614, 0.11024251283099293, 0.2636244761687328

[-481.1869862     0.83005746]
0.8300574577199282, -481.1869862023741, 0.11024753638877093, 0.2636244761147219

[-481.23231286    0.83044121]
0.8304412063909683, -481.23231286369264, 0.11026138582468664, 0.26362447736540306

[-480.66806058    0.82980072]
0.8298007209913326, -480.6680605779402, 0.11023826934512221, 0.2636244762441951

[-481.32974364    0.8298872 ]
0.8298872041821, -481.3297436363064, 0.11024139102075706, 0.26362447578783227

[-481.73196388    0.82984532]
0.8298453190085697, -481.7319638824556, 0.11023987898403587, 0.2636244754705275

[-482.25088951    0.83010206]
0.8301020557371653, -482.2508895068895, 0.1102491458092104, 0.2636244754268235

[-483.04230397    0.83025272]
0.8302527231100816, -483.04230397136416, 0.1102545833914717, 0.26362447527305616

[-483.58728165    0.83004058]
0.8300405843987231, -483.58728165144566, 0.1102469267795832, 0.26362447432635905

[-484.78742938    0.83003215]
0.8300321477381205, -484.78742937598145, 0.11024662197524882, 0.2636244734401661

[-486.09776946    0.83043955]
0.8304395518396324, -486.09776946489, 0.1102613249317049, 0.26362447381747417

[-487.84289487    0.83021898]
0.8302189764676713, -487.8428948695073, 0.11025336430846533, 0.2636244716961529

[-490.24319032    0.8302021 ]
0.8302021031464659, -490.24319031857885, 0.11025275476741617, 0.26362446993539745

[-488.93285023    0.8297947 ]
0.8297946990449541, -488.9328502296703, 0.11023804995694232, 0.2636244702579587

[-494.38861117    0.82996465]
0.8299646544532995, -494.3886111722677, 0.11024418354249953, 0.26362446652133065

[-499.18920207    0.82993091]
0.8299309078108887, -499.18920207041083, 0.1102429643263342, 0.26362446317163757

[-500.49954216    0.83033831]
0.8303383119124006, -500.4995421593194, 0.11025766808796957, 0.26362446329604317

[-509.44555391    0.83006712]
0.8300671165768234, -509.44555391115136, 0.11024787843734482, 0.26362445651057026

[-519.04673571    0.82999962]
0.8299996232920019, -519.0467357074376, 0.11024544026381494, 0.26362445021226005

[-517.73639562    0.82959222]
0.8295922191904901, -517.7363956185291, 0.11023073384570801, 0.2636244510477178

[-537.59392926    0.82966093]
0.8296609346716033, -537.5939292555558, 0.11023321053096559, 0.2636244388194209

[-556.79629285    0.82952595]
0.8295259481019608, -556.7962928481284, 0.11022833353413662, 0.2636244281062014

[-558.10663294    0.82993335]
0.8299333522034726, -558.1066329370369, 0.1102430405029621, 0.26362442717897655

[-578.2917516     0.83010392]
0.8301039187099639, -578.2917515962909, 0.11024919341201964, 0.2636244168103212

[-616.04130874    0.82963024]
0.8296302435199228, -616.0413087369816, 0.11023208903728604, 0.26362439854136316

[-664.53859525    0.82944555]
0.8294455536338834, -664.5385952517536, 0.11022541434272853, 0.2636243787413209

[-686.034054      0.83002352]
0.8300235242418865, -686.0340539999161, 0.1102462762173798, 0.2636243704272684

[-750.65293458    0.83027231]
0.8302723123118492, -750.6529345758099, 0.11025524826844596, 0.26362434970338383

[-8.36899778e+02  8.29613947e-01]
0.8296139472357686, -836.8997782312726, 0.11023147629815631, 0.26362432566125776

[-9.66203792e+02  8.29368961e-01]
0.829368961498671, -966.2037915487635, 0.11022262214363876, 0.2636242990203955

[-1.05231813e+03  8.30195720e-01]
0.8301957201766368, -1052.31813087282, 0.11025246227183219, 0.26362428445570907

[-1.24620790e+03  8.30570803e-01]
0.8305708034480137, -1246.207898683353, 0.11026598956642489, 0.2636242608865317

[-1.46175876e+03  8.29667453e-01]
0.8296674526348355, -1461.7587556563067, 0.11023337881344215, 0.263624238673442

[-1.81731167e+03  8.29365023e-01]
0.8293650227963285, -1817.311666196555, 0.11022245231647973, 0.26362421656001384

[-2.09731577e+03  8.30566865e-01]
0.8305668647456712, -2097.3157733311446, 0.11026582886902028, 0.26362420543170806

[-2.66287176e+03  8.31165816e-01]
0.8311658163691713, -2662.8717642223346, 0.11028743206890228, 0.26362419285681543

[-3.23397553e+03  8.29960036e-01]
0.8299600357174861, -3233.9755317355366, 0.11024391914635127, 0.2636241748812915

[-4.22785935e+03  8.29654652e-01]
0.8296546518522225, -4227.859348261629, 0.1102328911863185, 0.26362416253277937

[-5.07341945e+03  8.31455445e-01]
0.8314554454250653, -5073.419446287408, 0.11029786866070179, 0.26362416568172004

[-6.63840703e+03  8.29944281e-01]
0.8299442809081166, -6638.4070303267035, 0.11024334143101507, 0.26362414787769617

[-8.62617466e+03  8.29333513e-01]
0.8293335131775894, -8626.174663378888, 0.11022128985599203, 0.26362414275989937

[-7.78061457e+03  8.27532720e-01]
0.8275327196047466, -7780.614565353108, 0.11015623779261745, 0.26362416336942707

[-7.10381579e+03  8.28513401e-01]
0.8285134010598263, -7103.815785586685, 0.11019167282047701, 0.26362415241344844

[-1.15021311e+04  8.28192262e-01]
0.8281922623851932, -11502.131100703944, 0.1101800682905593, 0.2636241467564191

[-1.30244900e+04  8.29012375e-01]
0.8290123745029563, -13024.489978496149, 0.11020969120416707, 0.2636241376358982

[-1.59848271e+04  8.29261861e-01]
0.8292618612245213, -15984.827074950881, 0.1102186996186902, 0.2636241339537349

[-1.31088706e+04  8.30403112e-01]
0.8304031120169175, -13108.870637625823, 0.11025989695941887, 0.2636241364608635

[-2.0467523e+04  8.3033146e-01]
0.8303314600638494, -20467.523049197815, 0.11025730965481619, 0.26362413145852526

[-2.63881972e+04  8.30830434e-01]
0.8308304335069794, -26388.197242107282, 0.11027531371720958, 0.26362413246332916

[-2.33434795e+04  8.29190209e-01]
0.8291902092714531, -23343.479486522872, 0.11021611118448824, 0.2636241309486987

[-2.84607839e+04  8.28583758e-01]
0.8285837578987207, -28460.783910971397, 0.1101942082677534, 0.26362413378848426

[-2.78261755e+04  8.30259808e-01]
0.8302598081107813, -27826.17546076981, 0.11025472308921296, 0.2636241290045964

[-3.37468497e+04  8.30758782e-01]
0.8307587815539113, -33746.849653679266, 0.11027272808825046, 0.2636241305314823

[-3.07021319e+04  8.29118557e-01]
0.829118557318385, -30702.13189809487, 0.11021352320685339, 0.2636241295276458

[-3.51848279e+04  8.30188156e-01]
0.8301881561577131, -35184.827872341804, 0.11025213670025913, 0.26362412756583276

[-4.11055021e+04  8.30687130e-01]
0.8306871296008431, -41105.50206525127, 0.1102701425185952, 0.26362412915757794

[-3.23088714e+04  8.31329407e-01]
0.8313294069501094, -32308.871435016743, 0.11029331323853475, 0.26362413590350364

[-3.11038168e+04  8.29671270e-01]
0.8296712697263161, -31103.81678232534, 0.11023347946729473, 0.26362412776910255

[-3.84624692e+04  8.29599618e-01]
0.8295996177732481, -38462.46919389734, 0.11023089237342476, 0.2636241267420513

[-4.37806161e+04  8.29269523e-01]
0.8292695226044815, -43780.61606046111, 0.1102189740142105, 0.2636241272466317

[-4.25434803e+04  8.30116504e-01]
0.8301165042046451, -42543.48028391381, 0.11024955039481178, 0.26362412647800365

[-4.82633120e+04  8.30339121e-01]
0.8303391214438094, -48263.31203470804, 0.11025758454680444, 0.26362412670622765

[-4.58211216e+04  8.29527966e-01]
0.82952796582018, -45821.121605469336, 0.11022830528310525, 0.26362412619911657

[-5.11392685e+04  8.29197871e-01]
0.8291978706514134, -51139.2684720331, 0.11021638651864432, 0.263624126949484

[-4.99021327e+04  8.30044852e-01]
0.8300448522515769, -49902.132695485794, 0.11024696408748916, 0.26362412573503097

[-5.56219644e+04  8.30267469e-01]
0.8302674694907415, -55621.964446280006, 0.1102549985539347, 0.26362412600721263

[-5.31797740e+04  8.29456314e-01]
0.8294563138671117, -53179.77401704132, 0.11022571817124277, 0.2636241258353152

[-5.72607851e+04  8.29973200e-01]
0.8299732002985087, -57260.78510705779, 0.11024437768401071, 0.2636241251833376

[-6.29806169e+04  8.30195818e-01]
0.8301958175376729, -62980.616857852, 0.11025241250636116, 0.26362412537589813

[-5.39831438e+04  8.30561739e-01]
0.8305617386829739, -53983.14378550226, 0.11026561775950362, 0.26362412745051655

[-5.33806165e+04  8.29732670e-01]
0.8297326700710772, -53380.61645915656, 0.11023569527176658, 0.2636241253717715

[-6.07392689e+04  8.29661018e-01]
0.8296610181180091, -60739.268870728556, 0.1102331084767017, 0.2636241251434834

[-6.61578370e+04  8.29469101e-01]
0.8294691010512252, -66157.83695834994, 0.11022617963611886, 0.2636241250953942

[-7.00380056e+04  8.29709631e-01]
0.8297096312786567, -70038.00560625117, 0.11023486330932551, 0.2636241246348854

[-7.83667002e+04  8.29698112e-01]
0.8296981118824465, -78366.70017979847, 0.11023444738647246, 0.2636241244940968

[-8.72637520e+04  8.29194013e-01]
0.8291940126351629, -87263.75203109063, 0.11021624674863081, 0.2636241256039588

[-6.47615268e+04  8.29778403e-01]
0.8297784033826723, -64761.526838066, 0.11023734601469963, 0.26362412468852187

[-7.69703901e+04  8.30007414e-01]
0.8300074142138936, -76970.39005951452, 0.11024561236998827, 0.26362412450878825

[-9.05755634e+04  8.29927123e-01]
0.8299271227136678, -90575.563401247, 0.11024271412899071, 0.2636241241112263

[-1.03482582e+05  8.30001482e-01]
0.8300014823791653, -103482.58168283751, 0.11024539807216821, 0.26362412388279105

[-1.04878892e+05  8.29692180e-01]
0.8296921800477182, -104878.89180312146, 0.11023423303120898, 0.2636241239316714

[-1.29994773e+05  8.29995551e-01]
0.829995550544437, -129994.7733061605, 0.1102451838189499, 0.2636241236467603

[-1.5580881e+05  8.3014427e-01]
0.830144269875432, -155808.8098693415, 0.11025055155752174, 0.26362412362848653

[-1.54412500e+05  8.30453572e-01]
0.8304535722068791, -154412.49974905755, 0.11026171392676362, 0.26362412488878817

[-1.17262294e+05  8.29882528e-01]
0.8298825280875084, -117262.29378960548, 0.11024110428696998, 0.2636241235924949

[-1.69588522e+05  8.30025316e-01]
0.8300253155837751, -169588.52197610948, 0.11024625816299617, 0.26362412335810936

[-2.02641492e+05  8.30037232e-01]
0.83003723218608, -202641.4921227455, 0.11024668817225186, 0.26362412316852946

[-1.64094976e+05  8.29775490e-01]
0.8297754903981565, -164094.9760430095, 0.11023724033990523, 0.26362412306349403

[-1.68238059e+05  8.29591101e-01]
0.8295911006595187, -168238.0591298435, 0.110230583763892, 0.26362412331832025

[-2.49474174e+05  8.29930194e-01]
0.8299301944967281, -249474.1743761495, 0.11024282459718171, 0.2636241226575678

[-3.15580115e+05  8.29954028e-01]
0.829954027701338, -315580.11466942145, 0.11024368473070642, 0.2636241229566764

[-2.10927658e+05  8.29668453e-01]
0.8296684527088045, -210927.6582964135, 0.11023337618117965, 0.263624123201779

[-2.04713034e+05  8.29945037e-01]
0.8299450373167612, -204713.0336661625, 0.11024336045420186, 0.2636241228792565

[-2.90092232e+05  8.30099741e-01]
0.8300997414153328, -290092.23199930246, 0.11024894418714716, 0.26362412329870927

[-1.95594290e+05  8.29856553e-01]
0.8298565531524505, -195594.29003208273, 0.1102401664731834, 0.2636241228680313

[-2.40355431e+05  8.29841710e-01]
0.8298417103324174, -240355.43074206976, 0.110239630588148, 0.26362412283650727

[-2.94235315e+05  8.29915352e-01]
0.829915351676695, -294235.3150861366, 0.11024228864838605, 0.2636241229634754

[-2.20254546e+05  8.29871253e-01]
0.8298712527835117, -220254.54629559617, 0.11024069712517226, 0.2636241229478068

[-2.44914803e+05  8.29885952e-01]
0.8298859524145727, -244914.80255910964, 0.11024122764382163, 0.2636241231447576

[-2.22534232e+05  8.29893374e-01]
0.8298933738245893, -222534.23220411612, 0.11024149558518495, 0.2636241227047587

[-2.27093604e+05  8.29937616e-01]
0.8299376159067446, -227093.60402115597, 0.11024309256025708, 0.26362412309892136

[-2.31548904e+05  8.29924700e-01]
0.8299247000337017, -231548.9036556444, 0.11024262626540512, 0.26362412302944954

[-2.40459503e+05  8.29898868e-01]
0.8298988682876157, -240459.50292462122, 0.11024169387029474, 0.26362412302619936

[-2.38231853e+05  8.29905326e-01]
0.8299053262241372, -238231.853107377, 0.11024192695957065, 0.2636241230103746

[-2.33776553e+05  8.29918242e-01]
0.8299182420971802, -233776.5534728886, 0.11024239322954767, 0.2636241227481124

[-2.34890378e+05  8.29915013e-01]
0.8299150131289195, -234890.3783815107, 0.11024227658912383, 0.26362412306862115

[-2.36004203e+05  8.29911784e-01]
0.8299117841606587, -236004.2032901328, 0.11024216006578968, 0.26362412246853645

[-2.43853014e+05  8.29917760e-01]
0.8299177603604326, -243853.01374176325, 0.11024237569644521, 0.2636241231322029

[-2.41625364e+05  8.29924218e-01]
0.8299242182969542, -241625.36392451904, 0.11024260886115095, 0.2636241232580543

[-2.43296101e+05  8.29919375e-01]
0.829919374844563, -243296.1012874522, 0.11024243408114746, 0.26362412312214806

[-2.42182276e+05  8.29922604e-01]
0.8299226038128238, -242182.27637883008, 0.11024255062978175, 0.2636241228048862

[-2.42460733e+05  8.29921797e-01]
0.8299217965707587, -242460.73260598563, 0.11024252146858654, 0.2636241227743344

[-2.43017645e+05  8.29920182e-01]
0.8299201820866281, -243017.64506029667, 0.11024246321316326, 0.26362412328875057

[-2.42599961e+05  8.29921393e-01]
0.829921392949726, -242599.9607195634, 0.11024250696225478, 0.26362412267707735

[-2.42878417e+05  8.29920586e-01]
0.8299205857076608, -242878.4169467189, 0.11024247783763863, 0.2636241228083378

[-2.42669575e+05  8.29921191e-01]
0.8299211911392097, -242669.57477635227, 0.1102424996743346, 0.26362412294183624

[-2.42739189e+05  8.29920989e-01]
0.8299209893286934, -242739.18883314115, 0.1102424923556598, 0.2636241229424699

[-2.39302082e+05  8.29916589e-01]
0.8299165885551923, -239302.0820048481, 0.1102423335062178, 0.2636241229911084

[-2.39441310e+05  8.29916185e-01]
0.8299161849341598, -239441.3101184258, 0.11024231895803482, 0.26362412287871345

[-2.32706325e+05  8.29906980e-01]
0.8299069797661252, -232706.32457541747, 0.11024198664630479, 0.2636241229025726

[-2.35214541e+05  8.29910482e-01]
0.8299104821567672, -235214.5406398484, 0.11024211306063349, 0.2636241227405399

[-2.31777434e+05  8.29906081e-01]
0.8299060813832663, -231777.43381155538, 0.11024195419366783, 0.2636241227557676

[-2.33693403e+05  8.29908607e-01]
0.8299086072709896, -233693.40288827298, 0.11024204536975178, 0.2636241230185199

[-2.35609372e+05  8.29911133e-01]
0.829911133158713, -235609.3719649906, 0.11024213652870705, 0.2636241232451774

[-2.37722757e+05  8.29913985e-01]
0.8299139845474093, -237722.7567042793, 0.11024223953388494, 0.2636241233753615

[-2.33890819e+05  8.29908933e-01]
0.8299089327719624, -233890.81855084412, 0.11024205712936, 0.2636241230306

[-2.34285650e+05  8.29909584e-01]
0.8299095837739081, -234285.6498759863, 0.11024208068721725, 0.2636241231381477

[-2.34616580e+05  8.29909971e-01]
0.8299099711201092, -234616.58039823733, 0.11024209473033235, 0.263624123243336

[-2.34947511e+05  8.29910358e-01]
0.8299103584663106, -234947.51092048845, 0.11024210864022675, 0.2636241232018334

[-2.35806788e+05  8.29911459e-01]
0.8299114586596859, -235806.78762756172, 0.11024214835463704, 0.26362412312619843

[-2.36863480e+05  8.29912884e-01]
0.829912884354034, -236863.47999720607, 0.11024219980941928, 0.2636241231672128

[-2.36384488e+05  8.29912253e-01]
0.8299122528821031, -236384.48772802667, 0.1102421770029925, 0.26362412304161564

[-2.36581903e+05  8.29912578e-01]
0.8299125783830759, -236581.90339059778, 0.11024218885868993, 0.2636241230706454

[-2.36388124e+05  8.29912298e-01]
0.8299122984522282, -236388.12444983877, 0.1102421786433509, 0.2636241228796292

[-2.3600784e+05  8.2991183e-01]
0.8299118297307838, -236007.8400119449, 0.11024216177156877, 0.26362412304163707

[-2.36290326e+05  8.29912147e-01]
0.8299121470942733, -236290.3257990062, 0.110242173269091, 0.2636241231829166

[-2.36196164e+05  8.29912041e-01]
0.8299120413064435, -236196.1638699858, 0.11024216942022305, 0.26362412310480837

[-2.36194346e+05  8.29912019e-01]
0.8299120185213809, -236194.34550907975, 0.1102421685356099, 0.2636241227052183

[-2.36002385e+05  8.29911761e-01]
0.8299117613755961, -236002.38492922677, 0.11024215921792394, 0.26362412287978737

[-2.36050830e+05  8.29911831e-01]
0.829911831358308, -236050.82966441652, 0.1102421617395101, 0.2636241234033393

[-2.36099274e+05  8.29911901e-01]
0.8299119013410198, -236099.27439960628, 0.11024216426210122, 0.26362412313544614

[-2.36100184e+05  8.29911913e-01]
0.829911912733551, -236100.1835800593, 0.11024216469002912, 0.2636241232193019

[-2.36003294e+05  8.29911773e-01]
0.8299117727681273, -236003.2941096798, 0.11024215974157013, 0.26362412277969716

[-2.35908223e+05  8.29911656e-01]
0.8299116555877663, -235908.2230002063, 0.11024215552342569, 0.2636241231933885

[-2.36051512e+05  8.29911840e-01]
0.8299118399027063, -236051.51154975628, 0.11024216213013097, 0.26362412312830313

[-2.35955986e+05  8.29911717e-01]
0.8299117170260797, -235955.98585005628, 0.1102421577001654, 0.2636241231449212

[-2.36027630e+05  8.29911809e-01]
0.8299118091835497, -236027.63012483128, 0.11024216099383627, 0.2636241231530481

[-2.36003749e+05  8.29911778e-01]
0.829911778464393, -236003.74869990628, 0.11024215998641668, 0.2636241230673465

[-2.36027857e+05  8.29911812e-01]
0.8299118120316825, -236027.85741994454, 0.11024216107499801, 0.2636241232328671

[-2.35980095e+05  8.29911751e-01]
0.8299117505933692, -235980.09457009454, 0.11024215891296185, 0.2636241230543204

[-2.35980549e+05  8.29911756e-01]
0.829911756289635, -235980.54916032107, 0.11024215913618711, 0.26362412268324764

[-2.36004658e+05  8.29911790e-01]
0.8299117898569245, -236004.65788035933, 0.11024216031766577, 0.2636241231222234

[-2.35986235e+05  8.29911760e-01]
0.8299117604092581, -235986.23539766076, 0.11024215918019917, 0.263624123253934

[-2.35992376e+05  8.29911770e-01]
0.8299117702251468, -235992.37622522694, 0.11024215951454772, 0.263624122865312

[-2.35992149e+05  8.29911767e-01]
0.829911767377014, -235992.14893011368, 0.11024215950532731, 0.26362412300228616

[-2.36004431e+05  8.29911787e-01]
0.8299117870087915, -236004.43058524604, 0.11024216020230923, 0.26362412317628725

[-2.35995219e+05  8.29911772e-01]
0.8299117722849584, -235995.21934389678, 0.11024215963763155, 0.2636241230528498

[-2.35998290e+05  8.29911777e-01]
0.8299117771929028, -235998.28975767986, 0.11024215981876724, 0.26362412321119655

[-2.35998176e+05  8.29911776e-01]
0.8299117757688363, -235998.17611012323, 0.11024215976124412, 0.2636241230273365

[-2.36004090e+05  8.29911783e-01]
0.8299117827365923, -236004.08964257617, 0.11024215995840123, 0.2636241229343793

[-2.36010117e+05  8.29911791e-01]
0.8299117911284146, -236010.11682258575, 0.11024216041374141, 0.2636241232019295

[-2.36001161e+05  8.29911780e-01]
0.829911779608731, -236001.16128823886, 0.11024215993463853, 0.2636241230257936

[-2.36007132e+05  8.29911787e-01]
0.82991178728852, -236007.13164447012, 0.11024216020177696, 0.2636241228320834

[-2.36007245e+05  8.29911789e-01]
0.8299117887125864, -236007.24529202678, 0.11024216023190217, 0.26362412275861274

[-2.36004317e+05  8.29911786e-01]
0.8299117855847251, -236004.31693768947, 0.1102421601090874, 0.2636241229819859

[-2.36006428e+05  8.29911787e-01]
0.8299117868625713, -236006.42796777497, 0.11024216023632835, 0.26362412258289025

[-2.36003386e+05  8.29911782e-01]
0.8299117823106434, -236003.385965881, 0.11024216000307434, 0.2636241225661813

[-2.36001161e+05  8.29911780e-01]
0.8299117796087309, -236001.16128823883, 0.11024215988687985, 0.2636241229886771

[-2.36005111e+05  8.29911785e-01]
0.8299117850491111, -236005.11129789095, 0.1102421601563475, 0.2636241227937439

[-2.36003795e+05  8.29911783e-01]
0.8299117832356511, -236003.7946280069, 0.11024216006934043, 0.2636241232000764

[-2.36005316e+05  8.29911786e-01]
0.8299117855116149, -236005.3156289539, 0.11024216014992601, 0.26362412265614854

[-2.36005724e+05  8.29911786e-01]
0.8299117864366226, -236005.72429107976, 0.11024216018447736, 0.2636241225341675

[-2.36004612e+05  8.29911785e-01]
0.8299117850856663, -236004.6119522587, 0.11024216004562616, 0.26362412323442475

[-2.36005140e+05  8.29911785e-01]
0.8299117854051278, -236005.1397097801, 0.11024216014758549, 0.2636241227840184

[-2.36004964e+05  8.29911785e-01]
0.8299117852986406, -236004.9637906063, 0.11024216018182857, 0.2636241231445435

[-2.36004759e+05  8.29911785e-01]
0.8299117848361368, -236004.75945954333, 0.11024216014203993, 0.2636241231747247

[-2.36004408e+05  8.29911785e-01]
0.8299117846231625, -236004.40762119577, 0.11024216017711987, 0.26362412327550067

[-2.36004671e+05  8.29911785e-01]
0.8299117847828932, -236004.67149995646, 0.11024216016991353, 0.26362412314389844

[-2.36003911e+05  8.29911784e-01]
0.8299117836449112, -236003.91099948296, 0.11024216005877277, 0.2636241228720277

[-2.36003443e+05  8.29911783e-01]
0.8299117830226768, -236003.4427896593, 0.1102421600676463, 0.26362412305098504

[-2.36003750e+05  8.29911783e-01]
0.8299117834627309, -236003.7499672336, 0.11024216005774494, 0.26362412330190443

[-2.36004057e+05  8.29911784e-01]
0.829911783902785, -236004.05714480788, 0.11024216008364147, 0.2636241228084806

[-2.36004437e+05  8.29911784e-01]
0.8299117844717759, -236004.43739504463, 0.11024216007991254, 0.26362412328248436

[-2.36003823e+05  8.29911784e-01]
0.8299117835916677, -236003.82303989606, 0.1102421599691442, 0.2636241230196043

[-2.36003977e+05  8.29911784e-01]
0.8299117838116947, -236003.97662868322, 0.11024216006923346, 0.26362412315508543

[-2.36004130e+05  8.29911784e-01]
0.8299117840317218, -236004.13021747035, 0.11024216006495068, 0.26362412311490874

[-2.36004320e+05  8.29911784e-01]
0.8299117843162174, -236004.3203425887, 0.11024216003545488, 0.2636241225953089

[-2.36004393e+05  8.29911784e-01]
0.8299117844451542, -236004.39341525116, 0.11024216002778925, 0.2636241232013191

[-2.36004196e+05  8.29911784e-01]
0.8299117841350799, -236004.19601691555, 0.11024216007295028, 0.26362412315810946

[-2.36004262e+05  8.29911784e-01]
0.829911784238438, -236004.26181636075, 0.11024216009705928, 0.2636241229634517

[-2.36004167e+05  8.29911784e-01]
0.8299117840961903, -236004.16675380158, 0.11024216009719237, 0.26362412297435434

[-2.36004298e+05  8.29911784e-01]
0.8299117843029065, -236004.29835269199, 0.11024216011373061, 0.2636241229004569

[-2.36004240e+05  8.29911784e-01]
0.8299117842251271, -236004.23982646404, 0.11024216016192191, 0.26362412290154075

[-2.36004245e+05  8.29911784e-01]
0.8299117842284548, -236004.2453239382, 0.1102421601215775, 0.26362412326576

[-2.36004251e+05  8.29911784e-01]
0.8299117842317826, -236004.2508214124, 0.11024216018081463, 0.2636241230649988

[-2.36004233e+05  8.29911784e-01]
0.8299117841995484, -236004.23255324678, 0.11024216000724744, 0.263624123077914

[-2.36004222e+05  8.29911784e-01]
0.829911784192893, -236004.22155829845, 0.11024216005884975, 0.2636241230935641

[-2.36004230e+05  8.29911784e-01]
0.8299117841978845, -236004.2298045097, 0.11024216010955372, 0.26362412275530106

[-2.36004182e+05  8.29911784e-01]
0.8299117841267606, -236004.18227323008, 0.11024216006811224, 0.2636241226904607

[-2.36004156e+05  8.29911784e-01]
0.8299117840895347, -236004.15575885316, 0.11024216008392908, 0.2636241231938976

[-2.36004211e+05  8.29911784e-01]
0.829911784170797, -236004.21129309555, 0.11024216019279678, 0.2636241226033733

[-2.36004232e+05  8.29911784e-01]
0.8299117842046951, -236004.23230999828, 0.11024216007199267, 0.26362412291776266

[-2.36004195e+05  8.29911784e-01]
0.8299117841462442, -236004.19478242213, 0.11024216008089652, 0.2636241229255555

[-2.36004207e+05  8.29911784e-01]
0.8299117841657279, -236004.20729161418, 0.11024216006792525, 0.26362412264916185

[-2.36004193e+05  8.29911784e-01]
0.8299117841437096, -236004.19278168143, 0.11024216004438657, 0.26362412290164255

[-2.36004218e+05  8.29911784e-01]
0.8299117841826771, -236004.21780006553, 0.1102421600591654, 0.26362412280883873

[-2.36004212e+05  8.29911784e-01]
0.8299117841729353, -236004.21154546947, 0.1102421600827934, 0.26362412319740525

[-2.36004205e+05  8.29911784e-01]
0.8299117841631933, -236004.20529087348, 0.11024216010673038, 0.26362412317181544

[-2.36004198e+05  8.29911784e-01]
0.8299117841521841, -236004.19803590712, 0.11024216011795694, 0.26362412272608404

[-2.36004196e+05  8.29911784e-01]
0.8299117841496495, -236004.19603516645, 0.11024216010526124, 0.2636241229104

[-2.36004198e+05  8.29911784e-01]
0.8299117841530353, -236004.19834909323, 0.11024216013334674, 0.26362412304476646

[-2.36004201e+05  8.29911784e-01]
0.8299117841564214, -236004.20066301996, 0.11024216007058814, 0.26362412298591636

[-2.36004204e+05  8.29911784e-01]
0.829911784161926, -236004.20429050314, 0.11024216006481105, 0.2636241231825911

[-2.36004200e+05  8.29911784e-01]
0.8299117841551541, -236004.19966264963, 0.11024216000543843, 0.26362412304435084

[-2.36004201e+05  8.29911784e-01]
0.8299117841568471, -236004.200819613, 0.11024216009570048, 0.2636241234382561

[-2.36004202e+05  8.29911784e-01]
0.8299117841585401, -236004.20197657638, 0.1102421600875258, 0.26362412290825565

[-2.36004204e+05  8.29911784e-01]
0.8299117841612924, -236004.203790318, 0.11024216004365449, 0.263624123030401

[-2.36004201e+05  8.29911784e-01]
0.8299117841579062, -236004.20147639117, 0.11024216008330709, 0.2636241227980138

[-2.36004203e+05  8.29911784e-01]
0.8299117841600249, -236004.2027899476, 0.11024216008046944, 0.2636241226109573

[-2.36004205e+05  8.29911784e-01]
0.8299117841627774, -236004.20460368926, 0.1102421600715285, 0.26362412276336944

[-2.36004204e+05  8.29911784e-01]
0.8299117841615595, -236004.20382186474, 0.11024216003335739, 0.2636241229733683

[-2.36004203e+05  8.29911784e-01]
0.8299117841603418, -236004.2030400402, 0.11024216016417866, 0.26362412288417686

[-2.36004202e+05  8.29911784e-01]
0.8299117841592825, -236004.202383262, 0.11024216013540716, 0.26362412296768417


------------------------------------------------------------
Sender: LSF System <lsfadmin@n-62-21-100>
Subject: Job 1708347: <minimize_batch_job_this_is_on_purpose_to_utilize_more_kernel> in cluster <dcc> Done

Job <minimize_batch_job_this_is_on_purpose_to_utilize_more_kernel> was submitted from host <gbarlogin2> by user <s174007> in cluster <dcc> at Thu Jan 10 17:20:38 2019
Job was executed on host(s) <n-62-21-100>, in queue <hpc>, as user <s174007> in cluster <dcc> at Thu Jan 10 17:20:38 2019
</zhome/b0/b/127184> was used as the home directory.
</zhome/b0/b/127184/Documents/Projects/machine-learning-on-materials> was used as the working directory.
Started at Thu Jan 10 17:20:38 2019
Terminated at Thu Jan 10 20:00:04 2019
Results reported at Thu Jan 10 20:00:04 2019

Your job looked like:

------------------------------------------------------------
# LSBATCH: User input
#!/bin/bash
##Kør på cpu
#BSUB -q hpc
##Navn på job
#BSUB -J minimize_batch_job_this_is_on_purpose_to_utilize_more_kernel
##Output fil
#BSUB -o output/minimize/linear_GP_newest_batchjobs-%J.out
##Antal kerner
#BSUB -n 1
##Om kernerne må være på forskellige computere
#BSUB -R "span[hosts=1]"
##Ram pr kerne
#BSUB -R "rusage[mem=10GB]"
##Hvor lang tid må den køre hh:mm
#BSUB -W 45:00
##Email når jobbet starter
##og stopper
module purge
module load python3
python3 KRR/minimizer.py linear 0.01 GP newest [5]
------------------------------------------------------------

Successfully completed.

Resource usage summary:

    CPU time :                                   9562.98 sec.
    Max Memory :                                 2079 MB
    Average Memory :                             1793.89 MB
    Total Requested Memory :                     10240.00 MB
    Delta Memory :                               8161.00 MB
    Max Swap :                                   -
    Max Processes :                              4
    Max Threads :                                5
    Run time :                                   9566 sec.
    Turnaround time :                            9566 sec.

The output (if any) is above this job summary.

