Unloaded module: latex/TeXLive12
Loaded module: python3/3.6.2
[-10000]
[-10000.0]
[-1.e+04  5.e+00]
5.0, -10000.0, 0.3156063530988106, 0.3422975568347687

[-1.05e+04  5.00e+00]
5.0, -10500.0, 0.31560635301259954, 0.3422975570819018

[-1.00e+04  5.25e+00]
5.25, -10000.0, 0.3188086923403162, 0.3440840480510971

[-1.05e+04  4.75e+00]
4.75, -10500.0, 0.312236451499914, 0.3404459362668306

[-1.075e+04  4.500e+00]
4.5, -10750.0, 0.308680420331473, 0.33852354068497026

[-1.025e+04  4.500e+00]
4.5, -10250.0, 0.30868042040493276, 0.3385235404540316

[-1.0125e+04  4.2500e+00]
4.25, -10125.0, 0.3049165187847349, 0.3365239611691753

[-1.0875e+04  3.7500e+00]
3.75, -10875.0, 0.2966575514518711, 0.3322629564936611

[-1.13125e+04  3.12500e+00]
3.125, -11312.5, 0.28458682591523904, 0.3263472871877563

[-1.06875e+04  2.87500e+00]
2.875, -10687.5, 0.27905293597006164, 0.3237587227986202

[-1.065625e+04  2.062500e+00]
2.0625, -10656.25, 0.2569731602755517, 0.3142019181443067

[-1.184375e+04  9.375000e-01]
0.9375, -11843.75, 0.20548255543377342, 0.29669693137047665

[-1.2703125e+04 -7.1875000e-01]
-0.71875, -12703.125, 100.14112324038507, 103.8079113676216

[-1.11875e+04 -1.25000e-01]
-0.125, -11187.5, 11.372454025181142, 12.10311450302785

[-1.128125e+04  2.312500e+00]
2.3125, -11281.25, 0.26457974417519653, 0.31735505950416826

[-1.121875e+04  6.875000e-01]
0.6875, -11218.75, 0.1863006687170305, 0.2918630211618134

[-1.11875e+04 -1.25000e-01]
-0.125, -11187.5, 11.372454025181142, 12.10311450302785

[-1.240625e+04 -4.375000e-01]
-0.4375, -12406.25, 23.827379637913978, 25.755024245238193

[-1.109375e+04  1.437500e+00]
1.4375, -11093.75, 0.23309332424761886, 0.30525362794162963

[-1.196875e+04  1.875000e-01]
0.1875, -11968.75, 0.12051191980425151, 0.2817701435375677

[-1.240625e+04 -4.375000e-01]
-0.4375, -12406.25, 23.827379637913978, 25.755024245238193

[-1.134375e+04 -6.250000e-02]
-0.0625, -11343.75, 1.1659912588513377, 1.4126903708092218

[-1.171875e+04  6.875000e-01]
0.6875, -11718.75, 0.18630066869540832, 0.29186302123359154

[-1.146875e+04  1.875000e-01]
0.1875, -11468.75, 0.12051191981436656, 0.28177014350652885

[-1.134375e+04 -6.250000e-02]
-0.0625, -11343.75, 1.1659912588513377, 1.4126903708092218

[-1.221875e+04 -3.125000e-01]
-0.3125, -12218.75, 16.980613513739325, 16.931377564283515

[-1.146875e+04  4.375000e-01]
0.4375, -11468.75, 0.16031768593590315, 0.28671355680063504

[-1.196875e+04 -6.250000e-02]
-0.0625, -11968.75, 1.165991248589723, 1.412690353280253

[-1.159375e+04  3.125000e-01]
0.3125, -11593.75, 0.14294890532909443, 0.28412950309085927

[-1.184375e+04  6.250000e-02]
0.0625, -11843.75, 0.08999887163470564, 0.2804567655890907

[-1.196875e+04 -6.250000e-02]
-0.0625, -11968.75, 1.165991248589723, 1.412690353280253

[-1.134375e+04  6.250000e-02]
0.0625, -11343.75, 0.08999887162547324, 0.28045676570026806

[-1.171875e+04 -6.250000e-02]
-0.0625, -11718.75, 1.165991234013754, 1.4126903268290678

[-1.153125e+04  1.250000e-01]
0.125, -11531.25, 0.10643420761413591, 0.280859837558246

[-11656.25      0.  ]
Traceback (most recent call last):
  File "KRR/minimizer.py", line 124, in <module>
    minimize(func,Args,method='Nelder-Mead', tol=1e-3)
  File "/zhome/b0/b/127184/.local/lib/python3.6/site-packages/scipy/optimize/_minimize.py", line 591, in minimize
    return _minimize_neldermead(fun, x0, args, callback, **options)
  File "/zhome/b0/b/127184/.local/lib/python3.6/site-packages/scipy/optimize/optimize.py", line 568, in _minimize_neldermead
    fxr = func(xr)
  File "/zhome/b0/b/127184/.local/lib/python3.6/site-packages/scipy/optimize/optimize.py", line 293, in function_wrapper
    return function(*(wrapper_args + args))
  File "KRR/minimizer.py", line 78, in func
    KRR.fit(X,Y, "error")
  File "/zhome/b0/b/127184/Documents/Projects/machine-learning-on-materials/KRR/KRR_class.py", line 108, in fit
    weight=np.linalg.inv(np.matrix(K+self.lambd*I))
  File "/zhome/b0/b/127184/.local/lib/python3.6/site-packages/numpy/linalg/linalg.py", line 532, in inv
    ainv = _umath_linalg.inv(a, signature=signature, extobj=extobj)
  File "/zhome/b0/b/127184/.local/lib/python3.6/site-packages/numpy/linalg/linalg.py", line 89, in _raise_linalgerror_singular
    raise LinAlgError("Singular matrix")
numpy.linalg.linalg.LinAlgError: Singular matrix

------------------------------------------------------------
Sender: LSF System <lsfadmin@n-62-28-30>
Subject: Job 1708312: <minimize_batch_job_this_is_on_purpose_to_utilize_more_kernel> in cluster <dcc> Exited

Job <minimize_batch_job_this_is_on_purpose_to_utilize_more_kernel> was submitted from host <gbarlogin2> by user <s174007> in cluster <dcc> at Thu Jan 10 17:20:34 2019
Job was executed on host(s) <n-62-28-30>, in queue <hpc>, as user <s174007> in cluster <dcc> at Thu Jan 10 17:20:35 2019
</zhome/b0/b/127184> was used as the home directory.
</zhome/b0/b/127184/Documents/Projects/machine-learning-on-materials> was used as the working directory.
Started at Thu Jan 10 17:20:35 2019
Terminated at Thu Jan 10 18:07:08 2019
Results reported at Thu Jan 10 18:07:08 2019

Your job looked like:

------------------------------------------------------------
# LSBATCH: User input
#!/bin/bash
##Kør på cpu
#BSUB -q hpc
##Navn på job
#BSUB -J minimize_batch_job_this_is_on_purpose_to_utilize_more_kernel
##Output fil
#BSUB -o output/minimize/linear_SimpleLarge_default_batchjobs-%J.out
##Antal kerner
#BSUB -n 1
##Om kernerne må være på forskellige computere
#BSUB -R "span[hosts=1]"
##Ram pr kerne
#BSUB -R "rusage[mem=10GB]"
##Hvor lang tid må den køre hh:mm
#BSUB -W 45:00
##Email når jobbet starter
##og stopper
module purge
module load python3
python3 KRR/minimizer.py linear 5 SimpleLarge default [-10000]
------------------------------------------------------------

Exited with exit code 1.

Resource usage summary:

    CPU time :                                   2791.05 sec.
    Max Memory :                                 6721 MB
    Average Memory :                             6470.82 MB
    Total Requested Memory :                     10240.00 MB
    Delta Memory :                               3519.00 MB
    Max Swap :                                   -
    Max Processes :                              4
    Max Threads :                                5
    Run time :                                   2793 sec.
    Turnaround time :                            2794 sec.

The output (if any) is above this job summary.

