Unloaded module: latex/TeXLive12
Loaded module: python3/3.6.2
[5]
[5.0]
[5. 5.]
5.0, 5.0, 0.2709920605947596, 0.3231752806098481

[5.25 5.  ]
5.0, 5.25, 0.27099222166433357, 0.3231743490732899

[5.   5.25]
5.25, 5.0, 0.27427375430929796, 0.3246147663014047

[5.25 4.75]
4.75, 5.25, 0.26754152007403204, 0.3216892940679186

[5.375 4.5  ]
4.5, 5.375, 0.2639044321149096, 0.3201553179835901

[5.625 4.5  ]
4.5, 5.625, 0.2639045636971415, 0.32015454267729154

[5.9375 4.25  ]
4.25, 5.9375, 0.2600608625703269, 0.31856848908797203

[6.0625 3.75  ]
3.75, 6.0625, 0.2516545648666093, 0.31522894355011766

[6.46875 3.125  ]
3.125, 6.46875, 0.23946178283015077, 0.3106970972369616

[7.03125 2.875  ]
2.875, 7.03125, 0.2339183392079151, 0.3087588633478257

[7.859375 2.0625  ]
2.0625, 7.859375, 0.21216426953093379, 0.30189841355783537

[8.390625 0.9375  ]
0.9375, 8.390625, 0.16433391587477178, 0.29090144180961913

[ 9.6171875 -0.71875  ]
-0.71875, 9.6171875, 65.89732998474214, 66.36698205762507

[ 9.78125 -0.125  ]
-0.125, 9.78125, 8.791308134347597, 11.424778524122239

[7.296875 2.3125  ]
2.3125, 7.296875, 0.21958695016278296, 0.30410666102408945

[8.953125 0.6875  ]
0.6875, 8.953125, 0.14776792420574816, 0.28833777436180325

[ 9.78125 -0.125  ]
-0.125, 9.78125, 8.791308134347597, 11.424778524122239

[ 9.484375 -0.4375  ]
-0.4375, 9.484375, 26.3500292463276, 26.783797669194758

[8.265625 1.4375  ]
1.4375, 8.265625, 0.18942399359432474, 0.29598336155060667

[9.078125 0.1875  ]
0.1875, 9.078125, 0.09823602954573007, 0.28426339311902377

[ 9.484375 -0.4375  ]
-0.4375, 9.484375, 26.3500292463276, 26.783797669194758

[ 9.640625 -0.0625  ]
-0.0625, 9.640625, 3.366762263475788, 4.093751319056715

[8.703125 0.6875  ]
0.6875, 8.703125, 0.1477679030291893, 0.28833790569460505

[9.328125 0.1875  ]
0.1875, 9.328125, 0.098236040425549, 0.2842633233039118

[ 9.640625 -0.0625  ]
-0.0625, 9.640625, 3.366762263475788, 4.093751319056715

[ 9.453125 -0.3125  ]
-0.3125, 9.453125, 3.3765835748703723, 3.703687731866414

