Unloaded module: latex/TeXLive12
Loaded module: python3/3.6.2
[5]
[5.0]
[5.   0.01]
0.01, 5.0, 0.07634902022260891, 0.2785085336278975

[5.25 0.01]
0.01, 5.25, 0.07634902149183088, 0.2785086572586188

[5.     0.0105]
0.0105, 5.0, 0.0763700168316667, 0.2784357440361563

[4.75   0.0105]
0.0105, 4.75, 0.0763700153021861, 0.27843560787861077

[4.5     0.01075]
0.01075, 4.5, 0.07638075987232264, 0.27839946389036146

[4.5     0.01125]
0.011249999999999998, 4.5, 0.07640273577056979, 0.27832824719934124

[4.25     0.011875]
0.011875, 4.25, 0.07643108423466123, 0.27824043779306823

[3.75     0.012125]
0.012124999999999999, 3.75, 0.0764426850812022, 0.2782053915406888

[3.125     0.0129375]
0.012937499999999994, 3.125, 0.07648141158352624, 0.2780936659900486

[2.875     0.0140625]
0.014062499999999995, 2.875, 0.07653749850690408, 0.2779432484818664

[2.0625     0.01571875]
0.015718749999999997, 2.0625, 0.07662488916776337, 0.2777277781394285

[0.9375     0.01678125]
0.01678124999999999, 0.9375, 0.07668361518008836, 0.27758777603546764

[-0.71875     0.01923437]
0.019234374999999984, -0.71875, 0.0768283219576547, 0.27732357584759454

[-1.78125     0.02201562]
0.022015624999999987, -1.78125, 0.07700266493157693, 0.2769939171382294

[-4.234375    0.02655469]
0.026554687499999986, -4.234375, 0.07731022630875106, 0.2765042932799346

[-7.015625    0.03007031]
0.030070312499999974, -7.015625, 0.0775647857218023, 0.2761526092188148

[-11.5546875    0.03724609]
0.03724609374999996, -11.5546875, 0.07811967337461961, 0.27549522540840815

[-15.0703125    0.04456641]
0.044566406249999954, -15.0703125, 0.07872362372255609, 0.2748938961267819

[-22.24609375   0.05723242]
0.05723242187499994, -22.24609375, 0.07983140221337402, 0.2739857864345605

[-29.56640625   0.06792383]
0.06792382812499992, -29.56640625, 0.08080768492165256, 0.273324520432096

[-42.23242188   0.0886084 ]
0.08860839843749989, -42.232421875, 0.08275473232037972, 0.2722548710909769

[-52.92382812   0.10859473]
0.10859472656249988, -52.923828125, 0.0846662358026681, 0.27142210953668416

[-73.60839844   0.14426904]
0.14426904296874984, -73.6083984375, 0.08806704061558654, 0.270284388218202

[-93.59472656   0.17564502]
0.17564501953124978, -93.5947265625, 0.0909958221946316, 0.26954822331693323

[-129.26904297    0.23485132]
0.23485131835937467, -129.26904296875, 0.09628924745845227, 0.26860700608387966

[-160.64501953    0.29051196]
0.29051196289062464, -160.64501953125, 0.10096367887586033, 0.26807913667754274

[-219.85131836    0.39146375]
0.39146374511718696, -219.851318359375, 0.1087332519624405, 0.26765659703501077

[-275.51196289    0.48204602]
0.48204602050781176, -275.511962890625, 0.11502291970129248, 0.267636169136979

[-376.46374512    0.65093451]
0.6509345092773426, -376.4637451171875, 0.12536189334173484, 0.26808816292676324

[-366.09423828    0.63865845]
0.638658447265624, -366.09423828125, 0.12466279966178846, 0.2680410022914444

[-306.88793945    0.53770667]
0.5377066650390616, -306.887939453125, 0.11861257387886895, 0.2677305599434077

[-188.4753418    0.3358031]
0.3358031005859371, -188.475341796875, 0.10455709434768905, 0.26782176486005765

[-277.28479004    0.48723077]
0.4872307739257805, -277.2847900390625, 0.11536562657425081, 0.26764206229138665

[-332.94543457    0.57781305]
0.5778130493164053, -332.9454345703125, 0.12108328773018821, 0.2678354900488126

[-248.12484741    0.43805107]
0.43805107116699155, -248.12484741210938, 0.1120416847524229, 0.26761442737588553

[-246.35202026    0.43286632]
0.43286631774902273, -246.35202026367188, 0.11168142658404952, 0.2676155168659771

[-218.96490479    0.38887137]
0.38887136840820247, -218.96490478515625, 0.10854430688103944, 0.2676612601930651

[-261.37519836    0.45875236]
0.45875235748290943, -261.3751983642578, 0.1134610736899622, 0.26761805322913457

[-233.10166931    0.41216503]
0.4121650314331048, -233.10166931152344, 0.11022344568260796, 0.2676285276202459

[-254.3068161     0.44710553]
0.4471055259704583, -254.30681610107422, 0.11266621565075066, 0.2676144812839854

[-256.07964325    0.45229028]
0.45229027938842703, -256.0796432495117, 0.11302122708193892, 0.2676155973232366

[-248.78392601    0.43772231]
0.4377223081588738, -248.78392601013184, 0.11201889797695756, 0.26761447138147776

[-242.60195732    0.42866785]
0.428667853355407, -242.601957321167, 0.1113882766489352, 0.2676170183345735

[-251.38060141    0.44249611]
0.44249610781669546, -251.3806014060974, 0.1123490090661038, 0.2676141476986966

[-250.72152281    0.44282487]
0.44282487082481314, -250.72152280807495, 0.11237168382654797, 0.26761415112670867

[-253.9772768     0.44726991]
0.44726990747451706, -253.977276802063, 0.11267750037000789, 0.2676145049504735

[-249.58795476    0.44035578]
0.4403557802438729, -249.58795475959778, 0.1122012055951565, 0.26761420794939406

[-252.51416945    0.4449652 ]
0.4449651983976357, -252.51416945457458, 0.11251911179612101, 0.2676142486384515

[-250.31950843    0.44150813]
0.4415081347823136, -250.31950843334198, 0.11228082377878368, 0.26761415853893733

[-251.78261578    0.44381284]
0.443812843859195, -251.78261578083038, 0.11243977667855573, 0.2676141791208235

[-250.68528527    0.44208431]
0.442084312051534, -250.68528527021408, 0.11232059739953346, 0.26761414880369805

[-251.34436387    0.44175555]
0.4417555490434163, -251.34436386823654, 0.11229790532765788, 0.2676141526584328

[-250.87723307    0.44255754]
0.44255754037946393, -250.87723307311535, 0.11235324682260162, 0.2676141483047323

[-251.57254921    0.44296934]
0.4429693361446254, -251.57254920899868, 0.11238164463934175, 0.26761415302078195

[-250.90710125    0.44230557]
0.4423055680748068, -250.90710125491023, 0.11233586442890603, 0.2676141476634498

[-251.41046959    0.44224414]
0.44224413551203834, -251.4104695878923, 0.11233162557223682, 0.2676141475211882

[-251.67708785    0.44208743]
0.44208743307832554, -251.67708784528077, 0.11232081232860794, 0.2676141482307162

[-250.93696944    0.4420536 ]
0.4420535957701497, -250.9369694367051, 0.11231847752094065, 0.2676141489213005

[-251.26969341    0.44238548]
0.44238547980505905, -251.26969341374934, 0.11234137748510262, 0.2676141474556576

[-251.77306175    0.44232405]
0.4423240472422906, -251.7730617467314, 0.11233713897806624, 0.26761414716667614

[-252.20604199    0.44233329]
0.44233328682603257, -252.20604199264199, 0.11233777624452858, 0.26761414692273966

[-252.06526582    0.44247463]
0.4424746311190533, -252.06526581849903, 0.11234752726094156, 0.26761414723331833

[-253.0016144     0.44242244]
0.4424224381400268, -253.00161439739168, 0.11234392635391689, 0.26761414656635035

[-253.86757489    0.44244092]
0.4424409173075108, -253.86757488921285, 0.11234520075556552, 0.26761414614083484

[-254.00835106    0.44229957]
0.4422995730144901, -254.0083510633558, 0.11233544940141402, 0.26761414597442057

[-254.97989369    0.44221204]
0.4422120439622086, -254.9798936857842, 0.112329409659914, 0.26761414569469827

[-256.64142658    0.44231967]
0.4423196744436868, -256.64142658235505, 0.11233683511497747, 0.26761414454139526

[-258.85911888    0.44231287]
0.4423128682525139, -258.8591188772116, 0.11233636457085662, 0.2676141433832913

[-259.97143767    0.44208399]
0.44208399490721173, -259.97143767378293, 0.11232057141103483, 0.2676141438366875

[-263.85066287    0.44218482]
0.44218481919751706, -263.8506628652103, 0.11232752730395132, 0.26761414121804256

[-268.28604745    0.44217121]
0.4421712068151713, -268.2860474549234, 0.11232658620070539, 0.2676141391024141

[-267.17372866    0.44240008]
0.4424000801604735, -267.17372865835205, 0.11234237791045992, 0.2676141392094073

[-276.60065724    0.44225842]
0.4422584187231309, -276.60065723606385, 0.11233260065440256, 0.2676141348434806

[-285.47142642    0.44223119]
0.44223119395843935, -285.47142641549, 0.11233071895026611, 0.26761413101005344

[-286.58374521    0.44200232]
0.44200232061313716, -286.58374521206133, 0.11231492454989431, 0.2676141321302023

[-303.76912417    0.44206231]
0.4420623077564052, -303.7691241726279, 0.11231905879824011, 0.26761412467717666

[-321.51066253    0.44200786]
0.44200785822702215, -321.5106625314802, 0.11231529582036213, 0.2676141188566313

[-320.39834373    0.44223673]
0.44223673157232435, -320.39834373490885, 0.11233109004525164, 0.26761411767082466

[-337.305643      0.44235394]
0.44235393705191806, -337.3056429963326, 0.11233917212140981, 0.2676141120210091

[-373.34487911    0.4421306 ]
0.44213060132050086, -373.3448791123228, 0.11232375401129237, 0.2676141027653875

[-417.28160546    0.44208031]
0.4420803050015316, -417.28160546073923, 0.11232027502430697, 0.2676140933010477

[-433.07658593    0.44242638]
0.4424263838264275, -433.07658592559164, 0.11234415120642716, 0.26761408923433805

[-4.88859548e+02  4.42635647e-01]
0.4426356466261301, -488.85954762264737, 0.11235857816811516, 0.2676140811586939

[-5.68835510e+02  4.42362015e-01]
0.44236201457574365, -568.835510087054, 0.11233969463874506, 0.26761406992859654

[-6.84600444e+02  4.42366053e-01]
0.44236605333765633, -684.6004436324147, 0.11233996471114553, 0.26761405956204265

[-7.56178386e+02  4.42921395e-01]
0.4429213949622548, -756.1783857943228, 0.11237826267303588, 0.26761405954805473

[-9.25626776e+02  4.43341940e-01]
0.4433419399426164, -925.6267759611146, 0.11240724612515593, 0.2676140608509634

[-9.51919282e+02  4.42651802e-01]
0.44265180167378104, -951.9192818040901, 0.11235966370964535, 0.26761404657392024

[-1.18344915e+03  4.42659879e-01]
0.44265987919760663, -1183.4491488948115, 0.11236021488735404, 0.26761403947365714

[-1.25502709e+03  4.43215221e-01]
0.4432152208222051, -1255.0270910567197, 0.11239850383513901, 0.26761404745130585

[-1.68229785e+03  4.42953705e-01]
0.44295370505755693, -1682.2978541572083, 0.11238046943689926, 0.2676140346969932

[-2.14535759e+03  4.42969860e-01]
0.4429698601052081, -2145.357588338651, 0.11238157958792601, 0.2676140305084748

[-2.07377965e+03  4.42414518e-01]
0.44241451848060964, -2073.779646176743, 0.1123432800455628, 0.2676140254878926

[-2.48315592e+03  4.42014167e-01]
0.4420141673098119, -2483.1559237367546, 0.1123156533150215, 0.2676140244006785

[-3.44506436e+03  4.42324148e-01]
0.4423241482174134, -3445.0643631805942, 0.11233703991965009, 0.26761401875638025

[-4.57587197e+03  4.42156283e-01]
0.4421562827273169, -4575.871970323486, 0.11232545535585213, 0.26761401682385855

[-4.91367031e+03  4.41200590e-01]
0.4412005899319207, -4913.670305721589, 0.11225947518230982, 0.2676140357060724

[-2.83743577e+03  4.42527543e-01]
0.44252754256188626, -2837.4357676843856, 0.11235107296496272, 0.2676140213520634

[-4.93015181e+03  4.42669658e-01]
0.4426696579793912, -4930.151814271117, 0.11236087081075723, 0.2676140171538053

[-6.66858802e+03  4.42298398e-01]
0.4422983981448218, -6668.588016910217, 0.11233525928546013, 0.2676140139007388

[-8.58416414e+03  4.42183826e-01]
0.44218382593628947, -8584.164141523133, 0.11232735300397002, 0.2676140131094494

[-8.22988430e+03  4.41670451e-01]
0.4416704506842152, -8229.884297575503, 0.1122919194968922, 0.26761401989882705

[-5.75508494e+03  4.42419856e-01]
0.4424198561555972, -5755.084935097213, 0.11234363939055216, 0.2676140147230323

[-9.76337711e+03  4.42447399e-01]
0.4424473993645698, -9763.37710629686, 0.11234553739926183, 0.26761401230112775

[-1.23571297e+04  4.42592958e-01]
0.4425929576831962, -12357.129674283548, 0.11235557720963672, 0.26761401229208404

[-1.51862089e+04  4.42356927e-01]
0.44235692746388844, -15186.20888070947, 0.11233929494845932, 0.2676140109163192

[-1.99017709e+04  4.42325463e-01]
0.442325463118034, -19901.770853515598, 0.11233712372929155, 0.2676140103643637

[-2.36747364e+04  4.42734595e-01]
0.4427345948649407, -23674.73638627601, 0.11236534460965902, 0.2676140122719528

[-3.12193776e+04  4.42467100e-01]
0.44246710029977854, -31219.37756550806, 0.11234689441543673, 0.26761400988715045

[-4.06505015e+04  4.42404172e-01]
0.4424041716080698, -40650.50151112032, 0.11234255306339484, 0.2676140095704028

[-3.6877536e+04  4.4199504e-01]
0.44199503986116306, -36877.535978359905, 0.11231432240715256, 0.2676140115425873

[-3.35768361e+04  4.42179929e-01]
0.4421799286121075, -33576.83608033893, 0.1123270815683801, 0.26761401017988157

[-5.43255667e+04  4.42258637e-01]
0.4422586371021433, -54325.56673794365, 0.11233251217414973, 0.2676140092645149

[-7.15374647e+04  4.42225224e-01]
0.44222522409419796, -71537.46468015767, 0.11233020657769355, 0.2676140094090259

[-6.13992322e+04  4.42482880e-01]
0.4424828800981056, -61399.232168725044, 0.11234798247579834, 0.2676140095601578

[-7.50742974e+04  4.42337346e-01]
0.4423373455921791, -75074.29739554838, 0.11233794245223176, 0.2676140090097048

[-9.22861953e+04  4.42303933e-01]
0.4423039325842337, -92286.19533776243, 0.11233563712697808, 0.26761400897559295

[-8.52125299e+04  4.42079690e-01]
0.44207968958827143, -85212.52990698104, 0.11232016393604119, 0.26761401016441755

[-6.73525566e+04  4.42382082e-01]
0.44238208247064703, -67352.55660328905, 0.11234102890528024, 0.2676140090760598

[-1.05313185e+05  4.42427378e-01]
0.44242737795273746, -105313.18520310783, 0.11234415355235616, 0.2676140089738099

[-1.30806994e+05  4.42511748e-01]
0.44251174837803453, -130806.99443568994, 0.11234997365459518, 0.26761400926293377

[-1.30246824e+05  4.42349228e-01]
0.44234922806632415, -130246.8239375812, 0.11233876212647045, 0.26761400864632967

[-1.61693958e+05  4.42332801e-01]
0.4423328008641627, -161693.95760472727, 0.11233762862839838, 0.267614008796481

[-1.43273814e+05  4.42472673e-01]
0.4424726734348279, -143273.81380292663, 0.11234727826080342, 0.2676140095280045

[-1.05033100e+05  4.42346118e-01]
0.44234611779688227, -105033.09995405347, 0.11233854747474849, 0.26761400897520415

[-1.30526909e+05  4.42430488e-01]
0.44243048822217934, -130526.90918663557, 0.11234436804524374, 0.26761400891019915

[-1.55460548e+05  4.42352338e-01]
0.44235233833576604, -155460.54792110896, 0.11233897654658749, 0.2676140090669973

[-1.17850026e+05  4.42408618e-01]
0.44240861804849463, -117850.02588260811, 0.11234285933376564, 0.2676140089852025

[-1.30386867e+05  4.42389858e-01]
0.44238985814425175, -130386.8665621084, 0.11234156510114156, 0.2676140091048664

[-1.17780005e+05  4.42388303e-01]
0.4423883030095308, -117780.00457034452, 0.11234145790661942, 0.2676140090917093

[-1.17639962e+05  4.42347673e-01]
0.4423476729316032, -117639.96194581734, 0.1123386548151475, 0.267614008957698

[-1.30106781e+05  4.42308598e-01]
0.4423085979883965, -130106.78131305403, 0.11233595891392058, 0.26761400893491133

[-1.42713643e+05  4.42310153e-01]
0.44231015312311744, -142713.6433048179, 0.1123360661529485, 0.26761400905872584

[-1.23908382e+05  4.42338293e-01]
0.4423382929794818, -123908.38228556748, 0.11233800768744537, 0.2676140086684403

[-1.24048425e+05  4.42378923e-01]
0.44237892305740945, -124048.42491009465, 0.11234081078129474, 0.2676140087567059

[-1.25563014e+05  4.42361342e-01]
0.4423613417901562, -125563.01401083451, 0.11233959783814917, 0.2676140090906909

[-1.27077603e+05  4.42343761e-01]
0.442343760522903, -127077.60311157434, 0.11233838491434872, 0.26761400865102564

[-1.30176803e+05  4.42328913e-01]
0.4423289130273603, -130176.80262531762, 0.11233736055083055, 0.2676140091681514

[-1.27147624e+05  4.42364076e-01]
0.44236407556186685, -127147.6244238379, 0.11233978638767132, 0.26761400880262204

[-1.27904919e+05  4.42355285e-01]
0.4423552849282402, -127904.91897420782, 0.11233917989907898, 0.26761400857295436

[-1.31074140e+05  4.42360752e-01]
0.44236075247166134, -131074.13980021467, 0.11233955716004265, 0.2676140088999682

[-1.28076737e+05  4.42348009e-01]
0.4423480085100926, -128076.73728373443, 0.11233867794567075, 0.26761400909905286

[-1.29075871e+05  4.42352256e-01]
0.44235225649728216, -129075.8714558945, 0.112338971082929, 0.2676140087631126

[-1.27491261e+05  4.42349523e-01]
0.4423495227255716, -127491.26104289107, 0.11233878233443668, 0.2676140090411742

[-1.29489529e+05  4.42358019e-01]
0.44235801869995073, -129489.52938721125, 0.11233936853614732, 0.2676140087360767

[-1.28318577e+05  4.42361047e-01]
0.44236104713090874, -128318.57690552458, 0.11233957748789129, 0.2676140089010789

[-1.28886548e+05  4.42354454e-01]
0.4423544541556888, -128886.54781830203, 0.11233912268009605, 0.26761400889166626

[-1.28697224e+05  4.42356652e-01]
0.44235665181409545, -128697.22418070954, 0.11233927426126745, 0.26761400899876203

[-1.28490395e+05  4.42353771e-01]
0.44235377071276116, -128490.39521505116, 0.11233907559067051, 0.2676140089528737

[-1.27698090e+05  4.42352404e-01]
0.4423524038269059, -127698.09000854942, 0.11233898119469357, 0.26761400886735554

[-1.27112614e+05  4.42353918e-01]
0.442353918042385, -127112.61376770606, 0.11233908553444692, 0.26761400862193885

[-1.27319443e+05  4.42356799e-01]
0.4423567991437193, -127319.44273336444, 0.11233928444342293, 0.2676140087206409

[-1.27414105e+05  4.42355700e-01]
0.44235570031451593, -127414.1045521607, 0.11233920852670418, 0.26761400898361487

[-1.27508766e+05  4.42354601e-01]
0.4423546014853126, -127508.76637095693, 0.11233913281685257, 0.2676140087183478

[-1.27801504e+05  4.42353844e-01]
0.4423538443775731, -127801.50449137861, 0.11233908054366344, 0.26761400905558047

[-1.27612181e+05  4.42356042e-01]
0.44235604203597967, -127612.18085378612, 0.11233923223168324, 0.2676140089808033

[-1.27659512e+05  4.42355493e-01]
0.442355492621378, -127659.51176318424, 0.11233919426803024, 0.26761400906851096

[-1.27706843e+05  4.42354943e-01]
0.4423549432067764, -127706.84267258237, 0.11233915640211681, 0.26761400910393546

[-1.27853212e+05  4.42354565e-01]
0.4423545646529067, -127853.21173279322, 0.11233913024854796, 0.26761400895397536

[-1.28051288e+05  4.42354906e-01]
0.4423549063743706, -128051.28803441866, 0.11233915384168741, 0.26761400900025406

[-1.27965177e+05  4.42354916e-01]
0.4423549155824721, -127965.17669395957, 0.11233915458001305, 0.26761400934428337

[-1.27879065e+05  4.42354925e-01]
0.4423549247905735, -127879.06535350051, 0.11233915510787415, 0.26761400889445414

[-1.27805881e+05  4.42355114e-01]
0.44235511406750827, -127805.8808233951, 0.11233916809936927, 0.26761400891180886

[-1.27978104e+05  4.42355096e-01]
0.4423550956513055, -127978.10350431321, 0.11233916695934992, 0.2676140090053894

[-1.27848936e+05  4.42355109e-01]
0.4423551094634576, -127848.93649362463, 0.11233916792707908, 0.26761400854755496

[-1.2787479e+05  4.4235547e-01]
0.4423554696011244, -127874.79011433193, 0.11233919272333233, 0.2676140091725695

[-1.27877997e+05  4.42355061e-01]
0.4423550609932112, -127877.99654370837, 0.11233916449656058, 0.2676140086121114

[-1.27875859e+05  4.42355333e-01]
0.44235533339848665, -127875.85892412407, 0.11233918323878622, 0.2676140086562333

[-1.27877462e+05  4.42355129e-01]
0.44235512909453006, -127877.46213881229, 0.11233916921884854, 0.26761400886405823

[-1.27876928e+05  4.42355197e-01]
0.4423551971958489, -127876.92773391622, 0.11233917389708242, 0.2676140091932163

[-1.27863467e+05  4.42355085e-01]
0.4423550852283344, -127863.46651866651, 0.11233916621878345, 0.2676140089275294

[-1.27835475e+05  4.42354997e-01]
0.442354997495943, -127835.4752783749, 0.11233916009039005, 0.2676140090087245

[-1.27845838e+05  4.42355047e-01]
0.4423550474209195, -127845.83839226025, 0.112339163498011, 0.2676140086400353

[-1.27831308e+05  4.42355072e-01]
0.44235507165604276, -127831.30836721839, 0.11233916528909929, 0.2676140085914126

[-1.27834406e+05  4.42355134e-01]
0.44235513369858087, -127834.40646858275, 0.1123391694872204, 0.2676140088663677

[-1.27842980e+05  4.42355069e-01]
0.44235506899033483, -127842.98041134088, 0.11233916503284296, 0.2676140089717278

[-1.27840122e+05  4.42355091e-01]
0.4423550905597502, -127840.1224304215, 0.11233916648496342, 0.26761400913850447

[-1.27847387e+05  4.42355078e-01]
0.4423550784421886, -127847.38744294245, 0.11233916575072418, 0.2676140088683401

[-1.27856202e+05  4.42355097e-01]
0.44235509734589595, -127856.20150614556, 0.1123391670327051, 0.2676140092866895

[-1.27844142e+05  4.42355092e-01]
0.44235509225628666, -127844.14219935251, 0.11233916667239478, 0.26761400891566994

[-1.27852182e+05  4.42355096e-01]
0.4423550956493595, -127852.18173721455, 0.11233916691810045, 0.26761400904674865

[-1.27846152e+05  4.42355093e-01]
0.4423550931045549, -127846.15208381801, 0.11233916664999101, 0.26761400870832547

[-1.27847701e+05  4.42355124e-01]
0.4423551241258239, -127847.70113450018, 0.11233916883477063, 0.26761400867267987

[-1.27850486e+05  4.42355140e-01]
0.44235514048472657, -127850.48554430678, 0.11233917004152597, 0.26761400878289654

[-1.27847235e+05  4.42355105e-01]
0.44235510494959784, -127847.2354489402, 0.11233916760524815, 0.2676140089350278

[-1.27848319e+05  4.42355117e-01]
0.44235511679464073, -127848.3188140624, 0.11233916837997839, 0.2676140089041567

[-1.27847544e+05  4.42355101e-01]
0.44235510128400624, -127847.54428872131, 0.11233916718070168, 0.2676140089733717

[-1.27849711e+05  4.42355125e-01]
0.44235512497409213, -127849.71101896573, 0.11233916889643163, 0.2676140087645615

[-1.27850329e+05  4.42355118e-01]
0.44235511764290897, -127850.32869852794, 0.11233916846979378, 0.2676140088018838

[-1.27849826e+05  4.42355117e-01]
0.442355117430842, -127849.82622741157, 0.11233916848272599, 0.26761400902254306

[-1.27849324e+05  4.42355117e-01]
0.44235511721877485, -127849.32375629517, 0.11233916834923585, 0.2676140087478534

[-1.27848628e+05  4.42355113e-01]
0.4423551131290492, -127848.62765384352, 0.1123391680768803, 0.2676140089651655

[-1.27849633e+05  4.42355114e-01]
0.44235511355318324, -127849.63259607626, 0.11233916805857323, 0.2676140091521475

[-1.27848879e+05  4.42355113e-01]
0.4423551132350827, -127848.8788894017, 0.11233916817061995, 0.26761400905503907

[-1.27849130e+05  4.42355113e-01]
0.4423551133411162, -127849.13012495989, 0.11233916812857127, 0.2676140086729382

[-1.27848782e+05  4.42355111e-01]
0.4423551112962534, -127848.78207373407, 0.11233916804412818, 0.2676140090631207

[-1.27849285e+05  4.42355112e-01]
0.4423551115083204, -127849.28454485044, 0.11233916795231773, 0.26761400886315273

[-1.27849159e+05  4.42355111e-01]
0.4423551114553036, -127849.15892707133, 0.1123391679958297, 0.26761400896592896

[-1.27849033e+05  4.42355111e-01]
0.4423551114022869, -127849.03330929225, 0.1123391680292386, 0.26761400886017483

[-1.27848859e+05  4.42355110e-01]
0.4423551103798555, -127848.85928367934, 0.11233916796628862, 0.26761400874558633

[-1.27848762e+05  4.42355108e-01]
0.4423551084410261, -127848.76246801173, 0.1123391677836637, 0.26761400861119083

[-1.27848840e+05  4.42355108e-01]
0.4423551075246282, -127848.839677957, 0.11233916775669286, 0.2676140085704353

[-1.27849014e+05  4.42355109e-01]
0.4423551085470597, -127849.01370356992, 0.11233916775386531, 0.2676140087326702

[-1.27848825e+05  4.42355108e-01]
0.4423551084675345, -127848.82527690128, 0.11233916782653455, 0.2676140089218646

[-1.27848888e+05  4.42355108e-01]
0.4423551084940429, -127848.88808579082, 0.1123391677594477, 0.2676140089769553

[-1.27848849e+05  4.42355109e-01]
0.44235510895224184, -127848.84948081817, 0.11233916786333119, 0.26761400900964516

[-1.27848975e+05  4.42355109e-01]
0.44235510900525865, -127848.97509859726, 0.11233916784635699, 0.26761400900348975

[-1.27848944e+05  4.42355109e-01]
0.4423551089920044, -127848.9436941525, 0.11233916773609773, 0.26761400869442753

[-1.27848992e+05  4.42355110e-01]
0.44235510996141914, -127848.99210198631, 0.11233916786414222, 0.2676140086145985

[-1.27848985e+05  4.42355110e-01]
0.4423551104328723, -127848.98490145845, 0.1123391679510496, 0.2676140092089924

[-1.27848954e+05  4.42355109e-01]
0.4423551093522214, -127848.95399597898, 0.11233916793693396, 0.2676140090385017

[-1.27848964e+05  4.42355110e-01]
0.44235510971243835, -127848.96429780548, 0.11233916791183426, 0.2676140090413258

[-1.27848940e+05  4.42355109e-01]
0.442355109227731, -127848.94009388857, 0.11233916773626282, 0.2676140089586933

[-1.27848912e+05  4.42355109e-01]
0.44235510897875024, -127848.91228970772, 0.1123391678147945, 0.26761400863908935

[-1.27848909e+05  4.42355109e-01]
0.44235510921447674, -127848.90868944376, 0.1123391678466528, 0.2676140088967825

[-1.27848917e+05  4.42355109e-01]
0.44235510921779037, -127848.91654055496, 0.11233916784732183, 0.2676140086262945

[-1.27848941e+05  4.42355110e-01]
0.44235510970249764, -127848.94074447188, 0.1123391678473197, 0.26761400880202874

[-1.27848919e+05  4.42355109e-01]
0.4423551091596871, -127848.91940339876, 0.11233916778038998, 0.26761400881220426

[-1.27848927e+05  4.42355109e-01]
0.44235510934062394, -127848.9265170898, 0.11233916784049847, 0.26761400864098134

[-1.27848924e+05  4.42355109e-01]
0.4423551092211039, -127848.92439166617, 0.1123391678172494, 0.2676140087590361

[-1.27848939e+05  4.42355110e-01]
0.44235510958297763, -127848.93861904825, 0.1123391678873439, 0.2676140088554773

[-1.27848928e+05  4.42355109e-01]
0.4423551093115723, -127848.92794851169, 0.11233916776933293, 0.26761400892183107

[-1.27848932e+05  4.42355109e-01]
0.44235510940204076, -127848.9315053572, 0.1123391678380442, 0.2676140087750061

[-1.27848930e+05  4.42355109e-01]
0.44235510934228073, -127848.93044264539, 0.11233916781794968, 0.26761400919552397

[-1.27848938e+05  4.42355110e-01]
0.44235510952321755, -127848.93755633646, 0.11233916785270139, 0.26761400917335343

[-1.27848936e+05  4.42355109e-01]
0.44235510947798334, -127848.93577791369, 0.11233916788732694, 0.26761400855854867

[-1.27848941e+05  4.42355110e-01]
0.4423551095394001, -127848.9407661811, 0.11233916791839677, 0.26761400886673065

[-1.27848934e+05  4.42355109e-01]
0.44235510943638057, -127848.93382056318, 0.1123391678539982, 0.2676140091250821

[-1.27848936e+05  4.42355109e-01]
0.44235510947072043, -127848.93613576915, 0.11233916791610957, 0.2676140089538467

[-1.27848934e+05  4.42355109e-01]
0.44235510943274914, -127848.93399949092, 0.11233916778537753, 0.2676140086882051

[-1.27848934e+05  4.42355109e-01]
0.4423551094254863, -127848.93435734641, 0.11233916788731099, 0.26761400890448683

[-1.27848935e+05  4.42355109e-01]
0.44235510943679485, -127848.93480195208, 0.11233916779937843, 0.2676140086967791

[-1.27848936e+05  4.42355109e-01]
0.44235510945941187, -127848.93569116348, 0.11233916784889382, 0.267614008758631

[-1.27848935e+05  4.42355109e-01]
0.4423551094424491, -127848.93502425493, 0.11233916782592641, 0.2676140089805313

[-1.27848935e+05  4.42355109e-01]
0.44235510944810336, -127848.93524655778, 0.11233916767569463, 0.26761400867904134

[-1.27848936e+05  4.42355109e-01]
0.44235510945012624, -127848.93564778836, 0.11233916782291974, 0.26761400872401453

[-1.27848936e+05  4.42355109e-01]
0.44235510946143475, -127848.93609239404, 0.11233916788544585, 0.26761400895699344

[-1.27848936e+05  4.42355109e-01]
0.44235510945295337, -127848.93575893977, 0.1123391678314535, 0.2676140089677757

[-1.27848936e+05  4.42355109e-01]
0.4423551094557805, -127848.9358700912, 0.1123391678774281, 0.2676140089890722

[-1.27848936e+05  4.42355109e-01]
0.4423551094567919, -127848.93607070649, 0.1123391678263511, 0.2676140090105073


------------------------------------------------------------
Sender: LSF System <lsfadmin@n-62-21-8>
Subject: Job 1708287: <minimize_batch_job_this_is_on_purpose_to_utilize_more_kernel> in cluster <dcc> Done

Job <minimize_batch_job_this_is_on_purpose_to_utilize_more_kernel> was submitted from host <gbarlogin2> by user <s174007> in cluster <dcc> at Thu Jan 10 17:20:31 2019
Job was executed on host(s) <n-62-21-8>, in queue <hpc>, as user <s174007> in cluster <dcc> at Thu Jan 10 17:20:32 2019
</zhome/b0/b/127184> was used as the home directory.
</zhome/b0/b/127184/Documents/Projects/machine-learning-on-materials> was used as the working directory.
Started at Thu Jan 10 17:20:32 2019
Terminated at Thu Jan 10 18:43:23 2019
Results reported at Thu Jan 10 18:43:23 2019

Your job looked like:

------------------------------------------------------------
# LSBATCH: User input
#!/bin/bash
##Kør på cpu
#BSUB -q hpc
##Navn på job
#BSUB -J minimize_batch_job_this_is_on_purpose_to_utilize_more_kernel
##Output fil
#BSUB -o output/minimize/linear_GP_default_batchjobs-%J.out
##Antal kerner
#BSUB -n 1
##Om kernerne må være på forskellige computere
#BSUB -R "span[hosts=1]"
##Ram pr kerne
#BSUB -R "rusage[mem=10GB]"
##Hvor lang tid må den køre hh:mm
#BSUB -W 45:00
##Email når jobbet starter
##og stopper
module purge
module load python3
python3 KRR/minimizer.py linear 0.01 GP default [5]
------------------------------------------------------------

Successfully completed.

Resource usage summary:

    CPU time :                                   4968.70 sec.
    Max Memory :                                 1310 MB
    Average Memory :                             1055.52 MB
    Total Requested Memory :                     10240.00 MB
    Delta Memory :                               8930.00 MB
    Max Swap :                                   2 MB
    Max Processes :                              4
    Max Threads :                                5
    Run time :                                   4983 sec.
    Turnaround time :                            4972 sec.

The output (if any) is above this job summary.

