Unloaded module: latex/TeXLive12
Loaded module: python3/3.6.2
[100]
[100.0]
[100.   1.]
1.0, 100.0, 0.15659079807821225, 0.2732850571772816

[105.   1.]
1.0, 105.0, 0.156590820664036, 0.2732850851893712

[100.     1.05]
1.05, 100.0, 0.15883047498025327, 0.27363973942354913

[105.     0.95]
0.95, 105.0, 0.15426569420849012, 0.2729372151052952

[107.5   0.9]
0.8999999999999999, 107.5, 0.1518484890358164, 0.2725981253487585

[102.5   0.9]
0.8999999999999999, 102.5, 0.15184846861905205, 0.27259809928620576

[101.25   0.85]
0.8499999999999996, 101.25, 0.1493317106249085, 0.2722701453769457

[108.75   0.75]
0.7499999999999996, 108.75, 0.14396491750561266, 0.27166017707760287

[113.125   0.625]
0.6249999999999991, 113.125, 0.13652069190003127, 0.27102990794815973

[106.875   0.575]
0.5749999999999988, 106.875, 0.1332709674619138, 0.27083985941440286

[106.5625   0.4125]
0.4124999999999983, 106.5625, 0.12134395968421052, 0.2706469068484706

[118.4375   0.1875]
0.18749999999999778, 118.4375, 0.09979747064417137, 0.27297646287995014

[105.546875   0.684375]
0.6843749999999992, 105.546875, 0.14016926248403097, 0.27130606552311887

[114.140625   0.353125]
0.35312499999999825, 114.140625, 0.11634037627322631, 0.2708356491086933

[107.578125   0.140625]
0.14062499999999745, 107.578125, 0.09421539040639816, 0.27443376386571966

[111.73828125   0.50390625]
0.5039062499999987, 111.73828125, 0.1283337272579255, 0.2706589684562372

[104.16015625   0.56328125]
0.5632812499999987, 104.16015625, 0.13248385424482778, 0.2708020930637809

[106.65527344   0.51074219]
0.5107421874999987, 106.6552734375, 0.1288259960763368, 0.27067088380857796

[111.64550781   0.40566406]
0.4056640624999983, 111.6455078125, 0.12078805631733913, 0.27065930519257625

[110.39794922   0.43193359]
0.4319335937499984, 110.39794921875, 0.12289761582502488, 0.2706231425903339

[105.22216797   0.34052734]
0.34052734374999805, 105.22216796875, 0.11522478886428356, 0.2709024912728741

[110.10925293   0.46306152]
0.4630615234374985, 110.1092529296875, 0.1253076194587352, 0.2706167974366142

[113.94470215   0.48249512]
0.4824951171874986, 113.9447021484375, 0.12676592830741762, 0.2706303415904421

[112.09915161   0.46499634]
0.46499633789062356, 112.09915161132812, 0.12545436568008625, 0.2706175836671706

[111.81045532   0.49612427]
0.49612426757812367, 111.81045532226562, 0.12776849582580183, 0.27064698917786245

[110.75107574   0.44798126]
0.4479812622070297, 110.7510757446289, 0.12415179460114306, 0.270615299020234

[108.76117706   0.44604645]
0.4460464477539047, 108.76117706298828, 0.12400191938353153, 0.2706157059298327

[109.40299988   0.43096619]
0.4309661865234359, 109.40299987792969, 0.12282118845625992, 0.27062394142923213

[109.93268967   0.45503769]
0.45503768920898285, 109.93268966674805, 0.12469532400991074, 0.2706149716681969

[111.92258835   0.4569725 ]
0.45697250366210784, 111.92258834838867, 0.12484352951084285, 0.2706152085814179

[111.10420227   0.46402893]
0.4640289306640609, 111.10420227050781, 0.12538103614607388, 0.27061717437062754

[110.83935738   0.45199318]
0.4519931793212875, 110.83935737609863, 0.12446140438181422, 0.27061488904905207

[108.84945869   0.45005836]
0.45005836486816253, 108.84945869445801, 0.12431227872707809, 0.27061500481913525

[109.61774111   0.4517869 ]
0.4517868995666488, 109.61774110794067, 0.12444552008342671, 0.2706148911889511

[110.52440882   0.44874239]
0.44874238967895347, 110.52440881729126, 0.1242106514570362, 0.2706151741229761

[110.08061945   0.45346386]
0.4534638643264755, 110.08061945438385, 0.12457451167562536, 0.2706148854427498

[111.30223572   0.45367014]
0.4536701440811142, 111.30223572254181, 0.12459036285670136, 0.2706148959942616

[110.03886476   0.45225771]
0.45225771069526516, 110.03886476159096, 0.12448176261441639, 0.27061488016921126

[109.28012684   0.4537284 ]
0.45372839570045315, 109.28012683987617, 0.12459483266099226, 0.2706148908130103

[110.44954974   0.45242698]
0.4524269834160789, 110.44954974204302, 0.1244947884754202, 0.2706148791268285

[110.40779505   0.45122083]
0.4512208297848685, 110.40779504925013, 0.1244019196271, 0.2706149199323037

[110.16241335   0.45290311]
0.4529031056910737, 110.16241335310042, 0.12453140882087195, 0.2706148767047469

[110.57309833   0.45307238]
0.45307237841188747, 110.57309833355248, 0.12454442422534243, 0.27061487967854875

[110.43953994   0.45286871]
0.4528687114827319, 110.4395399405621, 0.12452876477717363, 0.27061487751501717

[110.15240355   0.45334483]
0.4533448337577267, 110.1524035516195, 0.12456536500466336, 0.27061488281918455

[110.37526319   0.45265645]
0.45265644600149085, 110.37526319443714, 0.12451244016440183, 0.2706148771479703

[110.09813661   0.45269084]
0.45269084020983263, 110.09813660697546, 0.1245150849059543, 0.27061487606848267

[109.92743494   0.4526019 ]
0.4526019045733829, 109.92743494018214, 0.12450824383329646, 0.27061487577879045

[109.7145851    0.45284856]
0.45284856426296577, 109.71458509884542, 0.12452721377250159, 0.2706148748345746

[109.38424605   0.45294462]
0.4529446233937032, 109.38424605104956, 0.12453459924464208, 0.27061487417555585

[109.14926764   0.45264342]
0.4526434222760124, 109.14926763813128, 0.12451143544638499, 0.2706148727789179

[108.64269478   0.45251358]
0.4525135805684817, 108.6426947806467, 0.12450144632267467, 0.27061487172118653

[108.09950589   0.4528563 ]
0.452856299388802, 108.09950589151413, 0.12452780459757941, 0.2706148689563848

[107.18554137   0.4529835 ]
0.4529834967965116, 107.18554136718012, 0.1245375825989578, 0.27061486635021986

[106.4439901    0.45255245]
0.45255245397129007, 106.44399009677727, 0.12450443120792783, 0.2706148631710857

[104.97386212   0.45235637]
0.4523563692600836, 104.97386211964113, 0.1244893415178919, 0.2706148595644332

[103.51670871   0.45282629]
0.45282628548811354, 103.51670870617454, 0.12452548459578812, 0.27061485108150485

[100.95371567   0.45298264]
0.4529826379479296, 100.95371566893846, 0.12453749971090289, 0.2706148413511161

[98.74203642  0.45235551]
0.45235551041150157, 98.74203642139946, 0.12448925785610464, 0.27061483350597615

[94.52028395  0.45204152]
0.45204151721899644, 94.52028394850913, 0.12446507978077775, 0.27061482023264666

[90.5001375   0.45266779]
0.4526677859068424, 90.50013749780646, 0.12451325417592993, 0.270614790803168

[83.26327519  0.45282349]
0.45282349423022183, 83.26327518688913, 0.12452520119722878, 0.27061474912818984

[76.82984347  0.45188237]
0.4518823735012887, 76.8298434664598, 0.12445275734566227, 0.2706147192719257

[64.76790737  0.45133224]
0.4513322412779681, 64.76790736522048, 0.12441031742946351, 0.27061463750440296

[53.5108986   0.45211422]
0.4521142182891935, 53.51089860360048, 0.1244704387814013, 0.2706144670531433

[33.00620593  0.45215057]
0.45215056882429217, 33.006205931146155, 0.1244728974866126, 0.27061396335937715

[14.51083811  0.45065932]
0.45065931587203845, 14.510838109477504, 0.12435689544622586, 0.27061237154506373

[-19.86538043   0.44957723]
0.44957722669294675, -19.86538042922831, 0.12427687562824451, 0.27061763460705474

[-17.25086332   0.45147764]
0.4514776434183625, -17.25086332459682, 0.12442366540570707, 0.2706178162359375

[44.26321469  0.45136859]
0.4513685918130667, 44.263214692766155, 0.12441290923839415, 0.27061432600411656

[3.25382935 0.45144129]
0.4514412928832639, 3.253829347857504, 0.12441026825410717, 0.2706021042433879

[-17.25086332   0.45147764]
0.4514776434183624, -17.25086332459682, 0.12442366540570902, 0.2706178162359343

[-15.24153847   0.44995004]
0.4499500399310101, -15.241538473811147, 0.1243061019837891, 0.2706182576312904

[20.94426983  0.45160044]
0.45160043660097166, 20.94426982990683, 0.12443003422827949, 0.27061322697000495

[-3.17960237  0.45050017]
0.45050017215433064, -3.1796023725718214, 0.12435588186023032, 0.2706291100998227

[14.91330178  0.45132537]
0.45132537048931143, 14.913301779287167, 0.12440828419935271, 0.270612406671052

[2.85136568 0.45077524]
0.45077523826599086, 2.8513656780478414, 0.12435770568735839, 0.27060031298738524

[-3.17960237  0.45050017]
0.4505001721543307, -3.1796023725718214, 0.12435588186023087, 0.27062911009981505

[-8.40564308  0.45155722]
0.45155721527721626, -8.405643083572159, 0.12443158553065059, 0.27062047146696794

[8.78171781 0.45088379]
0.4508837907233329, 8.781717811215088, 0.12437289571372012, 0.27061041793442375

[-2.67652279  0.45133274]
0.4513327404259218, -2.676522785309743, 0.12442183143900813, 0.2706316840092691

[5.91715766 0.45099603]
0.4509960281489801, 5.917157662083881, 0.12437994998449232, 0.27060804222524987

[0.18803736 0.4512205 ]
0.4512205030002746, 0.18803736382146496, 0.12426719305696511, 0.27041793317626356

[-2.67652279  0.45133274]
0.451332740425922, -2.676522785309743, 0.12442183143900822, 0.2706316840092654

[-0.21442631  0.45055445]
0.45055444838300157, -0.2144263059881979, 0.12450647771997275, 0.27084957075589106

[2.38676543 0.45121958]
0.4512195817581983, 2.3867654343960787, 0.1243899948603497, 0.2705973870105724

[-0.27656288  0.45166485]
0.45166484649248206, -0.2765628798302977, 0.12455357330582996, 0.27079097236709454

[2.06938354 0.45099764]
0.4509976403226137, 2.0693835385783066, 0.1243710659084797, 0.2705946965736322

[-0.12934453  0.45099856]
0.45099856156469, -0.12934453199630713, 0.12466930301503847, 0.27104684749917474

[1.75773794 0.45116433]
0.4511643267098212, 1.7577379427979822, 0.12438147828500416, 0.2705910869416107

[-0.12360823  0.45138719]
0.4513871893874821, -0.1236082319588594, 0.12471613400975536, 0.2710728620162791

[1.5211356  0.45109503]
0.4510950275888308, 1.5211355959440152, 0.12437364230038016, 0.27058739930896125

[-0.04856498  0.4511512 ]
0.4511512038792842, -0.04856498303250212, 0.12562479513083105, 0.2725583132793307

[1.30616221 0.45116105]
0.451161046002187, 1.3061622113403613, 0.12437569026365718, 0.27058290340792956

[-0.02693602  0.45128652]
0.4512865214136308, -0.02693602078218893, 0.1301928563526485, 0.28036843862809346

[1.13411769 0.4511429 ]
0.4511429010450308, 1.134117691762464, 0.12437105213469511, 0.2705781183581762

[0.01599284 0.45120236]
0.4512023580431185, 0.015992844243567728, 0.12380962093797951, 0.2698521596811813

[-0.62909184  0.45122301]
0.4512230140635842, -0.629091839304829, 0.12445088484482583, 0.27068766238399544

[-0.93008748  0.45127996]
0.4512799599983623, -0.9300874836974313, 0.12443909395636163, 0.27066346873201186

[0.6180664  0.45117717]
0.45117716578336364, 0.6180663978974902, 0.12435361888418982, 0.27054853725959327

[-0.41403619  0.4512457 ]
0.45124569526002944, -0.4140361898324575, 0.12447961445089667, 0.2707281506560801

[0.36004075 0.4511943 ]
0.4511942981525301, 0.36004075096500326, 0.12432489743670044, 0.2705045110886327

[-0.15601054  0.45122856]
0.451228562890863, -0.15601054289997057, 0.1246288315570288, 0.2709570825436318

[0.23102793 0.45120286]
0.4512028643371133, 0.2310279274987598, 0.12428816071132001, 0.2704501426142403

[-0.02699772  0.45122   ]
0.45121999670627977, -0.026997719433727113, 0.13013523095704768, 0.2802768430940367

[0.16652152 0.45120715]
0.45120714742940493, 0.16652151576563806, 0.12425132304160867, 0.27039663287705995

[-0.005523  0.451189]
0.4511890024722488, -0.005523003812259175, 0.12439383992167206, 0.27157683881425904

[0.13964727 0.45121263]
0.45121262786826816, 0.13964727191303394, 0.12422792132919379, 0.27036263599399063

[-0.0108814   0.45120784]
0.45120783848198165, -0.01088139960903639, 0.1289740955207545, 0.2809373601714099

[0.12217079 0.45120732]
0.4512073201925491, 0.12217078692196945, 0.12420752574446091, 0.27033431169121547

[-0.00148364  0.45119705]
0.4511970503673995, -0.0014836407474967672, 0.12388432885117473, 0.2703745061278899

[0.10436454 0.45120873]
0.451208733493051, 0.10436454374790127, 0.12418196982574384, 0.2702982243911542

[-0.0018134   0.45120377]
0.4512037713436204, -0.0018133989305004483, 0.12390546875742597, 0.2704285320241464

[0.09117474 0.45120643]
0.45120643298031693, 0.09117474045885197, 0.12415799393328723, 0.2702650684541486

[0.00280304 0.45120006]
0.4512000575303844, 0.0028030409545184293, 0.12375551117313258, 0.2699780646108133

[-0.07237886  0.45119598]
0.45119598259318594, -0.07237885526076582, 0.1250272909956053, 0.27158532217548953

[0.05028634 0.45120382]
0.4512038203835342, 0.05028634152894752, 0.124036642299832, 0.2701019939651521

[-0.03149046  0.4511986 ]
0.4511985951899687, -0.031490456330861366, 0.12779975057812426, 0.27621974161009893

[0.02984214 0.45120251]
0.4512025140851428, 0.0298421420639953, 0.12392209665655779, 0.2699612878005413

[0.04303195 0.45120481]
0.45120481459787687, 0.043031945353044596, 0.12400228405846177, 0.2700578993847692

[0.01286027 0.45120125]
0.4512012467972575, 0.01286026705414997, 0.1237825489850772, 0.2698375415648259

[-0.00098903  0.45120109]
0.4512010907552332, -0.0009890307662776023, 0.12385773817365966, 0.2703021587542164

[0.02213435 0.45120216]
0.4512021582526654, 0.022134348856427073, 0.12386264914768819, 0.26989766822185324

[0.00671876 0.45120145]
0.45120144658771055, 0.006718762441290625, 0.12374389888638769, 0.26986277455082436

[0.01057266 0.45120162]
0.45120162450394924, 0.010572659045074737, 0.12376459910973944, 0.269835212386053

[0.00744008 0.45120051]
0.4512005132580882, 0.0074400818556569805, 0.12374621014179282, 0.2698532575846927

[0.01385465 0.4512019 ]
0.4512018968468609, 0.01385465364659004, 0.12379099394099133, 0.2698410767888209

[0.00957827 0.45120097]
0.45120097445434576, 0.009578272452634668, 0.1237576784975396, 0.2698376334504983

[0.01064737 0.45120121]
0.4512012050524745, 0.010647367751123512, 0.12376511181816839, 0.26983512830124634

[0.00835976 0.45120158]
0.4512015827591662, 0.008359759742048278, 0.12375052625811668, 0.26984450099258556

[0.01173514 0.45120133]
0.45120133078773467, 0.011735140226124548, 0.12377341722414263, 0.26983522474072363

[0.00948489 0.4512015 ]
0.45120149876868904, 0.009484886570073701, 0.12375711439082346, 0.26983799559465005

[0.01117258 0.45120137]
0.45120137278297323, 0.011172576812111836, 0.12376905076372144, 0.26983487880331425


------------------------------------------------------------
Sender: LSF System <lsfadmin@n-62-21-19>
Subject: Job 1735638: <minimize_batch_job_this_is_on_purpose_to_utilize_more_kernel> in cluster <dcc> Done

Job <minimize_batch_job_this_is_on_purpose_to_utilize_more_kernel> was submitted from host <gbarlogin2> by user <s174007> in cluster <dcc> at Sun Jan 13 21:42:31 2019
Job was executed on host(s) <n-62-21-19>, in queue <hpc>, as user <s174007> in cluster <dcc> at Sun Jan 13 21:42:32 2019
</zhome/b0/b/127184> was used as the home directory.
</zhome/b0/b/127184/Documents/Projects/machine-learning-on-materials> was used as the working directory.
Started at Sun Jan 13 21:42:32 2019
Terminated at Sun Jan 13 22:19:45 2019
Results reported at Sun Jan 13 22:19:45 2019

Your job looked like:

------------------------------------------------------------
# LSBATCH: User input
#!/bin/bash
##Kør på cpu
#BSUB -q hpc
##Navn på job
#BSUB -J minimize_batch_job_this_is_on_purpose_to_utilize_more_kernel
##Output fil
#BSUB -o output/minimize/linear_GP_compare_batchjobs-%J.out
##Antal kerner
#BSUB -n 1
##Om kernerne må være på forskellige computere
#BSUB -R "span[hosts=1]"
##Ram pr kerne
#BSUB -R "rusage[mem=10GB]"
##Hvor lang tid må den køre hh:mm
#BSUB -W 45:00
##Email når jobbet starter
##og stopper
module purge
module load python3
python3 KRR/minimizer.py linear 1 GP compare [100]
------------------------------------------------------------

Successfully completed.

Resource usage summary:

    CPU time :                                   2230.46 sec.
    Max Memory :                                 1029 MB
    Average Memory :                             848.66 MB
    Total Requested Memory :                     10240.00 MB
    Delta Memory :                               9211.00 MB
    Max Swap :                                   -
    Max Processes :                              4
    Max Threads :                                5
    Run time :                                   2244 sec.
    Turnaround time :                            2234 sec.

The output (if any) is above this job summary.

