Unloaded module: latex/TeXLive12
Loaded module: python3/3.6.2
[100]
[100.0]
[100.   1.]
1.0, 100.0, 0.22507634288998707, 0.30628210941826606

[105.   1.]
1.0, 105.0, 0.2250763453866172, 0.3062820954936588

[100.     1.05]
1.05, 100.0, 0.2282646748657155, 0.30730475300500504

[105.     0.95]
0.95, 105.0, 0.22173853283724387, 0.3052394856579148

[107.5   0.9]
0.8999999999999999, 107.5, 0.2182371991601648, 0.304176518272674

[112.5   0.9]
0.8999999999999999, 112.5, 0.21823720121262755, 0.3041765067098605

[118.75   0.85]
0.8499999999999996, 118.75, 0.21455624495679407, 0.30309287357888615

[121.25   0.75]
0.7499999999999996, 121.25, 0.20657808799574284, 0.3008630025069362

[129.375   0.625]
0.6249999999999991, 129.375, 0.195190960666307, 0.2979598653101977

[140.625   0.575]
0.5749999999999988, 140.625, 0.19008963764436773, 0.2967647826853728

[157.1875   0.4125]
0.4124999999999983, 157.1875, 0.17056151396777441, 0.2927802296044457

[167.8125   0.1875]
0.18749999999999778, 167.8125, 0.1308044932934697, 0.2874106131921713

[145.9375   0.4625]
0.4624999999999986, 145.9375, 0.17713386526835212, 0.29401812512340625

[1.790625e+02 1.375000e-01]
0.1374999999999975, 179.0625, 0.11828224052336334, 0.28643721118959714

[165.3125   0.2875]
0.287499999999998, 165.3125, 0.1510623663963433, 0.2897032155448468

[1.815625e+02 3.750000e-02]
0.03749999999999731, 181.5625, 0.08636896942888449, 0.2856774396281526

[1.740625e+02 1.375000e-01]
0.1374999999999976, 174.0625, 0.11828224014647563, 0.28643721316666215

[1.865625e+02 3.750000e-02]
0.03749999999999723, 186.5625, 0.08636896956190813, 0.28567743846519283

[1.815625e+02 8.750000e-02]
0.08749999999999739, 181.5625, 0.1035203426740302, 0.2857328461733559

[1.828125e+02 6.250000e-02]
0.06249999999999733, 182.8125, 0.09517863377003946, 0.28557458716354167

[1.878125e+02 6.250000e-02]
0.06249999999999725, 187.8125, 0.09517863398094506, 0.28557458581579026

[1.909375e+02 7.500000e-02]
0.07499999999999724, 190.9375, 0.09942744282896812, 0.28563051740181994

[1.840625e+02 8.750000e-02]
0.08749999999999736, 184.0625, 0.10352034281162376, 0.2857328453940421

[1.859375e+02 5.000000e-02]
0.04999999999999726, 185.9375, 0.09080234039323874, 0.2855811180294535

[1.846875e+02 7.500000e-02]
0.07499999999999732, 184.6875, 0.09942744253546654, 0.2856305191464624

[1.85625e+02 5.62500e-02]
0.056249999999997274, 185.625, 0.09300339469310234, 0.2855687061480791

[1.90625e+02 5.62500e-02]
0.0562499999999972, 190.625, 0.09300339487998062, 0.2855687048749974

[1.9453125e+02 5.3125000e-02]
0.05312499999999713, 194.53125, 0.09190555593877293, 0.28557241384190496

[1.884375e+02 5.000000e-02]
0.04999999999999721, 188.4375, 0.09080234047866015, 0.2855811174078501

[1.8796875e+02 5.9375000e-02]
0.05937499999999724, 187.96875, 0.09409472561772236, 0.2855695542888198

[1.8828125e+02 5.3125000e-02]
0.05312499999999722, 188.28125, 0.09190555572369624, 0.2855724153432958

[1.88046875e+02 5.78125000e-02]
0.05781249999999724, 188.046875, 0.09354993549272053, 0.28556858478154673

[1.93046875e+02 5.78125000e-02]
0.05781249999999716, 193.046875, 0.09354993567929186, 0.2855685835354902

[1.96757812e+02 5.85937500e-02]
0.05859374999999711, 196.7578125, 0.09382255671630864, 0.2855689340162788

[1.9046875e+02 5.9375000e-02]
0.0593749999999972, 190.46875, 0.09409472571465982, 0.28556955365622544

[1.90585938e+02 5.70312500e-02]
0.0570312499999972, 190.5859375, 0.09327687684974287, 0.2855685052804502

[1.95585938e+02 5.70312500e-02]
0.05703124999999712, 195.5859375, 0.09327687702969177, 0.2855685040767417

[1.99355469e+02 5.66406250e-02]
0.05664062499999706, 199.35546875, 0.09314018813179055, 0.28556856782641266

[1.93125e+02 5.62500e-02]
0.05624999999999716, 193.125, 0.09300339496995653, 0.28556870427505393

[1.93066406e+02 5.74218750e-02]
0.05742187499999716, 193.06640625, 0.09341346014551917, 0.2855685096731984

[1.93105469e+02 5.66406250e-02]
0.05664062499999716, 193.10546875, 0.0931401879154741, 0.2855685692892153

[1.93076172e+02 5.72265625e-02]
0.05722656249999716, 193.076171875, 0.09334518188754358, 0.2855684985190059

[1.98076172e+02 5.72265625e-02]
0.05722656249999708, 198.076171875, 0.09334518206324517, 0.2855684973407627

[2.01821289e+02 5.73242187e-02]
0.05732421874999702, 201.8212890625, 0.09337932466885526, 0.2855684999168401

[1.95566406e+02 5.74218750e-02]
0.057421874999997125, 195.56640625, 0.09341346023476159, 0.2855685090773837

[1.95581055e+02 5.71289062e-02]
0.05712890624999712, 195.5810546875, 0.09331103282460694, 0.28556849883157576

[1.95571289e+02 5.73242187e-02]
0.05732421874999712, 195.5712890625, 0.09337932445581845, 0.2855685013413569

[1.95578613e+02 5.71777344e-02]
0.057177734374997125, 195.57861328125, 0.09332810823270168, 0.28556849783877764

[2.00578613e+02 5.71777344e-02]
0.05717773437499704, 200.57861328125, 0.09332810840419473, 0.2855684966953103

[2.04329834e+02 5.71533203e-02]
0.05715332031249698, 204.329833984375, 0.09331957103040789, 0.28556849623067404

[2.06827393e+02 5.72021484e-02]
0.057202148437496936, 206.827392578125, 0.0933366456865158, 0.2855684952411686

[2.12451782e+02 5.72143555e-02]
0.05721435546874684, 212.4517822265625, 0.09334091424235182, 0.2855684941428374

[2.18705444e+02 5.71411133e-02]
0.05714111328124674, 218.7054443359375, 0.09331530255810103, 0.28556849361496617

[2.29020081e+02 5.70983887e-02]
0.05709838867187156, 229.02008056640625, 0.09330036085216792, 0.2855684932945608

[2.37142029e+02 5.71594238e-02]
0.05715942382812142, 237.14202880859375, 0.09332170635274162, 0.2855684900249476

[2.53548126e+02 5.71624756e-02]
0.057162475585933625, 253.54812622070312, 0.09332277391537545, 0.28556848751196734

[2.70116425e+02 5.70465088e-02]
0.05704650878905834, 270.1164245605469, 0.09328221620024875, 0.28556849028631803

[2.94644470e+02 5.71105957e-02]
0.05711059570312041, 294.64447021484375, 0.0933046314243504, 0.28556848402160107

[3.27456665e+02 5.71166992e-02]
0.05711669921874485, 327.4566650390625, 0.09330676647554435, 0.2855684807399683

[3.10888367e+02 5.72326660e-02]
0.05723266601562013, 310.88836669921875, 0.09334731862608521, 0.28556848094904597

[3.84796906e+02 5.71868896e-02]
0.057186889648431355, 384.7969055175781, 0.09333131306385554, 0.2855684751635626

[4.50421295e+02 5.71990967e-02]
0.057199096679680206, 450.4212951660156, 0.09333558208642352, 0.2855684717327765

[4.66989594e+02 5.70831299e-02]
0.05708312988280492, 466.9895935058594, 0.09329502710617073, 0.28556847404324887

[5.89954224e+02 5.71655273e-02]
0.05716552734374028, 589.9542236328125, 0.09332384412559515, 0.2855684672507975

[7.21203003e+02 5.71899414e-02]
0.05718994140623801, 721.2030029296875, 0.09333238182914749, 0.28556846423494286

[7.04634705e+02 5.73059082e-02]
0.05730590820311329, 704.6347045898438, 0.09337292822116042, 0.2855684671295862

[9.75416412e+02 5.72967529e-02]
0.057296752929671096, 975.4164123535156, 0.09336972805973211, 0.2855684631718003

[1.23791397e+03 5.73455811e-02]
0.05734558105466653, 1237.9139709472656, 0.09338679802836315, 0.2855684639380214

[9.91984711e+02 5.71807861e-02]
0.05718078613279581, 991.9847106933594, 0.09332918090330217, 0.28556846089140836

[1.13565971e+03 5.71182251e-02]
0.05711822509763709, 1135.6597137451172, 0.09330730303488967, 0.2855684611468077

[1.24619812e+03 5.72875977e-02]
0.0572875976562289, 1246.1981201171875, 0.09336652760989961, 0.2855684607724301

[1.50869568e+03 5.73364258e-02]
0.05733642578122433, 1508.6956787109375, 0.09338359778559943, 0.28556846202885067

[1.26276642e+03 5.71716309e-02]
0.05717163085935362, 1262.7664184570312, 0.0933259796998701, 0.2855684590696838

[1.40644142e+03 5.71090698e-02]
0.05710906982419489, 1406.441421508789, 0.09330410136904316, 0.285568459985565

[1.51697983e+03 5.72784424e-02]
0.057278442382786704, 1516.9798278808594, 0.09336332698928469, 0.28556845910392614

[1.53354813e+03 5.71624756e-02]
0.05716247558591142, 1533.5481262207031, 0.09332277833491512, 0.2855684579125509

[1.67722313e+03 5.70999146e-02]
0.057099914550752695, 1677.223129272461, 0.09330089957173772, 0.28556845937466985

[1.27933472e+03 5.70556641e-02]
0.057055664062478334, 1279.334716796875, 0.09328542240534883, 0.28556846341170955

[1.45756855e+03 5.72227478e-02]
0.05722274780270961, 1457.5685501098633, 0.09334385409896272, 0.28556845803478176

[1.72835026e+03 5.72135925e-02]
0.057213592529267415, 1728.3502578735352, 0.09334065301838344, 0.2855684569888715

[1.96114218e+03 5.72345734e-02]
0.05723457336422433, 1961.142177581787, 0.09334798916533533, 0.2855684566766366

[2.03712175e+03 5.71743011e-02]
0.05717430114742614, 2037.121753692627, 0.09332691387995483, 0.2855684562561712

[2.32689836e+03 5.71500778e-02]
0.0571500778197844, 2326.898355484009, 0.09331844310635964, 0.2855684561606439

[2.75449241e+03 5.72221756e-02]
0.05722217559809731, 2754.492406845093, 0.09334365445782584, 0.28556845512534673

[3.36496455e+03 5.72520256e-02]
0.05725202560419024, 3364.9645471572876, 0.09335409147777496, 0.28556845509490747

[3.73072073e+03 5.71675301e-02]
0.05716753005975031, 3730.7207250595093, 0.09332454637841373, 0.28556845447356893

[4.61551000e+03 5.71340084e-02]
0.057134008407513315, 4615.50999879837, 0.09331282371780972, 0.2855684547340422

[4.76878692e+03 5.72694778e-02]
0.05726947784415615, 4768.786916732788, 0.09336019341771892, 0.28556845482480375

[5.13454309e+03 5.71849823e-02]
0.05718498229971622, 5134.54309463501, 0.09333064932216985, 0.28556845366906897

[6.01933237e+03 5.71514606e-02]
0.057151460647479224, 6019.332368373871, 0.09331892704513568, 0.2855684538500876

[4.09647690e+03 5.70830345e-02]
0.05708303451531038, 4096.476902961731, 0.09329499628990541, 0.28556845708871786

[4.60070941e+03 5.72228670e-02]
0.057222867011944706, 4600.709413290024, 0.09334389640455142, 0.28556845380156404

[6.00453178e+03 5.72403193e-02]
0.057240319251910615, 6004.531782865524, 0.09334999865946178, 0.2855684536613262

[7.14143731e+03 5.72767138e-02]
0.05727671384799077, 7141.437311768532, 0.09336272336501883, 0.28556845437748607

[6.53836546e+03 5.72024345e-02]
0.05720243453968213, 6538.36546421051, 0.09333675201692863, 0.28556845314708246

[7.50719349e+03 5.71922183e-02]
0.05719221830355084, 7507.1934896707535, 0.09333317969503277, 0.28556845299298694

[8.37718218e+03 5.72475553e-02]
0.057247555255745236, 8377.182177901268, 0.0933525287149255, 0.28556845340618237

[9.87984388e+03 5.71994543e-02]
0.05719945430738546, 9879.843884706497, 0.09333570997542494, 0.2855684526849396

[1.18174999e+04 5.71790218e-02]
0.057179021835122884, 11817.499935626984, 0.09332856518851926, 0.2855684526697561

[1.09475112e+04 5.71236849e-02]
0.05712368488292849, 10947.51124739647, 0.09330921352451246, 0.2855684540310918

[9.01976445e+03 5.72165877e-02]
0.05721658766254105, 9019.764445275068, 0.09334170093995903, 0.28556845273163584

[1.33300709e+04 5.72033912e-02]
0.05720339119411309, 13330.070891231298, 0.09333708662910611, 0.2855684523523232

[1.62415096e+04 5.72089776e-02]
0.057208977639394226, 16241.509592011571, 0.09333904004219977, 0.2855684519491324

[1.90392451e+04 5.71714118e-02]
0.05717141181197606, 19039.245082363486, 0.09332590408912524, 0.28556845195747804

[2.34632547e+04 5.72013676e-02]
0.0572013676162474, 23463.254738748074, 0.09333637907930001, 0.28556845181321105

[2.92861321e+04 5.72125405e-02]
0.057212540506809656, 29286.13214030862, 0.09334028591149676, 0.2855684513434908

[2.64883966e+04 5.72501063e-02]
0.05725010633422782, 26488.396649956703, 0.09335342079611994, 0.2855684527703671

[2.09015330e+04 5.71910854e-02]
0.057191085442539, 20901.53297426179, 0.09333278366954537, 0.28556845217034194

[2.27638209e+04 5.72107591e-02]
0.05721075907310194, 22763.820866160095, 0.09333966296923253, 0.2855684516115089

[2.41626886e+04 5.71919762e-02]
0.05719197615939286, 24162.688611336052, 0.0933330951220998, 0.28556845186533897

[2.78872644e+04 5.72313234e-02]
0.05723132342051874, 27887.26439513266, 0.09334685339653445, 0.2855684520542054

[2.50938326e+04 5.72018130e-02]
0.05720181297467433, 25093.832557285205, 0.09333653484303409, 0.28556845191668107

[2.60249765e+04 5.72116498e-02]
0.0572116497899558, 26024.976503234357, 0.09333997442192957, 0.28556845186023927

[2.67244104e+04 5.72022583e-02]
0.05720225833310126, 26724.410375822335, 0.09333669054536162, 0.2855684526443105

[2.85866983e+04 5.72219320e-02]
0.057221931963664194, 28586.69826772064, 0.09334356969012679, 0.28556845194446484

[2.81211263e+04 5.72170136e-02]
0.05721701355602347, 28121.126294746064, 0.09334184994290261, 0.2855684516970021

[3.13822819e+04 5.72179043e-02]
0.05721790427287732, 31382.281931820326, 0.0933421613963475, 0.28556845192543723

[2.73643029e+04 5.72132134e-02]
0.05721321341068618, 27364.30286038085, 0.09334052114975792, 0.2855684519870097

[2.87036292e+04 5.72147770e-02]
0.05721477703141656, 28703.62921752734, 0.09334106789618668, 0.28556845205322745

[2.76555543e+04 5.72120951e-02]
0.05721209514838273, 27655.554321771488, 0.09334013014839716, 0.2855684527911346

[3.03342070e+04 5.72152224e-02]
0.05721522238984349, 30334.207036064472, 0.09334122360962477, 0.28556845254168106

[2.96645439e+04 5.72144406e-02]
0.0572144405794783, 29664.543857491226, 0.09334095032701606, 0.28556845180202856

[3.02470468e+04 5.72122041e-02]
0.0572122040548714, 30247.046780272503, 0.09334016823953314, 0.2855684520251126

[2.98611924e+04 5.72128473e-02]
0.05721284729900769, 29861.192389586213, 0.09334039320961098, 0.28556845218693633

[2.94753380e+04 5.72134905e-02]
0.05721349054314398, 29475.337998899922, 0.09334061807876329, 0.285568451619718

[2.89948807e+04 5.72136588e-02]
0.05721365876911311, 28994.88067891798, 0.09334067692957479, 0.2855684518154325

[2.97665895e+04 5.72123723e-02]
0.05721237228084053, 29766.58946029056, 0.09334022710245403, 0.28556845215101534

[2.91878079e+04 5.72133371e-02]
0.05721333714704496, 29187.807874261125, 0.09334056442967853, 0.28556845189148217

[2.93807351e+04 5.72130155e-02]
0.05721301552497682, 29380.73506960427, 0.09334045202016196, 0.28556845184575225

[2.91405064e+04 5.72130996e-02]
0.05721309963796138, 29140.5064096133, 0.09334048138646757, 0.2855684522124907

[2.95263608e+04 5.72124564e-02]
0.05721245639382509, 29526.36080029959, 0.09334025646846988, 0.28556845197642516

[2.94298972e+04 5.72126172e-02]
0.05721261720485916, 29429.897202628017, 0.09334031269765418, 0.2855684518046826

[2.93352943e+04 5.72121422e-02]
0.05721214218669199, 29335.294273332365, 0.09334014658417417, 0.2855684516830132

[2.91915292e+04 5.72120655e-02]
0.05721206548864249, 29191.529211012967, 0.0933401197749607, 0.2855684515378367

[2.91423671e+04 5.72124638e-02]
0.05721246380876016, 29142.36707798922, 0.09334025910283543, 0.2855684527629539

[2.92870625e+04 5.72122226e-02]
0.05721222259220903, 29287.06247449658, 0.09334017472868968, 0.28556845207003795

[2.92388307e+04 5.72123030e-02]
0.057212302997726075, 29238.830675660793, 0.09334020283500953, 0.2855684519359342

[2.93107132e+04 5.72123413e-02]
0.05721234134675082, 29310.713206820492, 0.09334021626432071, 0.28556845175235424

[2.93580147e+04 5.72125789e-02]
0.0572125788558344, 29358.01467146832, 0.09334029929648757, 0.2855684523951878

[2.92686267e+04 5.72123720e-02]
0.05721237196225316, 29268.626674612675, 0.09334022699377206, 0.2855684520880486

[2.92984227e+04 5.72124409e-02]
0.05721244092678024, 29298.422673564557, 0.09334025106209885, 0.2855684519167354

[2.92624814e+04 5.72124218e-02]
0.057212421752267865, 29262.481407984706, 0.09334024433451386, 0.2855684519762682

[2.93220734e+04 5.72125597e-02]
0.05721255968132203, 29322.07340588847, 0.09334029258381611, 0.28556845227176725

[2.92773794e+04 5.72124562e-02]
0.0572124562345314, 29277.37940746065, 0.09334025643322409, 0.28556845244219814

[2.92922774e+04 5.72124907e-02]
0.05721249071679495, 29292.277406936588, 0.09334026849095611, 0.2855684515226629

[2.92743068e+04 5.72124811e-02]
0.057212481129538764, 29274.306774146662, 0.09334026514279638, 0.28556845195841163

[2.93041028e+04 5.72125501e-02]
0.05721255009406584, 29304.10277309854, 0.09334028923661002, 0.2855684522183276

[2.92817558e+04 5.72124984e-02]
0.057212498370670536, 29281.75577388463, 0.09334027117022492, 0.2855684521840777

[2.92892048e+04 5.72125156e-02]
0.0572125156118023, 29289.2047736226, 0.09334027722408332, 0.2855684516354332

[2.92802195e+04 5.72125108e-02]
0.05721251081817421, 29280.219457227642, 0.09334027550405057, 0.2855684525042819

[2.92951175e+04 5.72125453e-02]
0.05721254530043774, 29295.117456703578, 0.09334028759028865, 0.28556845178441986

[2.92913930e+04 5.72125367e-02]
0.05721253667987185, 29291.392956834596, 0.09334028457271576, 0.2855684520102883

[2.92876685e+04 5.72125281e-02]
0.057212528059305975, 29287.66845696561, 0.09334028152720227, 0.2855684522105162

[2.92831758e+04 5.72125257e-02]
0.057212525662491936, 29283.17579876813, 0.09334028067737457, 0.2855684519884114

[2.92816395e+04 5.72125381e-02]
0.05721253810999562, 29281.639482111143, 0.09334028504095655, 0.2855684520254503

[2.92831467e+04 5.72125356e-02]
0.05721253559732321, 29283.146725824765, 0.0933402841349548, 0.28556845249972007

[2.92846540e+04 5.72125331e-02]
0.057212533084650796, 29284.653969538376, 0.0933402832998194, 0.2855684522008506

[2.92869003e+04 5.72125343e-02]
0.057212534283057816, 29286.900298637112, 0.09334028372702739, 0.2855684528286648

[2.92838858e+04 5.72125393e-02]
0.057212539308402637, 29283.885811209882, 0.09334028547970946, 0.28556845225140043

[2.92846394e+04 5.72125381e-02]
0.05721253805206643, 29284.63943306669, 0.09334028506520728, 0.2855684526508588

[2.92853931e+04 5.72125368e-02]
0.057212536795730226, 29285.393054923497, 0.09334028463122547, 0.28556845210431936

[2.92865162e+04 5.72125374e-02]
0.05721253739493373, 29286.516219472865, 0.09334028485278036, 0.2855684515382289

[2.92872553e+04 5.72125411e-02]
0.05721254110601316, 29287.255304857983, 0.09334028613925648, 0.2855684525843133

[2.92858586e+04 5.72125379e-02]
0.05721253787330096, 29285.858617407117, 0.09334028494601092, 0.2855684522591004

[2.92863242e+04 5.72125390e-02]
0.057212538950871694, 29286.32417989074, 0.09334028533735225, 0.2855684521128524

[2.92857626e+04 5.72125387e-02]
0.05721253865126994, 29285.762597616056, 0.09334028528620208, 0.28556845239986145

[2.92866937e+04 5.72125408e-02]
0.05721254080641141, 29286.693722583303, 0.09334028598960795, 0.2855684519180421

[2.92865017e+04 5.72125424e-02]
0.05721254236234938, 29286.50168300118, 0.09334028654622223, 0.28556845229850686

[2.92863686e+04 5.72125398e-02]
0.057212539803741115, 29286.36855566835, 0.09334028563853987, 0.28556845175577966

[2.92858070e+04 5.72125395e-02]
0.057212539504139355, 29285.806973393665, 0.09334028552722555, 0.2855684524988783

[2.92864720e+04 5.72125405e-02]
0.0572125404808434, 29286.472035285893, 0.09334028589491342, 0.28556845182766233

[2.92860287e+04 5.72125398e-02]
0.057212539829707365, 29286.028660691074, 0.09334028563322806, 0.285568451793557

[2.92861395e+04 5.72125400e-02]
0.057212539992491374, 29286.139504339782, 0.09334028571144479, 0.285568451965966

[2.92862503e+04 5.72125402e-02]
0.05721254015527538, 29286.250347988484, 0.09334028574577156, 0.2855684523393657

[2.92863021e+04 5.72125405e-02]
0.05721254049382653, 29286.302087797256, 0.09334028588867924, 0.2855684522915604

[2.92861839e+04 5.72125408e-02]
0.0572125408453608, 29286.183880117394, 0.09334028598581544, 0.28556845226075867

[2.92860139e+04 5.72125409e-02]
0.05721254085834393, 29286.013932628757, 0.09334028600531452, 0.28556845211439325

[2.92859622e+04 5.72125405e-02]
0.057212540519792784, 29285.962192819985, 0.09334028589532305, 0.28556845217314153

[2.92860176e+04 5.72125406e-02]
0.05721254060118478, 29286.017614644337, 0.09334028593326313, 0.2855684518851618

[2.92861358e+04 5.72125402e-02]
0.0572125402496505, 29286.135822324202, 0.09334028580372436, 0.2855684524861035

[2.92860444e+04 5.72125407e-02]
0.05721254070617057, 29286.04440505262, 0.09334028593854832, 0.28556845255994756

[2.92860749e+04 5.72125406e-02]
0.057212540553997215, 29286.07487747648, 0.09334028589712906, 0.28556845228277017

[2.92860730e+04 5.72125407e-02]
0.05721254068257679, 29286.07303646869, 0.09334028593365654, 0.2855684522222044

[2.92861303e+04 5.72125406e-02]
0.057212540635389234, 29286.13029930083, 0.0933402859478177, 0.28556845206628356

[2.92861894e+04 5.72125405e-02]
0.0572125404596221, 29286.189403140757, 0.09334028583642633, 0.28556845243114665

[2.92861021e+04 5.72125406e-02]
0.057212540626838115, 29286.102128136707, 0.09334028595825532, 0.285568451617596

[2.92861040e+04 5.72125405e-02]
0.05721254049825854, 29286.103969144497, 0.09334028590762261, 0.285568452444333

[2.92861237e+04 5.72125406e-02]
0.05721254060110656, 29286.123716761744, 0.09334028588834124, 0.2855684517433482

[2.92861106e+04 5.72125405e-02]
0.05721254053254121, 29286.11055168358, 0.0933402858779354, 0.28556845221297833

[2.92861204e+04 5.72125406e-02]
0.05721254058396522, 29286.120425492205, 0.09334028589471377, 0.28556845171724093

[2.92861138e+04 5.72125405e-02]
0.05721254054968255, 29286.11384295312, 0.09334028588355618, 0.2855684518770719

[2.92861188e+04 5.72125406e-02]
0.05721254057539456, 29286.118779857432, 0.09334028590187156, 0.28556845210105225

[2.92861171e+04 5.72125406e-02]
0.057212540566823886, 29286.117134222663, 0.09334028589480665, 0.2855684520591722

[2.92861263e+04 5.72125405e-02]
0.057212540545387436, 29286.12628290041, 0.09334028591605967, 0.2855684523016316

[2.92861230e+04 5.72125405e-02]
0.057212540528246106, 29286.122991630866, 0.09334028591748557, 0.2855684523114352

[2.92861255e+04 5.72125405e-02]
0.0572125405411021, 29286.125460083025, 0.09334028591532621, 0.28556845221460464

[2.92861238e+04 5.72125405e-02]
0.05721254053253144, 29286.123814448252, 0.0933402858891215, 0.28556845225372185

[2.92861250e+04 5.72125405e-02]
0.05721254053895944, 29286.12504867433, 0.09334028592705713, 0.28556845164460304

[2.92861401e+04 5.72125405e-02]
0.05721254047894521, 29286.140054760286, 0.09334028589025303, 0.2855684521092953

[2.92861229e+04 5.72125405e-02]
0.057212540544854217, 29286.12286435707, 0.09334028591909255, 0.28556845180556073

[2.92861343e+04 5.72125405e-02]
0.05721254050091488, 29286.13432462588, 0.09334028587888483, 0.28556845144734855

[2.92861414e+04 5.72125405e-02]
0.05721254046876509, 29286.141416260165, 0.09334028585292388, 0.28556845205792997

[2.92861291e+04 5.72125405e-02]
0.05721254052141085, 29286.12914057079, 0.09334028587906633, 0.28556845327138913

[2.92861332e+04 5.72125405e-02]
0.057212540503862264, 29286.133232467248, 0.0933402858714286, 0.285568452626094

[2.92861286e+04 5.72125405e-02]
0.05721254052288455, 29286.128594491474, 0.09334028586431137, 0.2855684518619003

[2.92861275e+04 5.72125405e-02]
0.05721254052583194, 29286.12750233284, 0.09334028588628737, 0.28556845201561154

[2.92861289e+04 5.72125405e-02]
0.05721254052033953, 29286.128934866447, 0.09334028586948345, 0.28556845190394153

[2.92861318e+04 5.72125405e-02]
0.057212540509354676, 29286.131799933642, 0.09334028588567593, 0.28556845191147967

[2.92861297e+04 5.72125405e-02]
0.057212540517593315, 29286.129651133248, 0.09334028591236081, 0.2855684518314374

[2.92861332e+04 5.72125405e-02]
0.057212540501518416, 29286.13319695039, 0.09334028588681248, 0.28556845178710716

[2.92861357e+04 5.72125405e-02]
0.05721254049073476, 29286.135686125766, 0.09334028586826999, 0.2855684520941039

[2.92861312e+04 5.72125405e-02]
0.05721254051087868, 29286.131159881377, 0.09334028588931781, 0.2855684527319625

[2.92861327e+04 5.72125405e-02]
0.057212540504164036, 29286.132668629507, 0.09334028589224988, 0.2855684520990092

[2.92861309e+04 5.72125405e-02]
0.05721254051220148, 29286.130895720933, 0.09334028591910738, 0.2855684525265487

[2.92861339e+04 5.72125405e-02]
0.05721254049877221, 29286.133913217192, 0.09334028586617331, 0.2855684523608868

[2.92861332e+04 5.72125405e-02]
0.057212540502129525, 29286.133158843124, 0.09334028591862778, 0.28556845212605275

[2.92861317e+04 5.72125405e-02]
0.05721254050884417, 29286.131650095, 0.0933402858745137, 0.2855684525768639

[2.92861328e+04 5.72125405e-02]
0.05721254050380818, 29286.132781656095, 0.09334028588658659, 0.2855684524059773

[2.92861324e+04 5.72125405e-02]
0.057212540505486846, 29286.132404469063, 0.09334028586018972, 0.28556845252869467

[2.92861326e+04 5.72125405e-02]
0.05721254050446959, 29286.13264957587, 0.09334028588623608, 0.2855684524545025


------------------------------------------------------------
Sender: LSF System <lsfadmin@n-62-21-21>
Subject: Job 1735665: <minimize_batch_job_this_is_on_purpose_to_utilize_more_kernel> in cluster <dcc> Done

Job <minimize_batch_job_this_is_on_purpose_to_utilize_more_kernel> was submitted from host <gbarlogin2> by user <s174007> in cluster <dcc> at Sun Jan 13 21:42:33 2019
Job was executed on host(s) <n-62-21-21>, in queue <hpc>, as user <s174007> in cluster <dcc> at Sun Jan 13 21:42:34 2019
</zhome/b0/b/127184> was used as the home directory.
</zhome/b0/b/127184/Documents/Projects/machine-learning-on-materials> was used as the working directory.
Started at Sun Jan 13 21:42:34 2019
Terminated at Mon Jan 14 03:07:14 2019
Results reported at Mon Jan 14 03:07:14 2019

Your job looked like:

------------------------------------------------------------
# LSBATCH: User input
#!/bin/bash
##Kør på cpu
#BSUB -q hpc
##Navn på job
#BSUB -J minimize_batch_job_this_is_on_purpose_to_utilize_more_kernel
##Output fil
#BSUB -o output/minimize/linear_SimpleLarge_compare_batchjobs-%J.out
##Antal kerner
#BSUB -n 1
##Om kernerne må være på forskellige computere
#BSUB -R "span[hosts=1]"
##Ram pr kerne
#BSUB -R "rusage[mem=10GB]"
##Hvor lang tid må den køre hh:mm
#BSUB -W 45:00
##Email når jobbet starter
##og stopper
module purge
module load python3
python3 KRR/minimizer.py linear 1 SimpleLarge compare [100]
------------------------------------------------------------

Successfully completed.

Resource usage summary:

    CPU time :                                   19477.27 sec.
    Max Memory :                                 5210 MB
    Average Memory :                             4895.78 MB
    Total Requested Memory :                     10240.00 MB
    Delta Memory :                               5030.00 MB
    Max Swap :                                   -
    Max Processes :                              4
    Max Threads :                                5
    Run time :                                   19493 sec.
    Turnaround time :                            19481 sec.

The output (if any) is above this job summary.

