Unloaded module: latex/TeXLive12
Loaded module: python3/3.6.2
[10]
[10.0]
[10.  3.]
3.0, 10.0, 0.3463504240232155, 0.3612645439318832

[10.5  3. ]
3.0, 10.5, 0.3463504652654736, 0.3612644140343039

[10.    3.15]
3.1500000000000004, 10.0, 0.3495372549520036, 0.3632631406552752

[10.5   2.85]
2.8499999999999996, 10.5, 0.34300084886554294, 0.3591904507076015

[10.75  2.7 ]
2.6999999999999993, 10.75, 0.33947045437674195, 0.3570343683421158

[11.25  2.7 ]
2.6999999999999993, 11.25, 0.3394704867887438, 0.3570342581855953

[11.875  2.55 ]
2.549999999999999, 11.875, 0.33573812692242266, 0.35478836813317177

[12.125  2.25 ]
2.2499999999999982, 12.125, 0.3275619123215377, 0.3499905790220113

[12.9375  1.875 ]
1.8749999999999973, 12.9375, 0.3156349794038805, 0.3432954650481771

[14.0625  1.725 ]
1.724999999999997, 14.0625, 0.31017073652643934, 0.34034965056309946

[15.71875  1.2375 ]
1.2374999999999954, 15.71875, 0.288334412546031, 0.32935030913797747

[16.78125  0.5625 ]
0.5624999999999938, 16.78125, 0.23646852164407647, 0.3082835588365383

[19.234375 -0.43125 ]
-0.43125000000000924, 19.234375, 15.184110647647081, 14.14935177041213

[19.5625 -0.075 ]
-0.07500000000000817, 19.5625, 10.279238425838669, 11.572173254277363

[14.59375  1.3875 ]
1.387499999999996, 14.59375, 0.29586871580230467, 0.3330051512439653

[17.90625  0.4125 ]
0.4124999999999932, 17.90625, 0.21649953580979692, 0.30211563726452595

[19.5625 -0.075 ]
-0.07500000000000817, 19.5625, 10.279238425838669, 11.572173254277363

[18.96875 -0.2625 ]
-0.2625000000000084, 18.96875, 9.538887391045456, 9.882391217729873

[16.53125  0.8625 ]
0.8624999999999945, 16.53125, 0.26451775030918684, 0.318781828851682

[18.15625  0.1125 ]
0.1124999999999925, 18.15625, 0.14253069794449932, 0.2888684225263127

[18.96875 -0.2625 ]
-0.2625000000000086, 18.96875, 9.538887391045456, 9.882391217729873

[19.28125 -0.0375 ]
-0.03750000000000808, 19.28125, 6.917405788415474, 8.022984064883053

[17.40625  0.4125 ]
0.4124999999999933, 17.40625, 0.2164995318703296, 0.3021156580539168

[18.65625  0.1125 ]
0.11249999999999238, 18.65625, 0.1425307002933335, 0.2888684121843068

[19.28125 -0.0375 ]
-0.03750000000000808, 19.28125, 6.917405788415474, 8.022984064883053

[18.90625 -0.1875 ]
-0.18750000000000833, 18.90625, 81.30789621390632, 68.87329818011746

[18.15625  0.2625 ]
0.26249999999999285, 18.15625, 0.1885518591519821, 0.29532840549616823

[18.65625 -0.0375 ]
-0.03750000000000797, 18.65625, 6.917403933155427, 8.022981952091673

[18.28125  0.1875 ]
0.18749999999999264, 18.28125, 0.16907809366286647, 0.2918759657918014

[18.53125  0.0375 ]
0.037499999999992234, 18.53125, 0.10161176979698341, 0.2883865153510677

[18.65625 -0.0375 ]
-0.03750000000000797, 18.65625, 6.917403933155427, 8.022981952091673

[19.03125  0.0375 ]
0.03749999999999212, 19.03125, 0.10161177112649245, 0.2883865092830063

[ 1.94687500e+01 -8.04911693e-15]
-8.049116928532385e-15, 19.46875, 34.439188372444285, 34.96739904488955

[18.90625 -0.0375 ]
-0.03750000000000803, 18.90625, 6.917404688730169, 8.022982812723667

[18.71875  0.075  ]
0.07499999999999228, 18.71875, 0.12465767838534987, 0.28798147819807

[19.21875  0.075  ]
0.07499999999999217, 19.21875, 0.12465768028140406, 0.28798147012801023

[19.5625   0.09375]
0.09374999999999215, 19.5625, 0.134112812930663, 0.28833241113957286

[18.90625  0.1125 ]
0.11249999999999233, 18.90625, 0.14253070142112745, 0.2888684072182801

[19.       0.05625]
0.056249999999992174, 19.0, 0.11391653280256377, 0.2879273272368368

[19.5      0.05625]
0.05624999999999207, 19.5, 0.11391653441168968, 0.2879273203527669

[19.890625  0.046875]
0.04687499999999198, 19.890625, 0.10797465959962368, 0.2880718134176929

[19.28125  0.0375 ]
0.03749999999999208, 19.28125, 0.10161177176543354, 0.2883865063671648

[19.234375  0.065625]
0.06562499999999215, 19.234375, 0.11946548340400727, 0.2879073514309227

[19.734375  0.065625]
0.06562499999999205, 19.734375, 0.11946548509748528, 0.287907344231702

[20.1015625  0.0703125]
0.07031249999999199, 20.1015625, 0.12210387750012569, 0.2879341361410399

[19.46875  0.075  ]
0.07499999999999214, 19.46875, 0.12465768119288131, 0.287981466248862

[19.4921875  0.0609375]
0.06093749999999209, 19.4921875, 0.11673791692363522, 0.2879039361308016

[19.9921875  0.0609375]
0.060937499999992, 19.9921875, 0.1167379185160628, 0.28790392934715126

[20.37109375  0.05859375]
0.05859374999999192, 20.37109375, 0.11533924308493007, 0.2879120289866163

[19.75     0.05625]
0.05624999999999203, 19.75, 0.11391653518577212, 0.2879273170403888

[19.73828125  0.06328125]
0.06328124999999205, 19.73828125, 0.11811313879841163, 0.2879025164978281

[20.23828125  0.06328125]
0.06328124999999196, 20.23828125, 0.11811314038043602, 0.28790250976838605

[20.61132812  0.06445312]
0.06445312499999188, 20.611328125, 0.11879213764970824, 0.2879041644308207

[19.984375  0.065625]
0.06562499999999201, 19.984375, 0.11946548591246722, 0.2879073407670997

[19.99023438  0.06210937]
0.062109374999992, 19.990234375, 0.11742842477911666, 0.2879024139135776

[20.49023438  0.06210937]
0.06210937499999192, 20.490234375, 0.11742842630826078, 0.28790240740529843

[20.86621094  0.06152344]
0.06152343749999184, 20.8662109375, 0.11708390273352154, 0.2879029551815477

[20.2421875  0.0609375]
0.060937499999991956, 20.2421875, 0.11673791928279399, 0.2879039260812475

[20.23925781  0.06269531]
0.06269531249999197, 20.2392578125, 0.1177715023538898, 0.28790226181407286

[20.73925781  0.06269531]
0.06269531249999188, 20.7392578125, 0.11777150385278419, 0.28790225543584624

[21.11376953  0.06298828]
0.06298828124999184, 21.11376953125, 0.11794250322774326, 0.28790232563155754

[20.48828125  0.06328125]
0.06328124999999193, 20.48828125, 0.11811314114240846, 0.28790250652652444

[20.48974609  0.06240234]
0.06240234374999192, 20.48974609375, 0.11760014512552115, 0.28790228297628734

[20.48876953  0.06298828]
0.06298828124999192, 20.48876953125, 0.11794250140574065, 0.28790233338348586

[20.48950195  0.06254883]
0.06254882812499192, 20.489501953125, 0.11768586915176366, 0.28790225832941674

[20.98950195  0.06254883]
0.06254882812499182, 20.989501953125, 0.11768587061306085, 0.2879022521111415

[21.36462402  0.06247559]
0.06247558593749175, 21.3646240234375, 0.11764302091667449, 0.28790225684751386

[21.23925781  0.06269531]
0.06269531249999179, 21.2392578125, 0.1177715052810826, 0.28790224935818504

[21.61413574  0.06276855]
0.06276855468749173, 21.6141357421875, 0.11781428956101846, 0.2879022544108762

[21.48950195  0.06254883]
0.06254882812499174, 21.489501953125, 0.11768587200635257, 0.28790224618238985

[21.86462402  0.06247559]
0.06247558593749167, 21.8646240234375, 0.1176430222612885, 0.28790225112579715

[21.73925781  0.06269531]
0.06269531249999169, 21.7392578125, 0.11777150664376104, 0.2879022435598482

[22.11413574  0.06276855]
0.06276855468749162, 22.1141357421875, 0.11781429087805753, 0.28790224880674037

[21.98950195  0.06254883]
0.06254882812499164, 21.989501953125, 0.11768587333630984, 0.2879022405227001

[22.36462402  0.06247559]
0.06247558593749156, 22.3646240234375, 0.11764302354578242, 0.28790224565937184

[22.23925781  0.06269531]
0.0626953124999916, 22.2392578125, 0.11777150794509315, 0.287902238022566

[22.61413574  0.06276855]
0.06276855468749154, 22.6141357421875, 0.11781429213687572, 0.2879022434503913

[22.48950195  0.06254883]
0.06254882812499155, 22.489501953125, 0.11768587460709873, 0.287902235114639

[22.86462402  0.06247559]
0.062475585937491473, 22.8646240234375, 0.11764302477396404, 0.2879022404319333

[22.73925781  0.06269531]
0.06269531249999151, 22.7392578125, 0.11777150918921932, 0.2879022327287492

[23.11413574  0.06276855]
0.06276855468749146, 23.1141357421875, 0.11781429334117313, 0.28790223832620776

[22.98950195  0.06254883]
0.06254882812499146, 22.989501953125, 0.11768587582268838, 0.2879022299421185

[23.36462402  0.06247559]
0.06247558593749139, 23.3646240234375, 0.11764302594981065, 0.2879022354284294

[23.23925781  0.06269531]
0.06269531249999141, 23.2392578125, 0.11777151037985195, 0.2879022276629282

[23.61413574  0.06276855]
0.06276855468749135, 23.6141357421875, 0.11781429449457685, 0.2879022334190336

[23.48950195  0.06254883]
0.06254882812499137, 23.489501953125, 0.1176858769865321, 0.28790222498987517

[23.86462402  0.06247559]
0.06247558593749128, 23.8646240234375, 0.11764302707634114, 0.28790223063519493

[23.73925781  0.06269531]
0.06269531249999133, 23.7392578125, 0.11777151152030481, 0.28790222281015426

[24.11413574  0.06276855]
0.06276855468749126, 24.1141357421875, 0.11781429560007631, 0.28790222871524573

[23.98950195  0.06254883]
0.06254882812499127, 23.989501953125, 0.11768587810179416, 0.2879022202438783

[24.36462402  0.06247559]
0.062475585937491196, 24.3646240234375, 0.11764302815656862, 0.28790222603809584

[24.23925781  0.06269531]
0.06269531249999123, 24.2392578125, 0.11777151261372112, 0.28790221815742206

[24.61413574  0.06276855]
0.06276855468749118, 24.6141357421875, 0.11781429666068301, 0.28790222420243355

[24.48950195  0.06254883]
0.06254882812499118, 24.489501953125, 0.1176858791715861, 0.2879022156920349

[24.86462402  0.06247559]
0.06247558593749111, 24.8646240234375, 0.11764302919337934, 0.2879022216259936

[24.73925781  0.06269531]
0.06269531249999113, 24.7392578125, 0.11777151366290384, 0.28790221369317526

[25.11413574  0.06276855]
0.06276855468749107, 25.1141357421875, 0.11781429767909614, 0.28790221986925135

[24.98950195  0.06254883]
0.06254882812499109, 24.989501953125, 0.1176858801984899, 0.2879022113216475

[25.36462402  0.06247559]
0.062475585937491, 25.3646240234375, 0.11764303018927352, 0.28790221738751565

[25.23925781  0.06269531]
0.06269531249999105, 25.2392578125, 0.11777151467056783, 0.2879022094053288

[25.61413574  0.06276855]
0.06276855468749098, 25.6141357421875, 0.11781429865771784, 0.28790221570529734

[25.48950195  0.06254883]
0.06254882812499099, 25.489501953125, 0.11768588118511739, 0.2879022071231962

[25.86462402  0.06247559]
0.06247558593749092, 25.8646240234375, 0.1176430311468232, 0.28790221331327476

[25.73925781  0.06269531]
0.06269531249999095, 25.7392578125, 0.11777151563910167, 0.2879022052845306

[26.11413574  0.06276855]
0.0627685546874909, 26.1141357421875, 0.11781429959883317, 0.28790221170061625

[25.98950195  0.06254883]
0.06254882812499091, 25.989501953125, 0.11768588213383446, 0.28790220308592884

[26.36462402  0.06247559]
0.062475585937490835, 26.3646240234375, 0.11764303206786132, 0.2879022093935906

[26.23925781  0.06269531]
0.06269531249999086, 26.2392578125, 0.11777151657069637, 0.2879022013204112

[26.61413574  0.06276855]
0.06276855468749079, 26.6141357421875, 0.1178143005046861, 0.28790220784641796

[26.48950195  0.06254883]
0.06254882812499081, 26.489501953125, 0.11768588304677385, 0.287902199201142

[26.86462402  0.06247559]
0.062475585937490724, 26.8646240234375, 0.11764303295473745, 0.2879022056198943

[26.73925781  0.06269531]
0.06269531249999077, 26.7392578125, 0.1177715174674251, 0.28790219750513124

[27.11413574  0.06276855]
0.06276855468749071, 27.1141357421875, 0.11781430137704435, 0.2879022041351221

[26.98950195  0.06254883]
0.06254882812499071, 26.989501953125, 0.1176858839257985, 0.28790219546097917

[27.36462402  0.06247559]
0.06247558593749064, 27.3646240234375, 0.11764303380913972, 0.2879022019836514

[27.23925781  0.06269531]
0.06269531249999068, 27.2392578125, 0.11777151833129854, 0.28790219382957233

[27.61413574  0.06276855]
0.06276855468749062, 27.6141357421875, 0.1178143022178591, 0.28790220055763927

[27.48950195  0.06254883]
0.06254882812499063, 27.489501953125, 0.11768588477294213, 0.2879021918559393

[27.86462402  0.06247559]
0.06247558593749056, 27.8646240234375, 0.11764303463295081, 0.2879021984787739

[27.73925781  0.06269531]
0.06269531249999058, 27.7392578125, 0.11777151916393946, 0.28790219028572145

[28.11413574  0.06276855]
0.06276855468749051, 28.1141357421875, 0.11781430302872542, 0.28790219710696535

[27.98950195  0.06254883]
0.06254882812499053, 27.989501953125, 0.11768588558969202, 0.28790218838082704

[28.36462402  0.06247559]
0.06247558593749045, 28.3646240234375, 0.11764303542769859, 0.28790219509666537

[28.23925781  0.06269531]
0.0626953124999905, 28.2392578125, 0.11777151996724707, 0.2879021868683508

[28.61413574  0.06276855]
0.06276855468749043, 28.6141357421875, 0.1178143038113541, 0.2879021937774716

[28.48950195  0.06254883]
0.06254882812499044, 28.489501953125, 0.1176858863779188, 0.28790218502646514

[28.86462402  0.06247559]
0.06247558593749036, 28.8646240234375, 0.11764303619494051, 0.28790219183128724

[28.73925781  0.06269531]
0.0626953124999904, 28.7392578125, 0.11777152074246379, 0.2879021835699776

[29.11413574  0.06276855]
0.06276855468749035, 29.1141357421875, 0.11781430456703285, 0.28790219056192723

[28.98950195  0.06254883]
0.06254882812499035, 28.989501953125, 0.11768588713890651, 0.2879021817887772

[29.36462402  0.06247559]
0.06247558593749028, 29.3646240234375, 0.11764303693596316, 0.28790218867834944

[29.23925781  0.06269531]
0.0626953124999903, 29.2392578125, 0.11777152149124062, 0.28790218038351245

[29.61413574  0.06276855]
0.06276855468749024, 29.6141357421875, 0.11781430529726114, 0.2879021874558974

[29.48950195  0.06254883]
0.06254882812499026, 29.489501953125, 0.11768588787410503, 0.2879021786599049

[29.86462402  0.06247559]
0.06247558593749017, 29.8646240234375, 0.11764303765229141, 0.28790218563012465

[29.73925781  0.06269531]
0.06269531249999022, 29.7392578125, 0.11777152221485525, 0.2879021773044966

[30.11413574  0.06276855]
0.06276855468749015, 30.1141357421875, 0.11781430600310892, 0.28790218445215016

[29.98950195  0.06254883]
0.06254882812499016, 29.989501953125, 0.11768588858472688, 0.28790217563660686

[30.36462402  0.06247559]
0.062475585937490086, 30.3646240234375, 0.11764303834493078, 0.28790218268272477

[30.23925781  0.06269531]
0.06269531249999012, 30.2392578125, 0.11777152291452588, 0.28790217432809323

[30.61413574  0.06276855]
0.06276855468749007, 30.6141357421875, 0.11781430668598773, 0.28790218154681974

[30.48950195  0.06254883]
0.06254882812499007, 30.489501953125, 0.11768588927206063, 0.2879021727109746

[30.86462402  0.06247559]
0.06247558593749, 30.8646240234375, 0.11764303901522061, 0.28790217983033506

[30.73925781  0.06269531]
0.06269531249999002, 30.7392578125, 0.11777152359139169, 0.2879021714482502

[31.11413574  0.06276855]
0.06276855468748996, 31.1141357421875, 0.11781430734693703, 0.2879021787344846

[30.98950195  0.06254883]
0.06254882812498998, 30.989501953125, 0.11768588993733942, 0.2879021698809174

[31.36462402  0.06247559]
0.06247558593748989, 31.3646240234375, 0.11764303966408696, 0.28790217706964616

[31.23925781  0.06269531]
0.06269531249998994, 31.2392578125, 0.11777152424664719, 0.2879021686598227

[31.61413574  0.06276855]
0.06276855468748987, 31.6141357421875, 0.11781430798693508, 0.2879021760118559

[31.48950195  0.06254883]
0.06254882812498988, 31.489501953125, 0.11768589058129374, 0.28790216714044303

[31.86462402  0.06247559]
0.06247558593748981, 31.8646240234375, 0.11764304029250566, 0.28790217439481075

[31.73925781  0.06269531]
0.06269531249998984, 31.7392578125, 0.11777152488125307, 0.28790216596105817

[32.11413574  0.06276855]
0.06276855468748979, 32.1141357421875, 0.11781430860711263, 0.28790217337369356

[31.98950195  0.06254883]
0.0625488281249898, 31.989501953125, 0.11768589120528523, 0.2879021644857745

[32.36462402  0.06247559]
0.062475585937489725, 32.3646240234375, 0.11764304090159654, 0.2879021718026695

[32.23925781  0.06269531]
0.06269531249998975, 32.2392578125, 0.11777152549614611, 0.2879021633433486

[32.61413574  0.06276855]
0.06276855468748968, 32.6141357421875, 0.11781430920820682, 0.28790217081608405

[32.48950195  0.06254883]
0.0625488281249897, 32.489501953125, 0.11768589180996794, 0.2879021619119573

[32.86462402  0.06247559]
0.062475585937489614, 32.8646240234375, 0.11764304149223077, 0.2879021692906472

[32.73925781  0.06269531]
0.06269531249998966, 32.7392578125, 0.117771526092293, 0.28790216080685593

[33.11413574  0.06276855]
0.0627685546874896, 33.1141357421875, 0.11781430979103581, 0.28790216833592264

[32.98950195  0.06254883]
0.0625488281249896, 32.989501953125, 0.11768589239634702, 0.2879021594169137

[33.36462402  0.06247559]
0.06247558593748953, 33.3646240234375, 0.11764304206507367, 0.2879021668520583

[33.23925781  0.06269531]
0.06269531249998957, 33.2392578125, 0.11777152667048975, 0.287902158346902

[33.61413574  0.06276855]
0.06276855468748951, 33.6141357421875, 0.11781431035662646, 0.2879021659292882

[33.48950195  0.06254883]
0.06254882812498952, 33.489501953125, 0.11768589296521713, 0.28790215699633437

[33.86462402  0.06247559]
0.06247558593748945, 33.8646240234375, 0.11764304262098879, 0.2879021644865538

[33.73925781  0.06269531]
0.06269531249998947, 33.7392578125, 0.11777152723150136, 0.2879021559599246

[34.11413574  0.06276855]
0.0627685546874894, 34.1141357421875, 0.11781431090561495, 0.28790216359315307

[33.98950195  0.06254883]
0.06254882812498942, 33.989501953125, 0.11768589351739885, 0.2879021546464596

[34.36462402  0.06247559]
0.062475585937489336, 34.3646240234375, 0.11764304316073858, 0.28790216218993603

[34.23925781  0.06269531]
0.06269531249998939, 34.2392578125, 0.11777152777613678, 0.28790215364277777

[34.61413574  0.06276855]
0.06276855468748932, 34.6141357421875, 0.11781431143881967, 0.2879021613251342

[34.48950195  0.06254883]
0.06254882812498933, 34.489501953125, 0.11768589405356901, 0.2879021523654367

[34.86462402  0.06247559]
0.06247558593748925, 34.8646240234375, 0.11764304368506871, 0.2879021599592508

[34.73925781  0.06269531]
0.06269531249998929, 34.7392578125, 0.11777152830525155, 0.2879021513920291

[35.11413574  0.06276855]
0.06276855468748924, 35.1141357421875, 0.11781431195673456, 0.2879021591215577

[34.98950195  0.06254883]
0.06254882812498924, 34.989501953125, 0.11768589457435115, 0.2879021501492986

[35.36462402  0.06247559]
0.06247558593748917, 35.3646240234375, 0.11764304419450207, 0.28790215779076483

[35.23925781  0.06269531]
0.06269531249998919, 35.2392578125, 0.11777152881921615, 0.2879021492045845

[35.61413574  0.06276855]
0.06276855468748913, 35.6141357421875, 0.11781431246017249, 0.2879021569801883

[35.48950195  0.06254883]
0.06254882812498914, 35.489501953125, 0.11768589508051042, 0.28790214799595537

[35.86462402  0.06247559]
0.06247558593748906, 35.8646240234375, 0.11764304468982958, 0.2879021556830518

[35.73925781  0.06269531]
0.06269531249998911, 35.7392578125, 0.11777152931874317, 0.2879021470787891

[36.11413574  0.06276855]
0.06276855468748904, 36.1141357421875, 0.11781431294968185, 0.28790215489727633

[35.98950195  0.06254883]
0.06254882812498905, 35.989501953125, 0.11768589557263906, 0.28790214590251706

[36.36462402  0.06247559]
0.062475585937488975, 36.3646240234375, 0.11764304517145317, 0.2879021536339508

[36.23925781  0.06269531]
0.06269531249998901, 36.2392578125, 0.11777152980473643, 0.28790214501173295

[36.61413574  0.06276855]
0.06276855468748896, 36.6141357421875, 0.117814313425744, 0.28790215287070253

[36.48950195  0.06254883]
0.06254882812498896, 36.489501953125, 0.11768589605112585, 0.2879021438653102

[36.86462402  0.06247559]
0.06247558593748889, 36.8646240234375, 0.11764304564003811, 0.28790215163994953

[36.73925781  0.06269531]
0.06269531249998891, 36.7392578125, 0.11777153027720517, 0.28790214300159367

[37.11413574  0.06276855]
0.06276855468748885, 37.1141357421875, 0.11781431388907591, 0.28790215090019283

[36.98950195  0.06254883]
0.06254882812498887, 36.989501953125, 0.11768589651684899, 0.287902141883728

[37.36462402  0.06247559]
0.06247558593748878, 37.3646240234375, 0.11764304609604516, 0.2879021496991701

[37.23925781  0.06269531]
0.06269531249998883, 37.2392578125, 0.1177715307371115, 0.2879021410445067

[37.61413574  0.06276855]
0.06276855468748876, 37.6141357421875, 0.11781431434007548, 0.2879021489811093

[37.48950195  0.06254883]
0.06254882812498877, 37.489501953125, 0.11768589697010146, 0.2879021399551549

[37.86462402  0.06247559]
0.0624755859374887, 37.8646240234375, 0.11764304654004483, 0.2879021478100733

[37.73925781  0.06269531]
0.06269531249998873, 37.7392578125, 0.11777153118479543, 0.28790213913953844

[38.11413574  0.06276855]
0.06276855468748868, 38.1141357421875, 0.11781431477921558, 0.2879021471129936

[37.98950195  0.06254883]
0.06254882812498869, 37.989501953125, 0.11768589741139061, 0.28790213807807996

[38.36462402  0.06247559]
0.062475585937488615, 38.3646240234375, 0.11764304697239905, 0.2879021459712306

[38.23925781  0.06269531]
0.06269531249998864, 38.2392578125, 0.11777153162080353, 0.2879021372837696

[38.61413574  0.06276855]
0.06276855468748857, 38.6141357421875, 0.11781431520695919, 0.28790214529312774

[38.48950195  0.06254883]
0.06254882812498859, 38.489501953125, 0.11768589784131159, 0.28790213624901334

[38.86462402  0.06247559]
0.062475585937488504, 38.8646240234375, 0.11764304739374908, 0.28790214417717575

[38.73925781  0.06269531]
0.06269531249998855, 38.7392578125, 0.11777153204561991, 0.2879021354767357

[39.11413574  0.06276855]
0.06276855468748849, 39.1141357421875, 0.11781431562378637, 0.28790214351902843

[38.98950195  0.06254883]
0.06254882812498849, 38.989501953125, 0.11768589826004701, 0.28790213446713064

[39.36462402  0.06247559]
0.06247558593748842, 39.3646240234375, 0.11764304780432382, 0.2879021424302806

[39.23925781  0.06269531]
0.06269531249998846, 39.2392578125, 0.1177715324595025, 0.2879021337161734

[39.61413574  0.06276855]
0.0627685546874884, 39.6141357421875, 0.11781431603013304, 0.28790214179116574

[39.48950195  0.06254883]
0.06254882812498841, 39.489501953125, 0.11768589866832574, 0.2879021327294202

[39.86462402  0.06247559]
0.06247558593748834, 39.8646240234375, 0.1176430482045683, 0.28790214072614295

[39.73925781  0.06269531]
0.06269531249998836, 39.7392578125, 0.11777153286310205, 0.28790213199950193

[40.11413574  0.06276855]
0.06276855468748829, 40.1141357421875, 0.11781431642632953, 0.28790214010608955

[39.98950195  0.06254883]
0.06254882812498831, 39.989501953125, 0.11768589906624553, 0.28790213103629414

[40.36462402  0.06247559]
0.062475585937488226, 40.3646240234375, 0.11764304859495318, 0.28790213906584233

[40.23925781  0.06269531]
0.06269531249998828, 40.2392578125, 0.11777153325656191, 0.287902130324987

[40.61413574  0.06276855]
0.06276855468748821, 40.6141357421875, 0.11781431681283258, 0.28790213846163204

[40.48950195  0.06254883]
0.06254882812498821, 40.489501953125, 0.11768589945435835, 0.2879021293842022

[40.86462402  0.06247559]
0.06247558593748814, 40.8646240234375, 0.11764304897584295, 0.28790213744572235

[40.73925781  0.06269531]
0.06269531249998818, 40.7392578125, 0.11777153364042782, 0.2879021286927808

[41.11413574  0.06276855]
0.06276855468748813, 41.1141357421875, 0.11781431718978054, 0.2879021368565862

[40.98950195  0.06254883]
0.06254882812498813, 40.989501953125, 0.11768589983312437, 0.2879021277734242

[41.36462402  0.06247559]
0.06247558593748806, 41.3646240234375, 0.11764304934752742, 0.2879021358643693

[41.23925781  0.06269531]
0.06269531249998808, 41.2392578125, 0.11777153401484491, 0.2879021270977004

[41.61413574  0.06276855]
0.06276855468748802, 41.6141357421875, 0.11781431755781063, 0.2879021352913975

[41.48950195  0.06254883]
0.06254882812498803, 41.489501953125, 0.11768590020270851, 0.2879021262007883

[41.86462402  0.06247559]
0.06247558593748795, 41.8646240234375, 0.11764304971024751, 0.28790213432026845

[41.73925781  0.06269531]
0.062695312499988, 41.7392578125, 0.1177715343805057, 0.2879021255433212

[42.11413574  0.06276855]
0.06276855468748793, 42.1141357421875, 0.11781431791698299, 0.2879021337632771

[41.98950195  0.06254883]
0.06254882812498794, 41.989501953125, 0.11768590056344908, 0.28790212466553944

[42.36462402  0.06247559]
0.062475585937487865, 42.3646240234375, 0.11764305006437598, 0.28790213281347354

[42.23925781  0.06269531]
0.0626953124999879, 42.2392578125, 0.11777153473743554, 0.28790212402488874

[42.61413574  0.06276855]
0.06276855468748785, 42.6141357421875, 0.11781431826772809, 0.2879021322708687

[42.48950195  0.06254883]
0.06254882812498785, 42.489501953125, 0.11768590091577158, 0.28790212316573194

[42.86462402  0.06247559]
0.06247558593748778, 42.8646240234375, 0.11764305041036194, 0.28790213134112036

[42.73925781  0.06269531]
0.0626953124999878, 42.7392578125, 0.11777153508590552, 0.2879021225418784

[43.11413574  0.06276855]
0.06276855468748774, 43.1141357421875, 0.11781431861055687, 0.2879021308128569

[42.98950195  0.06254883]
0.06254882812498776, 42.989501953125, 0.11768590125987148, 0.2879021217029952

[43.36462402  0.06247559]
0.06247558593748767, 43.3646240234375, 0.11764305074828776, 0.287902129903903

[43.23925781  0.06269531]
0.06269531249998772, 43.2392578125, 0.1177715354263958, 0.28790212109308405

[43.61413574  0.06276855]
0.06276855468748765, 43.6141357421875, 0.11781431894529912, 0.28790212938833815

[43.48950195  0.06254883]
0.06254882812498766, 43.489501953125, 0.11768590159600967, 0.2879021202714862

[43.86462402  0.06247559]
0.06247558593748759, 43.8646240234375, 0.11764305107850581, 0.28790212849893193

[43.73925781  0.06269531]
0.06269531249998762, 43.7392578125, 0.11777153575908689, 0.2879021196769495

[44.11413574  0.06276855]
0.06276855468748757, 44.1141357421875, 0.11781431927244441, 0.2879021279968435

[43.98950195  0.06254883]
0.06254882812498758, 43.989501953125, 0.11768590192471043, 0.2879021188742263

[44.36462402  0.06247559]
0.062475585937487504, 44.3646240234375, 0.11764305140126392, 0.2879021271252373

[44.23925781  0.06269531]
0.06269531249998753, 44.2392578125, 0.11777153608425263, 0.2879021182942485

[44.61413574  0.06276855]
0.06276855468748746, 44.6141357421875, 0.11781431959244726, 0.2879021266342486

[44.48950195  0.06254883]
0.06254882812498748, 44.489501953125, 0.1176859022457694, 0.2879021175082967

[44.86462402  0.06247559]
0.06247558593748739, 44.8646240234375, 0.1176430517168913, 0.28790212578172986

[44.73925781  0.06269531]
0.06269531249998744, 44.7392578125, 0.11777153640220693, 0.2879021169414544

[45.11413574  0.06276855]
0.06276855468748738, 45.1141357421875, 0.11781431990522968, 0.2879021253048209

[44.98950195  0.06254883]
0.06254882812498738, 44.989501953125, 0.11768590255979464, 0.2879021161704429

[45.36462402  0.06247559]
0.06247558593748731, 45.3646240234375, 0.11764305202554382, 0.28790212446855656

[45.23925781  0.06269531]
0.06269531249998735, 45.2392578125, 0.1177715367130719, 0.28790211561821605

[45.61413574  0.06276855]
0.0627685546874873, 45.6141357421875, 0.11781432021117506, 0.2879021240027644

[45.48950195  0.06254883]
0.0625488281249873, 45.489501953125, 0.11768590286694451, 0.28790211486496203

[45.86462402  0.06247559]
0.06247558593748723, 45.8646240234375, 0.11764305232748397, 0.2879021231843271

[45.73925781  0.06269531]
0.06269531249998725, 45.7392578125, 0.11777153701723293, 0.2879021143243783

[46.11413574  0.06276855]
0.06276855468748718, 46.1141357421875, 0.11781432051036342, 0.28790212272882093

[45.98950195  0.06254883]
0.0625488281249872, 45.989501953125, 0.11768590316733038, 0.28790211358670376

[46.36462402  0.06247559]
0.062475585937487116, 46.3646240234375, 0.11764305262289777, 0.287902121927426

[46.23925781  0.06269531]
0.06269531249998717, 46.2392578125, 0.11777153731460835, 0.287902113059118

[46.61413574  0.06276855]
0.0627685546874871, 46.6141357421875, 0.11781432080331487, 0.2879021214837014

[46.48950195  0.06254883]
0.0625488281249871, 46.489501953125, 0.11768590346135246, 0.28790211233577695

[46.86462402  0.06247559]
0.06247558593748703, 46.8646240234375, 0.11764305291195287, 0.287902120697212

[46.73925781  0.06269531]
0.06269531249998707, 46.7392578125, 0.11777153760582205, 0.28790211182099834

[47.11413574  0.06276855]
0.06276855468748702, 47.1141357421875, 0.11781432109007281, 0.28790212026376466

[46.98950195  0.06254883]
0.06254882812498702, 46.989501953125, 0.1176859037490978, 0.28790211111046693

[47.36462402  0.06247559]
0.06247558593748695, 47.3646240234375, 0.11764305319502665, 0.2879021194929265

[47.23925781  0.06269531]
0.06269531249998697, 47.2392578125, 0.11777153789082287, 0.2879021106080489

[47.61413574  0.06276855]
0.0627685546874869, 47.6141357421875, 0.11781432137062514, 0.28790211906978513

[47.48950195  0.06254883]
0.06254882812498692, 47.489501953125, 0.11768590403075377, 0.2879021099125123

[47.86462402  0.06247559]
0.06247558593748684, 47.8646240234375, 0.11764305347209925, 0.2879021183137405

[47.73925781  0.06269531]
0.06269531249998689, 47.7392578125, 0.11777153816989683, 0.28790210942043304

[48.11413574  0.06276855]
0.06276855468748682, 48.1141357421875, 0.11781432164541375, 0.2879021179011825

[47.98950195  0.06254883]
0.06254882812498683, 47.989501953125, 0.11768590430647709, 0.28790210873915345

[48.36462402  0.06247559]
0.062475585937486755, 48.3646240234375, 0.11764305374332726, 0.2879021171584854

[48.23925781  0.06269531]
0.06269531249998679, 48.2392578125, 0.11777153844306953, 0.287902108258176

[48.61413574  0.06276855]
0.06276855468748674, 48.6141357421875, 0.11781432191457722, 0.28790211675529526

[48.48950195  0.06254883]
0.06254882812498674, 48.489501953125, 0.11768590457653504, 0.2879021075894382

[48.86462402  0.06247559]
0.06247558593748667, 48.8646240234375, 0.11764305400920144, 0.28790211602871196

[48.73925781  0.06269531]
0.0626953124999867, 48.7392578125, 0.11777153871068714, 0.2879021071192562

[49.11413574  0.06276855]
0.06276855468748663, 49.1141357421875, 0.1178143221783335, 0.28790211563330087

[48.98950195  0.06254883]
0.06254882812498665, 48.989501953125, 0.11768590484120312, 0.2879021064644244

[49.36462402  0.06247559]
0.06247558593748656, 49.3646240234375, 0.1176430542696075, 0.2879021149200885

[49.23925781  0.06269531]
0.06269531249998661, 49.2392578125, 0.11777153897295224, 0.287902106004219

[49.61413574  0.06276855]
0.06276855468748654, 49.6141357421875, 0.11781432243677156, 0.2879021145333963

[49.48950195  0.06254883]
0.06254882812498655, 49.489501953125, 0.11768590510051717, 0.2879021053607842

[49.86462402  0.06247559]
0.06247558593748648, 49.8646240234375, 0.11764305452485266, 0.28790211383293424

[49.73925781  0.06269531]
0.06269531249998651, 49.7392578125, 0.11777153922983971, 0.2879021049109472

[50.11413574  0.06276855]
0.06276855468748646, 50.1141357421875, 0.11781432268990377, 0.2879021134575763

[49.98950195  0.06254883]
0.06254882812498647, 49.989501953125, 0.11768590535447844, 0.28790210427998536

[50.36462402  0.06247559]
0.062475585937486394, 50.3646240234375, 0.1176430547750177, 0.2879021127696647

[50.23925781  0.06269531]
0.06269531249998642, 50.2392578125, 0.11777153948180753, 0.2879021038396075

[50.61413574  0.06276855]
0.06276855468748635, 50.6141357421875, 0.11781432293819907, 0.287902112401081

[50.48950195  0.06254883]
0.06254882812498637, 50.489501953125, 0.117685905603515, 0.2879021032204764

[50.86462402  0.06247559]
0.06247558593748628, 50.8646240234375, 0.11764305502017518, 0.2879021117262524

[50.73925781  0.06269531]
0.06269531249998633, 50.7392578125, 0.11777153972851287, 0.28790210278866885

[51.11413574  0.06276855]
0.06276855468748627, 51.1141357421875, 0.11781432318150774, 0.28790211136546456

[50.98950195  0.06254883]
0.06254882812498627, 50.989501953125, 0.11768590584774391, 0.28790210218228346

[51.36462402  0.06247559]
0.0624755859374862, 51.3646240234375, 0.11764305526067435, 0.28790211070418514

[51.23925781  0.06269531]
0.06269531249998624, 51.2392578125, 0.11777153997055438, 0.28790210175955877

[51.61413574  0.06276855]
0.06276855468748618, 51.6141357421875, 0.1178143234200899, 0.2879021103504186

[51.48950195  0.06254883]
0.06254882812498619, 51.489501953125, 0.11768590608703344, 0.28790210116328846

[51.86462402  0.06247559]
0.06247558593748612, 51.8646240234375, 0.11764305549646493, 0.2879021097004958

[51.73925781  0.06269531]
0.06269531249998614, 51.7392578125, 0.11777154020783093, 0.28790210074973194

[52.11413574  0.06276855]
0.06276855468748607, 52.1141357421875, 0.11781432365419861, 0.2879021093543097

[51.98950195  0.06254883]
0.06254882812498609, 51.989501953125, 0.11768590632181541, 0.28790210016319745

[52.36462402  0.06247559]
0.062475585937486006, 52.3646240234375, 0.11764305572780208, 0.28790210871551747

[52.23925781  0.06269531]
0.06269531249998606, 52.2392578125, 0.11777154044069772, 0.28790209975902253

[52.61413574  0.06276855]
0.06276855468748599, 52.6141357421875, 0.11781432388380414, 0.28790210837761615

[52.48950195  0.06254883]
0.062548828124986, 52.489501953125, 0.11768590655229295, 0.28790209918421783

[52.86462402  0.06247559]
0.06247558593748592, 52.8646240234375, 0.1176430559545379, 0.28790210775065833

[52.73925781  0.06269531]
0.06269531249998596, 52.7392578125, 0.1177715406691176, 0.28790209878754797

[53.11413574  0.06276855]
0.0627685546874859, 53.1141357421875, 0.117814324108986, 0.28790210741854383

[52.98950195  0.06254883]
0.06254882812498591, 52.989501953125, 0.11768590677826196, 0.2879020982222189

[53.36462402  0.06247559]
0.06247558593748584, 53.3646240234375, 0.11764305617733409, 0.28790210680175565

[53.23925781  0.06269531]
0.06269531249998586, 53.2392578125, 0.11777154089317476, 0.2879020978333508

[53.61413574  0.06276855]
0.0627685546874858, 53.6141357421875, 0.11781432433019545, 0.2879021064775202

[53.48950195  0.06254883]
0.06254882812498581, 53.489501953125, 0.11768590700003546, 0.287902097278613

[53.86462402  0.06247559]
0.06247558593748573, 53.8646240234375, 0.11764305639583829, 0.28790210587169235

[53.73925781  0.06269531]
0.06269531249998578, 53.7392578125, 0.11777154111304122, 0.28790209689720453

[54.11413574  0.06276855]
0.06276855468748571, 54.1141357421875, 0.11781432454720825, 0.2879021055537904

[53.98950195  0.06254883]
0.06254882812498572, 53.989501953125, 0.11768590721743456, 0.28790209635239183

[54.36462402  0.06247559]
0.062475585937485645, 54.3646240234375, 0.11764305661033281, 0.28790210495980784

[54.23925781  0.06269531]
0.06269531249998568, 54.2392578125, 0.11777154132896905, 0.2879020959798616

[54.61413574  0.06276855]
0.06276855468748563, 54.6141357421875, 0.11781432476025035, 0.2879021046483662

[54.48950195  0.06254883]
0.06254882812498563, 54.489501953125, 0.11768590743119474, 0.2879020954435773

[54.86462402  0.06247559]
0.06247558593748556, 54.8646240234375, 0.11764305682100781, 0.28790210406398664

[54.73925781  0.06269531]
0.06269531249998558, 54.7392578125, 0.11777154154098957, 0.28790209507718956

[55.11413574  0.06276855]
0.06276855468748552, 55.1141357421875, 0.11781432496939039, 0.28790210375935227

[54.98950195  0.06254883]
0.06254882812498554, 54.989501953125, 0.11768590764102149, 0.2879020945516791

[55.36462402  0.06247559]
0.06247558593748545, 55.3646240234375, 0.11764305702781044, 0.28790210318405696

[55.23925781  0.06269531]
0.0626953124999855, 55.2392578125, 0.11777154174904103, 0.287902094191979

[55.61413574  0.06276855]
0.06276855468748543, 55.6141357421875, 0.11781432517485657, 0.2879021028849466

[55.48950195  0.06254883]
0.06254882812498544, 55.489501953125, 0.11768590784698466, 0.2879020936744665

[55.86462402  0.06247559]
0.06247558593748537, 55.8646240234375, 0.1176430572309155, 0.287902102319702

[55.73925781  0.06269531]
0.0626953124999854, 55.7392578125, 0.11777154195340074, 0.2879020933225957

[56.11413574  0.06276855]
0.06276855468748535, 56.1141357421875, 0.11781432537658786, 0.28790210202571304

[55.98950195  0.06254883]
0.06254882812498536, 55.989501953125, 0.11768590804933737, 0.2879020928142947

[56.36462402  0.06247559]
0.062475585937485284, 56.3646240234375, 0.11764305743031196, 0.2879021014699598

[56.23925781  0.06269531]
0.0626953124999853, 56.2392578125, 0.11777154215421029, 0.28790209246886045

[56.61413574  0.06276855]
0.06276855468748524, 56.6141357421875, 0.11781432557478791, 0.28790210118235987

[56.48950195  0.06254883]
0.06254882812498526, 56.489501953125, 0.117685908247922, 0.2879020919688195

[56.86462402  0.06247559]
0.06247558593748517, 56.8646240234375, 0.11764305762640043, 0.2879021006368389

[56.73925781  0.06269531]
0.06269531249998522, 56.7392578125, 0.11777154235131167, 0.2879020916298827

[57.11413574  0.06276855]
0.06276855468748516, 57.1141357421875, 0.11781432576945844, 0.2879021003555691

[56.98950195  0.06254883]
0.06254882812498516, 56.989501953125, 0.11768590844324626, 0.28790209113744

[57.36462402  0.06247559]
0.06247558593748509, 57.3646240234375, 0.11764305781889504, 0.2879020998171758

[57.23925781  0.06269531]
0.06269531249998513, 57.2392578125, 0.11777154254514481, 0.28790209080564927

[57.61413574  0.06276855]
0.06276855468748507, 57.6141357421875, 0.11781432596081408, 0.28790209954119655

[57.48950195  0.06254883]
0.06254882812498508, 57.489501953125, 0.11768590863514727, 0.28790209032225655

[57.86462402  0.06247559]
0.062475585937485006, 57.8646240234375, 0.11764305800829604, 0.2879020990113455

[57.73925781  0.06269531]
0.06269531249998503, 57.7392578125, 0.11777154273550401, 0.28790208999657196

[58.11413574  0.06276855]
0.06276855468748496, 58.1141357421875, 0.1178143261488665, 0.2879020987410991

[57.98950195  0.06254883]
0.06254882812498498, 57.989501953125, 0.11768590882352388, 0.287902089519691

[58.36462402  0.06247559]
0.062475585937484895, 58.3646240234375, 0.11764305819420033, 0.28790209822119706

[58.23925781  0.06269531]
0.06269531249998495, 58.2392578125, 0.11777154292272002, 0.2879020891995512

[58.61413574  0.06276855]
0.06276855468748488, 58.6141357421875, 0.11781432633371056, 0.2879020979544399

[58.48950195  0.06254883]
0.06254882812498488, 58.489501953125, 0.11768590900901059, 0.2879020887313212

[58.86462402  0.06247559]
0.06247558593748481, 58.8646240234375, 0.11764305837699958, 0.287902097443218

[58.73925781  0.06269531]
0.06269531249998485, 58.7392578125, 0.11777154310648873, 0.2879020884165864

[59.11413574  0.06276855]
0.0627685546874848, 59.1141357421875, 0.11781432651541889, 0.2879020971818022

[58.98950195  0.06254883]
0.0625488281249848, 58.989501953125, 0.11768590919108073, 0.28790208795627686

[59.36462402  0.06247559]
0.06247558593748473, 59.3646240234375, 0.11764305855676786, 0.28790209667788064

[59.23925781  0.06269531]
0.06269531249998475, 59.2392578125, 0.11777154328740104, 0.2879020876485928

[59.61413574  0.06276855]
0.06276855468748468, 59.6141357421875, 0.11781432669402289, 0.28790209642218373

[59.48950195  0.06254883]
0.0625488281249847, 59.489501953125, 0.11768590937028645, 0.287902087194273

[59.86462402  0.06247559]
0.06247558593748462, 59.8646240234375, 0.11764305873366807, 0.2879020959264443

[59.73925781  0.06269531]
0.06269531249998467, 59.7392578125, 0.11777154346516301, 0.28790208689115115

[60.11413574  0.06276855]
0.0627685546874846, 60.1141357421875, 0.11781432686971112, 0.28790209567303676

[59.98950195  0.06254883]
0.0625488281249846, 59.989501953125, 0.11768590954633827, 0.2879020864441214

[60.36462402  0.06247559]
0.062475585937484535, 60.3646240234375, 0.11764305890749763, 0.2879020951865798

[60.23925781  0.06269531]
0.06269531249998457, 60.2392578125, 0.11777154364009873, 0.2879020861471789

[60.61413574  0.06276855]
0.06276855468748452, 60.6141357421875, 0.11781432704246747, 0.28790209493947916

[60.48950195  0.06254883]
0.06254882812498452, 60.489501953125, 0.11768590971957577, 0.2879020857071427

[60.86462402  0.06247559]
0.06247558593748445, 60.8646240234375, 0.11764305907845027, 0.2879020944579937

[60.73925781  0.06269531]
0.06269531249998447, 60.7392578125, 0.11777154381206117, 0.28790208541590206

[61.11413574  0.06276855]
0.0627685546874844, 61.1141357421875, 0.11781432721257713, 0.2879020942159759

[60.98950195  0.06254883]
0.06254882812498443, 60.989501953125, 0.1176859098900774, 0.2879020849812177

[61.36462402  0.06247559]
0.06247558593748434, 61.3646240234375, 0.11764305924658713, 0.2879020937425972

[61.23925781  0.06269531]
0.06269531249998439, 61.2392578125, 0.11777154398114534, 0.2879020846963532

[61.61413574  0.06276855]
0.06276855468748432, 61.6141357421875, 0.11781432737973141, 0.2879020935041113

[61.48950195  0.06254883]
0.06254882812498433, 61.489501953125, 0.11768591005748479, 0.2879020842691647

[61.86462402  0.06247559]
0.06247558593748426, 61.8646240234375, 0.11764305941208147, 0.2879020930385915

[61.73925781  0.06269531]
0.0626953124999843, 61.7392578125, 0.11777154414757424, 0.2879020839882803

[62.11413574  0.06276855]
0.06276855468748424, 62.1141357421875, 0.11781432754410986, 0.28790209280455686

[61.98950195  0.06254883]
0.06254882812498425, 61.989501953125, 0.11768591022241379, 0.287902083567285

[62.36462402  0.06247559]
0.062475585937484174, 62.3646240234375, 0.11764305957491573, 0.28790209234606445

[62.23925781  0.06269531]
0.0626953124999842, 62.2392578125, 0.11777154431124674, 0.2879020832905886

[62.61413574  0.06276855]
0.06276855468748413, 62.6141357421875, 0.1178143277060468, 0.28790209211640844

[62.48950195  0.06254883]
0.06254882812498415, 62.489501953125, 0.11768591038474928, 0.2879020828770482

[6.28646240e+01 6.24755859e-02]
0.06247558593748406, 62.8646240234375, 0.11764305973516395, 0.28790209166480374

[6.27392578e+01 6.26953125e-02]
0.06269531249998411, 62.7392578125, 0.11777154447260041, 0.28790208260596406

[6.31141357e+01 6.27685547e-02]
0.06276855468748405, 63.1141357421875, 0.11781432786539815, 0.28790209143876205


------------------------------------------------------------
Sender: LSF System <lsfadmin@n-62-21-90>
Subject: Job 1708340: <minimize_batch_job_this_is_on_purpose_to_utilize_more_kernel> in cluster <dcc> Done

Job <minimize_batch_job_this_is_on_purpose_to_utilize_more_kernel> was submitted from host <gbarlogin2> by user <s174007> in cluster <dcc> at Thu Jan 10 17:20:37 2019
Job was executed on host(s) <n-62-21-90>, in queue <hpc>, as user <s174007> in cluster <dcc> at Thu Jan 10 17:20:38 2019
</zhome/b0/b/127184> was used as the home directory.
</zhome/b0/b/127184/Documents/Projects/machine-learning-on-materials> was used as the working directory.
Started at Thu Jan 10 17:20:38 2019
Terminated at Thu Jan 10 22:40:42 2019
Results reported at Thu Jan 10 22:40:42 2019

Your job looked like:

------------------------------------------------------------
# LSBATCH: User input
#!/bin/bash
##Kør på cpu
#BSUB -q hpc
##Navn på job
#BSUB -J minimize_batch_job_this_is_on_purpose_to_utilize_more_kernel
##Output fil
#BSUB -o output/minimize/linear_SimpleLarge_faulty_batchjobs-%J.out
##Antal kerner
#BSUB -n 1
##Om kernerne må være på forskellige computere
#BSUB -R "span[hosts=1]"
##Ram pr kerne
#BSUB -R "rusage[mem=10GB]"
##Hvor lang tid må den køre hh:mm
#BSUB -W 45:00
##Email når jobbet starter
##og stopper
module purge
module load python3
python3 KRR/minimizer.py linear 3 SimpleLarge faulty [10]
------------------------------------------------------------

Successfully completed.

Resource usage summary:

    CPU time :                                   19201.95 sec.
    Max Memory :                                 2523 MB
    Average Memory :                             2226.39 MB
    Total Requested Memory :                     10240.00 MB
    Delta Memory :                               7717.00 MB
    Max Swap :                                   -
    Max Processes :                              4
    Max Threads :                                5
    Run time :                                   19208 sec.
    Turnaround time :                            19205 sec.

The output (if any) is above this job summary.

