Unloaded module: latex/TeXLive12
Loaded module: python3/3.6.2
[-10000]
[-10000.0]
[-1.e+04  1.e-02]
0.01, -10000.0, 0.07696800959449233, 0.28139785388247374

[-1.05e+04  1.00e-02]
0.01, -10500.0, 0.07696800958037794, 0.2813978526719295

[-1.00e+04  1.05e-02]
0.0105, -10000.0, 0.07704357899374167, 0.28137319394319227

[-1.05e+04  1.05e-02]
0.0105, -10500.0, 0.07704357898199435, 0.2813731933896381

[-1.075e+04  1.075e-02]
0.01075, -10750.0, 0.0770822271734627, 0.28136109195618025

[-1.025e+04  1.125e-02]
0.011249999999999998, -10250.0, 0.0771611987788151, 0.28133733140119327

[-1.0125e+04  1.1875e-02]
0.011875, -10125.0, 0.07726295257022417, 0.281308434916242

[-1.0875e+04  1.2125e-02]
0.012124999999999999, -10875.0, 0.07730456897604468, 0.2812971182961414

[-1.13125e+04  1.29375e-02]
0.012937499999999994, -11312.5, 0.07744329149540342, 0.2812612730447643

[-1.06875e+04  1.40625e-02]
0.014062499999999995, -10687.5, 0.07764369137353816, 0.28121388172865613

[-1.065625e+04  1.571875e-02]
0.015718749999999997, -10656.25, 0.07795491043913043, 0.28114852566868836

[-1.184375e+04  1.678125e-02]
0.01678124999999999, -11843.75, 0.07816385239640256, 0.2811091771568523

[-1.2703125e+04  1.9234375e-02]
0.019234374999999984, -12703.125, 0.07867094441716795, 0.2810253433018454

[-1.2046875e+04  2.2015625e-02]
0.022015624999999987, -12046.875, 0.0792820801208916, 0.2809409528180501

[-1.24140625e+04  2.65546875e-02]
0.026554687499999986, -12414.0625, 0.08034606881231528, 0.2808241129461187

[-1.44609375e+04  3.00703125e-02]
0.030070312499999974, -14460.9375, 0.08121469736453957, 0.280748843082119

[-1.63632812e+04  3.72460937e-02]
0.03724609374999996, -16363.28125, 0.08307295967973442, 0.28062906211145194

[-1.60742188e+04  4.45664062e-02]
0.044566406249999954, -16074.21875, 0.08504479011490955, 0.2805448953238441

[-1.77597656e+04  5.72324219e-02]
0.05723242187499994, -17759.765625, 0.08853816759019728, 0.28046820138384765

[-2.17089844e+04  6.79238281e-02]
0.06792382812499992, -21708.984375, 0.09149915384970289, 0.2804553509626251

[-2.63564453e+04  8.86083984e-02]
0.08860839843749989, -26356.4453125, 0.09712378820391515, 0.28052744327066914

[-2.31054688e+04  8.79101562e-02]
0.0879101562499999, -23105.46875, 0.09693729329448961, 0.28052332115173173

[-2.14199219e+04  7.52441406e-02]
0.07524414062499991, -21419.921875, 0.09351085409187058, 0.28046803450630625

[-2.53691406e+04  8.59355469e-02]
0.08593554687499988, -25369.140625, 0.09640844770183106, 0.28051223206952386

[-1.96621094e+04  6.44082031e-02]
0.06440820312499992, -19662.109375, 0.09052736546469257, 0.28045513458660415

[-1.99511719e+04  5.70878906e-02]
0.05708789062499993, -19951.171875, 0.08849808346578496, 0.2804686667910679

[-2.10527344e+04  7.07050781e-02]
0.07070507812499992, -21052.734375, 0.09226562086531569, 0.2804583089841036

[-2.03183594e+04  6.16269531e-02]
0.061626953124999925, -20318.359375, 0.08975690194517237, 0.2804579424628828

[-2.05019531e+04  6.38964844e-02]
0.06389648437499992, -20501.953125, 0.09038569861903975, 0.2804554472638594

[-2.08691406e+04  6.84355469e-02]
0.06843554687499992, -20869.140625, 0.09164034696213628, 0.280455715888471

[-2.059375e+04  6.503125e-02]
0.06503124999999993, -20593.75, 0.09069978697793803, 0.28045487426323085

[-1.8546875e+04  6.1515625e-02]
0.061515624999999935, -18546.875, 0.08972604056101788, 0.28045811215063643

[-2.09184570e+04  6.63217773e-02]
0.06632177734374992, -20918.45703125, 0.09105667029396837, 0.28045474799613734

[-2.18500977e+04  6.69448242e-02]
0.06694482421874992, -21850.09765625, 0.09122883163356038, 0.28045488451623085

[-2.13031006e+04  6.63106689e-02]
0.06631066894531241, -21303.1005859375, 0.09105359997688216, 0.2804547474983134

[-2.16278076e+04  6.76011963e-02]
0.06760119628906242, -21627.8076171875, 0.09141009659373474, 0.2804551633873834

[-2.08522644e+04  6.56737366e-02]
0.06567373657226555, -20852.264404296875, 0.09087750612284082, 0.2804547423241649

[-2.12369080e+04  6.56626282e-02]
0.06566262817382804, -21236.907958984375, 0.09087443416149107, 0.28045474322271

[-2.07860718e+04  6.50256958e-02]
0.06502569580078117, -20786.07177734375, 0.09069825025821393, 0.28045487495363053

[-2.11738434e+04  6.59894257e-02]
0.0659894256591796, -21173.843383789062, 0.09096479676762509, 0.2804547274679881

[-2.07891998e+04  6.60005341e-02]
0.0660005340576171, -20789.199829101562, 0.09096786789737907, 0.28045472807756827

[-2.11107788e+04  6.63162231e-02]
0.06631622314453117, -21110.77880859375, 0.09105513513022598, 0.28045474821485833

[-2.09168930e+04  6.58343582e-02]
0.06583435821533196, -20916.893005371094, 0.09092192210941281, 0.28045473119219677

[-2.10461502e+04  6.61556015e-02]
0.06615560150146477, -21046.15020751953, 0.09101073670067354, 0.28045473388888276

[-2.09492073e+04  6.59146690e-02]
0.06591466903686516, -20949.207305908203, 0.0909441279375674, 0.28045472848596614

[-2.10138359e+04  6.60752907e-02]
0.06607529067993156, -21013.835906982422, 0.09098853524155777, 0.2804547299835858

[-2.09653645e+04  6.59548244e-02]
0.06595482444763176, -20965.364456176758, 0.09095523033249561, 0.28045472832170576

