Unloaded module: latex/TeXLive12
Loaded module: python3/3.6.2
[-10000]
[-10000.0]
[-1.e+04  1.e+00]
1.0, -10000.0, 0.209578864224818, 0.29784616834734834

[-1.05e+04  1.00e+00]
1.0, -10500.0, 0.20957886419832392, 0.29784616849766593

[-1.00e+04  1.05e+00]
1.05, -10000.0, 0.21269561700093997, 0.29874847965224005

[-1.05e+04  9.50e-01]
0.95, -10500.0, 0.2063206673946945, 0.2969286871093054

[-1.075e+04  9.000e-01]
0.8999999999999999, -10750.0, 0.20290823321062076, 0.2959959192875429

[-1.025e+04  9.000e-01]
0.8999999999999999, -10250.0, 0.20290823323248935, 0.2959959191781715

[-1.0125e+04  8.5000e-01]
0.8499999999999996, -10125.0, 0.1993269661148356, 0.2950478358932262

[-1.0875e+04  7.5000e-01]
0.7499999999999996, -10875.0, 0.19158831326890757, 0.29310623334256425

[-1.13125e+04  6.25000e-01]
0.6249999999999991, -11312.5, 0.18060443876317317, 0.29059868073800504

[-1.06875e+04  5.75000e-01]
0.5749999999999988, -10687.5, 0.17570977550512615, 0.2895736891424541

[-1.065625e+04  4.125000e-01]
0.4124999999999983, -10656.25, 0.15714670701479522, 0.28619157835918724

[-1.184375e+04  1.875000e-01]
0.18749999999999778, -11843.75, 0.12051191981131813, 0.2817701434640933

[-1.2703125e+04 -1.4375000e-01]
-0.14375000000000315, -12703.125, 1.6667431564089348, 1.7710378029769867

[-1.11875e+04 -2.50000e-02]
-0.02500000000000302, -11187.5, 0.444775691150052, 0.7022528505299928

[-1.128125e+04  4.625000e-01]
0.4624999999999986, -11281.25, 0.16336098056134363, 0.28723591962831646

[-1.121875e+04  1.375000e-01]
0.1374999999999975, -11218.75, 0.10943838666173562, 0.28101521979550553

[-1.11875e+04 -2.50000e-02]
-0.02500000000000302, -11187.5, 0.444775691150052, 0.7022528505299928

[-1.240625e+04 -8.750000e-02]
-0.08750000000000302, -12406.25, 4.010365406926582, 4.894775534680965

[-1.109375e+04  2.875000e-01]
0.287499999999998, -11093.75, 0.1389470752797561, 0.2836284330618233

[-1.196875e+04  3.750000e-02]
0.03749999999999731, -11968.75, 0.083140313776112, 0.28062555191952604

[-1.240625e+04 -8.750000e-02]
-0.08750000000000302, -12406.25, 4.010365406926582, 4.894775534680965

[-1.134375e+04 -1.250000e-02]
-0.012500000000002953, -11343.75, 0.23969157568692415, 0.5545179168273524

[-1.171875e+04  1.375000e-01]
0.1374999999999976, -11718.75, 0.10943838665523385, 0.28101521980362104

[-1.146875e+04  3.750000e-02]
0.03749999999999723, -11468.75, 0.08314031376220347, 0.2806255523046948

[-1.221875e+04 -6.250000e-02]
-0.06250000000000297, -12218.75, 1.1659912583818088, 1.4126903859587947

[-1.146875e+04  8.750000e-02]
0.08749999999999739, -11468.75, 0.09682761865830491, 0.2805209481411145

[-1.196875e+04  8.750000e-02]
0.08749999999999747, -11968.75, 0.09682761863004824, 0.2805209482880211

[-1.146875e+04  1.375000e-01]
0.13749999999999754, -11468.75, 0.10943838665141865, 0.28101521976911853

[-1.184375e+04  6.250000e-02]
0.06249999999999737, -11843.75, 0.08999887163470564, 0.2804567655890907

[-1.134375e+04  6.250000e-02]
0.06249999999999728, -11343.75, 0.08999887162547324, 0.28045676570026806

[-1.171875e+04  3.750000e-02]
0.03749999999999726, -11718.75, 0.08314031377109331, 0.2806255526125554

[-1.153125e+04  7.500000e-02]
0.07499999999999735, -11531.25, 0.09344407824431769, 0.2804673636582512

[-1.165625e+04  5.000000e-02]
0.0499999999999973, -11656.25, 0.08653625768071165, 0.2805025416634387

[-1.15625e+04  6.87500e-02]
0.06874999999999734, -11562.5, 0.09172707414406021, 0.2804559802942731

[-1.20625e+04  6.87500e-02]
0.06874999999999742, -12062.5, 0.09172707415224424, 0.2804559800892818

[-1.2421875e+04  7.1875000e-02]
0.0718749999999975, -12421.875, 0.09258729392003281, 0.2804602505759198

[-1.178125e+04  7.500000e-02]
0.0749999999999974, -11781.25, 0.09344407824299544, 0.2804673634571063

[-1.1828125e+04  6.5625000e-02]
0.06562499999999738, -11828.125, 0.09086402816349169, 0.28045474738093784

[-1.2328125e+04  6.5625000e-02]
0.06562499999999746, -12328.125, 0.09086402816264932, 0.2804547472524903

[-1.27109375e+04  6.40625000e-02]
0.06406249999999752, -12710.9375, 0.0904316643803204, 0.2804553357358463

[-1.209375e+04  6.250000e-02]
0.06249999999999742, -12093.75, 0.0899988716126526, 0.28045676561209354

[-1.20703125e+04  6.71875000e-02]
0.06718749999999743, -12070.3125, 0.09129586237312362, 0.2804549714577945

[-1.20859375e+04  6.40625000e-02]
0.06406249999999741, -12085.9375, 0.09043166439244193, 0.28045533573191206

[-1.20742188e+04  6.64062500e-02]
0.06640624999999742, -12074.21875, 0.09108001746073464, 0.2804547597411351

[-1.20820312e+04  6.48437500e-02]
0.06484374999999742, -12082.03125, 0.09064790638144124, 0.28045493840366714

[-1.20761719e+04  6.60156250e-02]
0.06601562499999741, -12076.171875, 0.09097204012258102, 0.2804547283581536

[-1.25761719e+04  6.60156250e-02]
0.0660156249999975, -12576.171875, 0.09097204012903218, 0.28045472832482393

[-1.29501953e+04  6.62109375e-02]
0.06621093749999757, -12950.1953125, 0.09102603320403167, 0.2804547377524538

