Unloaded module: latex/TeXLive12
Loaded module: python3/3.6.2
[5]
[5.0]
[5. 5.]
5.0, 5.0, 0.2834282000935126, 0.31610123135484675

[5.25 5.  ]
5.0, 5.25, 0.28342873910338995, 0.3161007034668976

[5.   5.25]
5.25, 5.0, 0.2860053451460812, 0.31750298501509644

[5.25 4.75]
4.75, 5.25, 0.2807190123206283, 0.3146522856349626

[5.375 4.5  ]
4.5, 5.375, 0.27786250826743036, 0.31315353857306255

[5.625 4.5  ]
4.5, 5.625, 0.27786295793166904, 0.31315317306706575

[5.9375 4.25  ]
4.25, 5.9375, 0.27484276994473594, 0.31160039666257583

[6.0625 3.75  ]
3.75, 6.0625, 0.2682261391131153, 0.30831628102214054

[6.46875 3.125  ]
3.125, 6.46875, 0.2585840035129099, 0.3038205462820985

[7.03125 2.875  ]
2.875, 7.03125, 0.2541743792802498, 0.3018803000141148

[7.859375 2.0625  ]
2.0625, 7.859375, 0.2366319413271491, 0.2948894314908309

[8.390625 0.9375  ]
0.9375, 8.390625, 0.1958326691282469, 0.2831343149386037

[ 9.6171875 -0.71875  ]
-0.71875, 9.6171875, 4.654556177083603, 5.357434088667814

[ 9.78125 -0.125  ]
-0.125, 9.78125, 20.197505916406154, 34.45684924385476

[7.296875 2.3125  ]
2.3125, 7.296875, 0.24266705340601435, 0.2971632093922596

[8.953125 0.6875  ]
0.6875, 8.953125, 0.1805881264977831, 0.2803708301123826

[ 9.78125 -0.125  ]
-0.125, 9.78125, 20.197505916406154, 34.45684924385476

[ 9.484375 -0.4375  ]
-0.4375, 9.484375, 22.09794682987729, 26.773859305898668

[8.265625 1.4375  ]
1.4375, 8.265625, 0.21771365687307978, 0.28865520082076834

[9.078125 0.1875  ]
0.1875, 9.078125, 0.12732917844089303, 0.2783892998100147

[ 9.484375 -0.4375  ]
-0.4375, 9.484375, 22.09794682987729, 26.773859305898668

[ 9.640625 -0.0625  ]
-0.0625, 9.640625, 8.025258202872866, 15.732712072327123

[8.703125 0.6875  ]
0.6875, 8.703125, 0.18058804192134592, 0.2803707311931052

[8.828125 0.1875  ]
0.1875, 8.828125, 0.1273291395049828, 0.2783892480789582

[ 8.765625 -0.0625  ]
-0.0625, 8.765625, 8.02524920686979, 15.732691341156174

[ 9.203125 -0.3125  ]
-0.3125, 9.203125, 31.615644324377193, 42.1830048338445

[8.828125 0.4375  ]
0.4375, 8.828125, 0.15982531654731788, 0.2780922952594527

[8.578125 0.4375  ]
0.4375, 8.578125, 0.15982524617360647, 0.27809220340748947

[8.328125 0.5625  ]
0.5625, 8.328125, 0.1711262999061147, 0.27911430718597846

[8.578125 0.6875  ]
0.6875, 8.578125, 0.1805879977894488, 0.2803706795769762

[8.765625 0.3125  ]
0.3125, 8.765625, 0.14581036177405643, 0.2775899642385671

[8.515625 0.3125  ]
0.3125, 8.515625, 0.1458103026696453, 0.27758988479854824

[8.359375 0.25    ]
0.25, 8.359375, 0.13730291455288432, 0.27773329062697993

[8.703125 0.1875  ]
0.1875, 8.703125, 0.12732911919942225, 0.27838922110086606

[8.609375 0.375   ]
0.375, 8.609375, 0.15323555376120135, 0.2777466025640359

[8.671875 0.25    ]
0.25, 8.671875, 0.13730298054484608, 0.2777333795404189

[8.65625 0.28125]
0.28125, 8.65625, 0.14171167640335877, 0.2776143014486627

[8.625   0.34375]
0.34375, 8.625, 0.14964048254120216, 0.2776391720925166

[8.6484375 0.296875 ]
0.296875, 8.6484375, 0.14379694432175827, 0.27759175308408934

[8.6328125 0.328125 ]
0.328125, 8.6328125, 0.14775671921325118, 0.2776064171360617

[8.64453125 0.3046875 ]
0.3046875, 8.64453125, 0.14481230597976658, 0.27758840793718054

[8.39453125 0.3046875 ]
0.3046875, 8.39453125, 0.14481224611669377, 0.27758832740561445

[8.20898438 0.30078125]
0.30078125, 8.208984375, 0.14430672407050638, 0.2775893108582216

[8.5234375 0.296875 ]
0.296875, 8.5234375, 0.14379691532344502, 0.2775917140445406

[8.51757812 0.30859375]
0.30859375, 8.517578125, 0.14531341867433611, 0.2775885372410302

[8.52148438 0.30078125]
0.30078125, 8.521484375, 0.14430680107728563, 0.27758941449308583

[8.51855469 0.30664062]
0.306640625, 8.5185546875, 0.14506338449570555, 0.27758830317285665

[8.26855469 0.30664062]
0.306640625, 8.2685546875, 0.1450633225835406, 0.2775882199023349

[8.08056641 0.30761719]
0.3076171875, 8.08056640625, 0.1451884241448573, 0.2775882337087777

[8.39257812 0.30859375]
0.30859375, 8.392578125, 0.14531338805297167, 0.2775884960649319

[8.39404297 0.30566406]
0.3056640625, 8.39404296875, 0.14493793487408885, 0.27758825709949425

[8.14404297 0.30566406]
0.3056640625, 8.14404296875, 0.14493787121078697, 0.27758817146474074

[7.95678711 0.30517578]
0.30517578125, 7.956787109375, 0.14487501036038425, 0.2775881295618389

[7.83129883 0.30615234]
0.30615234375, 7.831298828125, 0.1450005289658039, 0.2775880496954835

[7.54992676 0.30639648]
0.306396484375, 7.5499267578125, 0.14503179234528604, 0.27758794170021966

[7.23815918 0.30493164]
0.304931640625, 7.2381591796875, 0.14484336293418335, 0.27758785784964096

[6.72296143 0.30407715]
0.3040771484375, 6.72296142578125, 0.14473303934898513, 0.2775877185819916

[6.31610107 0.30529785]
0.3052978515625, 6.31610107421875, 0.1448901517823523, 0.2775873579217174

[5.49575806 0.30535889]
0.30535888671875, 5.495758056640625, 0.14489759407284322, 0.27758680194930496

[4.66879272 0.30303955]
0.30303955078125, 4.668792724609375, 0.14459788755521183, 0.27758640657001127

[3.22822571 0.30136108]
0.301361083984375, 3.2282257080078125, 0.14437879824444308, 0.2775847253596482

[2.00102234 0.30264282]
0.302642822265625, 2.0010223388671875, 0.14454165868985472, 0.2775799119314053

[-0.3599472   0.30192566]
0.3019256591796875, -0.35994720458984375, 0.1445076784923878, 0.2776594906287649

[-0.26651001  0.29864502]
0.29864501953125, -0.266510009765625, 0.14409903735616675, 0.27768561424854976

[4.05519104 0.30368042]
0.303680419921875, 4.0551910400390625, 0.1446801397456413, 0.2775855114041924

[1.17405701 0.30032349]
0.300323486328125, 1.1740570068359375, 0.1442347708729456, 0.27757279034561966

[-0.26651001  0.29864502]
0.29864501953125, -0.266510009765625, 0.14409903735616675, 0.27768561424854976

[-0.05314636  0.30160522]
0.301605224609375, -0.0531463623046875, 0.1448630173283894, 0.27819862215656754

[2.40788269 0.30142212]
0.301422119140625, 2.4078826904296875, 0.14438491131088294, 0.2775822692091552

[0.76719666 0.30154419]
0.301544189453125, 0.7671966552734375, 0.1443857588564828, 0.2775620617810151

[-0.05314636  0.30160522]
0.301605224609375, -0.0531463623046875, 0.1448630173283894, 0.27819862215656754

[-0.05976868  0.29922485]
0.299224853515625, -0.0597686767578125, 0.14448679510237597, 0.27810912863832254

[1.48582458 0.30178833]
0.301788330078125, 1.4858245849609375, 0.14442802004937605, 0.2775762217688126

[0.45542908 0.30007935]
0.300079345703125, 0.4554290771484375, 0.1441808397708147, 0.27754311628915096

[-0.05976868  0.29922485]
0.299224853515625, -0.0597686767578125, 0.14448679510237597, 0.27810912863832254

[0.04856873 0.30130005]
0.301300048828125, 0.0485687255859375, 0.14410925954741083, 0.27723565789951654

[-0.51417542  0.30178833]
0.301788330078125, -0.5141754150390625, 0.1444743169551572, 0.2776385616189637

[-0.26319885  0.29983521]
0.299835205078125, -0.2631988525390625, 0.14425534651097668, 0.2776864221124365

[0.50959778 0.30111694]
0.301116943359375, 0.5095977783203125, 0.1443194646450242, 0.277547660426338

[-0.00559998  0.30026245]
0.300262451171875, -0.0055999755859375, 0.15319764034108632, 0.29092916536145197

[0.38079834 0.30090332]
0.3009033203125, 0.38079833984375, 0.14428101750044117, 0.27753337644120774

[-0.02606201  0.30212402]
0.3021240234375, -0.02606201171875, 0.1458490814795608, 0.2794621361355637

[0.3350563  0.30059052]
0.30059051513671875, 0.3350563049316406, 0.14423469369723954, 0.2775258996945215

[0.00282669 0.30098724]
0.30098724365234375, 0.002826690673828125, 0.14375182607409606, 0.2768822465378659

[-0.18615913  0.30102921]
0.3010292053222656, -0.1861591339111328, 0.1444422150202589, 0.27772851829780454

[-0.28366089  0.30169678]
0.30169677734375, -0.283660888671875, 0.1444922540531073, 0.2776788037145263

[0.18037701 0.30086708]
0.30086708068847656, 0.18037700653076172, 0.1442316805705033, 0.2774735378613217

[-0.12898159  0.30142021]
0.3014202117919922, -0.1289815902709961, 0.14454373589037872, 0.2777970328690717

[0.10303736 0.30100536]
0.30100536346435547, 0.10303735733032227, 0.14419228492636002, 0.27739679586391636

[-0.05164194  0.30128193]
0.3012819290161133, -0.05164194107055664, 0.1448383902271844, 0.2782224630851959

[0.06436753 0.3010745 ]
0.3010745048522949, 0.06436753273010254, 0.14413170805723627, 0.2773042133744017

[-0.01297212  0.30121279]
0.30121278762817383, -0.012972116470336914, 0.15364874018400979, 0.29063423068085437

[0.04503262 0.30110908]
0.30110907554626465, 0.045032620429992676, 0.14406950252925835, 0.2772160110337846

[-0.00070941  0.30079627]
0.3007962703704834, -0.0007094144821166992, 0.14410335361414706, 0.2774739600385991

[0.03624919 0.3011741 ]
0.3011741042137146, 0.03624919056892395, 0.14403238857580167, 0.27715613963726493

[-0.00595674  0.30105227]
0.3010522723197937, -0.005956739187240601, 0.15695318053452276, 0.29626096872184066

[0.03228528 0.30109487]
0.3010948747396469, 0.03228528052568436, 0.1439967005685642, 0.277122986254934

[-0.00113722  0.30090801]
0.30090801417827606, -0.0011372193694114685, 0.1442335536253511, 0.2776485915571705

[0.02690259 0.30110758]
0.30110758170485497, 0.026902588084340096, 0.1439573398893228, 0.277069707467214

[-0.002556    0.30099995]
0.3009999506175518, -0.002556001767516136, 0.1449138104535408, 0.2786450393297695

[0.02357496 0.30107114]
0.30107114370912313, 0.023574959952384233, 0.14392275853163458, 0.2770312533356137

[-0.00050094  0.30095081]
0.3009508056566119, -0.000500937458127737, 0.1440767314963349, 0.2774022805430985

[0.02005171 0.30106839]
0.3010683876927942, 0.020051706698723137, 0.14388635815347522, 0.27698523202621295

[-0.00069656  0.30098449]
0.3009844876360148, -0.0006965625798329711, 0.14412526056961514, 0.2774693518826427

[0.01750708 0.30104948]
0.30104947969084606, 0.017507079319329932, 0.14385484328402934, 0.2769485885709043

[2.82063294e-04 3.00968336e-01]
0.3009683356503956, 0.00028206329443491995, 0.14394269989197483, 0.27719278092897986

[0.0151093  0.30104337]
0.30104337468219455, 0.015109295847651083, 0.1438244259896264, 0.2769117969875395

[0.00042891 0.30098114]
0.30098113864369225, 0.0004289072021492757, 0.1439245916841165, 0.2771620154424744

[0.01323754 0.30103239]
0.3010323944290576, 0.013237536290034768, 0.1437987090417795, 0.2768822503969908

[0.00095493 0.30097626]
0.3009762633992068, 0.0009549311162118101, 0.1438645137701175, 0.2770688139035135

[0.0115707 0.3010266]
0.3010265968614476, 0.011570704664791265, 0.14377601293112527, 0.2768562850517153

[0.00115986 0.30098145]
0.30098144608473376, 0.0011598590485846216, 0.14384621082748153, 0.27703869418842747

[0.01021812 0.30101966]
0.30101965734297664, 0.010218116979672232, 0.14375772407154988, 0.2768365048169287

[0.01896213 0.30105901]
0.3010590105520805, 0.01896213097063537, 0.14387301237606986, 0.2769698830009688

[0.00686055 0.30100519]
0.30100518537727794, 0.006860550748029937, 0.14372151419361456, 0.2768037640577707

[0.00550796 0.30099825]
0.30099824585880697, 0.005507963062910903, 0.1437161666166562, 0.27680611906790975

[0.0021504  0.30098377]
0.30098377389310826, 0.0021503968312686084, 0.14377955551482702, 0.27693009884613895

[0.00820119 0.30101069]
0.30101068648050955, 0.008201186942571326, 0.1437334119706325, 0.27681246532601067

[0.00416733 0.30099274]
0.30099274475557536, 0.004167326868369514, 0.1437231740066483, 0.276827544759554

[0.00719272 0.3010062 ]
0.301006201049276, 0.007192721924020873, 0.14372393625852953, 0.27680512102915095

[0.00854531 0.30101314]
0.301013140567747, 0.008545309609139906, 0.14373728279634385, 0.27681585120230906

[0.0062673  0.30100197]
0.30100196953604197, 0.006267299699468154, 0.1437180499186279, 0.27680304061442484


------------------------------------------------------------
Sender: LSF System <lsfadmin@n-62-21-22>
Subject: Job 1708329: <minimize_batch_job_this_is_on_purpose_to_utilize_more_kernel> in cluster <dcc> Done

Job <minimize_batch_job_this_is_on_purpose_to_utilize_more_kernel> was submitted from host <gbarlogin2> by user <s174007> in cluster <dcc> at Thu Jan 10 17:20:36 2019
Job was executed on host(s) <n-62-21-22>, in queue <hpc>, as user <s174007> in cluster <dcc> at Thu Jan 10 17:20:37 2019
</zhome/b0/b/127184> was used as the home directory.
</zhome/b0/b/127184/Documents/Projects/machine-learning-on-materials> was used as the working directory.
Started at Thu Jan 10 17:20:37 2019
Terminated at Thu Jan 10 17:43:04 2019
Results reported at Thu Jan 10 17:43:04 2019

Your job looked like:

------------------------------------------------------------
# LSBATCH: User input
#!/bin/bash
##Kør på cpu
#BSUB -q hpc
##Navn på job
#BSUB -J minimize_batch_job_this_is_on_purpose_to_utilize_more_kernel
##Output fil
#BSUB -o output/minimize/linear_GP_faulty_batchjobs-%J.out
##Antal kerner
#BSUB -n 1
##Om kernerne må være på forskellige computere
#BSUB -R "span[hosts=1]"
##Ram pr kerne
#BSUB -R "rusage[mem=10GB]"
##Hvor lang tid må den køre hh:mm
#BSUB -W 45:00
##Email når jobbet starter
##og stopper
module purge
module load python3
python3 KRR/minimizer.py linear 5 GP faulty [5]
------------------------------------------------------------

Successfully completed.

Resource usage summary:

    CPU time :                                   1345.88 sec.
    Max Memory :                                 790 MB
    Average Memory :                             650.32 MB
    Total Requested Memory :                     10240.00 MB
    Delta Memory :                               9450.00 MB
    Max Swap :                                   -
    Max Processes :                              4
    Max Threads :                                5
    Run time :                                   1377 sec.
    Turnaround time :                            1348 sec.

The output (if any) is above this job summary.

