Unloaded module: latex/TeXLive12
Loaded module: python3/3.6.2
[10]
[10.0]
[10.  1.]
1.0, 10.0, 0.27427811452108686, 0.32293178319674914

[10.5  1. ]
1.0, 10.5, 0.27427813214224833, 0.3229316923516202

[10.    1.05]
1.05, 10.0, 0.27749799524929847, 0.32435615612094376

[10.5   0.95]
0.95, 10.5, 0.27089292486544625, 0.3214638716251905

[10.75  0.9 ]
0.8999999999999999, 10.75, 0.26732516995440847, 0.3199498776875758

[11.25  0.9 ]
0.8999999999999999, 11.25, 0.26732518439185876, 0.3199498021493184

[11.875  0.85 ]
0.8499999999999996, 11.875, 0.26355488853321174, 0.3183867535270012

[12.125  0.75 ]
0.7499999999999996, 12.125, 0.255308934245464, 0.31510122785467876

[12.9375  0.625 ]
0.6249999999999991, 12.9375, 0.24334351351921563, 0.31065984557523996

[14.0625  0.575 ]
0.5749999999999988, 14.0625, 0.23789966536050094, 0.3087677285372665

[15.71875  0.4125 ]
0.4124999999999983, 15.71875, 0.21649951672557602, 0.3021157379829766

[16.78125  0.1875 ]
0.18749999999999778, 16.78125, 0.16907808449090547, 0.29187600945382014

[19.234375 -0.14375 ]
-0.14375000000000315, 19.234375, 8.368378960748824, 9.381229288350779

[19.5625 -0.025 ]
-0.02500000000000302, 19.5625, 2.188544481857039, 3.116921324132457

[14.59375  0.4625 ]
0.4624999999999986, 14.59375, 0.22380949884304843, 0.3042466392107501

[17.90625  0.1375 ]
0.1374999999999975, 17.90625, 0.15246850401465126, 0.289762757867025

[19.5625 -0.025 ]
-0.02500000000000302, 19.5625, 2.188544481857039, 3.116921324132457

[18.96875 -0.0875 ]
-0.08750000000000302, 18.96875, 13.299453783799787, 15.522369344997951

[16.53125  0.2875 ]
0.287499999999998, 16.53125, 0.19403372805382887, 0.296489578334049

[18.15625  0.0375 ]
0.03749999999999731, 18.15625, 0.10161176875175486, 0.28838652012126614

[18.96875 -0.0875 ]
-0.08750000000000302, 18.96875, 13.299453783799787, 15.522369344997951

[ 1.928125e+01 -1.250000e-02]
-0.012500000000002953, 19.28125, 1.5140764358239855, 2.6464187892094273

[17.40625  0.1375 ]
0.1374999999999976, 17.40625, 0.15246850128636993, 0.28976277022415936

[18.65625  0.0375 ]
0.03749999999999723, 18.65625, 0.10161177013606615, 0.2883865138037999

[ 1.928125e+01 -1.250000e-02]
-0.012500000000002953, 19.28125, 1.5140764358239855, 2.6464187892094273

[18.90625 -0.0625 ]
-0.06250000000000297, 18.90625, 4.340971570877715, 4.419640401114796

[18.15625  0.0875 ]
0.08749999999999739, 18.15625, 0.13108745560815602, 0.28819066672463794

[18.65625  0.0875 ]
0.0874999999999973, 18.65625, 0.13108745775182284, 0.2881906575255579

[18.90625  0.1125 ]
0.1124999999999973, 18.90625, 0.14253070142112229, 0.28886840721830986

[18.15625  0.1375 ]
0.13749999999999746, 18.15625, 0.15246850532246808, 0.2897627519438539

[18.53125  0.0625 ]
0.06249999999999729, 18.53125, 0.11765729801054728, 0.2879022913494842

[19.03125  0.0625 ]
0.0624999999999972, 19.03125, 0.11765729979181914, 0.2879022837692401

[19.46875  0.05   ]
0.0499999999999971, 19.46875, 0.11000099825104995, 0.28800740934707414

[18.90625  0.0375 ]
0.037499999999997174, 18.90625, 0.1016117708007935, 0.2883865107702451

[18.71875  0.075  ]
0.07499999999999726, 18.71875, 0.12465767838532821, 0.2879814781980211

[18.84375  0.05   ]
0.04999999999999721, 18.84375, 0.1100009963439982, 0.28800741759876974

[18.75     0.06875]
0.06874999999999726, 18.75, 0.1212340318389151, 0.2879228120086534

[18.8125   0.05625]
0.05624999999999722, 18.8125, 0.11391653217709209, 0.2879273299134549

[18.765625  0.065625]
0.06562499999999724, 18.765625, 0.11946548173440354, 0.287907358528465

[18.796875  0.059375]
0.059374999999997236, 18.796875, 0.11580810538333026, 0.2879085766806891

[18.7734375  0.0640625]
0.06406249999999725, 18.7734375, 0.11856643048320503, 0.28790346682356827

[18.7890625  0.0609375]
0.06093749999999723, 18.7890625, 0.11673791454081811, 0.28790394628002725

[18.77734375  0.06328125]
0.06328124999999724, 18.77734375, 0.11811313552156254, 0.28790253043819897

[18.78515625  0.06171875]
0.06171874999999724, 18.78515625, 0.11719889909646025, 0.2879027539787889

[18.77929688  0.06289062]
0.06289062499999723, 18.779296875, 0.11788553627116262, 0.28790232130628013

[18.78320312  0.06210937]
0.06210937499999725, 18.783203125, 0.11742842075244622, 0.28790243105380264

[18.78027344  0.06269531]
0.06269531249999724, 18.7802734375, 0.11777149752404137, 0.2879022823662835

[19.28027344  0.06269531]
0.06269531249999716, 19.2802734375, 0.11777149926160775, 0.2879022749724414

[19.65478516  0.06279297]
0.06279296874999708, 19.65478515625, 0.11782853984463264, 0.2879022836402138

[19.02929688  0.06289062]
0.0628906249999972, 19.029296875, 0.11788553715276058, 0.287902317555465

[19.03076172  0.06259766]
0.06259765624999719, 19.03076171875, 0.11771441910207671, 0.2879022756684866

[19.53076172  0.06259766]
0.06259765624999711, 19.53076171875, 0.11771442079346643, 0.28790226847102407

[19.90600586  0.06254883]
0.06254882812499704, 19.906005859375, 0.1176858673536227, 0.2879022659814875

[20.15551758  0.06264648]
0.06264648437499701, 20.155517578125, 0.11774296744069346, 0.28790226006673003

[20.71789551  0.0626709 ]
0.0626708984374969, 20.7178955078125, 0.1177572377117358, 0.2879022539355787

[21.34362793  0.06252441]
0.06252441406249679, 21.3436279296875, 0.11767159052671171, 0.28790225026075333

[22.37530518  0.06243896]
0.062438964843746614, 22.37530517578125, 0.11762158974876406, 0.28790225249225326

[22.15551758  0.06264648]
0.06264648437499665, 22.155517578125, 0.1177429730742204, 0.2879022360947582

[23.28027344  0.06269531]
0.06269531249999644, 23.2802734375, 0.11777151047523425, 0.28790222725687836

[23.90600586  0.06254883]
0.06254882812499632, 23.906005859375, 0.117685877918759, 0.2879022210227662

[25.50006104  0.06248779]
0.062487792968746014, 25.50006103515625, 0.11765017380900494, 0.28790221429659746

[27.43670654  0.06265869]
0.06265869140624566, 27.43670654296875, 0.11775011860494095, 0.2879021900394344

[30.48324585  0.06272583]
0.0627258300781201, 30.483245849609375, 0.11778935233778731, 0.28790217606955787

[32.70303345  0.06251831]
0.06251831054686968, 32.703033447265625, 0.11766804031693705, 0.2879021639371866

[37.41441345  0.06242981]
0.062429809570306305, 37.41441345214844, 0.11761625297248512, 0.2879021584685452

[42.39759827  0.06266785]
0.0626678466796804, 42.39759826660156, 0.11775548532819426, 0.28790212163849555

[50.84636688  0.06275787]
0.06275787353514758, 50.84636688232422, 0.11780808522432035, 0.28790211016848005

[57.77753448  0.06246185]
0.062461853027333786, 57.77753448486328, 0.11763502094833785, 0.2879021015887914

[7.14246788e+01 6.23298645e-02]
0.06232986450194061, 71.42467880249023, 0.11755773991627283, 0.2879021185498752

[7.12094879e+01 6.27899170e-02]
0.06278991699217507, 71.20948791503906, 0.11782680435663663, 0.2879020856765527

[8.81070251e+01 6.29699707e-02]
0.06296997070310945, 88.10702514648438, 0.11793187176442085, 0.2879021248675208

[7.81406555e+01 6.24938965e-02]
0.06249389648436127, 78.14065551757812, 0.11765377844697736, 0.2879020721276379

[9.17877998e+01 6.23619080e-02]
0.06236190795896812, 91.78779983520508, 0.11757651342605954, 0.28790209168043646

[9.15726089e+01 6.28219604e-02]
0.06282196044920255, 91.5726089477539, 0.11784551604305084, 0.28790207576054255

[9.85037766e+01 6.25259399e-02]
0.06252593994138875, 98.50377655029297, 0.11767252929266007, 0.2879020538249664

[1.12150921e+02 6.23939514e-02]
0.062393951415995574, 112.15092086791992, 0.11759528120311095, 0.2879020720304059

[8.50718231e+01 6.21978760e-02]
0.06219787597654747, 85.07182312011719, 0.11748038425120262, 0.28790216155473775

[8.99474125e+01 6.26659393e-02]
0.06266593933103878, 89.94741249084473, 0.11775438634896078, 0.2879020547909921

[1.10310534e+02 6.26979828e-02]
0.06269798278806626, 110.31053352355957, 0.1177731133250457, 0.2879020460326576

[1.26395473e+02 6.28000259e-02]
0.06280002593991876, 126.3954725265503, 0.11783271439391846, 0.28790205484686054

[1.18866898e+02 6.25579834e-02]
0.06255798339841623, 118.86689758300781, 0.11769127468922812, 0.2879020415552223

[1.33326640e+02 6.25040054e-02]
0.06250400543210494, 133.32664012908936, 0.11765969996575674, 0.28790204236433137

[1.30673655e+02 6.27300262e-02]
0.06273002624509375, 130.6736545562744, 0.11779183519432748, 0.2879020418825637

[1.39230019e+02 6.25900269e-02]
0.06259002685544371, 139.23001861572266, 0.11771001513810163, 0.2879020331905116

[1.53689761e+02 6.25360489e-02]
0.06253604888913245, 153.6897611618042, 0.11767844737698377, 0.2879020332632345

[1.27423262e+02 6.24179840e-02]
0.06241798400876619, 127.42326164245605, 0.11760935368245162, 0.287902060290645

[1.29861056e+02 6.26520157e-02]
0.06265201568601186, 129.86105632781982, 0.11774625311195486, 0.2879020359004851

[1.50224177e+02 6.26840591e-02]
0.06268405914303934, 150.22417736053467, 0.11776498069008275, 0.2879020320223971

[1.65902817e+02 6.27470970e-02]
0.06274709701535092, 165.9028172492981, 0.11780180839013377, 0.2879020354774111

[1.59593140e+02 6.26220703e-02]
0.06262207031247119, 159.5931396484375, 0.11772875088487597, 0.2879020276980811

[1.74459181e+02 6.26070976e-02]
0.06260709762570085, 174.45918130874634, 0.11771999813049001, 0.2879020249688142

[1.85453340e+02 6.27011299e-02]
0.06270112991329649, 185.45334005355835, 0.11777495671851973, 0.287902026647447

[2.09688344e+02 6.26241684e-02]
0.062624168395958, 209.68834400177002, 0.1177299792875264, 0.28790201969051976

[2.39420427e+02 6.25942230e-02]
0.06259422302241732, 239.4204273223877, 0.11771247250336939, 0.28790201696211837

[2.28426269e+02 6.25001907e-02]
0.06250019073482169, 228.42626857757568, 0.1176574719165406, 0.28790202619779476

[2.17683036e+02 6.25504255e-02]
0.06255042552944039, 217.68303644657135, 0.117686859046887, 0.28790202171826595

[2.82644282e+02 6.25375509e-02]
0.06253755092615684, 282.6442824602127, 0.1176793297293017, 0.2879020172411494

[3.04381673e+02 6.25813484e-02]
0.06258134841913378, 304.38167333602905, 0.11770494534545052, 0.28790201270997334

[3.47730992e+02 6.25968099e-02]
0.06259680986398047, 347.7309917807579, 0.11771398668181467, 0.28790200992834714

[3.04507137e+02 6.26534820e-02]
0.06265348196024095, 304.5071366429329, 0.1177471156568526, 0.28790201231130774

[4.12817701e+02 6.26560688e-02]
0.0626560688018041, 412.8177011013031, 0.11774862863996145, 0.28790200779300174

[4.99516338e+02 6.26869917e-02]
0.0626869916914975, 499.5163379907608, 0.11776670011971163, 0.2879020073224823

[5.42740193e+02 6.26303196e-02]
0.06263031959523702, 542.7401931285858, 0.11773357879456454, 0.2879020040724095

[6.61856721e+02 6.26187384e-02]
0.06261873841273505, 661.8567213714123, 0.11772680903098791, 0.2879020022706878

[8.13642068e+02 6.27089202e-02]
0.06270892024025207, 813.6420675814152, 0.11777951343473678, 0.2879020051069559

[9.75982451e+02 6.26406670e-02]
0.06264066696148962, 975.9824509620667, 0.11773962826082963, 0.2879019998564263

[1.21421551e+03 6.26175046e-02]
0.06261750459648568, 1214.2155074477196, 0.11772608859312625, 0.28790199857657756

[1.06243016e+03 6.25273228e-02]
0.06252732276896866, 1062.4301612377167, 0.11767334981765253, 0.2879020044075666

[1.00023314e+03 6.25727221e-02]
0.06257272213678951, 1000.2331378236413, 0.11769990370907638, 0.2879020009289195

[1.55259192e+03 6.25714883e-02]
0.06257148832054013, 1552.5919238999486, 0.11769918261263748, 0.2879019991176281

[1.76657429e+03 6.26162708e-02]
0.06261627078023631, 1766.5742935240269, 0.1177253676071239, 0.2879019972169462

[2.14974487e+03 6.26380451e-02]
0.06263804510195972, 2149.7448713742197, 0.11773809642887575, 0.2879019968475731

[1.81136845e+03 6.26840614e-02]
0.06268406137790528, 1811.3684549219906, 0.11776498967566583, 0.28790199937158667

[1.61728606e+03 6.25996316e-02]
0.06259963158488141, 1617.286056655459, 0.11771563936293276, 0.28790199777341785

[2.55281542e+03 6.26201721e-02]
0.06262017209035545, 2552.815420581959, 0.11772764857726546, 0.2879019962842151

[3.22211538e+03 6.26215058e-02]
0.06262150583729031, 3222.115377149079, 0.11772842838710489, 0.28790199585161524

[3.75457419e+03 6.26599194e-02]
0.06265991935436863, 3754.5741918678395, 0.11775088178566274, 0.28790199641675973

[4.82694470e+03 6.26433801e-02]
0.06264338008969922, 4826.944697642699, 0.1177412151417418, 0.2879019955833085

