Unloaded module: latex/TeXLive12
Loaded module: python3/3.6.2
[-10000]
[-10000.0]
[-10000.     10.]
10.0, -10000.0, 0.42521028335579875, 0.41718398183508526

[-1.05e+04  1.00e+01]
10.0, -10500.0, 0.42521028322569165, 0.41718398195254164

[-10000.      10.5]
10.5, -10000.0, 0.4283538951772676, 0.4196471297511553

[-1.05e+04  9.50e+00]
9.5, -10500.0, 0.4218908582306116, 0.4145984134278156

[-1.075e+04  9.000e+00]
9.0, -10750.0, 0.41837806859561155, 0.411880019548223

[-1.025e+04  9.000e+00]
9.0, -10250.0, 0.4183780687083113, 0.4118800194309316

[-1.0125e+04  8.5000e+00]
8.5, -10125.0, 0.41465151548968215, 0.4090169605222596

[-1.0875e+04  7.5000e+00]
7.5, -10875.0, 0.40645691479978063, 0.40280036994299334

[-1.13125e+04  6.25000e+00]
6.25, -11312.5, 0.39447423737971754, 0.3939214953734321

[-1.06875e+04  5.75000e+00]
5.75, -10687.5, 0.3889889575112535, 0.3899472180911773

[-1.065625e+04  4.125000e+00]
4.125, -10656.25, 0.3671778941178958, 0.37476046272380376

[-1.184375e+04  1.875000e+00]
1.875, -11843.75, 0.31563542168562986, 0.3432936060692226

[-1.2703125e+04 -1.4375000e+00]
-1.4375, -12703.125, 19.507667207630593, 14.199990660491332

[-1.11875e+04 -2.50000e-01]
-0.25, -11187.5, 14.141632717621206, 15.872248126810424

[-1.128125e+04  4.625000e+00]
4.625, -11281.25, 0.3746807394153387, 0.3798688552314203

[-1.121875e+04  1.375000e+00]
1.375, -11218.75, 0.2952734984844864, 0.3327093881693257

[-1.11875e+04 -2.50000e-01]
-0.25, -11187.5, 14.141632717621206, 15.872248126810424

[-1.240625e+04 -8.750000e-01]
-0.875, -12406.25, 72.16979456535283, 72.3862578283224

[-1.109375e+04  2.875000e+00]
2.875, -11093.75, 0.3435719485740918, 0.3595390446154816

[-1.196875e+04  3.750000e-01]
0.375, -11968.75, 0.21047195633878932, 0.3004686280152968

[-1.240625e+04 -8.750000e-01]
-0.875, -12406.25, 72.16979456535283, 72.3862578283224

[-1.134375e+04 -1.250000e-01]
-0.125, -11343.75, 5.893889259174869, 7.031646446456659

[-1.171875e+04  1.375000e+00]
1.375, -11718.75, 0.2952734984687107, 0.3327093882545673

[-1.146875e+04  3.750000e-01]
0.375, -11468.75, 0.21047195634462798, 0.30046862795575024

[-1.134375e+04 -1.250000e-01]
-0.125, -11343.75, 5.893889259174869, 7.031646446456659

[-1.221875e+04 -6.250000e-01]
-0.625, -12218.75, 15.33652318421585, 15.06501827426901

[-1.146875e+04  8.750000e-01]
0.875, -11468.75, 0.26546702714465753, 0.3191730279667301

[-1.196875e+04 -1.250000e-01]
-0.125, -11968.75, 5.8938893698446115, 7.031646633147575

[-1.159375e+04  6.250000e-01]
0.625, -11593.75, 0.24334373968546, 0.3106586361191599

[-1.184375e+04  1.250000e-01]
0.125, -11843.75, 0.1476640045627226, 0.28929501634985577

[-1.196875e+04 -1.250000e-01]
-0.125, -11968.75, 5.8938893698446115, 7.031646633147575

[-1.134375e+04  1.250000e-01]
0.125, -11343.75, 0.14766400457154769, 0.28929501616758074

[-11031.25      0.  ]
Traceback (most recent call last):
  File "KRR/minimizer.py", line 124, in <module>
    minimize(func,Args,method='Nelder-Mead', tol=1e-3)
  File "/zhome/b0/b/127184/.local/lib/python3.6/site-packages/scipy/optimize/_minimize.py", line 591, in minimize
    return _minimize_neldermead(fun, x0, args, callback, **options)
  File "/zhome/b0/b/127184/.local/lib/python3.6/site-packages/scipy/optimize/optimize.py", line 573, in _minimize_neldermead
    fxe = func(xe)
  File "/zhome/b0/b/127184/.local/lib/python3.6/site-packages/scipy/optimize/optimize.py", line 293, in function_wrapper
    return function(*(wrapper_args + args))
  File "KRR/minimizer.py", line 78, in func
    KRR.fit(X,Y, "error")
  File "/zhome/b0/b/127184/Documents/Projects/machine-learning-on-materials/KRR/KRR_class.py", line 108, in fit
    weight=np.linalg.inv(np.matrix(K+self.lambd*I))
  File "/zhome/b0/b/127184/.local/lib/python3.6/site-packages/numpy/linalg/linalg.py", line 532, in inv
    ainv = _umath_linalg.inv(a, signature=signature, extobj=extobj)
  File "/zhome/b0/b/127184/.local/lib/python3.6/site-packages/numpy/linalg/linalg.py", line 89, in _raise_linalgerror_singular
    raise LinAlgError("Singular matrix")
numpy.linalg.linalg.LinAlgError: Singular matrix

------------------------------------------------------------
Sender: LSF System <lsfadmin@n-62-21-22>
Subject: Job 1708333: <minimize_batch_job_this_is_on_purpose_to_utilize_more_kernel> in cluster <dcc> Exited

Job <minimize_batch_job_this_is_on_purpose_to_utilize_more_kernel> was submitted from host <gbarlogin2> by user <s174007> in cluster <dcc> at Thu Jan 10 17:20:36 2019
Job was executed on host(s) <n-62-21-22>, in queue <hpc>, as user <s174007> in cluster <dcc> at Thu Jan 10 17:20:37 2019
</zhome/b0/b/127184> was used as the home directory.
</zhome/b0/b/127184/Documents/Projects/machine-learning-on-materials> was used as the working directory.
Started at Thu Jan 10 17:20:37 2019
Terminated at Thu Jan 10 17:46:04 2019
Results reported at Thu Jan 10 17:46:04 2019

Your job looked like:

------------------------------------------------------------
# LSBATCH: User input
#!/bin/bash
##Kør på cpu
#BSUB -q hpc
##Navn på job
#BSUB -J minimize_batch_job_this_is_on_purpose_to_utilize_more_kernel
##Output fil
#BSUB -o output/minimize/linear_SimpleLarge_faulty_batchjobs-%J.out
##Antal kerner
#BSUB -n 1
##Om kernerne må være på forskellige computere
#BSUB -R "span[hosts=1]"
##Ram pr kerne
#BSUB -R "rusage[mem=10GB]"
##Hvor lang tid må den køre hh:mm
#BSUB -W 45:00
##Email når jobbet starter
##og stopper
module purge
module load python3
python3 KRR/minimizer.py linear 10 SimpleLarge faulty [-10000]
------------------------------------------------------------

Exited with exit code 1.

Resource usage summary:

    CPU time :                                   1526.40 sec.
    Max Memory :                                 2758 MB
    Average Memory :                             2540.19 MB
    Total Requested Memory :                     10240.00 MB
    Delta Memory :                               7482.00 MB
    Max Swap :                                   -
    Max Processes :                              4
    Max Threads :                                5
    Run time :                                   1558 sec.
    Turnaround time :                            1528 sec.

The output (if any) is above this job summary.

