Unloaded module: latex/TeXLive12
Loaded module: python3/3.6.2
[10]
[10.0]
[10.  5.]
5.0, 10.0, 0.27099377343478553, 0.32316551248753306

[10.5  5. ]
5.0, 10.5, 0.2709938561916301, 0.3231650480574849

[10.    5.25]
5.25, 10.0, 0.2742755209674064, 0.3246048100903871

[10.5   4.75]
4.75, 10.5, 0.2675431028936866, 0.3216801791700108

[10.75  4.5 ]
4.5, 10.75, 0.2639059285931239, 0.32014660512072735

[11.25  4.5 ]
4.5, 11.25, 0.2639059959284646, 0.3201462183586127

[11.875  4.25 ]
4.25, 11.875, 0.26006217505618956, 0.3185607827347564

[12.125  3.75 ]
3.75, 12.125, 0.2516557579383828, 0.31522177037765836

[12.9375  3.125 ]
3.125, 12.9375, 0.2394627898831003, 0.31069086456321393

[14.0625  2.875 ]
2.875, 14.0625, 0.23391922428816536, 0.30875332787617565

[15.71875  2.0625 ]
2.0625, 15.71875, 0.2121649317206565, 0.30189412265200777

[16.78125  0.9375 ]
0.9375, 16.78125, 0.164334353745412, 0.29089862864575206

[19.234375 -0.71875 ]
-0.71875, 19.234375, 65.93335969774346, 66.40302719849593

[19.5625 -0.125 ]
-0.125, 19.5625, 8.791097149116274, 11.424518702078874

[14.59375  2.3125 ]
2.3125, 14.59375, 0.21958770707290984, 0.30410180244891305

[17.90625  0.6875 ]
0.6875, 17.90625, 0.1477682933935886, 0.28833548838008305

[19.5625 -0.125 ]
-0.125, 19.5625, 8.791097149116274, 11.424518702078874

[18.96875 -0.4375 ]
-0.4375, 18.96875, 26.368931590557185, 26.802864746992462

[16.53125  1.4375 ]
1.4375, 16.53125, 0.18942452203873847, 0.29597988873058967

[18.15625  0.1875 ]
0.1875, 18.15625, 0.0982362326311681, 0.2842620905941484

[18.96875 -0.4375 ]
-0.4375, 18.96875, 26.368931590557185, 26.802864746992462

[19.28125 -0.0625 ]
-0.0625, 19.28125, 3.3669011172811487, 4.093941299453265

[17.40625  0.6875 ]
0.6875, 17.40625, 0.14776828277315202, 0.28833555404482636

[18.65625  0.1875 ]
0.1875, 18.65625, 0.09823623807716815, 0.28426205568456503

[19.28125 -0.0625 ]
-0.0625, 19.28125, 3.3669011172811487, 4.093941299453265

[18.90625 -0.3125 ]
-0.3125, 18.90625, 3.3767608705110415, 3.7039169051360847

