Unloaded module: latex/TeXLive12
Loaded module: python3/3.6.2
[5]
[5.0]
[5. 3.]
3.0, 5.0, 0.1877372904989051, 0.28094209391853503

[5.25 3.  ]
3.0, 5.25, 0.18773811723577058, 0.2809430148115835

[5.   3.15]
3.1500000000000004, 5.0, 0.19038902348209485, 0.2816208508467845

[5.25 2.85]
2.8499999999999996, 5.25, 0.18496885921571188, 0.2802519449467033

[5.375 2.7  ]
2.6999999999999993, 5.375, 0.18207212067645617, 0.2795488253865211

[5.125 2.7  ]
2.6999999999999993, 5.125, 0.18207135550305456, 0.2795479392291261

[5.0625 2.55  ]
2.549999999999999, 5.0625, 0.17903444236378233, 0.2788316162010736

[5.4375 2.25  ]
2.2499999999999982, 5.4375, 0.17248750160792145, 0.27736382281652183

[5.65625 1.875  ]
1.8749999999999973, 5.65625, 0.16322988172581732, 0.27546581992529806

[5.34375 1.725  ]
1.724999999999997, 5.34375, 0.1591183430569211, 0.27469113534793305

[5.328125 1.2375  ]
1.2374999999999954, 5.328125, 0.14362159422299572, 0.2721883864303543

[5.921875 0.5625  ]
0.5624999999999938, 5.921875, 0.1135086772042726, 0.269681657314058

[ 6.3515625 -0.43125  ]
-0.43125000000000924, 6.3515625, 6.2049345218200065, 7.7557982876517135

[ 5.59375 -0.075  ]
-0.07500000000000817, 5.59375, 0.8089201417475895, 1.7581245158479766

[5.640625 1.3875  ]
1.387499999999996, 5.640625, 0.1487927627732519, 0.2729480036784588

[5.609375 0.4125  ]
0.4124999999999932, 5.609375, 0.10450033243622125, 0.269799823779679

[ 6.203125 -0.2625  ]
-0.2625000000000084, 6.203125, 2.0431337598286765, 2.9348510229459337

[5.546875 0.8625  ]
0.8624999999999945, 5.546875, 0.12858550865266083, 0.27047889099042455

[5.984375 0.1125  ]
0.1124999999999925, 5.984375, 0.08273838804180918, 0.27380441980412984

[5.65625 0.675  ]
0.674999999999994, 5.65625, 0.11956486633391647, 0.26987187883049724

[5.875 0.3  ]
0.29999999999999294, 5.875, 0.09691585152839727, 0.2703914108729912

[5.7109375 0.58125  ]
0.5812499999999938, 5.7109375, 0.1145561298691065, 0.26970030324907857

[6.0234375 0.73125  ]
0.7312499999999944, 6.0234375, 0.12240135141088149, 0.27002468372592614

[5.71289062 0.4921875 ]
0.4921874999999935, 5.712890625, 0.10943063562710938, 0.2696689216561593

[5.92382812 0.4734375 ]
0.4734374999999935, 5.923828125, 0.10830152459778239, 0.2696842686040257

[5.87060547 0.50039062]
0.5003906249999935, 5.87060546875, 0.1099191444778733, 0.26966523307239254

[5.66162109 0.43007812]
0.4300781249999932, 5.66162109375, 0.10561788375527323, 0.2697548223577543

[5.85681152 0.52939453]
0.5293945312499937, 5.8568115234375, 0.11161869157239662, 0.26966326849501066

[6.01452637 0.53759766]
0.5375976562499936, 6.0145263671875, 0.11209201919419604, 0.26966610639619315

[5.93911743 0.52624512]
0.5262451171874936, 5.939117431640625, 0.11143623732126685, 0.26966274671480384

[5.92532349 0.55524902]
0.5552490234374937, 5.925323486328125, 0.11309917368828935, 0.2696759310870285

[5.88428497 0.51410522]
0.5141052246093686, 5.884284973144531, 0.11072801882192386, 0.2696620921064539

[5.96659088 0.51095581]
0.5109558105468683, 5.966590881347656, 0.11054318440365003, 0.2696625715847275

[5.91175842 0.49881592]
0.49881591796874347, 5.9117584228515625, 0.10982570116925926, 0.2696659248064552

[5.93227768 0.51938782]
0.519387817382806, 5.932277679443359, 0.11103711259850936, 0.26966203396318855

[5.84997177 0.52253723]
0.5225372314453063, 5.849971771240234, 0.111220627210345, 0.2696621141720891

[5.87912655 0.51964188]
0.5196418762206968, 5.87912654876709, 0.11105189035942008, 0.2696619644088198

[5.92711926 0.52492447]
0.5249244689941343, 5.927119255065918, 0.11135953927052222, 0.2696625186268036

[5.89499354 0.51681004]
0.5168100357055601, 5.894993543624878, 0.1108864418587627, 0.2696619681914557

[5.84184241 0.51706409]
0.5170640945434507, 5.841842412948608, 0.11090125161374056, 0.2696618840841518

[5.79662478 0.51590223]
0.515902233123773, 5.796624779701233, 0.1108332200162577, 0.26966185060553743

[5.78075778 0.51873407]
0.5187340736389097, 5.780757784843445, 0.11099879492177986, 0.2696617913917685

[5.72363991 0.51969609]
0.5196960926055845, 5.723639905452728, 0.11105490081494375, 0.26966172934744004

[5.64113814 0.51595645]
0.5159564495086607, 5.641138136386871, 0.11083623709266421, 0.2696616054592751

[5.52214393 0.51411374]
0.5141137361526427, 5.522143930196762, 0.1107281512442227, 0.26966152336298643

[5.44915906 0.5179076 ]
0.5179075956344541, 5.4491590559482574, 0.11095015959297365, 0.2696612454515656

[5.27542619 0.51891028]
0.5189102768897946, 5.27542619407177, 0.11100853585564775, 0.2696609462141447

[5.07393022 0.51332792]
0.5133279204368528, 5.0739302188158035, 0.11068153605760717, 0.26966078024822226

[4.74907538 0.51014383]
0.5101438343524869, 4.749075375497341, 0.11049402847951664, 0.269660522334682

[4.50235764 0.51494038]
0.5149403750896389, 4.502357639372349, 0.11077525488037786, 0.26965937746124996

[3.99246449 0.51535369]
0.515353694558137, 3.992464493960142, 0.11079853722519901, 0.2696579144539827

[3.46611368 0.50658725]
0.5065872520208292, 3.4661136753857136, 0.11028196518341007, 0.2696573546869409

[2.56145742 0.50042574]
0.5004257395863465, 2.5614574160426855, 0.10991423112685357, 0.2696543084463989

[1.80484653 0.5056356 ]
0.5056355997919966, 1.8048465345054865, 0.11021738355006686, 0.26964457097153205

[0.33273211 0.50338148]
0.5033814825117515, 0.33273211400955915, 0.11001595311087851, 0.2695421171663925

[-1.09827496  0.48845353]
0.4884535275399611, -1.0982749639078975, 0.1092431420772619, 0.2697284605052017

[2.71977963 0.50862865]
0.508628652803593, 2.7197796294931322, 0.11039976915221439, 0.26965294770618337

[0.49105433 0.5115844 ]
0.511584395728998, 0.4910543274600059, 0.11052400512623226, 0.26957690464023276

[-1.89599319  0.50633723]
0.5063372254371565, -1.8959931880235672, 0.11029446403273753, 0.2697000890364305

[1.56583643 0.5080558 ]
0.5080557959619839, 1.5658364251139574, 0.11035747349645368, 0.269639862460583

[-0.74204998  0.50691008]
0.5069100822787657, -0.7420499836443923, 0.1103580001967818, 0.26974718743500703

[0.98886482 0.50776937]
0.5077693675411794, 0.98886482292437, 0.1103292022336419, 0.26962242869687125

[-0.16507838  0.50719651]
0.5071965106995702, -0.1650783814548049, 0.11060446800265673, 0.2701309846269993

[0.70037902 0.50762615]
0.5076261533307771, 0.7003790218295762, 0.1103084952639679, 0.26960376525420865

[0.12340742 0.50733972]
0.5073397249099725, 0.1234074196399888, 0.11014641029173208, 0.26939745114649066

[-0.16507838  0.50719651]
0.5071965106995702, -0.1650783814548049, 0.11060446800265673, 0.2701309846269993

[-0.03491479  0.49913681]
0.49913681169272595, -0.03491479381045792, 0.1296224844988374, 0.3126162871103295

[0.35956205 0.5084725 ]
0.50847249971993, 0.35956204714238993, 0.11032152186088907, 0.2695484603508152

[0.09657749 0.50224871]
0.502248707701794, 0.09657748650715803, 0.10981395528748755, 0.2693586001208588

[-0.03491479  0.49913681]
0.49913681169272595, -0.03491479381045792, 0.1296224844988374, 0.3126162871103295

[-0.11274721  0.50620695]
0.5062069501000148, -0.11274720786241232, 0.11075264963112554, 0.2704973828836865

[0.22136228 0.50408785]
0.5040878494088173, 0.22136228354156628, 0.11002248294892317, 0.26949090206350346

[-0.00137738  0.50550058]
0.505500583202949, -0.0013773773944194545, 0.1098873821446279, 0.2697946286930854

[0.16567737 0.50444103]
0.5044410328573503, 0.16567736830756985, 0.11001234544204261, 0.26944746763562627

[0.05430754 0.5051474 ]
0.505147399754416, 0.05430753783957698, 0.10990311434576437, 0.2692695583265504

[-0.00137738  0.50550058]
0.5055005832029489, -0.0013773773944194545, 0.10988738214462791, 0.26979462869308546

[0.0274776  0.50005638]
0.5000563825462376, 0.027477604706746206, 0.10952528739106657, 0.26923430664879966

[-0.0204873   0.49641471]
0.4964147113643702, -0.020487302759875092, 0.11506704421101042, 0.28522888646503697

[-0.01479234  0.50295507]
0.5029550745988597, -0.014792343960834842, 0.11103499210447149, 0.27367170783747097

[0.06873503 0.5024253 ]
0.5024252994260604, 0.06873502889015981, 0.10977621515221038, 0.26930352732646434

[0.01305011 0.50277848]
0.5027784828745933, 0.013050113656163376, 0.10964863161752532, 0.2693004315040704

[0.02697134 0.50269019]
0.50269018701246, 0.026971342464662484, 0.10967865474350785, 0.26923274694043303

[1.41409332e-04 4.97599170e-01]
0.49759916980428165, 0.00014140933183171, 0.109393792179574, 0.26969150295072647

[0.04076601 0.50326034]
0.5032603422668824, 0.04076600571264066, 0.10975508993410771, 0.26924300254222383

[0.01368294 0.49948623]
0.49948622729181524, 0.013682941458768028, 0.1094554532406258, 0.2692955061686074

[0.03399524 0.50231681]
0.5023168135231156, 0.033995239649172504, 0.10967891717221738, 0.2692343403631936

[0.02045371 0.50042976]
0.500429756035582, 0.020453707522236186, 0.10952609168767605, 0.26924839056606575

[0.03060986 0.50184505]
0.5018450491512323, 0.030609856617438425, 0.10964048536797695, 0.2692325719864625

[0.03010359 0.50447885]
0.5044788536174547, 0.030103594375354703, 0.10979359976249672, 0.2692306578173465

[0.03141659 0.50669009]
0.5066900891530632, 0.03141658920965895, 0.10992739457115709, 0.2692296511171003

[0.0350551  0.50584495]
0.5058449512918355, 0.03505510336243489, 0.10988932754323844, 0.26923304972551343

[0.02899228 0.50347888]
0.5034788780823038, 0.028992282689105586, 0.10973137289665863, 0.2692313195711901

[0.02979902 0.50832392]
0.5083239180841348, 0.029799015281326113, 0.11001789785654673, 0.2692282742720229

[0.02939359 0.51156335]
0.511563352550586, 0.029393594613269958, 0.11020583679988961, 0.2692265520953079

[0.0318179  0.51477456]
0.5147745636213454, 0.03181790113382332, 0.11040057348223965, 0.26922566215458915

[0.03323071 0.52042241]
0.5204224063908662, 0.03323071035618219, 0.11073282102402346, 0.26922450830926625

[0.03120772 0.52529567]
0.525295669788389, 0.031207715759793198, 0.11100804715866441, 0.26922209428011235

[0.03110328 0.53459846]
0.5345984601060518, 0.03110327903486032, 0.11154214811109923, 0.26922108684467355

[0.03494039 0.54345751]
0.543457513946332, 0.034940394777772554, 0.11205931299944873, 0.269224471667725

[0.03281296 0.55763357]
0.5576335676615176, 0.03281296345645068, 0.11285337925939001, 0.2692268686363576

[0.03312627 0.5297252 ]
0.529725196708529, 0.033126273631249314, 0.11126906800582395, 0.2692224847347534

[0.02928916 0.52086614]
0.5208661428682488, 0.02928915788833708, 0.110746074083747, 0.26922291373474977

[0.03070197 0.52651399]
0.5265139856377696, 0.03070196711069595, 0.11107667664201358, 0.26922171037219444

[0.02867897 0.53138725]
0.5313872490352924, 0.028678972514306955, 0.11135052020239575, 0.26922114762943544

[0.02908028 0.53947172]
0.5394717235035746, 0.029080284438471327, 0.11181414490007556, 0.26922114610161146

[0.03150459 0.54268293]
0.542682934574334, 0.03150459095902469, 0.11200453351768704, 0.2692218078585814

[0.02938538 0.53421117]
0.5342111704200528, 0.02938537712548639, 0.11151458639484853, 0.26922089038964175

[0.03140837 0.52933791]
0.5293379070225299, 0.03140837172187538, 0.11124140348340461, 0.2692215292183678

[0.02966231 0.53693827]
0.5369382693833135, 0.02966230625932234, 0.11167140130212136, 0.26922090861743264

[0.0279444  0.53655098]
0.5365509796973145, 0.02794440434994841, 0.11164392019994814, 0.26922137012225283

[0.03031356 0.53508659]
0.5350865900038675, 0.030313560363632343, 0.11156759560187275, 0.2692209020515816

[0.03003663 0.53235949]
0.532359491040607, 0.03003663122979639, 0.11141054292109358, 0.26922094161366494

[0.02975589 0.53579357]
0.5357935747976368, 0.02975588750194085, 0.1116062785714398, 0.26922087309609954

[0.0288277  0.53491816]
0.5349181552138222, 0.028827704263794898, 0.11155330520312354, 0.2692209880871358

[0.0299421  0.53504448]
0.5350444813063562, 0.02994209633867298, 0.11156402079004325, 0.2692208688243493


------------------------------------------------------------
Sender: LSF System <lsfadmin@n-62-21-10>
Subject: Job 1708266: <minimize_batch_job_this_is_on_purpose_to_utilize_more_kernel> in cluster <dcc> Done

Job <minimize_batch_job_this_is_on_purpose_to_utilize_more_kernel> was submitted from host <gbarlogin2> by user <s174007> in cluster <dcc> at Thu Jan 10 17:20:29 2019
Job was executed on host(s) <n-62-21-10>, in queue <hpc>, as user <s174007> in cluster <dcc> at Thu Jan 10 17:20:30 2019
</zhome/b0/b/127184> was used as the home directory.
</zhome/b0/b/127184/Documents/Projects/machine-learning-on-materials> was used as the working directory.
Started at Thu Jan 10 17:20:30 2019
Terminated at Thu Jan 10 18:08:00 2019
Results reported at Thu Jan 10 18:08:00 2019

Your job looked like:

------------------------------------------------------------
# LSBATCH: User input
#!/bin/bash
##Kør på cpu
#BSUB -q hpc
##Navn på job
#BSUB -J minimize_batch_job_this_is_on_purpose_to_utilize_more_kernel
##Output fil
#BSUB -o output/minimize/linear_GP_deep_batchjobs-%J.out
##Antal kerner
#BSUB -n 1
##Om kernerne må være på forskellige computere
#BSUB -R "span[hosts=1]"
##Ram pr kerne
#BSUB -R "rusage[mem=10GB]"
##Hvor lang tid må den køre hh:mm
#BSUB -W 45:00
##Email når jobbet starter
##og stopper
module purge
module load python3
python3 KRR/minimizer.py linear 3 GP deep [5]
------------------------------------------------------------

Successfully completed.

Resource usage summary:

    CPU time :                                   2848.80 sec.
    Max Memory :                                 1554 MB
    Average Memory :                             1273.40 MB
    Total Requested Memory :                     10240.00 MB
    Delta Memory :                               8686.00 MB
    Max Swap :                                   -
    Max Processes :                              4
    Max Threads :                                5
    Run time :                                   2850 sec.
    Turnaround time :                            2851 sec.

The output (if any) is above this job summary.

