Unloaded module: latex/TeXLive12
Loaded module: python3/3.6.2
[-10000]
[-10000.0]
[-1.e+04  1.e-02]
0.01, -10000.0, 0.07625021397827114, 0.28041513547591523

[-1.05e+04  1.00e-02]
0.01, -10500.0, 0.07625021395562487, 0.2804151341487281

[-1.00e+04  1.05e-02]
0.0105, -10000.0, 0.07626297975561934, 0.2803507667942407

[-1.05e+04  1.05e-02]
0.0105, -10500.0, 0.07626297973687249, 0.28035076678750825

[-1.075e+04  1.075e-02]
0.01075, -10750.0, 0.07626953608091618, 0.28031893615616743

[-1.025e+04  1.125e-02]
0.011249999999999998, -10250.0, 0.0762829893171765, 0.2802559501298149

[-1.0125e+04  1.1875e-02]
0.011875, -10125.0, 0.07630043179966864, 0.28017842956023453

[-1.0875e+04  1.2125e-02]
0.012124999999999999, -10875.0, 0.07630759963410534, 0.28014778209010943

[-1.13125e+04  1.29375e-02]
0.012937499999999994, -11312.5, 0.07633163039741124, 0.2800495315441387

[-1.06875e+04  1.40625e-02]
0.014062499999999995, -10687.5, 0.07636670362811722, 0.27991671851116606

[-1.065625e+04  1.571875e-02]
0.015718749999999997, -10656.25, 0.07642195748213171, 0.279727429600201

[-1.184375e+04  1.678125e-02]
0.01678124999999999, -11843.75, 0.07645955627675789, 0.2796095923981675

[-1.2703125e+04  1.9234375e-02]
0.019234374999999984, -12703.125, 0.07655236672906657, 0.27934723261090955

[-1.2046875e+04  2.2015625e-02]
0.022015624999999987, -12046.875, 0.07666693671252683, 0.2790644942844032

[-1.24140625e+04  2.65546875e-02]
0.026554687499999986, -12414.0625, 0.07687282822996996, 0.27863214536253683

[-1.44609375e+04  3.00703125e-02]
0.030070312499999974, -14460.9375, 0.07704647053831953, 0.27831886699539815

[-1.63632812e+04  3.72460937e-02]
0.03724609374999996, -16363.28125, 0.07743325459422344, 0.2777290033624977

[-1.60742188e+04  4.45664062e-02]
0.044566406249999954, -16074.21875, 0.07786476548863311, 0.27718526353417655

[-1.77597656e+04  5.72324219e-02]
0.05723242187499994, -17759.765625, 0.07867829817960076, 0.2763560268429069

[-2.17089844e+04  6.79238281e-02]
0.06792382812499992, -21708.984375, 0.07941385046196925, 0.2757452938195644

[-2.63564453e+04  8.86083984e-02]
0.08860839843749989, -26356.4453125, 0.08092017174639936, 0.2747430319078167

[-2.77529297e+04  1.08594727e-01]
0.10859472656249988, -27752.9296875, 0.08243838172232174, 0.273948097745145

[-3.34477539e+04  1.44269043e-01]
0.14426904296874984, -33447.75390625, 0.08521100328508738, 0.272834632138663

[-4.20444336e+04  1.75645020e-01]
0.17564501953124978, -42044.43359375, 0.0876551572351865, 0.2720901550034393

[-5.41867676e+04  2.34851318e-01]
0.23485131835937467, -54186.767578125, 0.09217206884149362, 0.27109007039916544

[-6.12780762e+04  2.90511963e-01]
0.29051196289062464, -61278.076171875, 0.09624390460231055, 0.27047865439707736

[-7.87388916e+04  3.91463745e-01]
0.39146374511718696, -78738.8916015625, 0.1031442796406379, 0.2698757781092894

[-9.94779053e+04  4.82046021e-01]
0.48204602050781176, -99477.9052734375, 0.10882757443768253, 0.2696846645626938

[-1.32492981e+05  6.50934509e-01]
0.6509345092773426, -132492.98095703125, 0.11832122551303688, 0.2698274440187492

[-1.24030029e+05  6.38658447e-01]
0.638658447265624, -124030.029296875, 0.11767403193072788, 0.2698019920349092

[-1.44769043e+05  7.29240723e-01]
0.729240722656249, -144769.04296875, 0.12230942659207983, 0.2700292005857937

[-9.52464294e+04  4.75907990e-01]
0.47590798950195246, -95246.42944335938, 0.10845659633020242, 0.2696901025803517

[-7.06943054e+04  3.19295563e-01]
0.31929556274414017, -70694.30541992188, 0.0982751413725183, 0.2702513936438605

[-1.10696098e+05  5.58817726e-01]
0.558817726135253, -110696.09832763672, 0.1133070525063249, 0.269687762072481

[-1.14927574e+05  5.64955757e-01]
0.5649557571411123, -114927.57415771484, 0.1136529005527807, 0.26969299611269243

[-1.00166716e+05  4.98169931e-01]
0.49816993141174243, -100166.71562194824, 0.10979277379550188, 0.2696747566219063

[-8.89485226e+04  4.21398226e-01]
0.4213982257843011, -88948.52256774902, 0.10507312442692752, 0.26978391896945625

[-1.05259204e+05  5.24462851e-01]
0.5244628510475151, -105259.2043876648, 0.11133841413510531, 0.2696712457010984

[-1.05948015e+05  5.40586762e-01]
0.5405867619514458, -105948.01473617554, 0.11226940020350654, 0.2696762012220921

[-1.04330487e+05  5.25951577e-01]
0.5259515765905374, -104330.48737049103, 0.11142490233708832, 0.26967148638515687

[-1.09422976e+05  5.52244496e-01]
0.55224449622631, -109422.97613620758, 0.11293473341035676, 0.2696828936371841

[-1.02480781e+05  5.11688573e-01]
0.5116885726153844, -102480.78075051308, 0.11059179106598896, 0.26967107923877054

[-1.03409498e+05  5.10199847e-01]
0.5101998470723621, -103409.49776768684, 0.11050425106681547, 0.26967128589073114

[-1.03639745e+05  5.14137779e-01]
0.5141377794519059, -103639.74516838789, 0.11073556828932157, 0.2696708436317695

[-1.00861322e+05  5.01363501e-01]
0.5013635010197752, -100861.32153123617, 0.10998236302574295, 0.2696735181766891

[-1.04159734e+05  5.18688014e-01]
0.5186880135405801, -104159.73367355764, 0.1110018907355511, 0.2696707457930159

[-1.05318698e+05  5.21137220e-01]
0.5211372203771016, -105318.69809143245, 0.11114481680049701, 0.26967087313489924

[-1.04609219e+05  5.18775058e-01]
0.5187750584366724, -104609.21875620261, 0.11100697547619223, 0.26967074795785895

[-1.05129207e+05  5.23325293e-01]
0.5233252925253465, -105129.20726137236, 0.11127225375051991, 0.2696710928277642

[-1.04012111e+05  5.16434658e-01]
0.5164346577202661, -104012.110691634, 0.11087013165467004, 0.2696707394796301

[-1.03562626e+05  5.16347613e-01]
0.516347612824174, -103562.62560898904, 0.11086503691315122, 0.2696707409249432

[-1.03415003e+05  5.14094257e-01]
0.5140942570038599, -103415.0026270654, 0.11073301591091099, 0.26967084673877884

[-1.03973551e+05  5.17539574e-01]
0.5175395744064001, -103973.55091193458, 0.11093477030212656, 0.2696707289925086

[-1.04423036e+05  5.17626619e-01]
0.5176266193024921, -104423.03599457955, 0.1109398598615721, 0.2696707294663996

[-1.04384476e+05  5.18731536e-01]
0.5187315359886262, -104384.47621488012, 0.11100443317446203, 0.2696707470066135

[-1.04105202e+05  5.17008877e-01]
0.5170088772873561, -104105.20207244554, 0.11090373159325788, 0.2696707308686987

[-1.04291385e+05  5.18157316e-01]
0.5181573164215362, -104291.3848340686, 0.11097088232219082, 0.2696707346076211

[-1.04151748e+05  5.17295987e-01]
0.5172959870709011, -104151.7477628513, 0.11092052537847528, 0.269670729299972

[-1.03702263e+05  5.17208942e-01]
0.5172089421748092, -103702.26268020633, 0.11091543433563043, 0.269670729300652

[-1.03882456e+05  5.17313361e-01]
0.5173133614567299, -103882.45600879964, 0.11092154154133162, 0.2696707292592345

[-1.03704259e+05  5.17556949e-01]
0.5175569487922289, -103704.25915788292, 0.1109357861724282, 0.2696707294556438

[-1.04039876e+05  5.17361228e-01]
0.517361227501233, -104039.8756116092, 0.1109243408957985, 0.2696707288143796

[-1.04130971e+05  5.17587440e-01]
0.5175874404509032, -104130.97051474414, 0.11093756904420882, 0.26967072910673645

[-1.04068842e+05  5.17518921e-01]
0.5175189207023598, -104068.84188825802, 0.11093356252718226, 0.26967072898939237

[-1.04135167e+05  5.17340574e-01]
0.5173405737971927, -104135.16658793262, 0.11092313297765155, 0.2696707286639677

[-1.04215974e+05  5.17241073e-01]
0.517241073492589, -104215.97442593164, 0.11091731371107086, 0.269670729100582

[-1.04106200e+05  5.17182881e-01]
0.5171828805960659, -104106.2003112838, 0.1109139099936389, 0.26967072972690753

[-1.04078181e+05  5.17434911e-01]
0.5174349106757863, -104078.18149401445, 0.11092864988419998, 0.2696707290994682

[-1.04087521e+05  5.17350901e-01]
0.5173509006492129, -104087.52109977091, 0.11092373694973034, 0.2696707286848024

[-1.04102004e+05  5.17429747e-01]
0.5174297472497762, -104102.00423809531, 0.11092834791066408, 0.26967072920838686

[-1.04120683e+05  5.17261727e-01]
0.5172617271966293, -104120.68344960822, 0.11091852162521311, 0.2696707294164664

[-1.04106674e+05  5.17387742e-01]
0.5173877422364894, -104106.67404097354, 0.11092589154858581, 0.2696707288608183

[-1.04116014e+05  5.17303732e-01]
0.5173037322099161, -104116.01364672999, 0.11092097830639128, 0.2696707290912318

[-1.04109009e+05  5.17366740e-01]
0.517366739729846, -104109.00894241265, 0.11092466323199239, 0.2696707289910487

[-1.04111344e+05  5.17345737e-01]
0.5173457372232028, -104111.34384385176, 0.11092343499781851, 0.26967072901339884

[-1.04120920e+05  5.17364158e-01]
0.5173641580168411, -104120.92031445308, 0.11092451229043025, 0.26967072889968574

[-1.04144743e+05  5.17358995e-01]
0.5173589945908311, -104144.74305853393, 0.11092421026987155, 0.2696707292768355

[-1.04119694e+05  5.17349052e-01]
0.5173490515651098, -104119.6936475223, 0.11092362878878602, 0.2696707289518527

[-1.04136393e+05  5.17355680e-01]
0.5173556802489241, -104136.39325486339, 0.11092401646948034, 0.2696707288670295

[-1.04150640e+05  5.17332096e-01]
0.5173320960292758, -104150.63952834293, 0.1109226371623716, 0.26967072894032174

[-1.04128350e+05  5.17356143e-01]
0.5173561425199498, -104128.35011792554, 0.11092404350268611, 0.26967072884373267

[-1.04127123e+05  5.17341036e-01]
0.5173410360682182, -104127.12345099478, 0.1109231600892763, 0.26967072890580057

[-1.04134076e+05  5.17352019e-01]
0.5173520192037476, -104134.07580389624, 0.11092380241464557, 0.2696707289624132

[-1.04131758e+05  5.17348358e-01]
0.5173483581585712, -104131.75835292909, 0.11092358824778639, 0.2696707290097149

[-1.04135780e+05  5.17348127e-01]
0.5173481270230584, -104135.779921398, 0.1109235747962399, 0.2696707287923968

[-1.04139188e+05  5.17340343e-01]
0.51734034266168, -104139.18815640153, 0.110923119509438, 0.2696707290215705

[-1.04133616e+05  5.17346354e-01]
0.5173463542843484, -104133.6158037972, 0.11092347105617564, 0.26967072900779576

[-1.04137331e+05  5.17342347e-01]
0.5173423465359028, -104137.33070553342, 0.11092323667768268, 0.26967072908944745

[-1.04134545e+05  5.17345352e-01]
0.517345352347237, -104134.54452923127, 0.11092341246697131, 0.26967072894339045

[-1.04136402e+05  5.17343348e-01]
0.5173433484730142, -104136.40198009936, 0.11092329523452706, 0.2696707291218025

[-1.04135009e+05  5.17344851e-01]
0.5173448513786814, -104135.0088919483, 0.11092338316490033, 0.2696707288789084

[-1.04135938e+05  5.17343849e-01]
0.5173438494415699, -104135.93761738233, 0.11092332458982578, 0.2696707288721055

[-1.04135705e+05  5.17344100e-01]
0.5173440999258477, -104135.70543602381, 0.11092333925203099, 0.26967072891078275

[-1.04135473e+05  5.17344350e-01]
0.5173443504101256, -104135.47325466531, 0.11092335392313962, 0.2696707288825972

[-1.04135088e+05  5.17342713e-01]
0.5173427125879371, -104135.08773994046, 0.11092325809325314, 0.2696707289453734

[-1.04135552e+05  5.17342212e-01]
0.5173422116193811, -104135.55210265749, 0.11092322878348358, 0.26967072923765906

[-1.04135204e+05  5.17342587e-01]
0.5173425873457981, -104135.20383061972, 0.11092325068228803, 0.26967072892740473

[-1.04135436e+05  5.17342337e-01]
0.5173423368615201, -104135.43601197822, 0.1109232360989997, 0.26967072906099404

[-1.04135262e+05  5.17342525e-01]
0.5173425247247285, -104135.26187595935, 0.11092324710077596, 0.2696707288237967

[-1.04134955e+05  5.17338748e-01]
0.5173387481117955, -104134.95520922665, 0.11092302624373761, 0.26967072884521937

[-1.04135085e+05  5.17340149e-01]
0.517340148686378, -104135.08472058631, 0.11092310815986031, 0.2696707290179805

[-1.04135214e+05  5.17341549e-01]
0.5173415492609605, -104135.21423194598, 0.1109231900057007, 0.2696707291135151

[-1.04135320e+05  5.17342462e-01]
0.5173424621036591, -104135.31992129897, 0.11092324349490466, 0.26967072891530336

[-1.04135272e+05  5.17341487e-01]
0.5173414866398913, -104135.2722772856, 0.11092318644910917, 0.2696707289804997

[-1.04135258e+05  5.17341502e-01]
0.5173415022951586, -104135.2577659507, 0.110923187285268, 0.26967072903310835

[-1.04135243e+05  5.17341518e-01]
0.5173415179504259, -104135.2432546158, 0.11092318822012606, 0.26967072904726297

[-1.04135190e+05  5.17341062e-01]
0.5173410615290766, -104135.1904099393, 0.11092316148295486, 0.2696707291960757

[-1.04135219e+05  5.17341030e-01]
0.5173410302185419, -104135.21943260913, 0.11092315966072638, 0.26967072930071173

[-1.04135198e+05  5.17341054e-01]
0.5173410537014429, -104135.19766560676, 0.11092316112190133, 0.2696707289572498

[-1.04135121e+05  5.17340110e-01]
0.5173401095482097, -104135.12099892356, 0.1109231058509372, 0.2696707290098923

[-1.04135152e+05  5.17340462e-01]
0.5173404616487638, -104135.15156284661, 0.11092312638406442, 0.26967072911640017

[-1.04135182e+05  5.17340814e-01]
0.5173408137493178, -104135.18212676968, 0.11092314706943061, 0.26967072891059507

[-1.04135205e+05  5.17341046e-01]
0.5173410458738092, -104135.20492127421, 0.11092316064803592, 0.2696707286612877

[-1.04135189e+05  5.17340806e-01]
0.5173408059216842, -104135.18938243715, 0.11092314657801168, 0.2696707287781223

[-1.04135188e+05  5.17340808e-01]
0.5173408078785926, -104135.18756852028, 0.11092314669077633, 0.26967072903215555

[-1.04135186e+05  5.17340810e-01]
0.517340809835501, -104135.18575460342, 0.11092314683704518, 0.26967072899292216

[-1.04135194e+05  5.17340930e-01]
0.5173409298115635, -104135.19352402195, 0.11092315378938479, 0.26967072874470904

[-1.04135213e+05  5.17341166e-01]
0.5173411658498719, -104135.21269069274, 0.1109231675564011, 0.2696707291010285

[-1.04135192e+05  5.17340899e-01]
0.5173408988390937, -104135.19248862575, 0.11092315201009981, 0.2696707289625329

[-1.04135206e+05  5.17341077e-01]
0.5173410768462792, -104135.20595667041, 0.11092316237517905, 0.26967072901099026

[-1.04135196e+05  5.17340943e-01]
0.5173409433408901, -104135.1958556369, 0.11092315465291332, 0.26967072896405625

[-1.04135199e+05  5.17340988e-01]
0.5173409878426865, -104135.19922264808, 0.11092315718506668, 0.2696707289692611

[-1.04135199e+05  5.17340972e-01]
0.5173409723564515, -104135.19870494999, 0.11092315625221423, 0.2696707290512349

[-1.04135205e+05  5.17341061e-01]
0.5173410613600442, -104135.2054389723, 0.11092316151486488, 0.26967072891946575

[-1.04135211e+05  5.17341119e-01]
0.517341119391167, -104135.21113759844, 0.11092316490553945, 0.269670729069233

[-1.04135202e+05  5.17341021e-01]
0.5173410207298066, -104135.20220138566, 0.1109231591552098, 0.2696707288957314

[-1.04135202e+05  5.17341005e-01]
0.5173410052435716, -104135.20168368757, 0.11092315825399708, 0.26967072890125426

[-1.04135203e+05  5.17341019e-01]
0.5173410192726897, -104135.20262250876, 0.11092315901930927, 0.2696707290058146

[-1.04135204e+05  5.17341033e-01]
0.5173410333018079, -104135.20356132994, 0.11092315989832072, 0.2696707291605255

[-1.04135205e+05  5.17341054e-01]
0.5173410536169267, -104135.20518012326, 0.11092316100828951, 0.26967072908148626

[-1.04135207e+05  5.17341066e-01]
0.5173410661889281, -104135.20654006755, 0.11092316180204395, 0.2696707289460648

[-1.04135206e+05  5.17341058e-01]
0.5173410584458107, -104135.20628121852, 0.11092316135020593, 0.2696707292136743

[-1.04135205e+05  5.17341055e-01]
0.5173410548241477, -104135.20545539708, 0.11092316116528543, 0.26967072903591277

[-1.04135206e+05  5.17341057e-01]
0.5173410572385897, -104135.2060059447, 0.11092316123245408, 0.26967072903813327

[-1.04135206e+05  5.17341055e-01]
0.5173410554277582, -104135.20559303398, 0.11092316113942677, 0.26967072914965573

[-1.04135206e+05  5.17341056e-01]
0.5173410560313687, -104135.20573067089, 0.11092316120227645, 0.26967072891427424

[-1.04135205e+05  5.17341050e-01]
0.5173410503489785, -104135.20518833565, 0.11092316081883893, 0.2696707291019239


------------------------------------------------------------
Sender: LSF System <lsfadmin@n-62-28-30>
Subject: Job 1708255: <minimize_batch_job_this_is_on_purpose_to_utilize_more_kernel> in cluster <dcc> Done

Job <minimize_batch_job_this_is_on_purpose_to_utilize_more_kernel> was submitted from host <gbarlogin2> by user <s174007> in cluster <dcc> at Thu Jan 10 17:20:28 2019
Job was executed on host(s) <n-62-28-30>, in queue <hpc>, as user <s174007> in cluster <dcc> at Thu Jan 10 17:20:28 2019
</zhome/b0/b/127184> was used as the home directory.
</zhome/b0/b/127184/Documents/Projects/machine-learning-on-materials> was used as the working directory.
Started at Thu Jan 10 17:20:28 2019
Terminated at Thu Jan 10 18:02:38 2019
Results reported at Thu Jan 10 18:02:38 2019

Your job looked like:

------------------------------------------------------------
# LSBATCH: User input
#!/bin/bash
##Kør på cpu
#BSUB -q hpc
##Navn på job
#BSUB -J minimize_batch_job_this_is_on_purpose_to_utilize_more_kernel
##Output fil
#BSUB -o output/minimize/linear_GP_deep_batchjobs-%J.out
##Antal kerner
#BSUB -n 1
##Om kernerne må være på forskellige computere
#BSUB -R "span[hosts=1]"
##Ram pr kerne
#BSUB -R "rusage[mem=10GB]"
##Hvor lang tid må den køre hh:mm
#BSUB -W 45:00
##Email når jobbet starter
##og stopper
module purge
module load python3
python3 KRR/minimizer.py linear 0.01 GP deep [-10000]
------------------------------------------------------------

Successfully completed.

Resource usage summary:

    CPU time :                                   2527.14 sec.
    Max Memory :                                 1487 MB
    Average Memory :                             1266.30 MB
    Total Requested Memory :                     10240.00 MB
    Delta Memory :                               8753.00 MB
    Max Swap :                                   -
    Max Processes :                              6
    Max Threads :                                7
    Run time :                                   2529 sec.
    Turnaround time :                            2530 sec.

The output (if any) is above this job summary.

