Unloaded module: latex/TeXLive12
Loaded module: python3/3.6.2
[5]
[5.0]
[5. 5.]
5.0, 5.0, 0.22564128960594934, 0.29101280342471747

[5.25 5.  ]
5.0, 5.25, 0.22564205994392678, 0.2910130827600125

[5.   5.25]
5.25, 5.0, 0.22838468124778788, 0.2920283134354993

[5.25 4.75]
4.75, 5.25, 0.22276202048949664, 0.2899697025654381

[5.375 4.5  ]
4.5, 5.375, 0.21973206030478357, 0.28889687638428474

[5.125 4.5  ]
4.5, 5.125, 0.2197313446500057, 0.28889652549958

[5.0625 4.25  ]
4.25, 5.0625, 0.21653485269528078, 0.2877919431946308

[5.4375 3.75  ]
3.75, 5.4375, 0.20956904492334164, 0.28548116875465135

[5.65625 3.125  ]
3.125, 5.65625, 0.19952593179095623, 0.2823769426231288

[5.34375 2.875  ]
2.875, 5.34375, 0.19498479237926156, 0.2810597141391695

[5.328125 2.0625  ]
2.0625, 5.328125, 0.17734518717608475, 0.2764543296513904

[5.921875 0.9375  ]
0.9375, 5.921875, 0.13984813642402294, 0.2695154002860315

[ 6.3515625 -0.71875  ]
-0.71875, 6.3515625, 19.137018841904258, 23.49602306902326

[ 5.59375 -0.125  ]
-0.125, 5.59375, 2.0564576217922506, 3.786714813938989

[5.640625 2.3125  ]
2.3125, 5.640625, 0.1833307547100457, 0.27792651492903175

[5.609375 0.6875  ]
0.6875, 5.609375, 0.12739384230800274, 0.2682298012493588

[ 5.59375 -0.125  ]
-0.125, 5.59375, 2.0564576217922506, 3.786714813938989

[ 6.203125 -0.4375  ]
-0.4375, 6.203125, 5.594959200494644, 6.993245373247778

[5.546875 1.4375  ]
1.4375, 5.546875, 0.15926449259283793, 0.27259389972617426

[5.984375 0.1875  ]
0.1875, 5.984375, 0.09207938930985092, 0.26931561303746576

[ 5.671875 -0.0625  ]
-0.0625, 5.671875, 6.786202268628466, 16.112925197235832

[5.859375 0.6875  ]
0.6875, 5.859375, 0.12739414186272446, 0.2682301540737359

[5.484375 1.1875  ]
1.1875, 5.484375, 0.15028746584209177, 0.2710224004251716

[5.859375 0.4375  ]
0.4375, 5.859375, 0.11199853383384081, 0.2676085129000518

[5.609375 0.4375  ]
0.4375, 5.609375, 0.11199831975685937, 0.26760825454815623

[5.484375 0.3125  ]
0.3125, 5.484375, 0.10272709765893728, 0.26793306190750366

[5.859375 0.1875  ]
0.1875, 5.859375, 0.09207934658396519, 0.2693155467300145

[5.671875 0.5625  ]
0.5625, 5.671875, 0.12014465111746037, 0.26778486257357076

[5.796875 0.3125  ]
0.3125, 5.796875, 0.1027273016179743, 0.2679333218297163

[5.703125 0.5     ]
0.5, 5.703125, 0.11619654240722378, 0.2676525157142169

[5.765625 0.375   ]
0.375, 5.765625, 0.10751986417316536, 0.2676854178698123

[5.71875 0.46875]
0.46875, 5.71875, 0.11413055167394774, 0.26761766189461167

[5.75    0.40625]
0.40625, 5.75, 0.10979624644234282, 0.26762915000270077

[5.7265625 0.453125 ]
0.453125, 5.7265625, 0.11307299701691582, 0.267609568731744

[5.7421875 0.421875 ]
0.421875, 5.7421875, 0.11090634954438242, 0.26761469846942004

[5.73046875 0.4453125 ]
0.4453125, 5.73046875, 0.11253787054339719, 0.2676080786680866

[5.48046875 0.4453125 ]
0.4453125, 5.48046875, 0.11253764324897261, 0.2676078048751264

[5.29101562 0.44921875]
0.44921875, 5.291015625, 0.1128055542346315, 0.2676081040110513

[5.6015625 0.453125 ]
0.453125, 5.6015625, 0.11307288412574973, 0.267609432961438

[5.60742188 0.44140625]
0.44140625, 5.607421875, 0.11226858285417671, 0.2676078703536385

[5.35742188 0.44140625]
0.44140625, 5.357421875, 0.11226834704318629, 0.26760758608753676

[5.17089844 0.43945312]
0.439453125, 5.1708984375, 0.1121331618206564, 0.26760749106972004

[5.04394531 0.44335938]
0.443359375, 5.0439453125, 0.11240274099879569, 0.26760716957278396

[4.76220703 0.44433594]
0.4443359375, 4.76220703125, 0.11246966702843743, 0.26760680018769245

[4.45263672 0.43847656]
0.4384765625, 4.45263671875, 0.11206468511033514, 0.2676065443440258

[3.9387207  0.43505859]
0.43505859375, 3.938720703125, 0.1118267375722379, 0.2676061837580085

[3.5300293  0.43994141]
0.43994140625, 3.530029296875, 0.11216440680685157, 0.26760440123845347

[2.70959473 0.44018555]
0.440185546875, 2.7095947265625, 0.11217888841549171, 0.26760150014006895

[1.8861084 0.4309082]
0.430908203125, 1.8861083984375, 0.11153011773998923, 0.26759836516327096

[0.44805908 0.42419434]
0.4241943359375, 0.44805908203125, 0.11101736170902451, 0.26755179479347213

[-0.78106689  0.42932129]
0.4293212890625, -0.78106689453125, 0.11147168689904872, 0.2676633515418138

[2.7587738  0.43362427]
0.433624267578125, 2.7587738037109375, 0.11172397699640464, 0.2676029424136867

[0.39888    0.43075562]
0.430755615234375, 0.3988800048828125, 0.1114698736149851, 0.2675406548716068

[-0.78106689  0.42932129]
0.4293212890625, -0.78106689453125, 0.11147168689904872, 0.2676633515418138

[-1.86265564  0.4147644 ]
0.414764404296875, -1.8626556396484375, 0.11042308972866852, 0.2676443244564541

[1.56653214 0.43383026]
0.43383026123046875, 1.5665321350097656, 0.11173079446965709, 0.26759388378407917

[-0.71959305  0.42111969]
0.42111968994140625, -0.7195930480957031, 0.11089842617032526, 0.26767131670572164

[0.99500084 0.43065262]
0.4306526184082031, 0.9950008392333984, 0.1114996806280594, 0.26758348053363934

[-0.14806175  0.42429733]
0.4242973327636719, -0.14806175231933594, 0.11133164771922043, 0.26795238235407665

[0.70923519 0.4290638 ]
0.4290637969970703, 0.7092351913452148, 0.11137836533671455, 0.2675720125410865

[0.1377039  0.42588615]
0.4258861541748047, 0.13770389556884766, 0.11103683935318003, 0.2674458965196375

[-0.14806175  0.42429733]
0.4242973327636719, -0.14806175231933594, 0.11133164771922043, 0.26795238235407665

[0.08852482 0.43244743]
0.4324474334716797, 0.08852481842041016, 0.11143537665696428, 0.2673895988230407

[-0.09124231  0.43657398]
0.43657398223876953, -0.09124231338500977, 0.11245365106737253, 0.26833655994128336

[-0.17265129  0.42757797]
0.4275779724121094, -0.1726512908935547, 0.11151848722488786, 0.26788894891280535

[0.25599718 0.4299612 ]
0.4299612045288086, 0.2559971809387207, 0.1113835946885876, 0.26750687087778174

[-0.02976847  0.42837238]
0.4283723831176758, -0.02976846694946289, 0.12361083096783682, 0.2912497952190884

[0.18455577 0.429564  ]
0.4295639991760254, 0.1845557689666748, 0.11132589909081755, 0.2674754394429133

[0.04167295 0.42876959]
0.428769588470459, 0.04167294502258301, 0.11106959491578683, 0.2673322374389152

[-0.02976847  0.42837238]
0.4283723831176758, -0.02976846694946289, 0.12361083096783682, 0.2912497952190884

[-0.00750613  0.43533087]
0.435330867767334, -0.007506132125854492, 0.11201337642427575, 0.26978800047189183

[0.10140139 0.42824733]
0.428247332572937, 0.10140138864517212, 0.11116242053339093, 0.26740838074810563

[0.02879637 0.43296969]
0.43296968936920166, 0.028796374797821045, 0.11131396924774209, 0.2673343098092043

[-0.0180555   0.42929184]
0.42929184436798096, -0.018055498600006104, 0.12621986106825941, 0.305854284294299

[0.06187974 0.43165854]
0.431658536195755, 0.06187973916530609, 0.11132791266446894, 0.26735325068178223

[0.00858958 0.43008074]
0.43008074164390564, 0.008589580655097961, 0.1110581652237754, 0.26756586290685525

[0.0485572  0.43126409]
0.43126408755779266, 0.04855719953775406, 0.11126457247614646, 0.26733617612153227

[0.02191212 0.43047519]
0.430475190281868, 0.021912120282649994, 0.11111459476399044, 0.26736183130240093

[0.04189593 0.43106686]
0.4310668632388115, 0.04189592972397804, 0.11122979289791846, 0.26733037702660595

[0.0547725  0.42686676]
0.4268667623400688, 0.054772499948740005, 0.1109767190413111, 0.267347592493874

[0.03529041 0.43144396]
0.43144395761191845, 0.035290406085550785, 0.11123283543512293, 0.26732859301143513

[0.03551339 0.43374123]
0.43374123238027096, 0.03551339078694582, 0.11139264490450511, 0.26732670986637813

[0.03243361 0.43622705]
0.43622705433517694, 0.032433613669127226, 0.11155284935761381, 0.26732665635784975

[0.02582809 0.43660415]
0.4366041487082839, 0.02582809003069997, 0.11155344764047839, 0.2673395598354885

[0.03787897 0.43245118]
0.4324511846061796, 0.037878969800658524, 0.11131189495589959, 0.2673276169151595

[0.03502218 0.43723428]
0.4372342813294381, 0.035022177384234965, 0.11163189192968435, 0.267324402842614

[0.03488806 0.44012944]
0.4401294431881979, 0.034888063033577055, 0.1118305346524566, 0.2673227118957678

[0.02944271 0.44390531]
0.44390531291719526, 0.029442706902045757, 0.11206883542635765, 0.2673263649475454

[0.03189716 0.4478077 ]
0.4478077017702162, 0.031897156266495585, 0.11234467092298589, 0.26732140025028733

[0.03162893 0.45359803]
0.45359802548773587, 0.031628927565179765, 0.11273711211852273, 0.2673203272649265

[0.03707428 0.44982216]
0.4498221557587385, 0.03707428369671106, 0.11250092638104013, 0.26731847286175703

[0.04089007 0.45278058]
0.45278057717951015, 0.04089007209404372, 0.11271520958945133, 0.2673190947142498

[0.03381515 0.46329074]
0.4632907380582765, 0.033815148228313774, 0.11339885048245851, 0.26731840708992477

[0.03327869 0.47487139]
0.47487138549331576, 0.03327869082568213, 0.11416945439348358, 0.2673220537512973

[0.0392605  0.45951487]
0.4595148683292791, 0.03926050435984507, 0.11316469763940697, 0.2673178610586864

[0.04307629 0.46247329]
0.46247328975005075, 0.043076292757177725, 0.11337669641465813, 0.2673203872411122

[0.03600137 0.47298345]
0.4729834506288171, 0.03600136889144778, 0.11405414204099681, 0.2673202241224075

[0.03680605 0.45561248]
0.45561247947625816, 0.03680605499539524, 0.11289262531637062, 0.2673174712739603

[0.04225141 0.45183661]
0.4518366097472608, 0.04225141112692654, 0.11265577199341999, 0.26732013126817766

[0.03592421 0.46042721]
0.46042720598052256, 0.035924213952966966, 0.11321420004471781, 0.267317433423554

[0.03346976 0.45652482]
0.4565248171275016, 0.03346976458851714, 0.11294204147689578, 0.26731839738708735

[0.03781282 0.45876736]
0.45876735552883474, 0.03781281941701309, 0.11310921856065921, 0.267317439205898

[0.03693098 0.46358208]
0.46358208203309914, 0.03693097837458481, 0.11342980769437154, 0.2673176862041471

[0.03683729 0.45760488]
0.4576048801154684, 0.036837285840192635, 0.11302732250740737, 0.2673173552857899

[0.03494868 0.45926473]
0.4592647305671562, 0.03494868037614651, 0.11313235975438608, 0.2673176180517171

[0.03709678 0.4588917 ]
0.4588916992884151, 0.037096784656796444, 0.11311503704663808, 0.2673173520576217

[0.03800986 0.45606937]
0.45606937342336096, 0.038009856544022114, 0.1129278196155879, 0.26731756828766134

[0.03644562 0.45933775]
0.45933774784123216, 0.03644562460073075, 0.11314274279131971, 0.26731735003553503

[0.03670512 0.46062457]
0.46062456701417887, 0.03670512341733456, 0.11323031115568316, 0.26731739298336893

[0.03680425 0.4583598 ]
0.458359801840146, 0.03680424523447812, 0.1130781274377927, 0.2673173402166586


------------------------------------------------------------
Sender: LSF System <lsfadmin@n-62-21-14>
Subject: Job 1708299: <minimize_batch_job_this_is_on_purpose_to_utilize_more_kernel> in cluster <dcc> Done

Job <minimize_batch_job_this_is_on_purpose_to_utilize_more_kernel> was submitted from host <gbarlogin2> by user <s174007> in cluster <dcc> at Thu Jan 10 17:20:32 2019
Job was executed on host(s) <n-62-21-14>, in queue <hpc>, as user <s174007> in cluster <dcc> at Thu Jan 10 17:20:33 2019
</zhome/b0/b/127184> was used as the home directory.
</zhome/b0/b/127184/Documents/Projects/machine-learning-on-materials> was used as the working directory.
Started at Thu Jan 10 17:20:33 2019
Terminated at Thu Jan 10 17:59:18 2019
Results reported at Thu Jan 10 17:59:18 2019

Your job looked like:

------------------------------------------------------------
# LSBATCH: User input
#!/bin/bash
##Kør på cpu
#BSUB -q hpc
##Navn på job
#BSUB -J minimize_batch_job_this_is_on_purpose_to_utilize_more_kernel
##Output fil
#BSUB -o output/minimize/linear_GP_default_batchjobs-%J.out
##Antal kerner
#BSUB -n 1
##Om kernerne må være på forskellige computere
#BSUB -R "span[hosts=1]"
##Ram pr kerne
#BSUB -R "rusage[mem=10GB]"
##Hvor lang tid må den køre hh:mm
#BSUB -W 45:00
##Email når jobbet starter
##og stopper
module purge
module load python3
python3 KRR/minimizer.py linear 5 GP default [5]
------------------------------------------------------------

Successfully completed.

Resource usage summary:

    CPU time :                                   2324.09 sec.
    Max Memory :                                 1261 MB
    Average Memory :                             1054.57 MB
    Total Requested Memory :                     10240.00 MB
    Delta Memory :                               8979.00 MB
    Max Swap :                                   -
    Max Processes :                              4
    Max Threads :                                5
    Run time :                                   2354 sec.
    Turnaround time :                            2326 sec.

The output (if any) is above this job summary.

