Unloaded module: latex/TeXLive12
Loaded module: python3/3.6.2
[-10000]
[-10000.0]
[-1.e+04  3.e+00]
3.0, -10000.0, 0.25643203278695686, 0.30286001536148727

[-1.05e+04  3.00e+00]
3.0, -10500.0, 0.2564320325653694, 0.3028600154130894

[-1.00e+04  3.15e+00]
3.1500000000000004, -10000.0, 0.25901285419865944, 0.3040077480253329

[-1.05e+04  2.85e+00]
2.8499999999999996, -10500.0, 0.25371900586613255, 0.30168043432463987

[-1.075e+04  2.700e+00]
2.6999999999999993, -10750.0, 0.25085974702167185, 0.3004672332741576

[-1.025e+04  2.700e+00]
2.6999999999999993, -10250.0, 0.25085974722767385, 0.30046723325733393

[-1.0125e+04  2.5500e+00]
2.549999999999999, -10125.0, 0.24783792214042294, 0.2992185346230074

[-1.0875e+04  2.2500e+00]
2.2499999999999982, -10875.0, 0.24122637159380447, 0.2966066784538255

[-1.13125e+04  1.87500e+00]
1.8749999999999973, -11312.5, 0.23161978253008522, 0.29310610117812436

[-1.06875e+04  1.72500e+00]
1.724999999999997, -10687.5, 0.22724148395460556, 0.29162642486633633

[-1.065625e+04  1.237500e+00]
1.2374999999999954, -10656.25, 0.20996290914666577, 0.28649406036992714

[-1.184375e+04  5.625000e-01]
0.5624999999999938, -11843.75, 0.17112920375773116, 0.2791179177936573

[-1.2703125e+04 -4.3125000e-01]
-0.43125000000000924, -12703.125, 17.33922515587358, 21.48997818441624

[-1.11875e+04 -7.50000e-02]
-0.07500000000000817, -11187.5, 5.885821538627645, 11.32761697454245

[-1.128125e+04  1.387500e+00]
1.387499999999996, -11281.25, 0.21587873882774067, 0.28812425743247716

[-1.121875e+04  4.125000e-01]
0.4124999999999932, -11218.75, 0.1572799285562012, 0.27793932740986804

[-1.11875e+04 -7.50000e-02]
-0.07500000000000817, -11187.5, 5.885821538627645, 11.32761697454245

[-1.240625e+04 -2.625000e-01]
-0.2625000000000084, -12406.25, 21.634618507472844, 27.754753193897084

[-1.109375e+04  8.625000e-01]
0.8624999999999945, -11093.75, 0.19167368989524433, 0.28229415886763803

[-1.196875e+04  1.125000e-01]
0.1124999999999925, -11968.75, 0.11245690044907382, 0.280600687009664

[-1.175e+04  3.000e-01]
0.29999999999999294, -11750.0, 0.14420720403780773, 0.27759249811770526

[-1.1125e+04  1.5000e-01]
0.14999999999999236, -11125.0, 0.12038690881491892, 0.27920935385894685

[-1.16640625e+04  4.59375000e-01]
0.4593749999999934, -11664.0625, 0.1619697060397824, 0.2782482172444807

[-1.13046875e+04  2.53125000e-01]
0.2531249999999927, -11304.6875, 0.13776098232372463, 0.2777188540737826

[-1.18359375e+04  1.40625000e-01]
0.14062499999999245, -11835.9375, 0.11850835503278889, 0.2794903901563996

[-1.13730469e+04  3.44531250e-01]
0.344531249999993, -11373.046875, 0.14973527304336517, 0.27764411077870876

[-1.18183594e+04  3.91406250e-01]
0.3914062499999933, -11818.359375, 0.15504062060531196, 0.2778253602181049

[-1.14331055e+04  2.87695312e-01]
0.28769531249999286, -11433.10546875, 0.14258283780540335, 0.2776049366160638

[-1.18100586e+04  2.43164062e-01]
0.24316406249999273, -11810.05859375, 0.13629405884128754, 0.27777710458026844

[-1.14822998e+04  3.19189453e-01]
0.3191894531249929, -11482.2998046875, 0.14665364051537863, 0.27759765629783695

[-1.17991943e+04  3.31494141e-01]
0.331494140624993, -11799.1943359375, 0.14817018350956074, 0.2776150157992501

[-1.15246277e+04  2.98645020e-01]
0.2986450195312429, -11524.627685546875, 0.1440305277568204, 0.27759323207449493

[-1.17923279e+04  2.79455566e-01]
0.2794555664062429, -11792.327880859375, 0.14146926134894833, 0.2776209095284033

[-1.15598068e+04  3.09255981e-01]
0.3092559814453054, -11559.806823730469, 0.14540001778919473, 0.2775914590486411

[-1.17851791e+04  3.10610962e-01]
0.31061096191405546, -11785.179138183594, 0.1455726093861417, 0.27759187071374875

[-1.15949860e+04  3.19866943e-01]
0.31986694335936794, -11594.985961914062, 0.14673817054665356, 0.27759834087054436

[-1.17112465e+04  3.04966736e-01]
0.3049667358398367, -11711.246490478516, 0.14485028917643847, 0.27759109284340966

[-1.14858742e+04  3.03611755e-01]
0.30361175537108664, -11485.87417602539, 0.1446755491056019, 0.2775912786323873

[-1.16373138e+04  2.99322510e-01]
0.2993225097656179, -11637.313842773438, 0.14411893266382755, 0.27759284601823175

[-1.15791836e+04  3.06772614e-01]
0.30677261352538354, -11579.183578491211, 0.145082368673571, 0.2775910717775134

[-1.18045559e+04  3.08127594e-01]
0.3081275939941336, -11804.555892944336, 0.14525589886455678, 0.27759122376501805

[-1.17248855e+04  3.06998634e-01]
0.3069986343383718, -11724.8854637146, 0.14511135059259003, 0.27759108709906766

[-1.15928226e+04  3.08804512e-01]
0.3088045120239187, -11592.822551727295, 0.14534239823018097, 0.27759135313591893

[-1.16816405e+04  3.05926180e-01]
0.3059261798858572, -11681.64050579071, 0.14497370526823355, 0.277591049601216

[-1.15359386e+04  3.05700159e-01]
0.30570015907286885, -11535.938620567322, 0.14494465502473916, 0.2775910532508685

[-1.16383955e+04  3.04853725e-01]
0.30485372543334244, -11638.395547866821, 0.144835735152676, 0.2775911027533577

[-1.15939866e+04  3.06292892e-01]
0.30629289150237327, -11593.986570835114, 0.14502080774321707, 0.2775910522919358

[-1.17396885e+04  3.06518912e-01]
0.30651891231536166, -11739.688456058502, 0.14504982021212814, 0.2775910591748773

[-1.15868761e+04  3.05904847e-01]
0.30590484738349205, -11586.876079440117, 0.14497096406227428, 0.27759104978945925

[-1.16745300e+04  3.05538136e-01]
0.30553813576697597, -11674.530014395714, 0.14492382140470175, 0.2775910582778727

[-1.16141224e+04  3.06104203e-01]
0.30610420256852394, -11614.122431725264, 0.14499657625063642, 0.2775910496085845

[-1.17088869e+04  3.06125535e-01]
0.3061255350708891, -11708.886858075857, 0.14499931625886697, 0.27759104976780086

[-1.16783842e+04  3.06070363e-01]
0.3060703631490398, -11678.384163416922, 0.14499222948995405, 0.2775910493831714

[-1.17459022e+04  3.05892340e-01]
0.3058923404663731, -11745.902237482369, 0.14496935683582646, 0.2775910498746374

[-1.16470674e+04  3.06051237e-01]
0.3060512370429862, -11647.06738316454, 0.14498977257271892, 0.2775910493283601

[-1.1643811e+04  3.0619542e-01]
0.3061954203061688, -11643.811040790752, 0.14500829169922652, 0.27759105054933203

[-1.16721831e+04  3.05993490e-01]
0.3059934899909351, -11672.18313954072, 0.14498235381161717, 0.27759104928266953

[-1.16408664e+04  3.05974364e-01]
0.30597436388488153, -11640.866359288339, 0.1449798964629534, 0.2775910493293176

[-1.16502458e+04  3.05998364e-01]
0.3059983637009211, -11650.245810320484, 0.1449829799611837, 0.2775910492782611

[-1.16753616e+04  3.05940617e-01]
0.30594061664887007, -11675.361566696665, 0.1449755603302379, 0.2775910495117617

[-1.16541409e+04  3.06023582e-01]
0.30602358194445717, -11654.140929047571, 0.14498621984622576, 0.2775910493119067

[-1.16682880e+04  3.05968272e-01]
0.3059682717473991, -11668.288020813634, 0.14497911371401845, 0.27759104939856183

[-1.16576777e+04  3.06009754e-01]
0.3060097543951926, -11657.677701989087, 0.14498444339764105, 0.2775910492748889

[-1.16357404e+04  3.06014628e-01]
0.30601462810517854, -11635.74037276885, 0.14498506953313806, 0.27759104932313183

[-1.16630724e+04  3.05998775e-01]
0.305998774519496, -11663.072447847753, 0.1449830327563674, 0.27759104929289197

[-1.16539618e+04  3.06004059e-01]
0.30600405904805683, -11653.961756154786, 0.1449837116949846, 0.27759104926824135

[-1.16649304e+04  3.06001622e-01]
0.30600162219306387, -11664.930420764904, 0.14498339860841133, 0.27759104928553147

[-1.16467090e+04  3.06012191e-01]
0.3060121912501856, -11646.709037378969, 0.14498475646973477, 0.27759104930153194

[-1.16603751e+04  3.06004264e-01]
0.3060042644573443, -11660.37507491842, 0.14498373808364887, 0.2775910492666606

[-1.16566591e+04  3.05998569e-01]
0.3059985691102085, -11656.659129084117, 0.1449830063465338, 0.27759104925411543

[-1.16561498e+04  3.05992976e-01]
0.3059929764677165, -11656.149842631632, 0.14498228783448708, 0.2775910492926764

[-1.16630724e+04  3.05998775e-01]
0.305998774519496, -11663.07244784775, 0.14498303274650676, 0.27759104928504374

[-1.16562394e+04  3.06002738e-01]
0.3060027379159166, -11656.239429078027, 0.14498354195359614, 0.2775910493009383

[-1.16585171e+04  3.06001417e-01]
0.3060014167837764, -11658.517102001268, 0.1449833722377222, 0.27759104923972466

[-1.16553104e+04  3.06001314e-01]
0.30600131407913267, -11655.310442619451, 0.14498335901993095, 0.27759104927660666

[-1.16598658e+04  3.05998672e-01]
0.3059986718148522, -11659.865788465933, 0.14498301955793572, 0.2775910493181531

[-1.16564493e+04  3.06000654e-01]
0.30600065351306255, -11656.449279081073, 0.14498327415536594, 0.2775910492933143

[-1.16575881e+04  3.05999993e-01]
0.3059999929469924, -11657.588115542692, 0.14498318928511425, 0.2775910492604012

[-1.16569138e+04  3.06001365e-01]
0.3060013654314545, -11656.91377231036, 0.1449833656146186, 0.27759104925642075

[-1.16578428e+04  3.06002789e-01]
0.30600278926823854, -11657.842758768935, 0.14498354854230106, 0.27759104927742106

[-1.16576518e+04  3.06000692e-01]
0.30600069202730396, -11657.651776349252, 0.1449832790992187, 0.2775910493225309

[-1.16577154e+04  3.06001391e-01]
0.3060013911076155, -11657.715437155814, 0.1449833689190196, 0.2775910493024848

[-1.16580526e+04  3.06000705e-01]
0.30600070486538444, -11658.05260877198, 0.14498328075824096, 0.2775910492680347

[-1.16588543e+04  3.06000731e-01]
0.3060007305415454, -11658.854273617435, 0.14498328403439928, 0.27759104927524864

[-1.16585696e+04  3.06000896e-01]
0.30600089568306293, -11658.569564502031, 0.14498330527033024, 0.2775910493119221

[-1.16582849e+04  3.06001061e-01]
0.30600106082458045, -11658.284855386624, 0.1449833264962282, 0.27759104933102324

[-1.16581163e+04  3.06001404e-01]
0.30600140394569597, -11658.11626957854, 0.1449833705620258, 0.2775910493063855

[-1.16583485e+04  3.06001760e-01]
0.30600175990489187, -11658.348516193186, 0.1449834163064108, 0.2775910492870626

[-1.16587493e+04  3.06001773e-01]
0.30600177274297224, -11658.749348615913, 0.14498341793462294, 0.2775910492933174

[-1.16585911e+04  3.06001681e-01]
0.3060016805436532, -11658.59107885657, 0.14498340609615856, 0.2775910492891672

[-1.16582745e+04  3.06001496e-01]
0.30600149614501504, -11658.274539337883, 0.14498338241836867, 0.27759104924158134

[-1.16584431e+04  3.06001153e-01]
0.3060011530238995, -11658.443125145965, 0.1449833383362602, 0.27759104925786404

[-1.16584195e+04  3.06001305e-01]
0.3060013047441476, -11658.41947290777, 0.14498335782283278, 0.2775910492950955

[-1.16583958e+04  3.06001456e-01]
0.3060014564643957, -11658.395820669575, 0.14498337730444966, 0.2775910492781472

[-1.16584328e+04  3.06001588e-01]
0.3060015883443341, -11658.432809097227, 0.14498339427121537, 0.27759104928869704

[-1.16584801e+04  3.06001285e-01]
0.30600128490383804, -11658.480113573616, 0.1449833552719502, 0.2775910492843758

[-1.16584683e+04  3.06001361e-01]
0.30600136076396206, -11658.468287454518, 0.14498336502870257, 0.27759104929179096

[-1.16584565e+04  3.06001437e-01]
0.3060014366240861, -11658.456461335421, 0.14498337477644874, 0.2775910493140739

[-1.16584750e+04  3.06001503e-01]
0.3060015025640552, -11658.474955549247, 0.14498338323609863, 0.27759104928329975

[-1.16585356e+04  3.06001483e-01]
0.3060014827237455, -11658.535596215095, 0.14498338069806893, 0.27759104931004575

[-1.16585158e+04  3.06001471e-01]
0.30600147119883064, -11658.515812495174, 0.14498337922200083, 0.27759104927577544

[-1.16585580e+04  3.06001385e-01]
0.3060013854185518, -11658.557958947194, 0.14498336817971444, 0.2775910493315027

[-1.16584957e+04  3.06001473e-01]
0.30600147327767935, -11658.495706398735, 0.1449833794765191, 0.27759104929706524

[-1.16585165e+04  3.06001444e-01]
0.3060014439913035, -11658.51645724822, 0.14498337570351905, 0.2775910492862021

[-1.1658496e+04  3.0600146e-01]
0.3060014596739158, -11658.496028775258, 0.14498337773267111, 0.2775910493059004

[-1.16585375e+04  3.06001401e-01]
0.30600140110116414, -11658.53753047423, 0.14498337020771235, 0.2775910492913215

[-1.16585272e+04  3.06001416e-01]
0.306001415744352, -11658.527155049489, 0.14498337209721635, 0.2775910492759746

[-1.16585278e+04  3.06001389e-01]
0.30600138853682485, -11658.527799802538, 0.144983368593604, 0.2775910493081915

[-1.16585193e+04  3.06001430e-01]
0.3060014301276839, -11658.5192928868, 0.14498337393540203, 0.2775910492588978

[-1.16585092e+04  3.06001431e-01]
0.3060014311671082, -11658.50923983858, 0.14498337406260903, 0.27759104928394723

[-1.16585227e+04  3.06001420e-01]
0.30600141960004107, -11658.522676246761, 0.14498337257971397, 0.2775910492691523

[-1.16585137e+04  3.06001427e-01]
0.30600142731141916, -11658.513718641309, 0.14498337358127547, 0.2775910493249691

[-1.16585204e+04  3.06001422e-01]
0.30600142152788556, -11658.520436845398, 0.14498337282935833, 0.27759104925778305

[-1.16585182e+04  3.06001408e-01]
0.30600140818397814, -11658.518245959864, 0.14498337110152837, 0.27759104927665756

[-1.16585190e+04  3.06001425e-01]
0.30600142464175745, -11658.519031155065, 0.14498337323310245, 0.2775910492713797

[-1.16585188e+04  3.06001419e-01]
0.306001419155831, -11658.518769423332, 0.14498337252827032, 0.27759104927191697

[-1.16585182e+04  3.06001423e-01]
0.3060014234557301, -11658.518197444035, 0.14498337308240591, 0.2775910492941248

[-1.16585177e+04  3.06001412e-01]
0.30600141248387736, -11658.517673980565, 0.14498337166806466, 0.2775910493107225

[-1.16585181e+04  3.06001421e-01]
0.3060014207127669, -11658.518066578166, 0.14498337272355322, 0.2775910492451873

[-1.16585164e+04  3.06001418e-01]
0.30600141834071237, -11658.516399156102, 0.14498337241676287, 0.2775910493105886

[-1.16585182e+04  3.06001419e-01]
0.30600141895205135, -11658.518176856523, 0.1449833724933733, 0.27759104930267825

[-1.16585176e+04  3.06001419e-01]
0.3060014187482717, -11658.517584289717, 0.14498337247409623, 0.2775910492712286

[-1.16585179e+04  3.06001418e-01]
0.30600141796980374, -11658.5179357123, 0.14498337238277298, 0.277591049301645


------------------------------------------------------------
Sender: LSF System <lsfadmin@n-62-21-22>
Subject: Job 1708324: <minimize_batch_job_this_is_on_purpose_to_utilize_more_kernel> in cluster <dcc> Done

Job <minimize_batch_job_this_is_on_purpose_to_utilize_more_kernel> was submitted from host <gbarlogin2> by user <s174007> in cluster <dcc> at Thu Jan 10 17:20:35 2019
Job was executed on host(s) <n-62-21-22>, in queue <hpc>, as user <s174007> in cluster <dcc> at Thu Jan 10 17:20:36 2019
</zhome/b0/b/127184> was used as the home directory.
</zhome/b0/b/127184/Documents/Projects/machine-learning-on-materials> was used as the working directory.
Started at Thu Jan 10 17:20:36 2019
Terminated at Thu Jan 10 17:43:16 2019
Results reported at Thu Jan 10 17:43:16 2019

Your job looked like:

------------------------------------------------------------
# LSBATCH: User input
#!/bin/bash
##Kør på cpu
#BSUB -q hpc
##Navn på job
#BSUB -J minimize_batch_job_this_is_on_purpose_to_utilize_more_kernel
##Output fil
#BSUB -o output/minimize/linear_GP_faulty_batchjobs-%J.out
##Antal kerner
#BSUB -n 1
##Om kernerne må være på forskellige computere
#BSUB -R "span[hosts=1]"
##Ram pr kerne
#BSUB -R "rusage[mem=10GB]"
##Hvor lang tid må den køre hh:mm
#BSUB -W 45:00
##Email når jobbet starter
##og stopper
module purge
module load python3
python3 KRR/minimizer.py linear 3 GP faulty [-10000]
------------------------------------------------------------

Successfully completed.

Resource usage summary:

    CPU time :                                   1357.84 sec.
    Max Memory :                                 790 MB
    Average Memory :                             633.76 MB
    Total Requested Memory :                     10240.00 MB
    Delta Memory :                               9450.00 MB
    Max Swap :                                   -
    Max Processes :                              4
    Max Threads :                                5
    Run time :                                   1389 sec.
    Turnaround time :                            1361 sec.

The output (if any) is above this job summary.

