Unloaded module: latex/TeXLive12
Loaded module: python3/3.6.2
[100]
[100.0]
[1.e+02 1.e-03]
0.001, 100.0, 0.0761356371095086, 0.2878961962579267

[1.05e+02 1.00e-03]
0.001, 105.0, 0.07613563711117452, 0.28789619363445046

[1.00e+02 1.05e-03]
0.0010500000000000002, 100.0, 0.07613807847054976, 0.28788196739941013

[1.05e+02 1.05e-03]
0.0010500000000000002, 105.0, 0.07613807847213266, 0.28788196476130024

[1.075e+02 1.075e-03]
0.0010750000000000004, 107.5, 0.07613933445609262, 0.2878749611954625

[1.025e+02 1.125e-03]
0.0011250000000000006, 102.5, 0.07614191671109244, 0.2878611665920896

[1.0125e+02 1.1875e-03]
0.001187500000000001, 101.25, 0.07614527557864435, 0.28784428051362215

[1.0875e+02 1.2125e-03]
0.0012125000000000013, 108.75, 0.07614665964761315, 0.28783762628141474

[1.13125e+02 1.29375e-03]
0.001293750000000002, 113.125, 0.0761513164584519, 0.287816388661276

[1.06875e+02 1.40625e-03]
0.0014062500000000026, 106.875, 0.07615816021447112, 0.2877878606004524

[1.065625e+02 1.571875e-03]
0.0015718750000000038, 106.5625, 0.07616905583831036, 0.28774747476606194

[1.184375e+02 1.678125e-03]
0.0016781250000000047, 118.4375, 0.07617654847009106, 0.28772246123631595

[1.2703125e+02 1.9234375e-03]
0.0019234375000000067, 127.03125, 0.07619530426275414, 0.28766707070868897

[1.2046875e+02 2.2015625e-03]
0.0022015625000000086, 120.46875, 0.07621893837407621, 0.2876077555885525

[1.24140625e+02 2.65546875e-03]
0.002655468750000012, 124.140625, 0.07626262301201905, 0.2875176559154176

[1.44609375e+02 3.00703125e-03]
0.003007031250000015, 144.609375, 0.07630056187486851, 0.28745275981585955

[1.63632812e+02 3.72460938e-03]
0.003724609375000021, 163.6328125, 0.07638826804962973, 0.28733135911106017

[1.60742188e+02 4.45664063e-03]
0.004456640625000026, 160.7421875, 0.07649074935278696, 0.2872202433438659

[1.77597656e+02 5.72324219e-03]
0.005723242187500036, 177.59765625, 0.07669552427211292, 0.28705193060203305

[2.17089844e+02 6.79238281e-03]
0.006792382812500045, 217.08984375, 0.0768922042436555, 0.2869285783209044

[2.63564453e+02 8.86083984e-03]
0.008860839843750062, 263.564453125, 0.07732503702797731, 0.28672651527528104

[2.77529297e+02 1.08594727e-02]
0.010859472656250077, 277.529296875, 0.0777978819647069, 0.28656572811605135

[3.34477539e+02 1.44269043e-02]
0.014426904296875105, 334.4775390625, 0.07874565791972932, 0.2863376518079701

[4.20444336e+02 1.75645020e-02]
0.01756450195312513, 420.4443359375, 0.07966298916501759, 0.2861814475882134

[5.41867676e+02 2.34851318e-02]
0.02348513183593768, 541.86767578125, 0.081539964255663, 0.28596247221067556

[6.12780762e+02 2.90511963e-02]
0.029051196289062723, 612.78076171875, 0.08341598945351193, 0.28581878376746755

[7.87388916e+02 3.91463745e-02]
0.039146374511719054, 787.388916015625, 0.08695176401858365, 0.2856580894808023

[9.94779053e+02 4.82046021e-02]
0.048204602050781635, 994.779052734375, 0.09016661609117559, 0.28558853084623637

[1.32492981e+03 6.50934509e-02]
0.0650934509277349, 1324.9298095703125, 0.09607201420551924, 0.2855816580714567

[1.57045105e+03 8.07546936e-02]
0.08075469360351628, 1570.4510498046875, 0.10133191052450603, 0.285672543849769

[1.31330521e+03 6.64373032e-02]
0.06643730316162162, 1313.3052062988281, 0.0965326091095852, 0.28558633271818107

[1.85084610e+03 9.23843796e-02]
0.09238437957763747, 1850.8460998535156, 0.1050750745309954, 0.2857829940254667

[1.05325321e+03 5.24558758e-02]
0.05245587577819866, 1053.2532119750977, 0.09166975013174834, 0.2855738044135546

[1.06487782e+03 5.11120235e-02]
0.051112023544311935, 1064.877815246582, 0.0911954568868633, 0.28557738071608546

[7.93201218e+02 3.84744484e-02]
0.03847444839477569, 793.2012176513672, 0.08671375647249585, 0.28566569250515417

[1.19199766e+03 5.84387003e-02]
0.0584387002944951, 1191.9976615905762, 0.09376849268162527, 0.28556880446082267

[1.18037306e+03 5.97825525e-02]
0.05978255252838183, 1180.3730583190918, 0.09423652994866917, 0.2855699399773177

[1.31911751e+03 6.57653770e-02]
0.06576537704467827, 1319.1175079345703, 0.09630251450703456, 0.2855839133553164

[1.11971929e+03 5.57832511e-02]
0.05578325109481856, 1119.7192859649658, 0.09283981628879577, 0.285568920695896

[1.13134389e+03 5.44393989e-02]
0.054439398860931826, 1131.3438892364502, 0.09236804678512377, 0.2855702339171111

[1.16811577e+03 5.84467641e-02]
0.05844676411151933, 1168.1157660484314, 0.09377130515902692, 0.28556880909693283

[1.24039414e+03 6.11022133e-02]
0.06110221331119586, 1240.3941416740417, 0.09469478538027581, 0.2855717987565529

[1.14988800e+03 5.71129916e-02]
0.057112991648912884, 1149.8879998922348, 0.09330547275259485, 0.2855684611848924

[1.17376990e+03 5.71049278e-02]
0.05710492783188865, 1173.7698954343796, 0.0933026525747444, 0.285568461412509

[1.13166023e+03 5.57792192e-02]
0.05577921918630644, 1131.6602337360382, 0.09283840259146853, 0.28556892327186073

[1.1769133e+03 5.7773830e-02]
0.05777383001744793, 1176.9133046269417, 0.09353643598128825, 0.2855685340733662

[1.14674459e+03 5.64440895e-02]
0.05644408946335361, 1146.7445906996727, 0.09307138173738388, 0.2855685897899213

[1.16937113e+03 5.74413949e-02]
0.05744139487892435, 1169.3711261451244, 0.09342028835097368, 0.285568472793532

[1.15428677e+03 5.67765246e-02]
0.05677652460187719, 1154.28676918149, 0.09318776007480031, 0.2855685001598321

[1.16560004e+03 5.72751773e-02]
0.057275177309662556, 1165.6000369042158, 0.09336218519558917, 0.2855684607840627

[1.14171814e+03 5.72832411e-02]
0.05728324112668679, 1141.718141362071, 0.0933650044135226, 0.28556846128365904

[1.14973108e+03 5.72386628e-02]
0.057238662802987256, 1149.7310798801482, 0.09334941853695575, 0.28556845990496554

[1.16544312e+03 5.74008485e-02]
0.05740084846373693, 1165.4431168921292, 0.09340611670212826, 0.28556846875388464

[1.15377678e+03 5.71849559e-02]
0.057184955852618895, 1153.7767791422084, 0.09333063917561447, 0.2855684596359621

[1.13790782e+03 5.71484413e-02]
0.0571484413459436, 1137.9078221181408, 0.09331787021544896, 0.28556846025886407

[1.14483088e+03 5.71801253e-02]
0.05718012533687335, 1144.8308758146595, 0.09332895001126165, 0.2855684597134705

[1.14887658e+03 5.71264184e-02]
0.05712641838650498, 1148.8765750767197, 0.09331016845617657, 0.2855684607465932

[1.14951745e+03 5.72106017e-02]
0.05721060169886669, 1149.517453679291, 0.09333960684311085, 0.28556845960584226

[1.15846336e+03 5.72154322e-02]
0.05721543221461224, 1158.46335700684, 0.09334129590416705, 0.28556845961519883

[1.15420403e+03 5.72410781e-02]
0.05724107806086003, 1154.2040315439226, 0.09335026302302275, 0.2855684599523726

[1.15388359e+03 5.71989864e-02]
0.05719898640467918, 1153.883592242637, 0.09333554534541516, 0.2855684595558619

[1.14493769e+03 5.71941559e-02]
0.05719415588893363, 1144.937688915088, 0.09333385622891542, 0.2855684596221525

[1.15508194e+03 5.72101131e-02]
0.05721011313319259, 1155.081939983902, 0.0933394360142537, 0.2855684595727151

[1.15944808e+03 5.71984978e-02]
0.057198497839005075, 1159.4480785472479, 0.09333537451335787, 0.2855684595085782

[1.16441339e+03 5.71924459e-02]
0.05719244590907427, 1164.4133909812263, 0.09333325830705276, 0.2855684594688088

[1.16321504e+03 5.71813192e-02]
0.057181319180560866, 1163.2150432399612, 0.09332936750063103, 0.28556845954834326

[1.17374484e+03 5.71747787e-02]
0.057174778684955956, 1173.7448419785505, 0.09332708038409164, 0.2855684595377804

[1.17494319e+03 5.71859054e-02]
0.057185905413469365, 1174.9431897198156, 0.0933309712413421, 0.28556845945400855

[1.18080726e+03 5.71881985e-02]
0.0571881985299236, 1180.8072629597427, 0.09333177310637351, 0.2855684593888817

[1.17147581e+03 5.72058658e-02]
0.057205865754041914, 1171.4758119624184, 0.0933379508658574, 0.2855684594734834

[1.17204307e+03 5.71980940e-02]
0.05719809398677042, 1172.0430694664515, 0.09333523330715057, 0.2855684594173795

[1.18843694e+03 5.71938466e-02]
0.05719384660761975, 1188.436941444968, 0.09333374812327047, 0.2855684593495406

[1.20044872e+03 5.71945470e-02]
0.057194546956892495, 1200.4487166768386, 0.09333399302948582, 0.2855684592736276

[1.20921291e+03 5.71846515e-02]
0.057184651500045675, 1209.2129101701298, 0.09333053280219308, 0.2855684592416118

[1.22779783e+03 5.71779303e-02]
0.0571779302566833, 1227.797830521969, 0.09332818250263895, 0.2855684591693539

[1.24743928e+03 5.71842787e-02]
0.057184278683652195, 1247.4392842390648, 0.09333040246834855, 0.28556845900112265

[1.28075529e+03 5.71823188e-02]
0.05718231876051649, 1280.755294878726, 0.09332971714447484, 0.28556845884933996

[1.30810441e+03 5.71657021e-02]
0.0571657020603073, 1308.1044087238565, 0.09332390647304471, 0.2855684588804116

[1.36106187e+03 5.71700906e-02]
0.05717009056414049, 1361.0618730806136, 0.09332544114888147, 0.2855684585263091

[1.42769389e+03 5.71661707e-02]
0.057166170717869086, 1427.6938943599362, 0.09332407044613189, 0.2855684583457782

[1.40034478e+03 5.71827874e-02]
0.05718278741807828, 1400.3447805148057, 0.0933298811163447, 0.28556845825145605

[1.44646497e+03 5.71913301e-02]
0.057191330096963755, 1446.4649664102803, 0.09333286835855212, 0.2855684580129536

[1.59340357e+03 5.71751821e-02]
0.05717518205431635, 1593.4035658914904, 0.09332722174004485, 0.2855684574903014

[1.74972770e+03 5.71716137e-02]
0.05717161370121626, 1749.7277013978728, 0.09332597399524745, 0.28556845709223316

[1.76849877e+03 5.71967731e-02]
0.05719677308031093, 1768.498773448217, 0.09333477180918423, 0.28556845685792687

[1.93890121e+03 5.72120743e-02]
0.05721207426153185, 1938.9012129923576, 0.09334012222248812, 0.2855684564000682

[2.24216395e+03 5.71923579e-02]
0.05719235786578436, 2242.16394797995, 0.09333322807592584, 0.2855684557946376

[2.64001344e+03 5.71928718e-02]
0.05719287175019466, 2640.013438764785, 0.09333340785743796, 0.28556845523804375

[2.82918695e+03 5.72333323e-02]
0.057233332310510254, 2829.1869503592698, 0.09334755544856499, 0.2855684552670719

[3.53029918e+03 5.72141298e-02]
0.057214129799173064, 3530.299176131697, 0.09334084128051742, 0.2855684543341492

[4.32599816e+03 5.72151576e-02]
0.05721515756799367, 4325.998157701368, 0.09334120071894571, 0.2855684539238939

[4.13682465e+03 5.71746970e-02]
0.05717469700767808, 4136.824646106883, 0.09332705264223798, 0.28556845401637637

[5.82280937e+03 5.71969828e-02]
0.05719698282547708, 5822.809365043466, 0.09333484568327237, 0.28556845330081

[7.41420733e+03 5.71990384e-02]
0.05719903836311829, 7414.207328182805, 0.09333556449609978, 0.28556845306658535

[7.60338084e+03 5.72394989e-02]
0.057239498923433885, 7603.38083977729, 0.09334971187547027, 0.285568453299405

[1.06915900e+04 5.72233797e-02]
0.05722337971855851, 10691.590010258727, 0.09334407584419731, 0.28556845271944176

[1.38743859e+04 5.72274908e-02]
0.05722749079384093, 13874.385936537408, 0.09334551331557282, 0.2855684523489614

[1.36852124e+04 5.71870302e-02]
0.05718703023352534, 13685.212424942923, 0.09333136560472839, 0.28556845235116846

[2.01453910e+04 5.72154827e-02]
0.057215482664247974, 20145.39103329753, 0.09334131463445428, 0.28556845214067267

[2.65109829e+04 5.72237048e-02]
0.057223704814812815, 26510.982885854886, 0.09334418958479845, 0.28556845194673164

[2.67001564e+04 5.72641654e-02]
0.057264165375128406, 26700.15639744937, 0.09335833627636066, 0.28556845327626723

[1.69389484e+04 5.72063140e-02]
0.057206314018926105, 16938.948418069536, 0.09333810871660879, 0.28556845221267974

[2.95755454e+04 5.72025280e-02]
0.05720252803989799, 29575.545367387014, 0.09333678483742075, 0.28556845230984423

[2.56502555e+04 5.72087687e-02]
0.05720876872838372, 25650.255509674615, 0.09333896703874836, 0.2855684520831831

[3.52222900e+04 5.72261595e-02]
0.05722615952427043, 35222.289977459965, 0.09334504793869831, 0.28556845306215217

[2.15097838e+04 5.72112754e-02]
0.05721127539526219, 21509.78380791714, 0.0933398434979633, 0.2855684524018828

[2.60806192e+04 5.72162368e-02]
0.05721623677159827, 26080.61919776475, 0.0933415783012094, 0.28556845169716505

[2.17249657e+04 5.72150094e-02]
0.05721500941686946, 21724.96565196221, 0.09334114915446191, 0.2855684520401071

[3.08666364e+04 5.72249322e-02]
0.057224932169541616, 30866.63643165743, 0.09334461874290374, 0.2855684520292014

[2.85812187e+04 5.72224515e-02]
0.057222451481373574, 28581.21873673363, 0.09334375134063697, 0.2855684519720949

[2.40103833e+04 5.72174901e-02]
0.0572174901050375, 24010.38334688601, 0.09334201653152487, 0.28556845268089204

[2.74385099e+04 5.72212111e-02]
0.057221211137289556, 27438.509889271725, 0.09334331768173369, 0.2855684521319225

[2.62958010e+04 5.72199708e-02]
0.05721997079320554, 26295.80104180982, 0.09334288396150225, 0.28556845185710766

[2.73309190e+04 5.72193441e-02]
0.057219344126485924, 27330.918967249192, 0.0933426648536477, 0.2855684522451895

[2.50455013e+04 5.72168634e-02]
0.057216863438317875, 25045.501272325375, 0.09334179742951312, 0.28556845241429174

[2.67595645e+04 5.72187240e-02]
0.05721872395444391, 26759.564543518238, 0.09334244805409223, 0.28556845193138075

[2.56168557e+04 5.72174836e-02]
0.05721748361035989, 25616.85569605633, 0.093342014294336, 0.2855684518598813

[2.59025329e+04 5.72177937e-02]
0.0572177936963809, 25902.532907921806, 0.09334212273878495, 0.285568451570566

[2.56873511e+04 5.72140597e-02]
0.05721405967477364, 25687.35106387674, 0.09334081709263496, 0.2855684519985477

[2.61436885e+04 5.72184930e-02]
0.05721849301359756, 26143.68854732655, 0.09334236724578546, 0.28556845206035536

[2.59915761e+04 5.72170152e-02]
0.05721701523398959, 25991.57605284328, 0.09334185055543269, 0.28556845179885765

[2.60991670e+04 5.72188822e-02]
0.05721888224479322, 26099.166974865813, 0.09334250332564205, 0.28556845181598345

[2.57949420e+04 5.72159267e-02]
0.05721592668557727, 25794.941985899273, 0.09334146991408236, 0.28556845189771496

[2.60231107e+04 5.72181434e-02]
0.05721814335498923, 26023.11072762418, 0.09334224501511383, 0.2855684519107732

[2.59470545e+04 5.72174045e-02]
0.057217404465185244, 25947.054480382543, 0.09334198660484784, 0.28556845210890147

[2.60008499e+04 5.72183380e-02]
0.05721833797058706, 26000.84994139381, 0.0933423130601505, 0.2855684523528688

[2.58487374e+04 5.72168602e-02]
0.057216860190979074, 25848.73744691054, 0.09334179631214441, 0.2855684523882626

[2.59628218e+04 5.72179685e-02]
0.057217968525685066, 25962.821817772994, 0.09334218389581324, 0.28556845184047647

[2.59183002e+04 5.72183578e-02]
0.05721835775688073, 25918.300245312257, 0.09334231995927338, 0.2855684521437729

[2.59398659e+04 5.72176428e-02]
0.05721764278810912, 25939.86592161497, 0.09334206993892795, 0.2855684520929266

[2.59254888e+04 5.72181194e-02]
0.057218119433956854, 25925.48880407983, 0.09334223662735482, 0.2855684522093212

[2.59362716e+04 5.72177619e-02]
0.05721776194957105, 25936.271642231186, 0.09334211162655692, 0.28556845146452886

[2.58759827e+04 5.72175871e-02]
0.05721758712026689, 25875.98273238, 0.0933420504928484, 0.285568451790018

[2.58976925e+04 5.72176825e-02]
0.05721768247162143, 25897.692503728245, 0.09334208384639572, 0.2855684524240517

[2.59194023e+04 5.72177778e-02]
0.057217777822975976, 25919.402275076496, 0.09334211719546838, 0.2855684523839795

[2.59495467e+04 5.72178652e-02]
0.05721786523762806, 25949.54673000209, 0.09334214772163626, 0.2855684515916998

[2.59664161e+04 5.72178494e-02]
0.05721784936422314, 25966.41609715678, 0.0933421421726045, 0.28556845202488385

[2.59546626e+04 5.72178315e-02]
0.057217831478911345, 25954.662641636707, 0.09334213593232636, 0.2855684523873491

[2.59429092e+04 5.72178136e-02]
0.05721781359359956, 25942.909186116638, 0.09334212969958221, 0.2855684519699891

[2.59278370e+04 5.72177699e-02]
0.057217769886273515, 25927.83695865384, 0.09334211435927708, 0.28556845270466635

[2.59513439e+04 5.72178057e-02]
0.05721780565689709, 25951.343869693985, 0.09334212691230033, 0.28556845254373775

[2.59454671e+04 5.72177967e-02]
0.05721779671424119, 25945.467141933947, 0.09334212381316122, 0.28556845183636054

[2.59388296e+04 5.72177451e-02]
0.05721774507021269, 25938.829598048498, 0.09334210574357792, 0.2855684520734397

[2.59418893e+04 5.72177965e-02]
0.05721779646275284, 25941.889289099603, 0.0933421236926129, 0.2855684520421712

[2.59408694e+04 5.72177793e-02]
0.057217779331906124, 25940.869392082568, 0.0933421176856773, 0.2855684521116318

[2.59395904e+04 5.72177878e-02]
0.0572177877715853, 25939.590414173912, 0.09334212063538437, 0.2855684528066198

[2.59375506e+04 5.72177535e-02]
0.057217753509891875, 25937.550620139842, 0.09334210867598397, 0.28556845187698576

[2.59329529e+04 5.72177361e-02]
0.057217736127556804, 25932.952870288464, 0.09334210257482664, 0.28556845196231384

[2.59349320e+04 5.72177469e-02]
0.05721774692864413, 25934.932000736993, 0.0933421063726567, 0.2855684525275314

[2.59369111e+04 5.72177577e-02]
0.057217757729731464, 25936.911131185516, 0.09334211013830826, 0.2855684527637377

[2.59385705e+04 5.72177706e-02]
0.05721777064073859, 25938.570517156877, 0.09334211465072598, 0.28556845259803026

[2.59379310e+04 5.72177749e-02]
0.05721777486057818, 25937.931028202547, 0.09334211614345952, 0.2855684522703173

[2.59356322e+04 5.72177662e-02]
0.05721776616941064, 25935.632153276856, 0.09334211309042006, 0.2855684513428007

[2.59341630e+04 5.72177639e-02]
0.05721776393374667, 25934.162971336846, 0.09334211227226191, 0.2855684524317967

[2.59339728e+04 5.72177533e-02]
0.05721775325840352, 25933.972767305495, 0.09334210860350117, 0.2855684522438102

[2.59349623e+04 5.72177587e-02]
0.057217758658947175, 25934.96233252976, 0.09334211047071997, 0.28556845186128527

[2.59369415e+04 5.72177695e-02]
0.05721776946003452, 25936.94146297828, 0.09334211426188536, 0.28556845239860307

[2.59354571e+04 5.72177614e-02]
0.05721776135921901, 25935.457115141893, 0.09334211141399679, 0.2855684525483754

[2.59359519e+04 5.72177641e-02]
0.05721776405949085, 25935.95189775402, 0.09334211238592818, 0.28556845283652527

[2.59352972e+04 5.72177624e-02]
0.057217762414178905, 25935.29724290331, 0.0933421118018137, 0.28556845223376476

[2.59349775e+04 5.72177645e-02]
0.0572177645240987, 25934.977498426146, 0.0933421124736367, 0.285568452333805

[2.59352211e+04 5.72177644e-02]
0.05721776440794674, 25935.221098258113, 0.09334211246681332, 0.28556845193224484

[2.59355560e+04 5.72177682e-02]
0.05721776816317849, 25935.556008631655, 0.09334211379863203, 0.2855684522324991

[2.59354913e+04 5.72177667e-02]
0.05721776672592859, 25935.491317199565, 0.09334211330427637, 0.28556845246866985

[2.59354266e+04 5.72177653e-02]
0.057217765288678696, 25935.426625767483, 0.0933421127831275, 0.2855684519658423

[2.59354647e+04 5.72177643e-02]
0.05721776429179477, 25935.464698090083, 0.09334211244125432, 0.28556845287536275

[2.59355941e+04 5.72177672e-02]
0.057217767166294564, 25935.594080954255, 0.09334211344686624, 0.2855684519042836

[2.59357996e+04 5.72177680e-02]
0.05721776804702651, 25935.799608463632, 0.09334211374779693, 0.2855684522795235

[2.59355199e+04 5.72177660e-02]
0.05721776597826565, 25935.51987144152, 0.0933421130439953, 0.2855684520634611

[2.59356131e+04 5.72177667e-02]
0.0572177666678526, 25935.613117115558, 0.0933421132627503, 0.28556845200703374

[2.59355294e+04 5.72177657e-02]
0.05721776572904467, 25935.52938952217, 0.09334211293975878, 0.2855684519563589

[2.59355484e+04 5.72177652e-02]
0.057217765230602714, 25935.548425683468, 0.09334211275927128, 0.2855684522981928

[2.59355969e+04 5.72177663e-02]
0.05721776630854013, 25935.596944257537, 0.09334211314928195, 0.28556845231296274

[2.59355808e+04 5.72177659e-02]
0.05721776594922766, 25935.580771399513, 0.09334211302076957, 0.28556845235562334

[2.59356226e+04 5.72177664e-02]
0.05721776641863162, 25935.622635196207, 0.09334211319313766, 0.28556845299019706

[2.59355903e+04 5.72177657e-02]
0.05721776570000668, 25935.59028948016, 0.09334211295302634, 0.2855684520370028

[2.59356417e+04 5.72177659e-02]
0.057217765920189664, 25935.641671357505, 0.0933421130161482, 0.28556845227333416

[2.59356264e+04 5.72177659e-02]
0.057217765927449156, 25935.626446368005, 0.09334211301005625, 0.28556845254283614

[2.59356112e+04 5.72177659e-02]
0.05721776593470866, 25935.61122137851, 0.09334211300653088, 0.28556845150936533

[2.59356065e+04 5.72177661e-02]
0.05721776605931915, 25935.606462338183, 0.0933421130653219, 0.2855684518574046

[2.59356369e+04 5.72177660e-02]
0.05721776604480015, 25935.636912317183, 0.0933421130499399, 0.2855684525164301

[2.59356141e+04 5.72177661e-02]
0.0572177660556894, 25935.614074832934, 0.09334211308261572, 0.2855684521467688

[2.59356217e+04 5.72177661e-02]
0.05721776605205965, 25935.621687327683, 0.0933421130618833, 0.28556845218628557

[2.59356193e+04 5.72177661e-02]
0.057217766114364896, 25935.61930780752, 0.09334211306370066, 0.2855684518695801

[2.59356298e+04 5.72177662e-02]
0.057217766231715886, 25935.629773756697, 0.09334211312291911, 0.285568451751705

[2.59356426e+04 5.72177663e-02]
0.05721776628676163, 25935.642619226037, 0.09334211311836292, 0.2855684518869279

[2.59356251e+04 5.72177662e-02]
0.05721776615746408, 25935.62513566215, 0.09334211311971784, 0.28556845259852726

[2.59356310e+04 5.72177662e-02]
0.057217766200563264, 25935.630963516778, 0.0933421131248944, 0.28556845228375016

[2.59356257e+04 5.72177661e-02]
0.05721776614188777, 25935.62573054219, 0.09334211311759075, 0.285568452026604

[2.59356269e+04 5.72177661e-02]
0.057217766110735147, 25935.626920302268, 0.09334211307383326, 0.28556845236945444

[2.59356300e+04 5.72177662e-02]
0.057217766178106234, 25935.62995271315, 0.0933421131189589, 0.2855684524459678

[2.59356289e+04 5.72177662e-02]
0.057217766155649205, 25935.628941909523, 0.0933421130718073, 0.2855684517467865

[2.59356316e+04 5.72177662e-02]
0.05721776618498695, 25935.631558396817, 0.09334211310548891, 0.2855684519883192

[2.59356295e+04 5.72177661e-02]
0.057217766140072894, 25935.62953678956, 0.09334211309385596, 0.2855684526644359

[2.59356311e+04 5.72177662e-02]
0.05721776617375844, 25935.631052995002, 0.09334211310412857, 0.28556845223560173

[2.59356305e+04 5.72177662e-02]
0.05721776616252992, 25935.630547593188, 0.09334211310690281, 0.2855684519863633

[2.59356319e+04 5.72177662e-02]
0.0572177661771988, 25935.631855836837, 0.09334211311382039, 0.28556845220418803

[2.59356308e+04 5.72177662e-02]
0.057217766154741764, 25935.630845033207, 0.09334211310363422, 0.2855684521967809

[2.59356311e+04 5.72177662e-02]
0.057217766160356016, 25935.631097734113, 0.09334211308698236, 0.2855684518710909

[2.59356327e+04 5.72177662e-02]
0.05721776616723674, 25935.63270341778, 0.09334211309771064, 0.2855684522195491

[2.59356311e+04 5.72177662e-02]
0.05721776616370663, 25935.631086549336, 0.09334211311290172, 0.285568451873283

[2.59356322e+04 5.72177662e-02]
0.05721776616606004, 25935.632164461633, 0.09334211310309923, 0.28556845210949805

[2.59356314e+04 5.72177662e-02]
0.057217766164294984, 25935.63135602741, 0.09334211310078208, 0.2855684520384018

[2.59356316e+04 5.72177662e-02]
0.05721776616488333, 25935.631625505484, 0.09334211308966658, 0.2855684514934924

[2.59356316e+04 5.72177662e-02]
0.05721776616655863, 25935.631619913096, 0.09334211310769751, 0.2855684513332063


------------------------------------------------------------
Sender: LSF System <lsfadmin@n-62-21-21>
Subject: Job 1735662: <minimize_batch_job_this_is_on_purpose_to_utilize_more_kernel> in cluster <dcc> Done

Job <minimize_batch_job_this_is_on_purpose_to_utilize_more_kernel> was submitted from host <gbarlogin2> by user <s174007> in cluster <dcc> at Sun Jan 13 21:42:33 2019
Job was executed on host(s) <n-62-21-21>, in queue <hpc>, as user <s174007> in cluster <dcc> at Sun Jan 13 21:42:34 2019
</zhome/b0/b/127184> was used as the home directory.
</zhome/b0/b/127184/Documents/Projects/machine-learning-on-materials> was used as the working directory.
Started at Sun Jan 13 21:42:34 2019
Terminated at Mon Jan 14 02:46:07 2019
Results reported at Mon Jan 14 02:46:07 2019

Your job looked like:

------------------------------------------------------------
# LSBATCH: User input
#!/bin/bash
##Kør på cpu
#BSUB -q hpc
##Navn på job
#BSUB -J minimize_batch_job_this_is_on_purpose_to_utilize_more_kernel
##Output fil
#BSUB -o output/minimize/linear_SimpleLarge_compare_batchjobs-%J.out
##Antal kerner
#BSUB -n 1
##Om kernerne må være på forskellige computere
#BSUB -R "span[hosts=1]"
##Ram pr kerne
#BSUB -R "rusage[mem=10GB]"
##Hvor lang tid må den køre hh:mm
#BSUB -W 45:00
##Email når jobbet starter
##og stopper
module purge
module load python3
python3 KRR/minimizer.py linear 0.001 SimpleLarge compare [100]
------------------------------------------------------------

Successfully completed.

Resource usage summary:

    CPU time :                                   18210.12 sec.
    Max Memory :                                 5149 MB
    Average Memory :                             4898.23 MB
    Total Requested Memory :                     10240.00 MB
    Delta Memory :                               5091.00 MB
    Max Swap :                                   2 MB
    Max Processes :                              4
    Max Threads :                                5
    Run time :                                   18226 sec.
    Turnaround time :                            18214 sec.

The output (if any) is above this job summary.

