Unloaded module: latex/TeXLive12
Loaded module: python3/3.6.2
[5]
[5.0]
[5. 1.]
1.0, 5.0, 0.19989712752747943, 0.2937371007553693

[5.25 1.  ]
1.0, 5.25, 0.199897192592728, 0.2937368356072894

[5.   1.05]
1.05, 5.0, 0.20295597090310466, 0.2945473852333236

[5.25 0.95]
0.95, 5.25, 0.1967027743550348, 0.2929154749831114

[5.375 0.9  ]
0.8999999999999999, 5.375, 0.1933609023183995, 0.2920831669292214

[5.625 0.9  ]
0.8999999999999999, 5.625, 0.19336095612156518, 0.2920829496814203

[5.9375 0.85  ]
0.8499999999999996, 5.9375, 0.1898580967904555, 0.2912400932402008

[6.0625 0.75  ]
0.7499999999999996, 6.0625, 0.18230505132824024, 0.28952602993574933

[6.46875 0.625  ]
0.6249999999999991, 6.46875, 0.17162735932633202, 0.2873409817776375

[7.03125 0.575  ]
0.5749999999999988, 7.03125, 0.16688730374025665, 0.2864596347117992

[7.859375 0.4125  ]
0.4124999999999983, 7.859375, 0.14903135967894818, 0.2836263831504498

[8.390625 0.1875  ]
0.18749999999999778, 8.390625, 0.11458404035615677, 0.2803541188985226

[ 9.6171875 -0.14375  ]
-0.14375000000000315, 9.6171875, 4.654380049920582, 4.257095442828976

[ 9.78125 -0.025  ]
-0.02500000000000302, 9.78125, 0.2035814844933902, 0.37556446056875126

[7.296875 0.4625  ]
0.4624999999999986, 7.296875, 0.15498563010910432, 0.2844861207072956

[8.953125 0.1375  ]
0.1374999999999975, 8.953125, 0.10448467516346234, 0.27999165024791806

[ 9.78125 -0.025  ]
-0.02500000000000302, 9.78125, 0.2035814844933902, 0.37556446056875126

[ 9.484375 -0.0875  ]
-0.08750000000000302, 9.484375, 8.334270151278139, 11.91706377358056

[8.265625 0.2875  ]
0.287499999999998, 8.265625, 0.1317575364667233, 0.28161609531922543

[9.078125 0.0375  ]
0.03749999999999731, 9.078125, 0.08162956416067733, 0.28084810056533444

[8.875 0.1  ]
0.09999999999999748, 8.875, 0.09616518406575768, 0.2799510326741721

[9.4375 0.05  ]
0.04999999999999721, 9.4375, 0.08444208047017758, 0.28050639211445394

[8.65234375 0.153125  ]
0.15312499999999762, 8.65234375, 0.107762707203378, 0.28007514401254324

[9.17578125 0.084375  ]
0.08437499999999737, 9.17578125, 0.09253367617280457, 0.2800263182180879

[9.04492188 0.1015625 ]
0.10156249999999745, 9.044921875, 0.09652374205342241, 0.27994702952545863

[8.96679688 0.0640625 ]
0.06406249999999741, 8.966796875, 0.0877364243417501, 0.2802446352310359

[8.95654297 0.11914062]
0.11914062499999749, 8.95654296875, 0.10048899302531154, 0.2799391356762736

[9.12646484 0.12070312]
0.12070312499999747, 9.12646484375, 0.10083502352764417, 0.2799413882434026

[9.03808594 0.13828125]
0.13828124999999752, 9.0380859375, 0.10465126716627181, 0.2799950375631835

[9.04321289 0.11074219]
0.11074218749999747, 9.043212890625, 0.09861071509790773, 0.27993487595228345

[8.87329102 0.10917969]
0.10917968749999749, 8.873291015625, 0.09825791756781015, 0.2799356579274967

[8.95996094 0.10078125]
0.10078124999999745, 8.9599609375, 0.09634457893770675, 0.27994895756986476

[8.95739746 0.11455078]
0.11455078124999749, 8.9573974609375, 0.09946629203279928, 0.27993510505325436

[9.12731934 0.11611328]
0.11611328124999745, 9.1273193359375, 0.0998154905743677, 0.27993601322497336

[8.9367981  0.11091309]
0.11091308593749748, 8.936798095703125, 0.09864923592810085, 0.27993483136513897

[9.02261353 0.10710449]
0.10710449218749746, 9.022613525390625, 0.09778779620948799, 0.27993746820249227

[8.97370148 0.11268921]
0.11268920898437249, 8.973701477050781, 0.09904887817017165, 0.27993463024969406

[8.86728668 0.11286011]
0.11286010742187248, 8.867286682128906, 0.09908725699427116, 0.2799346537483121

