Unloaded module: latex/TeXLive12
Loaded module: python3/3.6.2
[5]
[5.0]
[5.   0.01]
0.01, 5.0, 0.08093719585614736, 0.30255723279249186

[5.25 0.01]
0.01, 5.25, 0.08093719976972245, 0.3025572159424622

[5.     0.0105]
0.0105, 5.0, 0.08116882237017985, 0.3020019227481354

[5.25   0.0105]
0.0105, 5.25, 0.08116882657739138, 0.3020019059942014

[5.375   0.01075]
0.01075, 5.375, 0.08128390622453628, 0.3017347297279723

[5.125   0.01125]
0.011249999999999998, 5.125, 0.0815126262202369, 0.3012198270710393

[5.0625   0.011875]
0.011875, 5.0625, 0.08179592744429562, 0.30060976982800275

[5.4375   0.012125]
0.012124999999999999, 5.4375, 0.0819084701592561, 0.3003753817415899

[5.65625   0.0129375]
0.012937499999999994, 5.65625, 0.08227122431054604, 0.299648470928464

[5.34375   0.0140625]
0.014062499999999995, 5.34375, 0.08276627099000276, 0.2987205921703411

[5.328125   0.01571875]
0.015718749999999997, 5.328125, 0.08348089670038276, 0.2974945077204579

[5.921875   0.01678125]
0.01678124999999999, 5.921875, 0.08393106603630247, 0.2967819497123734

[6.3515625  0.01923437]
0.019234374999999984, 6.3515625, 0.08494777138716636, 0.2953165038176361

[6.0234375  0.02201562]
0.022015624999999987, 6.0234375, 0.08606578535410629, 0.2938973516756093

[6.20703125 0.02655469]
0.026554687499999986, 6.20703125, 0.08782114496002034, 0.29198761145144864

[7.23046875 0.03007031]
0.030070312499999974, 7.23046875, 0.08912877533067491, 0.29076450255500924

[8.18164062 0.03724609]
0.03724609374999996, 8.181640625, 0.091676633798805, 0.2887508618194868

[8.03710938 0.04456641]
0.044566406249999954, 8.037109375, 0.09413152025106655, 0.287160443249557

[8.87988281 0.05723242]
0.05723242187499994, 8.8798828125, 0.09809404082820132, 0.28510551820492525

[10.85449219  0.06792383]
0.06792382812499992, 10.8544921875, 0.10120366201395986, 0.2838140862941145

[13.17822266  0.0886084 ]
0.08860839843749989, 13.17822265625, 0.10672605878180876, 0.28200622372036976

[13.87646484  0.10859473]
0.10859472656249988, 13.87646484375, 0.11156050997746922, 0.2807944098891619

[16.72387695  0.14426904]
0.14426904296874984, 16.723876953125, 0.11924546690117449, 0.2793759480205422

[21.0222168   0.17564502]
0.17564501953124978, 21.022216796875, 0.1252254842268635, 0.27860403544211193

[27.09338379  0.23485132]
0.23485131835937467, 27.0933837890625, 0.13504024850078825, 0.277835157136358

[30.63903809  0.29051196]
0.29051196289062464, 30.6390380859375, 0.14295812343524605, 0.2776001728009816

[39.3694458   0.39146375]
0.39146374511718696, 39.36944580078125, 0.15504632810791227, 0.2778249665710072

[41.00854492  0.38109424]
0.38109423828124944, 41.008544921875, 0.15391349649667407, 0.27777570534539986

[44.55419922  0.43675488]
0.4367548828124994, 44.55419921875, 0.15975289898859674, 0.27808987519775147

[31.45858765  0.28532721]
0.2853272094726559, 31.458587646484375, 0.14226443328344535, 0.27760815539617734

[21.08908081  0.19474493]
0.19474493408203108, 21.089080810546875, 0.12857884808957382, 0.2782766896164754

[36.02867889  0.33450691]
0.33450691223144485, 36.02867889404297, 0.14853508236273283, 0.27762011032851336

[26.06894684  0.24133226]
0.24133226013183567, 26.068946838378906, 0.13601963160778752, 0.2777884580983512

[33.53874588  0.31121325]
0.3112132492065426, 33.53874588012695, 0.14564863496028818, 0.2775913887739169

[32.71919632  0.316398  ]
0.31639800262451134, 32.71919631958008, 0.14630351261086116, 0.277594447561294

[35.61890411  0.33709929]
0.3370992889404293, 35.61890411376953, 0.14884768325164133, 0.27762553619958835

[31.88400459  0.30215879]
0.3021587944030758, 31.884004592895508, 0.14448704570579954, 0.27759090766488065

[32.70355415  0.29697404]
0.29697404098510705, 32.70355415344238, 0.14381138401250004, 0.2775936400961889

[32.70746469  0.30183003]
0.3018300313949581, 32.70746469497681, 0.1444444463123913, 0.2775910323943205

[31.05272341  0.29277558]
0.29277557659149134, 31.05272340774536, 0.1432584293265449, 0.277597463826808

[32.91724026  0.30660383]
0.3066038310527798, 32.917240262031555, 0.14506018373834415, 0.2775903457805867

[32.09378016  0.30693259]
0.30693259406089746, 32.093780159950256, 0.14510233686242885, 0.27759034638807756

[33.12701583  0.31137763]
0.3113776307106014, 33.127015829086304, 0.14566950452594601, 0.27759144673154923

[32.1947574  0.3044635]
0.3044635034799572, 32.19475740194321, 0.14478490994603838, 0.2775904146140131

[32.81626302  0.30907292]
0.30907292163372, 32.816263020038605, 0.1453761239591956, 0.2775906916593234

[32.35013381  0.30561586]
0.3056158580183979, 32.350133806467056, 0.14493327484158713, 0.27759032741075884

[33.17359391  0.3052871 ]
0.3052870950102803, 33.173593908548355, 0.14489099931573096, 0.2775903605513229

[32.3637336   0.30652122]
0.30652121929824316, 32.36373359709978, 0.14504957418151015, 0.27759033012812395

[31.79662714  0.30553325]
0.30553324626386125, 31.796627141535282, 0.14492264194624233, 0.27759031777608506

[31.23632058  0.30499795]
0.304997953869402, 31.236320581287146, 0.144853749081863, 0.27759033708201813

[31.78302735  0.30462788]
0.30462788498401605, 31.783027350902557, 0.1448060896139675, 0.2775903857903984

[32.21855704  0.30604789]
0.3060478857196864, 32.218557035550475, 0.14498879805557166, 0.27759031754195646

[31.66505037  0.30596527]
0.30596527396514966, 31.6650503706187, 0.14497817516011777, 0.2775903049759488

[31.32250865  0.30613998]
0.30613998193852554, 31.322508652694523, 0.1450006121908807, 0.2775902971034363

[31.74443855  0.30665462]
0.30665462139435073, 31.744438546709716, 0.14506668040374826, 0.2775903217500277

[31.78357999  0.30581359]
0.3058135900464836, 31.78357999282889, 0.14495868484256938, 0.27759030948093677

[30.88753161  0.30590569]
0.3059056862653227, 30.88753160997294, 0.1449705046427386, 0.27759028676644937

[30.2220189   0.30583459]
0.3058345865381409, 30.22201889718417, 0.14496135502887003, 0.27759027094552735

[29.76094756  0.30616098]
0.3061609784301828, 29.760947557049803, 0.14500327955913808, 0.27759025792144026

[28.74963134  0.30633467]
0.3063346726220324, 28.74963133916026, 0.14502556215689172, 0.27759023302888747

[27.64914158  0.30602928]
0.30602927722164774, 27.649141583649907, 0.144986317922608, 0.2775901970062419

[25.81245805  0.30597392]
0.30597392486320885, 25.8124580491276, 0.14497916160127486, 0.2775901367055098

[24.34007049  0.30647401]
0.30647401094710036, 24.34007049110369, 0.14504333762591878, 0.27759008888654213

[21.39909629  0.30679372]
0.30679372315158004, 21.399096288063447, 0.1450842567619305, 0.2775899709778252

[18.461923    0.30643298]
0.3064329753927565, 18.461922998030786, 0.1450378422447812, 0.27758978008331187

[13.31806883  0.30648213]
0.3064821267781186, 13.31806882746605, 0.14504378517973437, 0.2775892901527612

[8.90470707 0.30730193]
0.3073019250664898, 8.904707066401897, 0.1451482512550156, 0.27758846885970484

[0.45083158 0.30796593]
0.30796592516813026, 0.4508315750390466, 0.1451975841950389, 0.2775406215567032

[-7.63019589  0.30765433]
0.3076543287946688, -7.630195885558351, 0.14519764939834465, 0.2775942511139083

[14.14177324  0.30700887]
0.30700887456235226, 14.141773244657998, 0.14511142424841106, 0.2775894213695629

[-0.37287284  0.30743918]
0.3074391773838966, -0.3728728421529013, 0.1452168423515678, 0.2776571579230913

[10.51311172  0.30711645]
0.3071164502677384, 10.513111722955273, 0.14512478610784404, 0.27758885607919487

[-2.35412553  0.30860025]
0.30860024865775004, -2.3541255294717303, 0.14532382407085828, 0.2776014167501808

[9.40002024 0.30701166]
0.3070116572480265, 9.400020238231605, 0.1451111576989016, 0.27758858332091907

[-0.66225991  0.30786113]
0.30786113214841837, -0.6622599096846216, 0.14524894429672044, 0.27762769083337946

[7.71926881 0.30730262]
0.30730262073790837, 7.719268814795299, 0.1451480391690196, 0.27758806384142154

[-1.22991985  0.30825689]
0.30825688865801215, -1.2299198483972589, 0.1452868913970678, 0.2776106992923396

[6.74253522 0.30732297]
0.3073229651005229, 6.742535216574389, 0.1451503177386553, 0.2775876252277538

[-0.52590202  0.30798627]
0.3079862695307448, -0.5259020231818639, 0.14527220821850662, 0.27763747754737345

[5.65797611 0.30747353]
0.30747353293611746, 5.6579761053010085, 0.14516910606314426, 0.27758697342640826

[-0.63372754  0.30811649]
0.3081164930037248, -0.6337275362343338, 0.14528287586224306, 0.27762943416998437

[4.89846953 0.30752135]
0.3075213470763234, 4.898469528372209, 0.14517475081387451, 0.2775863360659771

[-0.308675    0.30801374]
0.3080137393083362, -0.3086750018897533, 0.1453011795238115, 0.277671783786339

[4.16631333 0.30760858]
0.30760858452917217, 4.166313328503318, 0.14518529474697342, 0.2775855054054044

[-0.28132462  0.30805316]
0.30805316262097904, -0.28132462482984444, 0.1453123763142145, 0.2776800869417647

[3.60352099 0.3076543 ]
0.3076543009624873, 3.6035209900716954, 0.14519049448851518, 0.27758463345134

[-0.11196076  0.30801164]
0.30801164160144545, -0.11196076339257566, 0.14542217123870765, 0.27783558899931143

[3.09674481 0.30770935]
0.3077093487972405, 3.0967448055293443, 0.14519675084997613, 0.2775835784712685

[-0.05594461  0.30802097]
0.3080209730028835, -0.05594460950330449, 0.14566644582515179, 0.27816561385895267

[2.68865459 0.30774597]
0.3077459689725863, 2.6886545901779453, 0.14520058665742402, 0.27758243885569694

[0.04274136 0.30800255]
0.3080025453434761, 0.042741359687647584, 0.14494417191602266, 0.27719677606431403

[-1.48426036  0.30814914]
0.30814914361659385, -1.4842603632332008, 0.1452706085687776, 0.27760730796393357

[-2.19508166  0.3082225 ]
0.3082225015390201, -2.195081655451251, 0.14527609057666405, 0.27760207620444516

[1.46772053 0.3078651 ]
0.30786510211419477, 1.4677205287706463, 0.1452104880405259, 0.2775752713242908

[-0.97414759  0.30810337]
0.30810336839741165, -0.9741475940439521, 0.14527111424333253, 0.2776158584322823

[0.8572535  0.30792467]
0.307924668684999, 0.8572534980669967, 0.14520983092894313, 0.2775641543368771

[-0.36368056  0.3080438 ]
0.3080438018266074, -0.3636805633403025, 0.14529558233846007, 0.27765906147581026

[0.55201998 0.30795445]
0.3079544519704011, 0.5520199827151719, 0.14520282539841695, 0.27754962897086805

[-0.05844705  0.30801402]
0.3080140185412053, -0.058447047988477774, 0.14564173285054033, 0.2781331880373227

[0.39940323 0.30796934]
0.30796934361310213, 0.3994032250392595, 0.14519335864926158, 0.2775343621462114

[-0.00868699  0.30800596]
0.3080059637884479, -0.008686990312139486, 0.808526641395504, 1.334652051325505

[0.33595193 0.30797593]
0.3079759348232097, 0.3359519337012501, 0.14518657021478215, 0.2775241206040648

[-0.02070993  0.30800914]
0.30800913655358364, -0.020709931650361835, 0.14748258760274385, 0.2806677861641584

[0.29437494 0.30797929]
0.3079792918482225, 0.29437493586685415, 0.14518030659120432, 0.2775151412647835

[0.00116436 0.3080059 ]
0.30800590236848885, 0.0011643618532516387, 0.14476175138448863, 0.27703825310741603

[-0.16622942  0.30802089]
0.30802088614112844, -0.1662294240707476, 0.14535847185071007, 0.2777478627174816

[-0.25046921  0.30802916]
0.30802915586374247, -0.2504692143259549, 0.14531795426131267, 0.277691746649581

[0.1581639  0.30799176]
0.3079917578521025, 0.15816389831865188, 0.1451376096920393, 0.27745579470684834

[-0.11425818  0.30801669]
0.30801668985986247, -0.11425817677775266, 0.1454186426230748, 0.27782994016904344

[0.09005838 0.30799799]
0.30799799085404245, 0.09005837954455075, 0.14507384438856846, 0.277369548241135

[-0.04615266  0.30801046]
0.3080104568579225, -0.04615265800365152, 0.1457930258895972, 0.2783399867477009

[0.05600562 0.30800111]
0.30800110735501246, 0.05600562015750018, 0.1449971180384912, 0.27726701512098095

[-0.0120999   0.30800734]
0.3080073403569525, -0.012099898616600956, 0.1587342013554213, 0.29655668622569736

[0.03897924 0.30800267]
0.3080026656054975, 0.0389792404639749, 0.14492478059152028, 0.2771712177396911

[-0.00259776  0.30800602]
0.3080060226305103, -0.002597757370421047, 0.1458808376391518, 0.2786958944718883

[0.03140658 0.30800341]
0.3080034146652346, 0.03140658042313042, 0.1448774707092713, 0.27710905063502

[-0.0064083   0.30800665]
0.30800665142822603, -0.006408298187592837, 0.1652966676276944, 0.3068902463406574

[0.02763236 0.30800366]
0.30800366206117963, 0.027632355801082965, 0.14484861042831876, 0.27707138133259146

[-0.00260986  0.30800615]
0.30800614976443386, -0.0026098627687958197, 0.1458897259203916, 0.27870883888614384

[0.02290247 0.3080041 ]
0.3080040984400344, 0.02290246962514886, 0.14480618137723847, 0.27701637381652705

[-0.00356552  0.30800634]
0.30800633874734357, -0.0035655243226824646, 0.14686706108854672, 0.2801293891567726

[0.01983289 0.30800433]
0.30800433123272064, 0.019832885770141608, 0.1447743339818519, 0.2769754870111224

[0.04157099 0.30800253]
0.3080025273042662, 0.04157099354203883, 0.14493838312068832, 0.27718914938193445

[0.01126602 0.30800506]
0.3080050586024332, 0.011266019775448437, 0.1446690626099928, 0.276844987578978

[0.00819644 0.30800529]
0.30800529139511945, 0.008196435920441184, 0.14463385706840778, 0.2768063212142262

[0.00084342 0.30800589]
0.3080058878726619, 0.0008434190680873463, 0.14479358113522478, 0.2770873610384666

[-0.00037043  0.30800602]
0.308006018764832, -0.00037043007425198796, 0.14497676968584658, 0.2773646767777531

[0.01478206 0.30800475]
0.3080047531157485, 0.01478205680904321, 0.14471429650229983, 0.2768997893000116

[0.0046804 0.3080056]
0.3080055968818042, 0.004680398886846411, 0.14462454861090318, 0.2768120869251979

[0.00161082 0.30800583]
0.3080058296744904, 0.0016108150318391579, 0.1447255791667308, 0.2769818351985018

[0.00885222 0.30800525]
0.30800525137044754, 0.008852218589546117, 0.1446404128909609, 0.2768128900714837

[0.00402462 0.30800564]
0.3080056369064761, 0.004024616217741478, 0.1446323071929223, 0.27682773212958783

[0.00764532 0.30800535]
0.30800534775445465, 0.007645317996594957, 0.14462905343634805, 0.2768019609999382

[0.01116136 0.30800504]
0.3080050422677699, 0.01116135503018973, 0.14466773305379663, 0.2768434345685381

[0.00630064 0.30800546]
0.3080054582282956, 0.006300637922682241, 0.14462129885365999, 0.27679767871296157

[0.00574952 0.30800551]
0.3080055145876308, 0.0057495199988360154, 0.144620431741566, 0.2767995449055199

[0.00440484 0.30800563]
0.3080056250614718, 0.004404839924923299, 0.14462722867676514, 0.2768177826286312

[0.0068352  0.30800542]
0.30800541708120893, 0.006835198478677043, 0.14462356749781866, 0.276798092256932


------------------------------------------------------------
Sender: LSF System <lsfadmin@n-62-21-16>
Subject: Job 1708317: <minimize_batch_job_this_is_on_purpose_to_utilize_more_kernel> in cluster <dcc> Done

Job <minimize_batch_job_this_is_on_purpose_to_utilize_more_kernel> was submitted from host <gbarlogin2> by user <s174007> in cluster <dcc> at Thu Jan 10 17:20:34 2019
Job was executed on host(s) <n-62-21-16>, in queue <hpc>, as user <s174007> in cluster <dcc> at Thu Jan 10 17:20:35 2019
</zhome/b0/b/127184> was used as the home directory.
</zhome/b0/b/127184/Documents/Projects/machine-learning-on-materials> was used as the working directory.
Started at Thu Jan 10 17:20:35 2019
Terminated at Thu Jan 10 17:45:59 2019
Results reported at Thu Jan 10 17:45:59 2019

Your job looked like:

------------------------------------------------------------
# LSBATCH: User input
#!/bin/bash
##Kør på cpu
#BSUB -q hpc
##Navn på job
#BSUB -J minimize_batch_job_this_is_on_purpose_to_utilize_more_kernel
##Output fil
#BSUB -o output/minimize/linear_GP_faulty_batchjobs-%J.out
##Antal kerner
#BSUB -n 1
##Om kernerne må være på forskellige computere
#BSUB -R "span[hosts=1]"
##Ram pr kerne
#BSUB -R "rusage[mem=10GB]"
##Hvor lang tid må den køre hh:mm
#BSUB -W 45:00
##Email når jobbet starter
##og stopper
module purge
module load python3
python3 KRR/minimizer.py linear 0.01 GP faulty [5]
------------------------------------------------------------

Successfully completed.

Resource usage summary:

    CPU time :                                   1523.30 sec.
    Max Memory :                                 790 MB
    Average Memory :                             631.75 MB
    Total Requested Memory :                     10240.00 MB
    Delta Memory :                               9450.00 MB
    Max Swap :                                   -
    Max Processes :                              4
    Max Threads :                                5
    Run time :                                   1525 sec.
    Turnaround time :                            1525 sec.

The output (if any) is above this job summary.

