Unloaded module: latex/TeXLive12
Loaded module: python3/3.6.2
[-10000]
[-10000.0]
[-1.e+04  1.e+00]
1.0, -10000.0, 0.13451246596174615, 0.2710705639766676

[-1.05e+04  1.00e+00]
1.0, -10500.0, 0.1345124656955392, 0.2710705636052674

[-1.00e+04  1.05e+00]
1.05, -10000.0, 0.13654000286126325, 0.2712983682496351

[-1.05e+04  9.50e-01]
0.95, -10500.0, 0.13242095945218746, 0.27085092220418466

[-1.075e+04  9.000e-01]
0.8999999999999999, -10750.0, 0.13026143457902628, 0.27064110435010735

[-1.125e+04  9.000e-01]
0.8999999999999999, -11250.0, 0.1302614343599827, 0.27064110403744285

[-1.1875e+04  8.5000e-01]
0.8499999999999996, -11875.0, 0.12802945579540942, 0.27044309658473004

[-1.2125e+04  7.5000e-01]
0.7499999999999996, -12125.0, 0.12332819464024626, 0.27009258504119416

[-1.29375e+04  6.25000e-01]
0.6249999999999991, -12937.5, 0.11694660741484544, 0.26977592982805576

[-1.40625e+04  5.75000e-01]
0.5749999999999988, -14062.5, 0.11421509614320408, 0.2697029538499894

[-1.571875e+04  4.125000e-01]
0.4124999999999983, -15718.75, 0.10450514615379645, 0.2698079209507249

[-1.5125e+04  3.5000e-01]
0.3499999999999983, -15125.0, 0.1003854170094052, 0.27006141061351946

[-1.43125e+04  4.75000e-01]
0.47499999999999865, -14312.5, 0.10840155206014089, 0.26969099078414926

[-1.54375e+04  4.25000e-01]
0.4249999999999985, -15437.5, 0.10530175248696444, 0.2697749582082848

[-1.48125e+04  4.75000e-01]
0.47499999999999865, -14812.5, 0.10840155197855764, 0.2696909906162888

[-1.50625e+04  3.75000e-01]
0.37499999999999845, -15062.5, 0.10206114641542557, 0.26994069764393114

[-1.43125e+04  5.25000e-01]
0.5249999999999988, -14312.5, 0.11136963466400014, 0.26967133055552045

[-1.48125e+04  5.25000e-01]
0.5249999999999988, -14812.5, 0.11136963457943345, 0.2696713304141538

[-1.50625e+04  5.50000e-01]
0.5499999999999989, -15062.5, 0.11280713811665596, 0.2696814127378476

[-1.43125e+04  5.75000e-01]
0.574999999999999, -14312.5, 0.11421509609518032, 0.2697029537905948

[-1.46875e+04  5.00000e-01]
0.4999999999999987, -14687.5, 0.10990148282755306, 0.2696740214824087

[-1.44375e+04  5.50000e-01]
0.5499999999999989, -14437.5, 0.11280713821161134, 0.26968141284587877

[-1.4625e+04  5.1250e-01]
0.5124999999999987, -14625.0, 0.11063945985335842, 0.2696709900805709

[-1.5125e+04  5.1250e-01]
0.5124999999999986, -15125.0, 0.11063945978498783, 0.26967098994698574

[-1.553125e+04  5.062500e-01]
0.5062499999999985, -15531.25, 0.11027145535957061, 0.2696720722607232

[-1.49375e+04  5.00000e-01]
0.49999999999999845, -14937.5, 0.10990148279272478, 0.26967402144267905

[-1.484375e+04  5.187500e-01]
0.5187499999999987, -14843.75, 0.11100551365868963, 0.26967075036983046

[-1.534375e+04  5.187500e-01]
0.5187499999999986, -15343.75, 0.11100551358419088, 0.2696707502653652

[-1.5703125e+04  5.2187500e-01]
0.5218749999999985, -15703.125, 0.11118781450451881, 0.2696709391727123

[-1.50625e+04  5.25000e-01]
0.5249999999999988, -15062.5, 0.11136963454318051, 0.2696713303426906

[-1.5109375e+04  5.1562500e-01]
0.5156249999999987, -15109.375, 0.11082272940959056, 0.26967076625734554

[-1.5078125e+04  5.2187500e-01]
0.5218749999999988, -15078.125, 0.11118781458303859, 0.2696709392883695

[-1.51015625e+04  5.17187500e-01]
0.5171874999999987, -15101.5625, 0.11091418204135803, 0.26967073245320383

[-1.56015625e+04  5.17187500e-01]
0.5171874999999986, -15601.5625, 0.11091418198293973, 0.2696707324005232

[-1.59804688e+04  5.16406250e-01]
0.5164062499999984, -15980.46875, 0.11086847075534334, 0.26967074272578073

[-1.5359375e+04  5.1562500e-01]
0.5156249999999986, -15359.375, 0.11082272937609794, 0.26967076619817865

[-1.53476562e+04  5.17968750e-01]
0.5179687499999985, -15347.65625, 0.11095986291458654, 0.26967073490835153

[-1.53554688e+04  5.16406250e-01]
0.5164062499999986, -15355.46875, 0.11086847085039403, 0.269670742857345

[-1.53496094e+04  5.17578125e-01]
0.5175781249999986, -15349.609375, 0.11093702624381316, 0.2696707320706415

[-1.58496094e+04  5.17578125e-01]
0.5175781249999986, -15849.609375, 0.11093702617567955, 0.2696707319528449

[-1.62236328e+04  5.17773437e-01]
0.5177734374999985, -16223.6328125, 0.11094844540540925, 0.26967073289715277

[-1.55976562e+04  5.17968750e-01]
0.5179687499999985, -15597.65625, 0.1109598628751279, 0.2696707348414864

[-1.56005859e+04  5.17382812e-01]
0.5173828124999986, -15600.5859375, 0.11092560503795149, 0.2696707317848206

[-1.61005859e+04  5.17382812e-01]
0.5173828124999985, -16100.5859375, 0.11092560497268213, 0.26967073170806105

[-1.64760742e+04  5.17285156e-01]
0.5172851562499985, -16476.07421875, 0.11091989362934813, 0.26967073185270946

[-1.58515625e+04  5.17187500e-01]
0.5171874999999987, -15851.5625, 0.11091418194833567, 0.26967073231210764

[-1.58500977e+04  5.17480469e-01]
0.5174804687499985, -15850.09765625, 0.11093131582542654, 0.2696707317278505

[-1.63500977e+04  5.17480469e-01]
0.5174804687499985, -16350.09765625, 0.1109313157667568, 0.26967073167325034

[-1.67248535e+04  5.17529297e-01]
0.5175292968749985, -16724.853515625, 0.11093417095190722, 0.2696707316521748

[-1.69753418e+04  5.17431641e-01]
0.5174316406249984, -16975.341796875, 0.11092846034330457, 0.2696707315279515

[-1.75379639e+04  5.17407227e-01]
0.5174072265624983, -17537.9638671875, 0.11092703254914096, 0.26967073141652315

[-1.81622314e+04  5.17553711e-01]
0.5175537109374982, -18162.2314453125, 0.11093559837364848, 0.2696707314864604

[-1.89753418e+04  5.17431641e-01]
0.5174316406249981, -18975.341796875, 0.11092846013739607, 0.2696707311681873

[-2.01005859e+04  5.17382812e-01]
0.517382812499998, -20100.5859375, 0.11092560457075797, 0.2696707310823382

[-1.94763184e+04  5.17236328e-01]
0.517236328124998, -19476.318359375, 0.11091703749588791, 0.2696707315163034

[-1.84907532e+04  5.17474365e-01]
0.5174743652343732, -18490.753173828125, 0.11093095862436325, 0.2696707313143799

[-2.10533752e+04  5.17449951e-01]
0.5174499511718729, -21053.375244140625, 0.11092953071263893, 0.26967073090753185

[-2.28110809e+04  5.17471313e-01]
0.5174713134765603, -22811.080932617188, 0.11093077979679483, 0.2696707307615313

[-2.44209137e+04  5.17379761e-01]
0.5173797607421851, -24420.913696289062, 0.11092542579192849, 0.26967073061430946

[-2.73859940e+04  5.17332458e-01]
0.517332458496091, -27385.99395751953, 0.11092265928275316, 0.2696707303942046

[-3.00964890e+04  5.17420959e-01]
0.5174209594726533, -30096.48895263672, 0.11092783484206147, 0.26967073026009547

[-3.50944405e+04  5.17440033e-01]
0.517440032958981, -35094.44046020508, 0.11092895007579301, 0.2696707299504494

[-3.96693535e+04  5.17301178e-01]
0.5173011779785117, -39669.35348510742, 0.11092082948971071, 0.269670729932342

[-4.80984898e+04  5.17216110e-01]
0.5172161102294874, -48098.48976135254, 0.11091585394475516, 0.2696707300123315

[-4.73778000e+04  5.17408752e-01]
0.5174087524414017, -47377.79998779297, 0.1109271205759171, 0.26967072956838534

[-5.73737030e+04  5.17446899e-01]
0.5174468994140571, -57373.70300292969, 0.1109293512481646, 0.2696707293309338

[-6.19486160e+04  5.17308044e-01]
0.5173080444335878, -61948.61602783203, 0.11092123074578406, 0.2696707294158801

[-7.96529655e+04  5.17453766e-01]
0.5174537658691332, -79652.9655456543, 0.11092975264176705, 0.26967072915032336

[-9.96447716e+04  5.17530060e-01]
0.5175300598144439, -99644.77157592773, 0.11093421385232562, 0.26967072913111606

[-9.50698586e+04  5.17668915e-01]
0.5176689147949132, -95069.85855102539, 0.11094233279485968, 0.2696707296520998

[-7.02289267e+04  5.17398262e-01]
0.5173982620239191, -70228.92665863037, 0.11092650685273918, 0.26967072916780604

[-1.12499995e+05  5.17481422e-01]
0.5174814224243058, -112499.99523162842, 0.1109313697917122, 0.26967072911161627

[-1.40063141e+05  5.17498684e-01]
0.5174986839294302, -140063.14134597778, 0.1109323790647705, 0.269670729083409

[-1.69478986e+05  5.17630482e-01]
0.517630481719955, -169478.98626327515, 0.11094008564125896, 0.26967072915983553

[-1.44666471e+05  5.17572427e-01]
0.5175724267959461, -144666.47136211395, 0.11093669101868492, 0.2696707288731867

[-1.85084841e+05  5.17541051e-01]
0.5175410509109324, -185084.841132164, 0.11093485644622071, 0.2696707288568286

[-2.27804876e+05  5.17546546e-01]
0.5175465464591766, -227804.87591028214, 0.11093517767335216, 0.2696707285662719

[-2.32408206e+05  5.17620289e-01]
0.5176202893256925, -232408.2059264183, 0.11093948951744556, 0.26967072949015536

[-1.63149407e+05  5.17529085e-01]
0.5175290852784957, -163149.4074910879, 0.11093415674211456, 0.26967072869567754

[-2.46287812e+05  5.17503205e-01]
0.5175032049417263, -246287.8120392561, 0.11093264338697126, 0.26967072871934544

[-2.20882477e+05  5.17520510e-01]
0.5175205104052812, -220882.47686997056, 0.1109336553154776, 0.26967072844370543

[-2.85537945e+05  5.17537972e-01]
0.517537971585962, -285537.9452891648, 0.11093467627221584, 0.2696707280393308

[-3.46732214e+05  5.17542415e-01]
0.5175424147396952, -346732.2141882032, 0.11093493601727031, 0.2696707289878253

[-2.78615546e+05  5.17511936e-01]
0.5175119355320665, -278615.5462488532, 0.11093315382612122, 0.2696707284510088

[-2.65912879e+05  5.17520588e-01]
0.5175205882638441, -265912.87866421044, 0.11093365979629512, 0.2696707295068941

[-2.53210211e+05  5.17529241e-01]
0.5175292409956216, -253210.21107956767, 0.11093416569390344, 0.26967072892631994

[-2.56671411e+05  5.17542259e-01]
0.5175422590225693, -256671.41059972346, 0.11093492701512578, 0.2696707286792036

[-2.88999145e+05  5.17550990e-01]
0.5175509896129098, -288999.14480932057, 0.11093543746408427, 0.2696707286407388

[-3.17865679e+05  5.17546702e-01]
0.5175467021763025, -317865.6794987619, 0.1109351867289529, 0.2696707290993436

[-2.71969978e+05  5.17543370e-01]
0.5175433698110026, -271969.97782448307, 0.11093499187959446, 0.2696707288015411

[-2.87268545e+05  5.17544481e-01]
0.5175444805994359, -287268.5450492427, 0.11093505688009257, 0.26967072924025925

[-2.71104678e+05  5.17540115e-01]
0.5175401153042657, -271104.6779444441, 0.11093480184986193, 0.2696707288519948

[-2.69374078e+05  5.17533606e-01]
0.5175336062907919, -269374.0781843662, 0.11093442120024453, 0.26967072887625876

[-2.73847695e+05  5.17536325e-01]
0.517536324867953, -273847.69490058534, 0.11093458009053919, 0.2696707293715264

[-2.78321312e+05  5.17539043e-01]
0.5175390434451139, -278321.31161680445, 0.11093473897702537, 0.26967072842870643

[-2.86403245e+05  5.17541226e-01]
0.517541226092699, -286403.2451692037, 0.11093486651018826, 0.2696707290661919

[-2.77456012e+05  5.17535789e-01]
0.5175357889383769, -277456.0117367655, 0.11093454879087151, 0.2696707290288543

[-2.79692820e+05  5.17537148e-01]
0.5175371482269574, -279692.82009487506, 0.11093462794570463, 0.2696707293206567

[-2.81929628e+05  5.17538508e-01]
0.517538507515538, -281929.6284529846, 0.1109347076801147, 0.26967072935222425

[-2.85970595e+05  5.17539599e-01]
0.5175395988393305, -285970.59522918426, 0.11093477142402303, 0.2696707287857551

[-2.89578912e+05  5.17539063e-01]
0.5175390629097546, -289578.9120653644, 0.11093474007780063, 0.2696707288078606

[-2.87666591e+05  5.17538924e-01]
0.5175389240612005, -287666.59116226947, 0.11093473208991429, 0.2696707286916136

[-2.87233941e+05  5.17537297e-01]
0.517537296807832, -287233.94122225, 0.11093463670458133, 0.26967072850681123

[-2.85105295e+05  5.17536344e-01]
0.5175363443325935, -285105.2953491453, 0.11093458107469734, 0.2696707279645075

[-2.83824647e+05  5.17535054e-01]
0.51753505446829, -283824.6474425832, 0.11093450556682191, 0.26967072822519156

[-2.83409299e+05  5.17537019e-01]
0.5175370191107236, -283409.2994160601, 0.11093462068953899, 0.2696707280751698

[-2.84365460e+05  5.17537089e-01]
0.5175370885350007, -284365.45986760757, 0.11093462474181194, 0.269670728917824

[-2.85321620e+05  5.17537158e-01]
0.5175371579592778, -285321.62031915504, 0.11093462885487661, 0.26967072848547824

[-2.86169618e+05  5.17536821e-01]
0.5175368205702128, -286169.61828569765, 0.1109346090733348, 0.26967072884998566

[-2.84257297e+05  5.17536682e-01]
0.5175366817216586, -284257.2973826027, 0.11093460096256443, 0.2696707292083899

[-2.85691538e+05  5.17536786e-01]
0.5175367858580742, -285691.5380599239, 0.11093460701180531, 0.2696707287480361

[-2.84735378e+05  5.17536716e-01]
0.5175367164337972, -284735.37760837644, 0.11093460301217808, 0.2696707286948024

[-2.84974418e+05  5.17536734e-01]
0.5175367337898664, -284974.4177212633, 0.11093460388936015, 0.26967072839784034

[-2.84758093e+05  5.17535920e-01]
0.5175359201631822, -284758.0927512536, 0.11093455634016558, 0.26967072877594556

[-2.85180738e+05  5.17536849e-01]
0.5175368485102538, -285180.7384271797, 0.11093461055688322, 0.2696707287235886

[-2.85039857e+05  5.17536539e-01]
0.51753653906123, -285039.85653520434, 0.11093459247214128, 0.26967072902949646

[-2.85213458e+05  5.17536751e-01]
0.5175367511459357, -285213.4578341502, 0.11093460498304054, 0.2696707287217812

[-2.85278897e+05  5.17536556e-01]
0.5175365564172992, -285278.89664809115, 0.11093459360909157, 0.2696707297800996

[-2.85099617e+05  5.17536543e-01]
0.5175365434002472, -285099.61656342604, 0.11093459279607794, 0.2696707285398505

[-2.84991454e+05  5.17536137e-01]
0.5175361365869051, -284991.45407842123, 0.11093456901660988, 0.2696707282713978

[-2.84997133e+05  5.17535938e-01]
0.5175359375192514, -284997.1328641405, 0.11093455749872973, 0.26967072866939806

[-2.85073996e+05  5.17536392e-01]
0.5175363919299982, -285073.9956386046, 0.11093458407091374, 0.26967072908656564

[-2.85048375e+05  5.17536240e-01]
0.5175362404597493, -285048.37471378327, 0.11093457509356046, 0.26967072768301475

[-2.85102456e+05  5.17536444e-01]
0.5175364438664204, -285102.4559562857, 0.11093458686554293, 0.26967072938753917

[-2.85051214e+05  5.17536141e-01]
0.5175361409259226, -285051.2141066429, 0.11093456920191976, 0.2696707288518184

[-2.85064025e+05  5.17536217e-01]
0.5175362166610471, -285064.0245690536, 0.11093457363924779, 0.26967072845131523

[-2.85089645e+05  5.17536368e-01]
0.5175363681312959, -285089.64549387497, 0.11093458256862465, 0.26967072921106805

[-2.85070430e+05  5.17536255e-01]
0.5175362545286093, -285070.42980025895, 0.11093457599015918, 0.26967072858784275

[-2.85076835e+05  5.17536292e-01]
0.5175362923961715, -285076.8350314643, 0.1109345782657206, 0.2696707291891235

[-2.85056200e+05  5.17536229e-01]
0.5175362285603982, -285056.1996414184, 0.11093457437514685, 0.2696707287618403

[-2.85027739e+05  5.17536177e-01]
0.5175361766239761, -285027.7393237374, 0.11093457136643202, 0.26967072914985457

[-2.85040013e+05  5.17536206e-01]
0.517536205567025, -285040.0132506691, 0.11093457305338968, 0.2696707291220527

[-2.85064561e+05  5.17536263e-01]
0.5175362634531226, -285064.56110453256, 0.11093457630694718, 0.26967072875794507

[-2.85056736e+05  5.17536275e-01]
0.5175362753524737, -285056.7361768974, 0.11093457709000264, 0.2696707287201848

[-2.85040550e+05  5.17536252e-01]
0.5175362523591005, -285040.5497861481, 0.11093457573099107, 0.2696707286673364

[-2.85032188e+05  5.17536217e-01]
0.517536217466376, -285032.188323034, 0.11093457363004361, 0.2696707287062249

[-2.85038325e+05  5.17536232e-01]
0.5175362319379004, -285038.32528649986, 0.11093457464259829, 0.26967072837027567

[-2.8504615e+05  5.1753622e-01]
0.5175362200385494, -285046.15021413495, 0.11093457379883667, 0.2696707286983715

[-2.85041950e+05  5.17536244e-01]
0.5175362442789627, -285041.94989314483, 0.11093457527682116, 0.2696707290020922

[-2.85043350e+05  5.17536236e-01]
0.5175362361988249, -285043.35000014154, 0.11093457484148296, 0.26967072855923485

[-2.85044462e+05  5.17536246e-01]
0.5175362464094249, -285044.4622499657, 0.11093457559244096, 0.2696707282602119

[-2.85049487e+05  5.17536251e-01]
0.5175362506703494, -285049.4869636075, 0.11093457559838206, 0.26967072876635956

[-2.85044884e+05  5.17536240e-01]
0.517536239816706, -285044.884241008, 0.11093457503927348, 0.26967072797416725

[-2.85048797e+05  5.17536234e-01]
0.5175362338670306, -285048.79670482565, 0.1109345747214783, 0.2696707292073341

[-2.85045546e+05  5.17536243e-01]
0.5175362432738263, -285045.54586368066, 0.11093457520045602, 0.269670728705839

[-2.85046629e+05  5.17536240e-01]
0.5175362401382277, -285046.6294773957, 0.11093457512929801, 0.2696707283030169

[-2.85046418e+05  5.17536243e-01]
0.5175362434345872, -285046.4184818745, 0.11093457534716923, 0.26967072887871163

[-2.85048586e+05  5.17536237e-01]
0.5175362371633898, -285048.58570930443, 0.11093457485413165, 0.2696707289577477

[-2.85046960e+05  5.17536242e-01]
0.5175362418667878, -285046.96028873196, 0.11093457508213334, 0.2696707285669606

[-2.85048044e+05  5.17536239e-01]
0.5175362387311891, -285048.043902447, 0.11093457503673848, 0.26967072857583974

[-2.85047231e+05  5.17536241e-01]
0.5175362410828881, -285047.23119216075, 0.11093457525234102, 0.26967072979013995

[-2.85047502e+05  5.17536240e-01]
0.5175362402989885, -285047.5020955895, 0.11093457518720007, 0.2696707287126134

[-2.85047668e+05  5.17536241e-01]
0.5175362411632686, -285047.6675012576, 0.1109345751742147, 0.2696707280236664

[-2.85048540e+05  5.17536241e-01]
0.5175362413240294, -285048.5401194514, 0.11093457522335663, 0.2696707291899749

[-2.85047762e+05  5.17536241e-01]
0.5175362405552487, -285047.7616015549, 0.11093457502934208, 0.2696707277373693

[-2.85048469e+05  5.17536240e-01]
0.5175362398517295, -285048.4688140806, 0.11093457500221947, 0.2696707290342446

[-2.85047868e+05  5.17536241e-01]
0.5175362408353839, -285047.8678294633, 0.11093457511117867, 0.2696707281091215

[-2.85048068e+05  5.17536241e-01]
0.517536240507499, -285048.0681576691, 0.11093457530108194, 0.26967072857368934

[-2.85048021e+05  5.17536241e-01]
0.517536240811509, -285048.02110752044, 0.11093457490036715, 0.26967072924326435

[-2.85048422e+05  5.17536240e-01]
0.5175362401557393, -285048.42176393187, 0.1109345751368482, 0.2696707285696304

[-2.85048728e+05  5.17536240e-01]
0.5175362401079897, -285048.72832004604, 0.11093457517928307, 0.2696707289527343

[-2.85048233e+05  5.17536240e-01]
0.5175362404076217, -285048.23319826333, 0.11093457507375956, 0.2696707287503209

[-2.85048398e+05  5.17536240e-01]
0.5175362403077444, -285048.39823885757, 0.11093457508063817, 0.2696707283240749

[-2.85048221e+05  5.17536240e-01]
0.5175362404836241, -285048.22143572615, 0.11093457506479634, 0.2696707282429718

[-2.85048198e+05  5.17536241e-01]
0.5175362406356292, -285048.19791065186, 0.11093457516267408, 0.2696707291747026

[-2.85048348e+05  5.17536240e-01]
0.5175362403897156, -285048.34815680614, 0.11093457506918482, 0.2696707290993172

[-2.85048298e+05  5.17536240e-01]
0.5175362404716868, -285048.2980747547, 0.11093457514258113, 0.26967072910617784

[-2.85048386e+05  5.17536240e-01]
0.5175362403837469, -285048.38647632045, 0.11093457500929005, 0.26967072903626615

[-2.85048463e+05  5.17536240e-01]
0.5175362403718093, -285048.463115349, 0.11093457495735302, 0.2696707281398172

[-2.85048451e+05  5.17536240e-01]
0.5175362404478117, -285048.4513528119, 0.1109345751759254, 0.2696707283214812

[-2.85048435e+05  5.17536240e-01]
0.5175362404317955, -285048.435133689, 0.11093457502608714, 0.26967072892179667

[-2.85048419e+05  5.17536240e-01]
0.5175362404157793, -285048.41891456617, 0.11093457510539625, 0.26967072884075494

[-2.85048381e+05  5.17536240e-01]
0.5175362404217481, -285048.38059505186, 0.11093457515446078, 0.2696707283442997

[-2.85048336e+05  5.17536240e-01]
0.517536240465718, -285048.3363942689, 0.11093457505121061, 0.26967072847383583

[-2.85048357e+05  5.17536240e-01]
0.5175362404532333, -285048.3570243432, 0.11093457498912022, 0.26967072839888495

[-2.85048398e+05  5.17536240e-01]
0.517536240428264, -285048.39828449185, 0.11093457519308067, 0.2696707290157671

[-2.85048367e+05  5.17536240e-01]
0.517536240446991, -285048.3673393804, 0.11093457498365251, 0.26967072835518274

[-2.85048388e+05  5.17536240e-01]
0.5175362404345063, -285048.3879694547, 0.11093457497939248, 0.2696707286560656

[-2.85048372e+05  5.17536240e-01]
0.5175362404438698, -285048.372496899, 0.11093457501618385, 0.26967072867515596

[-2.85048378e+05  5.17536240e-01]
0.5175362404407486, -285048.37765441753, 0.11093457498749373, 0.2696707281820809

[-2.85048371e+05  5.17536240e-01]
0.5175362404533701, -285048.37102658185, 0.11093457502565408, 0.26967072829378086

[-2.85048381e+05  5.17536240e-01]
0.517536240447128, -285048.38134161895, 0.11093457496926261, 0.2696707290408673

[-2.85048374e+05  5.17536240e-01]
0.5175362404518096, -285048.3736053411, 0.11093457505773972, 0.2696707284908282

[-2.85048376e+05  5.17536240e-01]
0.517536240450249, -285048.3761841004, 0.1109345750914174, 0.2696707283818389

[-2.85048373e+05  5.17536240e-01]
0.5175362404565598, -285048.37287018256, 0.11093457507250823, 0.26967072872519915

[-2.85048378e+05  5.17536240e-01]
0.5175362404534387, -285048.3780277011, 0.11093457505528788, 0.2696707283903868

[-2.85048377e+05  5.17536240e-01]
0.517536240454219, -285048.3767383215, 0.11093457495345493, 0.26967072855014546

[-2.85048375e+05  5.17536240e-01]
0.5175362404549992, -285048.37544894184, 0.11093457509530891, 0.2696707293429292

[-2.85048374e+05  5.17536240e-01]
0.5175362404581545, -285048.3737919829, 0.1109345751091265, 0.26967072829447575


------------------------------------------------------------
Sender: LSF System <lsfadmin@n-62-21-24>
Subject: Job 1708261: <minimize_batch_job_this_is_on_purpose_to_utilize_more_kernel> in cluster <dcc> Done

Job <minimize_batch_job_this_is_on_purpose_to_utilize_more_kernel> was submitted from host <gbarlogin2> by user <s174007> in cluster <dcc> at Thu Jan 10 17:20:28 2019
Job was executed on host(s) <n-62-21-24>, in queue <hpc>, as user <s174007> in cluster <dcc> at Thu Jan 10 17:20:29 2019
</zhome/b0/b/127184> was used as the home directory.
</zhome/b0/b/127184/Documents/Projects/machine-learning-on-materials> was used as the working directory.
Started at Thu Jan 10 17:20:29 2019
Terminated at Thu Jan 10 18:38:56 2019
Results reported at Thu Jan 10 18:38:56 2019

Your job looked like:

------------------------------------------------------------
# LSBATCH: User input
#!/bin/bash
##Kør på cpu
#BSUB -q hpc
##Navn på job
#BSUB -J minimize_batch_job_this_is_on_purpose_to_utilize_more_kernel
##Output fil
#BSUB -o output/minimize/linear_GP_deep_batchjobs-%J.out
##Antal kerner
#BSUB -n 1
##Om kernerne må være på forskellige computere
#BSUB -R "span[hosts=1]"
##Ram pr kerne
#BSUB -R "rusage[mem=10GB]"
##Hvor lang tid må den køre hh:mm
#BSUB -W 45:00
##Email når jobbet starter
##og stopper
module purge
module load python3
python3 KRR/minimizer.py linear 1 GP deep [-10000]
------------------------------------------------------------

Successfully completed.

Resource usage summary:

    CPU time :                                   4688.55 sec.
    Max Memory :                                 1552 MB
    Average Memory :                             1272.39 MB
    Total Requested Memory :                     10240.00 MB
    Delta Memory :                               8688.00 MB
    Max Swap :                                   -
    Max Processes :                              4
    Max Threads :                                5
    Run time :                                   4708 sec.
    Turnaround time :                            4708 sec.

The output (if any) is above this job summary.

