Unloaded module: latex/TeXLive12
Loaded module: python3/3.6.2
[5]
[5.0]
[5. 1.]
1.0, 5.0, 0.22507535201385825, 0.3062876675496334

[5.25 1.  ]
1.0, 5.25, 0.22507540143192248, 0.30628738884116996

[5.   1.05]
1.05, 5.0, 0.22826365829808679, 0.3073104260759018

[5.25 0.95]
0.95, 5.25, 0.2217376136338816, 0.30524466566497294

[5.375 0.9  ]
0.8999999999999999, 5.375, 0.21823632566783066, 0.3041814629630515

[5.625 0.9  ]
0.8999999999999999, 5.625, 0.21823636635712343, 0.30418123156363536

[5.9375 0.85  ]
0.8499999999999996, 5.9375, 0.21455547623824178, 0.3030972417289633

[6.0625 0.75  ]
0.7499999999999996, 6.0625, 0.20657737963185008, 0.3008670557922517

[6.46875 0.625  ]
0.6249999999999991, 6.46875, 0.19519035007109506, 0.2979633727806925

[7.03125 0.575  ]
0.5749999999999988, 7.03125, 0.1900890957798702, 0.29676789274589815

[7.859375 0.4125  ]
0.4124999999999983, 7.859375, 0.17056108891255845, 0.29278262831367186

[8.390625 0.1875  ]
0.18749999999999778, 8.390625, 0.13080419100116336, 0.2874122004827104

[7.296875 0.4625  ]
0.4624999999999986, 7.296875, 0.17713338731479927, 0.29402084473598405

[8.953125 0.1375  ]
0.1374999999999975, 8.953125, 0.11828199131935808, 0.28643851993187863

[8.265625 0.2875  ]
0.287499999999998, 8.265625, 0.151062010060869, 0.28970515623224036

[9.078125 0.0375  ]
0.03749999999999731, 9.078125, 0.08636887526238389, 0.2856782716022624

[8.703125 0.1375  ]
0.1374999999999976, 8.703125, 0.1182819837886187, 0.2864385595037352

[9.328125 0.0375  ]
0.03749999999999723, 9.328125, 0.08636887791817474, 0.2856782481321464

[9.078125 0.0875  ]
0.08749999999999739, 9.078125, 0.10352015034952, 0.28573393266867886

[9.140625 0.0625  ]
0.06249999999999733, 9.140625, 0.09517848368900976, 0.2855755487489631

[9.390625 0.0625  ]
0.06249999999999725, 9.390625, 0.09517848789333312, 0.28557552180281465

[9.546875 0.075   ]
0.07499999999999724, 9.546875, 0.09942727796457339, 0.2856314959848326

[9.203125 0.0875  ]
0.08749999999999736, 9.203125, 0.1035201530980596, 0.2857339171353376

[9.296875 0.05    ]
0.04999999999999726, 9.296875, 0.09080221844355447, 0.2855819997052053

[9.234375 0.075   ]
0.07499999999999732, 9.234375, 0.09942727209404909, 0.28563153084306925

[9.28125 0.05625]
0.056249999999997274, 9.28125, 0.09300325918716891, 0.28556962183427453

[9.53125 0.05625]
0.0562499999999972, 9.53125, 0.09300326292727316, 0.28556959655280373

[9.7265625 0.053125 ]
0.05312499999999713, 9.7265625, 0.09190543287536163, 0.28557327224366236

[9.421875 0.05    ]
0.04999999999999721, 9.421875, 0.09080222014607153, 0.2855819873928431

[9.3984375 0.059375 ]
0.05937499999999724, 9.3984375, 0.09409458560154146, 0.2855704741716155

[9.4140625 0.053125 ]
0.05312499999999722, 9.4140625, 0.09190542857667994, 0.28557330223730765

[9.40234375 0.0578125 ]
0.05781249999999724, 9.40234375, 0.09354979860128443, 0.28556949651374824

[9.65234375 0.0578125 ]
0.05781249999999716, 9.65234375, 0.0935498023322306, 0.2855694716573551

[9.83789062 0.05859375]
0.05859374999999711, 9.837890625, 0.09382242441009268, 0.2855698091043251

[9.5234375 0.059375 ]
0.0593749999999972, 9.5234375, 0.09409458753538089, 0.2855704614625021

[9.52929688 0.05703125]
0.0570312499999972, 9.529296875, 0.09327674331792199, 0.2855694010133978

[9.77929688 0.05703125]
0.05703124999999712, 9.779296875, 0.0932767469100795, 0.2855693769099886

[9.96777344 0.05664062]
0.05664062499999706, 9.9677734375, 0.09314006121202943, 0.28556942230700577

[9.65625 0.05625]
0.05624999999999716, 9.65625, 0.09300326472469875, 0.2855695844031858

[9.65332031 0.05742187]
0.05742187499999716, 9.6533203125, 0.0934133275681486, 0.2855693958024086

[9.90332031 0.05742187]
0.05742187499999707, 9.9033203125, 0.09341333108996533, 0.2855693722562639

[10.09033203  0.05761719]
0.057617187499997, 10.09033203125, 0.09348158458878751, 0.2855693846813731

[10.02929688  0.05703125]
0.05703124999999703, 10.029296875, 0.09327675032321543, 0.2855693540082813

[10.21728516  0.05683594]
0.05683593749999698, 10.21728515625, 0.09320842173622813, 0.28556936018576734

[10.15332031  0.05742187]
0.057421874999996986, 10.1533203125, 0.09341333443841238, 0.28556934986937854

[10.34033203  0.05761719]
0.05761718749999692, 10.34033203125, 0.09348158782498205, 0.2855693630839764

[10.27929688  0.05703125]
0.05703124999999695, 10.279296875, 0.09327675357038746, 0.2855693322208914

[10.46728516  0.05683594]
0.05683593749999688, 10.46728515625, 0.09320842485736186, 0.2855693392054898

[10.40332031  0.05742187]
0.05742187499999691, 10.4033203125, 0.09341333762595501, 0.28556932855900674

[10.59033203  0.05761719]
0.05761718749999685, 10.59033203125, 0.09348159090844357, 0.2855693425057367

[10.52929688  0.05703125]
0.05703124999999687, 10.529296875, 0.09327675666336904, 0.2855693114677711

[10.71728516  0.05683594]
0.056835937499996825, 10.71728515625, 0.09320842783295344, 0.28556931920448847

[10.65332031  0.05742187]
0.05742187499999682, 10.6533203125, 0.09341334066393842, 0.2855693082482532

[10.84033203  0.05761719]
0.05761718749999675, 10.84033203125, 0.09348159384971422, 0.2855693228771491

[10.77929688  0.05703125]
0.05703124999999678, 10.779296875, 0.09327675961294524, 0.2855692916775045

[10.96728516  0.05683594]
0.0568359374999967, 10.96728515625, 0.0932084306729276, 0.28556930011491455

[10.90332031  0.05742187]
0.057421874999996736, 10.9033203125, 0.09341334356269741, 0.2855692888689685

[11.09033203  0.05761719]
0.05761718749999667, 11.09033203125, 0.09348159665842504, 0.28556930413297466

[11.02929688  0.05703125]
0.0570312499999967, 11.029296875, 0.09327676242887689, 0.28556927278405003

[11.21728516  0.05683594]
0.05683593749999666, 11.21728515625, 0.09320843338632924, 0.28556928187636205

[11.15332031  0.05742187]
0.05742187499999666, 11.1533203125, 0.0934133463315138, 0.28556927035837526

[11.34033203  0.05761719]
0.0576171874999966, 11.34033203125, 0.0934815993433487, 0.28556928621562955

[11.27929688  0.05703125]
0.05703124999999662, 11.279296875, 0.09327676511999022, 0.2855692547283376

[11.46728516  0.05683594]
0.05683593749999655, 11.46728515625, 0.09320843598146089, 0.28556926443307407

[11.40332031  0.05742187]
0.05742187499999657, 11.4033203125, 0.09341334897896407, 0.2855692526597212

[11.59033203  0.05761719]
0.0576171874999965, 11.59033203125, 0.09348160191247605, 0.2855692690711351

[11.52929688  0.05703125]
0.05703124999999653, 11.529296875, 0.09327676769443974, 0.2855692374555939

[11.71728516  0.05683594]
0.05683593749999648, 11.71728515625, 0.09320843846588742, 0.2855692477341465

[11.65332031  0.05742187]
0.057421874999996486, 11.6533203125, 0.09341335151284998, 0.2855692357201548

[11.84033203  0.05761719]
0.05761718749999642, 11.84033203125, 0.09348160437312003, 0.28556925265030625

[11.77929688  0.05703125]
0.05703124999999645, 11.779296875, 0.0932767701596403, 0.28556922091627657

[11.96728516  0.05683594]
0.05683593749999638, 11.96728515625, 0.09320844084653705, 0.28556923173281007

[11.90332031  0.05742187]
0.05742187499999641, 11.9033203125, 0.09341335394035837, 0.28556921949205194

[12.09033203  0.05761719]
0.05761718749999635, 12.09033203125, 0.09348160673205547, 0.285569236909513

[12.02929688  0.05703125]
0.05703124999999637, 12.029296875, 0.09327677252238706, 0.2855692050641172

[12.21728516  0.05683594]
0.056835937499996325, 12.21728515625, 0.09320844312980393, 0.2855692163863862

[12.15332031  0.05742187]
0.05742187499999632, 12.1533203125, 0.09341335626798068, 0.28556920393171575

[12.34033203  0.05761719]
0.05761718749999625, 12.34033203125, 0.09348160899542164, 0.28556922180553235

[12.27929688  0.05703125]
0.05703124999999628, 12.279296875, 0.09327677478898308, 0.2855691898573862

[12.46728516  0.05683594]
0.0568359374999962, 12.46728515625, 0.09320844532151353, 0.28556920165537986

[12.40332031  0.05742187]
0.057421874999996236, 12.4033203125, 0.09341335850181755, 0.2855691889988866

[12.59033203  0.05761719]
0.05761718749999617, 12.59033203125, 0.09348161116894045, 0.2855692073013769

[12.52929688  0.05703125]
0.0570312499999962, 12.529296875, 0.09327677696511988, 0.28556917525761233

[12.71728516  0.05683594]
0.05683593749999616, 12.71728515625, 0.09320844742706197, 0.28556918750357496

[12.65332031  0.05742187]
0.05742187499999616, 12.6533203125, 0.09341336064739164, 0.285569174655661

[12.84033203  0.05761719]
0.0576171874999961, 12.84033203125, 0.09348161325783516, 0.2855691933620026

[12.77929688  0.05703125]
0.05703124999999612, 12.779296875, 0.09327677905616973, 0.2855691612287579

[12.96728516  0.05683594]
0.05683593749999605, 12.96728515625, 0.09320844945144395, 0.2855691738974247

[12.90332031  0.05742187]
0.05742187499999607, 12.9033203125, 0.09341336270987491, 0.28556916086810635

[13.09033203  0.05761719]
0.057617187499996, 13.09033203125, 0.09348161526696162, 0.28556917995594633

[13.02929688  0.05703125]
0.05703124999999603, 13.029296875, 0.09327678106695765, 0.2855691477385859

[13.21728516  0.05683594]
0.05683593749999598, 13.21728515625, 0.09320845139929311, 0.2855691608058714

[13.15332031  0.05742187]
0.05742187499999599, 13.1533203125, 0.09341336469395395, 0.28556914760526136

[13.34033203  0.05761719]
0.05761718749999592, 13.34033203125, 0.09348161720081434, 0.2855691670511854

[13.27929688  0.05703125]
0.05703124999999595, 13.279296875, 0.0932767830020548, 0.2855691347562062

[13.46728516  0.05683594]
0.05683593749999588, 13.46728515625, 0.09320845327480377, 0.28556914820052187

[13.40332031  0.05742187]
0.05742187499999591, 13.4033203125, 0.09341336660403517, 0.28556913483712054

[13.52929688  0.05703125]
0.05703124999999587, 13.529296875, 0.09327678486568323, 0.28556912225361075

[13.71728516  0.05683594]
0.056835937499995826, 13.71728515625, 0.09320845508200369, 0.2855691360544231

[13.40527344  0.05664062]
0.05664062499999591, 13.4052734375, 0.09314009546304851, 0.285569191666379

[13.40380859  0.05722656]
0.057226562499995914, 13.40380859375, 0.09334508861734725, 0.28556912298745474

[13.65380859  0.05722656]
0.05722656249999583, 13.65380859375, 0.09334509045209748, 0.28556911070077956

[13.84106445  0.05732422]
0.05732421874999577, 13.841064453125, 0.0933792341331394, 0.28556910553201914

[13.96655273  0.05712891]
0.057128906249995726, 13.966552734375, 0.09331094363139626, 0.28556909653644097

[14.2479248   0.05708008]
0.05708007812499563, 14.2479248046875, 0.09329386852176957, 0.2855690857483004

[14.55969238  0.05737305]
0.05737304687499553, 14.5596923828125, 0.09339630759725331, 0.2855690769219631

[15.07489014  0.05754395]
0.05754394531249535, 15.07489013671875, 0.0934560378570325, 0.2855690764336892

[15.48175049  0.0572998 ]
0.05729980468749521, 15.48175048828125, 0.09337070946798713, 0.2855690352952106

[16.30209351  0.0572876 ]
0.057287597656244915, 16.302093505859375, 0.09336644619894933, 0.28556900548542447

[17.12905884  0.05775146]
0.05775146484374463, 17.129058837890625, 0.09352854652230123, 0.2855690473918503

[18.35626221  0.05749512]
0.0574951171874942, 18.35626220703125, 0.09343899107008889, 0.2855689623759898

[19.99694824  0.0574707 ]
0.05747070312499364, 19.9969482421875, 0.09343046506797016, 0.28556891891534225

[19.16998291  0.05700684]
0.05700683593749392, 19.16998291015625, 0.09326827403469805, 0.2855689287772133

[22.86483765  0.05718994]
0.057189941406242645, 22.864837646484375, 0.09333232496088942, 0.2855688450838571

[26.14620972  0.05714111]
0.057141113281241496, 26.146209716796875, 0.09331525737032952, 0.28556879636840377

[26.97317505  0.05760498]
0.05760498046874121, 26.973175048828125, 0.09347740347779664, 0.2855688232465172

[33.12243652  0.05727539]
0.05727539062498907, 33.1224365234375, 0.09336222033231077, 0.28556872472405176

[39.68518066  0.05717773]
0.0571777343749868, 39.6851806640625, 0.09332808126440317, 0.2855686784491146

[38.85821533  0.05671387]
0.05671386718748708, 38.85821533203125, 0.0931657976707236, 0.28556873620522577

[52.39718628  0.05675049]
0.056750488281232386, 52.397186279296875, 0.0931786237362949, 0.2855686687880713

[6.55226746e+01 5.65551758e-02]
0.05655517578122782, 65.52267456054688, 0.09311025985708911, 0.285568683133996

[53.22415161  0.05721436]
0.0572143554687321, 53.224151611328125, 0.09334089532468844, 0.28556862079998135

[6.04071198e+01 5.74645996e-02]
0.05746459960935463, 60.40711975097656, 0.09342837709620028, 0.2855686168608917

[7.31191254e+01 5.70373535e-02]
0.057037353515600214, 73.11912536621094, 0.09327900048602254, 0.2855685805696727

[8.98360977e+01 5.69671631e-02]
0.056967163085906936, 89.83609771728516, 0.09325445063629671, 0.2855685639454244

[9.78460312e+01 5.76812744e-02]
0.05768127441402918, 97.84603118896484, 0.09350409373385572, 0.2855685965375112

[1.27275009e+02 5.71838379e-02]
0.057183837890581485, 127.27500915527344, 0.09333023885692476, 0.28556852246324116

[1.60708954e+02 5.70434570e-02]
0.0570434570311949, 160.70895385742188, 0.0932811453790774, 0.28556851315556164

[1.52699020e+02 5.63293457e-02]
0.05632934570307266, 152.6990203857422, 0.09303118753605973, 0.28556868338527264

[1.11559278e+02 5.73432922e-02]
0.05734329223629005, 111.55927848815918, 0.09338598694476573, 0.2855685371709699

[1.82432135e+02 5.74195862e-02]
0.05741958618157801, 182.4321346282959, 0.09341265975796266, 0.2855685121577577

[2.28730153e+02 5.76457977e-02]
0.057645797729413556, 228.73015308380127, 0.09349170805777536, 0.2855685363576331

[2.3158181e+02 5.7119751e-02]
0.057119750976482864, 231.5818099975586, 0.09330783206671826, 0.2855684919970376

[2.91593076e+02 5.70079803e-02]
0.05700798034657928, 291.5930757522583, 0.09326873962272116, 0.2855684908452623

[3.13316257e+02 5.73841095e-02]
0.05738410949696239, 313.3162565231323, 0.09340026267336647, 0.2855684882752422

[3.89619908e+02 5.75544357e-02]
0.05755443572984614, 389.61990785598755, 0.0934597895534804, 0.285568503512185

[4.22477198e+02 5.69725037e-02]
0.05697250366196366, 422.4771976470947, 0.09325633067146726, 0.2855684846619278

[5.42499729e+02 5.67489624e-02]
0.05674896240215649, 542.4997291564941, 0.0931781127086296, 0.28556851443420245

[4.44200378e+02 5.73486328e-02]
0.05734863281234677, 444.20037841796875, 0.09338786288292587, 0.2855684771155524

[5.2050403e+02 5.7518959e-02]
0.05751895904523052, 520.504029750824, 0.09344739363664588, 0.28556849228910924

[5.5336132e+02 5.6937027e-02]
0.05693702697734804, 553.3613195419312, 0.09324392017648192, 0.28556848358656334

[5.75084500e+02 5.73131561e-02]
0.05731315612773115, 575.0845003128052, 0.09337546162946411, 0.28556847037307603

[6.51388152e+02 5.74834824e-02]
0.0574834823606149, 651.3881516456604, 0.09343499647656067, 0.2855684839367806

[4.65923559e+02 5.77247620e-02]
0.05772476196272988, 465.9235591888428, 0.09351929557086898, 0.2855685336212652

[5.31501879e+02 5.71339607e-02]
0.0571339607236935, 531.5018794536591, 0.09331280480994195, 0.28556846962516663

[6.62386001e+02 5.70984840e-02]
0.05709848403907787, 662.3860013484955, 0.09330039803818349, 0.2855684676141856

[7.71478813e+02 5.69734097e-02]
0.056973409652443435, 771.4788128137589, 0.0932566490486193, 0.2855684749481817

[6.18803380e+02 5.69192886e-02]
0.05691928863504021, 618.8033804893494, 0.0932377144843934, 0.2855684840408534

[5.86014220e+02 5.72146893e-02]
0.057214689254558415, 586.0142203569412, 0.09334103498556878, 0.2855684671556666

[7.16898342e+02 5.71792126e-02]
0.05717921256994279, 716.8983422517776, 0.09332863013037984, 0.28556846438284283

[8.09596574e+02 5.72018385e-02]
0.05720183849306744, 809.596573650837, 0.09333654214415314, 0.2855684628586773

[7.33224793e+02 5.73180437e-02]
0.05731804370854798, 733.2247926592827, 0.09337717078724632, 0.28556846725759827

[7.15515095e+02 5.72631538e-02]
0.05726315379118046, 715.5150948315859, 0.09335798076462273, 0.28556846525167034

[9.39097448e+02 5.72503030e-02]
0.057250303029689475, 939.0974481254816, 0.09335348817249829, 0.2855684619331914

[1.11563906e+03 5.72681099e-02]
0.057268109917255006, 1115.6390620097518, 0.09335971422941756, 0.2855684609176847

[1.20972054e+03 5.72067946e-02]
0.057206794619141986, 1209.7205408290029, 0.09333827569746796, 0.28556845917880774

[1.45682326e+03 5.71786150e-02]
0.05717861503312276, 1456.8232638277113, 0.09332842213171492, 0.28556845804699627

[1.76286575e+03 5.72448865e-02]
0.05724488645731032, 1762.8657521866262, 0.0933515949987586, 0.28556845734067887

[2.23950034e+03 5.72664104e-02]
0.05726641043943176, 2239.500341454521, 0.09335912065208771, 0.28556845678567117

[2.58068454e+03 5.71769156e-02]
0.05717691555529951, 2580.6845432724804, 0.0933278282410838, 0.2855684553263689

[3.31320728e+03 5.71313184e-02]
0.057131318374321755, 3313.2072839038447, 0.09331188284877659, 0.28556845549404347

[3.36336162e+03 5.72647110e-02]
0.05726471096160851, 3363.36162089929, 0.0933585266722272, 0.28556845539958564

[3.70454582e+03 5.71752161e-02]
0.05717521607747626, 3704.5458227172494, 0.09332723412215431, 0.2855684542292056

[4.43706856e+03 5.71296189e-02]
0.05712961889649851, 4437.068563348614, 0.09331128860938051, 0.2855684548910457

[2.92186875e+03 5.70874207e-02]
0.05708742067116726, 2921.86874509044, 0.09329653023150906, 0.28556845758178445

[3.25298840e+03 5.72203884e-02]
0.0572203883889982, 3252.9884019470774, 0.09334302962314758, 0.28556845464353026

[4.37684968e+03 5.72186889e-02]
0.057218688911174945, 4376.849681391846, 0.09334243549079498, 0.28556845385597485

[5.27493225e+03 5.72395756e-02]
0.05723957558911266, 5274.932250451529, 0.09334973859969593, 0.28556845389956476

[4.82840710e+03 5.71735166e-02]
0.05717351659965301, 4828.407102162018, 0.09332663990964057, 0.285568453753357

[5.61611645e+03 5.71500807e-02]
0.05715008070498041, 5616.116452269489, 0.09331844444886632, 0.2855684539123812

[5.50071096e+03 5.72169894e-02]
0.0572169894333517, 5500.710960836615, 0.09334184130752947, 0.2855684533974171

[6.39879353e+03 5.72378761e-02]
0.057237876111289415, 6398.793529896298, 0.09334914443311382, 0.285568453686345

[5.95226838e+03 5.71718171e-02]
0.05717181712182977, 5952.268381606787, 0.0933260456731321, 0.2855684534660058

[6.62457224e+03 5.72152900e-02]
0.05721528995552846, 6624.572240281384, 0.09334124711318523, 0.2855684532133686

[7.52265481e+03 5.72361766e-02]
0.05723617663346618, 7522.654809341067, 0.09334855024801654, 0.2855684531869057

[7.07109739e+03 5.72813489e-02]
0.05728134894498811, 7071.097388570895, 0.09336434386454927, 0.2855684546213168

[6.23197563e+03 5.71992001e-02]
0.057199200077619354, 6231.975633347814, 0.09333562100998992, 0.2855684530385515

[8.25391948e+03 5.72183873e-02]
0.05721838727773383, 8253.919481852266, 0.0933423301737762, 0.2855684530209009

[9.63052374e+03 5.72190862e-02]
0.05721908619992491, 9630.523742360092, 0.0933425745532781, 0.2855684526297724

[8.33984457e+03 5.71821096e-02]
0.05718210964407809, 8339.844566366839, 0.09332964489501755, 0.28556845293766536

[1.17383927e+04 5.72019958e-02]
0.05720199576638365, 11738.392675379117, 0.09333659868025157, 0.28556845257821645

[1.44916012e+04 5.72033936e-02]
0.057203393610765804, 14491.601196394768, 0.09333708748242342, 0.28556845244278106

[1.57822804e+04 5.72403702e-02]
0.057240370166612625, 15782.28037238802, 0.09335001658856965, 0.28556845271668163

[1.39216714e+04 5.72258050e-02]
0.057225805035978995, 13921.671420882725, 0.093344923905157, 0.28556845264536157

[1.02004535e+04 5.71966748e-02]
0.05719667477471172, 10200.453517872134, 0.09333473806787213, 0.2855684526145363

[1.50615310e+04 5.71809822e-02]
0.05718098218555262, 15061.53097190681, 0.0933292507259774, 0.2855684526705997

[1.09882755e+04 5.72095602e-02]
0.05720956019633184, 10988.275549746772, 0.09333924372070433, 0.28556845272658843

[1.23460274e+04 5.72000342e-02]
0.057200034192738766, 12346.027357133451, 0.09333591278368263, 0.28556845255745

[1.20610625e+04 5.72112399e-02]
0.05721123990534536, 12061.06246937743, 0.09333983105200087, 0.28556845247471263

[1.42066363e+04 5.72145993e-02]
0.0572145993233724, 14206.636308638746, 0.0933410057365622, 0.28556845272601145

[1.28111796e+04 5.72036755e-02]
0.057203675475397175, 12811.179595009775, 0.09333718603816445, 0.28556845268678693

[1.32763318e+04 5.72073168e-02]
0.057207316758055585, 13276.331832886099, 0.09333845927151171, 0.2855684522582828

[1.34188143e+04 5.72017139e-02]
0.057201713901752285, 13418.81427676411, 0.09333650013430424, 0.28556845249241336

[1.43491188e+04 5.72089965e-02]
0.057208996467069104, 14349.118752516757, 0.0933390466325599, 0.28556845247731066

[1.41165426e+04 5.72071758e-02]
0.0572071758257399, 14116.542633578596, 0.0933384100063684, 0.28556845232493083

[1.29012733e+04 5.72110990e-02]
0.057211098973029686, 12901.273270069927, 0.09333978176472311, 0.2855684523604716

[1.32988553e+04 5.72091726e-02]
0.057209172632463716, 13298.855251651137, 0.09333910822196897, 0.285568452542911

[1.36964372e+04 5.72072463e-02]
0.057207246291897745, 13696.437233232347, 0.09333843464249285, 0.2855684523715897

[1.38839665e+04 5.72053552e-02]
0.057205355184410694, 13883.966514640433, 0.09333777338227588, 0.2855684523166692

[1.34638611e+04 5.72054257e-02]
0.057205425650568534, 13463.861114294185, 0.09333779801984925, 0.28556845247813173

[1.36382932e+04 5.72067911e-02]
0.057206791131565446, 13638.293203497808, 0.09333827549621306, 0.2855684525204123

[1.35801492e+04 5.72063360e-02]
0.05720633597123314, 13580.149173763266, 0.09333811634868722, 0.28556845244458434

[1.34863845e+04 5.72072815e-02]
0.057207281524976665, 13486.384533059223, 0.09333844695080297, 0.28556845246757434

[1.33700965e+04 5.72063712e-02]
0.05720637120431205, 13370.096473590143, 0.0933381286412832, 0.2855684522137822

[1.33119524e+04 5.72059160e-02]
0.057205916043979746, 13311.952443855604, 0.09333796950287884, 0.2855684526531158

[1.30662791e+04 5.72073520e-02]
0.057207351991134504, 13066.279132712976, 0.09333847160162997, 0.2855684524617201

[1.34516817e+04 5.72065900e-02]
0.05720658997620848, 13451.681663500694, 0.09333820515578994, 0.2855684524492339

[1.33232142e+04 5.72068440e-02]
0.05720684398118382, 13323.214153238121, 0.09333829396274773, 0.28556845248390517

[1.34751228e+04 5.72063536e-02]
0.057206353587772596, 13475.122823676706, 0.093338122476143, 0.2855684524484782

[1.35220051e+04 5.72058808e-02]
0.05720588081090082, 13522.005144028728, 0.09333795716759379, 0.2855684523105246

[1.34169788e+04 5.72058984e-02]
0.05720589842744028, 13416.978793942166, 0.09333796333859033, 0.28556845268357917

[1.34605868e+04 5.72062398e-02]
0.05720623979768952, 13460.58681624307, 0.09333808270703227, 0.2855684523052451

[1.33086781e+04 5.72067302e-02]
0.057206730191100744, 13308.678145804486, 0.09333825416385243, 0.285568452465081

[1.34686734e+04 5.72060932e-02]
0.0572060931559508, 13468.673394472667, 0.0933380314359651, 0.28556845237371664

[1.34153416e+04 5.72063055e-02]
0.05720630550100078, 13415.341644916607, 0.09333810567278111, 0.2855684522824265

[1.34460508e+04 5.72061260e-02]
0.05720612600760644, 13446.050808809436, 0.09333804291337798, 0.28556845251859375

[1.33393873e+04 5.72065507e-02]
0.05720655069770639, 13339.387309697315, 0.0933381914224927, 0.2855684523255901

[1.33660532e+04 5.72064445e-02]
0.057206444525181394, 13366.053184475346, 0.09333815431444871, 0.28556845255218377

[1.33927191e+04 5.72063384e-02]
0.05720633835265641, 13392.719059253375, 0.09333811716111982, 0.2855684524031794

[1.34080736e+04 5.72062486e-02]
0.05720624860595924, 13408.07364119979, 0.09333808578283576, 0.2855684525148941

[1.33547419e+04 5.72064610e-02]
0.05720646095100923, 13354.741891643727, 0.09333816002003446, 0.2855684526080354

[1.33947407e+04 5.72063017e-02]
0.05720630169222174, 13394.740703810774, 0.0933381043467048, 0.28556845243464307

[1.33680748e+04 5.72064079e-02]
0.05720640786474673, 13368.074829032743, 0.09333814148628415, 0.28556845256988594

[1.33880742e+04 5.72063282e-02]
0.05720632823535299, 13388.074235116266, 0.09333811363370507, 0.2855684522665245

[1.33654516e+04 5.72063611e-02]
0.05720636108700862, 13365.451649453034, 0.09333812511226984, 0.2855684524790366

[1.33859022e+04 5.72063440e-02]
0.057206344036244465, 13385.90220680329, 0.09333811916200117, 0.2855684523782187

[1.33722685e+04 5.72063554e-02]
0.05720635540342057, 13372.26850190312, 0.09333812313498477, 0.28556845247583934

[1.33824938e+04 5.72063469e-02]
0.057206346878038494, 13382.493780578247, 0.09333812014779523, 0.2855684523070091

[1.33756769e+04 5.72063526e-02]
0.05720635256162654, 13375.676928128163, 0.09333812211806865, 0.2855684525303489

[1.33807896e+04 5.72063483e-02]
0.057206348298935505, 13380.789567465727, 0.09333812064880043, 0.2855684524625961

[1.33790854e+04 5.72063497e-02]
0.05720634971983252, 13379.085354353205, 0.0933381211401639, 0.2855684524898564

[1.33762951e+04 5.72063590e-02]
0.05720635904117527, 13376.295127084195, 0.0933381243914919, 0.28556845250290935

[1.33728867e+04 5.72063619e-02]
0.05720636188296929, 13372.886700859155, 0.09333812539291454, 0.2855684528208669

[1.33754430e+04 5.72063598e-02]
0.057206359751623775, 13375.443020527935, 0.09333812466509506, 0.28556845260347036

[1.33745909e+04 5.72063605e-02]
0.05720636046207228, 13374.590913971675, 0.09333812488914708, 0.2855684521558522

[1.33731958e+04 5.72063651e-02]
0.05720636512274366, 13373.19580033717, 0.09333812653646034, 0.2855684524549298

[1.33714916e+04 5.72063665e-02]
0.05720636654364067, 13371.49158722465, 0.09333812700849663, 0.28556845233555056

[1.33719176e+04 5.72063662e-02]
0.057206366188416416, 13371.91764050278, 0.09333812690329103, 0.2855684524008689

[1.33723437e+04 5.72063658e-02]
0.05720636583319216, 13372.34369378091, 0.09333812675997638, 0.28556845247737467

[1.33738934e+04 5.72063628e-02]
0.05720636279240797, 13373.893357154422, 0.09333812572486594, 0.2855684524216581

[1.33761406e+04 5.72063574e-02]
0.05720635742128809, 13376.140577345188, 0.09333812383344152, 0.28556845236259243

[1.33768381e+04 5.72063551e-02]
0.0572063550909524, 13376.83813416244, 0.0933381230148566, 0.28556845254543295

[1.33746296e+04 5.72063609e-02]
0.05720636086704407, 13374.629551406426, 0.09333812503082338, 0.285568452475056

[1.33753657e+04 5.72063589e-02]
0.057206358941680184, 13375.365745658431, 0.09333812435927609, 0.285568452366271

[1.33742421e+04 5.72063616e-02]
0.057206361627240125, 13374.242135563049, 0.09333812532533502, 0.28556845264047215

[1.33757145e+04 5.72063578e-02]
0.05720635777651235, 13375.71452406706, 0.0933381239564533, 0.28556845263538394

[1.33753464e+04 5.72063587e-02]
0.05720635873919429, 13375.346426941054, 0.09333812430471641, 0.2855684525395711

[1.33746102e+04 5.72063607e-02]
0.057206360664558184, 13374.610232689054, 0.0933381249649136, 0.28556845226676775

[1.33738354e+04 5.72063622e-02]
0.05720636218495028, 13373.835401002298, 0.09333812550466583, 0.2855684523338624

[1.33742180e+04 5.72063614e-02]
0.05720636137413275, 13374.217987166332, 0.09333812521793057, 0.2855684524537978

[1.33746006e+04 5.72063606e-02]
0.05720636056331523, 13374.600573330365, 0.0933381249369193, 0.2855684524742214

[1.33749783e+04 5.72063597e-02]
0.057206359701876236, 13374.978329815054, 0.09333812463516367, 0.28556845263852526

[1.33742132e+04 5.72063613e-02]
0.057206361323511284, 13374.213157486985, 0.0933381252227731, 0.28556845222692623

[1.33742035e+04 5.72063612e-02]
0.05720636122226833, 13374.203498128296, 0.09333812515652866, 0.2855684525798534

[1.33745013e+04 5.72063607e-02]
0.057206360728053504, 13374.501304529847, 0.09333812497062481, 0.28556845227659167

[1.33743028e+04 5.72063611e-02]
0.05720636105753006, 13374.302766928813, 0.09333812511829377, 0.2855684527980229

[1.33744517e+04 5.72063608e-02]
0.05720636081042264, 13374.451670129589, 0.09333812502749338, 0.28556845235856215

[1.33744020e+04 5.72063609e-02]
0.05720636089279178, 13374.40203572933, 0.09333812505255788, 0.2855684521894764

[1.33745461e+04 5.72063606e-02]
0.05720636059506289, 13374.546109250761, 0.09333812494225938, 0.2855684522901682

[1.33744468e+04 5.72063608e-02]
0.05720636075980117, 13374.446840450244, 0.09333812501325003, 0.2855684525459799

[1.33745213e+04 5.72063606e-02]
0.05720636063624746, 13374.521292050631, 0.09333812496176948, 0.2855684524415031

[1.33744965e+04 5.72063607e-02]
0.05720636067743203, 13374.496474850503, 0.09333812497980264, 0.285568452567908

[1.33745685e+04 5.72063605e-02]
0.05720636052856759, 13374.568511611218, 0.09333812491704564, 0.28556845254425983

[1.33746630e+04 5.72063603e-02]
0.05720636031320784, 13374.66295073239, 0.09333812482326877, 0.28556845213829773

[1.33747462e+04 5.72063601e-02]
0.05720636013109574, 13374.746188673333, 0.09333812479385559, 0.2855684524101421

[1.33746854e+04 5.72063602e-02]
0.05720636024671252, 13374.685353092846, 0.09333812482468537, 0.28556845229839173

[1.33746561e+04 5.72063603e-02]
0.0572063603171763, 13374.656142722439, 0.09333812485069731, 0.2855684523303139

[1.33746269e+04 5.72063604e-02]
0.05720636038764006, 13374.626932352032, 0.09333812487480313, 0.28556845282179627

[1.33746157e+04 5.72063604e-02]
0.05720636042088771, 13374.615731171805, 0.09333812487604946, 0.28556845264596425

[1.33746517e+04 5.72063603e-02]
0.0572063603464555, 13374.651749552162, 0.09333812486182864, 0.28556845245835116

[1.33746990e+04 5.72063602e-02]
0.057206360238775636, 13374.698969112746, 0.09333812481321983, 0.2855684524893027

[1.33746782e+04 5.72063603e-02]
0.057206360284303655, 13374.67815962751, 0.09333812484990804, 0.28556845258807223

[1.33746574e+04 5.72063603e-02]
0.057206360329831674, 13374.657350142275, 0.09333812484425952, 0.2855684522983897

[1.33746393e+04 5.72063604e-02]
0.05720636036704778, 13374.639340952097, 0.0933381248555571, 0.28556845248673846

[1.33746810e+04 5.72063603e-02]
0.05720636027599173, 13374.680959922567, 0.0933381248278721, 0.285568452712075

[1.33746497e+04 5.72063603e-02]
0.057206360344283766, 13374.649745694715, 0.09333812485222609, 0.2855684525020935

[1.33746602e+04 5.72063603e-02]
0.05720636032151975, 13374.660150437332, 0.09333812485592598, 0.2855684525372727

[1.33746511e+04 5.72063603e-02]
0.05720636034012781, 13374.651145842243, 0.09333812483460141, 0.28556845232825956

[1.33746539e+04 5.72063603e-02]
0.057206360331815906, 13374.653946137303, 0.09333812483818599, 0.28556845219163846

[1.33746658e+04 5.72063603e-02]
0.05720636030489594, 13374.665751027449, 0.09333812482919672, 0.2855684521071058

[1.33746731e+04 5.72063603e-02]
0.05720636028728002, 13374.673053620056, 0.09333812485875487, 0.28556845221603744

[1.33746748e+04 5.72063603e-02]
0.05720636028628788, 13374.674755622538, 0.09333812483704979, 0.2855684523721677

[1.33746591e+04 5.72063603e-02]
0.0572063603204339, 13374.659148508612, 0.09333812484907732, 0.2855684525403236

[1.33746644e+04 5.72063603e-02]
0.05720636030905189, 13374.66435087992, 0.09333812482863439, 0.2855684525487367

[1.33746598e+04 5.72063603e-02]
0.05720636031835592, 13374.659848582376, 0.09333812485328263, 0.2855684521982249

[1.33746612e+04 5.72063603e-02]
0.05720636031419997, 13374.661248729903, 0.09333812483166376, 0.2855684525978657

[1.33746636e+04 5.72063603e-02]
0.05720636031033891, 13374.663575342416, 0.09333812484607322, 0.2855684521981521

[1.33746695e+04 5.72063603e-02]
0.057206360296878936, 13374.669477787489, 0.09333812484726967, 0.28556845246095486

[1.33746623e+04 5.72063603e-02]
0.057206360312986676, 13374.662255883653, 0.0933381248425198, 0.2855684522322152

[1.33746647e+04 5.72063603e-02]
0.05720636030761743, 13374.664663184933, 0.09333812484185784, 0.28556845233014333

[1.33746628e+04 5.72063603e-02]
0.05720636031162593, 13374.662799804912, 0.09333812484681527, 0.28556845242785445

[1.33746676e+04 5.72063603e-02]
0.05720636030088744, 13374.66761440747, 0.09333812483945052, 0.2855684521046185

[1.33746700e+04 5.72063603e-02]
0.05720636029551818, 13374.67002170875, 0.0933381248267479, 0.2855684524550569

[1.33746687e+04 5.72063603e-02]
0.05720636029816595, 13374.668702249986, 0.09333812485504919, 0.28556845255233804

[1.33746657e+04 5.72063603e-02]
0.057206360305254556, 13374.665672951196, 0.09333812484876576, 0.2855684524535481

[1.33746667e+04 5.72063603e-02]
0.05720636030289169, 13374.66668271746, 0.09333812485230121, 0.28556845206508574

[1.33746661e+04 5.72063603e-02]
0.057206360304252434, 13374.666138796201, 0.09333812484472552, 0.28556845230358857


------------------------------------------------------------
Sender: LSF System <lsfadmin@n-62-21-21>
Subject: Job 1735667: <minimize_batch_job_this_is_on_purpose_to_utilize_more_kernel> in cluster <dcc> Done

Job <minimize_batch_job_this_is_on_purpose_to_utilize_more_kernel> was submitted from host <gbarlogin2> by user <s174007> in cluster <dcc> at Sun Jan 13 21:42:33 2019
Job was executed on host(s) <n-62-21-21>, in queue <hpc>, as user <s174007> in cluster <dcc> at Sun Jan 13 21:42:34 2019
</zhome/b0/b/127184> was used as the home directory.
</zhome/b0/b/127184/Documents/Projects/machine-learning-on-materials> was used as the working directory.
Started at Sun Jan 13 21:42:34 2019
Terminated at Mon Jan 14 04:58:19 2019
Results reported at Mon Jan 14 04:58:19 2019

Your job looked like:

------------------------------------------------------------
# LSBATCH: User input
#!/bin/bash
##Kør på cpu
#BSUB -q hpc
##Navn på job
#BSUB -J minimize_batch_job_this_is_on_purpose_to_utilize_more_kernel
##Output fil
#BSUB -o output/minimize/linear_SimpleLarge_compare_batchjobs-%J.out
##Antal kerner
#BSUB -n 1
##Om kernerne må være på forskellige computere
#BSUB -R "span[hosts=1]"
##Ram pr kerne
#BSUB -R "rusage[mem=10GB]"
##Hvor lang tid må den køre hh:mm
#BSUB -W 45:00
##Email når jobbet starter
##og stopper
module purge
module load python3
python3 KRR/minimizer.py linear 1 SimpleLarge compare [5]
------------------------------------------------------------

Successfully completed.

Resource usage summary:

    CPU time :                                   26142.00 sec.
    Max Memory :                                 5144 MB
    Average Memory :                             4898.27 MB
    Total Requested Memory :                     10240.00 MB
    Delta Memory :                               5096.00 MB
    Max Swap :                                   -
    Max Processes :                              4
    Max Threads :                                5
    Run time :                                   26158 sec.
    Turnaround time :                            26146 sec.

The output (if any) is above this job summary.

