Unloaded module: latex/TeXLive12
Loaded module: python3/3.6.2
[5]
[5.0]
[5. 5.]
5.0, 5.0, 0.30479017125070923, 0.33493512214906346

[5.25 5.  ]
5.0, 5.25, 0.3047903617154194, 0.3349345882083945

[5.   5.25]
5.25, 5.0, 0.3079585280734917, 0.33661373607262907

[5.25 4.75]
4.75, 5.25, 0.3014547099548685, 0.3331954764559532

[5.375 4.5  ]
4.5, 5.375, 0.2979333527003431, 0.33139044457861705

[5.625 4.5  ]
4.5, 5.625, 0.2979335048776717, 0.33138999734750196

[5.9375 4.25  ]
4.25, 5.9375, 0.2942048010551558, 0.3295131956246347

[6.0625 3.75  ]
3.75, 6.0625, 0.2860180366316461, 0.32551840541672367

[6.46875 3.125  ]
3.125, 6.46875, 0.2740452891213576, 0.31998270955584857

[7.03125 2.875  ]
2.875, 7.03125, 0.26855521235356866, 0.317565114252745

[7.859375 2.0625  ]
2.0625, 7.859375, 0.24666029302679596, 0.30867972381285735

[8.390625 0.9375  ]
0.9375, 8.390625, 0.19588209780145377, 0.29270651404230114

[ 9.6171875 -0.71875  ]
-0.71875, 9.6171875, 11.494219654904981, 9.809753969722088

[ 9.78125 -0.125  ]
-0.125, 9.78125, 6.165870739495501, 6.867050739233412

[7.296875 2.3125  ]
2.3125, 7.296875, 0.254199606062567, 0.3116035213388278

[8.953125 0.6875  ]
0.6875, 8.953125, 0.17715842290378409, 0.28843699494440855

[ 9.78125 -0.125  ]
-0.125, 9.78125, 6.165870739495501, 6.867050739233412

[ 9.484375 -0.4375  ]
-0.4375, 9.484375, 24.710297715436774, 20.957145464823235

[8.265625 1.4375  ]
1.4375, 8.265625, 0.22304040540880465, 0.30044541763603433

[9.078125 0.1875  ]
0.1875, 9.078125, 0.11458407243010268, 0.280354032809306

[ 9.484375 -0.4375  ]
-0.4375, 9.484375, 24.710297715436774, 20.957145464823235

[ 9.640625 -0.0625  ]
-0.0625, 9.640625, 13.722484765321495, 14.991945544327248

[8.703125 0.6875  ]
0.6875, 8.703125, 0.17715840421399234, 0.28843706713240647

[9.328125 0.1875  ]
0.1875, 9.328125, 0.11458408292215581, 0.28035400465054905

[ 9.640625 -0.0625  ]
-0.0625, 9.640625, 13.722484765321495, 14.991945544327248

[ 9.453125 -0.3125  ]
-0.3125, 9.453125, 5.763321395998826, 6.566640737703408

[9.078125 0.4375  ]
0.4375, 9.078125, 0.15206661053279671, 0.28405361956863373

[ 9.328125 -0.0625  ]
-0.0625, 9.328125, 13.722477388146341, 14.99193788745281

[9.140625 0.3125  ]
0.3125, 9.140625, 0.13553229488987922, 0.28199332195881177

[9.265625 0.0625  ]
0.0625, 9.265625, 0.08736733553309405, 0.28026852390637924

[ 9.328125 -0.0625  ]
-0.0625, 9.328125, 13.722477388146341, 14.99193788745281

[9.515625 0.0625  ]
0.0625, 9.515625, 0.08736733988549837, 0.28026851195068553

[9.734375 0.      ]
Traceback (most recent call last):
  File "KRR/minimizer.py", line 124, in <module>
    minimize(func,Args,method='Nelder-Mead', tol=1e-3)
  File "/zhome/b0/b/127184/.local/lib/python3.6/site-packages/scipy/optimize/_minimize.py", line 591, in minimize
    return _minimize_neldermead(fun, x0, args, callback, **options)
  File "/zhome/b0/b/127184/.local/lib/python3.6/site-packages/scipy/optimize/optimize.py", line 573, in _minimize_neldermead
    fxe = func(xe)
  File "/zhome/b0/b/127184/.local/lib/python3.6/site-packages/scipy/optimize/optimize.py", line 293, in function_wrapper
    return function(*(wrapper_args + args))
  File "KRR/minimizer.py", line 78, in func
    KRR.fit(X,Y, "error")
  File "/zhome/b0/b/127184/Documents/Projects/machine-learning-on-materials/KRR/KRR_class.py", line 108, in fit
    weight=np.linalg.inv(np.matrix(K+self.lambd*I))
  File "/zhome/b0/b/127184/.local/lib/python3.6/site-packages/numpy/linalg/linalg.py", line 532, in inv
    ainv = _umath_linalg.inv(a, signature=signature, extobj=extobj)
  File "/zhome/b0/b/127184/.local/lib/python3.6/site-packages/numpy/linalg/linalg.py", line 89, in _raise_linalgerror_singular
    raise LinAlgError("Singular matrix")
numpy.linalg.linalg.LinAlgError: Singular matrix

------------------------------------------------------------
Sender: LSF System <lsfadmin@n-62-21-4>
Subject: Job 1708284: <minimize_batch_job_this_is_on_purpose_to_utilize_more_kernel> in cluster <dcc> Exited

Job <minimize_batch_job_this_is_on_purpose_to_utilize_more_kernel> was submitted from host <gbarlogin2> by user <s174007> in cluster <dcc> at Thu Jan 10 17:20:31 2019
Job was executed on host(s) <n-62-21-4>, in queue <hpc>, as user <s174007> in cluster <dcc> at Thu Jan 10 17:20:32 2019
</zhome/b0/b/127184> was used as the home directory.
</zhome/b0/b/127184/Documents/Projects/machine-learning-on-materials> was used as the working directory.
Started at Thu Jan 10 17:20:32 2019
Terminated at Thu Jan 10 18:40:00 2019
Results reported at Thu Jan 10 18:40:00 2019

Your job looked like:

------------------------------------------------------------
# LSBATCH: User input
#!/bin/bash
##Kør på cpu
#BSUB -q hpc
##Navn på job
#BSUB -J minimize_batch_job_this_is_on_purpose_to_utilize_more_kernel
##Output fil
#BSUB -o output/minimize/linear_SimpleLarge_deep_batchjobs-%J.out
##Antal kerner
#BSUB -n 1
##Om kernerne må være på forskellige computere
#BSUB -R "span[hosts=1]"
##Ram pr kerne
#BSUB -R "rusage[mem=10GB]"
##Hvor lang tid må den køre hh:mm
#BSUB -W 45:00
##Email når jobbet starter
##og stopper
module purge
module load python3
python3 KRR/minimizer.py linear 5 SimpleLarge deep [5]
------------------------------------------------------------

Exited with exit code 1.

Resource usage summary:

    CPU time :                                   4764.76 sec.
    Max Memory :                                 8048 MB
    Average Memory :                             7761.74 MB
    Total Requested Memory :                     10240.00 MB
    Delta Memory :                               2192.00 MB
    Max Swap :                                   -
    Max Processes :                              4
    Max Threads :                                5
    Run time :                                   4779 sec.
    Turnaround time :                            4769 sec.

The output (if any) is above this job summary.

