Unloaded module: latex/TeXLive12
Loaded module: python3/3.6.2
[-10000]
[-10000.0]
[-1.e+04  5.e+00]
5.0, -10000.0, 0.3047942446963682, 0.33492395630508154

[-1.05e+04  5.00e+00]
5.0, -10500.0, 0.3047942445980796, 0.33492395656811486

[-1.00e+04  5.25e+00]
5.25, -10000.0, 0.3079627713698322, 0.3366023968298084

[-1.05e+04  4.75e+00]
4.75, -10500.0, 0.30145843126967176, 0.33318502016405754

[-1.075e+04  4.500e+00]
4.5, -10750.0, 0.29793683140794436, 0.331380414640523

[-1.025e+04  4.500e+00]
4.5, -10250.0, 0.2979368314941603, 0.3313804143980821

[-1.0125e+04  4.2500e+00]
4.25, -10125.0, 0.2942078126033011, 0.32950429383048263

[-1.0875e+04  3.7500e+00]
3.75, -10875.0, 0.28602070821509773, 0.32551006682119943

[-1.13125e+04  3.12500e+00]
3.125, -11312.5, 0.2740474688558605, 0.3199754140471384

[-1.06875e+04  2.87500e+00]
2.875, -10687.5, 0.2685570993012605, 0.31755861965758003

[-1.065625e+04  2.062500e+00]
2.0625, -10656.25, 0.24666163123341295, 0.30867467096264867

[-1.184375e+04  9.375000e-01]
0.9375, -11843.75, 0.1958828938289696, 0.29270331078608147

[-1.2703125e+04 -7.1875000e-01]
-0.71875, -12703.125, 11.496782151132365, 9.811963997194416

[-1.11875e+04 -1.25000e-01]
-0.125, -11187.5, 6.165885423960959, 6.86706145467235

[-1.128125e+04  2.312500e+00]
2.3125, -11281.25, 0.25420116335109433, 0.3115978018268439

[-1.121875e+04  6.875000e-01]
0.6875, -11218.75, 0.17715907563178096, 0.288434480365833

[-1.11875e+04 -1.25000e-01]
-0.125, -11187.5, 6.165885423960959, 6.86706145467235

[-1.240625e+04 -4.375000e-01]
-0.4375, -12406.25, 24.71723047768264, 20.963235697326297

[-1.109375e+04  1.437500e+00]
1.4375, -11093.75, 0.22304141916553202, 0.3004413564627622

[-1.196875e+04  1.875000e-01]
0.1875, -11968.75, 0.11458446453161646, 0.2803529813720393

[-1.240625e+04 -4.375000e-01]
-0.4375, -12406.25, 24.71723047768264, 20.963235697326297

[-1.134375e+04 -6.250000e-02]
-0.0625, -11343.75, 13.722700057625717, 14.992168951031102

[-1.171875e+04  6.875000e-01]
0.6875, -11718.75, 0.17715907561189181, 0.28843448042646963

[-1.146875e+04  1.875000e-01]
0.1875, -11468.75, 0.114584464550663, 0.28035298147259174

[-1.221875e+04 -3.125000e-01]
-0.3125, -12218.75, 5.7635280103417665, 6.566885887873446

[-1.146875e+04  4.375000e-01]
0.4375, -11468.75, 0.15206715793129125, 0.28405174573007747

[-1.196875e+04 -6.250000e-02]
-0.0625, -11968.75, 13.722715265367958, 14.992185187730835

[-1.159375e+04  3.125000e-01]
0.3125, -11593.75, 0.1355327788719561, 0.2819918324223812

[-1.184375e+04  6.250000e-02]
0.0625, -11843.75, 0.08736750141495578, 0.28026806854444236

[-1.196875e+04 -6.250000e-02]
-0.0625, -11968.75, 13.722715265367958, 14.992185187730835

[-1.234375e+04  6.250000e-02]
0.0625, -12343.75, 0.08736750139259085, 0.28026806844458785

[-12781.25      0.  ]
Traceback (most recent call last):
  File "KRR/minimizer.py", line 124, in <module>
    minimize(func,Args,method='Nelder-Mead', tol=1e-3)
  File "/zhome/b0/b/127184/.local/lib/python3.6/site-packages/scipy/optimize/_minimize.py", line 591, in minimize
    return _minimize_neldermead(fun, x0, args, callback, **options)
  File "/zhome/b0/b/127184/.local/lib/python3.6/site-packages/scipy/optimize/optimize.py", line 573, in _minimize_neldermead
    fxe = func(xe)
  File "/zhome/b0/b/127184/.local/lib/python3.6/site-packages/scipy/optimize/optimize.py", line 293, in function_wrapper
    return function(*(wrapper_args + args))
  File "KRR/minimizer.py", line 78, in func
    KRR.fit(X,Y, "error")
  File "/zhome/b0/b/127184/Documents/Projects/machine-learning-on-materials/KRR/KRR_class.py", line 108, in fit
    weight=np.linalg.inv(np.matrix(K+self.lambd*I))
  File "/zhome/b0/b/127184/.local/lib/python3.6/site-packages/numpy/linalg/linalg.py", line 532, in inv
    ainv = _umath_linalg.inv(a, signature=signature, extobj=extobj)
  File "/zhome/b0/b/127184/.local/lib/python3.6/site-packages/numpy/linalg/linalg.py", line 89, in _raise_linalgerror_singular
    raise LinAlgError("Singular matrix")
numpy.linalg.linalg.LinAlgError: Singular matrix

------------------------------------------------------------
Sender: LSF System <lsfadmin@n-62-21-4>
Subject: Job 1708282: <minimize_batch_job_this_is_on_purpose_to_utilize_more_kernel> in cluster <dcc> Exited

Job <minimize_batch_job_this_is_on_purpose_to_utilize_more_kernel> was submitted from host <gbarlogin2> by user <s174007> in cluster <dcc> at Thu Jan 10 17:20:31 2019
Job was executed on host(s) <n-62-21-4>, in queue <hpc>, as user <s174007> in cluster <dcc> at Thu Jan 10 17:20:32 2019
</zhome/b0/b/127184> was used as the home directory.
</zhome/b0/b/127184/Documents/Projects/machine-learning-on-materials> was used as the working directory.
Started at Thu Jan 10 17:20:32 2019
Terminated at Thu Jan 10 18:37:39 2019
Results reported at Thu Jan 10 18:37:39 2019

Your job looked like:

------------------------------------------------------------
# LSBATCH: User input
#!/bin/bash
##Kør på cpu
#BSUB -q hpc
##Navn på job
#BSUB -J minimize_batch_job_this_is_on_purpose_to_utilize_more_kernel
##Output fil
#BSUB -o output/minimize/linear_SimpleLarge_deep_batchjobs-%J.out
##Antal kerner
#BSUB -n 1
##Om kernerne må være på forskellige computere
#BSUB -R "span[hosts=1]"
##Ram pr kerne
#BSUB -R "rusage[mem=10GB]"
##Hvor lang tid må den køre hh:mm
#BSUB -W 45:00
##Email når jobbet starter
##og stopper
module purge
module load python3
python3 KRR/minimizer.py linear 5 SimpleLarge deep [-10000]
------------------------------------------------------------

Exited with exit code 1.

Resource usage summary:

    CPU time :                                   4624.30 sec.
    Max Memory :                                 8061 MB
    Average Memory :                             7770.89 MB
    Total Requested Memory :                     10240.00 MB
    Delta Memory :                               2179.00 MB
    Max Swap :                                   -
    Max Processes :                              4
    Max Threads :                                5
    Run time :                                   4639 sec.
    Turnaround time :                            4628 sec.

The output (if any) is above this job summary.

