Unloaded module: latex/TeXLive12
Loaded module: python3/3.6.2
[5]
[5.0]
[ 5. 10.]
10.0, 5.0, 0.2646904498413812, 0.30754633333284986

[ 5.25 10.  ]
10.0, 5.25, 0.2646914072752611, 0.3075456109775985

[ 5.  10.5]
10.5, 5.0, 0.2674288568230454, 0.30888026416634534

[5.25 9.5 ]
9.5, 5.25, 0.26180939767152567, 0.3061673094647105

[5.375 9.   ]
9.0, 5.375, 0.2587688356997195, 0.3047408863956943

[5.625 9.   ]
9.0, 5.625, 0.2587696418885586, 0.3047404426134161

[5.9375 8.5   ]
8.5, 5.9375, 0.2555525889656775, 0.30326227779088133

[6.0625 7.5   ]
7.5, 6.0625, 0.24849787799785192, 0.30013375552482424

[6.46875 6.25   ]
6.25, 6.46875, 0.23821301301940515, 0.2958410192293571

[7.03125 5.75   ]
5.75, 7.03125, 0.23351254396918053, 0.2939826200165089

[7.859375 4.125   ]
4.125, 7.859375, 0.21487432214069657, 0.28723049854867927

[8.390625 1.875   ]
1.875, 8.390625, 0.17244972484128895, 0.27532479946969285

[ 9.6171875 -1.4375   ]
-1.4375, 9.6171875, 12.812709188305506, 13.519891698307484

[ 9.78125 -0.25   ]
-0.25, 9.78125, 52.35548124290226, 83.47066369274503

[7.296875 4.625   ]
4.625, 7.296875, 0.22127085538995245, 0.2894389926146515

[8.953125 1.375   ]
1.375, 8.953125, 0.15713969090247254, 0.2722040059733746

[ 9.78125 -0.25   ]
-0.25, 9.78125, 52.35548124290226, 83.47066369274503

[ 9.484375 -0.875   ]
-0.875, 9.484375, 48.628525603637065, 56.104849420978255

[8.265625 2.875   ]
2.875, 8.265625, 0.19498951220016994, 0.281063903121199

[9.078125 0.375   ]
0.375, 9.078125, 0.1075214261283335, 0.2676873418855016

[ 9.484375 -0.875   ]
-0.875, 9.484375, 48.628525603637065, 56.104849420978255

[ 9.640625 -0.125   ]
-0.125, 9.640625, 2.056448096013837, 3.7868150946272534

[8.703125 1.375   ]
1.375, 8.703125, 0.157139508092026, 0.2722037973029601

[8.828125 0.375   ]
0.375, 8.828125, 0.10752134896667197, 0.26768724675347605

[ 8.765625 -0.125   ]
-0.125, 8.765625, 2.0564493918986346, 3.786801178934343

[ 9.203125 -0.625   ]
-0.625, 9.203125, 3.802105337242066, 4.605569759144267

[8.828125 0.875   ]
0.875, 8.828125, 0.13695384828560664, 0.26916635077054124

[ 9.078125 -0.125   ]
-0.125, 9.078125, 2.0564488997570654, 3.7868064538839787

[8.890625 0.625   ]
0.625, 8.890625, 0.12387180587181817, 0.26798552632715666

[9.015625 0.125   ]
0.125, 9.015625, 0.08623521216277658, 0.27084948784690094

[8.921875 0.5     ]
0.5, 8.921875, 0.11619853072611745, 0.2676548903714835

[8.671875 0.5     ]
0.5, 8.671875, 0.11619842891323767, 0.26765476868666993

[8.46875 0.5625 ]
0.5625, 8.46875, 0.12014665154593196, 0.2677872357511019

[8.765625 0.625   ]
0.625, 8.765625, 0.12387174629412116, 0.26798545588303335

[8.8125 0.4375]
0.4375, 8.8125, 0.11200014754360627, 0.2676104620485252

[8.5625 0.4375]
0.4375, 8.5625, 0.11200005386352804, 0.26761034881368717

[8.3828125 0.40625  ]
0.40625, 8.3828125, 0.10979769282407624, 0.26763091159758234

[8.703125 0.375   ]
0.375, 8.703125, 0.10752130873057827, 0.2676871971502311

[8.6796875 0.46875  ]
0.46875, 8.6796875, 0.11413233266574248, 0.26761979924288337

[8.6953125 0.40625  ]
0.40625, 8.6953125, 0.10979780660520318, 0.26763105028995576

[8.68359375 0.453125  ]
0.453125, 8.68359375, 0.1130747240554731, 0.26761164750908567

[8.69140625 0.421875  ]
0.421875, 8.69140625, 0.1109079661868873, 0.26761665868981127

[8.68554688 0.4453125 ]
0.4453125, 8.685546875, 0.11253957029769412, 0.2676101279786136

[8.43554688 0.4453125 ]
0.4453125, 8.435546875, 0.1125394723965554, 0.26761000985652134

[8.24707031 0.44921875]
0.44921875, 8.2470703125, 0.11280750616853438, 0.26761045475434847

[8.55859375 0.453125  ]
0.453125, 8.55859375, 0.11307467509583621, 0.2676115885334723

[8.56152344 0.44140625]
0.44140625, 8.5615234375, 0.11227033125746766, 0.26760997999070146

[8.31152344 0.44140625]
0.44140625, 8.3115234375, 0.11227023120573468, 0.2676098591741967

[8.12451172 0.43945312]
0.439453125, 8.12451171875, 0.11213515044568109, 0.2676098909421078

[8.4375 0.4375]
0.4375, 8.4375, 0.1120000049513525, 0.2676102896956016

[8.43603516 0.44335938]
0.443359375, 8.43603515625, 0.11240501251698129, 0.2676099084195072

[8.18603516 0.44335938]
0.443359375, 8.18603515625, 0.11240490905514317, 0.26760978354592196

[7.99829102 0.44433594]
0.4443359375, 7.998291015625, 0.11247209059726988, 0.2676097210317302

[7.8737793  0.44238281]
0.4423828125, 7.873779296875, 0.11233743961334776, 0.2676096086339109

[7.59265137 0.44189453]
0.44189453125, 7.5926513671875, 0.11230361475403382, 0.26760945371847006

[7.27941895 0.44482422]
0.44482421875, 7.2794189453125, 0.11250534346260473, 0.26760932337012167

[6.7633667 0.4465332]
0.446533203125, 6.76336669921875, 0.11262253116053583, 0.2676091156030364

[6.35772705 0.4440918 ]
0.444091796875, 6.35772705078125, 0.1124543592732598, 0.2676085975230856

[5.53744507 0.44396973]
0.4439697265625, 5.537445068359375, 0.11244528901546122, 0.2676077921198341

[4.7081604 0.4486084]
0.4486083984375, 4.708160400390625, 0.11276306380860224, 0.2676071857087273

[3.26591492 0.45196533]
0.45196533203125, 3.2659149169921875, 0.11299004947479376, 0.2676046912048319

[2.03999329 0.44940186]
0.44940185546875, 2.0399932861328125, 0.11280953829151556, 0.26759788497987785

[-0.32169342  0.45083618]
0.450836181640625, -0.32169342041015625, 0.11302508364067468, 0.2677451650210352

[-0.23153687  0.45739746]
0.4573974609375, -0.231536865234375, 0.11352229163083265, 0.26781300010848175

[4.09519958 0.44732666]
0.44732666015625, 4.0951995849609375, 0.11267425176162928, 0.2676058979311185

[1.21070862 0.45404053]
0.45404052734375, 1.2107086181640625, 0.1131170004054185, 0.26758788736679023

[-0.23153687  0.45739746]
0.4573974609375, -0.231536865234375, 0.11352229163083265, 0.26781300010848175

[-0.01521301  0.45147705]
0.45147705078125, -0.0152130126953125, 0.11749329745885932, 0.2807644188218465

[2.44563293 0.45184326]
0.45184326171875, 2.4456329345703125, 0.11297878556320141, 0.2676011557657029

[0.80506897 0.45159912]
0.45159912109375, 0.8050689697265625, 0.11293922494176545, 0.26757403502951077

[-0.01521301  0.45147705]
0.45147705078125, -0.0152130126953125, 0.11749329745885932, 0.2807644188218465

[-0.0242157   0.45623779]
0.45623779296875, -0.0242156982421875, 0.2866724399242243, 0.6396968133288953

[1.52394104 0.45111084]
0.45111083984375, 1.5239410400390625, 0.11292180062182214, 0.2675927041810355

[0.49183655 0.45452881]
0.45452880859375, 0.4918365478515625, 0.11311844957270514, 0.267551055101263

[-0.0242157   0.45623779]
0.45623779296875, -0.0242156982421875, 0.2866724399242243, 0.6396968133288953

[0.0861969 0.4520874]
0.45208740234375, 0.0861968994140625, 0.11277963447045895, 0.26737914557332954

[-0.47605896  0.45111084]
0.45111083984375, -0.4760589599609375, 0.11300747612858708, 0.2676983191557934

[-0.22703552  0.45501709]
0.45501708984375, -0.2270355224609375, 0.11336329649587759, 0.26781612494725104

[0.54704285 0.45245361]
0.45245361328125, 0.5470428466796875, 0.11298229019017467, 0.26755653819735725

[0.0309906 0.4541626]
0.45416259765625, 0.0309906005859375, 0.11277293053081784, 0.2673210222724922

[-0.22703552  0.45501709]
0.45501708984375, -0.2270355224609375, 0.11336329649587759, 0.26781612494725104

[-0.37464905  0.45172119]
0.45172119140625, -0.3746490478515625, 0.11306947858406853, 0.26772446855131626

[0.27521515 0.4538269 ]
0.453826904296875, 0.27521514892578125, 0.11303283080367349, 0.26750862232024625

[-0.15802765  0.4524231 ]
0.452423095703125, -0.15802764892578125, 0.11327400533001267, 0.26793541734671095

[0.16690445 0.45347595]
0.4534759521484375, 0.16690444946289062, 0.11296079965154984, 0.2674580167331836

[-0.04971695  0.45277405]
0.4527740478515625, -0.049716949462890625, 0.11481879282446607, 0.27038727922749933

[0.1127491  0.45330048]
0.45330047607421875, 0.11274909973144531, 0.11290013582315872, 0.2674114087944499

[0.0044384  0.45294952]
0.45294952392578125, 0.0044384002685546875, 0.11265347109787033, 0.2677348540744069

[0.08567142 0.45321274]
0.4532127380371094, 0.08567142486572266, 0.11285515901084962, 0.26737835616561334

[0.03046513 0.45528793]
0.4552879333496094, 0.030465126037597656, 0.11284708955435815, 0.2673216196439203

[-0.0242157   0.45623779]
0.45623779296875, -0.0242156982421875, 0.2866724399242243, 0.6396968133288953

[0.05819964 0.453969  ]
0.45396900177001953, 0.05819964408874512, 0.11284786298005153, 0.26733857908863595

[0.00325608 0.45548153]
0.45548152923583984, 0.003256082534790039, 0.1128389256415155, 0.2678075853614456

[0.04446375 0.45434713]
0.4543471336364746, 0.04446375370025635, 0.11283327389243862, 0.26732154221264126

[0.04498923 0.4532218 ]
0.45322179794311523, 0.04498922824859619, 0.11275873212825364, 0.2673221688102953

[0.03409615 0.4547714 ]
0.45477139949798584, 0.03409615159034729, 0.11282581747852476, 0.26731819262095574

[0.020623   0.45458686]
0.45458686351776123, 0.020622998476028442, 0.11276259989554459, 0.2673585454019097

[0.03850356 0.45440707]
0.45440706610679626, 0.03850356489419937, 0.11281712441789256, 0.26731784592730834

[0.04160912 0.45501587]
0.4550158679485321, 0.04160911589860916, 0.11286906806744872, 0.26731924152710407

[0.03895449 0.45480255]
0.4548025503754616, 0.038954487070441246, 0.11284548019568788, 0.26731793821668287

[0.0433619  0.45443822]
0.454438216984272, 0.04336190037429333, 0.1128358323216591, 0.2673205867415592

[0.03641259 0.4546881 ]
0.4546881038695574, 0.0364125887863338, 0.11282867219983611, 0.26731757229242603

[0.03596167 0.45429262]
0.45429261960089207, 0.035961666610091925, 0.11280026449686151, 0.2673176623960103

[0.03387069 0.45457366]
0.4545736573636532, 0.03387069050222635, 0.11281159710308558, 0.2673183358391266

[0.03734535 0.45444871]
0.4544487139210105, 0.03734534629620612, 0.1128158265960552, 0.267317622949624


------------------------------------------------------------
Sender: LSF System <lsfadmin@n-62-21-8>
Subject: Job 1708290: <minimize_batch_job_this_is_on_purpose_to_utilize_more_kernel> in cluster <dcc> Done

Job <minimize_batch_job_this_is_on_purpose_to_utilize_more_kernel> was submitted from host <gbarlogin2> by user <s174007> in cluster <dcc> at Thu Jan 10 17:20:31 2019
Job was executed on host(s) <n-62-21-8>, in queue <hpc>, as user <s174007> in cluster <dcc> at Thu Jan 10 17:20:32 2019
</zhome/b0/b/127184> was used as the home directory.
</zhome/b0/b/127184/Documents/Projects/machine-learning-on-materials> was used as the working directory.
Started at Thu Jan 10 17:20:32 2019
Terminated at Thu Jan 10 17:56:59 2019
Results reported at Thu Jan 10 17:56:59 2019

Your job looked like:

------------------------------------------------------------
# LSBATCH: User input
#!/bin/bash
##Kør på cpu
#BSUB -q hpc
##Navn på job
#BSUB -J minimize_batch_job_this_is_on_purpose_to_utilize_more_kernel
##Output fil
#BSUB -o output/minimize/linear_GP_default_batchjobs-%J.out
##Antal kerner
#BSUB -n 1
##Om kernerne må være på forskellige computere
#BSUB -R "span[hosts=1]"
##Ram pr kerne
#BSUB -R "rusage[mem=10GB]"
##Hvor lang tid må den køre hh:mm
#BSUB -W 45:00
##Email når jobbet starter
##og stopper
module purge
module load python3
python3 KRR/minimizer.py linear 10 GP default [5]
------------------------------------------------------------

Successfully completed.

Resource usage summary:

    CPU time :                                   2183.77 sec.
    Max Memory :                                 1259 MB
    Average Memory :                             1048.03 MB
    Total Requested Memory :                     10240.00 MB
    Delta Memory :                               8981.00 MB
    Max Swap :                                   -
    Max Processes :                              4
    Max Threads :                                5
    Run time :                                   2198 sec.
    Turnaround time :                            2188 sec.

The output (if any) is above this job summary.

