Unloaded module: latex/TeXLive12
Loaded module: python3/3.6.2
[10]
[10.0]
[10.  5.]
5.0, 10.0, 0.3797987814270442, 0.3834283008153029

[10.5  5. ]
5.0, 10.5, 0.379798849745702, 0.3834281631318804

[10.    5.25]
5.25, 10.0, 0.38300510768576673, 0.38568424931136475

[10.5   4.75]
4.75, 10.5, 0.37643005060599205, 0.3810814113878557

[10.75  4.5 ]
4.5, 10.75, 0.3728816170003219, 0.3786360116153207

[11.25  4.5 ]
4.5, 11.25, 0.3728816705145463, 0.37863589253289714

[11.875  4.25 ]
4.25, 11.875, 0.36913336593433665, 0.376082857130815

[12.125  3.75 ]
3.75, 12.125, 0.36093601364055294, 0.37061066274766785

[12.9375  3.125 ]
3.125, 12.9375, 0.3490169423053045, 0.36293439284181794

[14.0625  2.875 ]
2.875, 14.0625, 0.343571352310704, 0.35954096585434436

[15.71875  2.0625 ]
2.0625, 15.71875, 0.32187317977178326, 0.346751562298975

[16.78125  0.9375 ]
0.9375, 16.78125, 0.2700189556604908, 0.3210891550089961

[19.234375 -0.71875 ]
-0.71875, 19.234375, 23.078210999749555, 20.076390270511897

[19.5625 -0.125 ]
-0.125, 19.5625, 5.893864962235686, 7.03161260001573

[14.59375  2.3125 ]
2.3125, 14.59375, 0.3293524054449203, 0.35102642476214696

[17.90625  0.6875 ]
0.6875, 17.90625, 0.2495898104739205, 0.3129296059941699

[19.5625 -0.125 ]
-0.125, 19.5625, 5.893864962235686, 7.03161260001573

[18.96875 -0.4375 ]
-0.4375, 18.96875, 13.189177233538366, 12.646493211242891

[16.53125  1.4375 ]
1.4375, 16.53125, 0.29819761637411263, 0.33416467586913867

[18.15625  0.1875 ]
0.1875, 18.15625, 0.16907809295640872, 0.2918759691547809

[18.96875 -0.4375 ]
-0.4375, 18.96875, 13.189177233538366, 12.646493211242891

[19.28125 -0.0625 ]
-0.0625, 19.28125, 4.340971522043802, 4.419640384678893

[17.40625  0.6875 ]
0.6875, 17.40625, 0.24958980557638333, 0.31292963213500263

[18.65625  0.1875 ]
0.1875, 18.65625, 0.16907809572547905, 0.2918759559733803

[19.28125 -0.0625 ]
-0.0625, 19.28125, 4.340971522043802, 4.419640384678893

[18.90625 -0.3125 ]
-0.3125, 18.90625, 9.879563275781358, 12.039725296696345

[18.15625  0.4375 ]
0.4375, 18.15625, 0.22024963630244568, 0.3031903950951063

[18.65625 -0.0625 ]
-0.0625, 18.65625, 4.340971602735756, 4.419640410782318

[18.28125  0.3125 ]
0.3125, 18.28125, 0.1991278377379553, 0.2976429835952262

[18.53125  0.0625 ]
0.0625, 18.53125, 0.11765729801058405, 0.28790229135001316

[18.65625 -0.0625 ]
-0.0625, 18.65625, 4.340971602735756, 4.419640410782318

[19.03125  0.0625 ]
0.0625, 19.03125, 0.1176572997918264, 0.28790228376936294

[19.46875  0.     ]
Traceback (most recent call last):
  File "KRR/minimizer.py", line 124, in <module>
    minimize(func,Args,method='Nelder-Mead', tol=1e-3)
  File "/zhome/b0/b/127184/.local/lib/python3.6/site-packages/scipy/optimize/_minimize.py", line 591, in minimize
    return _minimize_neldermead(fun, x0, args, callback, **options)
  File "/zhome/b0/b/127184/.local/lib/python3.6/site-packages/scipy/optimize/optimize.py", line 573, in _minimize_neldermead
    fxe = func(xe)
  File "/zhome/b0/b/127184/.local/lib/python3.6/site-packages/scipy/optimize/optimize.py", line 293, in function_wrapper
    return function(*(wrapper_args + args))
  File "KRR/minimizer.py", line 78, in func
    KRR.fit(X,Y, "error")
  File "/zhome/b0/b/127184/Documents/Projects/machine-learning-on-materials/KRR/KRR_class.py", line 108, in fit
    weight=np.linalg.inv(np.matrix(K+self.lambd*I))
  File "/zhome/b0/b/127184/.local/lib/python3.6/site-packages/numpy/linalg/linalg.py", line 532, in inv
    ainv = _umath_linalg.inv(a, signature=signature, extobj=extobj)
  File "/zhome/b0/b/127184/.local/lib/python3.6/site-packages/numpy/linalg/linalg.py", line 89, in _raise_linalgerror_singular
    raise LinAlgError("Singular matrix")
numpy.linalg.linalg.LinAlgError: Singular matrix

------------------------------------------------------------
Sender: LSF System <lsfadmin@n-62-21-90>
Subject: Job 1708343: <minimize_batch_job_this_is_on_purpose_to_utilize_more_kernel> in cluster <dcc> Exited

Job <minimize_batch_job_this_is_on_purpose_to_utilize_more_kernel> was submitted from host <gbarlogin2> by user <s174007> in cluster <dcc> at Thu Jan 10 17:20:37 2019
Job was executed on host(s) <n-62-21-90>, in queue <hpc>, as user <s174007> in cluster <dcc> at Thu Jan 10 17:20:38 2019
</zhome/b0/b/127184> was used as the home directory.
</zhome/b0/b/127184/Documents/Projects/machine-learning-on-materials> was used as the working directory.
Started at Thu Jan 10 17:20:38 2019
Terminated at Thu Jan 10 17:46:44 2019
Results reported at Thu Jan 10 17:46:44 2019

Your job looked like:

------------------------------------------------------------
# LSBATCH: User input
#!/bin/bash
##Kør på cpu
#BSUB -q hpc
##Navn på job
#BSUB -J minimize_batch_job_this_is_on_purpose_to_utilize_more_kernel
##Output fil
#BSUB -o output/minimize/linear_SimpleLarge_faulty_batchjobs-%J.out
##Antal kerner
#BSUB -n 1
##Om kernerne må være på forskellige computere
#BSUB -R "span[hosts=1]"
##Ram pr kerne
#BSUB -R "rusage[mem=10GB]"
##Hvor lang tid må den køre hh:mm
#BSUB -W 45:00
##Email når jobbet starter
##og stopper
module purge
module load python3
python3 KRR/minimizer.py linear 5 SimpleLarge faulty [10]
------------------------------------------------------------

Exited with exit code 1.

Resource usage summary:

    CPU time :                                   1564.78 sec.
    Max Memory :                                 2514 MB
    Average Memory :                             2217.51 MB
    Total Requested Memory :                     10240.00 MB
    Delta Memory :                               7726.00 MB
    Max Swap :                                   -
    Max Processes :                              4
    Max Threads :                                5
    Run time :                                   1570 sec.
    Turnaround time :                            1567 sec.

The output (if any) is above this job summary.

