Unloaded module: latex/TeXLive12
Loaded module: python3/3.6.2
[100]
[100.0]
[1.e+02 1.e-06]
1e-06, 100.0, 0.07608828696810513, 0.29930607360728323

[1.05e+02 1.00e-06]
1e-06, 105.0, 0.07608828696299949, 0.29930601216556213

[1.00e+02 1.05e-06]
1.05e-06, 100.0, 0.07608828984392715, 0.29926868441860244

[1.05e+02 1.05e-06]
1.05e-06, 105.0, 0.07608828983277592, 0.2992687047466371

[1.0e+02 1.1e-06]
1.0999999999999998e-06, 100.0, 0.07608829285331811, 0.299231436566494

[9.75e+01 1.15e-06]
1.1499999999999996e-06, 97.5, 0.0760882959664023, 0.2991944577908467

[9.25e+01 1.15e-06]
1.1499999999999994e-06, 92.5, 0.07608829598398999, 0.29919455957592844

[9.00e+01 1.25e-06]
1.2499999999999993e-06, 90.0, 0.07608830259165157, 0.2991210103923302

[8.50e+01 1.35e-06]
1.349999999999999e-06, 85.0, 0.07608830967029691, 0.2990483189073456

[9.00e+01 1.35e-06]
1.3499999999999991e-06, 90.0, 0.07608830966705571, 0.2990483305390921

[7.75e+01 1.55e-06]
1.5499999999999983e-06, 77.5, 0.07608832525594886, 0.2989050813034143

[6.75e+01 1.75e-06]
1.7499999999999976e-06, 67.5, 0.07608834260733029, 0.2987646040220631

[6.25e+01 1.75e-06]
1.7499999999999974e-06, 62.5, 0.07608834261721419, 0.29876457754829266

[4.875e+01 1.950e-06]
1.949999999999996e-06, 48.75, 0.07608836168853948, 0.29862695578031556

[3.125e+01 2.350e-06]
2.349999999999995e-06, 31.25, 0.07608840469274414, 0.298359551799398

[4.375e+00 2.850e-06]
2.849999999999993e-06, 4.375, 0.07608846685098018, 0.29804050790529696

[-1.4375e+01  3.0500e-06]
3.049999999999992e-06, -14.375, 0.07608849412207075, 0.29791518670814393

[-5.53125e+01  3.70000e-06]
3.699999999999989e-06, -55.3125, 0.07608859136702635, 0.2975288943249415

[-9.96875e+01  4.60000e-06]
4.5999999999999865e-06, -99.6875, 0.07608874510397674, 0.29703076173306314

[-1.7390625e+02  5.9250000e-06]
5.9249999999999805e-06, -173.90625, 0.07608900396162942, 0.2963670153415492

[-2.3359375e+02  6.7750000e-06]
6.774999999999977e-06, -233.59375, 0.07608918602597718, 0.29598000167469835

[-3.52578125e+02  8.73750000e-06]
8.737499999999968e-06, -352.578125, 0.07608964023388559, 0.2951851976206473

[-4.71171875e+02  1.09625000e-05]
1.0962499999999962e-05, -471.171875, 0.07609019134461481, 0.2944234412551008

[-6.79101562e+02  1.45937500e-05]
1.4593749999999946e-05, -679.1015625, 0.0760911228478334, 0.2934237324336486

[-8.57773438e+02  1.74062500e-05]
1.7406249999999932e-05, -857.7734375, 0.0760918426394742, 0.29280660547387255

[-1.19970703e+03  2.31468750e-05]
2.3146874999999904e-05, -1199.70703125, 0.076093250720856, 0.29184458840865446

[-1.52623047e+03  2.90031250e-05]
2.900312499999988e-05, -1526.23046875, 0.07609456699433265, 0.29114383740016436

[-2.11305664e+03  3.91359375e-05]
3.9135937499999836e-05, -2113.056640625, 0.07609654024229247, 0.2903311803894752

[-2.63366211e+03  4.76890625e-05]
4.76890624999998e-05, -2633.662109375, 0.07609793867779109, 0.2898802492201929

[-3.61094238e+03  6.42367187e-05]
6.423671874999973e-05, -3610.9423828125, 0.07610010865850034, 0.2893316101991673

[-4.52429199e+03  8.02257812e-05]
8.022578124999966e-05, -4524.2919921875, 0.0761017216943005, 0.2890173531461185

[-6.18658447e+03  1.08765234e-04]
0.00010876523437499953, -6186.58447265625, 0.07610386039218996, 0.28869830175313904

[-7.68447021e+03  1.33866016e-04]
0.00013386601562499943, -7684.47021484375, 0.07610526074363279, 0.28853978112609485

[-1.04701770e+04  1.81231055e-04]
0.00018123105468749923, -10470.177001953125, 0.07610725163177297, 0.2883712264758868

[-1.30458191e+04  2.25759570e-04]
0.000225759570312499, -13045.819091796875, 0.07610872262973162, 0.2882820881387821

[-1.77632574e+04  3.06520996e-04]
0.0003065209960937486, -17763.257446289062, 0.07611100587028306, 0.2881872815477469

[-2.20468500e+04  3.78986816e-04]
0.0003789868164062483, -22046.849975585938, 0.07611295300377727, 0.28813313900812826

[-2.99769827e+04  5.14097607e-04]
0.0005140976074218727, -29976.98272705078, 0.0761167918312537, 0.28806235106635975

[-3.72700632e+04  6.39387549e-04]
0.0006393875488281221, -37270.06317138672, 0.07612082723509132, 0.28801190166636487

[-5.06700063e+04  8.68465796e-04]
0.0008684657958984334, -50670.006256103516, 0.07612966652813324, 0.2879352586400512

[-6.28837315e+04  1.07604241e-03]
0.0010760424072265577, -62883.731536865234, 0.07613938717875615, 0.2878745907046343

[-8.54439686e+04  1.46080311e-03]
0.0014608031127929624, -85443.96858215332, 0.07616164232628664, 0.2877742961690099

[-1.06136992e+05  1.81517130e-03]
0.0018151713012695232, -106136.99211120605, 0.07618677963576367, 0.2876911287998687

[-1.44216997e+05  2.46570815e-03]
0.0024657081481933487, -144216.9968032837, 0.0762436121534596, 0.2875543229235338

[-1.78990959e+05  3.05804547e-03]
0.0030580454650878776, -178990.9591293335, 0.07630635158924347, 0.2874436078613815

[-2.43151436e+05  4.15283530e-03]
0.0041528352996826005, -243151.4355659485, 0.07644670764279221, 0.28726493737406955

[-3.01924464e+05  5.15774034e-03]
0.005157740335082987, -301924.46378707886, 0.07660005945738348, 0.2871236682736031

[-4.10164711e+05  7.00620895e-03]
0.007006208946227999, -410164.7113895416, 0.07693390597047395, 0.28690560303392676

[-5.0909915e+05  8.6933361e-03]
0.00869333609771725, -509099.1501522064, 0.07728768573256813, 0.2867413655145359

[-6.91540227e+05  1.18071501e-02]
0.011807150072479202, -691540.2268266678, 0.07803789856632291, 0.2864986259297432

[-8.58553503e+05  1.46605237e-02]
0.0146605237190246, -858553.5026502609, 0.0788115753963823, 0.2863248050144701

[-1.16625454e+06  1.99143679e-02]
0.0199143679286956, -1166254.5361924171, 0.0803887961177395, 0.28608450371203087

[-1.44763005e+06  2.47153091e-02]
0.024715309054946802, -1447630.0516295433, 0.08194733597477165, 0.28592643558850406

[-1.96636272e+06  3.35698591e-02]
0.033569859109306203, -1966362.7217495441, 0.08498513476663487, 0.2857336069113782

[-2.44107703e+06  4.16770770e-02]
0.0416770769655226, -2441077.0311152935, 0.08784953096369852, 0.28563270814749125

[-3.31584543e+06  5.66120404e-02]
0.0566120404120443, -3315845.4332596064, 0.09313018480172333, 0.28556855091867933

[-4.11595362e+06  7.02675316e-02]
0.0702675315926549, -4115953.6188167334, 0.09783625565562076, 0.285603063294542

[-5.46543633e+06  9.33097129e-02]
0.093309712895393, -5465436.330326796, 0.10536676866154567, 0.28579310989189505

[-2.84113112e+06  4.85048226e-02]
0.0485048225558279, -2841131.123893857, 0.09027300385529759, 0.2855871002020359

[-2.04102294e+06  3.48493314e-02]
0.0348493313752173, -2041022.93833673, 0.08543420078345124, 0.28571360849493793

[-3.59722095e+06  6.14129815e-02]
0.061412981538295504, -3597220.9486967325, 0.09480250297104835, 0.28557232993943377

[-4.07193526e+06  6.95201994e-02]
0.0695201993945119, -4071935.258062482, 0.09758298556240945, 0.285599422509782

[-3.14883216e+06  5.37586668e-02]
0.0537586667654989, -3148832.157436013, 0.09212865139445008, 0.2855712761614011

[-2.86745664e+06  4.89577256e-02]
0.04895772563924768, -2867456.641998887, 0.09043343392040672, 0.2855851827046749

[-3.41477987e+06  5.82991676e-02]
0.05829916756353355, -3414779.872022271, 0.09371982183347274, 0.28556879157010245

[-3.58179315e+06  6.11525412e-02]
0.06115254121007896, -3581793.1478458643, 0.09471223253137276, 0.2855718954332706

[-3.25707241e+06  5.56071354e-02]
0.05560713537664391, -3257072.405038476, 0.09277805403853599, 0.2855689929519608

[-3.47355290e+06  5.93040726e-02]
0.05930407259893394, -3473552.9002434015, 0.09407003876328006, 0.2855694407715128

[-3.31119253e+06  5.65313697e-02]
0.05653136968221642, -3311192.5288397074, 0.09310194716544459, 0.285568536429109

[-3.21225809e+06  5.48442425e-02]
0.05484424253072716, -3212258.0900770426, 0.0925102858108969, 0.2855697407382944

[-3.36414943e+06  5.74354363e-02]
0.057435436305331954, -3364149.426535964, 0.09341820870366369, 0.28556845888164706

[-3.35949652e+06  5.73547656e-02]
0.057354765575504084, -3359496.522116065, 0.09339001116406107, 0.28556845729061964

[-3.38132207e+06  5.77261282e-02]
0.05772612815723398, -3381322.0665442944, 0.09351977651942615, 0.2855684829975403

[-3.41245342e+06  5.82588322e-02]
0.05825883219861962, -3412453.4198123217, 0.09370574652828181, 0.28556868375481115

[-3.33650775e+06  5.69632353e-02]
0.05696323531131722, -3336507.751582861, 0.09325309641064937, 0.28556842357078227

[-3.33185485e+06  5.68825646e-02]
0.05688256458148936, -3331854.847162962, 0.0932248674586579, 0.2855684597803171

[-3.35607578e+06  5.72972184e-02]
0.05729721837437131, -3356075.7816927135, 0.09336989277037323, 0.285568402772817

[-3.33308701e+06  5.69056881e-02]
0.05690568811018445, -3333087.0111595094, 0.09323296175865135, 0.28556858714004585

[-3.35289414e+06  5.72424962e-02]
0.057242496209174175, -3352894.144376926, 0.09335076369155097, 0.28556848596273154

[-3.34629177e+06  5.71302268e-02]
0.057130226842844266, -3346291.766637787, 0.09331149960229541, 0.2855684829583891

[-3.35778615e+06  5.73259920e-02]
0.05732599197493769, -3357786.1519043893, 0.09337995220601852, 0.2855684740376484

[-3.36757017e+06  5.74929835e-02]
0.057492983506464736, -3367570.1669593155, 0.09343831622142766, 0.285568434735288

[-3.36585980e+06  5.74642099e-02]
0.05746420990589836, -3365859.79674764, 0.09342826397490443, 0.28556839874209533

[-3.36989662e+06  5.75333189e-02]
0.05753331887137869, -3369896.619169265, 0.09345241775345949, 0.2855684303165836

[-3.35436541e+06  5.72684448e-02]
0.05726844477380493, -3354365.4114810377, 0.09335983281879247, 0.28556842527468557

[-3.35766660e+06  5.73245795e-02]
0.05732457945696988, -3357666.600350607, 0.09337945444434291, 0.28556839824549757

[-3.36745062e+06  5.74915710e-02]
0.05749157098849693, -3367450.6154055335, 0.09343782138620116, 0.28556844298884065

[-3.35891949e+06  5.73458065e-02]
0.057345806527902714, -3358919.4901209185, 0.093386876878015, 0.28556834739679055

[-3.35072629e+06  5.72061761e-02]
0.05720617607897423, -3350726.293723886, 0.09333806169036431, 0.28556849172465115

[-3.36207642e+06  5.73997014e-02]
0.057399701449167326, -3362076.420991701, 0.09340571703198161, 0.28556844448530544

[-3.35829305e+06  5.73351930e-02]
0.05733519299243629, -3358293.045235763, 0.0933831683916804, 0.2855684390184108

[-3.36238964e+06  5.74050082e-02]
0.05740500821690053, -3362389.643434279, 0.09340757336177774, 0.2855684471706211

[-3.35482289e+06  5.72759913e-02]
0.05727599130343847, -3354822.8919224027, 0.09336247523949602, 0.28556842292708345

[-3.35544934e+06  5.72866048e-02]
0.057286604838904895, -3355449.336807558, 0.09336618165108257, 0.28556851584964443

[-3.35758212e+06  5.73230460e-02]
0.05732304595405344, -3357582.1181287114, 0.09337891847390908, 0.28556842861659376

[-3.35616026e+06  5.72987519e-02]
0.057298751877287744, -3356160.2639146093, 0.09337043341376806, 0.2855684790683775

[-3.35722665e+06  5.73169724e-02]
0.057316972434862015, -3357226.654575186, 0.09337680066058084, 0.2855684071744039

[-3.36132325e+06  5.73867877e-02]
0.057386787659326255, -3361323.2527737017, 0.09340119743218032, 0.2855685088673473

[-3.35644798e+06  5.73036904e-02]
0.057303690392410414, -3356447.9821352274, 0.09337215660042725, 0.2855685038153541

[-3.35807307e+06  5.73313895e-02]
0.05733138948138236, -3358073.072348052, 0.09338184109832098, 0.2855684919774309

[-3.35687119e+06  5.73108989e-02]
0.057310898915670594, -3356871.1910216603, 0.0933746746347052, 0.2855684917475681

[-3.35771761e+06  5.73253160e-02]
0.057325315962190954, -3357717.6087945267, 0.09337971909406402, 0.28556850103525316

[-3.35798421e+06  5.73298711e-02]
0.05732987110158451, -3357984.206459671, 0.0933813061374216, 0.285568462498361

[-3.36003251e+06  5.73647787e-02]
0.05736477871381662, -3360032.5055589285, 0.09339350908967894, 0.2855684769661401

[-3.35924218e+06  5.73513088e-02]
0.057351308764280115, -3359242.1769246114, 0.09338880421480493, 0.28556841476359224

[-3.36017746e+06  5.73672442e-02]
0.05736724419059831, -3360177.460585859, 0.09339437395725826, 0.28556842017371387

[-3.35962915e+06  5.73579009e-02]
0.057357900918344855, -3359629.147054312, 0.09339110413668153, 0.2855684221466551

[-3.35908083e+06  5.73485576e-02]
0.05734855764609141, -3359080.833522765, 0.09338784266925361, 0.2855684491767748

[-3.35845185e+06  5.73378388e-02]
0.05733783881474361, -3358451.8482902944, 0.09338408835636004, 0.28556848286753145

[-3.35954848e+06  5.73565254e-02]
0.05735652535925051, -3359548.475353389, 0.09339062549732746, 0.2855684836816274

[-3.35872601e+06  5.73425105e-02]
0.05734251045087033, -3358726.0050560683, 0.09338572732255247, 0.28556842870674704

[-3.35856466e+06  5.73397593e-02]
0.057339759332681636, -3358564.661654222, 0.09338476435350801, 0.28556845067360187

[-3.35895179e+06  5.73463581e-02]
0.05734635806773897, -3358951.790555629, 0.09338707463639269, 0.28556840757450563

[-3.35914528e+06  5.73496541e-02]
0.057349654144771355, -3359145.275620479, 0.09338822431381197, 0.28556846955532733

[-3.35883082e+06  5.73442964e-02]
0.057344296374345585, -3358830.822697171, 0.09338635084959514, 0.28556849417175845

[-3.35893564e+06  5.73460823e-02]
0.057346082297820844, -3358935.6403382737, 0.09338697789943064, 0.2855684388899744

[-3.35882275e+06  5.73441585e-02]
0.057344158489386524, -3358822.7475884934, 0.09338630446966974, 0.28556839346462853

[-3.35880660e+06  5.73438827e-02]
0.057343882719468386, -3358806.5973711386, 0.09338620988617877, 0.28556841078534856

[-3.35883886e+06  5.73444326e-02]
0.0573444326140565, -3358838.858112923, 0.0933864011581181, 0.2855684938418951

[-3.35887112e+06  5.73449825e-02]
0.057344982508644615, -3358871.118854706, 0.09338659230529013, 0.285568382987801

[-3.35892757e+06  5.73459444e-02]
0.05734594441286178, -3358927.565229596, 0.09338692451804084, 0.2855684969000651

[-3.35886304e+06  5.73448446e-02]
0.057344844623685554, -3358863.0437460286, 0.09338654406020087, 0.28556851217850054

[-3.35891143e+06  5.73456695e-02]
0.057345669465567725, -3358911.434858704, 0.0933868279603074, 0.2855685013563606

[-3.35889530e+06  5.73453945e-02]
0.05734539451827367, -3358895.3044878123, 0.09338673013229311, 0.28556849638886944

[-3.35892353e+06  5.73458755e-02]
0.05734587547038225, -3358923.527675257, 0.09338690079319348, 0.2855684684382422

[-3.35894771e+06  5.73462875e-02]
0.057346287480011304, -3358947.713308363, 0.09338704474211953, 0.285568480243348

[-3.35893461e+06  5.73460642e-02]
0.0573460642395769, -3358934.611103226, 0.09338696936284853, 0.28556839356093816

[-3.35893057e+06  5.73459953e-02]
0.05734599529709736, -3358930.573548888, 0.0933869408149711, 0.28556853354682665

[-3.35892529e+06  5.73459054e-02]
0.05734590542706103, -3358925.2891436648, 0.09338691491715677, 0.2855684296768142

[-3.35892881e+06  5.73459653e-02]
0.05734596534041858, -3358928.81208048, 0.09338693598281668, 0.2855684135938132

[-3.35892793e+06  5.73459504e-02]
0.05734595036207919, -3358927.931346276, 0.09338692718090298, 0.28556840500615893

[-3.35892617e+06  5.73459204e-02]
0.057345920405400416, -3358926.169877869, 0.09338691715194325, 0.285568446917682

[-3.35892749e+06  5.73459429e-02]
0.0573459428729095, -3358927.490979174, 0.0933869256676612, 0.2855684839983689

[-3.35892705e+06  5.73459354e-02]
0.057345935383739804, -3358927.0506120725, 0.09338692410528675, 0.28556848563425774

[-3.35892371e+06  5.73458784e-02]
0.05734587844499095, -3358923.710733597, 0.09338690519444838, 0.28556850454644367

[-3.35892283e+06  5.73458635e-02]
0.057345863466651575, -3358922.829999394, 0.09338690150219613, 0.28556845767714145

[-3.35891527e+06  5.73457346e-02]
0.05734573461081449, -3358915.26950824, 0.09338685121523983, 0.2855684353374871

[-3.35891193e+06  5.73456777e-02]
0.05734567767206564, -3358911.9296297645, 0.09338683422070329, 0.2855684553751853

[-3.35891465e+06  5.73457241e-02]
0.05734572412071212, -3358914.6547221714, 0.0933868482177135, 0.28556851987421666

[-3.35891738e+06  5.73457706e-02]
0.057345770569358606, -3358917.379814579, 0.09338686580209835, 0.28556845874729275

[-3.35892116e+06  5.73458350e-02]
0.05734583499727715, -3358921.160060156, 0.09338688288384739, 0.2855684307850385

[-3.35892327e+06  5.73458710e-02]
0.05734587095582125, -3358923.2703664955, 0.09338690113972023, 0.2855684289381065

[-3.35892160e+06  5.73458425e-02]
0.05734584248644682, -3358921.600427258, 0.09338689101261526, 0.2855684686633196

[-3.35892127e+06  5.73458369e-02]
0.057345836869569566, -3358921.270151932, 0.09338689127606652, 0.28556851552320756

[-3.35892138e+06  5.73458387e-02]
0.057345838741861985, -3358921.380243707, 0.09338689252070054, 0.2855685414225088

[-3.35892033e+06  5.73458208e-02]
0.05734582076258993, -3358920.3250905373, 0.09338687945586993, 0.28556842489159867

[-3.35891843e+06  5.73457885e-02]
0.05734578854863066, -3358918.4349677493, 0.09338686943583654, 0.28556848082520836

[-3.35891917e+06  5.73458011e-02]
0.057345801096938494, -3358919.1712867385, 0.09338687309531175, 0.28556840977528436

[-3.35891834e+06  5.73457869e-02]
0.05734578686225128, -3358918.3363171197, 0.09338687118703919, 0.285568474316497

[-3.35891983e+06  5.73458123e-02]
0.057345812287505266, -3358919.8278971827, 0.09338688576097125, 0.2855684363108854

[-3.35891933e+06  5.73458038e-02]
0.057345803812420604, -3358919.3307038285, 0.09338687701000943, 0.28556838199219714

[-3.35891991e+06  5.73458136e-02]
0.057345813645246324, -3358919.907605728, 0.09338687943924373, 0.28556846324993657

[-3.35891891e+06  5.73457967e-02]
0.057345796695077, -3358918.913219019, 0.09338687882338735, 0.2855684376260216

[-3.35891916e+06  5.73458009e-02]
0.05734580093261933, -3358919.1618156964, 0.09338687369678249, 0.2855684834645938

[-3.35891941e+06  5.73458052e-02]
0.05734580517016166, -3358919.4104123735, 0.09338687891579636, 0.2855684032874539

[-3.35891970e+06  5.73458101e-02]
0.05734581008657452, -3358919.6988633233, 0.09338687939608753, 0.28556844181871005

[-3.35891920e+06  5.73458016e-02]
0.05734580161148986, -3358919.201669969, 0.09338687873135787, 0.2855685384574395

[-3.35891957e+06  5.73458080e-02]
0.05734580796780336, -3358919.574564985, 0.09338687732434385, 0.2855684952261907

[-3.35891945e+06  5.73458058e-02]
0.05734580584903219, -3358919.450266646, 0.0933868785882759, 0.2855684688600043

[-3.35891959e+06  5.73458083e-02]
0.05734580830723862, -3358919.5944921207, 0.09338688312451755, 0.28556843389846115

[-3.35891963e+06  5.73458090e-02]
0.05734580898610915, -3358919.634346393, 0.09338688442748405, 0.28556839971660797

[-3.35891953e+06  5.73458072e-02]
0.057345807206773236, -3358919.5299751908, 0.09338687839534078, 0.28556845201307146

[-3.35891958e+06  5.73458080e-02]
0.057345808032122275, -3358919.578362888, 0.09338687826988175, 0.28556842300950847

[-3.35891955e+06  5.73458075e-02]
0.05734580748188958, -3358919.5461044232, 0.09338687684262223, 0.2855684138644075

[-3.35891955e+06  5.73458076e-02]
0.057345807619447756, -3358919.5541690392, 0.0933868731624987, 0.28556836320381607

[-3.35891941e+06  5.73458052e-02]
0.05734580516124131, -3358919.409943565, 0.09338687609787838, 0.28556843155371037

[-3.35891958e+06  5.73458080e-02]
0.05734580802989219, -3358919.578245686, 0.09338687535127449, 0.2855684597604818

[-3.35891952e+06  5.73458071e-02]
0.05734580707367523, -3358919.522144979, 0.09338688190266918, 0.2855684376960426

[-3.35891956e+06  5.73458078e-02]
0.05734580775700593, -3358919.5622336557, 0.09338687613074628, 0.28556849165334747

[-3.35891945e+06  5.73458058e-02]
0.05734580584457202, -3358919.4500322416, 0.09338687892824744, 0.28556844356346217

[-3.35891948e+06  5.73458063e-02]
0.05734580632268049, -3358919.478082595, 0.09338687740211807, 0.28556854220075895

[-3.35891951e+06  5.73458068e-02]
0.057345806800788976, -3358919.5061329487, 0.09338687939465355, 0.28556842556347223

[-3.35891953e+06  5.73458071e-02]
0.057345807142454325, -3358919.526177287, 0.09338688193260264, 0.28556838472560836

[-3.35891951e+06  5.73458069e-02]
0.05734580686956807, -3358919.510165257, 0.09338687823861577, 0.28556842327901083

[-3.35891951e+06  5.73458069e-02]
0.05734580685237329, -3358919.50915718, 0.09338687266851373, 0.2855684040398826

[-3.35891951e+06  5.73458068e-02]
0.057345806817983756, -3358919.5071410257, 0.09338687871796791, 0.2855684592214189

[-3.35891951e+06  5.73458068e-02]
0.05734580684377591, -3358919.5086531416, 0.09338687411218662, 0.2855684481142921

[-3.35891951e+06  5.73458068e-02]
0.05734580683517852, -3358919.508149103, 0.09338687364361435, 0.28556828592695815

[-3.35891950e+06  5.73458067e-02]
0.057345806690138, -3358919.499639049, 0.0933868803239208, 0.2855684466690273

[-3.35891950e+06  5.73458067e-02]
0.05734580667294323, -3358919.4986309726, 0.09338687721282879, 0.28556840557470436

[-3.35891950e+06  5.73458067e-02]
0.05734580667724193, -3358919.498882992, 0.09338688255460324, 0.2855684699376479

[-3.35891950e+06  5.73458067e-02]
0.057345806681540615, -3358919.499135011, 0.09338687730902609, 0.28556850285667124

[-3.35891950e+06  5.73458068e-02]
0.05734580676265826, -3358919.5038940758, 0.09338687852740142, 0.2855684735145327

[-3.35891951e+06  5.73458069e-02]
0.05734580691629616, -3358919.512908167, 0.09338687684674865, 0.2855684220765878

[-3.35891952e+06  5.73458070e-02]
0.057345806988816424, -3358919.5171631947, 0.09338688162031107, 0.2855684267621733

[-3.35891951e+06  5.73458069e-02]
0.05734580693227688, -3358919.513845915, 0.09338688098226261, 0.2855684290865287

[-3.35891951e+06  5.73458069e-02]
0.05734580687573734, -3358919.5105286352, 0.09338688051507495, 0.2855684229781323

[-3.35891951e+06  5.73458068e-02]
0.05734580679891839, -3358919.506021589, 0.09338687805553232, 0.28556847412922504

[-3.35891951e+06  5.73458069e-02]
0.05734580691199748, -3358919.5126561485, 0.09338687719713525, 0.28556843582175323

[-3.35891951e+06  5.73458069e-02]
0.05734580688372771, -3358919.5109975087, 0.09338688085658252, 0.2855684312386697

[-3.35891951e+06  5.73458068e-02]
0.05734580682718816, -3358919.507680229, 0.09338687733181462, 0.2855684651187822

[-3.35891951e+06  5.73458069e-02]
0.05734580686959282, -3358919.5101681887, 0.09338687981508026, 0.28556846834469

[-3.35891951e+06  5.73458069e-02]
0.05734580685545793, -3358919.509338869, 0.09338687576905808, 0.2855684524325146

[-3.35891951e+06  5.73458069e-02]
0.05734580685945312, -3358919.509573306, 0.09338687884817067, 0.2855685286785276

[-3.35891951e+06  5.73458068e-02]
0.057345806831183344, -3358919.507914665, 0.0933868767979443, 0.2855684066229046

[-3.35891951e+06  5.73458068e-02]
0.05734580681090393, -3358919.5067248996, 0.09338687633379104, 0.28556843950016

[-3.35891951e+06  5.73458068e-02]
0.05734580682204243, -3358919.507378392, 0.09338687791329257, 0.2855684954312276

[-3.35891951e+06  5.73458068e-02]
0.05734580683318093, -3358919.508031884, 0.09338687844964125, 0.285568550172072

[-3.35891951e+06  5.73458068e-02]
0.05734580684531823, -3358919.5087439856, 0.09338687661962017, 0.28556844239037854


------------------------------------------------------------
Sender: LSF System <lsfadmin@n-62-21-21>
Subject: Job 1735668: <minimize_batch_job_this_is_on_purpose_to_utilize_more_kernel> in cluster <dcc> Done

Job <minimize_batch_job_this_is_on_purpose_to_utilize_more_kernel> was submitted from host <gbarlogin2> by user <s174007> in cluster <dcc> at Sun Jan 13 21:42:34 2019
Job was executed on host(s) <n-62-21-21>, in queue <hpc>, as user <s174007> in cluster <dcc> at Sun Jan 13 21:42:34 2019
</zhome/b0/b/127184> was used as the home directory.
</zhome/b0/b/127184/Documents/Projects/machine-learning-on-materials> was used as the working directory.
Started at Sun Jan 13 21:42:34 2019
Terminated at Mon Jan 14 02:36:36 2019
Results reported at Mon Jan 14 02:36:36 2019

Your job looked like:

------------------------------------------------------------
# LSBATCH: User input
#!/bin/bash
##Kør på cpu
#BSUB -q hpc
##Navn på job
#BSUB -J minimize_batch_job_this_is_on_purpose_to_utilize_more_kernel
##Output fil
#BSUB -o output/minimize/linear_SimpleLarge_compare_batchjobs-%J.out
##Antal kerner
#BSUB -n 1
##Om kernerne må være på forskellige computere
#BSUB -R "span[hosts=1]"
##Ram pr kerne
#BSUB -R "rusage[mem=10GB]"
##Hvor lang tid må den køre hh:mm
#BSUB -W 45:00
##Email når jobbet starter
##og stopper
module purge
module load python3
python3 KRR/minimizer.py linear 1e-06 SimpleLarge compare [100]
------------------------------------------------------------

Successfully completed.

Resource usage summary:

    CPU time :                                   17639.24 sec.
    Max Memory :                                 5148 MB
    Average Memory :                             4900.29 MB
    Total Requested Memory :                     10240.00 MB
    Delta Memory :                               5092.00 MB
    Max Swap :                                   -
    Max Processes :                              4
    Max Threads :                                5
    Run time :                                   17655 sec.
    Turnaround time :                            17642 sec.

The output (if any) is above this job summary.

