Unloaded module: latex/TeXLive12
Loaded module: python3/3.6.2
[-10000]
[-10000.0]
[-1.e+04  3.e+00]
3.0, -10000.0, 0.2367466089696355, 0.3097256987337972

[-1.05e+04  3.00e+00]
3.0, -10500.0, 0.23674660890912072, 0.3097256991095805

[-1.00e+04  3.15e+00]
3.1500000000000004, -10000.0, 0.2399948382340026, 0.31087419128707483

[-1.05e+04  2.85e+00]
2.8499999999999996, -10500.0, 0.23334096361151274, 0.30854987986428456

[-1.075e+04  2.700e+00]
2.6999999999999993, -10750.0, 0.2297627084902387, 0.3073457286952947

[-1.025e+04  2.700e+00]
2.6999999999999993, -10250.0, 0.22976270854566694, 0.30734572835980695

[-1.0125e+04  2.5500e+00]
2.549999999999999, -10125.0, 0.22599436968133188, 0.30611225003087045

[-1.0875e+04  2.2500e+00]
2.2499999999999982, -10875.0, 0.2178031206712261, 0.3035535357042974

[-1.13125e+04  1.87500e+00]
1.8749999999999973, -11312.5, 0.20605262805043628, 0.300175096003261

[-1.06875e+04  1.72500e+00]
1.724999999999997, -10687.5, 0.20076457117888344, 0.2987663215160837

[-1.065625e+04  1.237500e+00]
1.2374999999999954, -10656.25, 0.18037063249085267, 0.29397184781692187

[-1.184375e+04  5.625000e-01]
0.5624999999999938, -11843.75, 0.1379218982514649, 0.28709598771205574

[-1.2703125e+04 -4.3125000e-01]
-0.43125000000000924, -12703.125, 6.325548521760893, 6.436298833035752

[-1.11875e+04 -7.50000e-02]
-0.07500000000000817, -11187.5, 2.387604821005461, 2.3919967084489246

[-1.128125e+04  1.387500e+00]
1.387499999999996, -11281.25, 0.1872625598664254, 0.2954797948806026

[-1.121875e+04  4.125000e-01]
0.4124999999999932, -11218.75, 0.12420279638956823, 0.28571956087411504

[-1.11875e+04 -7.50000e-02]
-0.07500000000000817, -11187.5, 2.387604821005461, 2.3919967084489246

[-1.240625e+04 -2.625000e-01]
-0.2625000000000084, -12406.25, 3.137786194666675, 3.0353260870072947

[-1.109375e+04  8.625000e-01]
0.8624999999999945, -11093.75, 0.15973129128104546, 0.2901220789081227

[-1.196875e+04  1.125000e-01]
0.1124999999999925, -11968.75, 0.0880402680323546, 0.2842052042335985

[-1.240625e+04 -2.625000e-01]
-0.2625000000000086, -12406.25, 3.137786194666675, 3.0353260870072947

[-1.134375e+04 -3.750000e-02]
-0.03750000000000808, -11343.75, 0.19969323609458223, 0.3761587303540936

[-1.171875e+04  4.125000e-01]
0.4124999999999933, -11718.75, 0.12420279636922452, 0.28571956098423257

[-1.146875e+04  1.125000e-01]
0.11249999999999238, -11468.75, 0.08804026803603365, 0.28420520419121215

[-1.134375e+04 -3.750000e-02]
-0.03750000000000808, -11343.75, 0.19969323609458223, 0.3761587303540936

[-1.221875e+04 -1.875000e-01]
-0.18750000000000833, -12218.75, 1.3937739532687767, 1.4369831269171591

