Unloaded module: latex/TeXLive12
Loaded module: python3/3.6.2
[10]
[10.0]
[10. 10.]
10.0, 10.0, 0.2255198554296652, 0.28809382575599535

[10.5 10. ]
10.0, 10.5, 0.22552075564561525, 0.28809425086510715

[10.  10.5]
10.5, 10.0, 0.2282444467555088, 0.2891668293729086

[10.5  9.5]
9.5, 10.5, 0.22266100258948668, 0.2869918811707848

[10.75  9.  ]
9.0, 10.75, 0.2196529542774358, 0.28585867405539506

[10.25  9.  ]
9.0, 10.25, 0.21965212499061468, 0.28585815677029236

[10.125  8.5  ]
8.5, 10.125, 0.21647910489260414, 0.2846916510320208

[10.875  7.5  ]
7.5, 10.875, 0.20956557297041262, 0.282253701085282

[11.3125  6.25  ]
6.25, 11.3125, 0.1995971361102716, 0.27898570545439694

[10.6875  5.75  ]
5.75, 10.6875, 0.19508822911710078, 0.27760237839309587

[10.65625  4.125  ]
4.125, 10.65625, 0.17755394891068, 0.2727939297777248

[11.84375  1.875  ]
1.875, 11.84375, 0.1400411176253789, 0.2656681774300772

[12.703125 -1.4375  ]
-1.4375, 12.703125, 10.956915619153895, 14.208526986548842

[11.1875 -0.25  ]
-0.25, 11.1875, 3.391973380278398, 5.320788435421445

[11.28125  4.625  ]
4.625, 11.28125, 0.18350860688488455, 0.27432587828236527

[11.21875  1.375  ]
1.375, 11.21875, 0.1274680020280238, 0.26434471288689915

[11.1875 -0.25  ]
-0.25, 11.1875, 3.391973380278398, 5.320788435421445

[12.40625 -0.875  ]
-0.875, 12.40625, 3.522253716292002, 4.537605020629085

[11.09375  2.875  ]
2.875, 11.09375, 0.15952018936419007, 0.268810420750868

[11.96875  0.375  ]
0.375, 11.96875, 0.09163742724277016, 0.2648967052998333

[11.34375 -0.125  ]
-0.125, 11.34375, 0.9524099566864476, 2.0106391853125456

[11.71875  1.375  ]
1.375, 11.71875, 0.1274683180265526, 0.26434546099210254

[10.96875  2.375  ]
2.375, 10.96875, 0.15053132728908028, 0.2672034971174653

[11.71875  0.875  ]
0.875, 11.71875, 0.11184542264620174, 0.2636166816336805

[11.21875  0.875  ]
0.875, 11.21875, 0.11184519828281747, 0.263616029775688

[10.96875  0.625  ]
0.625, 10.96875, 0.10241795508634031, 0.2637995898513171

[11.71875  0.375  ]
0.375, 11.71875, 0.09163738300233146, 0.26489647706093483

[11.34375  1.125  ]
1.125, 11.34375, 0.12012108249859522, 0.2638630067589903

[11.59375  0.625  ]
0.625, 11.59375, 0.10241816786532482, 0.263800340540929

[11.53125  0.75   ]
0.75, 11.53125, 0.10729077051688002, 0.2636353008694641

[11.40625  1.     ]
1.0, 11.40625, 0.11611225653243513, 0.26370146761851804

[11.5     0.8125]
0.8125, 11.5, 0.10960591065405545, 0.2636106338558307

[11.      0.8125]
0.8125, 11.0, 0.10960569200057227, 0.2636099731320727

[10.640625  0.78125 ]
0.78125, 10.640625, 0.10845766839135841, 0.2636176619967426

[11.28125  0.75   ]
0.75, 11.28125, 0.10729067155269008, 0.263634988195645

[11.234375  0.84375 ]
0.84375, 11.234375, 0.1107347259520914, 0.2636096812730434

[10.734375  0.84375 ]
0.84375, 10.734375, 0.11073448897790493, 0.26360897952114776

[10.3515625  0.859375 ]
0.859375, 10.3515625, 0.11129180103274797, 0.26361073657003314

[10.96875  0.875  ]
0.875, 10.96875, 0.11184507847559413, 0.263615681684326

[10.9921875  0.828125 ]
0.828125, 10.9921875, 0.11017248757366238, 0.2636087472849265

[10.4921875  0.828125 ]
0.828125, 10.4921875, 0.11017224384076027, 0.2636080182837424

[10.12109375  0.8203125 ]
0.8203125, 10.12109375, 0.10988923943205511, 0.2636078107818768

[10.37890625  0.8046875 ]
0.8046875, 10.37890625, 0.10932022289339872, 0.2636103801128394

[10.64550781  0.83398438]
0.833984375, 10.6455078125, 0.1103836616696928, 0.2636082647228578

[9.77441406 0.82617188]
0.826171875, 9.7744140625, 0.11010125885020743, 0.26360689466016407

[9.16552734 0.82519531]
0.8251953125, 9.16552734375, 0.1100655552183808, 0.26360579179843835

[8.64111328 0.81152344]
0.8115234375, 8.64111328125, 0.10956874159776589, 0.26360597149687315

[7.68554688 0.81640625]
0.81640625, 7.685546875, 0.10974566114004941, 0.2636029474877224

[6.46777344 0.81445312]
0.814453125, 6.4677734375, 0.10967328302684468, 0.26359910468679043

[6.9921875 0.828125 ]
0.828125, 6.9921875, 0.11016957050059496, 0.2636000209813238

[4.29443359 0.81738281]
0.8173828125, 4.29443359375, 0.10977550038071944, 0.2635858226277714

[1.85888672 0.81347656]
0.8134765625, 1.85888671875, 0.1096171847178295, 0.2635370492912272

[1.33447266 0.79980469]
0.7998046875, 1.33447265625, 0.10910720230312433, 0.26350703634816625

[-1.49438477  0.78564453]
0.78564453125, -1.494384765625, 0.10866322975846582, 0.26374801561442274

[-3.27441406  0.79882812]
0.798828125, -3.2744140625, 0.10912800125543319, 0.26368002648203287

[4.03222656 0.81054688]
0.810546875, 4.0322265625, 0.10952592573753743, 0.26358426785228584

[-0.83886719  0.80273438]
0.802734375, -0.8388671875, 0.10932531644196898, 0.26384273185483553

[2.81445312 0.80859375]
0.80859375, 2.814453125, 0.10944893267382186, 0.26356714022046374

[0.37890625 0.8046875 ]
0.8046875, 0.37890625, 0.10920038896699273, 0.2632435194905982

[-0.83886719  0.80273438]
0.802734375, -0.8388671875, 0.10932531644196898, 0.26384273185483553

[-0.14550781  0.79101562]
0.791015625, -0.1455078125, 0.1094522581568404, 0.2655098454993973

[1.35778809 0.80786133]
0.807861328125, 1.3577880859375, 0.10940238239381135, 0.2635070190403545

[0.40222168 0.81274414]
0.812744140625, 0.4022216796875, 0.10949972978705956, 0.2632603455858446

[-0.57666016  0.80957031]
0.8095703125, -0.57666015625, 0.10961231547207459, 0.2639517452391681

[0.87417603 0.80828857]
0.80828857421875, 0.874176025390625, 0.10939777007806105, 0.26344539133407985

[-0.0930481   0.80914307]
0.80914306640625, -0.093048095703125, 0.11099626568107696, 0.26799437229496303

[0.63237   0.8085022]
0.808502197265625, 0.6323699951171875, 0.10938494851735978, 0.2633823891106177

[0.14875793 0.80892944]
0.808929443359375, 0.1487579345703125, 0.10922138849471644, 0.26282609577838056

[-0.0930481   0.80914307]
0.80914306640625, -0.093048095703125, 0.11099626568107696, 0.26799437229496303

[0.1254425 0.8008728]
0.800872802734375, 0.1254425048828125, 0.10889817731414926, 0.26273236782219683

[-0.01294708  0.79493713]
0.7949371337890625, -0.01294708251953125, 0.10863977190838597, 0.26193101657538964

[-0.2430954   0.79917908]
0.7991790771484375, -0.24309539794921875, 0.10942569649038542, 0.2645350657760542

[0.22340584 0.80331039]
0.8033103942871094, 0.2234058380126953, 0.10908319658810268, 0.26303582704601197

[-0.08759499  0.80055618]
0.8005561828613281, -0.08759498596191406, 0.11089040426597349, 0.2686144144300793

[0.14565563 0.80262184]
0.8026218414306641, 0.14565563201904297, 0.1089886552322078, 0.26281718272757926

[-0.01604939  0.78862953]
0.7886295318603516, -0.01604938507080078, 0.10860638233991778, 0.2623614253118872

[-0.1746521   0.78094482]
0.78094482421875, -0.174652099609375, 0.10891907587433321, 0.26504883308111

[0.0655787  0.79720259]
0.7972025871276855, 0.06557869911193848, 0.10864272708934011, 0.26233486994601296

[0.068681   0.80351019]
0.8035101890563965, 0.06868100166320801, 0.1088803235757906, 0.2623599820353144

[0.0474984  0.79979002]
0.7997900247573853, 0.04749840497970581, 0.10868036690296201, 0.26214013922254753

[-0.03102738  0.79752457]
0.7975245714187622, -0.031027376651763916, 0.11763699730654407, 0.28391786647540235

[0.04142718 0.79728308]
0.7972830832004547, 0.04142718017101288, 0.10856777946800354, 0.26206540137589224

[-0.01901831  0.79243019]
0.792430192232132, -0.019018307328224182, 0.10907360488107216, 0.26309657113200285

[0.03086923 0.79795007]
0.7979500666260719, 0.030869226902723312, 0.10855192190508756, 0.26191764893912783

[-0.02350504  0.79560412]
0.7956041172146797, -0.023505035787820816, 0.11019367601571063, 0.26546865821972165

[0.02519413 0.79686334]
0.796863341704011, 0.025194126181304455, 0.10849021680531742, 0.2618317308793656

[0.06901044 0.79987627]
0.7998762745410204, 0.06901043560355902, 0.10874934166091574, 0.26236497663224956

[0.0075423  0.79617192]
0.796171918977052, 0.007542297011241317, 0.10841116074365262, 0.2615609531671326

[0.0018672  0.79508519]
0.795085194054991, 0.0018671962898224592, 0.10837471433922265, 0.2615057321692537

[-0.01263382  0.79365276]
0.7936527577694505, -0.012633819016627967, 0.10857682414103724, 0.26189964489909345

[-0.01578463  0.79439377]
0.794393771328032, -0.01578463288024068, 0.1088005844722641, 0.26231543908887933

[0.01494944 0.79624595]
0.7962459491100162, 0.014949436415918171, 0.10843060990711294, 0.26166917822978675

[-0.00553994  0.79501116]
0.7950111639220268, -0.005539943114854395, 0.10842828707277041, 0.26153992009840465

[-0.01121504  0.79392444]
0.7939244389999658, -0.011215043836273253, 0.10852684680097091, 0.26178020763509585

[0.00285296 0.79561005]
0.7956100489827804, 0.0028529617993626744, 0.1083917110546866, 0.26151214417003243

[0.0102601  0.79568408]
0.7956840791157447, 0.010260101204039529, 0.10839771020361422, 0.2615982268443249

[-0.00158993  0.79517939]
0.7951793927204562, -0.0015899320351309143, 0.10839384012977928, 0.2614990393005564

[-0.0025757   0.79465454]
0.7946545377926668, -0.0025756975446711294, 0.10838200080751913, 0.2615033651215254

[-0.00603283  0.79474874]
0.794748736458132, -0.006032825869624503, 0.10842612847466943, 0.26155037661328734

[-1.0780925e-04  7.9500108e-01]
0.7950010796557763, -0.00010780925003928132, 0.10837884868797382, 0.26149833182859494

[0.00087796 0.79552593]
0.7955259345835657, 0.0008779562595009338, 0.10839392490207607, 0.2615008484588505

[1.45428085e-05 7.95308085e-01]
0.795308085385841, 1.4542808457918e-05, 0.10838950929899528, 0.2614984639057566

[0.00149667 0.79512977]
0.795129772321161, 0.001496665593549551, 0.1083773897055384, 0.26150370413953994

[-0.00081828  0.79516699]
0.7951669876206324, -0.000818282627960798, 0.10838861077996001, 0.2614978819869309


------------------------------------------------------------
Sender: LSF System <lsfadmin@n-62-21-100>
Subject: Job 1708349: <minimize_batch_job_this_is_on_purpose_to_utilize_more_kernel> in cluster <dcc> Done

Job <minimize_batch_job_this_is_on_purpose_to_utilize_more_kernel> was submitted from host <gbarlogin2> by user <s174007> in cluster <dcc> at Thu Jan 10 17:20:38 2019
Job was executed on host(s) <n-62-21-100>, in queue <hpc>, as user <s174007> in cluster <dcc> at Thu Jan 10 17:20:39 2019
</zhome/b0/b/127184> was used as the home directory.
</zhome/b0/b/127184/Documents/Projects/machine-learning-on-materials> was used as the working directory.
Started at Thu Jan 10 17:20:39 2019
Terminated at Thu Jan 10 18:19:07 2019
Results reported at Thu Jan 10 18:19:07 2019

Your job looked like:

------------------------------------------------------------
# LSBATCH: User input
#!/bin/bash
##Kør på cpu
#BSUB -q hpc
##Navn på job
#BSUB -J minimize_batch_job_this_is_on_purpose_to_utilize_more_kernel
##Output fil
#BSUB -o output/minimize/linear_GP_newest_batchjobs-%J.out
##Antal kerner
#BSUB -n 1
##Om kernerne må være på forskellige computere
#BSUB -R "span[hosts=1]"
##Ram pr kerne
#BSUB -R "rusage[mem=10GB]"
##Hvor lang tid må den køre hh:mm
#BSUB -W 45:00
##Email når jobbet starter
##og stopper
module purge
module load python3
python3 KRR/minimizer.py linear 10 GP newest [10]
------------------------------------------------------------

Successfully completed.

Resource usage summary:

    CPU time :                                   3506.38 sec.
    Max Memory :                                 2019 MB
    Average Memory :                             1798.33 MB
    Total Requested Memory :                     10240.00 MB
    Delta Memory :                               8221.00 MB
    Max Swap :                                   2 MB
    Max Processes :                              4
    Max Threads :                                5
    Run time :                                   3508 sec.
    Turnaround time :                            3509 sec.

The output (if any) is above this job summary.

