Unloaded module: latex/TeXLive12
Loaded module: python3/3.6.2
[100]
[100.0]
[1.e+02 1.e-03]
0.001, 100.0, 0.07612397583052666, 0.2927461897043763

[1.05e+02 1.00e-03]
0.001, 105.0, 0.07612397583228125, 0.2927461920023786

[1.00e+02 1.05e-03]
0.0010500000000000002, 100.0, 0.07612528221743624, 0.29269283134294427

[9.50e+01 1.05e-03]
0.0010500000000000002, 95.0, 0.07612528221427274, 0.2926928287417456

[9.000e+01 1.075e-03]
0.0010750000000000004, 90.0, 0.07612594987070774, 0.29266667711659045

[9.000e+01 1.125e-03]
0.0011250000000000006, 90.0, 0.07612731430605736, 0.2926153522717875

[8.5000e+01 1.1875e-03]
0.001187500000000001, 85.0, 0.07612907465093886, 0.2925528599491053

[7.5000e+01 1.2125e-03]
0.0012125000000000013, 75.0, 0.07612979585808122, 0.29252833288746094

[6.25000e+01 1.29375e-03]
0.001293750000000002, 62.5, 0.07613220712954699, 0.29245034024620803

[5.75000e+01 1.40625e-03]
0.0014062500000000026, 57.5, 0.07613571502621437, 0.2923462158412692

[4.125000e+01 1.571875e-03]
0.0015718750000000038, 41.25, 0.0761412322175869, 0.2921998040996215

[1.875000e+01 1.678125e-03]
0.0016781250000000047, 18.75, 0.07614498834020561, 0.29210945990722403

[-1.4375000e+01  1.9234375e-03]
0.0019234375000000067, -14.375, 0.0761542918185572, 0.2919111246321659

[-3.5625000e+01  2.2015625e-03]
0.0022015625000000086, -35.625, 0.0761658563752589, 0.2916984133614337

[-8.46875000e+01  2.65546875e-03]
0.002655468750000012, -84.6875, 0.07618690942681951, 0.29137530111582377

[-1.40312500e+02  3.00703125e-03]
0.003007031250000015, -140.3125, 0.07620494299202717, 0.2911415427949295

[-2.31093750e+02  3.72460938e-03]
0.003724609375000021, -231.09375, 0.07624599630385481, 0.29069973935091725

[-3.01406250e+02  4.45664063e-03]
0.004456640625000026, -301.40625, 0.07629314355037317, 0.2902880536157538

[-4.44921875e+02  5.72324219e-03]
0.005723242187500036, -444.921875, 0.07638552222721395, 0.2896465004566271

[-5.91328125e+02  6.79238281e-03]
0.006792382812500045, -591.328125, 0.07647260503305232, 0.28915912792042753

[-8.44648438e+02  8.86083984e-03]
0.008860839843750062, -844.6484375, 0.07666037457297378, 0.28832103976184315

[-1.05847656e+03  1.08594727e-02]
0.010859472656250077, -1058.4765625, 0.07686126285111353, 0.2876103855297846

[-1.47216797e+03  1.44269043e-02]
0.014426904296875105, -1472.16796875, 0.07725536286628726, 0.2865146134607925

[-1.87189453e+03  1.75645020e-02]
0.01756450195312513, -1871.89453125, 0.07762975170974291, 0.2856844752070372

[-2.58538086e+03  2.34851318e-02]
0.02348513183593768, -2585.380859375, 0.07838354296630462, 0.28435454222770107

[-3.21290039e+03  2.90511963e-02]
0.029051196289062723, -3212.900390625, 0.07912853633689747, 0.2833050941172454

[-4.39702637e+03  3.91463745e-02]
0.039146374511719054, -4397.0263671875, 0.0805271440420304, 0.28173572054278906

[-5.51023926e+03  4.82046021e-02]
0.048204602050781635, -5510.2392578125, 0.08180470515972364, 0.2805825716879925

[-7.52927490e+03  6.50934509e-02]
0.0650934509277349, -7529.27490234375, 0.08418891441511858, 0.2788577268871099

[-9.34092041e+03  8.07546936e-02]
0.08075469360351628, -9340.92041015625, 0.0863680485784619, 0.2775963770537173

[-1.27186902e+04  1.09389474e-01]
0.10938947448730556, -12718.690185546875, 0.09022349400812803, 0.27583288529271394

[-1.58509387e+04  1.35336551e-01]
0.13533655090332142, -15850.938720703125, 0.09355539413591739, 0.2746415752983515

[-2.15778949e+04  1.83431639e-01]
0.1834316390991226, -21577.894897460938, 0.09933150338090585, 0.27308025463625724

[-2.67673102e+04  2.27727663e-01]
0.22772766265869326, -26767.310180664062, 0.10423257756610366, 0.27212923374470166

[-3.63863278e+04  3.09044769e-01]
0.3090447685241724, -36386.32781982422, 0.11234633658877179, 0.2711204747263211

[-4.52455325e+04  3.83086933e-01]
0.38308693313598946, -45245.53253173828, 0.1189159802810098, 0.27071682728954555

[-6.15089537e+04  5.19935662e-01]
0.5199356624603314, -61508.953704833984, 0.12948222562272424, 0.2706893726228134

[-7.63173866e+04  6.45548792e-01]
0.6455487918853812, -76317.38662719727, 0.1378083809141665, 0.27112040459043946

[-1.01440013e+05  8.56439686e-01]
0.8564396858215402, -101440.01251220703, 0.14966215405338842, 0.27231222103029923

[-5.26497490e+04  4.45893498e-01]
0.44589349784851434, -52649.74899291992, 0.12399032297484291, 0.27061614136169954

[-3.78413161e+04  3.20280368e-01]
0.32028036842346463, -37841.31607055664, 0.11338902920364709, 0.2710339340990774

[-4.74603337e+04  4.01597474e-01]
0.4015974742889438, -47460.3337097168, 0.12045520796147413, 0.2706680840997636

[-3.8601129e+04  3.2755531e-01]
0.32755530967712676, -38601.128997802734, 0.11405496912844497, 0.2709832965043746

[-5.57819975e+04  4.71840574e-01]
0.47184057426453024, -55781.99752807617, 0.12597094120730037, 0.27062176268061994

[-6.09714128e+04  5.16136598e-01]
0.5161365978241008, -60971.4128112793, 0.1292120174014238, 0.27068163895200814

[-5.08381035e+04  4.30232255e-01]
0.43023225517273306, -50838.10348510742, 0.12276340285363305, 0.2706249627751437

[-5.75936430e+04  4.87501817e-01]
0.4875018169403115, -57593.64303588867, 0.12713639157569886, 0.27063619855943133

[-5.25269884e+04  4.44549646e-01]
0.4445496456146277, -52526.988372802734, 0.12388599352810495, 0.27061652002706127

[-4.93947398e+04  4.18602569e-01]
0.4186025691986118, -49394.739837646484, 0.1218363119319878, 0.2706380549406046

[-5.41851831e+04  4.58531073e-01]
0.4585310729980506, -54185.18310546875, 0.1249629176739281, 0.27061588289811594

[-5.43079437e+04  4.59874925e-01]
0.45987492523193735, -54307.94372558594, 0.12506544676423179, 0.27061619716755697

[-5.38627049e+04  4.56043605e-01]
0.4560436053276099, -53862.70488739014, 0.12477268653291163, 0.27061547149677967

[-5.5398139e+04  4.6868118e-01]
0.4686811804771462, -55398.138999938965, 0.12573314198075572, 0.2706198183186838

[-5.33368465e+04  4.51590419e-01]
0.4515904185056723, -53336.84649467468, 0.12443065632206896, 0.2706152949751826

[-5.30143683e+04  4.49102951e-01]
0.44910295083523155, -53014.36827659607, 0.12423877756771397, 0.2706155147425058

[-5.33070720e+04  4.51459981e-01]
0.4514599813759363, -53307.07198381424, 0.12442060941523113, 0.27061530088778124

[-5.27812136e+04  4.47006795e-01]
0.4470067945539987, -52781.213591098785, 0.12407662012574505, 0.27061587980605534

[-5.35923321e+04  4.53784403e-01]
0.4537844026342071, -53592.3320633173, 0.12459940341262565, 0.2706152914479368

[-5.36221066e+04  4.53914840e-01]
0.45391483976394303, -53622.10657417774, 0.12460942126116041, 0.2706152966565443

[-5.35433479e+04  4.53301125e-01]
0.4533011251669413, -53543.34792658687, 0.12456227236137636, 0.27061527708385735

[-5.37988335e+04  4.55495109e-01]
0.4554951092954762, -53798.83349522948, 0.1247306609394072, 0.270615410606566

[-5.34523432e+04  4.52566591e-01]
0.45256659120312326, -53452.34324481338, 0.12450579413177908, 0.27061527160496934

[-5.34033591e+04  4.52083314e-01]
0.4520833137358575, -53403.35910808295, 0.12446860680801329, 0.27061527875594515

[-5.34506023e+04  4.52508586e-01]
0.45250858596044496, -53450.60234689154, 0.12450133192845811, 0.2706152719301206

[-5.33595977e+04  4.51774052e-01]
0.4517740519966269, -53359.59766511805, 0.12444479788444766, 0.2706152879217966

[-5.34974104e+04  4.52919357e-01]
0.4529193568743627, -53497.41036121966, 0.12453292469102087, 0.2706152715276864

[-5.34991513e+04  4.52977362e-01]
0.452977362117041, -53499.15125914151, 0.1245373846318386, 0.2706152722240602

[-5.34627396e+04  4.52625780e-01]
0.45262577999959397, -53462.73957495403, 0.12451034702946798, 0.27061527111716627

[-5.35078067e+04  4.52978546e-01]
0.4529785456708334, -53507.80669136031, 0.12453747568880012, 0.27061527209419034

[-5.34662091e+04  4.52669580e-01]
0.4526695798200508, -53466.209106450115, 0.12451371602521452, 0.27061527086693676

[-5.34315383e+04  4.52376003e-01]
0.452376002945282, -53431.53832018448, 0.12449113137454827, 0.2706152732913561

[-5.34809424e+04  4.52783518e-01]
0.4527835183920925, -53480.94235096087, 0.12452247900014009, 0.2706152710208292

[-5.34844119e+04  4.52827318e-01]
0.4528273182125494, -53484.411882456945, 0.12452584732612426, 0.2706152709963052

[-5.34696786e+04  4.52713380e-01]
0.4527133796405076, -53469.67863794619, 0.1245170848092441, 0.2706152709329089

[-5.34514759e+04  4.52555641e-01]
0.45255564124800907, -53451.47586193937, 0.1245049517866726, 0.2706152714491232

[-5.34761779e+04  4.52759399e-01]
0.4527593989714143, -53476.17787732755, 0.12452062405858913, 0.27061527088981674

[-5.34727083e+04  4.52715599e-01]
0.4527155991509575, -53472.70834583147, 0.12451725547170094, 0.27061527105922256

[-5.34704361e+04  4.52713935e-01]
0.4527139345181201, -53470.43606491751, 0.12451712745683977, 0.2706152709396277

[-5.34711935e+04  4.52714489e-01]
0.45271448939573256, -53471.19349188883, 0.12451717015847774, 0.27061527105719524

[-5.34679439e+04  4.52691480e-01]
0.45269147973027923, -53467.94387219816, 0.12451540045410042, 0.2706152710057534

[-5.34629595e+04  4.52646570e-01]
0.4526465701545975, -53462.95948675944, 0.12451194614802145, 0.27061527104374156

[-5.3465018e+04  4.5266355e-01]
0.4526635499648813, -53465.01798804179, 0.12451325223793396, 0.27061527110430894

[-5.34670765e+04  4.52680530e-01]
0.45268052977516504, -53467.076489324136, 0.12451455820397594, 0.27061527089909204

[-5.34687013e+04  4.52692035e-01]
0.45269203460789165, -53468.70129916947, 0.12451544314171145, 0.27061527101124494

[-5.34645843e+04  4.52658075e-01]
0.45265807498732424, -53464.58429660477, 0.12451283109499252, 0.2706152711767652

[-5.34676720e+04  4.52683545e-01]
0.4526835447027498, -53467.6720485283, 0.12451479015353417, 0.2706152711401546

[-5.34666428e+04  4.52675055e-01]
0.45267505479760795, -53466.64279788712, 0.12451413710024715, 0.2706152710626716

[-5.34674552e+04  4.52680807e-01]
0.4526808072139712, -53467.4552028098, 0.12451457957077175, 0.2706152711159798

[-5.34653967e+04  4.52663827e-01]
0.4526638274036876, -53465.39670152744, 0.12451327353288082, 0.2706152709720505

[-5.34649630e+04  4.52658352e-01]
0.4526583524261305, -53464.96301009043, 0.1245128524245403, 0.27061527107244604

[-5.34662229e+04  4.52670879e-01]
0.4526708792047386, -53466.22285093795, 0.12451381593963246, 0.2706152710558669

[-5.34653830e+04  4.52662528e-01]
0.45266252801899987, -53465.382957039605, 0.1245131736157248, 0.2706152710047868

[-5.34655929e+04  4.52664616e-01]
0.45266461581543455, -53465.59293051419, 0.12451333419192716, 0.2706152710727929

[-5.34658029e+04  4.52666704e-01]
0.4526667036118692, -53465.80290398878, 0.12451349477787425, 0.27061527117399325

[-5.3466216e+04  4.5267023e-01]
0.45267022951239466, -53466.21597869403, 0.12451376596899222, 0.2706152710318749

[-5.34666222e+04  4.52673106e-01]
0.4526731057205762, -53466.62218115537, 0.12451398724301337, 0.27061527103097055

[-5.34666153e+04  4.52672456e-01]
0.45267245602823236, -53466.61530891145, 0.12451393722772595, 0.2706152710735897

[-5.34663158e+04  4.52670786e-01]
0.4526707861413541, -53466.31581124839, 0.12451380879574224, 0.2706152711059478

[-5.34664156e+04  4.52671343e-01]
0.4526713427703135, -53466.41564380274, 0.12451385154295475, 0.27061527110089845

[-5.34662125e+04  4.52669905e-01]
0.4526699046662227, -53466.21254257207, 0.12451374097045101, 0.2706152710901775

[-5.34660060e+04  4.52668142e-01]
0.4526681417159599, -53466.006005219446, 0.12451360541203048, 0.27061527104356475

[-5.34660026e+04  4.52667817e-01]
0.4526678168697881, -53466.00256909749, 0.12451358044882417, 0.2706152711248083

[-5.34661600e+04  4.52669383e-01]
0.45266938271711404, -53466.16004920343, 0.12451370082775369, 0.2706152711450357

[-5.34661076e+04  4.52668861e-01]
0.4526688607680054, -53466.10755583478, 0.12451366065892353, 0.2706152710439311

[-5.34662108e+04  4.52669742e-01]
0.4526697422431367, -53466.210824511094, 0.12451372853020572, 0.27061527100311594

[-5.34663124e+04  4.52670461e-01]
0.4526704612951822, -53466.312375126436, 0.12451378383004928, 0.2706152710141828

[-5.34662612e+04  4.52670061e-01]
0.45267006116338804, -53466.26117030352, 0.12451375303518954, 0.27061527092408083

[-5.34662595e+04  4.52669899e-01]
0.45266989874030217, -53466.25945224254, 0.12451374051290415, 0.27061527107538363

[-5.34662230e+04  4.52669781e-01]
0.4526697813674281, -53466.222981443956, 0.12451373152770179, 0.27061527117616196

[-5.34662351e+04  4.52669820e-01]
0.45266982049171944, -53466.23513837682, 0.12451373454244313, 0.2706152710337654

[-5.34662100e+04  4.52669661e-01]
0.4526696610315938, -53466.20996548061, 0.12451372223653454, 0.270615271130847

[-5.34662343e+04  4.52669739e-01]
0.4526697392801765, -53466.23427934633, 0.12451372827314375, 0.27061527121107104

[-5.34662160e+04  4.52669681e-01]
0.45266968059373947, -53466.21604394704, 0.12451372378432114, 0.2706152711637993

[-5.34662221e+04  4.52669700e-01]
0.45266970015588515, -53466.22212241347, 0.12451372526638123, 0.2706152710955422

[-5.34662095e+04  4.52669620e-01]
0.45266962042582226, -53466.20953596536, 0.12451371918240606, 0.27061527101590305

[-5.34661965e+04  4.52669500e-01]
0.45266950008998796, -53466.196520002006, 0.124513709833637, 0.2706152710900629

[-5.34662029e+04  4.52669550e-01]
0.4526695501064623, -53466.20292060487, 0.1245137136995871, 0.2706152709332199

[-5.34662025e+04  4.52669510e-01]
0.45266950950069085, -53466.20249108963, 0.1245137106249877, 0.27061527114196354

[-5.34662078e+04  4.52669593e-01]
0.45266959269453944, -53466.20777474643, 0.12451371703414599, 0.27061527110064093

[-5.34662060e+04  4.52669565e-01]
0.45266956496325655, -53466.206013527495, 0.12451371488134781, 0.27061527112540734

[-5.34662093e+04  4.52669600e-01]
0.45266960012293656, -53466.20932120774, 0.12451371762602215, 0.27061527103404126

[-5.34662124e+04  4.52669615e-01]
0.45266961497973074, -53466.212414130365, 0.12451371870755795, 0.2706152710380441

[-5.34662108e+04  4.52669602e-01]
0.45266960247561217, -53466.21081397965, 0.12451371778213827, 0.2706152711070768

[-5.34662092e+04  4.52669590e-01]
0.45266958997149365, -53466.20921382893, 0.12451371678643186, 0.27061527118314416

[-5.34662076e+04  4.52669572e-01]
0.4526695723916537, -53466.207559988805, 0.12451371545091203, 0.27061527097589916

[-5.34662075e+04  4.52669562e-01]
0.4526695622402108, -53466.20745260999, 0.12451371463179123, 0.2706152710342864

[-5.34662079e+04  4.52669569e-01]
0.4526695691730316, -53466.207892914725, 0.12451371519270796, 0.2706152710782983

[-5.34662083e+04  4.52669576e-01]
0.45266957610585223, -53466.20833321946, 0.12451371570701006, 0.2706152710065006

[-5.34662092e+04  4.52669585e-01]
0.45266958489577225, -53466.20916013952, 0.12451371639105532, 0.27061527116225315


------------------------------------------------------------
Sender: LSF System <lsfadmin@n-62-21-19>
Subject: Job 1735635: <minimize_batch_job_this_is_on_purpose_to_utilize_more_kernel> in cluster <dcc> Done

Job <minimize_batch_job_this_is_on_purpose_to_utilize_more_kernel> was submitted from host <gbarlogin2> by user <s174007> in cluster <dcc> at Sun Jan 13 21:42:31 2019
Job was executed on host(s) <n-62-21-19>, in queue <hpc>, as user <s174007> in cluster <dcc> at Sun Jan 13 21:42:32 2019
</zhome/b0/b/127184> was used as the home directory.
</zhome/b0/b/127184/Documents/Projects/machine-learning-on-materials> was used as the working directory.
Started at Sun Jan 13 21:42:32 2019
Terminated at Sun Jan 13 22:18:37 2019
Results reported at Sun Jan 13 22:18:37 2019

Your job looked like:

------------------------------------------------------------
# LSBATCH: User input
#!/bin/bash
##Kør på cpu
#BSUB -q hpc
##Navn på job
#BSUB -J minimize_batch_job_this_is_on_purpose_to_utilize_more_kernel
##Output fil
#BSUB -o output/minimize/linear_GP_compare_batchjobs-%J.out
##Antal kerner
#BSUB -n 1
##Om kernerne må være på forskellige computere
#BSUB -R "span[hosts=1]"
##Ram pr kerne
#BSUB -R "rusage[mem=10GB]"
##Hvor lang tid må den køre hh:mm
#BSUB -W 45:00
##Email når jobbet starter
##og stopper
module purge
module load python3
python3 KRR/minimizer.py linear 0.001 GP compare [100]
------------------------------------------------------------

Successfully completed.

Resource usage summary:

    CPU time :                                   2162.48 sec.
    Max Memory :                                 1030 MB
    Average Memory :                             845.40 MB
    Total Requested Memory :                     10240.00 MB
    Delta Memory :                               9210.00 MB
    Max Swap :                                   -
    Max Processes :                              4
    Max Threads :                                5
    Run time :                                   2176 sec.
    Turnaround time :                            2166 sec.

The output (if any) is above this job summary.

