Unloaded module: latex/TeXLive12
Loaded module: python3/3.6.2
[5]
[5.0]
[ 5. 10.]
10.0, 5.0, 0.3200815062338212, 0.33811117671825397

[ 5.25 10.  ]
10.0, 5.25, 0.3200821953670126, 0.33810966887568655

[ 5.  10.5]
10.5, 5.0, 0.32267284541213737, 0.33982271379415263

[5.25 9.5 ]
9.5, 5.25, 0.31736080985899007, 0.3363324257837289

[5.375 9.   ]
9.0, 5.375, 0.3144953840790316, 0.33448313956618747

[5.625 9.   ]
9.0, 5.625, 0.3144959668504645, 0.334481991893161

[5.9375 8.5   ]
8.5, 5.9375, 0.3114697107438092, 0.3325544094987342

[6.0625 7.5   ]
7.5, 6.0625, 0.3048491822650258, 0.328437567629079

[6.46875 6.25   ]
6.25, 6.46875, 0.29521658740884027, 0.322696431754429

[7.03125 5.75   ]
5.75, 7.03125, 0.29081349486156555, 0.32017421884255365

[7.859375 4.125   ]
4.125, 7.859375, 0.2732670259703207, 0.31080121624573165

[8.390625 1.875   ]
1.875, 8.390625, 0.23161514083429632, 0.2931043130476519

[ 9.6171875 -1.4375   ]
-1.4375, 9.6171875, 33.660794490509645, 35.87289315046946

[ 9.78125 -0.25   ]
-0.25, 9.78125, 19.967536937843896, 28.27615660900799

[7.296875 4.625   ]
4.625, 7.296875, 0.2793129583966533, 0.313906999401997

[8.953125 1.375   ]
1.375, 8.953125, 0.2154053254987307, 0.28798730201880657

[ 9.78125 -0.25   ]
-0.25, 9.78125, 19.967536937843896, 28.27615660900799

[ 9.484375 -0.875   ]
-0.875, 9.484375, 4.118743812064134, 4.529879407105269

[8.265625 2.875   ]
2.875, 8.265625, 0.2541753489884188, 0.3018801482243085

[9.078125 0.375   ]
0.375, 9.078125, 0.15323567144703176, 0.27774675891765765

[ 9.484375 -0.875   ]
-0.875, 9.484375, 4.118743812064134, 4.529879407105269

[ 9.640625 -0.125   ]
-0.125, 9.640625, 20.19823112436171, 34.45803731562818

[8.703125 1.375   ]
1.375, 8.703125, 0.21540521478806227, 0.28798722400645993

[8.828125 0.375   ]
0.375, 8.828125, 0.15323561023354165, 0.2777466775913707

[ 8.765625 -0.125   ]
-0.125, 8.765625, 20.203269010172207, 34.466290645743086

[ 9.203125 -0.625   ]
-0.625, 9.203125, 10.683557248793033, 12.704471004893643

[8.828125 0.875   ]
0.875, 8.828125, 0.192385628553043, 0.2824309419787019

[ 9.078125 -0.125   ]
-0.125, 9.078125, 20.201357704671157, 34.46315944051629

[8.890625 0.625   ]
0.625, 8.890625, 0.17604987699660932, 0.2797236002579508

[9.015625 0.125   ]
0.125, 9.015625, 0.11522796226299152, 0.28004927881543806

[8.921875 0.5     ]
0.5, 8.921875, 0.16574848382540108, 0.27856185629524116

[8.984375 0.25    ]
0.25, 8.984375, 0.1373030419533404, 0.27773346227895646

[9.015625 0.125   ]
0.125, 9.015625, 0.11522796226299152, 0.28004927881543806

[8.734375 0.25    ]
0.25, 8.734375, 0.13730299317751254, 0.2777333965609215

[8.5625 0.1875]
0.1875, 8.5625, 0.12732909564806869, 0.2783891898104743

[8.890625 0.125   ]
0.125, 8.890625, 0.11522794825691245, 0.2800492612125685

[8.84375 0.3125 ]
0.3125, 8.84375, 0.14581037956009732, 0.27758998814417946

[8.59375 0.3125 ]
0.3125, 8.59375, 0.1458103215085146, 0.27758991011913603

[8.3984375 0.34375  ]
0.34375, 8.3984375, 0.1496404241389875, 0.2776390939793882

[8.703125 0.375   ]
0.375, 8.703125, 0.15323557831056028, 0.27774663517955356

[8.7265625 0.28125  ]
0.28125, 8.7265625, 0.14171169179046175, 0.2776143221849664

[8.7109375 0.34375  ]
0.34375, 8.7109375, 0.14964050390052805, 0.27763920066072445

[8.72265625 0.296875  ]
0.296875, 8.72265625, 0.14379696114693674, 0.27759177573534033

[8.71484375 0.328125  ]
0.328125, 8.71484375, 0.14775673902628084, 0.2776064437075683

[8.72070312 0.3046875 ]
0.3046875, 8.720703125, 0.14481232353831605, 0.2775884315580631

[8.47070312 0.3046875 ]
0.3046875, 8.470703125, 0.14481226472984626, 0.2775883524452012

[8.28417969 0.30078125]
0.30078125, 8.2841796875, 0.1443067431300646, 0.27758933650833995

[8.59765625 0.296875  ]
0.296875, 8.59765625, 0.143796932642706, 0.2775917373609599

[8.59472656 0.30859375]
0.30859375, 8.5947265625, 0.1453134371297552, 0.27758856205773796

[8.59667969 0.30078125]
0.30078125, 8.5966796875, 0.14430681877286244, 0.2775894383076237

[8.59521484 0.30664062]
0.306640625, 8.59521484375, 0.14506340276026458, 0.2775883277383272

[8.34521484 0.30664062]
0.306640625, 8.34521484375, 0.14506334196192477, 0.277588245965795

[8.1574707  0.30761719]
0.3076171875, 8.157470703125, 0.1451884445328506, 0.27758826112710966

[8.46972656 0.30859375]
0.30859375, 8.4697265625, 0.14531340705867782, 0.2775885216216078

[8.47045898 0.30566406]
0.3056640625, 8.470458984375, 0.14493795358513062, 0.27758828226811927

[8.22045898 0.30566406]
0.3056640625, 8.220458984375, 0.14493789108050065, 0.2775881981918901

[8.03308105 0.30517578]
0.30517578125, 8.0330810546875, 0.1448750311167019, 0.2775881574829558

[7.90783691 0.30615234]
0.30615234375, 7.9078369140625, 0.1450005504980163, 0.27758807865715657

[7.62652588 0.30639648]
0.306396484375, 7.62652587890625, 0.1450318155301824, 0.27758797288395715

[7.31439209 0.30493164]
0.304931640625, 7.31439208984375, 0.14484338795134744, 0.2775878915028707

[6.79898071 0.30407715]
0.3040771484375, 6.798980712890625, 0.14473306818496637, 0.2775877573754947

[6.39242554 0.30529785]
0.3052978515625, 6.392425537109375, 0.14489018462992503, 0.27758740210609634

[5.57209778 0.30535889]
0.30535888671875, 5.5720977783203125, 0.14489763736402025, 0.2775868601802842

[4.74455261 0.30303955]
0.30303955078125, 4.7445526123046875, 0.1445979466138038, 0.27758648602667313

[3.30356598 0.30136108]
0.301361083984375, 3.3035659790039062, 0.1443789194706264, 0.2775848884695774

[2.07668304 0.30264282]
0.302642822265625, 2.0766830444335938, 0.14454197017619677, 0.2775803309212286

[-0.28446579  0.30192566]
0.3019256591796875, -0.2844657897949219, 0.14452177164483027, 0.27767850595603016

[-0.19184875  0.29864502]
0.29864501953125, -0.1918487548828125, 0.14412793668177873, 0.2777246701775657

[4.13111115 0.30368042]
0.303680419921875, 4.131111145019531, 0.1446802180271739, 0.2775856167136524

[1.24913788 0.30032349]
0.300323486328125, 1.2491378784179688, 0.14423563372217268, 0.27757395089957543

[-0.19184875  0.29864502]
0.29864501953125, -0.1918487548828125, 0.14412793668177873, 0.2777246701775657

[0.02225494 0.30160522]
0.301605224609375, 0.02225494384765625, 0.14397885185320608, 0.27701400887523586

[-1.61840057  0.30172729]
0.301727294921875, -1.6184005737304688, 0.1444424666637423, 0.2776063366730657

[-0.80529022  0.29928589]
0.299285888671875, -0.8052902221679688, 0.14413598695938445, 0.2776222670999991

[1.35618973 0.30180359]
0.3018035888671875, 1.3561897277832031, 0.14442890682907286, 0.27757474803788296

[-0.08479691  0.30012512]
0.3001251220703125, -0.08479690551757812, 0.1444700562857812, 0.27792604804113535

[0.99594307 0.30138397]
0.30138397216796875, 0.9959430694580078, 0.14436998082989008, 0.2775688605196045

[-0.23093987  0.30266571]
0.30266571044921875, -0.2309398651123047, 0.14463371854243262, 0.27769999425276026

[0.87911844 0.30090904]
0.30090904235839844, 0.8791184425354004, 0.14430608736383305, 0.2775660624556569

[-0.09456968  0.30113029]
0.3011302947998047, -0.09456968307495117, 0.14457122973831563, 0.2778854683145772

[0.72331488 0.30132055]
0.30132055282592773, 0.7233148813247681, 0.14435543087532926, 0.2775603896677593

[-0.13354862  0.30201674]
0.3020167350769043, -0.13354861736297607, 0.14461546235524386, 0.2777891691828325

[0.62595168 0.30118597]
0.3011859655380249, 0.6259516775608063, 0.14433440564852398, 0.2775556667897381

[-0.07510826  0.30147064]
0.30147063732147217, -0.07510825991630554, 0.14468503382546533, 0.2779799152346198

[0.5237091  0.30135807]
0.30135807394981384, 0.5237090960144997, 0.14435161934700824, 0.27754870737463055

[-0.07998764  0.30177733]
0.30177733302116394, -0.07998763769865036, 0.14470376149241848, 0.27795115188722674

[0.44946685 0.30133381]
0.30133380740880966, 0.4494668487459421, 0.14434334164262977, 0.27754182727553234

[-0.0519873   0.30158096]
0.3015809580683708, -0.0519873034209013, 0.1448733629340168, 0.27821706314082006

[0.379785   0.30141379]
0.3014137949794531, 0.3797849961556494, 0.1443471503136515, 0.27753296934956956

[-0.04742691  0.30168521]
0.3016852121800184, -0.04742690874263644, 0.14494906863561824, 0.2783019957484467

[0.32524341 0.30142166]
0.30142165860161185, 0.3252434093737975, 0.14434115684453241, 0.27752354972070875

[-0.03228664  0.30161309]
0.30161308823153377, -0.0322866429341957, 0.14535200783767044, 0.27886796404411923

[0.27676709 0.30146362]
0.30146361829247326, 0.27676708638318814, 0.14433816904453428, 0.27751221734301007

[-0.02622138  0.30164718]
0.3016471843002364, -0.026221379142953083, 0.1457696656628955, 0.2794383518943237

[0.23737721 0.30147804]
0.301478040026268, 0.23737721224460984, 0.1443308134745273, 0.27749983577014686

[-0.01713493  0.30161965]
0.30161964634316973, -0.017134930290922057, 0.14794994076508236, 0.28248359754981334

[0.20329158 0.30150263]
0.3015026253051474, 0.2032915822146606, 0.14432334198580393, 0.2774855344527121

[-0.01183069  0.30162981]
0.3016298098882544, -0.011830686182292993, 0.1590618339283001, 0.2983217761155947

[0.17507524 0.30151598]
0.3015159824917646, 0.17507523763788413, 0.14431337447496412, 0.2774698548177708

[-0.0059614   0.30161858]
0.3016185817959922, -0.005961400729120214, 0.1570793487372886, 0.2963184155907467

[0.15097834 0.30153161]
0.3015316144278586, 0.1509783364787154, 0.14430228352527608, 0.27745228742858646

[-0.00184196  0.30162086]
0.301620856545469, -0.0018419573115124876, 0.14459161178348703, 0.27804312605269077

[0.13084594 0.3015422 ]
0.3015422010051907, 0.13084593890053497, 0.14428940458219727, 0.2774332213772342

[0.00212255 0.30161581]
0.3016158111867071, 0.0021225462694758335, 0.1438636761109506, 0.27693213489618745

[-0.07230535  0.30165791]
0.30165790956613137, -0.07230534883514395, 0.14472326990461162, 0.2779987934680479

[-0.10646845  0.30167883]
0.3016788347908914, -0.10646844878340289, 0.1446146051576699, 0.27784749664170993

[0.07151734 0.30157636]
0.30157635945161587, 0.07151734197955051, 0.14421408344756467, 0.27732689765000995

[-0.04713985  0.30164468]
0.30164467634446623, -0.047139851862418425, 0.14494821581248682, 0.2783080432179555

[0.04185304 0.30159344]
0.30159343867482846, 0.041853043519058275, 0.14411714731927963, 0.27719576875226587

[-0.01747555  0.3016276 ]
0.30162759712125364, -0.01747555340192619, 0.14776380284763685, 0.28222112105051583

[0.02702089 0.30160198]
0.30160197828643476, 0.02702089428881216, 0.1440222425435786, 0.27707041155830997

[-0.0026434   0.30161906]
0.30161905750964735, -0.002643404171680075, 0.14506029008774446, 0.2787387645447814

[0.01960482 0.30160625]
0.3016062480922379, 0.0196048196736891, 0.14395097016937616, 0.27697832424629

[-0.00052758  0.30161683]
0.30161683466957, -0.0005275779044913165, 0.14417064179757147, 0.27741115870740957

[0.01655931 0.30160813]
0.30160812712442375, 0.01655931340961936, 0.14391560779914372, 0.27693355579629686

[-0.00092296  0.30161769]
0.30161769021889295, -0.0009229599945939082, 0.1442665715323846, 0.27755638248372155

[0.01447287 0.30160911]
0.30160910862390167, 0.014472874756618348, 0.1438894231021882, 0.27690106072228393

[3.61076165e-05 3.01616793e-01]
0.301616792686185, 3.610761647482308e-05, 0.1440651127124678, 0.27724977723641575

[0.01242851 0.30161029]
0.30161029351486407, 0.012428511961333225, 0.14386282320159383, 0.2768687957436731

[0.02477884 0.30160359]
0.3016035909520587, 0.02477884044847574, 0.1440028352687432, 0.2770450794551329

[0.00778662 0.30161276]
0.301612756128045, 0.00778661981422581, 0.1438075211057584, 0.276808237432317

[0.00574226 0.30161394]
0.3016139410190074, 0.0057422570189406864, 0.14379624328743584, 0.2768039889423262

[0.00137695 0.30161636]
0.3016163572165602, 0.0013769481501018574, 0.14391154929300337, 0.27700979423873134

[0.00110036 0.3016164 ]
0.3016164036321883, 0.0011003648718332718, 0.1439348867004978, 0.27704694785780143

[0.00959648 0.30161182]
0.30161182104419515, 0.009596475188958236, 0.1438267930195822, 0.27682745268283226

[0.0039324  0.30161488]
0.3016148761028572, 0.00393240164420826, 0.1438074429053962, 0.2768336702205968

[0.00818046 0.30161258]
0.30161258480886066, 0.008180456802770741, 0.1438112326871837, 0.2768115723849492

[0.00534842 0.30161411]
0.3016141123381917, 0.005348420030395755, 0.1437963712707113, 0.2768068602165462

[0.00330406 0.3016153 ]
0.3016152972291541, 0.0033040572351106315, 0.143819939214279, 0.2768571963195597

[0.00666598 0.30161339]
0.3016133914033223, 0.006665979169447015, 0.14379929885355247, 0.2768026086439677

[0.00705982 0.30161322]
0.30161322008413793, 0.007059816157991946, 0.14380173524344878, 0.2768038310639677


------------------------------------------------------------
Sender: LSF System <lsfadmin@n-62-21-16>
Subject: Job 1708320: <minimize_batch_job_this_is_on_purpose_to_utilize_more_kernel> in cluster <dcc> Done

Job <minimize_batch_job_this_is_on_purpose_to_utilize_more_kernel> was submitted from host <gbarlogin2> by user <s174007> in cluster <dcc> at Thu Jan 10 17:20:35 2019
Job was executed on host(s) <n-62-21-16>, in queue <hpc>, as user <s174007> in cluster <dcc> at Thu Jan 10 17:20:35 2019
</zhome/b0/b/127184> was used as the home directory.
</zhome/b0/b/127184/Documents/Projects/machine-learning-on-materials> was used as the working directory.
Started at Thu Jan 10 17:20:35 2019
Terminated at Thu Jan 10 17:44:42 2019
Results reported at Thu Jan 10 17:44:42 2019

Your job looked like:

------------------------------------------------------------
# LSBATCH: User input
#!/bin/bash
##Kør på cpu
#BSUB -q hpc
##Navn på job
#BSUB -J minimize_batch_job_this_is_on_purpose_to_utilize_more_kernel
##Output fil
#BSUB -o output/minimize/linear_GP_faulty_batchjobs-%J.out
##Antal kerner
#BSUB -n 1
##Om kernerne må være på forskellige computere
#BSUB -R "span[hosts=1]"
##Ram pr kerne
#BSUB -R "rusage[mem=10GB]"
##Hvor lang tid må den køre hh:mm
#BSUB -W 45:00
##Email når jobbet starter
##og stopper
module purge
module load python3
python3 KRR/minimizer.py linear 10 GP faulty [5]
------------------------------------------------------------

Successfully completed.

Resource usage summary:

    CPU time :                                   1442.83 sec.
    Max Memory :                                 789 MB
    Average Memory :                             623.89 MB
    Total Requested Memory :                     10240.00 MB
    Delta Memory :                               9451.00 MB
    Max Swap :                                   -
    Max Processes :                              4
    Max Threads :                                5
    Run time :                                   1448 sec.
    Turnaround time :                            1447 sec.

The output (if any) is above this job summary.

