Unloaded module: latex/TeXLive12
Loaded module: python3/3.6.2
[10]
[10.0]
[10.  3.]
3.0, 10.0, 0.18774606111834533, 0.2809518641168427

[10.5  3. ]
3.0, 10.5, 0.18774648375475445, 0.28095233495938016

[10.    3.15]
3.1500000000000004, 10.0, 0.19039791441023624, 0.2816305488042381

[10.5   2.85]
2.8499999999999996, 10.5, 0.18497710268674977, 0.2802613130407525

[10.75  2.7 ]
2.6999999999999993, 10.75, 0.1820800489942456, 0.27955800697838906

[10.25  2.7 ]
2.6999999999999993, 10.25, 0.1820796586182945, 0.2795575549060119

[10.125  2.55 ]
2.549999999999999, 10.125, 0.17904269745252002, 0.27884134811243255

[10.875  2.25 ]
2.2499999999999982, 10.875, 0.17249489001139764, 0.2773728207623118

[11.3125  1.875 ]
1.8749999999999973, 11.3125, 0.16323652384727474, 0.2754741989584743

[10.6875  1.725 ]
1.724999999999997, 10.6875, 0.15912512734586967, 0.2746998026589342

[10.65625  1.2375 ]
1.2374999999999954, 10.65625, 0.14362739185889067, 0.2721960897825228

[11.84375  0.5625 ]
0.5624999999999938, 11.84375, 0.11351169597876003, 0.2696862173303088

[12.703125 -0.43125 ]
-0.43125000000000924, 12.703125, 6.208084370722624, 7.7597243746469875

[11.1875 -0.075 ]
-0.07500000000000817, 11.1875, 0.8088519695423034, 1.7579813142443372

[11.28125  1.3875 ]
1.387499999999996, 11.28125, 0.14879858153939332, 0.27295564048896986

[11.21875  0.4125 ]
0.4124999999999932, 11.21875, 0.10450272870974561, 0.2698038507260544

[12.40625 -0.2625 ]
-0.2625000000000084, 12.40625, 2.0429985722123045, 2.9346746357847557

[11.09375  0.8625 ]
0.8624999999999945, 11.09375, 0.12858997926072557, 0.2704850905265546

[11.96875  0.1125 ]
0.1124999999999925, 11.96875, 0.08273885394226514, 0.27380668035353706

[11.3125  0.675 ]
0.674999999999994, 11.3125, 0.1195685326197327, 0.26987718117846593

[11.75  0.3 ]
0.29999999999999294, 11.75, 0.09691749450010802, 0.27039466305157195

[11.421875  0.58125 ]
0.5812499999999938, 11.421875, 0.11455934689145345, 0.2697051200733454

[12.046875  0.73125 ]
0.7312499999999944, 12.046875, 0.12240501455451494, 0.27002990076759653

[11.42578125  0.4921875 ]
0.4921874999999935, 11.42578125, 0.10943341603638435, 0.26967329403986534

[11.84765625  0.4734375 ]
0.4734374999999935, 11.84765625, 0.10830411337593333, 0.26968839437579745

[11.74121094  0.50039062]
0.5003906249999935, 11.7412109375, 0.10992189191111074, 0.26966953050749876

[11.32324219  0.43007812]
0.4300781249999932, 11.3232421875, 0.10562035637441965, 0.2697589070698335

[11.71362305  0.52939453]
0.5293945312499937, 11.713623046875, 0.11162158711827051, 0.26966771875452233

[12.02905273  0.53759766]
0.5375976562499936, 12.029052734375, 0.11209487799434473, 0.2696704805278433

[11.87823486  0.52624512]
0.5262451171874936, 11.87823486328125, 0.11143907826917311, 0.26966712103577706

[11.85064697  0.55524902]
0.5552490234374937, 11.85064697265625, 0.11310215735573209, 0.26968045423189524

[11.76856995  0.51410522]
0.5141052246093686, 11.768569946289062, 0.1107308272105332, 0.26966644727272826

[11.93318176  0.51095581]
0.5109558105468683, 11.933181762695312, 0.11054593937359633, 0.2696668522911463

[11.82351685  0.49881592]
0.49881591796874347, 11.823516845703125, 0.10982842195720952, 0.26967018500177703

[11.86455536  0.51938782]
0.519387817382806, 11.864555358886719, 0.11103992398135581, 0.2696663800739996

[11.69994354  0.52253723]
0.5225372314453063, 11.699943542480469, 0.11122349296016652, 0.2696665359906855

[11.7582531   0.51964188]
0.5196418762206968, 11.75825309753418, 0.11105472807515032, 0.2696663504738435

[11.85423851  0.52492447]
0.5249244689941343, 11.854238510131836, 0.11136237959525656, 0.2696668952888943

[11.78998709  0.51681004]
0.5168100357055601, 11.789987087249756, 0.11088925833225095, 0.2696663287956157

[11.68368483  0.51706409]
0.5170640945434507, 11.683684825897217, 0.11090409463577758, 0.26966628502615

[11.59324956  0.51590223]
0.515902233123773, 11.593249559402466, 0.11083607921307785, 0.26966627958892225

[11.62498355  0.51307039]
0.5130703926086363, 11.624983549118042, 0.11067008404244515, 0.26966648300933305

[11.72493571  0.51799901]
0.5179990053176817, 11.724935710430145, 0.11095876791492354, 0.2696662979840712

[11.52819818  0.5170912 ]
0.5170912027358947, 11.528198182582855, 0.11090564172823918, 0.2696662250401935

[11.39730373  0.51723179]
0.517231786251062, 11.397303730249405, 0.11091383083017164, 0.26966617205963783

[11.26561758  0.51513501]
0.5151350140571533, 11.265617579221725, 0.11079106073956198, 0.2696661851780347

[11.06967175  0.51646457]
0.5164645671844423, 11.069671750068665, 0.11086885995955233, 0.2696660513348952

[10.80788285  0.51674573]
0.516745734214777, 10.807882845401764, 0.11088523942844546, 0.2696659320093237

[10.939569    0.51884251]
0.5188425064086857, 10.939568996429443, 0.11100784457062961, 0.26966599450016715

[10.35014811  0.51835645]
0.5183564543724006, 10.350148111581802, 0.11097927762655518, 0.26966571596967853

[9.8265703  0.51891879]
0.5189187884330699, 9.826570302248001, 0.11101195350042267, 0.26966546097813604

[9.69488415 0.51682202]
0.5168220162391612, 9.694884151220322, 0.11088934862138201, 0.2696653825941007

[9.07254173 0.51581177]
0.515811771154399, 9.07254172861576, 0.11082998581697684, 0.26966504819430814

[8.09122919 0.51798483]
0.517984825372692, 8.091229185461998, 0.11095666189526604, 0.26966432091159587

[6.73290236 0.51860437]
0.5186043709516495, 6.732902355492115, 0.11099203149332153, 0.26966304463638363

[5.97887378 0.51549735]
0.5154973536729786, 5.978873781859875, 0.11080968586457124, 0.26966213810384754

[4.05502552 0.51378664]
0.5137866362929329, 4.0550255216658115, 0.11070682339177097, 0.2696582274730751

[1.71538615 0.51657924]
0.5165792360901833, 1.7153861485421658, 0.11085954425766005, 0.26964133070145463

[-1.96319164  0.51696297]
0.5169629685580754, -1.9631916414946318, 0.11091860715773305, 0.26969811465500776

[-0.96249069  0.5117615 ]
0.5117615014314667, -0.9624906852841377, 0.11063251719904116, 0.26972836323872873

[4.8090541  0.51689365]
0.5168936535716038, 4.809054095298052, 0.1108900687154533, 0.26966001080782964

[0.96135757 0.51347222]
0.5134722188115124, 0.9613575749099255, 0.1106634412728715, 0.26961994378107373

[-0.96249069  0.5117615 ]
0.5117615014314667, -0.9624906852841377, 0.11063251719904116, 0.26972836323872873

[-1.3782818   0.51626482]
0.5162648186087628, -1.3782817982137203, 0.11088544317635854, 0.2697102172566198

[2.69669869 0.51440618]
0.5144061818718904, 2.6966986916959286, 0.11073911124040349, 0.2696519379875826

[-0.01995497  0.51564527]
0.5156452730298053, -0.019954968243837357, 0.11539681654030341, 0.28279218163575076

[2.01753528 0.51471595]
0.5147159546613691, 2.017535276710987, 0.11075325384660183, 0.2696457321543537

[0.65920845 0.5153355 ]
0.5153355002403266, 0.6592084467411041, 0.11075842895883402, 0.26959827578272066

[-0.01995497  0.51564527]
0.5156452730298053, -0.019954968243837357, 0.11539681654030341, 0.28279218163575076

[-0.09482013  0.51222848]
0.5122284829616557, -0.09482012689113617, 0.11127818874914186, 0.2708026172162429

[1.26283458 0.51549155]
0.5154915478080514, 1.2628345796838403, 0.11078933903887916, 0.26963134452457926

[0.35773144 0.51331617]
0.5133161712437876, 0.3577314419671893, 0.11060532388542581, 0.26954659226084987

[-0.09482013  0.51222848]
0.5122284829616557, -0.09482012689113617, 0.11127818874914186, 0.2708026172162429

[0.05558231 0.51517945]
0.5151794526726017, 0.05558231379836798, 0.11049244125761225, 0.26926712175626266

[-0.39730532  0.51603307]
0.5160330696031463, -0.39730531675741076, 0.11094260972023626, 0.2698234062757634

[-0.24589469  0.51316012]
0.5131601236760626, -0.24589469097554684, 0.11084601045087834, 0.269942344988363

[0.43293266 0.51479166]
0.5147916560992606, 0.4329326623119414, 0.1107044466498378, 0.2695651812293521

[-0.01961891  0.51370397]
0.5137039678171286, -0.019618906546384096, 0.11482940999978555, 0.28169981753955464

[0.31979477 0.51451973]
0.5145197340287275, 0.31979477009736, 0.1106673394088917, 0.2695340195717647

[0.01764564 0.51638302]
0.5163830154575416, 0.01764564192853868, 0.11045256354457961, 0.2692540852579397

[-0.15239726  0.51791644]
0.5179164375644187, -0.15239725809078664, 0.11127291956630647, 0.2701932029711032

[-0.24656681  0.51704273]
0.5170427341014157, -0.24656681437045336, 0.1110741665089485, 0.2699424958699229

[0.17820437 0.51515048]
0.5151504840468996, 0.17820437398040667, 0.11064843927256625, 0.2694546650427998

[-0.10497642  0.51641198]
0.5164119840832436, -0.10497641825350001, 0.11142385712955127, 0.2706171357563568

[0.10740918 0.51546586]
0.5154658590559855, 0.10740917592193, 0.11060289652286577, 0.2693702559104508

[-0.03418122  0.51609661]
0.5160966090741577, -0.03418122019502334, 0.13735525244962493, 0.3268150379372101

[0.07201158 0.51562355]
0.5156235465605286, 0.07201157689269166, 0.11055513970582877, 0.2693035869370858

[0.00121638 0.51593892]
0.5159389215696146, 0.0012163788342149928, 0.11046161110049647, 0.2696231691671493

[0.05431278 0.51570239]
0.5157023903128001, 0.054312777378072497, 0.11051965832106253, 0.26926405431501543

[0.01637611 0.51690595]
0.51690595309774, 0.0163761055082432, 0.11048025562626139, 0.2692626028822806

[-0.02029103  0.51758658]
0.5175865782424814, -0.020291029941290617, 0.11602035522050692, 0.28401330057824936

[0.03566183 0.51617344]
0.5161734372952205, 0.03566182554823172, 0.11049397260447436, 0.2692284134721834

[0.03693136 0.5156505 ]
0.515650499655022, 0.0369313619685272, 0.11046751121589804, 0.2692302261764595

[0.05494755 0.51544092]
0.5154409214927008, 0.05494754558822024, 0.11050605842962533, 0.269265585802463

[0.02697112 0.51614749]
0.5161474919663314, 0.02697111784345907, 0.11046512569814439, 0.26922552113260484

[0.02570158 0.51667043]
0.5166704296065299, 0.02570158142316359, 0.11049157772221942, 0.26922662472742814

[0.01701087 0.51664448]
0.5166444842776408, 0.01701087371839094, 0.11046636753730625, 0.2692581427328947

[0.03099909 0.5162912 ]
0.5162911990408255, 0.030999087590771524, 0.11048616020872565, 0.2692246905203911

[0.03226862 0.51576826]
0.5157682614006269, 0.032268624011067004, 0.11045978182867675, 0.2692255003226726

[0.03629659 0.51591197]
0.515911968475121, 0.03629659375837946, 0.11048074782686435, 0.2692292925970095

[0.02930249 0.51608861]
0.5160886110935288, 0.029302486822189167, 0.11046902549717877, 0.269224548531314

[0.02803295 0.51661155]
0.5166115487337275, 0.028032950401893686, 0.11049541134373958, 0.26922468281486295

[0.02633635 0.51640896]
0.5164089607864307, 0.02633634963331133, 0.11047834650081381, 0.26922599779507184

[0.0298334  0.51632064]
0.5163206394772268, 0.029833403101406475, 0.11048418512441317, 0.2692244493825858

[0.03110294 0.5157977 ]
0.5157977018370281, 0.031102939521701956, 0.11045780935888969, 0.2692249233022956

[0.02880045 0.51640809]
0.5164080870095527, 0.028800447681845753, 0.1104860056478127, 0.2692245015752226

[0.02933136 0.51664012]
0.5166401153932507, 0.02933136396106306, 0.11050115937322061, 0.2692243320110099

[0.0293458  0.51691587]
0.5169158675431116, 0.02934580253050001, 0.11051722078689992, 0.26922422629533715


------------------------------------------------------------
Sender: LSF System <lsfadmin@n-62-21-10>
Subject: Job 1708265: <minimize_batch_job_this_is_on_purpose_to_utilize_more_kernel> in cluster <dcc> Done

Job <minimize_batch_job_this_is_on_purpose_to_utilize_more_kernel> was submitted from host <gbarlogin2> by user <s174007> in cluster <dcc> at Thu Jan 10 17:20:29 2019
Job was executed on host(s) <n-62-21-10>, in queue <hpc>, as user <s174007> in cluster <dcc> at Thu Jan 10 17:20:30 2019
</zhome/b0/b/127184> was used as the home directory.
</zhome/b0/b/127184/Documents/Projects/machine-learning-on-materials> was used as the working directory.
Started at Thu Jan 10 17:20:30 2019
Terminated at Thu Jan 10 18:04:57 2019
Results reported at Thu Jan 10 18:04:57 2019

Your job looked like:

------------------------------------------------------------
# LSBATCH: User input
#!/bin/bash
##Kør på cpu
#BSUB -q hpc
##Navn på job
#BSUB -J minimize_batch_job_this_is_on_purpose_to_utilize_more_kernel
##Output fil
#BSUB -o output/minimize/linear_GP_deep_batchjobs-%J.out
##Antal kerner
#BSUB -n 1
##Om kernerne må være på forskellige computere
#BSUB -R "span[hosts=1]"
##Ram pr kerne
#BSUB -R "rusage[mem=10GB]"
##Hvor lang tid må den køre hh:mm
#BSUB -W 45:00
##Email når jobbet starter
##og stopper
module purge
module load python3
python3 KRR/minimizer.py linear 3 GP deep [10]
------------------------------------------------------------

Successfully completed.

Resource usage summary:

    CPU time :                                   2665.97 sec.
    Max Memory :                                 1490 MB
    Average Memory :                             1267.08 MB
    Total Requested Memory :                     10240.00 MB
    Delta Memory :                               8750.00 MB
    Max Swap :                                   -
    Max Processes :                              4
    Max Threads :                                5
    Run time :                                   2667 sec.
    Turnaround time :                            2668 sec.

The output (if any) is above this job summary.

