Unloaded module: latex/TeXLive12
Loaded module: python3/3.6.2
[5]
[5.0]
[5.e+00 1.e-06]
1e-06, 5.0, 0.07608826872196638, 0.308418965411036

[5.25e+00 1.00e-06]
1e-06, 5.25, 0.07608826872257617, 0.3084190122471973

[5.00e+00 1.05e-06]
1.05e-06, 5.0, 0.07608826981585874, 0.3083920382161861

[4.75e+00 1.05e-06]
1.05e-06, 4.75, 0.07608826981568154, 0.30839198505199095

[4.500e+00 1.075e-06]
1.0749999999999999e-06, 4.5, 0.07608827038046828, 0.308378487479546

[4.500e+00 1.125e-06]
1.125e-06, 4.5, 0.0760882715484259, 0.3083516716844049

[4.2500e+00 1.1875e-06]
1.1875e-06, 4.25, 0.07608827307751337, 0.3083181980635558

[3.7500e+00 1.2125e-06]
1.2125e-06, 3.75, 0.07608827371043306, 0.30830471270990345

[3.12500e+00 1.29375e-06]
1.2937500000000001e-06, 3.125, 0.07608827585204511, 0.3082612579083223

[2.87500e+00 1.40625e-06]
1.4062500000000003e-06, 2.875, 0.07608827902663391, 0.30820165094958246

[2.062500e+00 1.571875e-06]
1.5718750000000005e-06, 2.0625, 0.07608828413817016, 0.3081141229023546

[9.375000e-01 1.678125e-06]
1.6781250000000006e-06, 0.9375, 0.076088287686541, 0.30805600031998664

[-7.1875000e-01  1.9234375e-06]
1.923437500000001e-06, -0.71875, 0.07608829666791261, 0.30794206093663423

[-1.7812500e+00  2.2015625e-06]
2.2015625000000014e-06, -1.78125, 0.07608830814468266, 0.3077965960777159

[-4.23437500e+00  2.65546875e-06]
2.6554687500000023e-06, -4.234375, 0.076088329710245, 0.3075693060265956

[-7.01562500e+00  3.00703125e-06]
3.0070312500000028e-06, -7.015625, 0.07608834872069961, 0.3073979850640904

[-1.15546875e+01  3.72460938e-06]
3.724609375000004e-06, -11.5546875, 0.0760883933802554, 0.30705918629278933

[-1.50703125e+01  4.45664063e-06]
4.456640625000005e-06, -15.0703125, 0.07608844644136001, 0.3067272343162271

[-2.22460938e+01  5.72324219e-06]
5.723242187500007e-06, -22.24609375, 0.0760885541822595, 0.30618303385267587

[-2.95664062e+01  6.79238281e-06]
6.79238281250001e-06, -29.56640625, 0.0760886588810263, 0.30575127916400746

[-4.22324219e+01  8.86083984e-06]
8.860839843750014e-06, -42.232421875, 0.07608889091553754, 0.3049806108534413

[-5.29238281e+01  1.08594727e-05]
1.0859472656250018e-05, -52.923828125, 0.07608914440479343, 0.3043079191128847

[-7.36083984e+01  1.44269043e-05]
1.4426904296875024e-05, -73.6083984375, 0.07608964677309864, 0.3032557876602115

[-9.35947266e+01  1.75645020e-05]
1.756450195312503e-05, -93.5947265625, 0.07609012213703167, 0.30246149041678255

[-1.29269043e+02  2.34851318e-05]
2.3485131835937542e-05, -129.26904296875, 0.0760910564953902, 0.3012228578966965

[-1.60645020e+02  2.90511963e-05]
2.9051196289062556e-05, -160.64501953125, 0.07609193897173218, 0.30029504529647133

[-2.19851318e+02  3.91463745e-05]
3.914637451171883e-05, -219.851318359375, 0.07609347380674947, 0.2990183300796924

[-2.75511963e+02  4.82046021e-05]
4.8204602050781355e-05, -275.511962890625, 0.07609474128893098, 0.29817710078786264

[-3.76463745e+02  6.50934509e-05]
6.509345092773452e-05, -376.4637451171875, 0.07609680631783305, 0.297079072564662

[-4.67046021e+02  8.07546936e-05]
8.075469360351582e-05, -467.0460205078125, 0.07609841091244705, 0.2963934240594845

[-6.35934509e+02  1.09389474e-04]
0.00010938947448730495, -635.9345092773438, 0.07610075181430498, 0.29558268467992743

[-7.92546936e+02  1.35336551e-04]
0.00013533655090332064, -792.5469360351562, 0.07610239893221371, 0.2951167235739391

[-1.07889474e+03  1.83431639e-04]
0.00018343163909912156, -1078.8947448730469, 0.07610470685344288, 0.29457725281611724

[-1.33836551e+03  2.27727663e-04]
0.00022772766265869202, -1338.3655090332031, 0.07610631357936672, 0.29426645816703995

[-1.81931639e+03  3.09044769e-04]
0.0003090447685241708, -1819.316390991211, 0.0761085953463373, 0.29390168961364244

[-2.26227663e+03  3.83086933e-04]
0.0003830869331359874, -2262.276626586914, 0.07611030438820991, 0.29367957674964695

[-3.07544769e+03  5.19935662e-04]
0.0005199356624603287, -3075.447685241699, 0.07611315237600853, 0.2933880341877284

[-3.81586933e+03  6.45548792e-04]
0.0006455487918853779, -3815.8693313598633, 0.07611574383050153, 0.2931852026255049

[-5.18435662e+03  8.76607368e-04]
0.0008766073682785062, -5184.3566246032715, 0.07612091386693792, 0.2928850045308206

[-6.44048792e+03  1.08749826e-03]
0.001087498262214664, -6440.48791885376, 0.07612628735522267, 0.29265378939849274

[-8.75107368e+03  1.47672501e-03]
0.0014767250090599103, -8751.073682785034, 0.07613801190685657, 0.2922830949571568

[-1.08599826e+04  1.83339671e-03]
0.0018333967148780874, -10859.982622146606, 0.07615077626523563, 0.2919824077613638

[-1.47522501e+04  2.49012724e-03]
0.002490127241086967, -14752.25009059906, 0.07617893906794282, 0.2914898726840423

[-1.83189671e+04  3.09024488e-03]
0.0030902448818683707, -18318.967148780823, 0.07620941936346658, 0.29108799349041514

[-2.48862724e+04  4.19706364e-03]
0.004197063638663304, -24886.2724108696, 0.07627585757715263, 0.2904300751003357

[-3.08874488e+04  5.21046587e-03]
0.005210465870690361, -30887.448818683624, 0.07634660078035821, 0.2898967870593711

[-4.19556364e+04  7.07733630e-03]
0.007077336301505585, -41955.63638663292, 0.07649705317456049, 0.2890361322210587

[-5.20896587e+04  8.78427270e-03]
0.00878427269908192, -52089.65870690346, 0.07665302803770703, 0.2883500024864421

[-7.07583630e+04  1.19313454e-02]
0.011931345428079396, -70758.36301505566, 0.07697541748905863, 0.28726067521794735

[-8.78277270e+04  1.48116181e-02]
0.014811618090921679, -87827.72699081898, 0.07730005320932294, 0.2864069562423411

[-1.19298454e+05  2.01188953e-02]
0.020118895317050866, -119298.45428079367, 0.0779486684491378, 0.2850781159798866

[-1.48101181e+05  2.49729044e-02]
0.02497290444362468, -148101.1809092164, 0.0785799605665692, 0.28405782990676515

[-2.01173953e+05  3.39206885e-02]
0.03392068851468422, -201173.95317050815, 0.0797978385150817, 0.28250301224631497

[-2.49714044e+05  4.21082384e-02]
0.04210823840365569, -249714.04443624616, 0.08094365892125283, 0.2813364806985015

[-3.39191885e+05  5.71966849e-02]
0.05719668489144385, -339191.8851468414, 0.08307653808855212, 0.27960723053591074

[-4.21067384e+05  7.09984781e-02]
0.07099847808907721, -421067.3840365559, 0.08501544316992261, 0.27835069824127334

[-5.71951849e+05  9.64382695e-02]
0.09643826947509038, -571951.848914437, 0.08850224756620191, 0.27655965444984193

[-7.09969781e+05  1.19714266e-01]
0.11971426585185002, -709969.7808907703, 0.09156798692553852, 0.2753211837935904

[-9.64367695e+05  1.62611055e-01]
0.1626110545204329, -964367.6947509013, 0.09689255143329249, 0.27367317565855065

[-1.19712766e+06  2.01852639e-01]
0.2018526391040794, -1197127.658518497, 0.10141544472337519, 0.2726395295670309

[-1.62609555e+06  2.74180616e-01]
0.27418061621039724, -1626095.5452043246, 0.10899528917042231, 0.271461623379368

[-2.01851139e+06  3.40353401e-01]
0.34035340125573976, -2018511.391040789, 0.11520946505220502, 0.27090384046786564

[-2.74179116e+06  4.62310967e-01]
0.46231096714606446, -2741791.162103965, 0.12525087152775666, 0.2706169271639395

[-3.40351901e+06  5.73880529e-01]
0.5738805288360288, -3403519.0125573883, 0.13319653238276954, 0.27083659126440757

[-4.51921463e+06  7.62010880e-01]
0.762010879771696, -4519214.629457029, 0.1446352775166357, 0.2717299794058366

[-2.34937532e+06  3.96138182e-01]
0.39613818210072194, -2349375.3162675006, 0.12000520670013491, 0.2706806458193893

[-1.68764747e+06  2.84568620e-01]
0.2845686204107576, -1687647.4658140773, 0.11001268289096047, 0.27134753467367906

[-2.97455113e+06  5.01552552e-01]
0.501552551729711, -2974551.1258715605, 0.1281635986994039, 0.2706555713411939

[-3.36696697e+06  5.67725337e-01]
0.5677253367750535, -3366966.971708025, 0.13278386182854746, 0.27081654451221315

[-2.60377323e+06  4.39034971e-01]
0.43903497076930487, -2603773.2301276317, 0.12345600894720586, 0.27061880369321945

[-2.37101327e+06  3.99793386e-01]
0.3997933861856583, -2371013.266360036, 0.12030685929769519, 0.27067206800355426

[-2.82366666e+06  4.76112760e-01]
0.47611276034369787, -2823666.6609936794, 0.12629104646033035, 0.2706249182184608

[-2.52189773e+06  4.25233178e-01]
0.42523317757167145, -2521897.731237917, 0.12236658887782131, 0.27062989107224317

[-2.74822443e+06  4.63392865e-01]
0.4633928646506913, -2748224.428554739, 0.1253330438354788, 0.27061732145511797

[-2.88624236e+06  4.86668861e-01]
0.4866688610274509, -2886242.360531072, 0.12707495422877707, 0.2706352380636362

[-2.67439051e+06  4.50943443e-01]
0.4509434433338414, -2674390.512728492, 0.12438080548097538, 0.27061533039736085

[-2.66795725e+06  4.49861546e-01]
0.44986154582921456, -2667957.246277718, 0.12429735759265276, 0.27061541865374633

[-2.60055660e+06  4.38494022e-01]
0.4384940220169915, -2600556.5969022447, 0.12341367084089536, 0.27061909569761516

[-2.70648252e+06  4.56356731e-01]
0.45635673086379624, -2706482.520803535, 0.1247966641213626, 0.27061550089505454

[-2.63586524e+06  4.44448258e-01]
0.4444482582992597, -2635865.238202675, 0.12387811431354831, 0.27061655388528866

[-2.68882820e+06  4.53379613e-01]
0.45337961272266214, -2688828.20015332, 0.12456830416848044, 0.27061526987792217

[-2.69526147e+06  4.54461510e-01]
0.454461510227289, -2695261.466604094, 0.12465138916064085, 0.2706153214643719

[-2.70969915e+06  4.56897680e-01]
0.4568976796161097, -2709699.1540289223, 0.124838065009639, 0.27061558433931976

[-2.68321767e+06  4.52432002e-01]
0.4524320024044085, -2683217.6730535994, 0.12449544156063196, 0.2706152760802664

[-2.67678441e+06  4.51350105e-01]
0.45135010489978167, -2676784.406602825, 0.12441214463170443, 0.2706153008270583

[-2.68140367e+06  4.52127956e-01]
0.4521279562316585, -2681403.6716031423, 0.12447204113906118, 0.270615274229376

[-2.68701420e+06  4.53075567e-01]
0.4530755665499121, -2687014.198702863, 0.12454493458107939, 0.2706152785890137

[-2.68416680e+06  4.52592893e-01]
0.4525928934407844, -2684166.804465915, 0.12450781459539711, 0.27061526287120363

[-2.69159133e+06  4.53844550e-01]
0.45384454993178797, -2691591.333016093, 0.124604022834879, 0.2706152882840317

[-2.68395059e+06  4.52557105e-01]
0.45255710465669086, -2683950.58695638, 0.1245050644224178, 0.27061527238527294

[-2.68904442e+06  4.53415402e-01]
0.45341540150675563, -2689044.4176628552, 0.12457105337169061, 0.2706152741947271

[-2.68522404e+06  4.52771679e-01]
0.45277167886920705, -2685224.0446329988, 0.12452156721359736, 0.27061528465984547

[-2.68649750e+06  4.52986253e-01]
0.45298625308172324, -2686497.5023096176, 0.1245380693595562, 0.27061527721067585

[-2.68405870e+06  4.52574999e-01]
0.45257499904873766, -2684058.6957111475, 0.12450643812553688, 0.27061527251006606

[-2.68172800e+06  4.52181639e-01]
0.4521816394077989, -2681727.9978674455, 0.12447617334655842, 0.2706152722906689

[-2.68183611e+06  4.52199534e-01]
0.45219953379984557, -2681836.106622213, 0.12447755240362068, 0.2706152752503545

[-2.68350305e+06  4.52481133e-01]
0.45248113273651464, -2683503.048438914, 0.1244992200266838, 0.27061527148115594

[-2.68594186e+06  4.52892387e-01]
0.45289238676950017, -2685941.8550373837, 0.12453084810589457, 0.2706152678811352

[-2.68660561e+06  4.53004147e-01]
0.45300414747377, -2686605.6110643847, 0.12453944388175256, 0.27061527390605633

[-2.68427869e+06  4.52611886e-01]
0.4526118864208285, -2684278.689095282, 0.12450928009430735, 0.2706152706499749

[-2.68582997e+06  4.52873394e-01]
0.4528733937894561, -2685829.970408017, 0.12452938849034823, 0.27061527062397445

[-2.68544215e+06  4.52808017e-01]
0.45280801694729916, -2685442.150079833, 0.12452436189724293, 0.2706152715146777

[-2.68505433e+06  4.52742640e-01]
0.4527426401051423, -2685054.3297516494, 0.1245193331753956, 0.27061527228953136

[-2.68422275e+06  4.52602390e-01]
0.4526023899308065, -2684222.7467805985, 0.12450854763546522, 0.2706152731347791

[-2.68499839e+06  4.52733144e-01]
0.4527331436151203, -2684998.3874369655, 0.12451860486264257, 0.27061526897723637

[-2.68411086e+06  4.52583397e-01]
0.45258339695076233, -2684110.862151231, 0.12450708555514556, 0.27061527294361226

[-2.68481846e+06  4.52702829e-01]
0.4527028293165473, -2684818.462851545, 0.12451627351528975, 0.2706152641315909

[-2.68398688e+06  4.52562579e-01]
0.45256257914221143, -2683986.8798804944, 0.12450548395201189, 0.2706152707341806

[-2.68474551e+06  4.52690502e-01]
0.4526905024968931, -2684745.5105478475, 0.12451532490600309, 0.27061526229132465

[-2.68409385e+06  4.52580567e-01]
0.45258056662113016, -2684093.8521622177, 0.12450686817449971, 0.2706152612125807

[-2.68373155e+06  4.52519435e-01]
0.45251943527342153, -2683731.546817554, 0.12450216559265384, 0.27061526095588245

[-2.68431025e+06  4.52617044e-01]
0.45261704432953026, -2684310.2528994866, 0.12450967247178464, 0.27061526928639873

[-2.68420267e+06  4.52598931e-01]
0.4525989311629709, -2684202.6665743077, 0.12450828089502405, 0.2706152706625828

[-2.68423853e+06  4.52604969e-01]
0.45260496888515733, -2684238.528682701, 0.12450874409037571, 0.2706152722572124

[-2.68394918e+06  4.52556164e-01]
0.452556164357103, -2683949.1756417346, 0.12450499134308199, 0.27061526128614416

[-2.68344219e+06  4.52470631e-01]
0.4524706307453672, -2683442.1937765875, 0.12449841083076973, 0.2706152780717826

[-2.68403944e+06  4.52571384e-01]
0.4525713843502098, -2684039.4449561723, 0.12450616428810354, 0.27061526398775176

[-2.68364128e+06  4.52504215e-01]
0.4525042152803147, -2683641.277503116, 0.12450099401024642, 0.27061526865352337

[-2.68393990e+06  4.52554592e-01]
0.4525545920827361, -2683939.903092908, 0.12450487112184218, 0.2706152657986492

[-2.68384036e+06  4.52537800e-01]
0.45253779981526226, -2683840.361229644, 0.12450357894575607, 0.27061527272667735

[-2.6838855e+06  4.5254541e-01]
0.4525454098118157, -2683885.495886863, 0.12450416522935154, 0.2706152727580622

[-2.68368641e+06  4.52511825e-01]
0.4525118252768682, -2683686.412160335, 0.12450158158932972, 0.2706152691460822

[-2.68357760e+06  4.52493461e-01]
0.45249346073502744, -2683577.597748245, 0.12450016547117929, 0.2706152768873626

[-2.68377467e+06  4.52526715e-01]
0.4525267150452036, -2683774.6703592944, 0.12450272759108172, 0.27061526029873934

[-2.68381981e+06  4.52534325e-01]
0.45253432504175695, -2683819.805016514, 0.12450331124075735, 0.2706152718693531

[-2.68371976e+06  4.52517450e-01]
0.45251745021809037, -2683719.76037438, 0.124502014138303, 0.2706152784823166

[-2.68375311e+06  4.52523075e-01]
0.45252307515931256, -2683753.1085884245, 0.12450244597869363, 0.27061527139536323

[-2.68373054e+06  4.52519270e-01]
0.4525192701610359, -2683730.541259815, 0.12450215411224284, 0.2706152646702454

[-2.6837521e+06  4.5252291e-01]
0.4525229100469269, -2683752.1030306844, 0.12450243443980365, 0.2706152765564025

[-2.68375286e+06  4.52523034e-01]
0.4525230338812162, -2683752.8571989895, 0.12450244224326985, 0.2706152707364538

[-2.68375235e+06  4.52522951e-01]
0.4525229513250233, -2683752.3544201194, 0.12450243692775079, 0.27061526352782106

[-2.68379648e+06  4.52530396e-01]
0.452530396209191, -2683796.483519599, 0.12450300954204482, 0.27061527229550475

[-2.68374703e+06  4.52522052e-01]
0.4525220516730747, -2683747.026824761, 0.1245023705037516, 0.27061527124348334

[-2.68376351e+06  4.52524833e-01]
0.45252483318511344, -2683763.512389707, 0.12450258115031375, 0.2706152743426389

[-2.68375261e+06  4.52522993e-01]
0.45252299260311973, -2683752.6058095545, 0.12450243787786293, 0.2706152690142681

[-2.68376376e+06  4.52524874e-01]
0.4525248744632098, -2683763.7637791424, 0.12450258309910502, 0.27061525933708813

[-2.68376389e+06  4.52524895e-01]
0.45252489510225813, -2683763.88947386, 0.12450258574153575, 0.2706152768448779

[-2.68378583e+06  4.52528597e-01]
0.45252859690529373, -2683785.8283288823, 0.1245028710603578, 0.27061527887879055

[-2.68376091e+06  4.52524394e-01]
0.45252439367866326, -2683760.911439386, 0.12450254616850073, 0.27061527333829327

[-2.68376922e+06  4.52525795e-01]
0.45252579475420673, -2683769.2170692184, 0.1245026546399774, 0.2706152650280349

[-2.68375818e+06  4.52523934e-01]
0.4525239335331648, -2683758.1847943487, 0.1245025102331836, 0.2706152741718085

[-2.68377480e+06  4.52526736e-01]
0.4525267356842517, -2683774.796054012, 0.12450272769203224, 0.2706152722524196

[-2.68377064e+06  4.52526035e-01]
0.45252603514647993, -2683770.6432390963, 0.12450267526623085, 0.2706152714139716

[-2.68376234e+06  4.52524634e-01]
0.45252463407093657, -2683762.3376092645, 0.12450256685320862, 0.27061527614129155

[-2.68376857e+06  4.52525685e-01]
0.4525256848775941, -2683768.566831638, 0.12450264743504094, 0.2706152729068625

[-2.68376649e+06  4.52525335e-01]
0.45252533460870825, -2683766.4904241804, 0.1245026211447477, 0.27061526985295203

[-2.68376720e+06  4.52525455e-01]
0.45252545480484485, -2683767.2035091193, 0.12450262787306975, 0.2706152639281426

[-2.68376448e+06  4.52524995e-01]
0.4525249946593465, -2683764.476864081, 0.1245025930313741, 0.27061526546060705

[-2.68376498e+06  4.52525080e-01]
0.4525250796466869, -2683764.9802541058, 0.12450259817258542, 0.2706152641978415

[-2.68376599e+06  4.52525250e-01]
0.4525252496213678, -2683765.9870341555, 0.12450261357339336, 0.2706152762281751

[-2.68376523e+06  4.52525122e-01]
0.4525251221403571, -2683765.231949118, 0.12450260365961208, 0.2706152720707926

[-2.68376548e+06  4.52525165e-01]
0.45252516463402737, -2683765.4836441306, 0.12450260712383841, 0.2706152726066961

[-2.68376437e+06  4.52524977e-01]
0.4525249770549484, -2683764.372016624, 0.1245025917614444, 0.27061526904308525

[-2.68376265e+06  4.52524687e-01]
0.45252468688413083, -2683762.652151636, 0.12450256921270979, 0.27061526792083074

[-2.68376204e+06  4.52524584e-01]
0.45252458429239223, -2683762.0439141537, 0.1245025603662989, 0.2706152706574667

[-2.68376379e+06  4.52524879e-01]
0.45252487886430937, -2683763.7899910063, 0.12450258278032754, 0.2706152759133606

[-2.68376321e+06  4.52524781e-01]
0.4525247806736703, -2683763.207965389, 0.12450257772090649, 0.2706152713265025

[-2.68376407e+06  4.52524926e-01]
0.4525249257590791, -2683764.0678978832, 0.1245025875102631, 0.27061527913138755

[-2.68376290e+06  4.52524729e-01]
0.45252472937780097, -2683762.9038466485, 0.12450257257040517, 0.27061527520209705

[-2.68376319e+06  4.52524778e-01]
0.45252477847312056, -2683763.194859457, 0.12450257737697014, 0.2706152711860215

[-2.68376375e+06  4.52524872e-01]
0.45252487226266, -2683763.7506732102, 0.12450258466303968, 0.2706152673099108

[-2.68376432e+06  4.52524968e-01]
0.45252496825274924, -2683764.319592896, 0.12450259313515785, 0.2706152683089288

[-2.68376404e+06  4.52524921e-01]
0.4525249208078421, -2683764.0384095362, 0.1245025876544676, 0.27061527626051496

[-2.68376376e+06  4.52524873e-01]
0.4525248733629349, -2683763.7572261766, 0.12450258151190928, 0.2706152698049899

[-2.68376348e+06  4.52524826e-01]
0.45252482646816516, -2683763.4793192996, 0.12450258160451652, 0.2706152797712768

[-2.68376404e+06  4.52524921e-01]
0.4525249213579796, -2683764.04168602, 0.12450258666685506, 0.270615261727674

[-2.68376405e+06  4.52524922e-01]
0.4525249224582545, -2683764.0482389852, 0.12450258911275776, 0.2706152672940714

[-2.68376398e+06  4.52524910e-01]
0.4525249101844246, -2683763.975485783, 0.12450258828912535, 0.2706152665934562

[-2.68376383e+06  4.52524886e-01]
0.4525248856367648, -2683763.8299793787, 0.12450258365717622, 0.27061527447033

[-2.68376394e+06  4.52524904e-01]
0.45252490404750967, -2683763.939109182, 0.12450258491794333, 0.2706152698283508

[-2.68376390e+06  4.52524898e-01]
0.4525248979105947, -2683763.902732581, 0.12450258623568422, 0.2706152653702476

[-2.68376387e+06  4.52524892e-01]
0.4525248923238172, -2683763.869632463, 0.1245025857030733, 0.2706152676559729

[-2.6837638e+06  4.5252488e-01]
0.45252488004998725, -2683763.796879261, 0.12450258516110285, 0.2706152698611162

[-2.68376385e+06  4.52524889e-01]
0.4525248892553597, -2683763.8514441624, 0.12450258513589521, 0.2706152710158428

[-2.68376383e+06  4.52524886e-01]
0.45252488618690223, -2683763.833255862, 0.12450258545875417, 0.2706152656064467

[-2.68376382e+06  4.52524883e-01]
0.4525248833935135, -2683763.8167058025, 0.12450258512997327, 0.2706152691201211

[-2.68376378e+06  4.52524877e-01]
0.4525248772565985, -2683763.7803292014, 0.12450258470084453, 0.27061526898439603

[-2.68376379e+06  4.52524879e-01]
0.4525248787908273, -2683763.7894233516, 0.12450258360825793, 0.27061526785010187

[-2.68376381e+06  4.52524882e-01]
0.4525248818592847, -2683763.807611652, 0.12450258552809104, 0.27061526310357625

[-2.68376374e+06  4.52524870e-01]
0.4525248701355923, -2683763.7381349327, 0.12450258442911327, 0.2706152756662212

[-2.68376381e+06  4.52524882e-01]
0.4525248821740747, -2683763.8094756296, 0.12450258469722843, 0.27061526575306355

[-2.68376379e+06  4.52524878e-01]
0.45252487816124726, -2683763.7856953973, 0.12450258565426747, 0.2706152673828473

[-2.6837638e+06  4.5252488e-01]
0.452524880325056, -2683763.798517502, 0.12450258497600665, 0.2706152714805362

[-2.68376375e+06  4.52524872e-01]
0.4525248722994011, -2683763.7509570373, 0.12450258346553399, 0.27061526411780074

[-2.68376373e+06  4.52524869e-01]
0.4525248686013636, -2683763.729040782, 0.12450258266667369, 0.2706152701747411

[-2.68376377e+06  4.52524876e-01]
0.4525248757712763, -2683763.7715317435, 0.1245025849402373, 0.27061526861624097

[-2.68376376e+06  4.52524873e-01]
0.4525248733813054, -2683763.7573680896, 0.12450258469699002, 0.27061527718198136

[-2.68376377e+06  4.52524876e-01]
0.45252487631222854, -2683763.7747372696, 0.12450258439741083, 0.2706152719128273

[-2.68376378e+06  4.52524877e-01]
0.45252487739413294, -2683763.781148322, 0.1245025832775939, 0.2706152705663034

[-2.68376377e+06  4.52524876e-01]
0.4525248755451143, -2683763.770190195, 0.12450258547502059, 0.27061527599848056

[-2.68376377e+06  4.52524876e-01]
0.45252487612045, -2683763.773600501, 0.12450258357562184, 0.2706152697455764

[-2.68376376e+06  4.52524873e-01]
0.45252487318952694, -2683763.756231321, 0.12450258415746325, 0.270615270552277

[-2.68376376e+06  4.52524874e-01]
0.4525248742406784, -2683763.7624605712, 0.12450258101831471, 0.2706152685640129

[-2.68376375e+06  4.52524873e-01]
0.4525248725834382, -2683763.7526392126, 0.12450258376368455, 0.2706152718691701

[-2.68376377e+06  4.52524875e-01]
0.45252487523619706, -2683763.768360179, 0.12450258318117641, 0.27061527863654794

[-2.68376376e+06  4.52524874e-01]
0.4525248743519441, -2683763.763119857, 0.12450258254694582, 0.2706152696845215

[-2.68376377e+06  4.52524875e-01]
0.45252487529182994, -2683763.7686898215, 0.12450258222776456, 0.27061527374442973

[-2.68376376e+06  4.52524874e-01]
0.45252487352332393, -2683763.7582091773, 0.1245025858238721, 0.2706152683138713

[-2.68376376e+06  4.52524874e-01]
0.4525248736345897, -2683763.7588684624, 0.12450258320588466, 0.27061527815877845

[-2.68376376e+06  4.52524874e-01]
0.4525248741726055, -2683763.762057008, 0.12450258443646244, 0.2706152672314883

[-2.68376377e+06  4.52524875e-01]
0.4525248751124914, -2683763.767626974, 0.12450258468234911, 0.2706152686370413

[-2.68376376e+06  4.52524874e-01]
0.4525248739206158, -2683763.7605636264, 0.12450258452571315, 0.2706152683386349

[-2.68376376e+06  4.52524874e-01]
0.45252487431790767, -2683763.7629180755, 0.12450258681881547, 0.27061527082657855

[-2.68376376e+06  4.52524874e-01]
0.4525248739932669, -2683763.7609941596, 0.12450258354550572, 0.27061526650967765

[-2.68376376e+06  4.52524874e-01]
0.4525248741385691, -2683763.761855226, 0.12450258510468527, 0.2706152766697402

[-2.68376376e+06  4.52524874e-01]
0.45252487427307303, -2683763.762652363, 0.12450258363260851, 0.27061526920109275

[-2.68376376e+06  4.52524874e-01]
0.45252487418340376, -2683763.7621209384, 0.12450258405193981, 0.27061526472541286

[-2.68376376e+06  4.52524875e-01]
0.4525248746533467, -2683763.764905921, 0.12450258421556283, 0.2706152711337915

[-2.68376376e+06  4.52524874e-01]
0.45252487415828685, -2683763.7619721, 0.1245025848838608, 0.2706152742174546

[-2.68376376e+06  4.52524874e-01]
0.4525248743233068, -2683763.7629500404, 0.124502583486966, 0.2706152723118933

[-2.68376376e+06  4.52524874e-01]
0.4525248742282384, -2683763.762386651, 0.12450258363398374, 0.2706152715021564

[-2.68376376e+06  4.52524874e-01]
0.45252487436814137, -2683763.7632157523, 0.12450258345916584, 0.2706152638912288

[-2.68376376e+06  4.52524875e-01]
0.45252487460311275, -2683763.7646082444, 0.12450258505982957, 0.27061526715514395

[-2.68376376e+06  4.52524875e-01]
0.45252487450939416, -2683763.764052846, 0.1245025841997915, 0.270615277492175

[-2.68376376e+06  4.52524874e-01]
0.45252487441567557, -2683763.7634974476, 0.12450258193774968, 0.2706152707810086

[-2.68376376e+06  4.52524874e-01]
0.4525248743457241, -2683763.7630828964, 0.12450258222005198, 0.2706152661280006


------------------------------------------------------------
Sender: LSF System <lsfadmin@n-62-21-19>
Subject: Job 1735643: <minimize_batch_job_this_is_on_purpose_to_utilize_more_kernel> in cluster <dcc> Done

Job <minimize_batch_job_this_is_on_purpose_to_utilize_more_kernel> was submitted from host <gbarlogin2> by user <s174007> in cluster <dcc> at Sun Jan 13 21:42:31 2019
Job was executed on host(s) <n-62-21-19>, in queue <hpc>, as user <s174007> in cluster <dcc> at Sun Jan 13 21:42:32 2019
</zhome/b0/b/127184> was used as the home directory.
</zhome/b0/b/127184/Documents/Projects/machine-learning-on-materials> was used as the working directory.
Started at Sun Jan 13 21:42:32 2019
Terminated at Sun Jan 13 22:43:20 2019
Results reported at Sun Jan 13 22:43:20 2019

Your job looked like:

------------------------------------------------------------
# LSBATCH: User input
#!/bin/bash
##Kør på cpu
#BSUB -q hpc
##Navn på job
#BSUB -J minimize_batch_job_this_is_on_purpose_to_utilize_more_kernel
##Output fil
#BSUB -o output/minimize/linear_GP_compare_batchjobs-%J.out
##Antal kerner
#BSUB -n 1
##Om kernerne må være på forskellige computere
#BSUB -R "span[hosts=1]"
##Ram pr kerne
#BSUB -R "rusage[mem=10GB]"
##Hvor lang tid må den køre hh:mm
#BSUB -W 45:00
##Email når jobbet starter
##og stopper
module purge
module load python3
python3 KRR/minimizer.py linear 1e-06 GP compare [5]
------------------------------------------------------------

Successfully completed.

Resource usage summary:

    CPU time :                                   3644.73 sec.
    Max Memory :                                 1032 MB
    Average Memory :                             855.79 MB
    Total Requested Memory :                     10240.00 MB
    Delta Memory :                               9208.00 MB
    Max Swap :                                   -
    Max Processes :                              4
    Max Threads :                                5
    Run time :                                   3658 sec.
    Turnaround time :                            3649 sec.

The output (if any) is above this job summary.

