Unloaded module: latex/TeXLive12
Loaded module: python3/3.6.2
[-10000]
[-10000.0]
[-1.e+04  5.e+00]
5.0, -10000.0, 0.21617416812551646, 0.2891128916221871

[-1.05e+04  5.00e+00]
5.0, -10500.0, 0.21617416762580893, 0.28911289123764305

[-1.00e+04  5.25e+00]
5.25, -10000.0, 0.21894410904214437, 0.29001404622675214

[-1.05e+04  4.75e+00]
4.75, -10500.0, 0.2132693122634225, 0.2881888543235363

[-1.075e+04  4.500e+00]
4.5, -10750.0, 0.21021650057352315, 0.2872406426109236

[-1.125e+04  4.500e+00]
4.5, -11250.0, 0.21021650015195517, 0.2872406422485258

[-1.1875e+04  4.2500e+00]
4.25, -11875.0, 0.2070007443448792, 0.2862668755198692

[-1.2125e+04  3.7500e+00]
3.75, -12125.0, 0.2000081779287554, 0.28423675594388653

[-1.29375e+04  3.12500e+00]
3.125, -12937.5, 0.18997278642840898, 0.28152823363991414

[-1.40625e+04  2.87500e+00]
2.875, -14062.5, 0.18545569633251713, 0.28038691623736

[-1.571875e+04  2.062500e+00]
2.0625, -15718.75, 0.16803953490611007, 0.2764400616068882

[-1.678125e+04  9.375000e-01]
0.9375, -16781.25, 0.13188761942003602, 0.2707974726930479

[-1.9234375e+04 -7.1875000e-01]
-0.71875, -19234.375, 17.664029923489977, 21.55541107525992

[-1.95625e+04 -1.25000e-01]
-0.125, -19562.5, 0.9698427486864218, 1.8365465851344365

[-1.459375e+04  2.312500e+00]
2.3125, -14593.75, 0.17392341115821652, 0.2776920594295823

[-1.790625e+04  6.875000e-01]
0.6875, -17906.25, 0.1202129823236304, 0.26991371231511563

[-1.95625e+04 -1.25000e-01]
-0.125, -19562.5, 0.9698427486864218, 1.8365465851344365

[-1.896875e+04 -4.375000e-01]
-0.4375, -18968.75, 13.170089525600337, 17.04276434769783

[-1.653125e+04  1.437500e+00]
1.4375, -16531.25, 0.15044143354830405, 0.2732202163808215

[-1.815625e+04  1.875000e-01]
0.1875, -18156.25, 0.08857206121443721, 0.27185277264839774

[-1.775e+04  5.000e-01]
0.5, -17750.0, 0.10990148244662874, 0.2696740208553493

[-1.8875e+04  2.5000e-01]
0.25, -18875.0, 0.09329857371056807, 0.2708976197184465

[-1.73046875e+04  7.65625000e-01]
0.765625, -17304.6875, 0.12408490613697001, 0.27014264284067624

[-1.83515625e+04  4.21875000e-01]
0.421875, -18351.5625, 0.10510343148452285, 0.2697827099303687

[-1.81953125e+04  2.34375000e-01]
0.234375, -18195.3125, 0.09213643592533387, 0.2710964815620268

[-1.79785156e+04  5.74218750e-01]
0.57421875, -17978.515625, 0.11417153341335874, 0.26970211823735596

[-1.73769531e+04  6.52343750e-01]
0.65234375, -17376.953125, 0.11839512754657673, 0.2698304869493816

[-1.81079102e+04  4.79492188e-01]
0.4794921875, -18107.91015625, 0.10867346376709261, 0.2696868144410316

[-1.78793945e+04  4.05273438e-01]
0.4052734375, -17879.39453125, 0.1040405373626147, 0.2698294212928394

[-1.79537354e+04  5.31982422e-01]
0.531982421875, -17953.7353515625, 0.11177416111534352, 0.26967291987665865

[-1.75958252e+04  5.52490234e-01]
0.552490234375, -17595.8251953125, 0.11294869067114309, 0.2696830641794178

[-1.77238464e+04  5.34240723e-01]
0.53424072265625, -17723.846435546875, 0.11190448829388781, 0.2696736421736401

[-1.79275818e+04  5.66223145e-01]
0.56622314453125, -17927.581787109375, 0.11372409581530761, 0.26969416072477326

[-1.77943954e+04  5.16555786e-01]
0.5165557861328125, -17794.395446777344, 0.1108772222938762, 0.2696707394296552

[-1.80242844e+04  5.14297485e-01]
0.5142974853515625, -18024.28436279297, 0.11074493468841033, 0.26967083515663226

[-1.78649445e+04  4.98870850e-01]
0.498870849609375, -17864.944458007812, 0.1098344303790872, 0.2696744672887196

[-1.79315376e+04  5.23704529e-01]
0.5237045288085938, -17931.537628173828, 0.1112943188032547, 0.2696711432950127

[-1.78871422e+04  5.07148743e-01]
0.5071487426757812, -17887.142181396484, 0.11032449441936495, 0.2696718634164455

[-1.79204388e+04  5.19565582e-01]
0.5195655822753906, -17920.438766479492, 0.11105313783896947, 0.26967077945013934

[-1.76905499e+04  5.21823883e-01]
0.5218238830566406, -17690.549850463867, 0.11118483616556334, 0.2696709340331185

[-1.79408507e+04  5.16179085e-01]
0.516179084777832, -17940.850734710693, 0.1108551733495168, 0.2696707477861907

[-1.78148074e+04  5.13169289e-01]
0.5131692886352539, -17814.807415008545, 0.11067875170486552, 0.269670923926412

[-1.78940309e+04  5.17966509e-01]
0.5179665088653564, -17894.030928611755, 0.11095973160622767, 0.2696707344036897

[-1.77475756e+04  5.18343210e-01]
0.5183432102203369, -17747.575640678406, 0.11098174716481912, 0.2696707402039578

[-1.77958944e+04  5.17802179e-01]
0.5178021788597107, -17795.894414186478, 0.11095012547923151, 0.2696707328165236

[-1.78955299e+04  5.19212902e-01]
0.5192129015922546, -17895.52989602089, 0.11103254767264976, 0.2696707648732036

[-1.78196791e+04  5.17220065e-01]
0.517220064997673, -17819.67905908823, 0.11091608644580823, 0.269670731856385

[-1.77215425e+04  5.17055735e-01]
0.5170557349920273, -17721.542544662952, 0.11090647423501682, 0.2696707328175138

[-1.77646646e+04  5.17283428e-01]
0.5172834284603596, -17764.664640650153, 0.1109197924307541, 0.26967073158150423

[-1.77884493e+04  5.16701315e-01]
0.5167013145983219, -17788.449285551906, 0.11088573842887148, 0.2696707369697833

[-1.77940331e+04  5.17526963e-01]
0.5175269627943635, -17794.033132027835, 0.11093403435201381, 0.269670731456351

[-1.77390187e+04  5.17590326e-01]
0.51759032625705, -17739.018713589758, 0.11093773936348966, 0.2696707316294512

[-1.77591838e+04  5.17497761e-01]
0.5174977609422058, -17759.183799964376, 0.11093232677895902, 0.2696707314121162

[-1.77885523e+04  5.17741295e-01]
0.5177412952762097, -17788.552291342057, 0.11094656610967575, 0.2696707323900882

[-1.77706366e+04  5.17397895e-01]
0.5173978951643221, -17770.63655332313, 0.11092648682696488, 0.26967073135369624

[-1.77357872e+04  5.17368693e-01]
0.5173686933121644, -17735.78722125967, 0.11092477907513697, 0.2696707313966098

[-1.77472400e+04  5.17268828e-01]
0.5172688275342807, -17747.239974618424, 0.11091893848639084, 0.2696707316095493

[-1.77561978e+04  5.17440528e-01]
0.5174405275902245, -17756.197843627888, 0.11092897994611232, 0.26967073134598113

[-1.77910472e+04  5.17469729e-01]
0.5174697294423822, -17791.047175691347, 0.11093068759673083, 0.26967073141723286

[-1.77496022e+04  5.17393952e-01]
0.5173939523447189, -17749.60220986759, 0.11092625626025024, 0.26967073135851766

[-1.77772322e+04  5.17444470e-01]
0.5174444704098278, -17777.232187083428, 0.11092921051582243, 0.26967073134623515

[-1.77627935e+04  5.17487103e-01]
0.5174871028357302, -17762.793477388186, 0.11093170353824065, 0.26967073133251124

[-1.77588719e+04  5.17531707e-01]
0.5175317066714342, -17758.871939420715, 0.11093431174338748, 0.2696707315047575

[-1.77417591e+04  5.17483160e-01]
0.5174831600161269, -17741.759133932646, 0.11093147298332627, 0.26967073141697784

[-1.77683639e+04  5.17454143e-01]
0.5174541428114026, -17768.363923795732, 0.11092977613752178, 0.26967073138663267

[-1.77594957e+04  5.17463815e-01]
0.5174638152129774, -17759.495660508037, 0.11093034175500917, 0.2696707314383005

[-1.77700128e+04  5.17465787e-01]
0.517465786622779, -17770.012832235807, 0.11093045703818727, 0.2696707313837208

[-1.77733106e+04  5.17489074e-01]
0.5174890742455318, -17773.310649115956, 0.11093181880621872, 0.2696707314103269

[-1.77698569e+04  5.17482759e-01]
0.5174827594873932, -17769.856901963976, 0.11093144955678072, 0.26967073138847514

[-1.77629494e+04  5.17470130e-01]
0.517470129971116, -17762.949407660017, 0.11093071102039195, 0.26967073135992237

[-1.77557301e+04  5.17491446e-01]
0.5174914461840672, -17755.730052812396, 0.11093195751738773, 0.2696707313819493

[-1.77593007e+04  5.17485031e-01]
0.5174850312937451, -17759.300747668247, 0.11093158240492193, 0.2696707313874478

[-1.77628714e+04  5.17478616e-01]
0.5174786164034231, -17762.8714425241, 0.11093120728280437, 0.26967073140498515

[-1.77664032e+04  5.17476445e-01]
0.5174764447292546, -17766.403154811997, 0.1109310802948664, 0.26967073141820985

[-1.77592618e+04  5.17489275e-01]
0.5174892745098987, -17759.261765100295, 0.11093183053301947, 0.2696707314147623

[-1.77610471e+04  5.17486067e-01]
0.5174860670647377, -17761.04711252822, 0.1109316429647667, 0.2696707314120813

[-1.77646178e+04  5.17479652e-01]
0.5174796521744156, -17764.61780738407, 0.11093126784585247, 0.26967073140514186

[-1.77637251e+04  5.17481256e-01]
0.5174812558969961, -17763.72513367011, 0.1109313616315034, 0.26967073138480996

[-1.77636472e+04  5.17489742e-01]
0.5174897423293032, -17763.647168534193, 0.1109318578868319, 0.26967073145464954

[-1.77630654e+04  5.17481398e-01]
0.5174813978848931, -17763.065374026624, 0.11093136993437114, 0.26967073138054865

[-1.77621337e+04  5.17487245e-01]
0.5174872448236272, -17762.133717744706, 0.11093171183926874, 0.2696707314484882

[-1.77633273e+04  5.17482753e-01]
0.5174827531286539, -17763.327279688758, 0.110931449180483, 0.2696707313830131

[-1.77625316e+04  5.17485748e-01]
0.5174857475919694, -17762.531571726056, 0.11093162428628131, 0.26967073139689296

[-1.77631284e+04  5.17483502e-01]
0.5174835017444828, -17763.128352698084, 0.11093149295755846, 0.2696707314316313

[-1.77629294e+04  5.17484250e-01]
0.5174842503603116, -17762.929425707407, 0.11093153673643623, 0.26967073145370796

[-1.77630604e+04  5.17484928e-01]
0.517484927982192, -17763.060378538474, 0.11093157636256218, 0.2696707314221331

[-1.77629244e+04  5.17487780e-01]
0.5174877804576106, -17762.924430219253, 0.11093174316140139, 0.2696707314674049

[-1.77629282e+04  5.17485133e-01]
0.5174851328846364, -17762.92817683537, 0.11093158834038426, 0.2696707313980967

[-1.77626613e+04  5.17487308e-01]
0.5174873077381745, -17762.66127568508, 0.11093171551354986, 0.2696707313719285

[-1.77625266e+04  5.17489278e-01]
0.5174892776892683, -17762.5265762379, 0.11093183071725747, 0.26967073142993464

[-1.77628278e+04  5.17486169e-01]
0.5174861690857944, -17762.827776686, 0.11093164893071462, 0.26967073140401066

[-1.77627274e+04  5.17487205e-01]
0.5174872052869524, -17762.727376536634, 0.11093170953032865, 0.2696707313618396

[-1.77628608e+04  5.17486118e-01]
0.5174861178601833, -17762.860827111777, 0.11093164594411672, 0.2696707314032142

[-1.7762660e+04  5.1748819e-01]
0.5174881902624993, -17762.660026813042, 0.11093176712281266, 0.26967073141422754

[-1.77628106e+04  5.17486636e-01]
0.5174866359607623, -17762.81062703709, 0.11093167623777005, 0.2696707314027373

[-1.77627102e+04  5.17487672e-01]
0.5174876721619203, -17762.710226887728, 0.1109317368383281, 0.269670731419629

[-1.77627855e+04  5.17486895e-01]
0.5174868950110518, -17762.785526999753, 0.11093169138147391, 0.269670731411862

[-1.77627604e+04  5.17487154e-01]
0.5174871540613413, -17762.76042696241, 0.11093170653243963, 0.26967073140925363

[-1.77628021e+04  5.17486869e-01]
0.5174868693982462, -17762.80205221264, 0.11093168988759901, 0.2696707314196182

[-1.77627519e+04  5.17487387e-01]
0.5174873874988253, -17762.75185213796, 0.11093172019032588, 0.26967073145698345

[-1.77627895e+04  5.17486999e-01]
0.517486998923391, -17762.78950219397, 0.11093169746703592, 0.26967073140002856

[-1.77628226e+04  5.17486948e-01]
0.5174869476977799, -17762.822552619746, 0.11093169446725411, 0.2696707313983693

[-1.77628265e+04  5.17487052e-01]
0.5174870516101191, -17762.826527813966, 0.11093170054697554, 0.26967073142985704

[-1.77627988e+04  5.17487012e-01]
0.517487012095073, -17762.79875859897, 0.11093169823615409, 0.2696707314058051

[-1.77628080e+04  5.17487025e-01]
0.517487025266755, -17762.808015003968, 0.1109316990071121, 0.26967073139266967

[-1.77627915e+04  5.17487051e-01]
0.5174870508795606, -17762.791489791078, 0.11093170049656802, 0.26967073139455894

[-1.77628100e+04  5.17487077e-01]
0.5174870772229245, -17762.810002601076, 0.11093170202865868, 0.26967073142609976

[-1.77627961e+04  5.17487057e-01]
0.5174870574654016, -17762.796117993577, 0.11093170089302616, 0.26967073143551634

[-1.77628007e+04  5.17487064e-01]
0.5174870640512426, -17762.800746196077, 0.11093170126108666, 0.26967073140097864

[-1.77627925e+04  5.17487077e-01]
0.5174870768576454, -17762.792483589634, 0.11093170201696682, 0.2696707313940433

[-1.77627852e+04  5.17487116e-01]
0.517487115642133, -17762.785214781743, 0.11093170428747111, 0.26967073141327813

[-1.77627969e+04  5.17487077e-01]
0.5174870769489652, -17762.796863342493, 0.11093170202567218, 0.26967073140989706

[-1.7762793e+04  5.1748709e-01]
0.5174870898466878, -17762.79298048891, 0.11093170278067487, 0.269670731391908

[-1.77627971e+04  5.17487083e-01]
0.5174870834434864, -17762.797111792133, 0.11093170240207681, 0.2696707314166571

[-1.77627893e+04  5.17487109e-01]
0.5174871092389317, -17762.789346084966, 0.11093170390209382, 0.26967073143942294

[-1.77627952e+04  5.17487090e-01]
0.5174870898923477, -17762.79517036534, 0.11093170278583432, 0.26967073143672626

[-1.77627932e+04  5.17487096e-01]
0.517487096341209, -17762.79322893855, 0.11093170316191653, 0.2696707314109674

[-1.77627953e+04  5.17487093e-01]
0.5174870931396083, -17762.79529459016, 0.1109317029730108, 0.26967073139875786

[-1.77627955e+04  5.17487100e-01]
0.5174870996341294, -17762.7955430398, 0.11093170335804177, 0.2696707314217626

[-1.77627938e+04  5.17487097e-01]
0.5174870971644392, -17762.793807463862, 0.11093170320740739, 0.2696707314155111

[-1.77627944e+04  5.17487098e-01]
0.5174870979876692, -17762.794385989175, 0.1109317032539674, 0.2696707313919077

[-1.77627934e+04  5.17487100e-01]
0.5174870995884696, -17762.793353163368, 0.11093170333637223, 0.2696707313981157


------------------------------------------------------------
Sender: LSF System <lsfadmin@n-62-21-10>
Subject: Job 1708267: <minimize_batch_job_this_is_on_purpose_to_utilize_more_kernel> in cluster <dcc> Done

Job <minimize_batch_job_this_is_on_purpose_to_utilize_more_kernel> was submitted from host <gbarlogin2> by user <s174007> in cluster <dcc> at Thu Jan 10 17:20:29 2019
Job was executed on host(s) <n-62-21-10>, in queue <hpc>, as user <s174007> in cluster <dcc> at Thu Jan 10 17:20:30 2019
</zhome/b0/b/127184> was used as the home directory.
</zhome/b0/b/127184/Documents/Projects/machine-learning-on-materials> was used as the working directory.
Started at Thu Jan 10 17:20:30 2019
Terminated at Thu Jan 10 18:10:54 2019
Results reported at Thu Jan 10 18:10:54 2019

Your job looked like:

------------------------------------------------------------
# LSBATCH: User input
#!/bin/bash
##Kør på cpu
#BSUB -q hpc
##Navn på job
#BSUB -J minimize_batch_job_this_is_on_purpose_to_utilize_more_kernel
##Output fil
#BSUB -o output/minimize/linear_GP_deep_batchjobs-%J.out
##Antal kerner
#BSUB -n 1
##Om kernerne må være på forskellige computere
#BSUB -R "span[hosts=1]"
##Ram pr kerne
#BSUB -R "rusage[mem=10GB]"
##Hvor lang tid må den køre hh:mm
#BSUB -W 45:00
##Email når jobbet starter
##og stopper
module purge
module load python3
python3 KRR/minimizer.py linear 5 GP deep [-10000]
------------------------------------------------------------

Successfully completed.

Resource usage summary:

    CPU time :                                   3022.47 sec.
    Max Memory :                                 1489 MB
    Average Memory :                             1273.59 MB
    Total Requested Memory :                     10240.00 MB
    Delta Memory :                               8751.00 MB
    Max Swap :                                   -
    Max Processes :                              4
    Max Threads :                                5
    Run time :                                   3023 sec.
    Turnaround time :                            3025 sec.

The output (if any) is above this job summary.

