Unloaded module: latex/TeXLive12
Loaded module: python3/3.6.2
[10]
[10.0]
[10.    0.01]
0.01, 10.0, 0.08093723697083946, 0.302557055914451

[1.05e+01 1.00e-02]
0.01, 10.5, 0.08093723892965082, 0.30255704749484846

[10.      0.0105]
0.0105, 10.0, 0.08116886657024401, 0.3020017468849745

[10.5     0.0105]
0.0105, 10.5, 0.08116886867648936, 0.3020017385140237

[1.075e+01 1.075e-02]
0.01075, 10.75, 0.08128394880322697, 0.30173456675529897

[10.25     0.01125]
0.011249999999999998, 10.25, 0.0815126739717124, 0.30121965768484077

[10.125     0.011875]
0.011875, 10.125, 0.08179597978534546, 0.3006096007741524

[10.875     0.012125]
0.012124999999999999, 10.875, 0.08190852040883871, 0.3003752253918937

[11.3125     0.0129375]
0.012937499999999994, 11.3125, 0.08227127742220591, 0.299648324297447

[10.6875     0.0140625]
0.014062499999999995, 10.6875, 0.08276633443246052, 0.29872044338232423

[10.65625     0.01571875]
0.015718749999999997, 10.65625, 0.08348097136401407, 0.2974943698897751

[11.84375     0.01678125]
0.01678124999999999, 11.84375, 0.08393113977385, 0.29678183320184276

[12.703125    0.01923437]
0.019234374999999984, 12.703125, 0.0849478546500644, 0.2953164132859339

[12.046875    0.02201562]
0.022015624999999987, 12.046875, 0.08606589106475016, 0.2938972805210983

[12.4140625   0.02655469]
0.026554687499999986, 12.4140625, 0.0878212768140789, 0.29198758496505467

[14.4609375   0.03007031]
0.030070312499999974, 14.4609375, 0.08912890841959115, 0.29076451005557546

[16.36328125  0.03724609]
0.03724609374999996, 16.36328125, 0.09167678771102215, 0.2887509252421097

[16.07421875  0.04456641]
0.044566406249999954, 16.07421875, 0.09413171461726018, 0.2871605678931809

[17.75976562  0.05723242]
0.05723242187499994, 17.759765625, 0.09809427480248152, 0.28510572425939307

[21.70898438  0.06792383]
0.06792382812499992, 21.708984375, 0.1012038922881153, 0.28381431722336964

[26.35644531  0.0886084 ]
0.08860839843749989, 26.3564453125, 0.10672630713159334, 0.28200650737817196

[27.75292969  0.10859473]
0.10859472656249988, 27.7529296875, 0.1115607957526548, 0.28079475780513147

[33.44775391  0.14426904]
0.14426904296874984, 33.44775390625, 0.11924577069937327, 0.2793763397151104

[42.04443359  0.17564502]
0.17564501953124978, 42.04443359375, 0.12522576722209716, 0.27860440933691033

[54.18676758  0.23485132]
0.23485131835937467, 54.186767578125, 0.13504051997058222, 0.277835522444469

[61.27807617  0.29051196]
0.29051196289062464, 61.278076171875, 0.14295839952676895, 0.2776005447129536

[78.7388916   0.39146375]
0.39146374511718696, 78.7388916015625, 0.15504658412495384, 0.2778253052864507

[82.01708984  0.38109424]
0.38109423828124944, 82.01708984375, 0.15391373867617247, 0.2777760266118062

[89.10839844  0.43675488]
0.4367548828124994, 89.1083984375, 0.15975313885996412, 0.27809018833228477

[62.91717529  0.28532721]
0.2853272094726559, 62.91717529296875, 0.1422646991550734, 0.277608513659673

[42.17816162  0.19474493]
0.19474493408203108, 42.17816162109375, 0.12857915310960863, 0.2782770961639957

[72.05735779  0.33450691]
0.33450691223144485, 72.05735778808594, 0.14853533819661802, 0.27762045308454036

[52.13789368  0.24133226]
0.24133226013183567, 52.13789367675781, 0.13601991903571736, 0.27778884515801633

[67.07749176  0.31121325]
0.3112132492065426, 67.0774917602539, 0.14564889815475526, 0.27759174260216896

[65.43839264  0.316398  ]
0.31639800262451134, 65.43839263916016, 0.1463037851080528, 0.2775948136530759

[71.23780823  0.33709929]
0.3370992889404293, 71.23780822753906, 0.1488479432036011, 0.27762588431647206

[63.76800919  0.30215879]
0.3021587944030758, 63.768009185791016, 0.14448731758946734, 0.2775912735427581

[65.40710831  0.29697404]
0.29697404098510705, 65.40710830688477, 0.1438116462637945, 0.2775939931842812

[65.41492939  0.30183003]
0.3018300313949581, 65.41492938995361, 0.14444471117792995, 0.2775913888401529

[62.10544682  0.29277558]
0.29277557659149134, 62.10544681549072, 0.1432587030699119, 0.27759783251432457

[65.83448052  0.30660383]
0.3066038310527798, 65.83448052406311, 0.14506044946733332, 0.27759070320780826

[64.18756032  0.30693259]
0.30693259406089746, 64.18756031990051, 0.1451026095834484, 0.27759071320695483

[66.25403166  0.31137763]
0.3113776307106014, 66.25403165817261, 0.1456697710747265, 0.2775918050617992

[64.3895148  0.3044635]
0.3044635034799572, 64.38951480388641, 0.1447851804692378, 0.27759077857467584

[65.63252604  0.30907292]
0.30907292163372, 65.63252604007721, 0.14537639181525142, 0.2775910518465367

[64.70026761  0.30561586]
0.3056158580183979, 64.70026761293411, 0.14493354469129632, 0.2775906904202628

[66.34718782  0.3052871 ]
0.3052870950102803, 66.34718781709671, 0.1448912622980628, 0.2775907143355436

[64.72746719  0.30652122]
0.30652121929824316, 64.72746719419956, 0.14504984440737395, 0.2775906936070507

[63.59325428  0.30553325]
0.30553324626386125, 63.593254283070564, 0.14492291644441896, 0.2775906870422599

[62.47264116  0.30499795]
0.304997953869402, 62.47264116257429, 0.14485402819994858, 0.2775907125845612

[63.5660547   0.30462788]
0.30462788498401605, 63.566054701805115, 0.14480636372988417, 0.27759075457823273

[64.43711407  0.30604789]
0.3060478857196864, 64.43711407110095, 0.14498906924121657, 0.2775906823317777

[63.33010074  0.30596527]
0.30596527396514966, 63.3301007412374, 0.14497845103711623, 0.2775906760792737

[62.64501731  0.30613998]
0.30613998193852554, 62.64501730538905, 0.14500089118005, 0.2775906723862085

[63.48887709  0.30665462]
0.30665462139435073, 63.48887709341943, 0.1450669559709865, 0.2775906924083498

[63.56715999  0.30581359]
0.3058135900464836, 63.56715998565778, 0.14495895960795155, 0.2775906790950521

[61.77506322  0.30590569]
0.3059056862653227, 61.77506321994588, 0.14497078742521846, 0.27759066716095604

[60.44403779  0.30583459]
0.3058345865381409, 60.44403779436834, 0.14496164399257544, 0.2775906596578599

[59.52189511  0.30616098]
0.3061609784301828, 59.52189511409961, 0.14500357318797885, 0.27759065289535295

[57.49926268  0.30633467]
0.3063346726220324, 57.49926267832052, 0.14502586621194372, 0.27759064201943734

[55.29828317  0.30602928]
0.30602927722164774, 55.298283167299815, 0.1449866338763629, 0.27759062201534335

[51.6249161   0.30597392]
0.30597392486320885, 51.6249160982552, 0.1449794999789591, 0.27759059188123003

[48.68014098  0.30647401]
0.30647401094710036, 48.68014098220738, 0.14504369681253465, 0.27759057202633947

[42.79819258  0.30679372]
0.30679372315158004, 42.798192576126894, 0.1450846655206212, 0.2775905207754059

[36.923846    0.30643298]
0.3064329753927565, 36.92384599606157, 0.1450383156117633, 0.27759041680457763

[26.63613765  0.30648213]
0.3064821267781186, 26.6361376549321, 0.14504444112230022, 0.2775901724393248

[17.80941413  0.30730193]
0.3073019250664898, 17.809414132803795, 0.14514923305351735, 0.27758978929575956

[0.90166315 0.30796593]
0.30796592516813026, 0.9016631500780932, 0.14521608099071492, 0.27756546698997286

[-15.26039177   0.30765433]
0.3076543287946688, -15.260391771116701, 0.14519649630842343, 0.2775927001554963

[28.28354649  0.30700887]
0.30700887456235226, 28.283546489315995, 0.14511204269688976, 0.2775902531773562

[-0.74574568  0.30743918]
0.3074391773838966, -0.7457456843058026, 0.14519180732370254, 0.27762343591598176

[21.02622345  0.30711645]
0.3071164502677384, 21.026223445910546, 0.1451256177249908, 0.277589974568108

[-4.70825106  0.30860025]
0.30860024865775004, -4.7082510589434605, 0.1453200539542921, 0.277596345514785

[18.80004048  0.30701166]
0.3070116572480265, 18.80004047646321, 0.14511208735423692, 0.2775898336736071

[-1.32451982  0.30786113]
0.30786113214841837, -1.3245198193692431, 0.1452352193031414, 0.2776092164096746

[15.43853763  0.30730262]
0.30730262073790837, 15.438537629590598, 0.14514917128994964, 0.27758958643354886

[-2.4598397   0.30825689]
0.30825688865801215, -2.4598396967945177, 0.1452796146106783, 0.2776009086880607

[13.48507043  0.30732297]
0.3073229651005229, 13.485070433148778, 0.1451516133490477, 0.27758936767490455

[-1.05180405  0.30798627]
0.3079862695307448, -1.0518040463637277, 0.1452547608266955, 0.27761398794534453

[11.31595221  0.30747353]
0.30747353293611746, 11.315952210602017, 0.14517064946912817, 0.27758904906203313

[-1.26745507  0.30811649]
0.3081164930037248, -1.2674550724686675, 0.14526850260976698, 0.2776100870919042

[9.79693906 0.30752135]
0.3075213470763234, 9.796939056744417, 0.14517653256162377, 0.27758873218368046

[-0.61735     0.30801374]
0.3080137393083362, -0.6173500037795066, 0.14527050055081533, 0.27763045027570377

[8.33262666 0.30760858]
0.30760858452917217, 8.332626657006635, 0.14518738822639046, 0.27758832065988814

[-0.56264925  0.30805316]
0.30805316262097904, -0.5626492496596889, 0.14527846023364455, 0.2776343845473447

[7.20704198 0.3076543 ]
0.3076543009624873, 7.207041980143391, 0.14519291304148021, 0.27758788577103055

[-0.22392153  0.30801164]
0.30801164160144545, -0.22392152678515131, 0.1453251991754736, 0.2777045398626126

[6.19348961 0.30770935]
0.3077093487972405, 6.193489611058689, 0.14519956254067742, 0.27758735933887024

[-0.11188922  0.30802097]
0.3080209730028835, -0.11188921900660898, 0.14542350173160015, 0.27783577533157905

[5.37730918 0.30774597]
0.3077459689725863, 5.377309180355891, 0.1452038216720622, 0.2775867888280761

[0.08548272 0.30800255]
0.3080025453434761, 0.08548271937529517, 0.14506701615302645, 0.27735967141284684

[-2.96852073  0.30814914]
0.30814914361659385, -2.9685207264664015, 0.14526459957823912, 0.2775992236374513

[-4.39016331  0.3082225 ]
0.3082225015390201, -4.390163310902502, 0.14527204744811087, 0.27759663739664464

[2.93544106 0.3078651 ]
0.30786510211419477, 2.9354410575412926, 0.14521637321767392, 0.27758318337283955

[-1.94829519  0.30810337]
0.30810336839741165, -1.9482951880879043, 0.14526188382940916, 0.2776034376060381

[1.714507   0.30792467]
0.307924668684999, 1.7145069961339934, 0.1452197959069452, 0.27757754755671354

[-0.72736113  0.3080438 ]
0.3080438018266074, -0.727361126680605, 0.14526984121303602, 0.2776243901087212

[1.10403997 0.30795445]
0.3079544519704011, 1.1040399654303439, 0.14521807305512577, 0.27757011478028487

[-0.1168941   0.30801402]
0.3080140185412053, -0.11689409597695555, 0.14541373862916376, 0.2778237662208474

[0.79880645 0.30796934]
0.30796934361310213, 0.798806450078519, 0.14521410097990806, 0.27756221934646674

[-0.01737398  0.30800596]
0.3080059637884479, -0.017373980624278973, 0.14872633859369289, 0.2823985257944093

[0.67190387 0.30797593]
0.3079759348232097, 0.6719038674025002, 0.14521096499395617, 0.27755687430225856

[-0.04141986  0.30800914]
0.30800913655358364, -0.04141986330072367, 0.14588623794437983, 0.2784675196564233

[0.58874987 0.30797929]
0.3079792918482225, 0.5887498717337083, 0.14520788101649018, 0.2775521552791998

[0.00232872 0.3080059 ]
0.30800590236848885, 0.0023287237065032773, 0.1446830314166263, 0.2769140439877872

[-0.33245885  0.30802089]
0.30802088614112844, -0.3324588481414952, 0.1452976086348707, 0.2776657391809728

[-0.50093843  0.30802916]
0.30802915586374247, -0.5009384286519099, 0.14527946455751672, 0.2776398687043722

[0.3163278  0.30799176]
0.3079917578521025, 0.31632779663730376, 0.14518564244073234, 0.27752016238701227

[-0.22851635  0.30801669]
0.30801668985986247, -0.2285163535555053, 0.1453240348927874, 0.27770209848845795

[0.18011676 0.30799799]
0.30799799085404245, 0.1801167590891015, 0.14514969649302562, 0.27747091013468184

[-0.09230532  0.30801046]
0.3080104568579225, -0.09230531600730305, 0.1454677915334035, 0.27789757884271893

[0.11201124 0.30800111]
0.30800110735501246, 0.11201124031500036, 0.14510249937083433, 0.2774072541781407

[-0.0241998   0.30800734]
0.3080073403569525, -0.02419979723320191, 0.1468476093118825, 0.2797893577483716

[0.07795848 0.30800267]
0.3080026656054975, 0.0779584809279498, 0.14505330437346833, 0.2773413883864357

[-0.00519551  0.30800602]
0.3080060226305103, -0.005195514740842094, 0.15150658488658375, 0.2868355302826296

[0.06281316 0.30800341]
0.3080034146652346, 0.06281316084626085, 0.14501801170082568, 0.27729433985914814

[-0.0128166   0.30800665]
0.30800665142822603, -0.012816596375185674, 0.15541329193396494, 0.2918223363004565

[0.05526471 0.30800366]
0.30800366206117963, 0.05526471160216593, 0.14499497344200504, 0.27726374039902263

[-0.00521973  0.30800615]
0.30800614976443386, -0.005219725537591639, 0.15163825538354125, 0.2870258014047664

[0.04580494 0.3080041 ]
0.3080040984400344, 0.04580493925029772, 0.14495854853357631, 0.27721548338115093

[-0.00713105  0.30800634]
0.30800633874734357, -0.007131048645364929, 0.1954685469563885, 0.35174894042015054

[0.03966577 0.30800433]
0.30800433123272064, 0.039665771540283216, 0.14492871398588952, 0.27717611308106466

[-0.00381044  0.30800614]
0.30800613516117503, -0.003810444003511229, 0.1472401678565851, 0.28066997330868015

[0.03340109 0.30800461]
0.30800460762031956, 0.03340109343684548, 0.14489135472485537, 0.2771270155877461

[-0.00393595  0.30800618]
0.3080061787560878, -0.003935954396934456, 0.1474591146665872, 0.280986901513747

[0.02876534 0.30800479]
0.30800479311356244, 0.0287653400559788, 0.14485785605955617, 0.2770832269356907

[-0.00230703  0.30800609]
0.30800608786173167, -0.0023070296743634075, 0.14568666746851067, 0.2784122172184766

[0.02447406 0.30800498]
0.3080049776806726, 0.024474062659043262, 0.14482125950347519, 0.27703569156602975

[-0.00196255  0.30800609]
0.30800608693559905, -0.001962553690432259, 0.14549690849245614, 0.27813420250487747

[0.02108337 0.30800512]
0.3080051165690716, 0.021083366619376036, 0.14478785312566508, 0.27699265095737435

[-0.00106197  0.30800604]
0.3080060412568879, -0.0010619723331639491, 0.14514812611480715, 0.27761999064879667

[0.01809005 0.30800524]
0.3080052435747264, 0.018090053910991458, 0.14475474453064627, 0.2769504272096077

[-0.00066459  0.30800603]
0.3080060293741437, -0.0006645890018813008, 0.14504191718419374, 0.27746205689850967

[0.01564638 0.30800534]
0.3080053447703396, 0.0156463777140617, 0.14472525720868215, 0.27691332177017847

[-1.14952490e-04  3.08006004e-01]
0.30800600356410196, -0.0001149524904264787, 0.14492792410794997, 0.2772913322661734

[0.0135388  0.30800543]
0.30800543357207033, 0.013538802310636974, 0.14469843452492956, 0.2768801638842217

[0.02685646 0.30800488]
0.30800487597392107, 0.026856456318195398, 0.1448423052836266, 0.27706298492324377

[0.00846066 0.30800565]
0.3080056457698469, 0.008460656859426308, 0.14463644971639153, 0.2768088071409703

[0.00635308 0.30800573]
0.30800573457157765, 0.00635308145600158, 0.14462150044652036, 0.2767976300785351

[0.00170643 0.30800593]
0.3080059294721966, 0.0017064333269715196, 0.14471891052249894, 0.27697131377146533

[0.00127494 0.30800595]
0.3080059467693542, 0.001274936004790915, 0.144751983193594, 0.2770230809167303

[0.01047284 0.30800556]
0.3080055618713913, 0.01047283573417546, 0.14465919428427756, 0.27683348579683614

[0.0043409  0.30800582]
0.3080058184700333, 0.004340902581252429, 0.1446279895106139, 0.27681927810314

[0.00587389 0.30800575]
0.3080057543203728, 0.005873885869483187, 0.14462051085308886, 0.27679889294365456

[0.00376631 0.30800584]
0.30800584312210355, 0.0037663104660584593, 0.14463682683266416, 0.2768360622891715

[0.00728707 0.3080057 ]
0.3080056951079111, 0.0072870702610843465, 0.14462640488719644, 0.2767998298569226


------------------------------------------------------------
Sender: LSF System <lsfadmin@n-62-21-16>
Subject: Job 1708316: <minimize_batch_job_this_is_on_purpose_to_utilize_more_kernel> in cluster <dcc> Done

Job <minimize_batch_job_this_is_on_purpose_to_utilize_more_kernel> was submitted from host <gbarlogin2> by user <s174007> in cluster <dcc> at Thu Jan 10 17:20:34 2019
Job was executed on host(s) <n-62-21-16>, in queue <hpc>, as user <s174007> in cluster <dcc> at Thu Jan 10 17:20:35 2019
</zhome/b0/b/127184> was used as the home directory.
</zhome/b0/b/127184/Documents/Projects/machine-learning-on-materials> was used as the working directory.
Started at Thu Jan 10 17:20:35 2019
Terminated at Thu Jan 10 17:47:26 2019
Results reported at Thu Jan 10 17:47:26 2019

Your job looked like:

------------------------------------------------------------
# LSBATCH: User input
#!/bin/bash
##Kør på cpu
#BSUB -q hpc
##Navn på job
#BSUB -J minimize_batch_job_this_is_on_purpose_to_utilize_more_kernel
##Output fil
#BSUB -o output/minimize/linear_GP_faulty_batchjobs-%J.out
##Antal kerner
#BSUB -n 1
##Om kernerne må være på forskellige computere
#BSUB -R "span[hosts=1]"
##Ram pr kerne
#BSUB -R "rusage[mem=10GB]"
##Hvor lang tid må den køre hh:mm
#BSUB -W 45:00
##Email når jobbet starter
##og stopper
module purge
module load python3
python3 KRR/minimizer.py linear 0.01 GP faulty [10]
------------------------------------------------------------

Successfully completed.

Resource usage summary:

    CPU time :                                   1609.97 sec.
    Max Memory :                                 810 MB
    Average Memory :                             645.00 MB
    Total Requested Memory :                     10240.00 MB
    Delta Memory :                               9430.00 MB
    Max Swap :                                   -
    Max Processes :                              4
    Max Threads :                                5
    Run time :                                   1612 sec.
    Turnaround time :                            1612 sec.

The output (if any) is above this job summary.

