Unloaded module: latex/TeXLive12
Loaded module: python3/3.6.2
[5]
[5.0]
[ 5. 10.]
10.0, 5.0, 0.2557468579185783, 0.303989377464998

[ 5.25 10.  ]
10.0, 5.25, 0.25574798133937093, 0.30398916660552455

[ 5.  10.5]
10.5, 5.0, 0.2585296937285066, 0.3052083882690773

[5.25 9.5 ]
9.5, 5.25, 0.25281912605050566, 0.302732125453703

[5.375 9.   ]
9.0, 5.375, 0.24972937501249373, 0.3014341639010991

[5.625 9.   ]
9.0, 5.625, 0.2497303279154705, 0.3014341613237913

[5.9375 8.5   ]
8.5, 5.9375, 0.24646179956734682, 0.3000923914805099

[6.0625 7.5   ]
7.5, 6.0625, 0.23929731056985826, 0.2972622769480024

[6.46875 6.25   ]
6.25, 6.46875, 0.22886693739781885, 0.2934037197010108

[7.03125 5.75   ]
5.75, 7.03125, 0.22410837749879609, 0.2917429199305463

[7.859375 4.125   ]
4.125, 7.859375, 0.2053140056013926, 0.28575841097682336

[8.390625 1.875   ]
1.875, 8.390625, 0.1632341995975817, 0.2754712668868458

[ 9.6171875 -1.4375   ]
-1.4375, 9.6171875, 15.224717133406052, 17.23040473164569

[ 9.78125 -0.25   ]
-0.25, 9.78125, 16.81835283204408, 25.06919986290912

[7.296875 4.625   ]
4.625, 7.296875, 0.21174849092163012, 0.28770630086716353

[8.953125 1.375   ]
1.375, 8.953125, 0.14838138487682942, 0.2728896893333366

[ 9.78125 -0.25   ]
-0.25, 9.78125, 16.81835283204408, 25.06919986290912

[ 9.484375 -0.875   ]
-0.875, 9.484375, 11.345621233986789, 13.210181005084294

[8.265625 2.875   ]
2.875, 8.265625, 0.1854449988519352, 0.2803747983313326

[9.078125 0.375   ]
0.375, 9.078125, 0.10205843343920573, 0.26993593112490116

[ 9.484375 -0.875   ]
-0.875, 9.484375, 11.345621233986789, 13.210181005084294

[ 9.640625 -0.125   ]
-0.125, 9.640625, 0.969779472276763, 1.836415669172152

[8.703125 1.375   ]
1.375, 8.703125, 0.14838117463191489, 0.2728894130959211

[8.828125 0.375   ]
0.375, 8.828125, 0.1020583570411841, 0.269935797066386

[ 8.765625 -0.125   ]
-0.125, 8.765625, 0.9697731680652777, 1.836402627046633

[ 9.203125 -0.625   ]
-0.625, 9.203125, 4.089050115671094, 5.087782343455807

[8.828125 0.875   ]
0.875, 8.828125, 0.1291490654299783, 0.27053254795634984

[ 9.078125 -0.125   ]
-0.125, 9.078125, 0.9697755588151691, 1.8364075730329164

[8.890625 0.625   ]
0.625, 8.890625, 0.11694218182721494, 0.2697694124032129

[8.640625 0.625   ]
0.625, 8.640625, 0.11694205463237742, 0.26976922526804803

[8.421875 0.75    ]
0.75, 8.421875, 0.1233228130481511, 0.2700849480208235

[8.703125 0.875   ]
0.875, 8.703125, 0.1291489837491082, 0.2705324348872432

[8.796875 0.5     ]
0.5, 8.796875, 0.10989779115527143, 0.26966823772837994

[8.546875 0.5     ]
0.5, 8.546875, 0.10989768384192407, 0.26966806979013286

[8.375  0.4375]
0.4375, 8.375, 0.10608613121573278, 0.26974144957868407

[8.703125 0.375   ]
0.375, 8.703125, 0.10205831720460679, 0.26993572716725506

[8.65625 0.5625 ]
0.5625, 8.65625, 0.11351058142063364, 0.2696845329277951

[8.6875 0.4375]
0.4375, 8.6875, 0.10608625363055829, 0.26974165050515747

[8.6640625 0.53125  ]
0.53125, 8.6640625, 0.11172788392526473, 0.2696666258211244

[8.4140625 0.53125  ]
0.53125, 8.4140625, 0.11172776712839112, 0.2696664464630806

[8.22265625 0.546875  ]
0.546875, 8.22265625, 0.11262481415589064, 0.2696729854824608

[8.53125 0.5625 ]
0.5625, 8.53125, 0.11351052084050996, 0.26968444140155984

[8.54296875 0.515625  ]
0.515625, 8.54296875, 0.11081882224764573, 0.26966470479795157

[8.29296875 0.515625  ]
0.515625, 8.29296875, 0.11081870521547196, 0.26966452344515185

[8.10742188 0.5078125 ]
0.5078125, 8.107421875, 0.11035958050000763, 0.26966539318466737

[8.421875 0.5     ]
0.5, 8.421875, 0.10989762780968486, 0.269667982107684

[8.41601562 0.5234375 ]
0.5234375, 8.416015625, 0.11127476545295152, 0.26966490352914896

[8.41992188 0.5078125 ]
0.5078125, 8.419921875, 0.110359730236227, 0.2696656263216597

[8.41699219 0.51953125]
0.51953125, 8.4169921875, 0.11104714206087649, 0.2696645999254378

[8.16699219 0.51953125]
0.51953125, 8.1669921875, 0.11104702065444869, 0.26966441223907844

[7.97900391 0.52148438]
0.521484375, 7.97900390625, 0.11116082957467027, 0.2696643752936653

[7.85498047 0.51757812]
0.517578125, 7.85498046875, 0.11093276487182126, 0.269664129492399

[7.57397461 0.51660156]
0.5166015625, 7.573974609375, 0.11087549051818966, 0.2696639009874212

[7.26000977 0.52246094]
0.5224609375, 7.260009765625, 0.11121729567419712, 0.269663819110481

[6.74353027 0.52587891]
0.52587890625, 6.7435302734375, 0.11141565620479146, 0.2696637240845738

[6.33850098 0.52099609]
0.52099609375, 6.3385009765625, 0.11113128758084995, 0.26966266721543536

[5.51824951 0.52075195]
0.520751953125, 5.51824951171875, 0.11111627352281776, 0.2696614467785577

[4.68780518 0.5300293 ]
0.530029296875, 4.68780517578125, 0.11165398609109864, 0.2696612178371633

[3.24472046 0.53674316]
0.5367431640625, 3.244720458984375, 0.11203806116280891, 0.2696584096274422

[2.0194397  0.53161621]
0.5316162109375, 2.019439697265625, 0.11173633796935037, 0.26964728624333506

[-0.34260559  0.53448486]
0.53448486328125, -0.3426055908203125, 0.11203607256244884, 0.26985923772321646

[-0.25408936  0.54760742]
0.547607421875, -0.25408935546875, 0.11284232407024238, 0.2699511755240955

[4.07516479 0.52746582]
0.5274658203125, 4.075164794921875, 0.11150446067557172, 0.2696590031555079

[1.18899536 0.54089355]
0.5408935546875, 1.188995361328125, 0.11225873569146905, 0.2696334187336271

[-0.25408936  0.54760742]
0.547607421875, -0.25408935546875, 0.11284232407024238, 0.2699511755240955

[-0.0362854  0.5357666]
0.5357666015625, -0.036285400390625, 0.1288650861307796, 0.3045433933913649

[2.42446899 0.53649902]
0.5364990234375, 2.424468994140625, 0.11202051957017381, 0.2696529874495971

[0.78396606 0.53601074]
0.5360107421875, 0.783966064453125, 0.11196480998689545, 0.2696110852747624

[-0.0362854  0.5357666]
0.5357666015625, -0.036285400390625, 0.1288650861307796, 0.3045433933913649

[-0.04647827  0.54528809]
0.5452880859375, -0.046478271484375, 0.11687755413729313, 0.2779250227658302

[1.50296021 0.53503418]
0.5350341796875, 1.502960205078125, 0.11192788656834984, 0.26963983002823877

[0.47000122 0.54187012]
0.5418701171875, 0.470001220703125, 0.11227557148792038, 0.2695756738204035

[-0.04647827  0.54528809]
0.5452880859375, -0.046478271484375, 0.11687755413729313, 0.2779250227658302

[0.06497192 0.5369873 ]
0.5369873046875, 0.064971923828125, 0.11177215245024778, 0.2692844691207833

[-0.49703979  0.53503418]
0.5350341796875, -0.497039794921875, 0.11202746618693175, 0.26979479041778276

[-0.24899292  0.54284668]
0.5428466796875, -0.248992919921875, 0.11257322250446626, 0.26995405153341945

[0.52572632 0.53771973]
0.5377197265625, 0.525726318359375, 0.1120442948128808, 0.2695837918166448

[0.00924683 0.5411377 ]
0.5411376953125, 0.009246826171875, 0.11187190969810279, 0.2693526343200242

[-0.39578247  0.53625488]
0.5362548828125, -0.395782470703125, 0.11212041833486502, 0.2698313381009303

[0.2535553  0.54046631]
0.54046630859375, 0.2535552978515625, 0.11214759369552764, 0.26950635516105875

[-0.17933655  0.53765869]
0.53765869140625, -0.1793365478515625, 0.1123639010174895, 0.2700994077294559

[0.14533234 0.5397644 ]
0.539764404296875, 0.14533233642578125, 0.11204512083556396, 0.2694206732093656

[-0.07111359  0.5383606 ]
0.538360595703125, -0.07111358642578125, 0.1133638291217482, 0.2718261634875998

[0.09122086 0.53941345]
0.5394134521484375, 0.09122085571289062, 0.11196059901808426, 0.26933960118814154

[0.14694595 0.53526306]
0.5352630615234375, 0.14694595336914062, 0.11178886567232794, 0.2694218319543372

[0.04367161 0.53966904]
0.5396690368652344, 0.043671607971191406, 0.11187022781408133, 0.2692375922834124

[0.01742268 0.53724289]
0.5372428894042969, 0.01742267608642578, 0.11165464077796868, 0.26925314069889583

[-0.00387764  0.53992462]
0.5399246215820312, -0.0038776397705078125, 0.1119636456807252, 0.2700343086783559

[0.04775953 0.53772163]
0.5377216339111328, 0.0477595329284668, 0.11177083093740992, 0.2692457750552609

[0.07400846 0.54014778]
0.5401477813720703, 0.07400846481323242, 0.11197168514872538, 0.2693047663278428

[0.03156912 0.53796911]
0.5379691123962402, 0.03156912326812744, 0.11173624103759455, 0.2692213431941782

[0.0274812  0.53991652]
0.5399165153503418, 0.02748119831085205, 0.1118345374917668, 0.26922189510617967

[0.01537871 0.53821659]
0.5382165908813477, 0.015378713607788086, 0.11170659511065412, 0.26926890409965987

[0.03659838 0.53930593]
0.5393059253692627, 0.036598384380340576, 0.11182821071778672, 0.26922591026715753

[0.02245194 0.5385797 ]
0.5385797023773193, 0.022451937198638916, 0.11174341970269022, 0.26923027950057316

[0.03306177 0.53912437]
0.5391243696212769, 0.03306177258491516, 0.11180682680935293, 0.26922228448517316

[0.02598855 0.53876126]
0.5387612581253052, 0.02598854899406433, 0.1117641122130777, 0.2692232074026406

[0.03129347 0.53903359]
0.5390335917472839, 0.031293466687202454, 0.11179609784238707, 0.2692213079176495

[0.03538139 0.53708619]
0.5370861887931824, 0.035381391644477844, 0.11169778218173557, 0.26922432332859647

[0.02945625 0.53920893]
0.5392089337110519, 0.0294562466442585, 0.11180033716721668, 0.2692210667925083

[0.02918059 0.54027341]
0.5402734130620956, 0.02918059006333351, 0.11186014092970167, 0.2692212077399203

[0.02734337 0.54044876]
0.5404487550258636, 0.027343370020389557, 0.11186443669844932, 0.2692220531936706

[0.03030594 0.53938738]
0.5393873825669289, 0.03030594252049923, 0.11181316963863981, 0.26922109596055954

[0.0305816 0.5383229]
0.5383229032158852, 0.030581599101424217, 0.11175332766655323, 0.269221057819341

[0.0312821  0.53734765]
0.5373476482927799, 0.03128210362046957, 0.11169986345289613, 0.2692211985220031

[0.0297319  0.53814445]
0.5381444543600082, 0.029731903225183487, 0.11174048251728264, 0.2692209703572996

[0.02944488 0.53752299]
0.5375229902565479, 0.029444883577525616, 0.1117041124391268, 0.2692209502539811

[0.03057024 0.53663696]
0.5366369597613811, 0.030570236034691334, 0.11165703564011951, 0.26922097184902627

[0.02943352 0.53583705]
0.5358370468020439, 0.029433520510792732, 0.11160775440420781, 0.26922089038961466

[0.02885948 0.53459412]
0.5345941185951233, 0.02885948121547699, 0.11153486171224469, 0.26922098027181784

[0.02830817 0.53672308]
0.5367230772972107, 0.028308168053627014, 0.11165488247272942, 0.2692212031872236

[0.03000472 0.53665849]
0.5366584891453385, 0.030004719039425254, 0.11165649125316529, 0.26922090143185073

[0.02999336 0.53497255]
0.5349725456908345, 0.02999335597269237, 0.11156006613648267, 0.26922087121645644

[0.03026759 0.53369732]
0.5336973234079778, 0.030267592170275748, 0.1114879309840932, 0.26922091233026463

[0.02942216 0.5341511 ]
0.5341511033475399, 0.02942215744405985, 0.11151126273614143, 0.269220887599685


------------------------------------------------------------
Sender: LSF System <lsfadmin@n-62-21-24>
Subject: Job 1708260: <minimize_batch_job_this_is_on_purpose_to_utilize_more_kernel> in cluster <dcc> Done

Job <minimize_batch_job_this_is_on_purpose_to_utilize_more_kernel> was submitted from host <gbarlogin2> by user <s174007> in cluster <dcc> at Thu Jan 10 17:20:28 2019
Job was executed on host(s) <n-62-21-24>, in queue <hpc>, as user <s174007> in cluster <dcc> at Thu Jan 10 17:20:29 2019
</zhome/b0/b/127184> was used as the home directory.
</zhome/b0/b/127184/Documents/Projects/machine-learning-on-materials> was used as the working directory.
Started at Thu Jan 10 17:20:29 2019
Terminated at Thu Jan 10 18:08:03 2019
Results reported at Thu Jan 10 18:08:03 2019

Your job looked like:

------------------------------------------------------------
# LSBATCH: User input
#!/bin/bash
##Kør på cpu
#BSUB -q hpc
##Navn på job
#BSUB -J minimize_batch_job_this_is_on_purpose_to_utilize_more_kernel
##Output fil
#BSUB -o output/minimize/linear_GP_deep_batchjobs-%J.out
##Antal kerner
#BSUB -n 1
##Om kernerne må være på forskellige computere
#BSUB -R "span[hosts=1]"
##Ram pr kerne
#BSUB -R "rusage[mem=10GB]"
##Hvor lang tid må den køre hh:mm
#BSUB -W 45:00
##Email når jobbet starter
##og stopper
module purge
module load python3
python3 KRR/minimizer.py linear 10 GP deep [5]
------------------------------------------------------------

Successfully completed.

Resource usage summary:

    CPU time :                                   2851.96 sec.
    Max Memory :                                 1489 MB
    Average Memory :                             1269.22 MB
    Total Requested Memory :                     10240.00 MB
    Delta Memory :                               8751.00 MB
    Max Swap :                                   -
    Max Processes :                              4
    Max Threads :                                5
    Run time :                                   2856 sec.
    Turnaround time :                            2855 sec.

The output (if any) is above this job summary.

