Unloaded module: latex/TeXLive12
Loaded module: python3/3.6.2
[-10000]
[-10000.0]
[-1.e+04  1.e-02]
0.01, -10000.0, 0.07674197519383404, 0.28225868824489825

[-1.05e+04  1.00e-02]
0.01, -10500.0, 0.07674197521076954, 0.2822586879077881

[-1.00e+04  1.05e-02]
0.0105, -10000.0, 0.07679880416692896, 0.28221922464761895

[-1.05e+04  1.05e-02]
0.0105, -10500.0, 0.07679880416954904, 0.28221922399960486

[-1.075e+04  1.075e-02]
0.01075, -10750.0, 0.07682792060815559, 0.28219978774425275

[-1.025e+04  1.125e-02]
0.011249999999999998, -10250.0, 0.07688752182535948, 0.28216148235217375

[-1.0125e+04  1.1875e-02]
0.011875, -10125.0, 0.07696451818299145, 0.28211464465070857

[-1.0875e+04  1.2125e-02]
0.012124999999999999, -10875.0, 0.07699607155295654, 0.2820962244344897

[-1.13125e+04  1.29375e-02]
0.012937499999999994, -11312.5, 0.07710149961952863, 0.2820375683865761

[-1.06875e+04  1.40625e-02]
0.014062499999999995, -10687.5, 0.07725443924531449, 0.28195926465205484

[-1.065625e+04  1.571875e-02]
0.015718749999999997, -10656.25, 0.07749331357150548, 0.28184973230764143

[-1.184375e+04  1.678125e-02]
0.01678124999999999, -11843.75, 0.07765453379714261, 0.28178281825034174

[-1.2703125e+04  1.9234375e-02]
0.019234374999999984, -12703.125, 0.07804834601804779, 0.28163745048361427

[-1.2046875e+04  2.2015625e-02]
0.022015624999999987, -12046.875, 0.07852720308411357, 0.2814864999373119

[-1.24140625e+04  2.65546875e-02]
0.026554687499999986, -12414.0625, 0.0793703343480101, 0.28126734438978684

[-1.44609375e+04  3.00703125e-02]
0.030070312499999974, -14460.9375, 0.08006630541532764, 0.28111748724885194

[-1.63632812e+04  3.72460937e-02]
0.03724609374999996, -16363.28125, 0.08157454680643675, 0.28085607746685426

[-1.60742188e+04  4.45664062e-02]
0.044566406249999954, -16074.21875, 0.08319922222617418, 0.2806397335536967

[-1.77597656e+04  5.72324219e-02]
0.05723242187499994, -17759.765625, 0.0861272265740358, 0.2803576955089215

[-2.17089844e+04  6.79238281e-02]
0.06792382812499992, -21708.984375, 0.08864997974910034, 0.28018991130891313

[-2.63564453e+04  8.86083984e-02]
0.08860839843749989, -26356.4453125, 0.09352526594990708, 0.27999849070764293

[-2.77529297e+04  1.08594727e-01]
0.10859472656249988, -27752.9296875, 0.09812586275863192, 0.27993535560647764

[-3.34477539e+04  1.44269043e-01]
0.14426904296874984, -33447.75390625, 0.10591900884022007, 0.28002300475274444

[-3.63496094e+04  1.39970703e-01]
0.13997070312499982, -36349.609375, 0.10501088138279747, 0.2800018200436767

[-3.17021484e+04  1.19286133e-01]
0.11928613281249986, -31702.1484375, 0.10052156482626866, 0.27993856031826864

[-3.30986328e+04  1.39272461e-01]
0.13927246093749984, -33098.6328125, 0.10486255192489656, 0.2799986180311179

[-2.80419922e+04  1.01274414e-01]
0.10127441406249987, -28041.9921875, 0.09645796837891718, 0.27994704826877354

[-3.14130859e+04  1.26606445e-01]
0.12660644531249987, -31413.0859375, 0.10213273424895453, 0.2799530455190588

[-2.88847656e+04  1.07607422e-01]
0.10760742187499987, -28884.765625, 0.09790217412935376, 0.2799362356420057

[-2.49355469e+04  9.69160156e-02]
0.09691601562499988, -24935.546875, 0.09545508390538872, 0.27996000630896106

[-3.00104980e+04  1.13693604e-01]
0.11369360351562487, -30010.498046875, 0.09927456767725802, 0.2799340610790971

[-2.88786621e+04  1.14680908e-01]
0.11468090820312489, -28878.662109375, 0.09949570770130114, 0.27993441837000355

[-3.11362305e+04  1.19779785e-01]
0.11977978515624987, -31136.23046875, 0.10063097369860464, 0.2799392399526505

[-2.85987549e+04  1.11390991e-01]
0.11139099121093737, -28598.7548828125, 0.09875718859071066, 0.2799339835164997

[-2.97305908e+04  1.10403687e-01]
0.11040368652343734, -29730.5908203125, 0.0985346561228761, 0.27993428143939797

[-2.95176086e+04  1.11472992e-01]
0.11147299194335922, -29517.608642578125, 0.09877565246059786, 0.2799339679467491

[-2.81058655e+04  1.09170380e-01]
0.10917037963867172, -28105.865478515625, 0.09825609884212463, 0.2799349387141933

[-2.95343399e+04  1.12562798e-01]
0.11256279754638658, -29534.339904785156, 0.09902076845112735, 0.2799338892169632

