Unloaded module: latex/TeXLive12
Loaded module: python3/3.6.2
[-10000]
[-10000.0]
[-10000.     10.]
10.0, -10000.0, 0.3609815830345693, 0.3700453982188626

[-1.05e+04  1.00e+01]
10.0, -10500.0, 0.3609815828677176, 0.3700453985038054

[-10000.      10.5]
10.5, -10000.0, 0.3641802290195114, 0.37219474893817456

[-1.05e+04  9.50e+00]
9.5, -10500.0, 0.3576212798149192, 0.3678138682927443

[-1.075e+04  9.000e+00]
9.0, -10750.0, 0.3540815937286862, 0.36549290222739167

[-1.025e+04  9.000e+00]
9.0, -10250.0, 0.35408159387174293, 0.3654929019581422

[-1.0125e+04  8.5000e+00]
8.5, -10125.0, 0.35034163249195194, 0.36307410391736333

[-1.0875e+04  7.5000e+00]
7.5, -10875.0, 0.3421564969219156, 0.3579021390796636

[-1.13125e+04  6.25000e+00]
6.25, -11312.5, 0.33023187009629207, 0.3506706776741451

[-1.06875e+04  5.75000e+00]
5.75, -10687.5, 0.3247724359626029, 0.34748105997501944

[-1.065625e+04  4.125000e+00]
4.125, -10656.25, 0.3029487749043261, 0.33549298368295205

[-1.184375e+04  1.875000e+00]
1.875, -11843.75, 0.2506442262870915, 0.31168992386817285

[-1.2703125e+04 -1.4375000e+00]
-1.4375, -12703.125, 9.300097598549408, 8.595352053582145

[-1.11875e+04 -2.50000e-01]
-0.25, -11187.5, 4.948727024284456, 5.096500933601561

[-1.128125e+04  4.625000e+00]
4.625, -11281.25, 0.31048297863401586, 0.33949396680354044

[-1.121875e+04  1.375000e+00]
1.375, -11218.75, 0.2301780330629914, 0.30425985390572724

[-1.11875e+04 -2.50000e-01]
-0.25, -11187.5, 4.948727024284456, 5.096500933601561

[-1.240625e+04 -8.750000e-01]
-0.875, -12406.25, 102.59526790161155, 100.18635028183128

[-1.109375e+04  2.875000e+00]
2.875, -11093.75, 0.27905293593430547, 0.3237587229472018

[-1.196875e+04  3.750000e-01]
0.375, -11968.75, 0.15212694567508006, 0.28541141582109386

[-1.240625e+04 -8.750000e-01]
-0.875, -12406.25, 102.59526790161155, 100.18635028183128

[-1.134375e+04 -1.250000e-01]
-0.125, -11343.75, 11.372457828075474, 12.103118544744106

[-1.171875e+04  1.375000e+00]
1.375, -11718.75, 0.23017803304095388, 0.3042598540300027

[-1.146875e+04  3.750000e-01]
0.375, -11468.75, 0.15212694568384483, 0.28541141576070866

[-1.134375e+04 -1.250000e-01]
-0.125, -11343.75, 11.372457828075474, 12.103118544744106

[-1.221875e+04 -6.250000e-01]
-0.625, -12218.75, 7.722747373903552, 8.36574125762737

[-1.146875e+04  8.750000e-01]
0.875, -11468.75, 0.2011396955261767, 0.2955237898874135

[-1.196875e+04 -1.250000e-01]
-0.125, -11968.75, 11.372461522592129, 12.103122309712624

[-1.159375e+04  6.250000e-01]
0.625, -11593.75, 0.18060443875957952, 0.2905986807830952

[-1.184375e+04  1.250000e-01]
0.125, -11843.75, 0.10643420761418251, 0.28085983747029863

[-1.196875e+04 -1.250000e-01]
-0.125, -11968.75, 11.372461522592129, 12.103122309712624

[-1.134375e+04  1.250000e-01]
0.125, -11343.75, 0.1064342076128611, 0.280859837475506

[-1.171875e+04 -1.250000e-01]
-0.125, -11718.75, 11.372457632752287, 12.103118345433176

[-1.153125e+04  2.500000e-01]
0.25, -11531.25, 0.1325284810435378, 0.2828975514774289

[-11656.25      0.  ]
Traceback (most recent call last):
  File "KRR/minimizer.py", line 124, in <module>
    minimize(func,Args,method='Nelder-Mead', tol=1e-3)
  File "/zhome/b0/b/127184/.local/lib/python3.6/site-packages/scipy/optimize/_minimize.py", line 591, in minimize
    return _minimize_neldermead(fun, x0, args, callback, **options)
  File "/zhome/b0/b/127184/.local/lib/python3.6/site-packages/scipy/optimize/optimize.py", line 568, in _minimize_neldermead
    fxr = func(xr)
  File "/zhome/b0/b/127184/.local/lib/python3.6/site-packages/scipy/optimize/optimize.py", line 293, in function_wrapper
    return function(*(wrapper_args + args))
  File "KRR/minimizer.py", line 78, in func
    KRR.fit(X,Y, "error")
  File "/zhome/b0/b/127184/Documents/Projects/machine-learning-on-materials/KRR/KRR_class.py", line 108, in fit
    weight=np.linalg.inv(np.matrix(K+self.lambd*I))
  File "/zhome/b0/b/127184/.local/lib/python3.6/site-packages/numpy/linalg/linalg.py", line 532, in inv
    ainv = _umath_linalg.inv(a, signature=signature, extobj=extobj)
  File "/zhome/b0/b/127184/.local/lib/python3.6/site-packages/numpy/linalg/linalg.py", line 89, in _raise_linalgerror_singular
    raise LinAlgError("Singular matrix")
numpy.linalg.linalg.LinAlgError: Singular matrix

------------------------------------------------------------
Sender: LSF System <lsfadmin@n-62-21-14>
Subject: Job 1708303: <minimize_batch_job_this_is_on_purpose_to_utilize_more_kernel> in cluster <dcc> Exited

Job <minimize_batch_job_this_is_on_purpose_to_utilize_more_kernel> was submitted from host <gbarlogin2> by user <s174007> in cluster <dcc> at Thu Jan 10 17:20:33 2019
Job was executed on host(s) <n-62-21-14>, in queue <hpc>, as user <s174007> in cluster <dcc> at Thu Jan 10 17:20:34 2019
</zhome/b0/b/127184> was used as the home directory.
</zhome/b0/b/127184/Documents/Projects/machine-learning-on-materials> was used as the working directory.
Started at Thu Jan 10 17:20:34 2019
Terminated at Thu Jan 10 18:29:19 2019
Results reported at Thu Jan 10 18:29:19 2019

Your job looked like:

------------------------------------------------------------
# LSBATCH: User input
#!/bin/bash
##Kør på cpu
#BSUB -q hpc
##Navn på job
#BSUB -J minimize_batch_job_this_is_on_purpose_to_utilize_more_kernel
##Output fil
#BSUB -o output/minimize/linear_SimpleLarge_default_batchjobs-%J.out
##Antal kerner
#BSUB -n 1
##Om kernerne må være på forskellige computere
#BSUB -R "span[hosts=1]"
##Ram pr kerne
#BSUB -R "rusage[mem=10GB]"
##Hvor lang tid må den køre hh:mm
#BSUB -W 45:00
##Email når jobbet starter
##og stopper
module purge
module load python3
python3 KRR/minimizer.py linear 10 SimpleLarge default [-10000]
------------------------------------------------------------

Exited with exit code 1.

Resource usage summary:

    CPU time :                                   4123.12 sec.
    Max Memory :                                 6734 MB
    Average Memory :                             6485.86 MB
    Total Requested Memory :                     10240.00 MB
    Delta Memory :                               3506.00 MB
    Max Swap :                                   -
    Max Processes :                              4
    Max Threads :                                5
    Run time :                                   4155 sec.
    Turnaround time :                            4126 sec.

The output (if any) is above this job summary.

