Unloaded module: latex/TeXLive12
Loaded module: python3/3.6.2
[100]
[100.0]
[1.e+02 1.e-06]
1e-06, 100.0, 0.07608826873727052, 0.30841994582746857

[1.05e+02 1.00e-06]
1e-06, 105.0, 0.0760882687298069, 0.3084199785218502

[1.00e+02 1.05e-06]
1.05e-06, 100.0, 0.07608826982530868, 0.3083930039027328

[9.50e+01 1.05e-06]
1.05e-06, 95.0, 0.07608826985284098, 0.30839306532436306

[9.5e+01 1.1e-06]
1.0999999999999998e-06, 95.0, 0.07608827094915324, 0.30836614361817744

[9.25e+01 1.15e-06]
1.1499999999999996e-06, 92.5, 0.07608827216033096, 0.3083392647303489

[9.75e+01 1.15e-06]
1.1499999999999994e-06, 97.5, 0.07608827216039202, 0.30833932728242086

[9.00e+01 1.25e-06]
1.2499999999999993e-06, 90.0, 0.0760882746914286, 0.3082860255201644

[8.50e+01 1.35e-06]
1.349999999999999e-06, 85.0, 0.07608827741201833, 0.30823300662903713

[8.00e+01 1.35e-06]
1.3499999999999991e-06, 80.0, 0.07608827741093682, 0.30823300378270196

[7.125e+01 1.450e-06]
1.4499999999999992e-06, 71.25, 0.07608828032125027, 0.30818031761746817

[6.375e+01 1.650e-06]
1.6499999999999986e-06, 63.75, 0.07608828672682351, 0.30807579368039456

[4.9375e+01 1.9000e-06]
1.899999999999998e-06, 49.375, 0.07608829576084176, 0.30794679568376665

[3.5625e+01 2.0000e-06]
1.9999999999999982e-06, 35.625, 0.0760882996929722, 0.30789569254132604

[1.09375e+01 2.32500e-06]
2.324999999999998e-06, 10.9375, 0.07608831366679847, 0.30773135378883343

[-1.09375e+01  2.77500e-06]
2.7749999999999967e-06, -10.9375, 0.07608833595299362, 0.30751011100377934

[-5.203125e+01  3.437500e-06]
3.4374999999999955e-06, -52.03125, 0.0760883745982937, 0.30719267715153986

[-9.046875e+01  3.862500e-06]
3.862499999999996e-06, -90.46875, 0.07608840281881686, 0.30699527142167093

[-1.60390625e+02  4.84375000e-06]
4.843749999999994e-06, -160.390625, 0.07608847734430962, 0.30655667881222953

[-2.23359375e+02  5.95625000e-06]
5.9562499999999915e-06, -223.359375, 0.07608857598459323, 0.30608667870251693

[-3.40507812e+02  7.77187500e-06]
7.771874999999989e-06, -340.5078125, 0.07608876434345854, 0.30537612207350917

[-4.48867188e+02  9.17812500e-06]
9.178124999999988e-06, -448.8671875, 0.0760889294501306, 0.30486923863156445

[-6.47285156e+02  1.20484375e-05]
1.2048437499999984e-05, -647.28515625, 0.07608930583952088, 0.3039374697690887

[-8.27402344e+02  1.49765625e-05]
1.497656249999998e-05, -827.40234375, 0.07608972831709714, 0.3031085003838218

[-1.16090820e+03  2.00429687e-05]
2.0042968749999973e-05, -1160.908203125, 0.07609050989903524, 0.3019059562864425

[-1.46768555e+03  2.43195312e-05]
2.4319531249999966e-05, -1467.685546875, 0.07609118934833448, 0.30107089352965366

[-2.03127441e+03  3.25933594e-05]
3.259335937499995e-05, -2031.2744140625, 0.07609249000618569, 0.29979604429007967

[-2.54489746e+03  4.05878906e-05]
4.058789062499994e-05, -2544.8974609375, 0.07609368299988135, 0.2988683475399146

[-3.49370361e+03  5.48576172e-05]
5.485761718749991e-05, -3493.70361328125, 0.07609560004947882, 0.29768560085872825

[-4.36406982e+03  6.74080078e-05]
6.740800781249989e-05, -4364.06982421875, 0.07609706089277322, 0.2969617827355164

[-5.96565063e+03  9.10905273e-05]
9.109052734374985e-05, -5965.650634765625, 0.07609933368412435, 0.2960501966139814

[-7.42807983e+03  1.13354785e-04]
0.00011335478515624983, -7428.079833984375, 0.0761010282969902, 0.2954991028072162

[-1.01264825e+04  1.53735498e-04]
0.00015373549804687477, -10126.482543945312, 0.07610337469272173, 0.2948740222345212

[-1.25984296e+04  1.89968408e-04]
0.00018996840820312473, -12598.429565429688, 0.07610496843485695, 0.2945233186756509

[-1.71507925e+04  2.57523804e-04]
0.00025752380371093717, -17150.792541503906, 0.07610722391974087, 0.29411081122676436

[-2.13116245e+04  3.20168774e-04]
0.0003201687744140621, -21311.624450683594, 0.076108867541328, 0.29386356862153346

[-2.89846114e+04  4.34707898e-04]
0.0004347078979492182, -28984.611358642578, 0.0761114024255039, 0.2935568122686083

[-3.60089214e+04  5.38496204e-04]
0.0005384962036132805, -36008.92135620117, 0.07611353107717111, 0.29335524672191254

[-4.89501408e+04  7.30876556e-04]
0.0007308765563964835, -48950.1407623291, 0.07611757672295841, 0.29306628229517795

[-6.07839596e+04  9.08060651e-04]
0.0009080606506347644, -60783.95957946777, 0.07612167303544208, 0.29284858663228425

[-8.26005431e+04  1.23332907e-03]
0.001233329074096678, -82600.5430984497, 0.07613040406585739, 0.2925081351343966

[-1.02566073e+05  1.52949773e-03]
0.0015294977325439431, -102566.07250213623, 0.07613978100451989, 0.2922366855894787

[-1.39356803e+05  2.07689265e-03]
0.0020768926498413057, -139356.80307388306, 0.07616054188663633, 0.29179200335734523

[-1.73007205e+05  2.57934517e-03]
0.0025793451675415, -173007.20541000366, 0.07618319777134473, 0.2914275936211599

[-2.35035738e+05  3.50357947e-03]
0.003503579473114008, -235035.73773384094, 0.0762327747307035, 0.2908313214809471

[-2.91791998e+05  4.34714305e-03]
0.004347143048858635, -291791.9977092743, 0.07628577863957485, 0.2903474681503768

[-3.96387725e+05  5.90405004e-03]
0.005904050036239614, -396387.7250146866, 0.07639970389870372, 0.2895609402989127

[-4.92066660e+05  7.33073686e-03]
0.007330736859512316, -492066.65967464447, 0.07651920161355696, 0.288929002493891

[-6.68421588e+05  9.95765896e-03]
0.009957658964347822, -668421.5879750252, 0.0767685428614412, 0.28792075152920277

[-8.29773575e+05  1.23581295e-02]
0.012358129527473427, -829773.5752558708, 0.07702196552541035, 0.28712665187416875

[-1.12714249e+06  1.67854046e-02]
0.016785404554653136, -1127142.4940168858, 0.07753481097002912, 0.28588103464193104

[-1.39917636e+06  2.08390135e-02]
0.020839013482761345, -1399176.3569772243, 0.0780404428850859, 0.2849166766091674

[-1.90057067e+06  2.83064952e-02]
0.028306495206022207, -1900570.6729584932, 0.07902740854068749, 0.28343652367808536

[-2.35929158e+06  3.51342408e-02]
0.03513424079632753, -2359291.579000354, 0.0799663874016344, 0.28231697461074334

[-3.20472657e+06  4.77225317e-02]
0.04772253171231738, -3204726.574513018, 0.08173650916257445, 0.28063911974356637

[-3.97815475e+06  5.92436224e-02]
0.05924362236368645, -3978154.7534546256, 0.08336548888119642, 0.2794043266926144

[-5.40366088e+06  8.04727313e-02]
0.08047273126820312, -5403660.8831734955, 0.08632921189534845, 0.2776169052406875

[-6.70781678e+06  9.98887678e-02]
0.09988876777449829, -6707816.78472802, 0.0889645720039373, 0.2763558405217777

[-9.11143984e+06  1.35679904e-01]
0.1356799040587363, -9111439.840612784, 0.09359844237577422, 0.2746277565524982

[-1.13103741e+07  1.68430104e-01]
0.16843010361462205, -11310374.149273261, 0.09758340056090259, 0.2734961841124148

[-1.53631979e+07  2.28783890e-01]
0.2287838895657744, -15363197.936653383, 0.10434495869714422, 0.2721107360646472

[-1.90709769e+07  2.83991062e-01]
0.28399106235630756, -19070976.89409267, 0.10995654234612429, 0.27135369129563947

[-2.59046349e+07  3.85750228e-01]
0.3857502279003598, -25904634.899552256, 0.11913977908736047, 0.2707087242705972

[-3.21563930e+07  4.78854213e-01]
0.47885421340739787, -32156392.995592855, 0.12649557942290354, 0.2706272295190969

[-4.36788696e+07  6.50441368e-01]
0.6504413680817287, -43678869.573082894, 0.13811095359206263, 0.27114282591998173

[-4.26978300e+07  6.35820552e-01]
0.6358205517419833, -42697829.95849173, 0.13720226418870152, 0.27107692714301296

[-3.58641720e+07  5.34061386e-01]
0.5340613861979311, -35864171.953032136, 0.13047665681970164, 0.27072138778490273

[-2.21968559e+07  3.30543055e-01]
0.3305430551098265, -22196855.942112975, 0.11432640590709146, 0.27096365800518596

[-3.24473430e+07  4.83181803e-01]
0.48318180342590494, -32447342.950302348, 0.12681709309519107, 0.2706314308819146

[-3.86991010e+07  5.76285789e-01]
0.5762857889329431, -38699101.04634295, 0.1333570426019491, 0.27084457439442766

[-2.91032514e+07  4.33384118e-01]
0.43338411815850564, -29103251.436249927, 0.12301227004848748, 0.2706224006180394

[-2.88123015e+07  4.29056528e-01]
0.42905652813999856, -28812301.481540434, 0.12267030679352668, 0.27062599238301294

[-2.57591599e+07  3.83586433e-01]
0.3835864328911063, -25759159.922197506, 0.1189580384871896, 0.27071526678477026

[-3.05570847e+07  4.55037268e-01]
0.45503726827832497, -30557084.72724402, 0.12469557536122741, 0.27061547174144174

[-3.08480347e+07  4.59364858e-01]
0.4593648582968321, -30848034.681953512, 0.12502654025973442, 0.27061607837374657

[-3.23018680e+07  4.81018008e-01]
0.48101800841665143, -32301867.972947605, 0.12665656521086682, 0.27062923631356983

[-2.99029056e+07  4.45292591e-01]
0.44529259072304206, -29902905.570424348, 0.12394369029076036, 0.2706162630916184

[-3.15022138e+07  4.69109536e-01]
0.469109535852115, -31502213.838773184, 0.12576542172626345, 0.2706200538452099

[-3.03027326e+07  4.51246827e-01]
0.45124682700531027, -30302732.63751156, 0.1244041820515834, 0.2706152860460409

[-3.00117827e+07  4.46919237e-01]
0.4469192369868032, -30011782.682802066, 0.1240698348116523, 0.27061590517638606

[-3.02208457e+07  4.50030642e-01]
0.45003064231431034, -30220845.68258993, 0.12431042144446593, 0.27061537344722897

[-2.99664936e+07  4.46240201e-01]
0.44624020104129564, -29966493.592857465, 0.12401721401870812, 0.2706160842322223

[-3.04094369e+07  4.52838001e-01]
0.4528380014690676, -30409436.94364738, 0.1245266845009113, 0.2706152532614114

[-3.04913239e+07  4.54054186e-01]
0.45405418616006754, -30491323.898569006, 0.12462011897627129, 0.27061530889872176

[-3.04237043e+07  4.53048300e-01]
0.4530483001986282, -30423704.344574235, 0.12454283000525859, 0.27061531048437926

[-3.03560848e+07  4.52042414e-01]
0.45204241423718894, -30356084.790579468, 0.12446546026946048, 0.2706153397554816

[-3.03151413e+07  4.51434322e-01]
0.45143432189168897, -30315141.313118655, 0.12441860578628788, 0.2706153561148699

[-3.04503804e+07  4.53446094e-01]
0.4534460938145676, -30450380.421108197, 0.12457340058116034, 0.27061532509790487

[-3.05037326e+07  4.54241681e-01]
0.45424168104644624, -30503732.57417611, 0.1246345289497473, 0.2706152950390345

[-3.04627891e+07  4.53633589e-01]
0.4536335887009463, -30462789.09671529, 0.1245877888493973, 0.27061530250066773

[-3.04596869e+07  4.53586715e-01]
0.4535867149793516, -30459686.927813515, 0.12458422337492633, 0.27061529231222886

[-3.03653913e+07  4.52183035e-01]
0.4521830354019729, -30365391.29728479, 0.12447628718369778, 0.2706153032095854

[-3.04691473e+07  4.53727020e-01]
0.4537270196353279, -30469147.25495328, 0.12459498410489583, 0.2706152656061316

[-3.04188973e+07  4.52978306e-01]
0.4529783061250439, -30418897.27078715, 0.12453747615090432, 0.27061525155337696

[-3.03985024e+07  4.52674102e-01]
0.45267410169789, -30398502.442273974, 0.12451406174286006, 0.2706152406629814

[-3.03387921e+07  4.51785084e-01]
0.4517850835316297, -30338792.13096808, 0.12444565700504372, 0.27061526947983217

[-3.04365585e+07  4.53241536e-01]
0.4532415356094034, -30436558.47395698, 0.12455769191347459, 0.27061530804465855

[-3.04039697e+07  4.52756052e-01]
0.4527560515834788, -30403969.69296068, 0.12452036286065288, 0.27061524351606336

[-3.04338248e+07  4.53200561e-01]
0.45320056066660896, -30433824.848613627, 0.12455453549046194, 0.2706152617991105

[-3.03686473e+07  4.52229593e-01]
0.4522295926147599, -30368647.286621027, 0.12447985917658884, 0.2706152914564125

[-3.04175305e+07  4.52957819e-01]
0.4529578186536467, -30417530.458115477, 0.1245358911449431, 0.2706152463971429

[-3.03849417e+07  4.52472335e-01]
0.4524723346277222, -30384941.677119177, 0.12449852721073562, 0.2706152055309402

[-3.03686473e+07  4.52229593e-01]
0.4522295926147599, -30368647.286621027, 0.12447985917658884, 0.2706152914564125

[-3.03794744e+07  4.52390385e-01]
0.4523903847421334, -30379474.426432475, 0.12449223093147262, 0.2706153457952295

[-3.03978459e+07  4.52664635e-01]
0.45266463487314246, -30397845.87632863, 0.12451334868617886, 0.2706153558343323

[-3.03917221e+07  4.52573218e-01]
0.4525732181628061, -30391722.059696577, 0.12450629470220477, 0.2706152668115743

[-3.03944557e+07  4.52614193e-01]
0.45261419310560047, -30394455.68503993, 0.12450942572493953, 0.2706153173389363

[-3.03822081e+07  4.52431360e-01]
0.45243135968492787, -30382208.05177582, 0.12449537322963282, 0.27061536571074674

[-3.03913938e+07  4.52568485e-01]
0.4525684847504323, -30391393.776723903, 0.12450595013543712, 0.27061523091575157

[-3.03846134e+07  4.52467601e-01]
0.4524676012153484, -30384613.394146502, 0.1244981727979419, 0.2706152427298181

[-3.03863906e+07  4.52494005e-01]
0.45249400545221286, -30386390.56053402, 0.12450020181663972, 0.2706153065816804

[-3.03881677e+07  4.52520410e-01]
0.45252040968907725, -30388167.72692154, 0.1245022541966049, 0.2706152555515565

[-3.03883319e+07  4.52522776e-01]
0.45252277639526417, -30388331.868407875, 0.12450241578471839, 0.2706152609457422

[-3.03847775e+07  4.52469968e-01]
0.45246996792153527, -30384777.53563284, 0.12449838035165994, 0.2706153185472166

[-3.03874433e+07  4.52509574e-01]
0.4525095742768319, -30387443.28521412, 0.12450140270604056, 0.2706152403182449

[-3.03842172e+07  4.52461499e-01]
0.45246149921547685, -30384217.235411752, 0.12449768580750586, 0.2706152680738874

[-3.03871801e+07  4.52505682e-01]
0.45250568207067715, -30387180.104044095, 0.12450109388841522, 0.27061529148590574

[-3.03861925e+07  4.52490954e-01]
0.45249095445227705, -30386192.481166646, 0.12449998473835015, 0.2706152173924608

[-3.03865547e+07  4.52496372e-01]
0.4524963721583997, -30386554.70202036, 0.12450041175386913, 0.2706152423486842

[-3.03845795e+07  4.52466917e-01]
0.4524669169215995, -30384579.45626547, 0.12449812021196263, 0.2706152655494737

[-3.03860609e+07  4.52489008e-01]
0.4524890083491997, -30386060.890581638, 0.12449983355947442, 0.2706152387538906

[-3.03850733e+07  4.52474281e-01]
0.45247428073079954, -30385073.26770419, 0.12449869241100887, 0.2706152585222002

[-3.03858140e+07  4.52485326e-01]
0.45248532644459966, -30385813.984862275, 0.1244995416406541, 0.27061526164474525

[-3.03855671e+07  4.52481645e-01]
0.4524816445399996, -30385567.079142913, 0.12449924288028015, 0.2706153187299217

[-3.03855013e+07  4.52480671e-01]
0.45248067148846094, -30385501.28385041, 0.12449918792284866, 0.2706152170658079

[-3.03848759e+07  4.52471362e-01]
0.4524713615761835, -30384875.88182667, 0.12449848828297772, 0.27061519537848405

[-3.03845303e+07  4.52466220e-01]
0.4524662200942755, -30384530.283168554, 0.12449808014571005, 0.2706152848512439

[-3.03843163e+07  4.52463025e-01]
0.45246302471544475, -30384316.27509544, 0.12449782642635969, 0.2706152889521884

[-3.0385205e+07  4.5247626e-01]
0.4524762597952069, -30385205.031661667, 0.12449883594884494, 0.2706152840664019

[-3.03849088e+07  4.52471848e-01]
0.45247184810195284, -30384908.779472925, 0.1244985005825079, 0.27061521438906544

[-3.03851886e+07  4.52476017e-01]
0.4524760165323222, -30385188.58283854, 0.12449883619477296, 0.27061520100496766

[-3.03851557e+07  4.52475530e-01]
0.45247553000655294, -30385155.68519228, 0.12449880041299974, 0.27061534875210846

[-3.03849705e+07  4.52472769e-01]
0.45247276857810287, -30384970.505902763, 0.1244985762051383, 0.27061532437927044

[-3.03850322e+07  4.52473689e-01]
0.4524736890542529, -30385032.232332602, 0.12449865220576486, 0.2706153114109886

[-3.03848923e+07  4.52471605e-01]
0.4524716048390682, -30384892.330649797, 0.1244984708883806, 0.27061520455323007

[-3.03847360e+07  4.52469277e-01]
0.45246927736099884, -30384735.98014386, 0.12449828238910003, 0.2706152537573509

[-3.0384810e+07  4.5247038e-01]
0.4524703802843123, -30384810.043191046, 0.12449838786692265, 0.270615235243336

[-3.03849582e+07  4.52472586e-01]
0.45247258613093944, -30384958.169285417, 0.12449854839604665, 0.2706151933194303

[-3.03850322e+07  4.52473689e-01]
0.4524736890542529, -30385032.232332602, 0.12449865220576486, 0.2706153114109886

[-3.03849417e+07  4.52472343e-01]
0.45247234286805477, -30384941.72046229, 0.12449854424980772, 0.2706152679115744

[-3.03849047e+07  4.52471789e-01]
0.4524717893463148, -30384904.678102918, 0.1244985099023937, 0.2706152006705171

[-3.03849294e+07  4.52472158e-01]
0.4524721583608081, -30384929.373009168, 0.12449853959790928, 0.2706153188020704

[-3.03849109e+07  4.52471882e-01]
0.4524718815999381, -30384910.85182948, 0.12449850131388414, 0.2706152906464929

[-3.03849170e+07  4.52471974e-01]
0.45247197385356147, -30384917.025556043, 0.12449852233271314, 0.2706152572299957

[-3.03849314e+07  4.52472188e-01]
0.45247218773862713, -30384931.423694167, 0.12449851280186938, 0.270615198798652

[-3.03849726e+07  4.52472800e-01]
0.45247280001600515, -30384972.567423537, 0.12449858304110076, 0.2706152526293188

[-3.03849587e+07  4.52472593e-01]
0.45247259347539426, -30384958.681956664, 0.1244985717227594, 0.270615211403566

[-3.03849309e+07  4.52472180e-01]
0.45247218039417236, -30384930.911022916, 0.12449853129367139, 0.27061523839645224

[-3.03849517e+07  4.52472490e-01]
0.4524724902050888, -30384951.739223227, 0.12449856342308688, 0.27061521036816577

[-3.03849379e+07  4.52472284e-01]
0.45247228366447784, -30384937.853756353, 0.12449854972475877, 0.2706153831386171

[-3.03849483e+07  4.52472439e-01]
0.452472438569936, -30384948.26785651, 0.12449853288043151, 0.27061525267076786

[-3.03849448e+07  4.52472387e-01]
0.4524723869347833, -30384944.79648979, 0.12449855111349237, 0.27061522103360836

[-3.03849550e+07  4.52472538e-01]
0.45247253816801414, -30384954.95425432, 0.12449854148037184, 0.27061534954454136

[-3.03849480e+07  4.52472435e-01]
0.4524724348977086, -30384948.011520885, 0.12449854477126247, 0.27061530294755765

[-3.03849497e+07  4.52472461e-01]
0.452472460715285, -30384949.747204248, 0.12449855383126801, 0.2706152363351041

[-3.03849532e+07  4.52472512e-01]
0.45247251235043773, -30384953.21857096, 0.12449857525365288, 0.27061520975523023

[-3.03849666e+07  4.52472712e-01]
0.45247271154659385, -30384966.59136659, 0.12449857751899428, 0.2706152838490928

[-3.03849502e+07  4.52472468e-01]
0.45247246808773595, -30384950.24520899, 0.12449857690801505, 0.2706151924226312

[-3.03849552e+07  4.52472542e-01]
0.4524725418682377, -30384955.19592345, 0.12449855170806755, 0.2706152499244907

[-3.03849537e+07  4.52472520e-01]
0.4524725197298877, -30384953.71290908, 0.12449854878812412, 0.27061527639799604

[-3.03849542e+07  4.52472527e-01]
0.4524725271093377, -30384954.207247205, 0.12449855061655125, 0.27061517870714463

[-3.03849517e+07  4.52472490e-01]
0.45247249021908686, -30384951.731889974, 0.12449855539687436, 0.2706152843213059

[-3.03849527e+07  4.52472505e-01]
0.45247250497798674, -30384952.720566217, 0.12449854263219681, 0.27061526625525123

[-3.03849525e+07  4.52472501e-01]
0.4524725012882618, -30384952.473397158, 0.1244985497684966, 0.27061526119051266

[-3.03849520e+07  4.52472494e-01]
0.45247249390881183, -30384951.979059033, 0.12449856296431348, 0.2706152281690453

[-3.03849521e+07  4.52472496e-01]
0.4524724957536743, -30384952.102643568, 0.12449855047526666, 0.2706152803082807

[-3.03849522e+07  4.52472498e-01]
0.4524724975985368, -30384952.226228096, 0.12449854426165821, 0.2706152719208574

[-3.03849533e+07  4.52472514e-01]
0.45247251419879975, -30384953.34032218, 0.12449854185668115, 0.27061528843708094

[-3.03849531e+07  4.52472511e-01]
0.4524725105090748, -30384953.09315312, 0.12449854899063846, 0.2706152412238541

[-3.03849551e+07  4.52472540e-01]
0.4524725400198757, -30384955.07417223, 0.12449854615358003, 0.2706153281069817

[-3.03849529e+07  4.52472508e-01]
0.4524725082038715, -30384952.93821413, 0.12449853570710939, 0.27061527541833813

[-3.03849537e+07  4.52472519e-01]
0.45247251880920625, -30384953.650200162, 0.12449854687131152, 0.2706152582907964

[-3.03849532e+07  4.52472512e-01]
0.45247251235393726, -30384953.21673765, 0.12449856851723243, 0.2706152855761719

[-3.03849546e+07  4.52472534e-01]
0.4524725335646067, -30384954.64070972, 0.12449854948943037, 0.2706152241731909

[-3.03849552e+07  4.52472542e-01]
0.4524725418647382, -30384955.197756764, 0.12449857035176602, 0.2706152618674466

[-3.03849540e+07  4.52472525e-01]
0.45247252457308923, -30384954.03708931, 0.12449855588466899, 0.2706152565388926

[-3.03849548e+07  4.52472536e-01]
0.4524725361008552, -30384954.810867615, 0.12449856773670094, 0.27061527471067437

[-3.03849542e+07  4.52472527e-01]
0.45247252745503075, -30384954.230533887, 0.12449854451581922, 0.2706152409601964

[-3.03849546e+07  4.52472533e-01]
0.4524725332189137, -30384954.61742304, 0.12449857825252554, 0.27061521910773245

[-3.03849542e+07  4.52472527e-01]
0.4524725267636447, -30384954.18396052, 0.12449856055705953, 0.27061530484725954

[-3.03849545e+07  4.52472532e-01]
0.4524725318643662, -30384954.52652242, 0.12449857310765879, 0.2706152548423035

[-3.03849544e+07  4.52472530e-01]
0.4524725301641257, -30384954.41233512, 0.12449857002056053, 0.27061518917312494

[-3.03849544e+07  4.52472530e-01]
0.4524725303369722, -30384954.423978463, 0.12449855572140334, 0.2706152521733318

[-3.03849542e+07  4.52472527e-01]
0.4524725269364912, -30384954.195603862, 0.12449857223422428, 0.27061520886912316

[-3.03849543e+07  4.52472528e-01]
0.45247252778661146, -30384954.252697513, 0.12449856250520851, 0.2706151976224467

[-3.03849544e+07  4.52472529e-01]
0.45247252948685196, -30384954.366884813, 0.12449853714461825, 0.27061527732489243

[-3.03849543e+07  4.52472528e-01]
0.4524725282116716, -30384954.281244338, 0.12449855153605913, 0.2706152883734397

[-3.03849543e+07  4.52472529e-01]
0.4524725286367317, -30384954.309791163, 0.12449856441664499, 0.2706151975147631

[-3.03849542e+07  4.52472527e-01]
0.4524725274479746, -30384954.22997236, 0.12449854981177289, 0.2706152589738995

[-3.03849543e+07  4.52472528e-01]
0.4524725282980948, -30384954.28706601, 0.12449857959432972, 0.2706152664600158

[-3.03849542e+07  4.52472528e-01]
0.45247252766050466, -30384954.24424577, 0.12449854417927872, 0.27061526138740405

[-3.03849543e+07  4.52472528e-01]
0.4524725278730347, -30384954.258519184, 0.12449856372655282, 0.2706153022451461

[-3.03849542e+07  4.52472527e-01]
0.45247252727865617, -30384954.21860978, 0.12449855296249515, 0.2706152737772

[-3.03849542e+07  4.52472527e-01]
0.4524725265149592, -30384954.1673378, 0.12449856381260933, 0.2706152657464494

[-3.03849542e+07  4.52472526e-01]
0.4524725263456407, -30384954.155975223, 0.12449857376123746, 0.27061528369856847

[-3.03849542e+07  4.52472527e-01]
0.4524725270454023, -30384954.20295114, 0.12449857556996753, 0.27061528651830763

[-3.03849542e+07  4.52472527e-01]
0.45247252681214845, -30384954.1872925, 0.12449855425153976, 0.2706152516227864

[-3.03849542e+07  4.52472527e-01]
0.45247252719399694, -30384954.212928493, 0.12449856134939956, 0.270615273290806

[-3.03849542e+07  4.52472527e-01]
0.4524725267274892, -30384954.181611214, 0.12449852356404287, 0.2706151935803119

[-3.03849542e+07  4.52472527e-01]
0.45247252702467844, -30384954.20156592, 0.12449855381989705, 0.27061521022616675

[-3.03849542e+07  4.52472527e-01]
0.4524725269715459, -30384954.197997563, 0.12449853176477896, 0.2706152533140896

[-3.03849542e+07  4.52472527e-01]
0.45247252691841344, -30384954.19442921, 0.1244985506472515, 0.2706152221865886

[-3.03849542e+07  4.52472527e-01]
0.4524725269607431, -30384954.197269853, 0.12449855303383718, 0.27061526706654065

[-3.03849542e+07  4.52472527e-01]
0.4524725270670081, -30384954.204406563, 0.12449855496405578, 0.2706152826923332

[-3.03849542e+07  4.52472527e-01]
0.45247252698730933, -30384954.199054033, 0.12449856832612853, 0.27061517096418425

[-3.03849542e+07  4.52472527e-01]
0.4524725271782336, -30384954.211872026, 0.12449855024614434, 0.2706152049377304

[-3.03849542e+07  4.52472527e-01]
0.4524725271132786, -30384954.207511324, 0.1244985444638204, 0.2706152481780316

[-3.03849542e+07  4.52472527e-01]
0.4524725270483235, -30384954.20315062, 0.1244985447820263, 0.2706152599953513

[-3.03849542e+07  4.52472527e-01]
0.4524725269528614, -30384954.196741622, 0.12449856325733843, 0.27061524919784286

[-3.03849542e+07  4.52472527e-01]
0.45247252689184714, -30384954.19264504, 0.12449855108463824, 0.2706152100941465

[-3.03849542e+07  4.52472527e-01]
0.4524725269262951, -30384954.194957454, 0.1244985272743645, 0.2706153128648123

[-3.03849542e+07  4.52472527e-01]
0.4524725269462198, -30384954.19629558, 0.12449858003218511, 0.2706152252782697

[-3.03849542e+07  4.52472527e-01]
0.45247252693293666, -30384954.195403494, 0.12449855980539348, 0.2706151912479618

[-3.03849542e+07  4.52472527e-01]
0.4524725270283988, -30384954.201812487, 0.12449853528872516, 0.27061518218353914

[-3.03849542e+07  4.52472527e-01]
0.45247252708277147, -30384954.20546303, 0.12449854262631746, 0.2706152681788162

[-3.03849542e+07  4.52472527e-01]
0.45247252697039536, -30384954.197918378, 0.12449856680740323, 0.2706153187912328

[-3.03849542e+07  4.52472527e-01]
0.45247252700785406, -30384954.20043326, 0.1244985694498774, 0.2706152419472336

[-3.03849542e+07  4.52472527e-01]
0.45247252696012297, -30384954.197228763, 0.12449856187304037, 0.27061518863649403

[-3.03849542e+07  4.52472527e-01]
0.45247252693957823, -30384954.19584953, 0.12449855086518308, 0.27061528416116687

[-3.03849542e+07  4.52472527e-01]
0.4524725269907851, -30384954.19928733, 0.12449855767584338, 0.2706152362667075

[-3.03849542e+07  4.52472527e-01]
0.4524725269566472, -30384954.196995463, 0.12449856734265694, 0.2706152352898319

[-3.03849542e+07  4.52472527e-01]
0.45247252696518164, -30384954.19756843, 0.12449857292301025, 0.27061525511123513

[-3.03849542e+07  4.52472527e-01]
0.45247252697371615, -30384954.198141396, 0.1244985484543162, 0.27061526260171404

[-3.03849542e+07  4.52472527e-01]
0.4524725269890472, -30384954.19917068, 0.12449855538160885, 0.27061518369613224


------------------------------------------------------------
Sender: LSF System <lsfadmin@n-62-21-19>
Subject: Job 1735641: <minimize_batch_job_this_is_on_purpose_to_utilize_more_kernel> in cluster <dcc> Done

Job <minimize_batch_job_this_is_on_purpose_to_utilize_more_kernel> was submitted from host <gbarlogin2> by user <s174007> in cluster <dcc> at Sun Jan 13 21:42:31 2019
Job was executed on host(s) <n-62-21-19>, in queue <hpc>, as user <s174007> in cluster <dcc> at Sun Jan 13 21:42:32 2019
</zhome/b0/b/127184> was used as the home directory.
</zhome/b0/b/127184/Documents/Projects/machine-learning-on-materials> was used as the working directory.
Started at Sun Jan 13 21:42:32 2019
Terminated at Sun Jan 13 22:45:32 2019
Results reported at Sun Jan 13 22:45:32 2019

Your job looked like:

------------------------------------------------------------
# LSBATCH: User input
#!/bin/bash
##Kør på cpu
#BSUB -q hpc
##Navn på job
#BSUB -J minimize_batch_job_this_is_on_purpose_to_utilize_more_kernel
##Output fil
#BSUB -o output/minimize/linear_GP_compare_batchjobs-%J.out
##Antal kerner
#BSUB -n 1
##Om kernerne må være på forskellige computere
#BSUB -R "span[hosts=1]"
##Ram pr kerne
#BSUB -R "rusage[mem=10GB]"
##Hvor lang tid må den køre hh:mm
#BSUB -W 45:00
##Email når jobbet starter
##og stopper
module purge
module load python3
python3 KRR/minimizer.py linear 1e-06 GP compare [100]
------------------------------------------------------------

Successfully completed.

Resource usage summary:

    CPU time :                                   3776.17 sec.
    Max Memory :                                 1073 MB
    Average Memory :                             843.04 MB
    Total Requested Memory :                     10240.00 MB
    Delta Memory :                               9167.00 MB
    Max Swap :                                   -
    Max Processes :                              4
    Max Threads :                                5
    Run time :                                   3790 sec.
    Turnaround time :                            3781 sec.

The output (if any) is above this job summary.

