Unloaded module: latex/TeXLive12
Loaded module: python3/3.6.2
[-10000]
[-10000.0]
[-1.e+04  5.e+00]
5.0, -10000.0, 0.2256579750982928, 0.29101909223233713

[-1.05e+04  5.00e+00]
5.0, -10500.0, 0.225657974688558, 0.2910190920721846

[-1.00e+04  5.25e+00]
5.25, -10000.0, 0.22840160344620578, 0.2920336559736015

[-1.05e+04  4.75e+00]
4.75, -10500.0, 0.2227777064009712, 0.2899765903589281

[-1.075e+04  4.500e+00]
4.5, -10750.0, 0.21974716481915318, 0.28890444529516623

[-1.125e+04  4.500e+00]
4.5, -11250.0, 0.21974716447570794, 0.2889044451153009

[-1.1875e+04  4.2500e+00]
4.25, -11875.0, 0.2165506185310603, 0.287800808812566

[-1.2125e+04  3.7500e+00]
3.75, -12125.0, 0.20958327837419674, 0.2854909253093094

[-1.29375e+04  3.12500e+00]
3.125, -12937.5, 0.19953900279583411, 0.28238783536909967

[-1.40625e+04  2.87500e+00]
2.875, -14062.5, 0.19499831825314104, 0.2810717409740222

[-1.571875e+04  2.062500e+00]
2.0625, -15718.75, 0.17735755511079668, 0.2764673055666233

[-1.678125e+04  9.375000e-01]
0.9375, -16781.25, 0.13985620497617074, 0.26952484749149114

[-1.9234375e+04 -7.1875000e-01]
-0.71875, -19234.375, 19.150381298166884, 23.51203721378002

[-1.95625e+04 -1.25000e-01]
-0.125, -19562.5, 2.056435854694424, 3.786956787619927

[-1.459375e+04  2.312500e+00]
2.3125, -14593.75, 0.18334284780889085, 0.2779386626532722

[-1.790625e+04  6.875000e-01]
0.6875, -17906.25, 0.12740092083936752, 0.2682381522279929

[-1.95625e+04 -1.25000e-01]
-0.125, -19562.5, 2.056435854694424, 3.786956787619927

[-1.896875e+04 -4.375000e-01]
-0.4375, -18968.75, 5.593885214054209, 6.991938619490676

[-1.653125e+04  1.437500e+00]
1.4375, -16531.25, 0.15927498419564512, 0.27260581335115686

[-1.815625e+04  1.875000e-01]
0.1875, -18156.25, 0.09208140340497553, 0.26931874951431967

[-1.928125e+04 -6.250000e-02]
-0.0625, -19281.25, 6.788077903393754, 16.117324308611213

[-1.740625e+04  6.875000e-01]
0.6875, -17406.25, 0.12740092089411295, 0.2682381523079669

[-1.715625e+04  1.187500e+00]
1.1875, -17156.25, 0.15029725128644428, 0.2710337240353046

[-1.790625e+04  4.375000e-01]
0.4375, -17906.25, 0.11200337236533027, 0.2676143661041888

[-1.840625e+04  4.375000e-01]
0.4375, -18406.25, 0.11200337232001469, 0.26761436609337835

[-1.890625e+04  3.125000e-01]
0.3125, -18906.25, 0.10273090533033931, 0.26793792809049477

[-1.840625e+04  1.875000e-01]
0.1875, -18406.25, 0.09208140338718405, 0.2693187494808717

[-1.803125e+04  5.625000e-01]
0.5625, -18031.25, 0.12015074082233274, 0.2677920965881562

[-1.828125e+04  3.125000e-01]
0.3125, -18281.25, 0.10273090534928825, 0.26793792808752315

[-1.809375e+04  5.000000e-01]
0.5, -18093.75, 0.11620208082061603, 0.26765913937129837

[-1.821875e+04  3.750000e-01]
0.375, -18218.75, 0.1075241637929652, 0.2676907227298426

[-1.8125e+04  4.6875e-01]
0.46875, -18125.0, 0.11413579826425088, 0.2676239675950604

[-1.81875e+04  4.06250e-01]
0.40625, -18187.5, 0.10980087418303217, 0.2676347957271555

[-1.8140625e+04  4.5312500e-01]
0.453125, -18140.625, 0.11307809340540416, 0.26761571236414833

[-1.8171875e+04  4.2187500e-01]
0.421875, -18171.875, 0.11091113659099265, 0.2676205120533849

[-1.81484375e+04  4.45312500e-01]
0.4453125, -18148.4375, 0.11254289072494092, 0.26761414049245974

[-1.86484375e+04  4.45312500e-01]
0.4453125, -18648.4375, 0.11254289067732824, 0.26761414046738424

[-1.90195312e+04  4.49218750e-01]
0.44921875, -19019.53125, 0.11281102756340262, 0.26761470620026684

[-1.8390625e+04  4.5312500e-01]
0.453125, -18390.625, 0.11307809339100572, 0.26761571235818277

[-1.84023438e+04  4.41406250e-01]
0.44140625, -18402.34375, 0.11227367488827436, 0.26761402402656315

[-1.89023438e+04  4.41406250e-01]
0.44140625, -18902.34375, 0.11227367483662117, 0.26761402393845873

[-1.92792969e+04  4.39453125e-01]
0.439453125, -19279.296875, 0.11213865985200303, 0.2676141370339754

[-1.865625e+04  4.375000e-01]
0.4375, -18656.25, 0.11200337229686641, 0.26761436603304395

[-1.86503906e+04  4.43359375e-01]
0.443359375, -18650.390625, 0.11240841812246402, 0.2676140255238479

[-1.86542969e+04  4.39453125e-01]
0.439453125, -18654.296875, 0.11213865991006106, 0.26761413711404103

[-1.86513672e+04  4.42382812e-01]
0.4423828125, -18651.3671875, 0.11234108039291944, 0.2676140105226049

[-1.91513672e+04  4.42382812e-01]
0.4423828125, -19151.3671875, 0.1123410803479605, 0.2676140104174781

[-1.95258789e+04  4.42871094e-01]
0.44287109375, -19525.87890625, 0.11237475765537917, 0.26761401434236437

[-1.89003906e+04  4.43359375e-01]
0.443359375, -18900.390625, 0.11240841810328847, 0.26761402546460183

[-1.89018555e+04  4.41894531e-01]
0.44189453125, -18901.85546875, 0.1123073860875199, 0.26761401367327564

[-1.89008789e+04  4.42871094e-01]
0.44287109375, -18900.87890625, 0.11237475769146113, 0.26761401436868726

[-1.89016113e+04  4.42138672e-01]
0.442138671875, -18901.611328125, 0.11232423534530074, 0.26761401119569733

[-1.89011230e+04  4.42626953e-01]
0.442626953125, -18901.123046875, 0.11235792115747283, 0.267614011569184

[-1.89014893e+04  4.42260742e-01]
0.4422607421875, -18901.4892578125, 0.11233265839258486, 0.267614010621711

[-1.89012451e+04  4.42504883e-01]
0.4425048828125, -18901.2451171875, 0.112349501302614, 0.26761401079851355

[-1.89014282e+04  4.42321777e-01]
0.44232177734375, -18901.42822265625, 0.11233686950920875, 0.2676140104897496

[-1.94014282e+04  4.42321777e-01]
0.44232177734375, -19401.42822265625, 0.11233686947858013, 0.26761401044430844

[-1.96513672e+04  4.42382812e-01]
0.4423828125, -19651.3671875, 0.11234108028803536, 0.26761401041172567

[-2.00263367e+04  4.42413330e-01]
0.442413330078125, -20026.336669921875, 0.11234318560417009, 0.2676140104026305

[-1.97762756e+04  4.42474365e-01]
0.442474365234375, -19776.275634765625, 0.11234739608661483, 0.2676140105610531

[-1.94951401e+04  4.42359924e-01]
0.44235992431640625, -19495.140075683594, 0.11233950127900984, 0.2676140104723199

[-1.95888519e+04  4.42398071e-01]
0.4423980712890625, -19588.851928710938, 0.11234213298636586, 0.26761401042120897

[-1.97138824e+04  4.42367554e-01]
0.4423675537109375, -19713.882446289062, 0.11234002763235362, 0.26761401041384036

[-2.01513672e+04  4.42382812e-01]
0.4423828125, -20151.3671875, 0.11234108027287644, 0.26761401035548094

[-2.04326248e+04  4.42375183e-01]
0.44237518310546875, -20432.62481689453, 0.11234055392669269, 0.26761401034026633

[-2.07450790e+04  4.42420959e-01]
0.44242095947265625, -20745.079040527344, 0.11234371188680294, 0.2676140103761751

[-2.11513672e+04  4.42382812e-01]
0.4423828125, -21151.3671875, 0.11234108018829062, 0.2676140103479594

[-2.08389130e+04  4.42337036e-01]
0.4423370361328125, -20838.912963867188, 0.11233792211423922, 0.2676140102950506

[-2.08858299e+04  4.42295074e-01]
0.4422950744628906, -20885.82992553711, 0.11233502703040245, 0.2676140103250266

[-2.01201706e+04  4.42329407e-01]
0.44232940673828125, -20120.17059326172, 0.1123373958027073, 0.26761401037342974

[-2.08935680e+04  4.42369461e-01]
0.4423694610595703, -20893.56803894043, 0.11234015912901604, 0.2676140102821949

[-2.12998562e+04  4.42331314e-01]
0.44233131408691406, -21299.856185913086, 0.11233752730902037, 0.26761401030884524

[-2.10830483e+04  4.42342281e-01]
0.44234228134155273, -21083.048343658447, 0.11233828396035822, 0.2676140102346371

[-2.11377034e+04  4.42374706e-01]
0.44237470626831055, -21137.70341873169, 0.11234052096257321, 0.26761401026806264

[-2.13271837e+04  4.42347527e-01]
0.44234752655029297, -21327.183723449707, 0.11233864583243604, 0.26761401021572057

[-2.15439916e+04  4.42336559e-01]
0.4423365592956543, -21543.991565704346, 0.1123378891801781, 0.26761401021662556

[-2.12725286e+04  4.42315102e-01]
0.44231510162353516, -21272.528648376465, 0.11233640874442902, 0.267614010272029

[-2.11714097e+04  4.42359805e-01]
0.4423598051071167, -21171.409726142883, 0.11233949294450425, 0.2676140103239108

[-2.12051160e+04  4.42344904e-01]
0.44234490394592285, -21205.116033554077, 0.11233846489388521, 0.2676140102548532

[-2.12324436e+04  4.42361116e-01]
0.44236111640930176, -21232.4435710907, 0.11233958340911415, 0.2676140102386389

[-2.13545113e+04  4.42363739e-01]
0.4423637390136719, -21354.511260986328, 0.11233976432058083, 0.26761401026089077

[-2.12424648e+04  4.42349613e-01]
0.4423496127128601, -21242.46484041214, 0.1123387897595694, 0.26761401026025694

[-2.12798136e+04  4.42354321e-01]
0.44235432147979736, -21279.813647270203, 0.11233911461761333, 0.26761401026576714

[-2.12661499e+04  4.42346215e-01]
0.4423462152481079, -21266.149878501892, 0.11233855538015362, 0.2676140102296367

[-2.1313520e+04  4.4233942e-01]
0.4423394203186035, -21313.519954681396, 0.11233808656020111, 0.26761401028220727

[-2.12882402e+04  4.42350596e-01]
0.4423505961894989, -21288.240224123, 0.11233885761126948, 0.2676140101885984

[-2.13492741e+04  4.42351907e-01]
0.44235190749168396, -21349.274069070816, 0.11233894805965922, 0.26761401026844156

[-2.12869309e+04  4.42347638e-01]
0.4423476383090019, -21286.930926144123, 0.11233865354020119, 0.2676140102260052

[-2.13284930e+04  4.42350484e-01]
0.44235048443078995, -21328.493021428585, 0.11233884988185044, 0.26761401021133785

[-2.12895495e+04  4.42353554e-01]
0.4423535540699959, -21289.54952210188, 0.11233906166241214, 0.26761401022451337

[-2.13177752e+04  4.42349033e-01]
0.4423490334302187, -21317.77517311275, 0.11233874979281216, 0.26761401024405906

[-2.13083666e+04  4.42350540e-01]
0.4423505403101444, -21308.366622775793, 0.11233885374453889, 0.26761401028719967

[-2.13077120e+04  4.42349061e-01]
0.44234906136989594, -21307.711973786354, 0.1123387517230963, 0.2676140102105395

[-2.12875856e+04  4.42349117e-01]
0.4423491172492504, -21287.585575133562, 0.1123387555512448, 0.26761401025709997

[-2.12927808e+04  4.42349473e-01]
0.4423494730144739, -21292.78083704412, 0.1123387801231631, 0.2676140102482895

[-2.13031714e+04  4.42350185e-01]
0.4423501845449209, -21303.171360865235, 0.11233882920008906, 0.2676140102294289

[-2.13005737e+04  4.42350007e-01]
0.44235000666230917, -21300.573729909956, 0.11233881693726169, 0.2676140101983006

[-2.12811020e+04  4.42351541e-01]
0.44235154148191214, -21281.101980246603, 0.11233892280517892, 0.26761401025361486

[-2.13010595e+04  4.42349681e-01]
0.4423496813979, -21301.059475401416, 0.11233879449603339, 0.26761401021464815

[-2.12944070e+04  4.42350301e-01]
0.44235030142590404, -21294.40697701648, 0.11233883727310622, 0.2676140102575754

[-2.12979761e+04  4.42349829e-01]
0.4423498287796974, -21297.976098954678, 0.1123388046530912, 0.2676140102708872

[-2.12846711e+04  4.42351069e-01]
0.4423510688357055, -21284.671102184802, 0.11233889022649733, 0.26761401023823456

[-2.12785043e+04  4.42351364e-01]
0.4423513635993004, -21278.504349291325, 0.11233891053643665, 0.2676140102652194

[-2.12904313e+04  4.42350567e-01]
0.4423505669692531, -21290.43132008519, 0.11233885559193896, 0.26761401021207587

[-2.12940004e+04  4.42350094e-01]
0.4423500943230465, -21294.00044202339, 0.11233882298469877, 0.2676140102712216

[-2.12870034e+04  4.42350825e-01]
0.44235082520754077, -21287.00343714445, 0.1123388734220554, 0.2676140102299816

[-2.12916681e+04  4.42350338e-01]
0.44235033795121126, -21291.668107063742, 0.11233883980201537, 0.2676140102348217

[-2.12881696e+04  4.42350703e-01]
0.4423507033934584, -21288.169604624272, 0.11233886500341342, 0.26761401028755133

[-2.12893358e+04  4.42350582e-01]
0.442350581579376, -21289.335772104096, 0.11233885659081386, 0.2676140102576724

[-2.12876218e+04  4.42350711e-01]
0.44235071069851983, -21287.621830633725, 0.11233886551297327, 0.2676140102500398

[-2.12865263e+04  4.42350725e-01]
0.4423507253086427, -21286.52628265263, 0.11233886652095709, 0.26761401025782927

[-2.12886334e+04  4.42350618e-01]
0.4423506175116927, -21288.63339974123, 0.11233885908866938, 0.2676140102412275

[-2.12892518e+04  4.42350503e-01]
0.44235050300267176, -21289.251793230505, 0.11233885117709679, 0.2676140102454416

[-2.12888443e+04  4.42350555e-01]
0.4423505549266338, -21288.84430258131, 0.11233885476718267, 0.26761401028875703

[-2.12884368e+04  4.42350607e-01]
0.4423506068505958, -21288.436811932115, 0.11233885832526665, 0.2676140102112666

[-2.12879310e+04  4.42350653e-01]
0.44235065344400937, -21287.931027378363, 0.1123388615542612, 0.26761401023968584

[-2.1288746e+04  4.4235055e-01]
0.44235054959608533, -21288.746008676753, 0.11233885438270565, 0.26761401023104264

[-2.12885423e+04  4.42350576e-01]
0.44235057555806634, -21288.542263352156, 0.11233885618489405, 0.2676140102222082

[-2.12881348e+04  4.42350627e-01]
0.44235062748202836, -21288.13477270296, 0.11233885977382242, 0.2676140102937452

[-2.12884404e+04  4.42350589e-01]
0.44235058853905684, -21288.44039068986, 0.11233885709112826, 0.26761401029884146

[-2.12883385e+04  4.42350602e-01]
0.44235060152004735, -21288.338518027558, 0.11233885797974247, 0.2676140102346129

[-2.12883912e+04  4.42350586e-01]
0.4423505858737826, -21288.391243737577, 0.11233885690176307, 0.2676140102052645

[-2.12882929e+04  4.42350581e-01]
0.4423505805432342, -21288.29294983302, 0.11233885654140456, 0.26761401021304526

[-2.12883043e+04  4.42350586e-01]
0.44235058578743747, -21288.304341881656, 0.11233885689639456, 0.2676140102561297

[-2.12883157e+04  4.42350591e-01]
0.44235059103164076, -21288.31573393029, 0.1123388572496701, 0.2676140102217709

[-2.12882894e+04  4.42350599e-01]
0.4423505988547731, -21288.28937107528, 0.11233885778954278, 0.2676140102181826

[-2.12882139e+04  4.42350604e-01]
0.44235060401263127, -21288.213861267996, 0.11233885814428969, 0.26761401019335596

[-2.12881647e+04  4.42350601e-01]
0.44235060134735704, -21288.16471431572, 0.11233885795862476, 0.26761401024901343

[-2.12882582e+04  4.42350599e-01]
0.4423505994779191, -21288.258206885388, 0.11233885782411732, 0.2676140102617397

[-2.1288227e+04  4.4235060e-01]
0.4423506001010651, -21288.2270426955, 0.11233885787094433, 0.26761401031163895

[-2.12882648e+04  4.42350598e-01]
0.442350597522136, -21288.264797599142, 0.11233885769299704, 0.26761401024324943

[-2.12882780e+04  4.42350594e-01]
0.44235059361056983, -21288.277979026643, 0.11233885742576094, 0.26761401022472436

[-2.12882534e+04  4.42350592e-01]
0.4423505922779327, -21288.253405550502, 0.11233885733083086, 0.26761401025381215

[-2.12882619e+04  4.42350596e-01]
0.4423505962110852, -21288.26194958698, 0.11233885761381615, 0.26761401022280673

[-2.12882242e+04  4.42350599e-01]
0.44235059879001426, -21288.22419468334, 0.11233885778199877, 0.2676140102222972

[-2.12882025e+04  4.42350599e-01]
0.44235059876842797, -21288.20246921936, 0.112338857775109, 0.2676140102505056

[-2.12882471e+04  4.42350597e-01]
0.4423505968504209, -21288.247079495075, 0.11233885764658907, 0.2676140102321009

[-2.12882322e+04  4.42350597e-01]
0.4423505974897566, -21288.23220940317, 0.11233885769288089, 0.26761401028192267

[-2.12882511e+04  4.42350596e-01]
0.44235059620029205, -21288.25108685499, 0.1123388576031765, 0.2676140102471396

[-2.12882591e+04  4.42350595e-01]
0.44235059490003437, -21288.25910157482, 0.1123388575198391, 0.26761401026036585

[-2.12882524e+04  4.42350596e-01]
0.4423505955474649, -21288.252378531906, 0.1123388575617532, 0.26761401022750547

[-2.12882415e+04  4.42350596e-01]
0.4423505955366718, -21288.241515799917, 0.11233885754142782, 0.26761401030644666

[-2.12882487e+04  4.42350596e-01]
0.442350596034387, -21288.24869409122, 0.112338857590931, 0.2676140102569574

[-2.12882463e+04  4.42350596e-01]
0.4423505958684819, -21288.246301327454, 0.11233885759114483, 0.2676140102687207

[-2.12882457e+04  4.42350596e-01]
0.4423505961948955, -21288.245655488994, 0.11233885758289856, 0.2676140103036373

[-2.12882409e+04  4.42350596e-01]
0.44235059586308534, -21288.24086996146, 0.11233885758115941, 0.26761401026424336

[-2.12882348e+04  4.42350596e-01]
0.44235059618410233, -21288.234792757008, 0.1123388576013585, 0.26761401024036646

[-2.12882341e+04  4.42350597e-01]
0.4423505965105159, -21288.23414691855, 0.1123388576210141, 0.26761401022078685

[-2.12882396e+04  4.42350597e-01]
0.44235059651591246, -21288.23957828454, 0.11233885762606031, 0.26761401027119436

[-2.12882360e+04  4.42350596e-01]
0.44235059626705486, -21288.23598913889, 0.11233885759596188, 0.26761401026805476

[-2.12882372e+04  4.42350596e-01]
0.4423505963500074, -21288.237185520775, 0.11233885760629395, 0.2676140102299433

[-2.12882375e+04  4.42350596e-01]
0.4423505961868006, -21288.237508440005, 0.11233885759428285, 0.2676140102231394

[-2.12882405e+04  4.42350596e-01]
0.4423505960262921, -21288.24054704223, 0.11233885760601925, 0.2676140102513022

[-2.12882380e+04  4.42350596e-01]
0.4423505962690786, -21288.23802590114, 0.11233885761372162, 0.2676140102533995

[-2.12882389e+04  4.42350596e-01]
0.44235059618814976, -21288.238866281503, 0.11233885759785857, 0.2676140102680371

[-2.12882387e+04  4.42350596e-01]
0.44235059626975315, -21288.238704821888, 0.11233885763593003, 0.2676140102302218

[-2.12882401e+04  4.42350596e-01]
0.4423505962711023, -21288.240062663386, 0.11233885759957606, 0.26761401021557796

[-2.12882416e+04  4.42350596e-01]
0.44235059619084804, -21288.241581964503, 0.11233885759490507, 0.26761401024329734

[-2.12882394e+04  4.42350596e-01]
0.4423505962500269, -21288.23942410754, 0.11233885760793946, 0.26761401025467874

[-2.12882401e+04  4.42350596e-01]
0.4423505962303006, -21288.240143393195, 0.11233885760132478, 0.26761401022166925

[-2.12882395e+04  4.42350596e-01]
0.442350596229626, -21288.239464472445, 0.11233885760489856, 0.2676140102476398


------------------------------------------------------------
Sender: LSF System <lsfadmin@n-62-21-8>
Subject: Job 1708297: <minimize_batch_job_this_is_on_purpose_to_utilize_more_kernel> in cluster <dcc> Done

Job <minimize_batch_job_this_is_on_purpose_to_utilize_more_kernel> was submitted from host <gbarlogin2> by user <s174007> in cluster <dcc> at Thu Jan 10 17:20:32 2019
Job was executed on host(s) <n-62-21-8>, in queue <hpc>, as user <s174007> in cluster <dcc> at Thu Jan 10 17:20:33 2019
</zhome/b0/b/127184> was used as the home directory.
</zhome/b0/b/127184/Documents/Projects/machine-learning-on-materials> was used as the working directory.
Started at Thu Jan 10 17:20:33 2019
Terminated at Thu Jan 10 18:16:11 2019
Results reported at Thu Jan 10 18:16:11 2019

Your job looked like:

------------------------------------------------------------
# LSBATCH: User input
#!/bin/bash
##Kør på cpu
#BSUB -q hpc
##Navn på job
#BSUB -J minimize_batch_job_this_is_on_purpose_to_utilize_more_kernel
##Output fil
#BSUB -o output/minimize/linear_GP_default_batchjobs-%J.out
##Antal kerner
#BSUB -n 1
##Om kernerne må være på forskellige computere
#BSUB -R "span[hosts=1]"
##Ram pr kerne
#BSUB -R "rusage[mem=10GB]"
##Hvor lang tid må den køre hh:mm
#BSUB -W 45:00
##Email når jobbet starter
##og stopper
module purge
module load python3
python3 KRR/minimizer.py linear 5 GP default [-10000]
------------------------------------------------------------

Successfully completed.

Resource usage summary:

    CPU time :                                   3336.22 sec.
    Max Memory :                                 1323 MB
    Average Memory :                             1071.31 MB
    Total Requested Memory :                     10240.00 MB
    Delta Memory :                               8917.00 MB
    Max Swap :                                   -
    Max Processes :                              4
    Max Threads :                                5
    Run time :                                   3351 sec.
    Turnaround time :                            3339 sec.

The output (if any) is above this job summary.

