Unloaded module: latex/TeXLive12
Loaded module: python3/3.6.2
[-10000]
[-10000.0]
[-10000.     10.]
10.0, -10000.0, 0.2647116712882837, 0.3075318757848942

[-1.05e+04  1.00e+01]
10.0, -10500.0, 0.2647116707556224, 0.30753187611001764

[-10000.      10.5]
10.5, -10000.0, 0.26745050473782467, 0.3088636628318039

[-1.05e+04  9.50e+00]
9.5, -10500.0, 0.2618292456496878, 0.30615561459480267

[-1.075e+04  9.000e+00]
9.0, -10750.0, 0.25878783183262155, 0.3047314679921592

[-1.025e+04  9.000e+00]
9.0, -10250.0, 0.2587878323170088, 0.30473146777554866

[-1.0125e+04  8.5000e+00]
8.5, -10125.0, 0.2555694799682272, 0.3032555967050809

[-1.0875e+04  7.5000e+00]
7.5, -10875.0, 0.2485136709702387, 0.3001307101954214

[-1.13125e+04  6.25000e+00]
6.25, -11312.5, 0.238226933335963, 0.2958421815479473

[-1.06875e+04  5.75000e+00]
5.75, -10687.5, 0.23352503887829618, 0.2939851338605945

[-1.065625e+04  4.125000e+00]
4.125, -10656.25, 0.21488449721699832, 0.2872365639497328

[-1.184375e+04  1.875000e+00]
1.875, -11843.75, 0.17245739047263817, 0.2753330755155071

[-1.2703125e+04 -1.4375000e+00]
-1.4375, -12703.125, 12.871198282097547, 13.578917279411256

[-1.11875e+04 -2.50000e-01]
-0.25, -11187.5, 52.45461337859644, 83.62957044711032

[-1.128125e+04  4.625000e+00]
4.625, -11281.25, 0.22128214857271106, 0.2894443350641979

[-1.121875e+04  1.375000e+00]
1.375, -11218.75, 0.15714610729674577, 0.2722113341785862

[-1.11875e+04 -2.50000e-01]
-0.25, -11187.5, 52.45461337859644, 83.62957044711032

[-1.240625e+04 -8.750000e-01]
-0.875, -12406.25, 48.7121081143598, 56.20578770283485

[-1.109375e+04  2.875000e+00]
2.875, -11093.75, 0.19499831965345607, 0.2810717422288511

[-1.196875e+04  3.750000e-01]
0.375, -11968.75, 0.10752416449956781, 0.26769072366084434

[-1.240625e+04 -8.750000e-01]
-0.875, -12406.25, 48.7121081143598, 56.20578770283485

[-1.134375e+04 -1.250000e-01]
-0.125, -11343.75, 2.056435550828382, 3.7869562149823106

[-1.171875e+04  1.375000e+00]
1.375, -11718.75, 0.15714610707521462, 0.27221133393244007

[-1.246875e+04  3.750000e-01]
0.375, -12468.75, 0.10752416442289676, 0.2676907235105133

[-1.309375e+04 -1.250000e-01]
-0.125, -13093.75, 2.0564355811105264, 3.7869563148325303

[-1.271875e+04 -6.250000e-01]
-0.625, -12718.75, 3.803197232660757, 4.606758990710095

[-1.196875e+04  8.750000e-01]
0.875, -11968.75, 0.13695907603187715, 0.26917248669382715

[-1.246875e+04 -1.250000e-01]
-0.125, -12468.75, 2.0564354016708304, 3.786955996095516

[-1.209375e+04  6.250000e-01]
0.625, -12093.75, 0.12387600807808964, 0.2679905008570294

[-1.234375e+04  1.250000e-01]
0.125, -12343.75, 0.08623602081997087, 0.2708511765341162

[-1.215625e+04  5.000000e-01]
0.5, -12156.25, 0.11620208167371444, 0.2676591404045088

[-1.265625e+04  5.000000e-01]
0.5, -12656.25, 0.11620208157567691, 0.26765914026754284

[-1.300e+04  5.625e-01]
0.5625, -13000.0, 0.12015074157260976, 0.26779209749163185

[-1.234375e+04  6.250000e-01]
0.625, -12343.75, 0.12387600802431468, 0.26799050080319636

[-1.24375e+04  4.37500e-01]
0.4375, -12437.5, 0.11200337306353439, 0.2676143669562066

[-1.29375e+04  4.37500e-01]
0.4375, -12937.5, 0.1120033729774589, 0.2676143668521984

[-1.3328125e+04  4.0625000e-01]
0.40625, -13328.125, 0.10980087473024659, 0.2676347964329983

[-1.271875e+04  3.750000e-01]
0.375, -12718.75, 0.10752416437598038, 0.2676907234708415

[-1.2671875e+04  4.6875000e-01]
0.46875, -12671.875, 0.11413579898399465, 0.26762396842207437

[-1.2703125e+04  4.0625000e-01]
0.40625, -12703.125, 0.1098008748290969, 0.2676347965431168

[-1.26796875e+04  4.53125000e-01]
0.453125, -12679.6875, 0.11307809410547173, 0.2676157132073162

[-1.26953125e+04  4.21875000e-01]
0.421875, -12695.3125, 0.11091113723346327, 0.2676205128473841

[-1.26835938e+04  4.45312500e-01]
0.4453125, -12683.59375, 0.1125428914072236, 0.2676141413713394

[-1.31835938e+04  4.45312500e-01]
0.4453125, -13183.59375, 0.11254289132751179, 0.26761414126914934

[-1.35566406e+04  4.49218750e-01]
0.44921875, -13556.640625, 0.11281102818905106, 0.2676147069719357

[-1.29296875e+04  4.53125000e-01]
0.453125, -12929.6875, 0.11307809406329879, 0.26761571316368815

[-1.29355469e+04  4.41406250e-01]
0.44140625, -12935.546875, 0.11227367553993457, 0.26761402482831337

[-1.34355469e+04  4.41406250e-01]
0.44140625, -13435.546875, 0.11227367545030469, 0.2676140247270906

[-1.38115234e+04  4.39453125e-01]
0.439453125, -13811.5234375, 0.11213866044637799, 0.26761413777426746

[-1.31875e+04  4.37500e-01]
0.4375, -13187.5, 0.11200337292721764, 0.2676143667956885

[-1.31845703e+04  4.43359375e-01]
0.443359375, -13184.5703125, 0.112408418761323, 0.26761402625228514

[-1.31865234e+04  4.39453125e-01]
0.439453125, -13186.5234375, 0.11213866054733333, 0.2676141378728248

[-1.31850586e+04  4.42382812e-01]
0.4423828125, -13185.05859375, 0.11234108101879836, 0.2676140112649879

[-1.36850586e+04  4.42382812e-01]
0.4423828125, -13685.05859375, 0.11234108095658475, 0.2676140111578574

[-1.40598145e+04  4.42871094e-01]
0.44287109375, -14059.814453125, 0.11237475821644057, 0.2676140150558327

[-1.34345703e+04  4.43359375e-01]
0.443359375, -13434.5703125, 0.11240841872013163, 0.2676140262500516

[-1.34353027e+04  4.41894531e-01]
0.44189453125, -13435.302734375, 0.11230738670948799, 0.26761401441380306

[-1.34348145e+04  4.42871094e-01]
0.44287109375, -13434.814453125, 0.11237475832452803, 0.2676140151558951

[-1.34351807e+04  4.42138672e-01]
0.442138671875, -13435.1806640625, 0.11232423595298709, 0.26761401190894574

[-1.34349365e+04  4.42626953e-01]
0.442626953125, -13434.9365234375, 0.1123579217793088, 0.2676140123026105

[-1.34351196e+04  4.42260742e-01]
0.4422607421875, -13435.11962890625, 0.11233265900663826, 0.2676140113634589

[-1.34349976e+04  4.42504883e-01]
0.4425048828125, -13434.99755859375, 0.11234950191328798, 0.2676140115799789

[-1.34350891e+04  4.42321777e-01]
0.44232177734375, -13435.089111328125, 0.1123368701274051, 0.26761401120848666

[-1.39350891e+04  4.42321777e-01]
0.44232177734375, -13935.089111328125, 0.11233687005437888, 0.26761401111815936

[-1.43101044e+04  4.42291260e-01]
0.442291259765625, -14310.104370117188, 0.11233476446362423, 0.2676140111181198

[-1.45600739e+04  4.42352295e-01]
0.442352294921875, -14560.073852539062, 0.11233897543614321, 0.267614010972538

[-1.51225662e+04  4.42367554e-01]
0.4423675537109375, -15122.566223144531, 0.11234002805107382, 0.2676140109091669

[-1.57476120e+04  4.42276001e-01]
0.4422760009765625, -15747.611999511719, 0.11233371150667698, 0.2676140109394276

[-1.65600739e+04  4.42352295e-01]
0.442352294921875, -16560.073852539062, 0.11233897517947769, 0.2676140107268505

[-1.76850586e+04  4.42382812e-01]
0.4423828125, -17685.05859375, 0.1123410804755019, 0.2676140106113084

[-1.70600128e+04  4.42474365e-01]
0.442474365234375, -17060.012817382812, 0.11234739631902424, 0.26761401084857567

[-1.96225052e+04  4.42489624e-01]
0.4424896240234375, -19622.50518798828, 0.1123484486942768, 0.2676140106921453

[-2.02475510e+04  4.42398071e-01]
0.4423980712890625, -20247.55096435547, 0.1123421329425506, 0.26761401039229915

[-2.18413200e+04  4.42359924e-01]
0.44235992431640625, -21841.320037841797, 0.11233950113182242, 0.2676140102691364

[-1.99038734e+04  4.42253113e-01]
0.44225311279296875, -19903.873443603516, 0.11233213188092199, 0.2676140105150464

[-2.40601349e+04  4.42230225e-01]
0.442230224609375, -24060.134887695312, 0.11233055238457337, 0.2676140103182295

[-2.59975815e+04  4.42337036e-01]
0.4423370361328125, -25997.581481933594, 0.11233792183056238, 0.267614010009278

[-2.90444355e+04  4.42378998e-01]
0.4423789978027344, -29044.435501098633, 0.1123408166581053, 0.2676140097930036

[-2.68256207e+04  4.42508698e-01]
0.4425086975097656, -26825.620651245117, 0.11234976396824314, 0.2676140102421706

[-3.40287361e+04  4.42527771e-01]
0.44252777099609375, -34028.73611450195, 0.11235107943077123, 0.26761400996537854

[-3.62475510e+04  4.42398071e-01]
0.4423980712890625, -36247.55096435547, 0.11234213230943015, 0.267614009611738

[-4.09585161e+04  4.42342758e-01]
0.44234275817871094, -40958.516120910645, 0.11233831619358713, 0.26761400944074715

[-3.59742155e+04  4.42193985e-01]
0.44219398498535156, -35974.215507507324, 0.11232805144270262, 0.26761401002318985

[-3.45151060e+04  4.42444324e-01]
0.4424443244934082, -34515.105962753296, 0.11234532317124489, 0.2676140097732505

[-4.64291866e+04  4.42408085e-01]
0.44240808486938477, -46429.18658256531, 0.11234282296039148, 0.26761400948085157

[-5.28725967e+04  4.42306519e-01]
0.4423065185546875, -52872.596740722656, 0.112335815765662, 0.2676140092345518

[-6.20513421e+04  4.42237616e-01]
0.44223761558532715, -62051.34212970734, 0.11233106163959151, 0.2676140094404387

[-4.74019263e+04  4.42241192e-01]
0.44224119186401367, -47401.92627906799, 0.11233130853001853, 0.26761400955974646

[-4.66723715e+04  4.42366362e-01]
0.442366361618042, -46672.37150669098, 0.11233994454593751, 0.2676140093770709

[-5.85864521e+04  4.42330122e-01]
0.44233012199401855, -58586.45212650299, 0.1123374441937219, 0.26761400907718175

[-6.74004201e+04  4.42323804e-01]
0.44232380390167236, -67400.42012929916, 0.11233700824102284, 0.26761400918498773

[-6.47866774e+04  4.42270279e-01]
0.44227027893066406, -64786.67736053467, 0.11233331531363686, 0.2676140093404275

[-6.02581009e+04  4.42294300e-01]
0.44229429960250854, -60258.100897073746, 0.11233497266320644, 0.26761400918365047

[-6.59719563e+04  4.42317903e-01]
0.4423179030418396, -65971.95628285408, 0.11233660109694733, 0.2676140090951507

[-6.43003075e+04  4.42353725e-01]
0.4423537254333496, -64300.307512283325, 0.11233907260553719, 0.2676140090468248

[-6.63214108e+04  4.42383438e-01]
0.44238343834877014, -66321.41081988811, 0.11234112244782117, 0.26761400920017436

[-5.69148034e+04  4.42365944e-01]
0.44236594438552856, -56914.803355932236, 0.11233991561604005, 0.26761400925665435

[-6.37076681e+04  4.42329913e-01]
0.44232991337776184, -63707.66805112362, 0.11233742978797696, 0.26761400924166984

[-6.14433798e+04  4.42341924e-01]
0.4423419237136841, -61443.37981939316, 0.11233825841089114, 0.2676140092158594

[-6.51361319e+04  4.42335814e-01]
0.4423358142375946, -65136.1318975687, 0.11233783690614861, 0.2676140091456571

[-6.79930596e+04  4.42347616e-01]
0.44234761595726013, -67993.05959045887, 0.11233865110765691, 0.2676140090838301

[-6.71572352e+04  4.42365527e-01]
0.44236552715301514, -67157.23520517349, 0.11233988680359391, 0.26761400903488813

[-6.81677869e+04  4.42380384e-01]
0.4423803836107254, -68167.78685897589, 0.11234091167934727, 0.2676140091220143

[-6.34644831e+04  4.42371637e-01]
0.4423716366291046, -63464.48312699795, 0.11234030829953388, 0.26761400919620854

[-6.68609155e+04  4.42353621e-01]
0.44235362112522125, -66860.91547459364, 0.11233906537617579, 0.26761400919433703

[-6.57287714e+04  4.42359626e-01]
0.4423596262931824, -65728.77135872841, 0.11233947969152251, 0.26761400923673373

[-6.75751474e+04  4.42356572e-01]
0.44235657155513763, -67575.14739781618, 0.11233926890395579, 0.2676140091616371

[-6.90036112e+04  4.42362472e-01]
0.4423624724149704, -69003.61124426126, 0.11233967600911947, 0.26761400913615074

[-6.85856991e+04  4.42371428e-01]
0.4423714280128479, -68585.69905161858, 0.11234029387093847, 0.267614009028632

[-6.90909749e+04  4.42378856e-01]
0.44237885624170303, -69090.97487851977, 0.11234080632431702, 0.26761400909981675

[-6.67393230e+04  4.42374483e-01]
0.44237448275089264, -66739.3230125308, 0.11234050463219185, 0.2676140091687848

[-6.84375392e+04  4.42365475e-01]
0.44236547499895096, -68437.53918632865, 0.1123398831718545, 0.26761400927278867

[-6.78714671e+04  4.42368478e-01]
0.4423684775829315, -67871.46712839603, 0.11234009029173801, 0.2676140093309899

[-6.87946551e+04  4.42366950e-01]
0.44236695021390915, -68794.65514793992, 0.11233998494030845, 0.26761400915137334

[-6.95088871e+04  4.42369901e-01]
0.44236990064382553, -69508.88707116246, 0.11234018848821914, 0.267614009144447

[-6.92999310e+04  4.42374378e-01]
0.4423743784427643, -69299.93097484112, 0.11234049739772373, 0.26761400900197396

[-6.95525689e+04  4.42378093e-01]
0.44237809255719185, -69552.56888829172, 0.11234075367099744, 0.26761400922939066

[-6.83767430e+04  4.42375906e-01]
0.44237590581178665, -68376.74295529723, 0.1123406027295435, 0.2676140091193523

[-6.86597790e+04  4.42374405e-01]
0.44237440451979637, -68659.77898426354, 0.11234049918843109, 0.26761400905628574

[-6.92258510e+04  4.42371402e-01]
0.4423714019358158, -69225.85104219615, 0.11234029207075565, 0.26761400924717094

[-6.88012970e+04  4.42373654e-01]
0.44237365387380123, -68801.2969987467, 0.11234044743402646, 0.26761400920996564

[-6.89428150e+04  4.42372903e-01]
0.4423729032278061, -68942.81501322985, 0.11234039563126216, 0.2676140091487722

[-6.89798550e+04  4.42374391e-01]
0.4423743914812803, -68979.85497955233, 0.11234049827562585, 0.26761400905231425

[-6.93369709e+04  4.42375867e-01]
0.4423758666962385, -69336.9709411636, 0.11234060005765223, 0.26761400907804694

[-6.92384320e+04  4.42375126e-01]
0.4423751258291304, -69238.43195918016, 0.11234054895054596, 0.26761400896403564

[-6.95585080e+04  4.42375113e-01]
0.44237511279061437, -69558.50795446895, 0.11234054802332451, 0.2676140091588064

[-6.91245182e+04  4.42374572e-01]
0.44237457180861384, -69124.51822328148, 0.11234051075966331, 0.26761400919076944

[-6.92691815e+04  4.42374752e-01]
0.44237475213594735, -69269.18146701064, 0.11234052318281872, 0.2676140090698233

[-6.91091435e+04  4.42374759e-01]
0.44237475865520537, -69109.14346936624, 0.11234052362385928, 0.26761400923494133

[-6.93984700e+04  4.42375119e-01]
0.4423751193098724, -69398.46995682456, 0.11234054846873752, 0.2676140091994621

[-6.93261383e+04  4.42375029e-01]
0.44237502914620563, -69326.13833495998, 0.11234054228702751, 0.2676140091368917

[-6.91814751e+04  4.42374849e-01]
0.4423748488188721, -69181.47509123082, 0.11234052988762676, 0.26761400918537404

[-6.92899725e+04  4.42374984e-01]
0.44237498406437226, -69289.97252402769, 0.11234053919549936, 0.2676140090886109

[-6.92176409e+04  4.42374894e-01]
0.4423748939007055, -69217.64090216311, 0.11234053301877685, 0.26761400913402134

[-6.92718896e+04  4.42374962e-01]
0.44237496152345557, -69271.88961856154, 0.11234053763306562, 0.26761400908740873

[-6.92357238e+04  4.42374916e-01]
0.4423749164416222, -69235.72380762926, 0.1123405345053056, 0.2676140090837402

[-6.92447653e+04  4.42374928e-01]
0.44237492771208053, -69244.76526036233, 0.11234053528976043, 0.2676140092659058

[-6.92538067e+04  4.42374939e-01]
0.4423749389825389, -69253.8067130954, 0.11234053605858664, 0.26761400912685596

[-6.92551608e+04  4.42375044e-01]
0.442375043676293, -69255.16078887085, 0.11234054327639137, 0.26761400915409295

[-6.92370779e+04  4.42375021e-01]
0.4423750211353763, -69237.07788340471, 0.11234054180470662, 0.2676140091961925

[-6.92506401e+04  4.42375038e-01]
0.4423750380410638, -69250.64006250432, 0.11234054290236793, 0.2676140089198514

[-6.92352653e+04  4.42375225e-01]
0.44237522488765535, -69235.26530858909, 0.11234055580594626, 0.2676140090018757

[-6.92399007e+04  4.42375153e-01]
0.44237515341137623, -69239.90065971567, 0.11234055082878365, 0.2676140092018789

[-6.92445360e+04  4.42375082e-01]
0.4423750819350971, -69244.53601084225, 0.11234054595260046, 0.26761400919086253

[-6.92522234e+04  4.42374989e-01]
0.44237498851180135, -69252.22338779987, 0.11234053952477616, 0.26761400920694534

[-6.92429527e+04  4.42375131e-01]
0.4423751314643596, -69242.95268554671, 0.11234054936380183, 0.2676140091064225

[-6.92490567e+04  4.42375088e-01]
0.4423750875703263, -69249.0567372088, 0.11234054635648416, 0.2676140090150366

[-6.92567441e+04  4.42374994e-01]
0.4423749941470305, -69256.74411416642, 0.11234053987206455, 0.2676140090073466

[-6.92583274e+04  4.42374945e-01]
0.44237494461776805, -69258.32743946195, 0.11234053647746271, 0.26761400928168927

[-6.92513744e+04  4.42375052e-01]
0.4423750518321867, -69251.37441277209, 0.11234054385847062, 0.26761400894976356

[-6.92452704e+04  4.42375096e-01]
0.44237509572622, -69245.27036110999, 0.1123405468848978, 0.2676140092341078

[-6.92538757e+04  4.42375020e-01]
0.4423750195418279, -69253.87567590231, 0.11234054170145628, 0.2676140091709653

[-6.92510072e+04  4.42375045e-01]
0.4423750449366253, -69251.0072376382, 0.11234054335460557, 0.2676140090393491

[-6.92536921e+04  4.42375016e-01]
0.44237501609404717, -69253.69208833537, 0.11234054142058511, 0.26761400921228656

[-6.92479552e+04  4.42375067e-01]
0.4423750668836419, -69247.95521180713, 0.11234054485982829, 0.2676140089778654

[-6.9247588e+04  4.4237506e-01]
0.44237505998808047, -69247.58803667323, 0.11234054437086496, 0.2676140093301922

[-6.92501524e+04  4.42375049e-01]
0.44237504869948907, -69250.15243739696, 0.11234054363332192, 0.2676140090829051

[-6.92492976e+04  4.42375052e-01]
0.44237505246235287, -69249.29763715572, 0.11234054385856507, 0.2676140091894232

[-6.92508237e+04  4.42375041e-01]
0.44237504148884454, -69250.82365007125, 0.11234054316832104, 0.26761400905872834

[-6.92521661e+04  4.42375027e-01]
0.4423750270675555, -69252.16607541984, 0.11234054211679473, 0.2676140091803764

[-6.92514490e+04  4.42375033e-01]
0.44237503341625484, -69251.44896585381, 0.11234054255477495, 0.2676140091662129

[-6.92500147e+04  4.42375046e-01]
0.4423750461136535, -69250.01474672175, 0.11234054343560697, 0.26761400918648204

[-6.92510904e+04  4.42375037e-01]
0.4423750365906045, -69251.09041107079, 0.11234054277618898, 0.26761400910709987

[-6.92503733e+04  4.42375043e-01]
0.44237504293930385, -69250.37330150476, 0.11234054324135219, 0.26761400901686616

[-6.92501897e+04  4.42375039e-01]
0.4423750394915231, -69250.18971393784, 0.11234054299977916, 0.26761400908258737

[-6.92506652e+04  4.42375041e-01]
0.4423750409895142, -69250.6651660379, 0.11234054303040952, 0.2676140090310234

[-6.92503482e+04  4.42375040e-01]
0.4423750399908535, -69250.3481979712, 0.11234054305811164, 0.2676140092146218

[-6.92505859e+04  4.42375041e-01]
0.442375040739849, -69250.58592402123, 0.11234054310036609, 0.2676140092069443

[-6.92505067e+04  4.42375040e-01]
0.44237504049018384, -69250.50668200455, 0.11234054310908721, 0.2676140092169101

[-6.92506526e+04  4.42375040e-01]
0.442375039515289, -69250.65261427111, 0.11234054303168853, 0.26761400906471783

[-6.92507860e+04  4.42375037e-01]
0.442375037066169, -69250.78599477088, 0.11234054280506924, 0.2676140090606355

[-6.92507734e+04  4.42375036e-01]
0.4423750355919438, -69250.7734430041, 0.11234054277100146, 0.2676140092691664

[-6.92506828e+04  4.42375039e-01]
0.4423750385344527, -69250.68282145436, 0.11234054297757362, 0.26761400900685234

[-6.92505369e+04  4.42375040e-01]
0.44237503950934753, -69250.53688918782, 0.1123405430407355, 0.2676140092016271

[-6.92507237e+04  4.42375038e-01]
0.4423750376769636, -69250.72371837511, 0.11234054286598713, 0.2676140092203994

[-6.92506614e+04  4.42375038e-01]
0.44237503828775826, -69250.66144197935, 0.11234054289830865, 0.26761400914442246

[-6.92507130e+04  4.42375038e-01]
0.4423750375536164, -69250.7130286376, 0.11234054287155686, 0.2676140090256116

[-6.92506916e+04  4.42375037e-01]
0.44237503730692196, -69250.69164916256, 0.11234054284911266, 0.26761400900189525

[-6.92506187e+04  4.42375038e-01]
0.4423750377943694, -69250.61868302929, 0.11234054288844454, 0.2676140090976733

[-6.92506894e+04  4.42375038e-01]
0.44237503761380464, -69250.68944223553, 0.11234054288824333, 0.2676140089922924

[-6.92506379e+04  4.42375038e-01]
0.44237503834794656, -69250.63785557728, 0.11234054292354631, 0.26761400915377287

[-6.92506782e+04  4.42375038e-01]
0.4423750375671781, -69250.67820076624, 0.11234054288492602, 0.26761400933780244

[-6.92506648e+04  4.42375038e-01]
0.44237503782743426, -69250.66475236992, 0.11234054289127086, 0.2676140091593422

[-6.92506659e+04  4.42375038e-01]
0.4423750376739929, -69250.66585583345, 0.11234054292719692, 0.26761400907148725

[-6.92506412e+04  4.42375038e-01]
0.44237503788762245, -69250.64116596786, 0.11234054288793126, 0.2676140091247868

[-6.92506471e+04  4.42375038e-01]
0.44237503787257537, -69250.64706256837, 0.11234054288934955, 0.2676140092307583

[-6.92506530e+04  4.42375038e-01]
0.44237503785752835, -69250.65295916889, 0.11234054292333175, 0.2676140091568379

[-6.92506524e+04  4.42375038e-01]
0.44237503793424904, -69250.65240743713, 0.11234054287713864, 0.2676140090528763

[-6.92506395e+04  4.42375038e-01]
0.4423750381177845, -69250.63951077254, 0.11234054290003116, 0.2676140088611068

[-6.92506328e+04  4.42375038e-01]
0.4423750382479127, -69250.63278657437, 0.11234054290811805, 0.2676140092507964

[-6.92506272e+04  4.42375038e-01]
0.4423750382245992, -69250.62716583975, 0.11234054293821384, 0.2676140090736822

[-6.92506461e+04  4.42375038e-01]
0.4423750380068366, -69250.64609703778, 0.11234054285546358, 0.2676140089748401

[-6.92506335e+04  4.42375038e-01]
0.4423750381520117, -69250.63347623909, 0.11234054292200078, 0.2676140090482459

[-6.92506429e+04  4.42375038e-01]
0.4423750380431304, -69250.6429418381, 0.11234054290750208, 0.26761400926661083

[-6.92506398e+04  4.42375038e-01]
0.44237503807942413, -69250.63978663844, 0.11234054289960502, 0.2676140091162948

[-6.92506428e+04  4.42375038e-01]
0.44237503806231054, -69250.64280390515, 0.11234054292785693, 0.26761400921635187

[-6.92506365e+04  4.42375038e-01]
0.44237503813489815, -69250.63649350582, 0.1123405429153079, 0.26761400913203903

[-6.92506381e+04  4.42375038e-01]
0.44237503811675116, -69250.63807110566, 0.11234054290769697, 0.26761400914856714

[-6.92506396e+04  4.42375038e-01]
0.44237503809860435, -69250.63964870549, 0.11234054290715731, 0.2676140093015209

[-6.92506412e+04  4.42375038e-01]
0.4423750380900475, -69250.64115733885, 0.11234054293773565, 0.2676140092364802

[-6.92506410e+04  4.42375038e-01]
0.4423750381092276, -69250.64101940591, 0.11234054291723165, 0.26761400902767285

[-6.92506394e+04  4.42375038e-01]
0.44237503813696466, -69250.6393728396, 0.11234054295493404, 0.2676140091405727

[-6.92506398e+04  4.42375038e-01]
0.4423750381252354, -69250.63981896441, 0.11234054285947612, 0.26761400914190353

[-6.92506403e+04  4.42375038e-01]
0.4423750381135061, -69250.64026508923, 0.11234054290366542, 0.2676140090727264

[-6.92506403e+04  4.42375038e-01]
0.442375038103916, -69250.6403340557, 0.11234054293576981, 0.26761400911347094


------------------------------------------------------------
Sender: LSF System <lsfadmin@n-62-21-8>
Subject: Job 1708288: <minimize_batch_job_this_is_on_purpose_to_utilize_more_kernel> in cluster <dcc> Done

Job <minimize_batch_job_this_is_on_purpose_to_utilize_more_kernel> was submitted from host <gbarlogin2> by user <s174007> in cluster <dcc> at Thu Jan 10 17:20:31 2019
Job was executed on host(s) <n-62-21-8>, in queue <hpc>, as user <s174007> in cluster <dcc> at Thu Jan 10 17:20:32 2019
</zhome/b0/b/127184> was used as the home directory.
</zhome/b0/b/127184/Documents/Projects/machine-learning-on-materials> was used as the working directory.
Started at Thu Jan 10 17:20:32 2019
Terminated at Thu Jan 10 18:31:24 2019
Results reported at Thu Jan 10 18:31:24 2019

Your job looked like:

------------------------------------------------------------
# LSBATCH: User input
#!/bin/bash
##Kør på cpu
#BSUB -q hpc
##Navn på job
#BSUB -J minimize_batch_job_this_is_on_purpose_to_utilize_more_kernel
##Output fil
#BSUB -o output/minimize/linear_GP_default_batchjobs-%J.out
##Antal kerner
#BSUB -n 1
##Om kernerne må være på forskellige computere
#BSUB -R "span[hosts=1]"
##Ram pr kerne
#BSUB -R "rusage[mem=10GB]"
##Hvor lang tid må den køre hh:mm
#BSUB -W 45:00
##Email når jobbet starter
##og stopper
module purge
module load python3
python3 KRR/minimizer.py linear 10 GP default [-10000]
------------------------------------------------------------

Successfully completed.

Resource usage summary:

    CPU time :                                   4249.00 sec.
    Max Memory :                                 1323 MB
    Average Memory :                             1054.64 MB
    Total Requested Memory :                     10240.00 MB
    Delta Memory :                               8917.00 MB
    Max Swap :                                   -
    Max Processes :                              4
    Max Threads :                                5
    Run time :                                   4264 sec.
    Turnaround time :                            4253 sec.

The output (if any) is above this job summary.

