Unloaded module: latex/TeXLive12
Loaded module: python3/3.6.2
[10]
[10.0]
[10.  5.]
5.0, 10.0, 0.18761865442523165, 0.2754420905882118

[10.5  5. ]
5.0, 10.5, 0.18761937436004275, 0.2754430441291475

[10.    5.25]
5.25, 10.0, 0.19021241186903165, 0.2761733364262708

[10.5   4.75]
4.75, 10.5, 0.18490940787202467, 0.2747002360024953

[10.75  4.5 ]
4.5, 10.75, 0.18207309972560987, 0.2739464136740756

[10.25  4.5 ]
4.5, 10.25, 0.18207243695252134, 0.27394546946319565

[10.125  4.25 ]
4.25, 10.125, 0.17909703847138034, 0.27317970743673875

[10.875  3.75 ]
3.75, 10.875, 0.17267483927962662, 0.2716186621197131

[11.3125  3.125 ]
3.125, 11.3125, 0.16357205212133652, 0.26961894429855526

[10.6875  2.875 ]
2.875, 10.6875, 0.15951976635721715, 0.2688096637937279

[10.65625  2.0625 ]
2.0625, 10.65625, 0.14418095462150965, 0.26622778930634533

[11.84375  0.9375 ]
0.9375, 11.84375, 0.1140130247254606, 0.2636484129776732

[12.703125 -0.71875 ]
-0.71875, 12.703125, 3.6275715102998602, 4.996927195530694

[11.1875 -0.125 ]
-0.125, 11.1875, 0.9524090165082805, 2.01063707696479

[11.28125  2.3125 ]
2.3125, 11.28125, 0.14931174944686856, 0.26700624682298196

[11.21875  0.6875 ]
0.6875, 11.21875, 0.10489593347894256, 0.26369568799591453

[12.40625 -0.4375 ]
-0.4375, 12.40625, 14.247764648654176, 21.60357427563971

[11.09375  1.4375 ]
1.4375, 11.09375, 0.12918127014807845, 0.2644891359238974

[11.96875  0.1875 ]
0.1875, 11.96875, 0.08284782057253991, 0.2672467883367825

[11.3125  1.125 ]
1.125, 11.3125, 0.12012106494407127, 0.2638629615410242

[11.75  0.5 ]
0.5, 11.75, 0.09720179869355562, 0.26418003079624564

[11.421875  0.96875 ]
0.96875, 11.421875, 0.11507082964631453, 0.2636721262306947

[12.046875  1.21875 ]
1.21875, 12.046875, 0.12297491034682494, 0.2640237006041551

[11.42578125  0.8203125 ]
0.8203125, 11.42578125, 0.10988986848618232, 0.26360970188570076

[11.84765625  0.7890625 ]
0.7890625, 11.84765625, 0.10874694950465998, 0.26361644979893284

[11.4296875  0.671875 ]
0.671875, 11.4296875, 0.10428446724297567, 0.26371760063803623

[11.74023438  0.87109375]
0.87109375, 11.740234375, 0.11170761348064744, 0.2636155486485502

[11.31835938  0.90234375]
0.90234375, 11.318359375, 0.11280215996598247, 0.2636270357809648

[11.71533203  0.81738281]
0.8173828125, 11.71533203125, 0.10978363110978387, 0.2636103235322458

[11.40087891  0.76660156]
0.7666015625, 11.40087890625, 0.10791328598776195, 0.2636253316803166

[11.65539551  0.8449707 ]
0.844970703125, 11.6553955078125, 0.11077863127108631, 0.2636103475392457

[11.48571777  0.79272461]
0.792724609375, 11.4857177734375, 0.10888175058545717, 0.2636148745407403

[11.61297607  0.83190918]
0.8319091796875, 11.61297607421875, 0.11030932869390739, 0.26360954865407127

[11.32342529  0.83483887]
0.8348388671875, 11.32342529296875, 0.11041474595919537, 0.2636092365877894

[11.12747192  0.84356689]
0.84356689453125, 11.127471923828125, 0.11072811646268088, 0.2636095192006759

[11.51062012  0.84643555]
0.846435546875, 11.5106201171875, 0.11083099801819608, 0.2636103247702306

[11.44699097  0.82684326]
0.82684326171875, 11.446990966796875, 0.11012637213010908, 0.26360938528667693

[11.15744019  0.82977295]
0.82977294921875, 11.157440185546875, 0.11023206961667643, 0.26360895317152944

[10.92967224  0.82870483]
0.828704833984375, 10.929672241210938, 0.11019340156066595, 0.26360865008648904

[10.80610657  0.83670044]
0.836700439453125, 10.806106567382812, 0.11048148406210916, 0.26360859311300777

[10.48566437  0.84162903]
0.8416290283203125, 10.485664367675781, 0.1106583309247212, 0.2636084207106318

[10.09191132  0.835495  ]
0.8354949951171875, 10.091911315917969, 0.11043774996439754, 0.2636074409866883

[9.47615433 0.83582306]
0.8358230590820312, 9.476154327392578, 0.11044918945441758, 0.2636063679602607

[9.03214645 0.84874725]
0.8487472534179688, 9.032146453857422, 0.11091228638025835, 0.26360656917353914

[8.02263641 0.84294128]
0.8429412841796875, 8.022636413574219, 0.11070371417745196, 0.26360358861690253

[6.79112244 0.84359741]
0.843597412109375, 6.7911224365234375, 0.11072594212088051, 0.26359984232346345

[7.23513031 0.83067322]
0.8306732177734375, 7.235130310058594, 0.11026182395683909, 0.2636007919133132

[4.55009842 0.83844757]
0.8384475708007812, 4.550098419189453, 0.11053711102969618, 0.26358735878576106

[2.08707047 0.83975983]
0.8397598266601562, 2.0870704650878906, 0.11056994248136531, 0.2635449321385098

[1.64306259 0.85268402]
0.8526840209960938, 1.6430625915527344, 0.11102505141546368, 0.26352523117961046

[-1.15297127  0.86368942]
0.8636894226074219, -1.1529712677001953, 0.11150477383515832, 0.2637861088223956

[-3.06098938  0.84884644]
0.848846435546875, -3.0609893798828125, 0.11094161389470877, 0.2636825865705662

[4.32809448 0.84490967]
0.84490966796875, 4.328094482421875, 0.11076820485521835, 0.2635859435727263

[-0.59796143  0.84753418]
0.8475341796875, -0.59796142578125, 0.11098381703961509, 0.26394372936349425

[3.09658051 0.8455658 ]
0.8455657958984375, 3.0965805053710938, 0.11078654978116448, 0.26357078663566913

[0.63355255 0.84687805]
0.8468780517578125, 0.6335525512695312, 0.11076877448087626, 0.2633785394579222

[-0.59796143  0.84753418]
0.8475341796875, -0.59796142578125, 0.11098381703961509, 0.26394372936349425

[0.18954468 0.85980225]
0.85980224609375, 0.189544677734375, 0.11108351759312428, 0.26294460124977925

[-0.75921822  0.86982346]
0.8698234558105469, -0.7592182159423828, 0.11175310902075328, 0.2638772104143042

[-0.81996536  0.85399628]
0.8539962768554688, -0.8199653625488281, 0.11118324384350786, 0.2638523642917538

[1.0273056  0.85301208]
0.8530120849609375, 1.0273056030273438, 0.11101746778926741, 0.2634682535421291

[-0.20420837  0.85366821]
0.853668212890625, -0.2042083740234375, 0.1115024801235034, 0.26480426112539757

[0.71942711 0.85317612]
0.8531761169433594, 0.7194271087646484, 0.11100233443976998, 0.2634060533099527

[0.10367012 0.85350418]
0.8535041809082031, 0.10367012023925781, 0.11074976756526787, 0.2626011475605339

[-0.20420837  0.85366821]
0.853668212890625, -0.2042083740234375, 0.1115024801235034, 0.26480426112539757

[-0.34033775  0.86642838]
0.8664283752441406, -0.34033775329589844, 0.11176068596837202, 0.26424378332062703

[0.39007998 0.85176563]
0.8517656326293945, 0.39007997512817383, 0.11089848028038152, 0.26324578491284295

[-0.09686518  0.86154079]
0.8615407943725586, -0.09686517715454102, 0.11285805368597975, 0.2677770287048826

[0.26834369 0.85420942]
0.8542094230651855, 0.2683436870574951, 0.11093885337544448, 0.26310617938208597

[0.02487111 0.859097  ]
0.8590970039367676, 0.024871110916137695, 0.11071536638466041, 0.2618094416640428

[-0.09686518  0.86154079]
0.8615407943725586, -0.09686517715454102, 0.11285805368597975, 0.2677770287048826

[-0.06100345  0.85279894]
0.8527989387512207, -0.06100344657897949, 0.1171045260989376, 0.27996399802587363

[0.12690765 0.85805142]
0.8580514192581177, 0.12690764665603638, 0.11094957521285778, 0.2627231286637854

[0.00163358 0.85454977]
0.854549765586853, 0.0016335844993591309, 0.11051701910762142, 0.261503852011054

[-0.06100345  0.85279894]
0.8527989387512207, -0.06100344657897949, 0.1171045260989376, 0.27996399802587363

[-0.07716542  0.86014259]
0.8601425886154175, -0.07716542482376099, 0.11395912690479255, 0.27088757221972093

[0.05846123 0.85516378]
0.8551637828350067, 0.05846123397350311, 0.11069783897907162, 0.26224377710477353

[-0.03195654  0.85848299]
0.8584829866886139, -0.03195653855800629, 0.122283966480928, 0.2885716445847512

[0.03585679 0.85599358]
0.8559935837984085, 0.03585679084062576, 0.11064821736950313, 0.2619706325241441

[-0.0093521   0.85765319]
0.8576531857252121, -0.009352095425128937, 0.11078330027665398, 0.26168926899479833

[-0.03258962  0.85310595]
0.8531059473752975, -0.0325896218419075, 0.12432284589018557, 0.2941301277499483

[0.01050593 0.85759924]
0.8575992397964001, 0.010505927726626396, 0.11061890225637287, 0.261591981011728

[0.02149161 0.85449582]
0.854495819658041, 0.021491607651114464, 0.1105406713343642, 0.2617573760573705

[-0.00164117  0.85686384]
0.8568638442084193, -0.0016411696560680866, 0.11061892487481298, 0.26150452914479155

[-0.01051351  0.85381437]
0.8538143699988723, -0.010513512883335352, 0.11068503365661361, 0.26175527202125287

[0.00525107 0.85665302]
0.8566530223470181, 0.005251067574135959, 0.110583006119483, 0.2615294950723619

[-0.00525865  0.85476059]
0.8547605874482542, -0.005258652730844915, 0.1105869559397662, 0.26154606589874935

[0.00262364 0.85617991]
0.8561799136223271, 0.0026236374978907406, 0.11057135139482613, 0.26150904475138176

[-0.00263122  0.8552337 ]
0.8552336961729452, -0.0026312226545996964, 0.11057010040422152, 0.26151017789966324

[0.00130992 0.85594336]
0.8559433592599817, 0.0013099224597681314, 0.11056781030246902, 0.26150304228762616

[0.00458468 0.85362928]
0.8536292806384154, 0.004584676615195349, 0.11047668854053215, 0.26152288575738225

[-8.47080883e-05  8.56055203e-01]
0.8560552033159183, -8.470808825222775e-05, 0.11057902559317839, 0.26150077818966827

[-4.08370128e-04  8.57448797e-01]
0.857448796989047, -0.00040837012784322724, 0.11063051746394367, 0.26150136483519465

[-0.001803    0.85756064]
0.8575606410449836, -0.0018030006758635864, 0.11064505035012441, 0.2615055654521509

[5.31691676e-04 8.56347680e-01]
0.8563476797062322, 0.0005316916758602019, 0.11058590584303321, 0.26150130975378255

[0.00085535 0.85495409]
0.8549540860331035, 0.0008553537154512014, 0.11053481239804828, 0.2615015343728222

[-9.24391670e-05  8.56825119e-01]
0.8568251192500611, -9.243916701962007e-05, 0.11060639435999654, 0.26150100946538796


------------------------------------------------------------
Sender: LSF System <lsfadmin@n-62-21-108>
Subject: Job 1708359: <minimize_batch_job_this_is_on_purpose_to_utilize_more_kernel> in cluster <dcc> Done

Job <minimize_batch_job_this_is_on_purpose_to_utilize_more_kernel> was submitted from host <gbarlogin2> by user <s174007> in cluster <dcc> at Thu Jan 10 17:20:39 2019
Job was executed on host(s) <n-62-21-108>, in queue <hpc>, as user <s174007> in cluster <dcc> at Thu Jan 10 17:20:40 2019
</zhome/b0/b/127184> was used as the home directory.
</zhome/b0/b/127184/Documents/Projects/machine-learning-on-materials> was used as the working directory.
Started at Thu Jan 10 17:20:40 2019
Terminated at Thu Jan 10 18:15:05 2019
Results reported at Thu Jan 10 18:15:05 2019

Your job looked like:

------------------------------------------------------------
# LSBATCH: User input
#!/bin/bash
##Kør på cpu
#BSUB -q hpc
##Navn på job
#BSUB -J minimize_batch_job_this_is_on_purpose_to_utilize_more_kernel
##Output fil
#BSUB -o output/minimize/linear_GP_newest_batchjobs-%J.out
##Antal kerner
#BSUB -n 1
##Om kernerne må være på forskellige computere
#BSUB -R "span[hosts=1]"
##Ram pr kerne
#BSUB -R "rusage[mem=10GB]"
##Hvor lang tid må den køre hh:mm
#BSUB -W 45:00
##Email når jobbet starter
##og stopper
module purge
module load python3
python3 KRR/minimizer.py linear 5 GP newest [10]
------------------------------------------------------------

Successfully completed.

Resource usage summary:

    CPU time :                                   3262.01 sec.
    Max Memory :                                 2014 MB
    Average Memory :                             1782.03 MB
    Total Requested Memory :                     10240.00 MB
    Delta Memory :                               8226.00 MB
    Max Swap :                                   -
    Max Processes :                              4
    Max Threads :                                5
    Run time :                                   3265 sec.
    Turnaround time :                            3266 sec.

The output (if any) is above this job summary.

