Unloaded module: latex/TeXLive12
Loaded module: python3/3.6.2
[10]
[10.0]
[10.    0.01]
0.01, 10.0, 0.0767419640371825, 0.2822587898200537

[1.05e+01 1.00e-02]
0.01, 10.5, 0.07674196456809824, 0.28225878499251306

[10.      0.0105]
0.0105, 10.0, 0.07679879203275984, 0.28221933029345

[10.5     0.0105]
0.0105, 10.5, 0.07679879260998072, 0.2822193252905794

[1.075e+01 1.075e-02]
0.01075, 10.75, 0.0768279088606227, 0.2821998862428658

[10.25     0.01125]
0.011249999999999998, 10.25, 0.07688750851425129, 0.2821615898179327

[10.125     0.011875]
0.011875, 10.125, 0.07696450341377001, 0.28211475812407616

[10.875     0.012125]
0.012124999999999999, 10.875, 0.07699605730614205, 0.28209633278231316

[11.3125     0.0129375]
0.012937499999999994, 11.3125, 0.07710148436592863, 0.2820376766326319

[10.6875     0.0140625]
0.014062499999999995, 10.6875, 0.07725442072734566, 0.2819593873932253

[10.65625     0.01571875]
0.015718749999999997, 10.65625, 0.07749329129826801, 0.28184986578065074

[11.84375     0.01678125]
0.01678124999999999, 11.84375, 0.07765451157064401, 0.2817829446593765

[12.703125    0.01923437]
0.019234374999999984, 12.703125, 0.0780483203756742, 0.28163758165987146

[12.046875    0.02201562]
0.022015624999999987, 12.046875, 0.07852716980843445, 0.2814866533012474

[12.4140625   0.02655469]
0.026554687499999986, 12.4140625, 0.07937029186857807, 0.28126751770854463

[14.4609375   0.03007031]
0.030070312499999974, 14.4609375, 0.08006626194180336, 0.2811176513637266

[16.36328125  0.03724609]
0.03724609374999996, 16.36328125, 0.08157449561561944, 0.2808562490658798

[16.07421875  0.04456641]
0.044566406249999954, 16.07421875, 0.08319915696776484, 0.2806399351458512

[17.75976562  0.05723242]
0.05723242187499994, 17.759765625, 0.08612714779611831, 0.28035791733183274

[21.70898438  0.06792383]
0.06792382812499992, 21.708984375, 0.08864990260276906, 0.28019011862043897

[26.35644531  0.0886084 ]
0.08860839843749989, 26.3564453125, 0.09352518453804501, 0.2799986997942595

[27.75292969  0.10859473]
0.10859472656249988, 27.7529296875, 0.09812577159508089, 0.2799355865846126

[33.44775391  0.14426904]
0.14426904296874984, 33.44775390625, 0.10591891693699479, 0.2800232408332373

[36.34960938  0.1399707 ]
0.13997070312499982, 36.349609375, 0.1050107983788691, 0.28000203314609085

[31.70214844  0.11928613]
0.11928613281249986, 31.7021484375, 0.10052147934441183, 0.27993877761327557

[33.09863281  0.13927246]
0.13927246093749984, 33.0986328125, 0.10486246105920685, 0.2799988509735736

[28.04199219  0.10127441]
0.10127441406249987, 28.0419921875, 0.09645788293057984, 0.27994726542104376

[31.41308594  0.12660645]
0.12660644531249987, 31.4130859375, 0.10213264429964412, 0.27995327407478643

[28.88476562  0.10760742]
0.10760742187499987, 28.884765625, 0.09790208715528757, 0.27993645609163204

[24.93554688  0.09691602]
0.09691601562499988, 24.935546875, 0.09545499113511033, 0.27996024254968804

[30.01049805  0.1136936 ]
0.11369360351562487, 30.010498046875, 0.09927448045577668, 0.2799342822595799

[28.87866211  0.11468091]
0.11468090820312489, 28.878662109375, 0.09949561644981181, 0.27993464977497395

[31.13623047  0.11977979]
0.11977978515624987, 31.13623046875, 0.1006308863985313, 0.27993946127787134

[28.59875488  0.11139099]
0.11139099121093737, 28.5987548828125, 0.09875709843126097, 0.2799342122299347

[29.73059082  0.11040369]
0.11040368652343734, 29.7305908203125, 0.09853456996789846, 0.27993449985627733

[29.51760864  0.11147299]
0.11147299194335922, 29.517608642578125, 0.09877556505314959, 0.2799341895418836

[28.10586548  0.10917038]
0.10917037963867172, 28.105865478515625, 0.0982560084657433, 0.2799351678158652

[29.5343399  0.1125628]
0.11256279754638658, 29.534339904785156, 0.09902068047346345, 0.2799341125255593

