Unloaded module: latex/TeXLive12
Loaded module: python3/3.6.2
[5]
[5.0]
[5. 1.]
1.0, 5.0, 0.20957785479888685, 0.29785165616677617

[5.25 1.  ]
1.0, 5.25, 0.20957790253556124, 0.2978513948397797

[5.   1.05]
1.05, 5.0, 0.21269457453325355, 0.29875409990183227

[5.25 0.95]
0.95, 5.25, 0.2063197370313878, 0.2969337826475695

[5.375 0.9  ]
0.8999999999999999, 5.375, 0.2029073547080021, 0.2960007635643118

[5.625 0.9  ]
0.8999999999999999, 5.625, 0.2029073935162399, 0.29600054828256495

[5.9375 0.85  ]
0.8499999999999996, 5.9375, 0.19932619758473635, 0.29505209641184393

[6.0625 0.75  ]
0.7499999999999996, 6.0625, 0.1915876128679769, 0.2931101451232483

[6.46875 0.625  ]
0.6249999999999991, 6.46875, 0.1806038409403961, 0.29060200830302857

[7.03125 0.575  ]
0.5749999999999988, 7.03125, 0.17570924596259282, 0.28957661486332176

[7.859375 0.4125  ]
0.4124999999999983, 7.859375, 0.1571462889366144, 0.2861937503855996

[8.390625 0.1875  ]
0.18749999999999778, 8.390625, 0.12051160421503503, 0.2817714233839773

[ 9.6171875 -0.14375  ]
-0.14375000000000315, 9.6171875, 1.666756072012824, 1.771061008988681

[ 9.78125 -0.025  ]
-0.02500000000000302, 9.78125, 0.44474162209573154, 0.7022121459706272

[7.296875 0.4625  ]
0.4624999999999986, 7.296875, 0.16336051263457027, 0.2872384165774618

[8.953125 0.1375  ]
0.1374999999999975, 8.953125, 0.10943812144646026, 0.2810162201806795

[ 9.78125 -0.025  ]
-0.02500000000000302, 9.78125, 0.44474162209573154, 0.7022121459706272

[ 9.484375 -0.0875  ]
-0.08750000000000302, 9.484375, 4.010217803002307, 4.894489698054259

[8.265625 0.2875  ]
0.287499999999998, 8.265625, 0.13894671595314878, 0.28363010632111524

[9.078125 0.0375  ]
0.03749999999999731, 9.078125, 0.0831402151111251, 0.28062605449295064

[ 9.484375 -0.0875  ]
-0.08750000000000302, 9.484375, 4.010217803002307, 4.894489698054259

[ 9.640625 -0.0125  ]
-0.012500000000002953, 9.640625, 0.23971756097951058, 0.554567557445431

[8.703125 0.1375  ]
0.1374999999999976, 8.703125, 0.10943811383997963, 0.2810162488980381

[9.328125 0.0375  ]
0.03749999999999723, 9.328125, 0.08314021775217682, 0.2806260410490399

[ 9.640625 -0.0125  ]
-0.012500000000002953, 9.640625, 0.23971756097951058, 0.554567557445431

[ 9.453125 -0.0625  ]
-0.06250000000000297, 9.453125, 1.1659742533887762, 1.4126712559015624

[9.078125 0.0875  ]
0.08749999999999739, 9.078125, 0.09682741154826943, 0.2805217130294324

[9.328125 0.0875  ]
0.0874999999999973, 9.328125, 0.09682741709141214, 0.2805216925458132

[9.453125 0.1125  ]
0.1124999999999973, 9.453125, 0.1033299841916412, 0.2807237944884461

[9.078125 0.1375  ]
0.13749999999999746, 9.078125, 0.10943812509272091, 0.2810162064151596

[9.265625 0.0625  ]
0.06249999999999729, 9.265625, 0.08999871284617389, 0.280457393015382

[9.515625 0.0625  ]
0.0624999999999972, 9.515625, 0.08999871701263565, 0.28045737654655284

[9.734375 0.05    ]
0.0499999999999971, 9.734375, 0.08653613376836326, 0.2805030763866345

[9.453125 0.0375  ]
0.037499999999997174, 9.453125, 0.08314021902033661, 0.28062603459344726

[9.359375 0.075   ]
0.07499999999999726, 9.359375, 0.0934438972582545, 0.2804680465346039

[9.421875 0.05    ]
0.04999999999999721, 9.421875, 0.08653612966346504, 0.28050309410312657

[9.375   0.06875]
0.06874999999999726, 9.375, 0.09172690481096785, 0.2804566315423812

[9.625   0.06875]
0.06874999999999717, 9.625, 0.09172690920371422, 0.2804566146403082

[9.8046875 0.071875 ]
0.07187499999999712, 9.8046875, 0.09258712647509912, 0.2804608877847724

[9.484375 0.075   ]
0.07499999999999724, 9.484375, 0.09344389964046573, 0.28046803754210353

[9.5078125 0.065625 ]
0.06562499999999721, 9.5078125, 0.09086386718354378, 0.28045537415452393

[9.7578125 0.065625 ]
0.06562499999999713, 9.7578125, 0.09086387130304951, 0.2804553581068955

[9.94921875 0.0640625 ]
0.06406249999999708, 9.94921875, 0.09043151348265517, 0.28045592748865056

[9.640625 0.0625  ]
0.06249999999999717, 9.640625, 0.08999871901486975, 0.28045736863243736

[9.62890625 0.0671875 ]
0.06718749999999718, 9.62890625, 0.09129570043470382, 0.2804555978332046

[9.63671875 0.0640625 ]
0.06406249999999716, 9.63671875, 0.09043150859544051, 0.2804559466602239

[9.63085938 0.06640625]
0.06640624999999717, 9.630859375, 0.09107985702040869, 0.2804553821226057

[9.63476562 0.06484375]
0.06484374999999717, 9.634765625, 0.0906477490216663, 0.28045555301752023

