Unloaded module: latex/TeXLive12
Loaded module: python3/3.6.2
[10]
[10.0]
[10.  5.]
5.0, 10.0, 0.28343391168261783, 0.3160957187019293

[10.5  5. ]
5.0, 10.5, 0.28343418653815033, 0.31609545786462045

[10.    5.25]
5.25, 10.0, 0.28601117117465896, 0.3174969221975913

[10.5   4.75]
4.75, 10.5, 0.28072434635071025, 0.3146475673082241

[10.75  4.5 ]
4.5, 10.75, 0.27786760663961346, 0.3131494501428955

[11.25  4.5 ]
4.5, 11.25, 0.2778678352595355, 0.3131492696369004

[11.875  4.25 ]
4.25, 11.875, 0.27484728798254754, 0.3115971737330563

[12.125  3.75 ]
3.75, 12.125, 0.268230341677863, 0.30831405618178803

[12.9375  3.125 ]
3.125, 12.9375, 0.2585876613386581, 0.3038195606582359

[14.0625  2.875 ]
2.875, 14.0625, 0.2541776362502945, 0.30187979874504434

[15.71875  2.0625 ]
2.0625, 15.71875, 0.23663450050668086, 0.2948901290802528

[16.78125  0.9375 ]
0.9375, 16.78125, 0.19583445251240156, 0.2831361064521466

[19.234375 -0.71875 ]
-0.71875, 19.234375, 4.6547597953988555, 5.357723593874635

[19.5625 -0.125 ]
-0.125, 19.5625, 20.172707222541348, 34.41622322531044

[14.59375  2.3125 ]
2.3125, 14.59375, 0.24266993265817827, 0.2971635884540876

[17.90625  0.6875 ]
0.6875, 17.90625, 0.18058960067445062, 0.28037255422228563

[19.5625 -0.125 ]
-0.125, 19.5625, 20.172707222541348, 34.41622322531044

[18.96875 -0.4375 ]
-0.4375, 18.96875, 22.15454247930429, 26.842134440147287

[16.53125  1.4375 ]
1.4375, 16.53125, 0.21771578236182393, 0.2886566102787099

[18.15625  0.1875 ]
0.1875, 18.15625, 0.12732986640979885, 0.27839021394949515

[18.96875 -0.4375 ]
-0.4375, 18.96875, 22.15454247930429, 26.842134440147287

[19.28125 -0.0625 ]
-0.0625, 19.28125, 8.025303282217438, 15.732815954490604

[17.40625  0.6875 ]
0.6875, 17.40625, 0.18058955827496306, 0.2803725046360314

[17.65625  0.1875 ]
0.1875, 17.65625, 0.12732984691430302, 0.27839018804239596

[17.53125 -0.0625 ]
-0.0625, 17.53125, 8.025298781673685, 15.732805583298598

[18.40625 -0.3125 ]
-0.3125, 18.40625, 31.514066331200347, 42.046436439321155

[17.65625  0.4375 ]
0.4375, 17.65625, 0.15982652521466206, 0.27809387278195696

[17.15625  0.4375 ]
0.4375, 17.15625, 0.15982648995410276, 0.27809382676167654

[16.65625  0.5625 ]
0.5625, 16.65625, 0.17112774899850874, 0.2791161090553023

[17.15625  0.6875 ]
0.6875, 17.15625, 0.18058953614970674, 0.28037247876045074

[17.53125  0.3125 ]
0.3125, 17.53125, 0.14581136934299038, 0.27759131850170427

[17.03125  0.3125 ]
0.3125, 17.03125, 0.14581133973748067, 0.2775912787084845

[16.71875  0.25   ]
0.25, 16.71875, 0.13730383091208742, 0.2777345253324897

[17.40625  0.1875 ]
0.1875, 17.40625, 0.12732983674684276, 0.27839017453117626

[17.21875  0.375  ]
0.375, 17.21875, 0.15323669435629045, 0.2777481179174748

[17.34375  0.25   ]
0.25, 17.34375, 0.13730386396303706, 0.2777345698678254

[17.3125   0.28125]
0.28125, 17.3125, 0.14171263206720358, 0.2776155893817004

[17.25     0.34375]
0.34375, 17.25, 0.1496415660710314, 0.2776406213279789

[17.296875  0.296875]
0.296875, 17.296875, 0.14379793387951997, 0.27759308533173227

[17.265625  0.328125]
0.328125, 17.265625, 0.14775777261429898, 0.27760782988442195

[17.2890625  0.3046875]
0.3046875, 17.2890625, 0.14481331197363212, 0.27758976129645896

[16.7890625  0.3046875]
0.3046875, 16.7890625, 0.1448132819879554, 0.27758972095578727

[16.41796875  0.30078125]
0.30078125, 16.41796875, 0.14430777491773492, 0.27759072511043414

[17.046875  0.296875]
0.296875, 17.046875, 0.14379791935458242, 0.27759306577621384

[17.03515625  0.30859375]
0.30859375, 17.03515625, 0.14531444760561005, 0.27758992086001444

[17.04296875  0.30078125]
0.30078125, 17.04296875, 0.14430781349171637, 0.27759077702543594

[17.03710938  0.30664062]
0.306640625, 17.037109375, 0.14506440932854578, 0.2775896815837968

[16.53710938  0.30664062]
0.306640625, 16.537109375, 0.14506437831540536, 0.277589639869966

[16.16113281  0.30761719]
0.3076171875, 16.1611328125, 0.14518950646774162, 0.2775896892808368

[16.78515625  0.30859375]
0.30859375, 16.78515625, 0.14531443226687588, 0.2775899002334711

[16.78808594  0.30566406]
0.3056640625, 16.7880859375, 0.14493897283875792, 0.277589653320383

[16.28808594  0.30566406]
0.3056640625, 16.2880859375, 0.14493894094768248, 0.2775896104209674

[15.91357422  0.30517578]
0.30517578125, 15.91357421875, 0.14487610412790186, 0.27758960091749096

[15.66259766  0.30615234]
0.30615234375, 15.66259765625, 0.14500164238382435, 0.27758954732576524

[15.09985352  0.30639648]
0.306396484375, 15.099853515625, 0.14503294769435068, 0.2775894956852254

[14.47631836  0.30493164]
0.304931640625, 14.476318359375, 0.1448445643585507, 0.2775894740572126

[13.44592285  0.30407715]
0.3040771484375, 13.4459228515625, 0.1447343303023556, 0.2775894553726979

[12.63220215  0.30529785]
0.3052978515625, 12.6322021484375, 0.14489152896770177, 0.27758921047644414

[10.99151611  0.30535889]
0.30535888671875, 10.99151611328125, 0.14489917615784764, 0.2775889300864175

[9.33758545 0.30303955]
0.30303955078125, 9.33758544921875, 0.14459973980930757, 0.2775888986744983

[6.45645142 0.30136108]
0.301361083984375, 6.456451416015625, 0.144381462068584, 0.2775883097616045

[4.00204468 0.30264282]
0.302642822265625, 4.002044677734375, 0.14454594863538883, 0.2775856830222126

[-0.71989441  0.30192566]
0.3019256591796875, -0.7198944091796875, 0.14448198599221948, 0.2776248546428945

[-0.53302002  0.29864502]
0.29864501953125, -0.53302001953125, 0.14406378953557678, 0.27763804644923723

[8.11038208 0.30368042]
0.303680419921875, 8.110382080078125, 0.14468227344032678, 0.2775883819284687

[2.34811401 0.30032349]
0.300323486328125, 2.348114013671875, 0.14424198976277786, 0.277582501514368

[-0.53302002  0.29864502]
0.29864501953125, -0.53302001953125, 0.14406378953557678, 0.27763804644923723

[-0.10629272  0.30160522]
0.301605224609375, -0.106292724609375, 0.14460538706880502, 0.27784797410416406

[4.81576538 0.30142212]
0.301422119140625, 4.815765380859375, 0.14438847447589387, 0.27758706340223455

[1.53439331 0.30154419]
0.301544189453125, 1.534393310546875, 0.1443967195756659, 0.27757680081491537

[-0.10629272  0.30160522]
0.301605224609375, -0.106292724609375, 0.14460538706880502, 0.27784797410416406

[-0.11953735  0.29922485]
0.299224853515625, -0.119537353515625, 0.1442709731625485, 0.27781553601933945

[2.97164917 0.30178833]
0.301788330078125, 2.971649169921875, 0.14443376463295687, 0.27758394950996057

[0.91085815 0.30007935]
0.300079345703125, 0.910858154296875, 0.14419887954201027, 0.27756736335930354

[-0.11953735  0.29922485]
0.299224853515625, -0.119537353515625, 0.1442709731625485, 0.27781553601933945

[0.09713745 0.30130005]
0.301300048828125, 0.097137451171875, 0.14422289774282607, 0.2773864704759639

[-1.02835083  0.30178833]
0.301788330078125, -1.028350830078125, 0.144456682169703, 0.27761480004031436

[-0.52639771  0.29983521]
0.299835205078125, -0.526397705078125, 0.1442195223225424, 0.27763808297441833

[1.01919556 0.30111694]
0.301116943359375, 1.019195556640625, 0.14433570604378457, 0.2775694920002704

[-0.01119995  0.30026245]
0.300262451171875, -0.011199951171875, 0.1643332224209784, 0.3062599063769797

[0.76159668 0.30090332]
0.3009033203125, 0.7615966796875, 0.1443024180832516, 0.27756213104884386

[-0.05212402  0.30212402]
0.3021240234375, -0.0521240234375, 0.14494276671525155, 0.27821541177428977

[0.67011261 0.30059052]
0.30059051513671875, 0.6701126098632812, 0.14425880444233224, 0.27755828885436584

[0.00565338 0.30098724]
0.30098724365234375, 0.00565338134765625, 0.14371474672141543, 0.2768051334201972

[-0.37231827  0.30102921]
0.3010292053222656, -0.3723182678222656, 0.1443895152940392, 0.2776573509516774

[-0.56732178  0.30169678]
0.30169677734375, -0.56732177734375, 0.1444590929119061, 0.2776340773041718

[0.36075401 0.30086708]
0.30086708068847656, 0.36075401306152344, 0.1442739858890448, 0.27753027230549293

[-0.25796318  0.30142021]
0.3014202117919922, -0.2579631805419922, 0.14446315735908133, 0.27768806625284753

[0.20607471 0.30100536]
0.30100536346435547, 0.20607471466064453, 0.14425985064690341, 0.27748715362363946

[-0.10328388  0.30128193]
0.3012819290161133, -0.10328388214111328, 0.14456970797412896, 0.2778566210022702

[0.12873507 0.3010745 ]
0.3010745048522949, 0.12873506546020508, 0.1442270733659944, 0.2774312338812501

[-0.02594423  0.30121279]
0.30121278762817383, -0.025944232940673828, 0.14573869391289632, 0.27947403156661876

[0.09006524 0.30110908]
0.30110907554626465, 0.09006524085998535, 0.14418797721929216, 0.27737304906215093

[-0.00141883  0.30079627]
0.3007962703704834, -0.0014188289642333984, 0.14431112700804216, 0.277787713564846

[0.07249838 0.3011741 ]
0.3011741042137146, 0.0724983811378479, 0.14416418633707703, 0.27733012464125095

[-0.01191348  0.30105227]
0.3010522723197937, -0.011913478374481201, 0.15838949530977836, 0.29747097591527033

[0.06457056 0.30109487]
0.3010948747396469, 0.06457056105136871, 0.14413488188981566, 0.2773049058746599

[-0.00227444  0.30090801]
0.30090801417827606, -0.002274438738822937, 0.14472032337363652, 0.2783763449114056

[0.05380518 0.30110758]
0.30110758170485497, 0.05380517616868019, 0.1441039589330665, 0.2772617512272746

[-0.005112    0.30099995]
0.3009999506175518, -0.005112003535032272, 0.15013646391687216, 0.28629392119355557

[0.04714992 0.30107114]
0.30107114370912313, 0.04714991990476847, 0.14407379203518303, 0.27722817505518405

[-0.00100187  0.30095081]
0.3009508056566119, -0.001001874916255474, 0.14419974177346093, 0.27758896559271873

[0.04010341 0.30106839]
0.3010683876927942, 0.040103413397446275, 0.1440403100556469, 0.27718457971986177

[-0.00139313  0.30098449]
0.3009844876360148, -0.0013931251596659422, 0.14432715871421906, 0.2777741808790876

[0.03501416 0.30104948]
0.30104947969084606, 0.035014158638659865, 0.14400871913708765, 0.2771464025404763

[0.00056413 0.30096834]
0.3009683356503956, 0.0005641265888698399, 0.14390599775971766, 0.2771356444249024

[-0.02879665  0.3009061 ]
0.3009060996118933, -0.028796650702133775, 0.14545952466057122, 0.27914347057905675

[0.01906146 0.30101363]
0.30101363467110787, 0.019061456303461455, 0.1438682680960406, 0.27697136292116764

[0.02415071 0.30103254]
0.301032542673056, 0.024150711062247865, 0.1439232101461672, 0.2770382967506328

[0.01825406 0.30101649]
0.3010164909173909, 0.01825406494390336, 0.14385937399917145, 0.27695967870336524

[0.00484599 0.3009901 ]
0.3009900998986268, 0.004845989988098154, 0.1437169465715269, 0.2768136331307166

[-0.00775469  0.30096085]
0.30096085263357963, -0.007754693608148955, 0.31113735989913754, 0.5351201489204604

[0.01175188 0.30100258]
0.3010025813464381, 0.01175187530589028, 0.14377527798872425, 0.2768590823182212

[-0.0012525   0.30097476]
0.30097476220453245, -0.0012525039701358764, 0.1442785310422113, 0.2777030022343714

[0.00850078 0.30099563]
0.3009956265609617, 0.008500780486883741, 0.1437345396213614, 0.2768154129362645

[0.00199859 0.30098172]
0.30098171699000886, 0.0019985908488706627, 0.14378730603637366, 0.27694338843670313

[0.00687523 0.30099215]
0.3009921491682235, 0.0068752330773804715, 0.14371991447846577, 0.2768038255354899

[0.00768262 0.30098929]
0.30098929292194043, 0.007682624436938568, 0.14372574138908623, 0.27680817125390483

[0.00697347 0.30098949]
0.300989494666112, 0.006973465824728464, 0.1437202129799865, 0.276804174088814

[0.00819532 0.3009944 ]
0.30099440018199175, 0.008195317554452686, 0.1437312406303818, 0.27681243033786307

[0.00628887 0.30098903]
0.30098903278475575, 0.006288865399355359, 0.14371645306885705, 0.2768030380769921


------------------------------------------------------------
Sender: LSF System <lsfadmin@n-62-21-22>
Subject: Job 1708328: <minimize_batch_job_this_is_on_purpose_to_utilize_more_kernel> in cluster <dcc> Done

Job <minimize_batch_job_this_is_on_purpose_to_utilize_more_kernel> was submitted from host <gbarlogin2> by user <s174007> in cluster <dcc> at Thu Jan 10 17:20:36 2019
Job was executed on host(s) <n-62-21-22>, in queue <hpc>, as user <s174007> in cluster <dcc> at Thu Jan 10 17:20:37 2019
</zhome/b0/b/127184> was used as the home directory.
</zhome/b0/b/127184/Documents/Projects/machine-learning-on-materials> was used as the working directory.
Started at Thu Jan 10 17:20:37 2019
Terminated at Thu Jan 10 17:42:53 2019
Results reported at Thu Jan 10 17:42:53 2019

Your job looked like:

------------------------------------------------------------
# LSBATCH: User input
#!/bin/bash
##Kør på cpu
#BSUB -q hpc
##Navn på job
#BSUB -J minimize_batch_job_this_is_on_purpose_to_utilize_more_kernel
##Output fil
#BSUB -o output/minimize/linear_GP_faulty_batchjobs-%J.out
##Antal kerner
#BSUB -n 1
##Om kernerne må være på forskellige computere
#BSUB -R "span[hosts=1]"
##Ram pr kerne
#BSUB -R "rusage[mem=10GB]"
##Hvor lang tid må den køre hh:mm
#BSUB -W 45:00
##Email når jobbet starter
##og stopper
module purge
module load python3
python3 KRR/minimizer.py linear 5 GP faulty [10]
------------------------------------------------------------

Successfully completed.

Resource usage summary:

    CPU time :                                   1335.19 sec.
    Max Memory :                                 853 MB
    Average Memory :                             658.98 MB
    Total Requested Memory :                     10240.00 MB
    Delta Memory :                               9387.00 MB
    Max Swap :                                   -
    Max Processes :                              4
    Max Threads :                                5
    Run time :                                   1367 sec.
    Turnaround time :                            1337 sec.

The output (if any) is above this job summary.

