Unloaded module: latex/TeXLive12
Loaded module: python3/3.6.2
[-10000]
[-10000.0]
[-1.e+04  5.e+00]
5.0, -10000.0, 0.2709955359512529, 0.32315576350235803

[-1.05e+04  5.00e+00]
5.0, -10500.0, 0.2709955358657654, 0.32315576396183315

[-1.00e+04  5.25e+00]
5.25, -10000.0, 0.27427734089161293, 0.3245948755477962

[-1.05e+04  4.75e+00]
4.75, -10500.0, 0.26754472768965226, 0.3216710790062099

[-1.075e+04  4.500e+00]
4.5, -10750.0, 0.2639074622159924, 0.3201379041257594

[-1.025e+04  4.500e+00]
4.5, -10250.0, 0.2639074622915885, 0.32013790369898093

[-1.0125e+04  4.2500e+00]
4.25, -10125.0, 0.26006351601186317, 0.3185530825168688

[-1.0875e+04  3.7500e+00]
3.75, -10875.0, 0.2516569739634872, 0.3152146007055852

[-1.13125e+04  3.12500e+00]
3.125, -11312.5, 0.23946381281174028, 0.3106846318915778

[-1.06875e+04  2.87500e+00]
2.875, -10687.5, 0.23392012164693365, 0.3087477902505579

[-1.065625e+04  2.062500e+00]
2.0625, -10656.25, 0.21216560057188205, 0.301889827516806

[-1.184375e+04  9.375000e-01]
0.9375, -11843.75, 0.16433479406861695, 0.29089581172366274

[-1.2703125e+04 -7.1875000e-01]
-0.71875, -12703.125, 65.96947784025423, 66.4391606121947

[-1.11875e+04 -1.25000e-01]
-0.125, -11187.5, 8.790885536930126, 11.42425804366578

[-1.128125e+04  2.312500e+00]
2.3125, -11281.25, 0.2195884726429763, 0.3040969406767386

[-1.121875e+04  6.875000e-01]
0.6875, -11218.75, 0.14776866427711122, 0.28833319879398095

[-1.11875e+04 -1.25000e-01]
-0.125, -11187.5, 8.790885536930126, 11.42425804366578

[-1.240625e+04 -4.375000e-01]
-0.4375, -12406.25, 26.38789114396218, 26.821989604683452

[-1.109375e+04  1.437500e+00]
1.4375, -11093.75, 0.1894250544849778, 0.29597641159789995

[-1.196875e+04  1.875000e-01]
0.1875, -11968.75, 0.09823643625280266, 0.2842607859909455

[-1.240625e+04 -4.375000e-01]
-0.4375, -12406.25, 26.38789114396218, 26.821989604683452

[-1.134375e+04 -6.250000e-02]
-0.0625, -11343.75, 3.367041192541619, 4.094132972735208

[-1.171875e+04  6.875000e-01]
0.6875, -11718.75, 0.14776866425355334, 0.28833319894481835

[-1.146875e+04  1.875000e-01]
0.1875, -11468.75, 0.0982364362643287, 0.28426078591246173

[-1.134375e+04 -6.250000e-02]
-0.0625, -11343.75, 3.367041192541619, 4.094132972735208

[-1.221875e+04 -3.125000e-01]
-0.3125, -12218.75, 3.3769384721366884, 3.7041464807170983

