Unloaded module: latex/TeXLive12
Loaded module: python3/3.6.2
[10]
[10.0]
[10.    0.01]
0.01, 10.0, 0.0761505190241886, 0.2747288953090588

[1.05e+01 1.00e-02]
0.01, 10.5, 0.07615051934449217, 0.2747291987317451

[10.      0.0105]
0.0105, 10.0, 0.07615628864159847, 0.2746797483247598

[9.5    0.0105]
0.0105, 9.5, 0.07615628825352808, 0.27467941219071174

[9.      0.01075]
0.01075, 9.0, 0.07615925272805052, 0.2746546689073886

[9.      0.01125]
0.011249999999999998, 9.0, 0.07616534030287415, 0.2746063249763429

[8.5      0.011875]
0.011875, 8.5, 0.07617323998775277, 0.27454619281903203

[7.5      0.012125]
0.012124999999999999, 7.5, 0.07617648753910305, 0.2745215149702088

[6.25      0.0129375]
0.012937499999999994, 6.25, 0.07618738800299851, 0.27444368796303253

[5.75      0.0140625]
0.014062499999999995, 5.75, 0.07620332957347685, 0.27433937689324606

[4.125      0.01571875]
0.015718749999999997, 4.125, 0.07622850857119912, 0.2741865698127506

[1.875      0.01678125]
0.01678124999999999, 1.875, 0.0762456486052492, 0.27407491737652845

[-1.4375      0.01923437]
0.019234374999999984, -1.4375, 0.07628852520094476, 0.2739497876062838

[-3.5625      0.02201562]
0.022015624999999987, -3.5625, 0.07634138386413705, 0.27369474079464573

[-8.46875     0.02655469]
0.026554687499999986, -8.46875, 0.07643734043332813, 0.27333404495805613

[-14.03125      0.03007031]
0.030070312499999974, -14.03125, 0.07651907647610404, 0.27307491833367115

[-23.109375     0.03724609]
0.03724609374999996, -23.109375, 0.07670352467134597, 0.2725855810995828

[-30.140625     0.04456641]
0.044566406249999954, -30.140625, 0.0769127753616563, 0.2721294139852674

[-44.4921875    0.05723242]
0.05723242187499994, -44.4921875, 0.07731602029355815, 0.27142281626477227

[-59.1328125    0.06792383]
0.06792382812499992, -59.1328125, 0.07768936856693748, 0.2708936153065148

[-84.46484375   0.0886084 ]
0.08860839843749989, -84.46484375, 0.07847675179243976, 0.2700071911973435

[-105.84765625    0.10859473]
0.10859472656249988, -105.84765625, 0.0792979509977073, 0.26928516069909486

[-1.47216797e+02  1.44269043e-01]
0.14426904296874984, -147.216796875, 0.08086020838545203, 0.26823593441222143

[-1.87189453e+02  1.75645020e-01]
0.17564501953124978, -187.189453125, 0.08229675702737259, 0.2674992022138568

[-2.58538086e+02  2.34851318e-01]
0.23485131835937467, -258.5380859375, 0.08507852847845514, 0.2664335812538532

[-3.21290039e+02  2.90511963e-01]
0.29051196289062464, -321.2900390625, 0.0877091677127121, 0.2656989808691869

[-4.39702637e+02  3.91463745e-01]
0.39146374511718696, -439.70263671875, 0.09239131585618642, 0.2647874189543649

[-5.51023926e+02  4.82046021e-01]
0.48204602050781176, -551.02392578125, 0.09642643353088252, 0.26427047178844054

[-7.52927490e+02  6.50934509e-01]
0.6509345092773426, -752.927490234375, 0.10346065643753263, 0.2637649238266871

[-9.34092041e+02  8.07546936e-01]
0.8075469360351549, -934.092041015625, 0.10943012269455513, 0.2636261747404121

[-1.27186902e+03  1.09389474e+00]
1.093894744873045, -1271.8690185546875, 0.11915243982833586, 0.26383326004334023

[-1.24731689e+03  1.06701770e+00]
1.0670177001953105, -1247.31689453125, 0.11829806118333348, 0.2637962399455494

[-1.04541333e+03  8.98129211e-01]
0.8981292114257797, -1045.413330078125, 0.11266096945155263, 0.2636405752716783

[-1.22657788e+03  1.05474164e+00]
1.054741638183592, -1226.577880859375, 0.11790410035380745, 0.26378031819609166

[-8.71340088e+02  7.51886292e-01]
0.751886291503905, -871.340087890625, 0.10736634933209714, 0.263648445052701

[-1.10816528e+03  9.53789856e-01]
0.9537898559570296, -1108.165283203125, 0.11457207290989956, 0.26367553324659787

[-9.30546387e+02  8.02362183e-01]
0.8023621826171861, -930.54638671875, 0.10924047332521805, 0.2636271615578536

[-8.19225098e+02  7.11779907e-01]
0.7117799072265611, -819.22509765625, 0.10584037456514785, 0.26368187106800006

[-9.88866272e+02  8.51541885e-01]
0.8515418853759751, -988.8662719726562, 0.1110185386788256, 0.2636260096518455

[-9.92411926e+02  8.56726639e-01]
0.8567266387939438, -992.4119262695312, 0.11120331232799059, 0.2636269132330419

[-9.76945541e+02  8.43135525e-01]
0.8431355247497544, -976.9455413818359, 0.1107178807772998, 0.2636249462132425

[-1.03171977e+03  8.87130474e-01]
0.8871304740905744, -1031.7197723388672, 0.11227679975950233, 0.263635861035796

[-9.58498974e+02  8.27442821e-01]
0.8274428205490099, -958.4989738464355, 0.11015304061132748, 0.2636243204418133

[-9.46578243e+02  8.19036460e-01]
0.8190364599227891, -946.5782432556152, 0.10984852748095086, 0.2636247353239085

[-9.28131676e+02  8.03343756e-01]
0.8033437557220445, -928.1316757202148, 0.10927641804982627, 0.26362695899395816

[-9.64742075e+02  8.33187582e-01]
0.833187582492827, -964.7420749664307, 0.11036036058578107, 0.2636243407615714

[-9.76662806e+02  8.41593943e-01]
0.8415939431190478, -976.662805557251, 0.11066260050077094, 0.26362480532782606

[-9.54099384e+02  8.24675831e-01]
0.8246758307218538, -954.0993838310242, 0.11005295874065811, 0.26362439839870966

[-9.69141665e+02  8.35954572e-01]
0.835954572319983, -969.141664981842, 0.11045999239918838, 0.2636244369115132

[-9.57859954e+02  8.27495516e-01]
0.8274955161213862, -957.8599541187286, 0.11015494522811836, 0.2636243196481397

[-9.51616853e+02  8.21750754e-01]
0.821750754177569, -951.6168529987335, 0.10994699891208143, 0.26362454287904236

[-9.61460769e+02  8.30328375e-01]
0.8303283754140125, -961.4607694745064, 0.11025725486481644, 0.2636243001877352

[-9.60821750e+02  8.30381071e-01]
0.8303810709863888, -960.8217497467995, 0.11025915657223186, 0.2636243005211016

[-9.64422565e+02  8.33213930e-01]
0.8332139302790151, -964.4225651025772, 0.1103613100079432, 0.26362434147953323

[-9.59500607e+02  8.28925120e-01]
0.8289251196607934, -959.5006068646908, 0.11020659502673782, 0.2636243024174584

[-9.62781912e+02  8.31784327e-01]
0.8317843267396079, -962.7819123566151, 0.11030977737047033, 0.2636243133913234

[-9.60320933e+02  8.29639921e-01]
0.829639921430497, -960.3209332376719, 0.11023240526053275, 0.26362429949487015

[-9.60959953e+02  8.29587226e-01]
0.8295872258581207, -960.9599529653788, 0.11023050280650566, 0.2636242994501295

[-9.61029055e+02  8.29190303e-01]
0.8291903032939869, -961.0290545746684, 0.11021617140535307, 0.26362430066546977

[-9.59820117e+02  8.28898772e-01]
0.8288987718746053, -959.8201167285442, 0.11020564344612607, 0.26362430253467906

[-9.61050606e+02  8.29970975e-01]
0.8299709745291607, -961.0506062880158, 0.11024435567338547, 0.2636242993566197

[-9.61689626e+02  8.29918279e-01]
0.8299182789567845, -961.6896260157228, 0.11024245355257128, 0.26362429918675745

[-9.62373972e+02  8.30057458e-01]
0.8300574577199282, -962.3739724047482, 0.1102474771432091, 0.2636242992474563

[-9.61780279e+02  8.30302028e-01]
0.8303020276278246, -961.7802793383598, 0.11025630399105199, 0.2636243000307929

[-9.61165035e+02  8.29765926e-01]
0.8297659263005467, -961.165034558624, 0.11023695401831525, 0.26362429924079667

[-9.61804054e+02  8.29713231e-01]
0.8297132307281704, -961.8040542863309, 0.11023505169115072, 0.2636242991502435

[-9.62180778e+02  8.29584359e-01]
0.829584358827675, -962.1807782854885, 0.11023039922412838, 0.26362429922896047

[-9.62328646e+02  8.29865583e-01]
0.8298655833844081, -962.3286457434297, 0.1102405513793263, 0.26362429903458545

[-9.62910451e+02  8.29915412e-01]
0.8299154119263388, -962.9104513358325, 0.11024234998894963, 0.26362429895795303

[-9.63024880e+02  8.29710364e-01]
0.8297103636977248, -963.0248796064407, 0.1102349481158528, 0.2636242989269614

[-9.63692506e+02  8.29606406e-01]
0.8296064060681951, -963.6925064017996, 0.11023119508799177, 0.26362429891903727

[-9.64798903e+02  8.29808587e-01]
0.8298085872663635, -964.7989034513012, 0.11023849379852747, 0.26362429856725145

[-9.66296328e+02  8.29856266e-01]
0.82985626553546, -966.2963280337863, 0.110240214787395, 0.26362429830347567

[-9.67078383e+02  8.29547260e-01]
0.8295472596773164, -967.0783830997534, 0.11022905953764775, 0.26362429840031376

[-9.69682205e+02  8.29797119e-01]
0.8297971191445812, -969.6822047317401, 0.11023807952045492, 0.26362429768030676

[-9.72677054e+02  8.29892476e-01]
0.8298924756827741, -972.6770538967103, 0.11024152147784819, 0.2636242971665227

[-9.71894999e+02  8.30201482e-01]
0.8302014815409178, -971.8949988307431, 0.11025267468799682, 0.2636242978568938

[-9.78275725e+02  8.30237692e-01]
0.8302376916882319, -978.2757246936671, 0.11025398114349749, 0.26362429682571675

[-9.84265423e+02  8.30428405e-01]
0.8304284047646178, -984.2654230236076, 0.11026086328594767, 0.2636242965102375

[-9.85047478e+02  8.30119399e-01]
0.8301193989064741, -985.0474780895747, 0.11024971141689992, 0.2636242953051506

[-9.91623718e+02  8.30078358e-01]
0.8300783575892523, -991.6237177189905, 0.11024822974140892, 0.2636242940693423

[-1.00321209e+03  8.30614287e-01]
0.8306142866710959, -1003.2120868458878, 0.11026756967029713, 0.26362429422531636

[-1.01057038e+03  8.30264239e-01]
0.8302642394957305, -1010.5703815412708, 0.11025493738587473, 0.2636242913534465

[-1.02372286e+03  8.30182157e-01]
0.8301821568612868, -1023.7228608001024, 0.11025197427200123, 0.2636242889371122

[-1.01213449e+03  8.29646228e-01]
0.8296462277794432, -1012.134491673205, 0.11023262989051913, 0.2636242904133011

[-1.04423363e+03  8.29750027e-01]
0.8297500270514777, -1044.2336347543169, 0.11023637535124238, 0.26362428516254344

[-1.07053859e+03  8.29585862e-01]
0.8295858617825904, -1070.53859327198, 0.11023044748990957, 0.26362428132718235

[-1.08212696e+03  8.30121791e-01]
0.830121790864434, -1082.1269623988774, 0.11024979255653901, 0.2636242798107742

[-1.11712320e+03  8.30359572e-01]
0.8303595724069295, -1117.1231977617135, 0.11025837243719905, 0.26362427564276875

[-1.16393893e+03  8.29763277e-01]
0.8297632773282331, -1163.9389302335912, 0.11023684806237774, 0.2636242683974325

[-1.23404696e+03  8.29553838e-01]
0.829553837561706, -1234.0469649503357, 0.11022928427352219, 0.2636242603216281

[-1.28063157e+03  8.30327548e-01]
0.830327548186045, -1280.6315694400691, 0.1102572102286325, 0.2636242560624307

[-1.38567806e+03  8.30698391e-01]
0.8306983913877724, -1385.6780575241137, 0.11027058864487427, 0.26362424791437217

[-1.50260182e+03  8.29892657e-01]
0.8298926565425488, -1502.6018247127358, 0.11024150733914712, 0.2636242354607927

[-1.69534114e+03  8.29659199e-01]
0.8296591986103588, -1695.341138188247, 0.11023307546363682, 0.263624222643908

[-1.84697223e+03  8.30803752e-01]
0.8308037524364251, -1846.972230762025, 0.11027437981142757, 0.2636242179635387

[-2.15343486e+03  8.31428710e-01]
0.8314287098737845, -2153.4348636678696, 0.11029691964931819, 0.26362421087225496

[-2.46309794e+03  8.30389517e-01]
0.8303895170963709, -2463.097944332003, 0.11025942516645315, 0.26362419250064567

[-3.00180789e+03  8.30235080e-01]
0.8302350799506701, -3001.8078877359476, 0.11025384759493016, 0.263624179530036

[-3.45990161e+03  8.32004591e-01]
0.8320045912140959, -3459.9016132155703, 0.11031767693400682, 0.263624189102165

[-4.30827464e+03  8.30810961e-01]
0.8308109612909815, -4308.274637283648, 0.11027462225374503, 0.26362416534722605

[-5.38569452e+03  8.30502087e-01]
0.8305020869995801, -5385.6945240915375, 0.1102634748023923, 0.26362415553024643

[-4.92760080e+03  8.28732576e-01]
0.8287325757361543, -4927.600798611915, 0.11019959313993645, 0.2636241610608859

[-7.31148743e+03  8.28999583e-01]
0.8289995827850642, -7311.487434967505, 0.11020923265896052, 0.26362414790772487

[-9.46632721e+03  8.28381834e-01]
0.8283818342022613, -9466.327208583283, 0.11018691806733523, 0.2636241477661134

[-9.92442093e+03  8.30151345e-01]
0.830151345465687, -9924.420934062906, 0.11025081229747896, 0.2636241397574007

[-1.2422831e+04  8.3086073e-01]
0.8308607303304534, -12422.8310017884, 0.11027640919689735, 0.2636241399136352

[-1.40050536e+04  8.28031093e-01]
0.8280310926683683, -14005.053618554652, 0.11017424423578728, 0.2636241461396417

[-1.44631473e+04  8.29800604e-01]
0.829800603931794, -14463.147344034274, 0.11023815048452712, 0.26362413394749495

[-1.69615574e+04  8.30509989e-01]
0.8305099887965604, -16961.55741175977, 0.11026375271589817, 0.2636241340091139

[-1.03825147e+04  8.31920857e-01]
0.8319208567291128, -10382.514659542529, 0.11031464670340044, 0.2636241549587088

[-1.30994189e+04  8.29003534e-01]
0.8290035336835544, -13099.418878801622, 0.11020937190037067, 0.2636241376032685

[-1.76381453e+04  8.28652792e-01]
0.8286527921496614, -17638.14528877299, 0.11019670306636707, 0.2636241368435352

[-1.90018738e+04  8.29449862e-01]
0.829449862397901, -19001.873754005643, 0.11022548717728022, 0.2636241316526989

[-2.19531012e+04  8.29673027e-01]
0.8296730267550743, -21953.101191607653, 0.11023354365846348, 0.26362413001984647

[-1.87781032e+04  8.30820839e-01]
0.8308208385372069, -18778.103246868937, 0.11027496840498577, 0.26362413498692866

[-1.84931138e+04  8.30278827e-01]
0.8302788269403205, -18493.11375734495, 0.11025541050180865, 0.26362413220081976

[-2.59830676e+04  8.30151250e-01]
0.8301512497636008, -25983.06760491833, 0.11025080529212575, 0.2636241291099096

[-3.17430277e+04  8.30326573e-01]
0.8303265726795042, -31743.02773536036, 0.11025713230002025, 0.26362412849866296

[-3.52030152e+04  8.29720772e-01]
0.8297207724942579, -35203.01516962306, 0.11023526631613666, 0.2636241270119669

[-4.35579659e+04  8.29441745e-01]
0.8294417452712266, -43557.965875762115, 0.1102251924214856, 0.26362412654668677

[-5.33478924e+04  8.30095291e-01]
0.8300952911956565, -53347.89241951483, 0.1102487845004425, 0.26362412564556686

[-6.90452880e+04  8.30306423e-01]
0.8303064234159478, -69045.28803346842, 0.1102564041578126, 0.26362412555287623

[-8.08602262e+04  8.29421596e-01]
0.8294215960076703, -80860.22617387016, 0.11022446432744418, 0.26362412477278563

[-1.05418825e+05  8.28969108e-01]
0.8289691076717531, -105418.82539312507, 0.11020812485611586, 0.2636241263872726

[-1.06347548e+05  8.30286274e-01]
0.8302862741523915, -106347.54833157646, 0.11025567674707651, 0.2636241246817819

[-1.37742340e+05  8.30708539e-01]
0.8307085385929742, -137742.33955948363, 0.11027091404175342, 0.2636241264005918

[-1.18162486e+05  8.29401447e-01]
0.829401446744114, -118162.48647197819, 0.11022373657410377, 0.2636241242970366

[-1.42721086e+05  8.28948958e-01]
0.8289489584081968, -142721.08569123305, 0.11020739696551478, 0.26362412616220404

[-1.43649809e+05  8.30266125e-01]
0.8302661248888352, -143649.8086296845, 0.110254949438753, 0.26362412426835513

[-1.75044600e+05  8.30688389e-01]
0.8306883893294179, -175044.59985759165, 0.11027018688281653, 0.26362412608022195

[-1.55464747e+05  8.29381297e-01]
0.8293812974805577, -155464.74677008623, 0.11022300899994657, 0.26362412402974505

[-1.80023346e+05  8.28928809e-01]
0.8289288091446405, -180023.34598934115, 0.11020666924215615, 0.2636241262001896

[-1.80952069e+05  8.30245976e-01]
0.8302459756252789, -180952.06892779254, 0.11025422213178862, 0.2636241238056188

[-2.1234686e+05  8.3066824e-01]
0.8306682400658616, -212346.86015569972, 0.11026945986725231, 0.26362412560594634

[-1.92767007e+05  8.29361148e-01]
0.8293611482170014, -192767.00706819427, 0.11022228141021, 0.26362412373570293

[-2.17325606e+05  8.28908660e-01]
0.8289086598810842, -217325.60628744913, 0.11020594142873016, 0.26362412607793756

[-2.18254329e+05  8.30225826e-01]
0.8302258263617226, -218254.32922590058, 0.1102534949471594, 0.26362412310953953

[-2.49649120e+05  8.30648091e-01]
0.8306480908023053, -249649.12045380776, 0.11026873278609224, 0.26362412532518875

[-2.30069267e+05  8.29340999e-01]
0.829340998953445, -230069.26736630232, 0.11022155371483112, 0.2636241238423945

[-1.93231369e+05  8.30019731e-01]
0.8300197314573204, -193231.36853742, 0.11024605650497336, 0.26362412322272333

[-2.18718691e+05  8.30884410e-01]
0.8308844096020418, -218718.6906951263, 0.11027725915158748, 0.26362412723968043

[-1.99254928e+05  8.29741964e-01]
0.8297419635632615, -199254.9279749273, 0.11023602995498208, 0.2636241230076624

[-2.24277889e+05  8.29948058e-01]
0.8299480584676636, -224277.88866340788, 0.11024346956539338, 0.2636241231899838

[-2.16516259e+05  8.29965977e-01]
0.8299659767150778, -216516.25863191093, 0.11024411625112461, 0.26362412297075233

[-1.97516857e+05  8.29482114e-01]
0.8294821139166166, -197516.85738093767, 0.11022664887265565, 0.2636241231553905

[-2.13069961e+05  8.30039898e-01]
0.8300398982504461, -213069.96126465985, 0.11024678440399723, 0.2636241230897227

[-2.02701225e+05  8.29668042e-01]
0.8296680420278931, -202701.2253421784, 0.11023336137429073, 0.2636241232678355

[-2.10477777e+05  8.29946934e-01]
0.8299469341948078, -210477.77728403948, 0.1102434289950457, 0.26362412298231575

[-2.27739108e+05  8.30170947e-01]
0.8301709473466241, -227739.10794102313, 0.11025151426967837, 0.26362412339896674

[-2.06375973e+05  8.29849210e-01]
0.8298492095091021, -206375.97296645126, 0.11023990130601134, 0.26362412304270055

[-2.13497018e+05  8.29956455e-01]
0.8299564554549428, -213497.01795797521, 0.11024377259929669, 0.26362412290881115

[-2.07885593e+05  8.29853970e-01]
0.8298539701391696, -207885.59330341913, 0.11024007315020998, 0.26362412285974396

[-2.04866353e+05  8.29844449e-01]
0.8298444488790346, -204866.35262948342, 0.11023972946305369, 0.2636241228400993

[-1.99041400e+05  8.29783685e-01]
0.8297836849610132, -199041.39962826966, 0.11023753612453151, 0.26362412311749356

[-1.99254928e+05  8.29741964e-01]
0.8297419635632615, -199254.9279749273, 0.11023602995498208, 0.2636241230076624

[-2.09936495e+05  8.29902832e-01]
0.8299028324820225, -209936.49546221324, 0.11024183700467269, 0.26362412311092626

[-2.06375973e+05  8.29849210e-01]
0.8298492095091021, -206375.97296645126, 0.11023990130601134, 0.26362412304270055

[-2.09181685e+05  8.29900452e-01]
0.8299004521669887, -209181.6852937293, 0.1102417510673134, 0.2636241231837194

[-2.02060640e+05  8.29793206e-01]
0.829793206221148, -202060.64030220534, 0.1102378797531849, 0.26362412345704145

[-2.07401424e+05  8.29873641e-01]
0.8298736406805285, -207401.4240458483, 0.1102407832578543, 0.26362412314967243

[-2.03840902e+05  8.29820018e-01]
0.8298200177076083, -203840.90155008633, 0.11023884759948048, 0.26362412289850656

[-2.02331281e+05  8.29815257e-01]
0.8298152570775408, -202331.28121311852, 0.11023867575376183, 0.2636241233192404

[-2.05364800e+05  8.29840721e-01]
0.8298407214012118, -205364.80002811807, 0.11023959499107822, 0.26362412294641135

[-2.03342454e+05  8.29823745e-01]
0.8298237451854311, -203342.4541514517, 0.11023898215941694, 0.2636241230875918

[-2.04859214e+05  8.29836477e-01]
0.8298364773472666, -204859.21355895148, 0.11023944178503536, 0.26362412310103545

[-2.04353627e+05  8.29832233e-01]
0.8298322332933215, -204353.6270897849, 0.11023928851386366, 0.26362412284767184

