Unloaded module: latex/TeXLive12
Loaded module: python3/3.6.2
[10]
[10.0]
[10.  3.]
3.0, 10.0, 0.27135902039120785, 0.3187877452089912

[10.5  3. ]
3.0, 10.5, 0.2713590853185374, 0.31878752406108724

[10.    3.15]
3.1500000000000004, 10.0, 0.2745703163464733, 0.32021490012701576

[10.5   2.85]
2.8499999999999996, 10.5, 0.2679803729440064, 0.31731403681785586

[10.75  2.7 ]
2.6999999999999993, 10.75, 0.26441669773830134, 0.31579092200812453

[11.25  2.7 ]
2.6999999999999993, 11.25, 0.2644167499839844, 0.31579073797865304

[11.875  2.55 ]
2.549999999999999, 11.875, 0.26064771369867057, 0.31421451072604323

[12.125  2.25 ]
2.2499999999999982, 12.125, 0.25239375079419996, 0.3108878074283675

[12.9375  1.875 ]
1.8749999999999973, 12.9375, 0.24039239057109196, 0.3063559877218035

[14.0625  1.725 ]
1.724999999999997, 14.0625, 0.23492367681947268, 0.30441081975418927

[15.71875  1.2375 ]
1.2374999999999954, 15.71875, 0.21338699254659488, 0.29748149079864017

[16.78125  0.5625 ]
0.5624999999999938, 16.78125, 0.16565435775711027, 0.28623763496157373

[19.234375 -0.43125 ]
-0.43125000000000924, 19.234375, 89.87326634748553, 94.63040254806374

[19.5625 -0.075 ]
-0.07500000000000817, 19.5625, 6.373428609622274, 7.170738443832196

[14.59375  1.3875 ]
1.387499999999996, 14.59375, 0.2207491213503155, 0.2997193535318016

[17.90625  0.4125 ]
0.4124999999999932, 17.90625, 0.14903170682912947, 0.28362521505979604

[19.5625 -0.075 ]
-0.07500000000000817, 19.5625, 6.373428609622274, 7.170738443832196

[18.96875 -0.2625 ]
-0.2625000000000084, 18.96875, 4.909371009963129, 5.897797379928838

[16.53125  0.8625 ]
0.8624999999999945, 16.53125, 0.1907504228228561, 0.29144892818884666

[18.15625  0.1125 ]
0.1124999999999925, 18.15625, 0.09900651500670055, 0.2799342500229285

[18.96875 -0.2625 ]
-0.2625000000000086, 18.96875, 4.909371009963129, 5.897797379928838

[19.28125 -0.0375 ]
-0.03750000000000808, 19.28125, 0.35503111429960665, 0.5274318997037997

[17.40625  0.4125 ]
0.4124999999999933, 17.40625, 0.1490316990208183, 0.2836252413063972

[18.65625  0.1125 ]
0.11249999999999238, 18.65625, 0.0990065188357257, 0.27993424031119446

[19.28125 -0.0375 ]
-0.03750000000000808, 19.28125, 0.35503111429960665, 0.5274318997037997

[18.90625 -0.1875 ]
-0.18750000000000833, 18.90625, 8.007460011676356, 8.37952921715123

[18.15625  0.2625 ]
0.26249999999999285, 18.15625, 0.12779389264702193, 0.28125692003238495

[18.65625 -0.0375 ]
-0.03750000000000797, 18.65625, 0.3550310643851355, 0.527431822223083

[18.28125  0.1875 ]
0.18749999999999264, 18.28125, 0.11458426959104061, 0.2803535038983706

[18.53125  0.0375 ]
0.037499999999992234, 18.53125, 0.081629611575426, 0.2808479417924148

[18.34375  0.15   ]
0.14999999999999253, 18.34375, 0.10711632481611351, 0.2800554595615738

[18.46875  0.075  ]
0.07499999999999235, 18.46875, 0.09032434122563758, 0.2801072128626066

[18.375    0.13125]
0.13124999999999248, 18.375, 0.10314195932128699, 0.27996729485854105

[18.4375   0.09375]
0.0937499999999924, 18.4375, 0.09472217987978321, 0.27997276370105206

[18.390625  0.121875]
0.12187499999999246, 18.390625, 0.10109397639183207, 0.27994299127368577

[18.421875  0.103125]
0.10312499999999242, 18.421875, 0.09688149437451653, 0.27994327298671956

[18.3984375  0.1171875]
0.11718749999999245, 18.3984375, 0.10005508801624399, 0.2799365446220632

[18.4140625  0.1078125]
0.10781249999999243, 18.4140625, 0.09794853422468242, 0.2799363817995344

[18.41015625  0.11015625]
0.11015624999999243, 18.41015625, 0.09847868201752588, 0.2799347397606095

[18.40234375  0.11484375]
0.11484374999999244, 18.40234375, 0.09953199766434563, 0.27993485904181986

[18.40820312  0.11132812]
0.11132812499999244, 18.408203125, 0.09874289130183166, 0.2799343514760227

[18.40429688  0.11367187]
0.11367187499999244, 18.404296875, 0.09926955395832145, 0.27993441584777523

[18.40722656  0.11191406]
0.11191406249999244, 18.4072265625, 0.09887477739938148, 0.2799342633517485

[18.40527344  0.11308594]
0.11308593749999243, 18.4052734375, 0.09913810933140674, 0.27993429612919896

[18.40673828  0.11220703]
0.11220703124999244, 18.40673828125, 0.09894066553084398, 0.279934245529472

[18.90673828  0.11220703]
0.11220703124999232, 18.90673828125, 0.09894066925059049, 0.27993423609514745

[19.28198242  0.11206055]
0.11206054687499223, 19.281982421875, 0.09890773242632973, 0.27993423608833456

[19.53149414  0.11235352]
0.11235351562499217, 19.531494140625, 0.09897360394290551, 0.2799342225767142

[20.09387207  0.11242676]
0.11242675781249203, 20.0938720703125, 0.09899006936931741, 0.2799342135768877

[20.71960449  0.1119873 ]
0.11198730468749188, 20.7196044921875, 0.09889126854591661, 0.2799342175030235

[21.53149414  0.11235352]
0.11235351562499168, 21.531494140625, 0.0989736162682666, 0.2799341913168094

[22.65625  0.1125 ]
0.11249999999999138, 22.65625, 0.09900654338535693, 0.2799341780474127

[22.03051758  0.11293945]
0.11293945312499154, 22.030517578125, 0.09910524832304898, 0.27993421791949874

[21.04733276  0.11222534]
0.1122253417968668, 21.047332763671875, 0.0989447999704189, 0.2799342002298725

[23.60971069  0.11229858]
0.11229858398436615, 23.609710693359375, 0.0989612790648272, 0.2799341648609707

[25.36763    0.1122345]
0.1122344970703032, 25.367630004882812, 0.09894687926850583, 0.27993414683960255

[26.97654724  0.11250916]
0.11250915527342778, 26.976547241210938, 0.09900861899161055, 0.2799341317995113

[29.94115448  0.11265106]
0.11265106201170827, 29.94115447998047, 0.09904051156863834, 0.27993411380118244

[32.65253448  0.11238556]
0.11238555908202008, 32.65253448486328, 0.09898085956096934, 0.27993408736806086

[37.65067673  0.11232834]
0.11232833862303443, 37.65067672729492, 0.09896800855316439, 0.27993406075480487

[42.2242012  0.1127449]
0.1127449035644395, 42.22420120239258, 0.09906161602806317, 0.2799340560722269

[50.6524868   0.11300011]
0.11300010681150763, 50.65248680114746, 0.09911893236361094, 0.27993405602300814

[58.36200905  0.11267738]
0.11267738342283379, 58.362009048461914, 0.09904646666448624, 0.27993400825738274

[72.57243633  0.11269054]
0.11269054412839652, 72.57243633270264, 0.09904943169581792, 0.27993398699333844

[85.57424641  0.11336231]
0.11336231231686972, 85.57424640655518, 0.09920023881886747, 0.27993406189113207

[49.63156915  0.11258683]
0.11258683204649325, 49.631569147109985, 0.09902611610234818, 0.2799340232874492

[71.55151868  0.11227727]
0.11227726936338214, 71.55151867866516, 0.09895656104473066, 0.279933978747178

[82.00103462  0.11191585]
0.11191585063931941, 82.00103461742401, 0.09887528855530542, 0.2799339870640969

[94.49238586  0.11238098]
0.11238098144528541, 94.49238586425781, 0.09897988265931633, 0.27993395559400386

[1.16922794e+02 1.12278056e-01]
0.1122780561446815, 116.92279422283173, 0.09895675197246195, 0.2799339431044942

[1.15901877e+02 1.11864781e-01]
0.11186478137966713, 115.90187656879425, 0.09886380864098117, 0.2799339686642776

[1.61273152e+02 1.11865568e-01]
0.11186556816096649, 161.27315211296082, 0.09886399192664415, 0.279933952682514

[1.62294070e+02 1.12278843e-01]
0.11227884292598087, 162.2940697669983, 0.09895693504232937, 0.27993392738310696

[1.85490166e+02 1.12485874e-01]
0.1124858736991377, 185.4901663661003, 0.0990034695523461, 0.27993392277765583

[1.41139808e+02 1.12898362e-01]
0.11289836168285272, 141.13980847597122, 0.0990961217034281, 0.2799339606321572

[1.56239816e+02 1.12123767e-01]
0.11212376654143805, 156.23981620371342, 0.0989220672324422, 0.2799339342821999

[2.24807188e+02 1.12331584e-01]
0.11233158409589425, 224.807188346982, 0.09896879540187387, 0.27993391541795365

[2.78749385e+02 1.12358348e-01]
0.11235834807150064, 278.74938540905714, 0.09897481356987843, 0.27993390961687137

[3.07999736e+02 1.12720455e-01]
0.1127204552292003, 307.99973557144403, 0.09905617778172435, 0.27993391962518127

[4.01258955e+02 1.12592930e-01]
0.11259292960156322, 401.25895461440086, 0.0990275319043378, 0.2799339073293351

[5.09143349e+02 1.12646458e-01]
0.11264645755277597, 509.14334873855114, 0.09903955884730938, 0.2799339065283265

[4.79892999e+02 1.12284350e-01]
0.11228435039507631, 479.89299857616425, 0.0989581837153373, 0.27993390049538913

[5.65839630e+02 1.12066298e-01]
0.11206629797801432, 565.8396300785244, 0.09890915544830985, 0.2799339071021324

[7.10286962e+02 1.12572460e-01]
0.11257245987635164, 710.2869619056582, 0.09902293567419286, 0.279933899322884

[9.26055750e+02 1.12679516e-01]
0.11267951577877716, 926.0557501539588, 0.09904698738107842, 0.2799339026267366

[6.81036612e+02 1.12210353e-01]
0.11221035271865198, 681.0366117432714, 0.09894154921175077, 0.2799338983204845

[7.66983243e+02 1.11992300e-01]
0.11199230030159002, 766.9832432456315, 0.09889251364979205, 0.2799339091986848

[9.11430575e+02 1.12498462e-01]
0.11249846219992732, 911.4305750727654, 0.0990063095137479, 0.2799338948430728

[1.12719936e+03 1.12605518e-01]
0.11260551810235281, 1127.199363321066, 0.09903036431264929, 0.27993389733054813

[8.82180225e+02 1.12136355e-01]
0.11213635504222766, 882.1802249103785, 0.0989249116375138, 0.2799338990960167

[8.39206909e+02 1.12245381e-01]
0.11224538125075866, 839.2069091591984, 0.09894942530705117, 0.2799338954714118

[1.06960087e+03 1.12533491e-01]
0.112533490732034, 1069.6008724886924, 0.09901418098989176, 0.2799338947944264

[1.2638830e+03 1.1269506e-01]
0.11269505973872501, 1263.883002861403, 0.09905047978184159, 0.27993390173315497

[1.14182454e+03 1.12786572e-01]
0.11278657168120267, 1141.8245384022593, 0.09907103384888558, 0.2799339090775365

[9.14861316e+02 1.12380679e-01]
0.11238067885836966, 914.8613164699636, 0.09897983926036896, 0.2799338932081051

[1.07303161e+03 1.12415707e-01]
0.11241570739047635, 1073.0316138858907, 0.09898771250214942, 0.2799338923457325

[1.15383213e+03 1.12374330e-01]
0.11237432998575086, 1153.8321332924534, 0.09897841285354753, 0.2799338917090056

[9.99092577e+02 1.12221518e-01]
0.11222151811208653, 999.0925772737246, 0.09894406076741469, 0.279933894890158

[1.05197380e+03 1.12455498e-01]
0.11245549757704713, 1051.9737986849505, 0.09899665484664946, 0.2799338929520804

[1.29094462e+03 1.12449149e-01]
0.11244914870442835, 1290.9446155074402, 0.09899522851123255, 0.2799338916923178

[1.47898627e+03 1.12483384e-01]
0.11248338362745769, 1478.9862650261784, 0.0990029222261575, 0.27993389172680194

[1.39280295e+03 1.12367981e-01]
0.11236798111313208, 1392.802950114943, 0.09897698622519506, 0.2799338907506711

[1.56321753e+03 1.12324223e-01]
0.11232422288117452, 1563.2175258299394, 0.09896715058640047, 0.27993389042724953

[1.70033001e+03 1.12399042e-01]
0.112399041599852, 1700.3300080449262, 0.09898396774636044, 0.27993388994956375

[1.97357895e+03 1.12411397e-01]
0.11241139740690259, 1973.5789454211626, 0.09898674494566541, 0.2799338895071885

[2.24585186e+03 1.12286472e-01]
0.11228647158364877, 2245.851855743662, 0.09895866481126885, 0.2799338897023561

[2.65621328e+03 1.12373646e-01]
0.11237364610937683, 2656.213275334885, 0.09897826041232738, 0.2799338884581715

[3.20271115e+03 1.12398358e-01]
0.112398357723478, 3202.711150087358, 0.09898381476166386, 0.279933888135075

[2.93043824e+03 1.12523284e-01]
0.11252328354673183, 2930.4382397648587, 0.09901188898995363, 0.27993389056692297

[2.41699845e+03 1.12345675e-01]
0.11234567457441953, 2416.998451748961, 0.0989719731247081, 0.2799338888403027

[3.64613066e+03 1.12332635e-01]
0.11233263489099493, 3646.1306564151564, 0.09896904242400295, 0.2799338879392817

[4.48240651e+03 1.12293254e-01]
0.1122932536330411, 4482.406511912153, 0.09896019000070029, 0.27993388809103403

[4.43184335e+03 1.12385318e-01]
0.1123853180400534, 4431.843354753553, 0.09898088422014283, 0.2799338874886535

[5.43926581e+03 1.12405140e-01]
0.11240513977287034, 5439.265806255849, 0.09898533937746296, 0.27993388727870305

[5.88268531e+03 1.12339417e-01]
0.11233941694038727, 5882.685312583648, 0.09897056717290692, 0.2799338872258599

[7.22267239e+03 1.12309947e-01]
0.11230994654884191, 7222.672393831792, 0.09896394271882886, 0.27993388737580727

[7.67582046e+03 1.12411922e-01]
0.11241192182226267, 7675.820462424341, 0.09898686377774059, 0.2799338869930455

[9.69066537e+03 1.12451565e-01]
0.11245156528789657, 9690.665365428933, 0.09899577333488528, 0.2799338872940691

[8.11923997e+03 1.12346199e-01]
0.1123461989897796, 8119.239968752139, 0.09897209174903106, 0.27993388686790915

[9.45922705e+03 1.12316729e-01]
0.11231672859823422, 9459.227050000285, 0.09896546733984041, 0.2799338870579561

[9.91237512e+03 1.12418704e-01]
0.112418703871655, 9912.375118592832, 0.09898838811188623, 0.279933886859069

[1.19272200e+04 1.12458347e-01]
0.11245834733728888, 11927.220021597426, 0.09899729751446291, 0.27993388739944447

[1.03557946e+04 1.12352981e-01]
0.11235298103917193, 10355.794624920632, 0.09897361626514718, 0.27993388671680164

[1.16957817e+04 1.12323511e-01]
0.11232351064762658, 11695.781706168778, 0.09896699193056607, 0.2799338868291328

[1.21489298e+04 1.12425486e-01]
0.11242548592104734, 12148.929774761324, 0.09898991238591416, 0.2799338867432231

[1.25923493e+04 1.12359763e-01]
0.11235976308856427, 12592.349281089124, 0.09897514073200316, 0.27993388640845823

[1.39323364e+04 1.12330293e-01]
0.11233029269701889, 13932.336362337268, 0.0989685164483077, 0.27993388656124696

[1.07992141e+04 1.12287258e-01]
0.11228725820668886, 10799.214131248431, 0.09895884256329797, 0.27993388738424585

[1.18115009e+04 1.12390929e-01]
0.11239092899245773, 11811.5008638831, 0.09898214570120754, 0.2799338865526245

[1.40480555e+04 1.12397711e-01]
0.11239771104185006, 14048.055520051592, 0.09898367003801412, 0.2799338866517489

[1.31249903e+04 1.12386529e-01]
0.11238652854118052, 13124.990296268852, 0.09898115667215376, 0.2799338863590518

[1.39058387e+04 1.12355363e-01]
0.11235536263728707, 13905.838713474875, 0.09897415163153718, 0.279933886747812

[1.23350853e+04 1.12382037e-01]
0.11238203740366506, 12335.085326281045, 0.09898014723187282, 0.2799338864826996

[1.33822543e+04 1.12364254e-01]
0.11236425422607974, 13382.25425107693, 0.09897615021441242, 0.27993388668193847

[1.25968776e+04 1.12377592e-01]
0.11237759160926873, 12596.877557480017, 0.09897914799516226, 0.2799338865240753

[1.28586698e+04 1.12373146e-01]
0.1123731458148724, 12858.669788678988, 0.09897814872820462, 0.27993388656903756

[1.27300378e+04 1.12384283e-01]
0.11238428297242278, 12730.03781127495, 0.09898065195025968, 0.27993388660948343

[1.32536223e+04 1.12375391e-01]
0.11237539138363015, 13253.622273672892, 0.09897865346779999, 0.27993388643678896

[1.35199428e+04 1.12388774e-01]
0.11238877410993825, 13519.942781262758, 0.09898166140816601, 0.27993388664212093

[1.30239880e+04 1.12377053e-01]
0.11237705288863886, 13023.98803682493, 0.09897902691067176, 0.279933886548416

[1.33546245e+04 1.12384867e-01]
0.11238486703617179, 13354.624533116816, 0.09898078323739118, 0.27993388644456285

[1.32719654e+04 1.12382913e-01]
0.11238291349928856, 13271.965409043845, 0.09898034416572128, 0.27993388648247225

[1.31893063e+04 1.12380960e-01]
0.11238095996240532, 13189.306284970873, 0.09897990507733428, 0.2799338865703239

[1.30744892e+04 1.12381791e-01]
0.1123817907149097, 13074.489166546891, 0.09898009179759931, 0.279933886467542

[1.30101732e+04 1.12387359e-01]
0.11238735929368487, 13010.17317784487, 0.09898134340161964, 0.279933886468256

[1.30549565e+04 1.12385759e-01]
0.11238575946086499, 13054.956454626372, 0.09898098381629648, 0.2799338865040568

[1.30997397e+04 1.12384160e-01]
0.1123841596280451, 13099.739731407872, 0.09898062423797462, 0.2799338866913147

[1.31571483e+04 1.12383744e-01]
0.11238374425179293, 13157.148290619862, 0.09898053087958873, 0.27993388665597124

[1.31823989e+04 1.12386113e-01]
0.11238611316492836, 13182.398855480844, 0.09898106331348186, 0.27993388672135205

[1.31204045e+04 1.12384648e-01]
0.11238464801226591, 13120.404512426114, 0.0989807340141606, 0.27993388654864154

[1.30882465e+04 1.12387432e-01]
0.11238743230165349, 13088.246518075106, 0.09898135979641749, 0.2799338866116246

[1.3105472e+04 1.1238651e-01]
0.11238651028918836, 13105.471961211295, 0.09898115257550469, 0.2799338865517814

[1.31399228e+04 1.12384666e-01]
0.11238466626425805, 13139.922847483673, 0.09898073810052202, 0.2799338864428867

[1.31445086e+04 1.12386547e-01]
0.11238654679317264, 13144.508631326411, 0.09898116077120794, 0.27993388655906476

[1.31264305e+04 1.12385123e-01]
0.1123851227074926, 13126.430542151189, 0.09898084069976479, 0.27993388654475104

[1.31384826e+04 1.12386072e-01]
0.11238607209794596, 13138.482601601336, 0.09898105409309317, 0.27993388651256595

[1.31354696e+04 1.12385835e-01]
0.11238583475033263, 13135.4695867388, 0.09898100073794519, 0.2799338863251307

[1.31205370e+04 1.12387697e-01]
0.1123876970272551, 13120.537035523977, 0.09898141929127051, 0.27993388642617373

[1.31253835e+04 1.12386939e-01]
0.11238693933650583, 13125.3834885139, 0.09898124901015809, 0.2799338865952054

[1.31302299e+04 1.12386182e-01]
0.11238618164575657, 13130.229941503825, 0.09898107872241921, 0.27993388648278233

[1.31376962e+04 1.12385251e-01]
0.11238525050729534, 13137.696217111235, 0.09898086941675284, 0.27993388652230533

[1.31280033e+04 1.12386766e-01]
0.11238676588879387, 13128.00331113139, 0.09898121002563827, 0.2799338863814931

[1.31332430e+04 1.12386419e-01]
0.11238641899336994, 13133.242956366365, 0.0989811320555275, 0.2799338864765318

[1.31324897e+04 1.12386360e-01]
0.1123863596564666, 13132.48970265073, 0.09898111871764073, 0.2799338863578202

[1.31399560e+04 1.12385429e-01]
0.11238542851800537, 13139.955978258142, 0.09898090942902177, 0.2799338865511352

[1.31309915e+04 1.12386432e-01]
0.11238643154609675, 13130.991477913078, 0.09898113488109607, 0.27993388646573963

[1.31339796e+04 1.12386097e-01]
0.11238609720339962, 13133.979644694766, 0.09898105974245452, 0.2799338863675961

[1.31317364e+04 1.12386300e-01]
0.11238630031956326, 13131.736448935095, 0.09898110538074865, 0.27993388666519514

[1.31377128e+04 1.12385632e-01]
0.11238563163416898, 13137.712782498471, 0.09898095509575836, 0.2799338864000535

[1.31362187e+04 1.12385799e-01]
0.11238579880551755, 13136.218699107627, 0.09898099265904683, 0.2799338865321685

[1.31347246e+04 1.12385966e-01]
0.11238596597686612, 13134.724615716783, 0.09898103024321829, 0.2799338864579679

[1.31336030e+04 1.12386068e-01]
0.11238606753494795, 13133.603017836947, 0.09898105306751277, 0.2799338865375889

[1.31365912e+04 1.12385733e-01]
0.11238573319225081, 13136.591184618635, 0.09898097791607732, 0.2799338866297062

[1.31343501e+04 1.12385984e-01]
0.11238598394927367, 13134.35005953237, 0.09898103426403518, 0.27993388662569907

[1.31350971e+04 1.12385900e-01]
0.11238590036359938, 13135.097101227791, 0.09898101549342221, 0.27993388633590827

[1.31345363e+04 1.12385951e-01]
0.1123859511426403, 13134.536302287874, 0.09898102689460943, 0.27993388657460655

[1.31360304e+04 1.12385784e-01]
0.1123857839712917, 13136.030385678718, 0.098980989326776, 0.27993388640817746

[1.31356569e+04 1.12385826e-01]
0.11238582576412885, 13135.656864831006, 0.09898099871024046, 0.2799338864932599

[1.31352833e+04 1.12385868e-01]
0.112385867556966, 13135.283343983296, 0.09898100811136679, 0.2799338865582009

[1.31350029e+04 1.12385893e-01]
0.11238589294648646, 13135.002944513337, 0.09898101383640077, 0.279933886680446

[1.31357500e+04 1.12385809e-01]
0.11238580936081219, 13135.74998620876, 0.09898099503877418, 0.27993388655477786

[1.31359362e+04 1.12385777e-01]
0.1123857765541788, 13135.936228964265, 0.09898098766957526, 0.2799338866174984

[1.31354466e+04 1.12385845e-01]
0.1123858448062692, 13135.446565228538, 0.09898100299024769, 0.27993388662872165

[1.31356098e+04 1.12385822e-01]
0.1123858220555724, 13135.60978647378, 0.09898099788509931, 0.279933886517038

[1.31353765e+04 1.12385851e-01]
0.11238585115364932, 13135.376465361049, 0.0989810044376891, 0.2799338865107836

[1.31352363e+04 1.12385864e-01]
0.11238586384840954, 13135.236265626068, 0.09898100727705417, 0.2799338865119375

[1.31353296e+04 1.12385853e-01]
0.11238585340020027, 13135.329645837995, 0.09898100494359173, 0.27993388650615053

[1.31354228e+04 1.12385837e-01]
0.11238583699688356, 13135.422767215747, 0.09898100124563299, 0.2799338865177406

[1.31353880e+04 1.12385848e-01]
0.11238584761445788, 13135.388040824724, 0.09898100362926204, 0.27993388648777867

[1.31355280e+04 1.12385829e-01]
0.11238582896459023, 13135.527981725529, 0.09898099943722045, 0.2799338866098635

[1.31353792e+04 1.12385847e-01]
0.11238584729129776, 13135.379229809878, 0.09898100356718813, 0.27993388657481116

[1.31354288e+04 1.12385841e-01]
0.11238584118239525, 13135.428813781762, 0.09898100218787106, 0.2799338866137972

[1.31353996e+04 1.12385844e-01]
0.11238584407526644, 13135.399616288398, 0.09898100283201026, 0.2799338866143556

[1.31354988e+04 1.12385832e-01]
0.11238583185746145, 13135.498784232166, 0.09898100009839274, 0.279933886472023

[1.31355396e+04 1.12385825e-01]
0.11238582542539882, 13135.539557189202, 0.09898099864049716, 0.279933886473484

[1.31355119e+04 1.12385829e-01]
0.11238582936464792, 13135.511871337341, 0.09898099953184597, 0.279933886576858

[1.31354842e+04 1.12385833e-01]
0.11238583330389704, 13135.484185485482, 0.09898100042667474, 0.2799338866608352

[1.31354492e+04 1.12385838e-01]
0.11238583796636395, 13135.449200260282, 0.09898100145665847, 0.27993388660740903

[1.31354346e+04 1.12385839e-01]
0.11238583941279953, 13135.4346015136, 0.09898100179059555, 0.27993388647527556

[1.31354550e+04 1.12385836e-01]
0.1123858361967682, 13135.454987992118, 0.09898100107664072, 0.2799338865054701

[1.31354535e+04 1.12385837e-01]
0.11238583663916714, 13135.453541059158, 0.09898100118163318, 0.2799338865798273

[1.31354521e+04 1.12385837e-01]
0.11238583708156608, 13135.4520941262, 0.09898100126924021, 0.27993388647868056

[1.31354594e+04 1.12385836e-01]
0.11238583635834828, 13135.459393499541, 0.09898100110593742, 0.2799338865853259

[1.31354623e+04 1.12385835e-01]
0.11238583547355044, 13135.46228736546, 0.09898100089545436, 0.2799338862930584

[1.31354637e+04 1.12385835e-01]
0.11238583503115152, 13135.463734298424, 0.09898100080096989, 0.27993388668451585

[1.31354798e+04 1.12385833e-01]
0.11238583314231698, 13135.479779978059, 0.09898100038222654, 0.27993388652443324

[1.31354590e+04 1.12385836e-01]
0.1123858360967538, 13135.459015589164, 0.09898100103587555, 0.27993388660391205

[1.31354659e+04 1.12385835e-01]
0.11238583511194153, 13135.46593705213, 0.09898100081971539, 0.2799338865155649

[1.31354572e+04 1.12385836e-01]
0.11238583627755826, 13135.45719074583, 0.09898100109190065, 0.27993388644884426

[1.31354535e+04 1.12385837e-01]
0.11238583663916715, 13135.45354105916, 0.09898100116063824, 0.27993388645244804

[1.31354566e+04 1.12385836e-01]
0.11238583625736075, 13135.456640057402, 0.09898100107302478, 0.2799338863754975

[1.31354617e+04 1.12385835e-01]
0.11238583545335291, 13135.461736677033, 0.09898100090082947, 0.2799338865669299

[1.31354583e+04 1.12385836e-01]
0.11238583607150693, 13135.45832722863, 0.09898100104322897, 0.27993388633511307

[1.31354640e+04 1.12385835e-01]
0.11238583528769662, 13135.46397453669, 0.09898100086298216, 0.27993388652284235

[1.31354585e+04 1.12385836e-01]
0.11238583601494471, 13135.458473677223, 0.09898100101973305, 0.27993388659967716

[1.31354603e+04 1.12385836e-01]
0.11238583577252868, 13135.460307297046, 0.09898100097622428, 0.2799338865920379

[1.31354595e+04 1.12385836e-01]
0.11238583586545559, 13135.459463711431, 0.09898100099472454, 0.27993388654841495

[1.31354614e+04 1.12385836e-01]
0.11238583556647734, 13135.461443779848, 0.09898100091935878, 0.27993388666064917

[1.31354606e+04 1.12385836e-01]
0.11238583572101585, 13135.460591417746, 0.09898100095672806, 0.2799338865197833

[1.31354634e+04 1.12385835e-01]
0.1123858353291107, 13135.463415071776, 0.09898100087369234, 0.2799338864832344

[1.31354651e+04 1.12385835e-01]
0.11238583508164529, 13135.465111019488, 0.09898100080391757, 0.27993388654777474

[1.31354617e+04 1.12385836e-01]
0.11238583556117321, 13135.461721318181, 0.09898100091906795, 0.2799338865225881

[1.31354629e+04 1.12385835e-01]
0.11238583540133057, 13135.462851218617, 0.09898100088613619, 0.2799338863015287

[1.31354614e+04 1.12385836e-01]
0.11238583559728314, 13135.461439391604, 0.09898100091603189, 0.2799338865490255


------------------------------------------------------------
Sender: LSF System <lsfadmin@n-62-21-4>
Subject: Job 1708280: <minimize_batch_job_this_is_on_purpose_to_utilize_more_kernel> in cluster <dcc> Done

Job <minimize_batch_job_this_is_on_purpose_to_utilize_more_kernel> was submitted from host <gbarlogin2> by user <s174007> in cluster <dcc> at Thu Jan 10 17:20:30 2019
Job was executed on host(s) <n-62-21-4>, in queue <hpc>, as user <s174007> in cluster <dcc> at Thu Jan 10 17:20:32 2019
</zhome/b0/b/127184> was used as the home directory.
</zhome/b0/b/127184/Documents/Projects/machine-learning-on-materials> was used as the working directory.
Started at Thu Jan 10 17:20:32 2019
Terminated at Fri Jan 11 02:46:14 2019
Results reported at Fri Jan 11 02:46:14 2019

Your job looked like:

------------------------------------------------------------
# LSBATCH: User input
#!/bin/bash
##Kør på cpu
#BSUB -q hpc
##Navn på job
#BSUB -J minimize_batch_job_this_is_on_purpose_to_utilize_more_kernel
##Output fil
#BSUB -o output/minimize/linear_SimpleLarge_deep_batchjobs-%J.out
##Antal kerner
#BSUB -n 1
##Om kernerne må være på forskellige computere
#BSUB -R "span[hosts=1]"
##Ram pr kerne
#BSUB -R "rusage[mem=10GB]"
##Hvor lang tid må den køre hh:mm
#BSUB -W 45:00
##Email når jobbet starter
##og stopper
module purge
module load python3
python3 KRR/minimizer.py linear 3 SimpleLarge deep [10]
------------------------------------------------------------

Successfully completed.

Resource usage summary:

    CPU time :                                   33934.41 sec.
    Max Memory :                                 8121 MB
    Average Memory :                             7802.47 MB
    Total Requested Memory :                     10240.00 MB
    Delta Memory :                               2119.00 MB
    Max Swap :                                   -
    Max Processes :                              4
    Max Threads :                                5
    Run time :                                   33953 sec.
    Turnaround time :                            33944 sec.

The output (if any) is above this job summary.

