Unloaded module: latex/TeXLive12
Loaded module: python3/3.6.2
[5]
[5.0]
[5. 3.]
3.0, 5.0, 0.27135766609070827, 0.31879239509669977

[5.25 3.  ]
3.0, 5.25, 0.2713577943178207, 0.31879195177521424

[5.   3.15]
3.1500000000000004, 5.0, 0.27456891239633935, 0.32021964009493903

[5.25 2.85]
2.8499999999999996, 5.25, 0.2679791293683749, 0.3173183747577742

[5.375 2.7  ]
2.6999999999999993, 5.375, 0.26441552900666265, 0.3157950667972131

[5.625 2.7  ]
2.6999999999999993, 5.625, 0.26441563236732846, 0.3157946980519041

[5.9375 2.55  ]
2.549999999999999, 5.9375, 0.2606466962469422, 0.31421817443663574

[6.0625 2.25  ]
2.2499999999999982, 6.0625, 0.2523928370387005, 0.31089121004749154

[6.46875 1.875  ]
1.8749999999999973, 6.46875, 0.24039163139624, 0.30635892874489024

[7.03125 1.725  ]
1.724999999999997, 7.03125, 0.2349230139942195, 0.30441342331826304

[7.859375 1.2375  ]
1.2374999999999954, 7.859375, 0.21338650448104118, 0.29748347111566714

[8.390625 0.5625  ]
0.5624999999999938, 8.390625, 0.1656540354013298, 0.2862388222877632

[ 9.6171875 -0.43125  ]
-0.43125000000000924, 9.6171875, 89.87293791052186, 94.63006174423828

[ 9.78125 -0.075  ]
-0.07500000000000817, 9.78125, 6.373566152459854, 7.170840443363113

[7.296875 1.3875  ]
1.387499999999996, 7.296875, 0.2207485610650129, 0.29972161305092015

[8.953125 0.4125  ]
0.4124999999999932, 8.953125, 0.14903143520556814, 0.28362612881040344

[ 9.78125 -0.075  ]
-0.07500000000000817, 9.78125, 6.373566152459854, 7.170840443363113

[ 9.484375 -0.2625  ]
-0.2625000000000084, 9.484375, 4.909361104664107, 5.897783326603816

[8.265625 0.8625  ]
0.8624999999999945, 8.265625, 0.19075003489793754, 0.2914504795042284

[9.078125 0.1125  ]
0.1124999999999925, 9.078125, 0.09900637218341983, 0.2799346124205113

[ 9.484375 -0.2625  ]
-0.2625000000000086, 9.484375, 4.909361104664107, 5.897783326603816

[ 9.640625 -0.0375  ]
-0.03750000000000808, 9.640625, 0.35502962518434855, 0.5274295880974496

[8.703125 0.4125  ]
0.4124999999999933, 8.703125, 0.14903141961332195, 0.28362618130864775

[9.328125 0.1125  ]
0.11249999999999238, 9.328125, 0.09900637983659338, 0.2799345929946726

[ 9.640625 -0.0375  ]
-0.03750000000000808, 9.640625, 0.35502962518434855, 0.5274295880974496

[ 9.453125 -0.1875  ]
-0.18750000000000833, 9.453125, 8.007473434491734, 8.379543823548493

[9.078125 0.2625  ]
0.26249999999999285, 9.078125, 0.1277936649054587, 0.2812575851778679

[ 9.328125 -0.0375  ]
-0.03750000000000797, 9.328125, 0.3550295254302817, 0.5274294332455841

[9.140625 0.1875  ]
0.18749999999999264, 9.140625, 0.11458407510688148, 0.2803540256252219

[9.265625 0.0375  ]
0.037499999999992234, 9.265625, 0.08162956604119236, 0.2808480942659495

[9.171875 0.15    ]
0.14999999999999253, 9.171875, 0.10711615347220486, 0.2800559024748464

[9.234375 0.075   ]
0.07499999999999235, 9.234375, 0.09032424150655502, 0.28010747546381

[9.1875  0.13125]
0.13124999999999248, 9.1875, 0.10314180209962445, 0.27996769601491683

[9.21875 0.09375]
0.0937499999999924, 9.21875, 0.09472205800600358, 0.27997307517615944

[9.1953125 0.121875 ]
0.12187499999999246, 9.1953125, 0.10109382703392476, 0.2799433708514351

[9.2109375 0.103125 ]
0.10312499999999242, 9.2109375, 0.0968813626303671, 0.2799436077812784

[9.19921875 0.1171875 ]
0.11718749999999245, 9.19921875, 0.10005494281486453, 0.2799369132165174

[9.20703125 0.1078125 ]
0.10781249999999243, 9.20703125, 0.09794839782260535, 0.27993672800984093

[9.20507812 0.11015625]
0.11015624999999243, 9.205078125, 0.09847854335250336, 0.279935091621362

[9.20117188 0.11484375]
0.11484374999999244, 9.201171875, 0.09953185460062598, 0.2799352220939467

[9.20410156 0.11132812]
0.11132812499999244, 9.2041015625, 0.0987427515214093, 0.27993470614825705

[9.20214844 0.11367187]
0.11367187499999244, 9.2021484375, 0.09926941197867953, 0.2799347761154823

[9.20361328 0.11191406]
0.11191406249999244, 9.20361328125, 0.0988746370652125, 0.2799346194264543

[9.20263672 0.11308594]
0.11308593749999243, 9.20263671875, 0.09913796789765801, 0.2799346550011512

[9.20336914 0.11220703]
0.11220703124999244, 9.203369140625, 0.09894052492081619, 0.2799346023043228

[9.45336914 0.11220703]
0.11220703124999232, 9.453369140625, 0.09894053235560006, 0.2799345834334208

[9.64099121 0.11206055]
0.11206054687499223, 9.6409912109375, 0.0989075983228406, 0.2799345763366146

[9.76574707 0.11235352]
0.11235351562499217, 9.7657470703125, 0.09897347129482977, 0.27993455912855203

[10.04693604  0.11242676]
0.11242675781249203, 10.04693603515625, 0.09898994036831983, 0.279934540866242

[10.35980225  0.1119873 ]
0.11198730468749188, 10.35980224609375, 0.09889114379972488, 0.2799345339869631

[10.87564087  0.11173096]
0.11173095703124164, 10.875640869140625, 0.0988334816292751, 0.2799345296481616

[11.28158569  0.11209717]
0.11209716796874145, 11.281585693359375, 0.09891587302696299, 0.27993447533650456

[12.10188293  0.11211548]
0.11211547851561604, 12.101882934570312, 0.09892000620689279, 0.2799344349867794

[12.93058777  0.11141968]
0.11141967773436565, 12.930587768554688, 0.098763448880098, 0.27993448340644056

[14.15682983  0.1118042 ]
0.11180419921874005, 14.156829833984375, 0.0988500177866822, 0.2799343813636936

[15.79742432  0.11184082]
0.11184082031248926, 15.79742431640625, 0.09885827645915271, 0.27993432933054463

[14.96871948  0.11253662]
0.11253662109373966, 14.968719482421875, 0.09901471341966935, 0.27993432837577126

[15.98778534  0.11309509]
0.11309509277342666, 15.987785339355469, 0.09914014289861726, 0.2799343517383596

[18.66426086  0.11226196]
0.11226196289061288, 18.664260864257812, 0.09895301741248602, 0.2799342392007442

[21.94544983  0.11233521]
0.11233520507811129, 21.945449829101562, 0.09896950275031123, 0.27993418562641553

[21.116745    0.11303101]
0.11303100585936168, 21.116744995117188, 0.09912579697313097, 0.27993424235835557

[28.09347534  0.11282959]
0.11282958984373331, 28.093475341796875, 0.09908060452024561, 0.2799341417818358

[34.65585327  0.11297607]
0.11297607421873013, 34.655853271484375, 0.09911351329908835, 0.2799341131674015

[35.48455811  0.11228027]
0.11228027343747973, 35.48455810546875, 0.09895719956766995, 0.2799340720141682

[42.66846466  0.11190491]
0.11190490722653873, 42.66846466064453, 0.09887279763320778, 0.27993406175353086

[55.3788681   0.11254578]
0.11254577636715757, 55.378868103027344, 0.09901689704770773, 0.2799340078835459

[72.09557724  0.11265106]
0.11265106201168074, 72.09557723999023, 0.09904056229376838, 0.27993398519305773

[80.10818863  0.1115799 ]
0.11157989501948934, 80.10818862915039, 0.09879968693055752, 0.27993403139373035

[109.53530121   0.11232605]
0.11232604980463134, 109.5353012084961, 0.0989675392442264, 0.2799339462278238

[1.42968719e+02 1.12536621e-01]
0.11253662109367768, 142.96871948242188, 0.09901486863942821, 0.2799339347636294

[1.34956108e+02 1.13607788e-01]
0.11360778808586908, 134.95610809326172, 0.09925530705590496, 0.2799340884471892

[93.8201685   0.11208687]
0.11208686828608427, 93.82016849517822, 0.09891375853597736, 0.27993396420787386

[1.64693311e+02 1.11972427e-01]
0.11197242736808122, 164.69331073760986, 0.09888803124881712, 0.2799339420355106

[2.13841862e+02 1.12422180e-01]
0.11242218017567462, 213.84186172485352, 0.09898915752030182, 0.279933917018217

[2.73852708e+02 1.12589836e-01]
0.1125898361204698, 273.85270833969116, 0.09902683387574945, 0.2799339148207212

[2.52128117e+02 1.13154030e-01]
0.11315402984606626, 252.12811708450317, 0.0991535234826265, 0.27993397372977447

[1.86552012e+02 1.12267828e-01]
0.11226782798757748, 186.5520123243332, 0.09895446087223639, 0.27993392233859554

[3.17436001e+02 1.12321043e-01]
0.1123210430143696, 317.4360011816025, 0.09896642928616457, 0.27993390698509135

[4.04669642e+02 1.12213254e-01]
0.11221325397471554, 404.6696420311928, 0.09894219891559795, 0.27993390480937125

[4.91970338e+02 1.12535262e-01]
0.11253526210760786, 491.97033804655075, 0.09901457616250066, 0.2799339020675662

[6.44679501e+02 1.12668979e-01]
0.11266897916762303, 644.6795009076595, 0.09904461925122615, 0.27993390510808025

[6.22787272e+02 1.12158680e-01]
0.11215867996185361, 622.7872717380524, 0.09892993043887288, 0.279933901184133

[7.97254553e+02 1.11943102e-01]
0.11194310188254553, 797.254553437233, 0.09888144714646792, 0.2799339129094695

[7.10087968e+02 1.12480688e-01]
0.11248068809474593, 710.0879677534103, 0.09900231458967401, 0.2799338964655675

[8.62797131e+02 1.12614405e-01]
0.11261440515476112, 862.7971306145191, 0.09903236020594407, 0.2799338995544725

[8.40904901e+02 1.12104106e-01]
0.11210410594899167, 840.904901444912, 0.09891765952368216, 0.27993390111094535

[9.28205597e+02 1.12426114e-01]
0.112426114081884, 928.2055974602699, 0.09899005097642483, 0.2799338934012054

[1.08091476e+03 1.12559831e-01]
0.11255983114189921, 1080.9147603213787, 0.09902009947022292, 0.27993389564222076

[7.97388664e+02 1.12802696e-01]
0.11280269622763825, 797.3886637687683, 0.09907465418838915, 0.2799339129507993

[8.30025842e+02 1.12278754e-01]
0.11227875351865332, 830.025842025876, 0.09895692778989831, 0.2799338948317291

[1.04814347e+03 1.12224180e-01]
0.11222417950579139, 1048.1434717327356, 0.09894465924877481, 0.27993389451582923

[1.14632323e+03 1.12371540e-01]
0.11237154006902206, 1146.3232271671295, 0.09897778576057689, 0.27993389175788463

[1.30447192e+03 1.12417933e-01]
0.11241793334420641, 1304.4719197377563, 0.09898821320751, 0.27993389128549934

[1.18453405e+03 1.12619868e-01]
0.11261986792029902, 1184.5340454652905, 0.09903358829245586, 0.2799338977530633

[1.08224112e+03 1.12323102e-01]
0.1123231016094183, 1082.2411151658744, 0.09896689780364556, 0.27993389232801624

[1.45850744e+03 1.12314921e-01]
0.11231492087174072, 1458.5074374433607, 0.09896505948584869, 0.2799338908710705

[1.72365836e+03 1.12259324e-01]
0.11225932426666907, 1723.658357434906, 0.09895256151982441, 0.27993389110149314

[1.68073824e+03 1.12409753e-01]
0.11240975260652883, 1680.7382420152426, 0.0989863750493482, 0.2799338900809192

[1.97998681e+03 1.12453078e-01]
0.11245307810508409, 1979.9868054399267, 0.09899611227208585, 0.2799338899699125

[2.13402232e+03 1.12350066e-01]
0.1123500656326184, 2134.022323145531, 0.09897295998575649, 0.27993388916189677

[2.54879752e+03 1.12316132e-01]
0.11231613177682442, 2548.7975248494186, 0.09896533244621696, 0.27993388891234194

[3.07027689e+03 1.12454289e-01]
0.1124542890101678, 3070.2768928459845, 0.09899638486683601, 0.27993388884201686

[3.87616162e+03 1.12523973e-01]
0.11252397307938133, 3876.1616205472965, 0.09901204414724789, 0.2799338900142726

[3.63908761e+03 1.12317343e-01]
0.11231734268190813, 3639.0876122554764, 0.0989656049485043, 0.27993388807798597

[4.46863802e+03 1.12249475e-01]
0.11224947497032012, 4468.638015663251, 0.09895034816531456, 0.2799338890544616

[4.16056698e+03 1.12455500e-01]
0.1124554999152515, 4160.566980252042, 0.09899665721556769, 0.27993388832423816

[4.72937770e+03 1.12318554e-01]
0.11231855358699183, 4729.377699661534, 0.09896587731121231, 0.27993388772896893

[5.55892810e+03 1.12250686e-01]
0.11225068587540388, 5558.928103069309, 0.09895062050733432, 0.2799338887903405

[4.20789833e+03 1.12180396e-01]
0.11218039635364846, 4207.898331664968, 0.09893481696586565, 0.2799338913206723

[4.17239982e+03 1.12386724e-01]
0.11238672402485074, 4172.399818105274, 0.09898120018927184, 0.27993388758204607

[5.26268991e+03 1.12387935e-01]
0.11238793492993443, 5262.689905511332, 0.09898147247925618, 0.2799338873059003

[6.07449105e+03 1.12423231e-01]
0.11242323105394758, 6074.491052139259, 0.0989894054022076, 0.27993388741325687

[4.70571202e+03 1.12456105e-01]
0.11245610536779332, 4705.712023955071, 0.09899679334565975, 0.27993388810731756

[4.72346128e+03 1.12352942e-01]
0.1123529415321922, 4723.461280734919, 0.09897360707598453, 0.2799338874117959

[5.81375137e+03 1.12354152e-01]
0.11235415243727591, 5813.751368140976, 0.09897387936880528, 0.2799338871689001

[6.63442714e+03 1.12337867e-01]
0.11233786664348852, 6634.427143158828, 0.0989702187463867, 0.2799338871525854

[7.17365577e+03 1.12372860e-01]
0.11237286004123075, 7173.655767935241, 0.09897808434867836, 0.2799338868329213

[8.39875301e+03 1.12382819e-01]
0.11238281929575003, 8398.753011535402, 0.09898032288008893, 0.2799338868244964

[9.77049025e+03 1.12332751e-01]
0.11233275100930412, 9770.490249182898, 0.098969068974601, 0.27993388679015635

[1.20243904e+04 1.12305159e-01]
0.11230515904898897, 12024.390421018681, 0.09896286665554081, 0.2799338870599313

[1.15348161e+04 1.12377704e-01]
0.11237770366156563, 11534.816117559472, 0.09897917315601817, 0.27993388653866874

[1.39850106e+04 1.12397622e-01]
0.11239762217060417, 13985.010604759795, 0.0989836500604898, 0.2799338864634438

[1.53567478e+04 1.12347554e-01]
0.11234755388415826, 15356.74784240729, 0.09897239645442225, 0.27993388654789575

[1.95712682e+04 1.12412425e-01]
0.11241242504545831, 19571.268197984187, 0.0989869770956011, 0.27993388664385804

[1.71210737e+04 1.12392507e-01]
0.11239250653641977, 17121.073710783865, 0.09898250033375303, 0.2799338862033654

[1.57493365e+04 1.12442575e-01]
0.11244257482286568, 15749.336473136369, 0.09899375297545424, 0.27993388704045286

[1.54548950e+04 1.12371309e-01]
0.11237130911883511, 15454.89500008956, 0.09897773594897416, 0.27993388657049745

[1.55530422e+04 1.12395064e-01]
0.11239506435351197, 15553.04215777183, 0.09898307522162597, 0.27993388651779977

[1.62389108e+04 1.12370030e-01]
0.11237003021028902, 16238.910776595578, 0.09897744849542704, 0.27993388642750766

[1.78069423e+04 1.12367472e-01]
0.11236747239319682, 17806.942329607613, 0.09897687359514966, 0.279933886423169

[1.86891053e+04 1.12389949e-01]
0.11238994871932756, 18689.1052637959, 0.09898192543527692, 0.27993388635254357

[1.80032366e+04 1.12414983e-01]
0.11241498286255051, 18003.236644972152, 0.09898755193392239, 0.2799338865288237

[1.78560159e+04 1.12379350e-01]
0.11237935001053524, 17856.015908448746, 0.09897954327386346, 0.2799338862861188

[1.62879844e+04 1.12381908e-01]
0.11238190782762747, 16287.98435543671, 0.09898011818190439, 0.2799338863968764

[1.80888250e+04 1.12387938e-01]
0.11238793849640254, 18088.825036706105, 0.09898147362260647, 0.2799338864177195

[1.74885448e+04 1.12385928e-01]
0.11238592827347751, 17488.544809616305, 0.09898102180152861, 0.27993388639300987

[1.79050895e+04 1.12391228e-01]
0.11239122762787367, 17905.089487289883, 0.09898221288678924, 0.2799338862987343

[1.75376184e+04 1.12397806e-01]
0.11239780589081591, 17537.61838845744, 0.0989836913827831, 0.2799338866703805

[1.75008132e+04 1.12388898e-01]
0.11238889767781211, 17500.813204326587, 0.09898168923207684, 0.2799338863882879

[1.75253500e+04 1.12394836e-01]
0.11239483648648131, 17525.349993747157, 0.09898302399842293, 0.27993388647213524

[1.75069474e+04 1.12390382e-01]
0.11239038237997942, 17506.94740168173, 0.09898202292502642, 0.2799338865840213

[1.75130816e+04 1.12391867e-01]
0.11239186708214671, 17513.081599036872, 0.09898235658622845, 0.2799338862758062

[1.73109435e+04 1.12390702e-01]
0.11239070210711594, 17310.943457555226, 0.0989820947787789, 0.2799338865138535

[1.73232119e+04 1.12393672e-01]
0.11239367151145055, 17323.21185226551, 0.09898276218655402, 0.279933886301707

[1.73201448e+04 1.12392929e-01]
0.11239292916036689, 17320.14475358794, 0.09898259531045972, 0.2799338864420771

[1.73170777e+04 1.12392187e-01]
0.11239218680928324, 17317.07765491037, 0.098982428463848, 0.2799338867406311

[1.72160086e+04 1.12391604e-01]
0.11239160432176785, 17216.008584169547, 0.09898229755287383, 0.2799338865136211

[1.70200046e+04 1.12391924e-01]
0.11239192404890437, 17020.004640043044, 0.09898236940932595, 0.27993388627219723

[1.69250698e+04 1.12392826e-01]
0.1123928262635563, 16925.06976665736, 0.09898257218768342, 0.27993388640914674

[1.69978045e+04 1.12392521e-01]
0.11239252077810918, 16997.804471035408, 0.09898250353239585, 0.2799338860177235

[1.70988735e+04 1.12393103e-01]
0.11239310326562459, 17098.87354177623, 0.09898263446197585, 0.2799338862666335

[1.70791563e+04 1.12392808e-01]
0.11239280846144453, 17079.15631634293, 0.09898256819721817, 0.27993388647071843

[1.70594391e+04 1.12392514e-01]
0.11239251365726448, 17059.439090909636, 0.0989825019240101, 0.27993388623533216

[1.70089046e+04 1.12392222e-01]
0.11239222241350677, 17008.904555539226, 0.09898243647895479, 0.2799338863669244

[1.70483390e+04 1.12392812e-01]
0.1123928120218669, 17048.339006405815, 0.09898256899161355, 0.2799338864708595

[1.70187632e+04 1.12392370e-01]
0.1123923698155968, 17018.76316825587, 0.09898246959030212, 0.27993388631875343

[1.70384804e+04 1.12392665e-01]
0.11239266461977687, 17038.48039368917, 0.09898253585336719, 0.27993388606210995

[1.69768458e+04 1.12392672e-01]
0.11239267174062158, 16976.84577381494, 0.09898253746502716, 0.27993388654848417

[1.70387908e+04 1.12392553e-01]
0.11239255317810376, 17038.790761635963, 0.09898251081341686, 0.2799338863651803

[1.70181424e+04 1.12392593e-01]
0.11239259269894303, 17018.14243236229, 0.09898251968761546, 0.2799338864924342

[1.70286218e+04 1.12392517e-01]
0.11239251721768684, 17028.62178097252, 0.09898250272654624, 0.27993388643106065

[1.70082838e+04 1.12392445e-01]
0.112392445296853, 17008.28381964564, 0.09898248656290465, 0.2799338866762819

[1.70156778e+04 1.12392556e-01]
0.11239255584842052, 17015.677779183126, 0.09898251141581432, 0.27993388656606355

[1.70132131e+04 1.12392519e-01]
0.11239251899789801, 17013.213126003964, 0.09898250311774145, 0.27993388636701755

[1.70079735e+04 1.12392557e-01]
0.1123925567385261, 17007.973451698846, 0.09898251161719104, 0.2799338864630509

[1.70030441e+04 1.12392483e-01]
0.11239248303748109, 17003.04414534053, 0.09898249504856792, 0.2799338864751079

[1.70067411e+04 1.12392538e-01]
0.11239253831326484, 17006.741125109267, 0.09898250746383247, 0.27993388645251593

[1.70042765e+04 1.12392501e-01]
0.11239250146274235, 17004.27647193011, 0.09898249920194431, 0.279933886630718

[1.70061250e+04 1.12392529e-01]
0.11239252910063421, 17006.12496181448, 0.09898250538809147, 0.27993388677373515

[1.70055088e+04 1.12392520e-01]
0.1123925198880036, 17005.508798519688, 0.09898250332357572, 0.2799338867204486

[1.70022728e+04 1.12392530e-01]
0.11239252954568701, 17002.272798072336, 0.09898250549876594, 0.27993388629882454

[1.69945685e+04 1.12392530e-01]
0.1123925304357926, 16994.568470588056, 0.09898250570111049, 0.2799338866369168

[1.69973036e+04 1.12392528e-01]
0.11239252779884534, 16997.303552570964, 0.09898250511357318, 0.2799338863415486

[1.70027737e+04 1.12392523e-01]
0.11239252252495086, 17002.77371653678, 0.0989825039160639, 0.27993388648217177

[1.69986711e+04 1.12392526e-01]
0.11239252648037172, 16998.671093562418, 0.09898250480460968, 0.2799338865130843

[1.70000386e+04 1.12392525e-01]
0.1123925251618981, 17000.03863455387, 0.09898250453479394, 0.2799338862808445

[1.69975540e+04 1.12392524e-01]
0.11239252428847726, 16997.554011803186, 0.09898250431441574, 0.2799338865074917

[1.70002891e+04 1.12392522e-01]
0.11239252165153002, 17000.289093786094, 0.09898250371755582, 0.27993388640075445

[1.69996053e+04 1.12392522e-01]
0.11239252231076684, 16999.60532329037, 0.0989825038499673, 0.2799338864835802

[1.69989216e+04 1.12392523e-01]
0.11239252297000364, 16998.92155279464, 0.09898250400234303, 0.27993388631736404

[1.69976792e+04 1.12392523e-01]
0.11239252253329322, 16997.679241419297, 0.09898250391801214, 0.27993388643538747

[1.69990468e+04 1.12392521e-01]
0.11239252121481959, 16999.046782410755, 0.09898250365294117, 0.2799338862261857

[1.69979297e+04 1.12392519e-01]
0.11239251902292512, 16997.929700651523, 0.0989825031173951, 0.2799338862549379

[1.69981777e+04 1.12392520e-01]
0.11239252000969477, 16998.177663687304, 0.09898250335039095, 0.2799338863800281

[1.69984256e+04 1.12392521e-01]
0.11239252099646438, 16998.42562672308, 0.09898250358472135, 0.2799338862745697

[1.69983630e+04 1.12392522e-01]
0.1123925218740564, 16998.363011915026, 0.0989825037760358, 0.27993388640351247

[1.69978671e+04 1.12392520e-01]
0.11239251990051716, 16997.867085843463, 0.09898250331681038, 0.2799338864278738

[1.69982390e+04 1.12392521e-01]
0.1123925213806716, 16998.239030397133, 0.0989825036498111, 0.279933886395603

[1.69979911e+04 1.12392520e-01]
0.11239252039390196, 16997.991067361356, 0.09898250345717081, 0.2799338866248724

[1.69981770e+04 1.12392521e-01]
0.11239252113397918, 16998.17703963819, 0.09898250361913503, 0.2799338863564132

[1.69980531e+04 1.12392521e-01]
0.11239252064059438, 16998.0530581203, 0.09898250348883342, 0.27993388644068956

[1.69981460e+04 1.12392521e-01]
0.11239252101063299, 16998.14604425872, 0.09898250356985014, 0.2799338863377605

[1.69980841e+04 1.12392521e-01]
0.11239252076394057, 16998.08405349977, 0.09898250351512028, 0.27993388650925877

[1.69981305e+04 1.12392521e-01]
0.11239252094895988, 16998.13054656898, 0.09898250356240397, 0.27993388630354205

[1.69980996e+04 1.12392521e-01]
0.11239252082561368, 16998.09955118951, 0.09898250353731901, 0.27993388628871485

[1.69981073e+04 1.12392521e-01]
0.11239252085645023, 16998.107300034375, 0.0989825035645836, 0.2799338864841065

[1.69981150e+04 1.12392521e-01]
0.11239252088728678, 16998.115048879245, 0.09898250355917869, 0.2799338864676676

[1.69979675e+04 1.12392521e-01]
0.11239252086353453, 16997.967508802194, 0.09898250355069703, 0.27993388626949844

[1.69976569e+04 1.12392521e-01]
0.11239252075435692, 16997.65693095836, 0.09898250353886494, 0.27993388675224806

[1.69980005e+04 1.12392521e-01]
0.11239252085405432, 16998.000519399022, 0.09898250355095013, 0.2799338864382025

[1.69977715e+04 1.12392521e-01]
0.11239252078758938, 16997.771460438584, 0.09898250352657613, 0.27993388661905566

[1.69979433e+04 1.12392521e-01]
0.11239252083743809, 16997.943254658912, 0.09898250355006771, 0.27993388646217293

[1.69978860e+04 1.12392521e-01]
0.11239252082082185, 16997.885989918803, 0.09898250353801064, 0.2799338866865191

[1.69979025e+04 1.12392521e-01]
0.11239252081608175, 16997.902495217215, 0.09898250355565702, 0.27993388613861653

[1.69978210e+04 1.12392521e-01]
0.11239252077336909, 16997.820976333816, 0.0989825035291409, 0.27993388641530104

[1.69978372e+04 1.12392521e-01]
0.11239252078523226, 16997.837229730063, 0.09898250352179513, 0.2799338865037763

[1.69978535e+04 1.12392521e-01]
0.11239252079709547, 16997.85348312631, 0.098982503511957, 0.27993388639328604

[1.69978452e+04 1.12392521e-01]
0.11239252079946552, 16997.845230477105, 0.09898250352329085, 0.27993388659608703

[1.69978127e+04 1.12392521e-01]
0.11239252077573914, 16997.812723684612, 0.09898250353398509, 0.2799338860835261

[1.69977637e+04 1.12392521e-01]
0.11239252075675285, 16997.76371159371, 0.0989825035206454, 0.279933886497444

[1.69978310e+04 1.12392521e-01]
0.11239252078700981, 16997.83104024316, 0.0989825035396076, 0.27993388618483284

[1.69977862e+04 1.12392521e-01]
0.1123925207668385, 16997.78615447686, 0.09898250352868333, 0.27993388623159654

[1.69978198e+04 1.12392521e-01]
0.11239252078196699, 16997.819818801585, 0.0989825035340379, 0.2799338863747158

[1.69978086e+04 1.12392521e-01]
0.11239252077692416, 16997.80859736001, 0.09898250352741671, 0.279933886474643

[1.69978178e+04 1.12392521e-01]
0.1123925207825595, 16997.817755639284, 0.09898250354505721, 0.2799338864000991

[1.69978136e+04 1.12392521e-01]
0.11239252078374454, 16997.81362931468, 0.0989825035330172, 0.279933886535451

[1.69978099e+04 1.12392521e-01]
0.11239252077862925, 16997.809855348678, 0.09898250353880605, 0.27993388649963497

[1.69978111e+04 1.12392521e-01]
0.11239252078033435, 16997.811113337346, 0.09898250354534115, 0.279933886116752

[1.69978065e+04 1.12392521e-01]
0.11239252077751667, 16997.80653419771, 0.09898250351711041, 0.2799338862599307

[1.69978091e+04 1.12392521e-01]
0.11239252078092686, 16997.809050175045, 0.09898250351630825, 0.2799338863856791

[1.69978072e+04 1.12392521e-01]
0.11239252077836923, 16997.807163192043, 0.09898250353272578, 0.27993388645344663

[1.69978078e+04 1.12392521e-01]
0.11239252077922177, 16997.807792186377, 0.09898250352201816, 0.2799338865787596

[1.69978055e+04 1.12392521e-01]
0.11239252077781292, 16997.80550261656, 0.09898250352077022, 0.27993388646643935

[1.69978022e+04 1.12392521e-01]
0.11239252077670034, 16997.80218146559, 0.0989825035195335, 0.27993388653542245

[1.69978036e+04 1.12392521e-01]
0.11239252077733071, 16997.80358414579, 0.09898250352471219, 0.2799338864504055

[1.69978026e+04 1.12392521e-01]
0.11239252077762696, 16997.802552564637, 0.09898250351862706, 0.2799338865782726

[1.69978048e+04 1.12392521e-01]
0.11239252077776643, 16997.80476510358, 0.09898250353494117, 0.27993388638483


------------------------------------------------------------
Sender: LSF System <lsfadmin@n-62-21-4>
Subject: Job 1708281: <minimize_batch_job_this_is_on_purpose_to_utilize_more_kernel> in cluster <dcc> Done

Job <minimize_batch_job_this_is_on_purpose_to_utilize_more_kernel> was submitted from host <gbarlogin2> by user <s174007> in cluster <dcc> at Thu Jan 10 17:20:30 2019
Job was executed on host(s) <n-62-21-4>, in queue <hpc>, as user <s174007> in cluster <dcc> at Thu Jan 10 17:20:32 2019
</zhome/b0/b/127184> was used as the home directory.
</zhome/b0/b/127184/Documents/Projects/machine-learning-on-materials> was used as the working directory.
Started at Thu Jan 10 17:20:32 2019
Terminated at Fri Jan 11 02:54:04 2019
Results reported at Fri Jan 11 02:54:04 2019

Your job looked like:

------------------------------------------------------------
# LSBATCH: User input
#!/bin/bash
##Kør på cpu
#BSUB -q hpc
##Navn på job
#BSUB -J minimize_batch_job_this_is_on_purpose_to_utilize_more_kernel
##Output fil
#BSUB -o output/minimize/linear_SimpleLarge_deep_batchjobs-%J.out
##Antal kerner
#BSUB -n 1
##Om kernerne må være på forskellige computere
#BSUB -R "span[hosts=1]"
##Ram pr kerne
#BSUB -R "rusage[mem=10GB]"
##Hvor lang tid må den køre hh:mm
#BSUB -W 45:00
##Email når jobbet starter
##og stopper
module purge
module load python3
python3 KRR/minimizer.py linear 3 SimpleLarge deep [5]
------------------------------------------------------------

Successfully completed.

Resource usage summary:

    CPU time :                                   34405.54 sec.
    Max Memory :                                 8048 MB
    Average Memory :                             7796.69 MB
    Total Requested Memory :                     10240.00 MB
    Delta Memory :                               2192.00 MB
    Max Swap :                                   -
    Max Processes :                              4
    Max Threads :                                5
    Run time :                                   34423 sec.
    Turnaround time :                            34414 sec.

The output (if any) is above this job summary.

