Unloaded module: latex/TeXLive12
Loaded module: python3/3.6.2
[10]
[10.0]
[10.  5.]
5.0, 10.0, 0.22564949604791354, 0.2910158353207498

[10.5  5. ]
5.0, 10.5, 0.22564989337340297, 0.29101598518675265

[10.    5.25]
5.25, 10.0, 0.22839299880207428, 0.2920308685527857

[10.5   4.75]
4.75, 10.5, 0.222769745997614, 0.28997304755806197

[10.75  4.5 ]
4.5, 10.75, 0.2197395064971793, 0.28890056959554916

[10.25  4.5 ]
4.5, 10.25, 0.21973913855697455, 0.2889003853252441

[10.125  4.25 ]
4.25, 10.125, 0.21654262382873676, 0.2877962773930216

[10.875  3.75 ]
3.75, 10.875, 0.20957607582208937, 0.2854859677362108

[11.3125  3.125 ]
3.125, 11.3125, 0.19953240091616195, 0.28238232357625864

[10.6875  2.875 ]
2.875, 10.6875, 0.19499148730523297, 0.2810656585846683

[10.65625  2.0625 ]
2.0625, 10.65625, 0.1773513214004918, 0.2764607620598116

[11.84375  0.9375 ]
0.9375, 11.84375, 0.1398521513025121, 0.2695200983183734

[12.703125 -0.71875 ]
-0.71875, 12.703125, 19.143685566805125, 23.504012853098324

[11.1875 -0.125 ]
-0.125, 11.1875, 2.056446311037037, 3.7868344123835884

[11.28125  2.3125 ]
2.3125, 11.28125, 0.1833367514090795, 0.2779325348377487

[11.21875  0.6875 ]
0.6875, 11.21875, 0.127397365923356, 0.26823395471674216

[11.1875 -0.125 ]
-0.125, 11.1875, 2.056446311037037, 3.7868344123835884

[12.40625 -0.4375 ]
-0.4375, 12.40625, 5.594422667270906, 6.992592548856207

[11.09375  1.4375 ]
1.4375, 11.09375, 0.1592697055111634, 0.2725998166273661

[11.96875  0.1875 ]
0.1875, 11.96875, 0.09208039340998467, 0.2693171740634674

[11.34375 -0.0625 ]
-0.0625, 11.34375, 6.7871370941519675, 16.11511769524705

[11.71875  0.6875 ]
0.6875, 11.71875, 0.12739751690867535, 0.26823413284905157

[10.96875  1.1875 ]
1.1875, 10.96875, 0.1502923305485902, 0.27102802689321925

[11.71875  0.4375 ]
0.4375, 11.71875, 0.1120009442402634, 0.2676114254532195

[11.21875  0.4375 ]
0.4375, 11.21875, 0.11200083647037945, 0.26761129509015597

[10.96875  0.3125 ]
0.3125, 10.96875, 0.10272899481133066, 0.2679354828301849

[11.71875  0.1875 ]
0.1875, 11.71875, 0.09208037193476777, 0.2693171406221617

[11.34375  0.5625 ]
0.5625, 11.34375, 0.1201476835669174, 0.26778846128575734

[11.59375  0.3125 ]
0.3125, 11.59375, 0.10272909743052044, 0.2679356139859936

[11.40625  0.5    ]
0.5, 11.40625, 0.11619930081443049, 0.26765581107776265

[11.53125  0.375  ]
0.375, 11.53125, 0.10752200636110433, 0.26768805753009034

[11.4375   0.46875]
0.46875, 11.4375, 0.11413316497318941, 0.2676207992033421

[11.5      0.40625]
0.40625, 11.5, 0.10979855190693398, 0.26763195918068355

[11.453125  0.453125]
0.453125, 11.453125, 0.1130755356134275, 0.26761262547039166

[11.484375  0.421875]
0.421875, 11.484375, 0.11090873425831395, 0.26761759110854766

[11.4609375  0.4453125]
0.4453125, 11.4609375, 0.11254037123555397, 0.2676110947460918

[10.9609375  0.4453125]
0.4453125, 10.9609375, 0.11254025678922548, 0.26761095656064593

[10.58203125  0.44921875]
0.44921875, 10.58203125, 0.1128082799487658, 0.26761138778952687

[11.203125  0.453125]
0.453125, 11.203125, 0.1130754787729311, 0.2676125569520156

[11.21484375  0.44140625]
0.44140625, 11.21484375, 0.11227111919455383, 0.2676109318511723

[10.71484375  0.44140625]
0.44140625, 10.71484375, 0.1122710004438349, 0.2676107883506148

[10.34179688  0.43945312]
0.439453125, 10.341796875, 0.11213589970411107, 0.2676107963157326

[10.96875  0.4375 ]
0.4375, 10.96875, 0.11200077891411782, 0.26761122547305055

[10.96289062  0.44335938]
0.443359375, 10.962890625, 0.1124057943179389, 0.2676108524041865

[10.46289062  0.44335938]
0.443359375, 10.462890625, 0.11240566947511232, 0.267610701616947

[10.08691406  0.44433594]
0.4443359375, 10.0869140625, 0.11247283230535811, 0.26761061624082916

[9.83886719 0.44238281]
0.4423828125, 9.8388671875, 0.11233816357240792, 0.2676104827495338

[9.27685547 0.44189453]
0.44189453125, 9.27685546875, 0.11230429627071886, 0.26761027656039776

[8.64892578 0.44482422]
0.44482421875, 8.64892578125, 0.1125059665351674, 0.26761007502312956

[7.6159668 0.4465332]
0.446533203125, 7.615966796875, 0.11262300630501446, 0.26760968838899196

[6.8059082 0.4440918]
0.444091796875, 6.805908203125, 0.11245465496004263, 0.2676089540443457

[5.16540527 0.44396973]
0.4439697265625, 5.1654052734375, 0.11244491880232788, 0.26760734614231707

[3.5045166 0.4486084]
0.4486083984375, 3.5045166015625, 0.1127609796919748, 0.26760468166990975

[0.61834717 0.45196533]
0.45196533203125, 0.61834716796875, 0.11295438938472388, 0.2675626757840094

[-1.83221436  0.44940186]
0.44940185546875, -1.83221435546875, 0.11283984254992861, 0.2676345609632435

[5.25392151 0.44725037]
0.4472503662109375, 5.2539215087890625, 0.11267055439992944, 0.26760773852311825

[0.52983093 0.44868469]
0.4486846923828125, 0.5298309326171875, 0.11272329189569891, 0.2675542670562787

[-1.83221436  0.44940186]
0.44940185546875, -1.83221435546875, 0.11283984254992861, 0.2676345609632435

[-4.01722717  0.4566803 ]
0.4566802978515625, -4.0172271728515625, 0.1133276721705763, 0.26762600512069046

[2.86974716 0.44714737]
0.4471473693847656, 2.8697471618652344, 0.11265898664247447, 0.2676023215304313

[-1.72156906  0.45350266]
0.4535026550292969, -1.7215690612792969, 0.11312133143059551, 0.26763710449901984

[1.72191811 0.44873619]
0.44873619079589844, 1.7219181060791016, 0.11276141651683472, 0.2675947552506386

[-0.57374001  0.45191383]
0.45191383361816406, -0.5737400054931641, 0.11305022100104953, 0.26768312719787307

[1.14800358 0.4495306 ]
0.44953060150146484, 1.1480035781860352, 0.11280781446131552, 0.2675853944387372

[1.74522400e-04 4.51119423e-01]
0.45111942291259766, 0.00017452239990234375, 0.11259765888783402, 0.2680677548144841

[0.86104631 0.44992781]
0.44992780685424805, 0.861046314239502, 0.11282716280146539, 0.26757624820713993

[0.28713179 0.45072222]
0.45072221755981445, 0.28713178634643555, 0.11282466288913312, 0.26751192023936915

[1.74522400e-04 4.51119423e-01]
0.45111942291259766, 0.00017452239990234375, 0.11259765888783402, 0.2680677548144841

[0.19861555 0.44744158]
0.44744157791137695, 0.19861555099487305, 0.11256773211907016, 0.26747690202126845

[-0.01125026  0.4451797 ]
0.44517970085144043, -0.01125025749206543, 0.11364935006051308, 0.2723786530552294

[-0.0440836  0.4494791]
0.4494791030883789, -0.044083595275878906, 0.1152589599517709, 0.2715723390440871

[0.3863523 0.4488833]
0.4488832950592041, 0.3863523006439209, 0.11271969962575314, 0.2675347482148954

[0.09939504 0.4492805 ]
0.4492805004119873, 0.0993950366973877, 0.1126091464937957, 0.2673963814697446

[-0.0440836  0.4494791]
0.4494791030883789, -0.044083595275878906, 0.1152589599517709, 0.2715723390440871

[0.0108788  0.44599986]
0.4459998607635498, 0.010878801345825195, 0.11215548114090704, 0.2674942077541997

[0.07994205 0.44718045]
0.44718044996261597, 0.07994204759597778, 0.11243423938651438, 0.2673713292004929

[-0.01927847  0.44901937]
0.4490193724632263, -0.01927846670150757, 0.14017500028945573, 0.33326785839801754

[0.14414205 0.44783603]
0.4478360265493393, 0.1441420465707779, 0.11255934332315169, 0.2674412338973644

[0.03519504 0.44862492]
0.448624923825264, 0.035195037722587585, 0.11241263384247088, 0.26731901384317086

[-0.01927847  0.44901937]
0.4490193724632263, -0.01927846670150757, 0.14017500028945573, 0.33326785839801754

[0.01574205 0.44652487]
0.44652487337589264, 0.015742048621177673, 0.11219902585018135, 0.2674074541011177

[0.07848179 0.44859159]
0.44859159365296364, 0.07848178967833519, 0.11252777376843164, 0.26736896086702205

[0.03373478 0.45003607]
0.45003606751561165, 0.03373477980494499, 0.11250325806158325, 0.2673192619519443

[-0.00955197  0.4500694 ]
0.450069397687912, -0.009551972150802612, 0.11344897475708533, 0.27090277391769796

[0.05647335 0.44896104]
0.4489610446617007, 0.05647334922105074, 0.11250307442540133, 0.2673369736235638

[0.01245647 0.44969995]
0.4496999466791749, 0.012456468306481838, 0.11240926956326429, 0.26745919755061204

[0.04546913 0.44914577]
0.44914577016606927, 0.045469128992408514, 0.11248339024127019, 0.2673234496108044

[0.02346069 0.44951522]
0.44951522117480636, 0.023460688535124063, 0.11242865801529416, 0.2673430446455298

[0.03996702 0.44923813]
0.44923813291825354, 0.0399670188780874, 0.1124713856215868, 0.26731938756813645

[0.0289628  0.44942286]
0.4494228584226221, 0.028962798649445176, 0.11244345145369437, 0.2673253040855199

[0.03721596 0.44928431]
0.4492843142943457, 0.037215963820926845, 0.11246484486933819, 0.2673186238251716

[0.03867622 0.44787317]
0.447873170603998, 0.03867622173856944, 0.11237393107257579, 0.26731930295479583

[0.03497014 0.44949534]
0.44949534328770824, 0.034970140288351104, 0.11247105141606632, 0.2673188377640765

[0.03699107 0.45015473]
0.45015473375678994, 0.03699106638669036, 0.11252324298523977, 0.26731838549904063

[0.03788908 0.45091964]
0.4509196387225529, 0.03788908071874175, 0.1125784369491275, 0.267318303939271

[0.0401349  0.45070861]
0.45070860972919036, 0.040134904251317494, 0.11257196416255473, 0.2673191019883217

[0.03626133 0.44979866]
0.44979865989807877, 0.0362613312790927, 0.11249639674259285, 0.267318492783382

[0.03693445 0.45143398]
0.451433984326286, 0.03693444817690761, 0.11260995820802396, 0.2673180920828953

[0.03679369 0.45250882]
0.4525088193422562, 0.03679369035489799, 0.11268239468270867, 0.2673178816674939

[0.03842144 0.4536298 ]
0.4536297981667303, 0.03842143979454704, 0.11276419316219632, 0.2673179260035875

[0.03732605 0.45521898]
0.4552189787864336, 0.03732604943070328, 0.11286788109542295, 0.26731753702817407

[0.03704453 0.45736865]
0.4573686488183739, 0.03704453378668404, 0.11301212529784996, 0.26731737112215304

[0.03541678 0.45624767]
0.45624766999389976, 0.03541678434703499, 0.11293051410276195, 0.2673175703001999

[0.03566763 0.4611075 ]
0.4611074994700175, 0.03566762777882104, 0.11325902629272586, 0.2673175139981008

[0.03729538 0.46222848]
0.46222847829449165, 0.037295377218470094, 0.11334025690411333, 0.26731755033113525

[0.03682573 0.46073328]
0.4607332762193437, 0.03682572900061132, 0.11323805964470822, 0.26731740080848293

[0.03820264 0.45699443]
0.4569944255677001, 0.03820263500847432, 0.11299099560633429, 0.2673175558878954

[0.03630138 0.46007923]
0.46007923099443815, 0.03630137958623436, 0.11319215113148316, 0.26731737983822873

[0.03652018 0.4567146 ]
0.4567146035934684, 0.036520184372307085, 0.11296607377014489, 0.2673173951995864

[0.03659657 0.45771927]
0.4577192717499372, 0.03659657052938314, 0.1130341727086518, 0.2673173516882055

[0.03733972 0.45500869]
0.45500868957387297, 0.037339724729832824, 0.11285370386163603, 0.2673175596118422

[0.03656097 0.4588116 ]
0.45881159563929685, 0.03656096587213398, 0.11310770683950888, 0.26731734007317526

[0.036113   0.45916222]
0.45916221857086015, 0.03611300261483308, 0.11312971082073181, 0.267317371225936

[0.03681165 0.45781704]
0.45781704125649547, 0.0368116509937213, 0.11304154555295265, 0.26731734908374466

[0.03677605 0.45890937]
0.4589093651458551, 0.036776046336472135, 0.1131150728971963, 0.26731733948965847

[0.03686578 0.45950441]
0.4595044118438141, 0.03686578424001663, 0.11315548673039676, 0.2673173507287897

[0.03652536 0.45990392]
0.4599039195286565, 0.03652536121488481, 0.11318116039776616, 0.2673173625250176

[0.03674008 0.45833876]
0.45833876082453573, 0.03674007854901218, 0.11307647718178429, 0.26731733965442206


------------------------------------------------------------
Sender: LSF System <lsfadmin@n-62-21-14>
Subject: Job 1708298: <minimize_batch_job_this_is_on_purpose_to_utilize_more_kernel> in cluster <dcc> Done

Job <minimize_batch_job_this_is_on_purpose_to_utilize_more_kernel> was submitted from host <gbarlogin2> by user <s174007> in cluster <dcc> at Thu Jan 10 17:20:32 2019
Job was executed on host(s) <n-62-21-14>, in queue <hpc>, as user <s174007> in cluster <dcc> at Thu Jan 10 17:20:33 2019
</zhome/b0/b/127184> was used as the home directory.
</zhome/b0/b/127184/Documents/Projects/machine-learning-on-materials> was used as the working directory.
Started at Thu Jan 10 17:20:33 2019
Terminated at Thu Jan 10 18:02:05 2019
Results reported at Thu Jan 10 18:02:05 2019

Your job looked like:

------------------------------------------------------------
# LSBATCH: User input
#!/bin/bash
##Kør på cpu
#BSUB -q hpc
##Navn på job
#BSUB -J minimize_batch_job_this_is_on_purpose_to_utilize_more_kernel
##Output fil
#BSUB -o output/minimize/linear_GP_default_batchjobs-%J.out
##Antal kerner
#BSUB -n 1
##Om kernerne må være på forskellige computere
#BSUB -R "span[hosts=1]"
##Ram pr kerne
#BSUB -R "rusage[mem=10GB]"
##Hvor lang tid må den køre hh:mm
#BSUB -W 45:00
##Email når jobbet starter
##og stopper
module purge
module load python3
python3 KRR/minimizer.py linear 5 GP default [10]
------------------------------------------------------------

Successfully completed.

Resource usage summary:

    CPU time :                                   2489.40 sec.
    Max Memory :                                 1325 MB
    Average Memory :                             1056.62 MB
    Total Requested Memory :                     10240.00 MB
    Delta Memory :                               8915.00 MB
    Max Swap :                                   2 MB
    Max Processes :                              4
    Max Threads :                                5
    Run time :                                   2520 sec.
    Turnaround time :                            2493 sec.

The output (if any) is above this job summary.

