Unloaded module: latex/TeXLive12
Loaded module: python3/3.6.2
[-10000]
[-10000.0]
[-1.e+04  1.e-02]
0.01, -10000.0, 0.07615052577610996, 0.27473529867557345

[-1.05e+04  1.00e-02]
0.01, -10500.0, 0.07615052578326797, 0.2747352966806057

[-1.00e+04  1.05e-02]
0.0105, -10000.0, 0.07615629605145656, 0.2746861686376789

[-1.05e+04  1.05e-02]
0.0105, -10500.0, 0.07615629604556272, 0.2746861688734049

[-1.0e+04  1.1e-02]
0.011000000000000001, -10000.0, 0.07616227937362989, 0.27463758158168244

[-9.75e+03  1.15e-02]
0.0115, -9750.0, 0.07616847177230124, 0.2745895150838827

[-9.25e+03  1.15e-02]
0.011499999999999998, -9250.0, 0.07616847176879939, 0.2745895148770022

[-8.625e+03  1.200e-02]
0.012, -8625.0, 0.07617486941868536, 0.27454195236629414

[-8.375e+03  1.300e-02]
0.013, -8375.0, 0.07618826588554062, 0.27444826498296265

[-7.5625e+03  1.4250e-02]
0.014250000000000002, -7562.5, 0.07620610282804945, 0.27433370530865303

[-6.4375e+03  1.4750e-02]
0.014750000000000003, -6437.5, 0.07621356660768809, 0.2742886329873061

[-4.78125e+03  1.63750e-02]
0.016375000000000008, -4781.25, 0.07623907432656711, 0.2741449297170482

[-3.71875e+03  1.86250e-02]
0.01862500000000001, -3718.75, 0.0762774053266927, 0.27395249330747246

[-1.265625e+03  2.193750e-02]
0.021937500000000013, -1265.625, 0.07633974989980907, 0.27368165253384746

[1.515625e+03 2.406250e-02]
0.024062500000000018, 1515.625, 0.07638318053596635, 0.27351484359106487

[6.0546875e+03 2.8968750e-02]
0.028968750000000022, 6054.6875, 0.07649277212631571, 0.27314874701708847

[9.5703125e+03 3.4531250e-02]
0.03453125000000003, 9570.3125, 0.07663110902426444, 0.2727616954979858

[1.67460938e+04 4.36093750e-02]
0.043609375000000034, 16746.09375, 0.07688429555492582, 0.2721843167081536

[2.40664062e+04 5.06406250e-02]
0.050640625000000036, 24066.40625, 0.07710021106800369, 0.2717765279103983

[3.67324219e+04 6.49921875e-02]
0.06499218750000005, 36732.421875, 0.07758433842900644, 0.2710318431368711

[4.74238281e+04 7.96328125e-02]
0.07963281250000007, 47423.828125, 0.0781258821324763, 0.27037092249143757

[6.81083984e+04 1.04964844e-01]
0.10496484375000008, 68108.3984375, 0.07914522205170885, 0.26940712715576154

[8.80947266e+04 1.26347656e-01]
0.12634765625000008, 88094.7265625, 0.08006298953043225, 0.2687292230082881

[1.23769043e+05 1.67716797e-01]
0.16771679687500013, 123769.04296875, 0.08192994386472836, 0.2676713214915072

[1.55145020e+05 2.07689453e-01]
0.20768945312500017, 155145.01953125, 0.08379587665066011, 0.2668780136852776

[2.14351318e+05 2.79038086e-01]
0.27903808593750024, 214351.318359375, 0.08716816530202902, 0.26583346034985467

[2.70011963e+05 3.41790039e-01]
0.3417900390625003, 270011.962890625, 0.09010784050594775, 0.2651807610408969

[3.70963745e+05 4.60202637e-01]
0.4602026367187504, 370963.7451171875, 0.09546964247977432, 0.2643750650294569

[4.61546021e+05 5.71523926e-01]
0.5715239257812506, 461546.0205078125, 0.100233100966947, 0.26394386334985886

[6.30434509e+05 7.73427490e-01]
0.7734274902343757, 630434.5092773438, 0.1081723190420989, 0.2636365063728345

[7.87046936e+05 9.54592041e-01]
0.9545920410156258, 787046.9360351562, 0.11459916238204747, 0.26367600402570535

[1.04651770e+06 1.26781689e+00]
1.2678168945312511, 1046517.7001953125, 0.12442647713390559, 0.26413415839199167

[8.77629211e+05 1.06591333e+00]
1.0659133300781258, 877629.2114257812, 0.11826266019335048, 0.26379463307725554

[5.39852234e+05 6.62106201e-01]
0.6621062011718757, 539852.2338867188, 0.10390349065296493, 0.26374627446495885

[6.24296478e+05 7.63057983e-01]
0.7630579833984381, 624296.4782714844, 0.10778548075030632, 0.26364164553942343

[4.67684052e+05 5.81893433e-01]
0.581893432617188, 467684.0515136719, 0.10066254147986044, 0.26391524840441793

[7.07206215e+05 8.61417389e-01]
0.8614173889160164, 707206.2149047852, 0.11136998872784624, 0.26362771770455157

[7.13344246e+05 8.71786896e-01]
0.8717868957519541, 713344.2459106445, 0.11173712721083197, 0.263630408293759

[7.90115952e+05 9.59776794e-01]
0.9597767944335948, 790115.9515380859, 0.11477435769951519, 0.26368017225198254

[6.70354870e+05 8.20014816e-01]
0.8200148162841805, 670354.8698425293, 0.10988397800123034, 0.2636244805965219

[6.64216839e+05 8.09645309e-01]
0.8096453094482428, 664216.8388366699, 0.10950666892840039, 0.26362565496412743

[6.27365494e+05 7.68242737e-01]
0.7682427368164069, 627365.4937744141, 0.10797917019835347, 0.26363895773454327

[6.87246035e+05 8.38123726e-01]
0.8381237258911141, 687246.0346221924, 0.11053793678081429, 0.263624374362936

[6.93384066e+05 8.48493233e-01]
0.8484932327270518, 693384.0656280518, 0.1109095965376087, 0.2636253907100794

[6.86092259e+05 8.38781252e-01]
0.8387812519073496, 686092.2589302063, 0.1105615638969109, 0.263624416729321

[7.02983424e+05 8.56890162e-01]
0.8568901615142832, 702983.4237098694, 0.11120907266473044, 0.26362677123952827

[6.78512008e+05 8.29233653e-01]
0.8292336525917061, 678512.0083093643, 0.11021767711740015, 0.2636241228149979

[6.79665784e+05 8.28576127e-01]
0.8285761265754705, 679665.7840013504, 0.1101939307201763, 0.2636241275174296

[6.70931758e+05 8.19686053e-01]
0.8196860532760626, 670931.7576885223, 0.1098720473058124, 0.26362450566853574

[6.83167465e+05 8.33514308e-01]
0.8335143077373512, 683167.4653887749, 0.11037207312571698, 0.26362417096739926

[6.75010327e+05 8.24295471e-01]
0.8242954714298254, 675010.3269219398, 0.11003913026994457, 0.26362423541676466

[6.81128181e+05 8.31209599e-01]
0.8312095986604697, 681128.1807720661, 0.11028898964420679, 0.2636241289064687

[6.77049612e+05 8.26600181e-01]
0.8266001805067069, 677049.6115386486, 0.11012251851608731, 0.2636241613310955

[6.80108538e+05 8.30057244e-01]
0.8300572441220291, 680108.5384637117, 0.11024741009337644, 0.2636241226184898

[6.78954763e+05 8.30714770e-01]
0.8307147701382647, 678954.7627717257, 0.11027113844076543, 0.26362412632206234

[6.79132518e+05 8.30180109e-01]
0.8301801092475662, 679132.5180791318, 0.11025184444818995, 0.26362412341144975

[6.79488029e+05 8.29110787e-01]
0.829110787466169, 679488.0286939442, 0.11021324056039739, 0.26362412298568916

[6.79399151e+05 8.29378118e-01]
0.8293781179115184, 679399.1510402411, 0.11022289387184918, 0.2636241230173542

[6.79310273e+05 8.29645448e-01]
0.8296454483568676, 679310.273386538, 0.11023254523497375, 0.2636241216343282

[6.79620528e+05 8.30118677e-01]
0.8301186766847977, 679620.5282714218, 0.11024962735804683, 0.26362412310898176

[6.79798284e+05 8.29584016e-01]
0.829584015794099, 679798.283578828, 0.1102303274435314, 0.2636241225529837

[6.79000019e+05 8.29172220e-01]
0.8291722200289375, 679000.0185016543, 0.11021545925764835, 0.2636241226330302

[6.79831408e+05 8.29835988e-01]
0.8298359880987562, 679831.4084731974, 0.1102394237423729, 0.2636241220236336

[6.79343398e+05 8.29897421e-01]
0.8298974206615248, 679343.3982809074, 0.11024164124840316, 0.26362412109013095

[6.79115956e+05 8.30054123e-01]
0.8300541230952376, 679115.9556319471, 0.11024729760558816, 0.26362412169642035

[6.78822263e+05 8.29706881e-01]
0.8297068809196362, 678822.2631942481, 0.11023476306081736, 0.26362412258087836

[6.79579122e+05 8.29803711e-01]
0.8298037113039762, 679579.12215346, 0.11023825872764684, 0.2636241214910866

[6.79612247e+05 8.30055684e-01]
0.8300556836086335, 679612.2470478294, 0.1102473537014476, 0.26362412199529484

[6.79385767e+05 8.29748007e-01]
0.8297480071698091, 679385.7668018609, 0.11023624776921777, 0.2636241230453113

[6.79461260e+05 8.29850566e-01]
0.8298505659827505, 679461.2602171837, 0.11023995018911022, 0.2636241226525183

[6.79326836e+05 8.29771435e-01]
0.8297714345091962, 679326.8358337227, 0.11023709345881336, 0.26362412207397784

[6.79208974e+05 8.29818289e-01]
0.8298182891879705, 679208.9738974464, 0.11023878511966646, 0.26362412158079496

[6.79225536e+05 8.29944275e-01]
0.8299442753402992, 679225.5363446311, 0.11024333265181284, 0.26362412204868174

[6.79250861e+05 8.29901065e-01]
0.8299010651325236, 679250.861216904, 0.11024177265792633, 0.26362412206740177

[6.79276186e+05 8.29857855e-01]
0.8298578549247477, 679276.1860891769, 0.110240213026152, 0.2636241223214205

[6.79335117e+05 8.29834428e-01]
0.8298344275853605, 679335.1170573151, 0.11023936745671348, 0.2636241221702917

[6.79402329e+05 8.29873993e-01]
0.8298739933221377, 679402.3292490456, 0.11024079552725638, 0.2636241221387382

[6.79410610e+05 8.29936986e-01]
0.829936986398302, 679410.6104726379, 0.11024306954077331, 0.26362412053185563

[6.79448357e+05 8.29988266e-01]
0.8299882658047728, 679448.3571802992, 0.11024492037813152, 0.2636241220445699

[6.79351680e+05 8.29960414e-01]
0.829960413737689, 679351.6795044998, 0.11024391496926673, 0.2636241222758038

[6.79389667e+05 8.29895598e-01]
0.8298955984260256, 679389.6668129091, 0.11024157557784693, 0.26362412130585106

[6.79364342e+05 8.29938809e-01]
0.8299388086338012, 679364.3419406363, 0.11024313534264145, 0.26362412153318515

[6.79383336e+05 8.29906401e-01]
0.8299064009779695, 679383.3355948408, 0.11024196555479501, 0.26362412072212965

[6.79450548e+05 8.29945967e-01]
0.8299459667147466, 679450.5477865713, 0.11024339363729241, 0.26362412179274775

[6.79370186e+05 8.29909557e-01]
0.8299095571748303, 679370.1856573233, 0.1102420794283461, 0.26362412267598595

[6.79396973e+05 8.29921694e-01]
0.8299216936881357, 679396.9730337394, 0.1102425175391201, 0.263624122219435

[6.79377004e+05 8.29917204e-01]
0.8299172035299134, 679377.0043767727, 0.11024235517589229, 0.26362412163734444

[6.79390642e+05 8.29932496e-01]
0.8299324962400798, 679390.6418156711, 0.11024290756540352, 0.26362412163293236

[6.79424248e+05 8.29952279e-01]
0.8299522791084684, 679424.2479115363, 0.11024362137460804, 0.2636241212101493

[6.79444217e+05 8.29956769e-01]
0.8299567692666907, 679444.2165685032, 0.11024378348980177, 0.26362412210735164

[6.79404036e+05 8.29938564e-01]
0.8299385644967325, 679404.0355038792, 0.11024312640783035, 0.2636241220727458

[6.79417429e+05 8.29944633e-01]
0.8299446327533853, 679417.4291920871, 0.11024334540905817, 0.2636241223988484

[6.79400626e+05 8.29934741e-01]
0.8299347413191909, 679400.6261441545, 0.11024298821507073, 0.26362412200008073

[6.79393807e+05 8.29927095e-01]
0.8299270949641075, 679393.8074247052, 0.11024271249811535, 0.2636241215837145

[6.79403792e+05 8.29929340e-01]
0.8299293400432186, 679403.7917531887, 0.11024279324756661, 0.26362412234981547

[6.79401418e+05 8.29933391e-01]
0.8299333910001978, 679401.417546413, 0.11024293947525361, 0.2636241203824321

[6.79418221e+05 8.29943282e-01]
0.8299432824343922, 679418.2205943458, 0.11024329675359111, 0.26362412118062517

[6.79412117e+05 8.29939236e-01]
0.829939235566821, 679412.1173019357, 0.11024315069921528, 0.26362412146658615

[6.79406014e+05 8.29935189e-01]
0.8299351886992499, 679406.0140095255, 0.11024300459022487, 0.263624122352595

[6.79397612e+05 8.29930243e-01]
0.8299302429821527, 679397.6124855592, 0.11024282595182942, 0.26362412326369333

[6.79409819e+05 8.29938337e-01]
0.829938336717295, 679409.8190703792, 0.11024311816139683, 0.2636241217634625

[6.79405223e+05 8.29936539e-01]
0.8299365390182429, 679405.2226072666, 0.11024305327565509, 0.2636241230853555

[6.79405816e+05 8.29935526e-01]
0.8299355262789981, 679405.8161589608, 0.11024301688480789, 0.2636241221268128

[6.79405420e+05 8.29936201e-01]
0.8299362014384947, 679405.4204578314, 0.11024304107409513, 0.26362412217291925

[6.79405717e+05 8.29935695e-01]
0.8299356950688723, 679405.7172336784, 0.11024302280730444, 0.2636241219142214

[6.79405519e+05 8.29936033e-01]
0.8299360326486205, 679405.5193831137, 0.11024303495287215, 0.2636241213613719

[6.79397118e+05 8.29931087e-01]
0.8299310869315233, 679397.1178591475, 0.11024285653707457, 0.2636241216301641

[6.79400293e+05 8.29932899e-01]
0.8299328993779663, 679400.2931619554, 0.11024292190117833, 0.26362412128280976

[6.79396191e+05 8.29930258e-01]
0.8299302577295438, 679396.1913252549, 0.11024282651472475, 0.26362412094662996

[6.79397316e+05 8.29930749e-01]
0.8299307493517752, 679397.3157097124, 0.11024284416758565, 0.2636241210992041

[6.79398060e+05 8.29931287e-01]
0.8299312868583231, 679398.0600727733, 0.110242863700168, 0.26362412051870693

[6.79403286e+05 8.29934420e-01]
0.8299344201289771, 679403.2862939314, 0.11024297683728475, 0.26362412238641636

[6.79397965e+05 8.29931298e-01]
0.829931298329402, 679397.965067424, 0.11024286407061087, 0.2636241222595404

[6.79399739e+05 8.29932339e-01]
0.8299323389292604, 679399.7388095931, 0.11024290177445654, 0.2636241220198583

[6.79398804e+05 8.29931824e-01]
0.8299318243648708, 679398.8044358339, 0.11024288323635792, 0.2636241225959399

[6.79402352e+05 8.29933906e-01]
0.8299339055645873, 679402.3519201722, 0.110242958155738, 0.26362412162515925

[6.79404031e+05 8.29934958e-01]
0.8299349576355247, 679404.0306569921, 0.11024299586714759, 0.26362412133809493

[6.79403096e+05 8.29934443e-01]
0.8299344430711351, 679403.0962832329, 0.1102429777005916, 0.2636241213778842

[6.79402910e+05 8.29934309e-01]
0.8299343086944981, 679402.9101924677, 0.11024297289748096, 0.26362412003692837

[6.79400297e+05 8.29932742e-01]
0.8299327420591712, 679400.2970818885, 0.11024291601122221, 0.2636241220342882

[6.79403097e+05 8.29934404e-01]
0.8299344037414363, 679403.0972632163, 0.1102429762240056, 0.2636241224803202

[6.79402164e+05 8.29933850e-01]
0.829933849847348, 679402.1638694403, 0.11024295618231056, 0.26362412146127084

[6.79403470e+05 8.29934633e-01]
0.8299346331650115, 679403.4704247299, 0.11024298445282996, 0.2636241226021753

[6.79401604e+05 8.29933525e-01]
0.8299335253768347, 679401.6036371782, 0.11024294428600019, 0.2636241214645017

[6.79402070e+05 8.29933802e-01]
0.829933802323879, 679402.0703340662, 0.11024295427274955, 0.2636241212691901

[6.79402817e+05 8.29934261e-01]
0.8299342611710291, 679402.8166570936, 0.11024297112082823, 0.26362412087569964

[6.79403657e+05 8.29934768e-01]
0.8299347675416481, 679403.6565154952, 0.11024298935387325, 0.2636241215964534

[6.79402467e+05 8.29934044e-01]
0.8299340436283213, 679402.4668794235, 0.11024296332087301, 0.26362412291990067

[6.79402863e+05 8.29934285e-01]
0.8299342849327636, 679402.8634247807, 0.11024297217333073, 0.2636241227226941

[6.79402490e+05 8.29934056e-01]
0.8299340555091885, 679402.490263267, 0.11024296349750382, 0.26362412298085425

[6.79403283e+05 8.29934538e-01]
0.8299345381180732, 679403.2833539816, 0.11024298093465293, 0.2636241219301686

[6.79403330e+05 8.29934562e-01]
0.8299345618798077, 679403.3301216686, 0.11024298163457827, 0.26362412242074346

[6.79403213e+05 8.29934493e-01]
0.8299344926430466, 679403.2134474467, 0.11024297955676182, 0.2636241226772426

[6.79403097e+05 8.29934423e-01]
0.8299344234062856, 679403.0967732246, 0.11024297701087132, 0.26362412082081205

[6.79402887e+05 8.29934297e-01]
0.8299342968136308, 679402.8868086243, 0.1102429725095047, 0.263624122092211

[6.79403120e+05 8.29934435e-01]
0.829934435287153, 679403.1201570681, 0.11024297761126234, 0.26362412157472914

[6.79403062e+05 8.29934401e-01]
0.8299344006687726, 679403.0618199572, 0.11024297604625839, 0.26362412298932175

[6.79403003e+05 8.29934366e-01]
0.829934366050392, 679403.0034828462, 0.11024297468928038, 0.26362412190881745

[6.79402899e+05 8.29934303e-01]
0.8299343027540644, 679402.898500546, 0.11024297267118394, 0.26362412252717526

[6.79403015e+05 8.29934372e-01]
0.8299343719908256, 679403.0151747678, 0.11024297494601926, 0.26362412180729744

[6.79402922e+05 8.29934315e-01]
0.8299343146349318, 679402.9218843895, 0.11024297288446233, 0.2636241212346913

[6.79402817e+05 8.29934251e-01]
0.8299342513386043, 679402.8169020895, 0.11024297082676333, 0.2636241221759608

[6.79402966e+05 8.29934342e-01]
0.8299343418277703, 679402.9656065982, 0.11024297409934436, 0.2636241215918901

[6.79402866e+05 8.29934282e-01]
0.8299342815016597, 679402.8664702591, 0.11024297165070769, 0.2636241217958932

[6.79402941e+05 8.29934327e-01]
0.8299343267462427, 679402.9408225134, 0.11024297329548183, 0.2636241215846795

[6.79402891e+05 8.29934297e-01]
0.8299342965831873, 679402.8912543439, 0.11024297245879519, 0.2636241233407534

[6.79402928e+05 8.29934319e-01]
0.8299343192054789, 679402.9284304711, 0.11024297317341072, 0.2636241220457503

[6.79402916e+05 8.29934312e-01]
0.829934311664715, 679402.9160384287, 0.11024297286630616, 0.263624121223626

[6.79402926e+05 8.29934318e-01]
0.8299343177203704, 679402.9255074905, 0.11024297315749264, 0.2636241223348021

[6.79402901e+05 8.29934303e-01]
0.8299343026388428, 679402.9007234059, 0.11024297253841049, 0.2636241226600417

[6.79402919e+05 8.29934314e-01]
0.8299343139499885, 679402.9193114694, 0.11024297271323812, 0.2636241217955283

[6.79402907e+05 8.29934306e-01]
0.8299343064092247, 679402.906919427, 0.11024297254376617, 0.2636241220609978

[6.79402916e+05 8.29934312e-01]
0.8299343120647975, 679402.9162134589, 0.11024297312440637, 0.26362412266809626

[6.79402913e+05 8.29934310e-01]
0.8299343101796066, 679402.9131154482, 0.11024297304182269, 0.2636241226227797

[6.79402915e+05 8.29934311e-01]
0.8299343113222433, 679402.9147519686, 0.11024297282703105, 0.26362412198381985

[6.79402912e+05 8.29934310e-01]
0.8299343098371348, 679402.9118289881, 0.11024297296033542, 0.26362412288813825

[6.79402913e+05 8.29934310e-01]
0.8299343100939887, 679402.9127938332, 0.11024297287250791, 0.2636241224993457

[6.79402912e+05 8.29934310e-01]
0.8299343099227527, 679402.9121506031, 0.11024297266349185, 0.2636241215006134

[6.79402908e+05 8.29934307e-01]
0.8299343072950076, 679402.9075911024, 0.11024297277764182, 0.26362412177242933

[6.79402909e+05 8.29934308e-01]
0.8299343083018165, 679402.909381319, 0.11024297278627294, 0.2636241222537149

