Unloaded module: latex/TeXLive12
Loaded module: python3/3.6.2
[5]
[5.0]
[5. 3.]
3.0, 5.0, 0.2818761327164494, 0.32507953814957763

[5.25 3.  ]
3.0, 5.25, 0.28187624122826427, 0.325079116882635

[5.   3.15]
3.1500000000000004, 5.0, 0.28511286006399633, 0.32660752166558954

[5.25 2.85]
2.8499999999999996, 5.25, 0.27847079102933914, 0.3235001407005046

[5.375 2.7  ]
2.6999999999999993, 5.375, 0.274878762433443, 0.3218662615910627

[5.625 2.7  ]
2.6999999999999993, 5.625, 0.2748788491439065, 0.3218659104138056

[5.9375 2.55  ]
2.549999999999999, 5.9375, 0.2710794218940216, 0.32017303178630374

[6.0625 2.25  ]
2.2499999999999982, 6.0625, 0.26275614376845335, 0.31659293476346234

[6.46875 1.875  ]
1.8749999999999973, 6.46875, 0.25064299431953013, 0.3116955782643847

[7.03125 1.725  ]
1.724999999999997, 7.03125, 0.24511718917757383, 0.30958448115869475

[7.859375 1.2375  ]
1.2374999999999954, 7.859375, 0.22330111496523197, 0.3020045159278661

[8.390625 0.5625  ]
0.5624999999999938, 8.390625, 0.1744336695394208, 0.2893182244741459

[ 9.6171875 -0.43125  ]
-0.43125000000000924, 9.6171875, 60.36210054408486, 55.14952063622643

[ 9.78125 -0.075  ]
-0.07500000000000817, 9.78125, 3.616975818933313, 3.3962131996779386

[7.296875 1.3875  ]
1.387499999999996, 7.296875, 0.23077005206737222, 0.3044646156784447

[8.953125 0.4125  ]
0.4124999999999932, 8.953125, 0.15714633987606558, 0.2861934852102986

[ 9.78125 -0.075  ]
-0.07500000000000817, 9.78125, 3.616975818933313, 3.3962131996779386

[ 9.484375 -0.2625  ]
-0.2625000000000084, 9.484375, 5.170336001055524, 5.028954763731261

[8.265625 0.8625  ]
0.8624999999999945, 8.265625, 0.2002384286117671, 0.29528937369922414

[9.078125 0.1125  ]
0.1124999999999925, 9.078125, 0.10332997473274191, 0.280723829355524

[ 9.484375 -0.2625  ]
-0.2625000000000086, 9.484375, 5.170336001055524, 5.028954763731261

[ 9.640625 -0.0375  ]
-0.03750000000000808, 9.640625, 4.580501804194234, 5.593302761143183

[8.703125 0.4125  ]
0.4124999999999933, 8.703125, 0.1571463293593543, 0.2861935399450219

[9.328125 0.1125  ]
0.11249999999999238, 9.328125, 0.10332998112313266, 0.28072380579927136

[ 9.640625 -0.0375  ]
-0.03750000000000808, 9.640625, 4.580501804194234, 5.593302761143183

[ 9.453125 -0.1875  ]
-0.18750000000000833, 9.453125, 6.538203102957819, 7.018353002883894

[9.078125 0.2625  ]
0.26249999999999285, 9.078125, 0.13472693997414978, 0.28313929161130136

[ 9.328125 -0.0375  ]
-0.03750000000000797, 9.328125, 4.580501220547477, 5.5933020420438115

[9.140625 0.1875  ]
0.18749999999999264, 9.140625, 0.12051163006741938, 0.2817713184372767

[9.265625 0.0375  ]
0.037499999999992234, 9.265625, 0.08314021710526173, 0.28062604434194194

[ 9.328125 -0.0375  ]
-0.03750000000000797, 9.328125, 4.580501220547477, 5.5933020420438115

[9.515625 0.0375  ]
0.03749999999999212, 9.515625, 0.08314021964194004, 0.28062603142970566

[ 9.73437500e+00 -8.04911693e-15]
-8.049116928532385e-15, 9.734375, 3.3008198162180347, 3.353600218241036

[ 9.453125 -0.0375  ]
-0.03750000000000803, 9.453125, 4.580501449289542, 5.59330232355358

[9.359375 0.075   ]
0.07499999999999228, 9.359375, 0.09344389725825294, 0.28046804653459473

[9.609375 0.075   ]
0.07499999999999217, 9.609375, 0.09344390196072482, 0.28046802878320615

[9.78125 0.09375]
0.09374999999999215, 9.78125, 0.09848838104351296, 0.28056161687167935

[9.453125 0.1125  ]
0.11249999999999233, 9.453125, 0.1033299841916447, 0.28072379448831564

[9.5     0.05625]
0.056249999999992174, 9.5, 0.0882655881327136, 0.2804721147953033

[9.46875 0.09375]
0.09374999999999228, 9.46875, 0.09848837443354418, 0.28056164118534827

[9.4921875 0.065625 ]
0.0656249999999922, 9.4921875, 0.09086386691886329, 0.2804553751857953

[9.7421875 0.065625 ]
0.06562499999999209, 9.7421875, 0.09086387105177614, 0.2804553590856499

[9.93359375 0.0609375 ]
0.06093749999999201, 9.93359375, 0.08956561381521468, 0.2804596451117748

[9.625   0.05625]
0.056249999999992126, 9.625, 0.08826558996824482, 0.28047210726580507

[9.61328125 0.0703125 ]
0.07031249999999216, 9.61328125, 0.09215740970068229, 0.2804583908884738

[9.62109375 0.0609375 ]
0.06093749999999214, 9.62109375, 0.08956560911069693, 0.28045966386011034

[9.61523438 0.06796875]
0.06796874999999215, 9.615234375, 0.09151138793956286, 0.2804560105401966

[9.61914062 0.06328125]
0.06328124999999214, 9.619140625, 0.09021516049976963, 0.2804565518440334

[9.61621094 0.06679687]
0.06679687499999215, 9.6162109375, 0.09118779726223053, 0.2804554661272224

[9.61816406 0.06445312]
0.06445312499999215, 9.6181640625, 0.09053964275563779, 0.28045572490001697

[9.61669922 0.06621094]
0.06621093749999216, 9.61669921875, 0.0910258729164669, 0.28045536019703865

[9.86669922 0.06621094]
0.06621093749999203, 9.86669921875, 0.09102587697298564, 0.28045534443421277

[10.05395508  0.06650391]
0.06650390624999195, 10.053955078125, 0.09110685233329933, 0.2804553720237208

[9.9921875 0.065625 ]
0.06562499999999197, 9.9921875, 0.09086387497796487, 0.2804553437917637

[10.17993164  0.06533203]
0.06533203124999187, 10.179931640625, 0.09078284754023688, 0.28045537905654

[10.11669922  0.06621094]
0.06621093749999192, 10.11669921875, 0.09102588082909684, 0.2804553294503957

[10.30395508  0.06650391]
0.06650390624999183, 10.303955078125, 0.09110685606188049, 0.2804553575530586

[10.2421875  0.065625 ]
0.06562499999999187, 10.2421875, 0.09086387871258643, 0.2804553292445342

[10.42993164  0.06533203]
0.06533203124999179, 10.429931640625, 0.09078285112722562, 0.2804553650667474

[10.36669922  0.06621094]
0.06621093749999182, 10.36669921875, 0.0910258844993107, 0.2804553151894471

[10.55395508  0.06650391]
0.06650390624999175, 10.553955078125, 0.09110685961388967, 0.28045534376837356

[10.4921875  0.065625 ]
0.06562499999999176, 10.4921875, 0.09086388226929365, 0.280455315390221

[10.61669922  0.06621094]
0.0662109374999917, 10.61669921875, 0.09102588799674835, 0.28045530159998844

[10.80395508  0.06650391]
0.06650390624999161, 10.803955078125, 0.09110686300161033, 0.2804553306213315

[10.49121094  0.06679687]
0.06679687499999178, 10.4912109375, 0.09118781070916193, 0.2804554140016649

[10.49194336  0.06591797]
0.06591796874999176, 10.491943359375, 0.09094489390385031, 0.2804552976650845

[10.74194336  0.06591797]
0.06591796874999165, 10.741943359375, 0.09094489730728454, 0.2804552844249249

[10.92956543  0.06577148]
0.06577148437499156, 10.9295654296875, 0.0909043962993743, 0.2804552802235111

[10.80480957  0.06547852]
0.06547851562499162, 10.8048095703125, 0.09082337363001279, 0.28045531855355266

[10.66372681  0.06602783]
0.06602783203124168, 10.663726806640625, 0.09097527069269101, 0.2804552891658258

[11.10134888  0.06588135]
0.06588134765624148, 11.101348876953125, 0.09093477651429692, 0.28045526710632607

[11.40605164  0.06586304]
0.06586303710936636, 11.406051635742188, 0.09092971738295795, 0.28045525325105475

[11.67189026  0.06560669]
0.06560668945311623, 11.671890258789062, 0.09085883314163416, 0.2804552600870387

[12.14837646  0.06569824]
0.06569824218749104, 12.14837646484375, 0.09088415683512133, 0.2804552308627708

[12.75778198  0.06566162]
0.0656616210937408, 12.757781982421875, 0.09087403564672492, 0.2804552107924018

[12.49194336  0.06591797]
0.06591796874999092, 12.491943359375, 0.09094491731835114, 0.28045520658262163

[12.90196991  0.06607361]
0.06607360839842827, 12.901969909667969, 0.09098795090825984, 0.2804551933972166

[14.25370026  0.06587219]
0.0658721923828027, 14.253700256347656, 0.09093227566656523, 0.28045514847633

[15.67752457  0.06587677]
0.06587677001952086, 15.67752456665039, 0.09093355114483839, 0.28045511033186754

[15.82171249  0.06628876]
0.06628875732420833, 15.821712493896484, 0.09104744604036207, 0.2804551236761101

[18.59726715  0.06609192]
0.06609191894530092, 18.597267150878906, 0.09099304936671458, 0.2804550522908827

[21.44491577  0.06610107]
0.06610107421873723, 21.444915771484375, 0.09099559130286586, 0.2804550100242784

[21.30072784  0.06568909]
0.06568908691404976, 21.30072784423828, 0.09088167919284455, 0.2804550209326615

[27.06811905  0.06591339]
0.06591339111326613, 27.068119049072266, 0.09094371781495716, 0.28045494935904386

[32.76341629  0.0659317 ]
0.06593170166013879, 32.7634162902832, 0.09094879030787016, 0.2804549107832423

[32.90760422  0.06634369]
0.06634368896482626, 32.9076042175293, 0.09106267957748157, 0.2804549336163914

[44.22610474  0.06617432]
0.06617431640622781, 44.226104736328125, 0.09101587522551724, 0.28045487063457863

[55.61669922  0.06621094]
0.06621093749997309, 55.61669921875, 0.09102600538034053, 0.2804548456821769

[55.47251129  0.06579895]
0.06579895019528562, 55.472511291503906, 0.09091210366200039, 0.2804548405884921

[6.67549648e+01 6.55265808e-02]
0.0655265808105153, 66.75496482849121, 0.09083678591735245, 0.2804548497665328

[7.83257942e+01 6.60781860e-02]
0.06607818603511992, 78.3257942199707, 0.09098931597090416, 0.28045480668565004

[1.01106983e+02 6.61514282e-02]
0.0661514282226105, 101.10698318481445, 0.0910095677664045, 0.2804547930807592

[1.00962795e+02 6.57394409e-02]
0.06573944091792303, 100.96279525756836, 0.09089566049669802, 0.280454796042456

[1.46597267e+02 6.60919189e-02]
0.06609191894524791, 146.5972671508789, 0.09099312159447272, 0.28045477169280747

[1.92159645e+02 6.62384033e-02]
0.06623840332022907, 192.1596450805664, 0.0910336171364268, 0.28045477158420584

[1.92303833e+02 6.66503906e-02]
0.06665039062491654, 192.3038330078125, 0.09114747686310876, 0.28045483613721395

[1.23798055e+02 6.59671783e-02]
0.0659671783446714, 123.7980546951294, 0.09095863342775572, 0.28045477661160173

[2.14850717e+02 6.60541534e-02]
0.06605415344228999, 214.85071659088135, 0.09098268451412916, 0.280454757424148

[2.71722583e+02 6.60055161e-02]
0.06600551605212973, 271.7225832939148, 0.0909692395435297, 0.2804547506000468

[3.40084174e+02 6.62767410e-02]
0.0662767410276874, 340.0841736793518, 0.0910442175981154, 0.2804547617073843

[4.19647112e+02 6.60438538e-02]
0.06604385375958804, 419.6471118927002, 0.09097984056454773, 0.2804547435733486

[5.33390845e+02 6.59465790e-02]
0.06594657897926753, 533.3908452987671, 0.09095294764207838, 0.2804547396508863

[4.65029255e+02 6.56753540e-02]
0.06567535400370987, 465.0292549133301, 0.09087795006152159, 0.2804547553524067

[4.33792985e+02 6.58257008e-02]
0.06582570075970426, 433.7929846048355, 0.09091952463238247, 0.2804547454709631

[6.95461247e+02 6.57667637e-02]
0.06576676368684206, 695.4612466096878, 0.0909032289146804, 0.28045474364871403

[7.95059107e+02 6.58876419e-02]
0.06588764190640534, 795.0591073036194, 0.09093665313048499, 0.280454736951362

[9.75692169e+02 6.59186125e-02]
0.06591861247975589, 975.6921686530113, 0.09094521661213174, 0.28045473491194955

[8.13621767e+02 6.60984278e-02]
0.06609842777218136, 813.6217673420906, 0.09099492955670244, 0.2804547385348575

[1.25592309e+03 6.60704613e-02]
0.06607046127266972, 1255.9230906963348, 0.09098719885096912, 0.28045473488621064

[1.61718921e+03 6.61324024e-02]
0.0661324024193708, 1617.1892133951187, 0.09100432258906835, 0.2804547365748861

[1.41799349e+03 6.58906460e-02]
0.06589064598024424, 1417.9934920072556, 0.09093748458994363, 0.28045473358948875

[1.72017935e+03 6.57867551e-02]
0.06578675508427567, 1720.179354339838, 0.09090875825602174, 0.28045473728562503

[1.69822441e+03 6.60424948e-02]
0.06604249477315807, 1698.224414050579, 0.09097946761877854, 0.2804547328128536

[2.05949054e+03 6.61044359e-02]
0.06610443591985915, 2059.490536749363, 0.09099659163844706, 0.2804547343719405

[1.86029482e+03 6.58626795e-02]
0.0658626794807326, 1860.2948153614998, 0.09092975216274889, 0.2804547334435609

[2.14052574e+03 6.60145283e-02]
0.06601452827364643, 2140.5257374048233, 0.09097173607563061, 0.28045473152765155

[2.50179186e+03 6.60764694e-02]
0.0660764694203475, 2501.791860103607, 0.09098886043504412, 0.28045473269222554

[1.97845534e+03 6.61943436e-02]
0.0661943435660719, 1978.4553360939026, 0.0910214453462814, 0.2804547398766343

[1.88983495e+03 6.59455955e-02]
0.06594559550206743, 1889.8349455446005, 0.09095267779625678, 0.28045473163934664

[2.33213627e+03 6.59176290e-02]
0.0659176290025558, 2332.1362688988447, 0.0909449456120349, 0.2804547313446154

[2.64909220e+03 6.58551961e-02]
0.06585519611725466, 2649.0921963229775, 0.0909276832411598, 0.2804547327472882

[2.58282706e+03 6.59865618e-02]
0.0659865617741348, 2582.8270607590675, 0.09096400429311587, 0.2804547307725319

[2.92932312e+03 6.60070449e-02]
0.06600704491016848, 2929.323118366301, 0.09096966735592446, 0.28045473067669036

[3.12093365e+03 6.59101456e-02]
0.06591014563907785, 3120.9336498603225, 0.09094287669708558, 0.2804547308978847

[3.71812050e+03 6.59995615e-02]
0.06599956154669054, 3718.120499327779, 0.09096759854634687, 0.28045473017483175

[4.41111261e+03 6.60405278e-02]
0.06604052781875791, 4411.112614542246, 0.09097892438802838, 0.28045473055985426

[3.52650997e+03 6.60964608e-02]
0.06609646081778117, 3526.5099678337574, 0.09099438724888205, 0.28045473280337124

[3.22232773e+03 6.59567244e-02]
0.06595672443375368, 3222.327729353681, 0.09095575507561646, 0.2804547302120021

[4.01112511e+03 6.59492411e-02]
0.06594924107027575, 4011.125110315159, 0.090953686159069, 0.2804547299348636

[4.55202611e+03 6.59203392e-02]
0.06592033915032938, 4552.026106289588, 0.09094569525215486, 0.2804547300157743

[4.50691788e+03 6.59920782e-02]
0.06599207818321261, 4506.917880289257, 0.090965529685957, 0.2804547298279456

[5.14921296e+03 6.60097551e-02]
0.06600975505794207, 5149.212955757044, 0.09097041686357574, 0.28045472990705395

[4.79992249e+03 6.59417577e-02]
0.0659417577067978, 4799.922491276637, 0.09095161720895488, 0.28045472965802015

[5.34082349e+03 6.59128558e-02]
0.06591285578685144, 5340.823487251066, 0.09094362623760671, 0.2804547300637152

[5.29571526e+03 6.59845948e-02]
0.06598459481973465, 5295.715261250734, 0.09096346078823164, 0.2804547295251321

[5.93801034e+03 6.60022717e-02]
0.0660022716944641, 5938.010336718522, 0.09096834797290408, 0.2804547294732131

[6.23101495e+03 6.59519512e-02]
0.0659519512180493, 6231.014947705902, 0.09095443560170456, 0.2804547293697084

[7.09306348e+03 6.59318877e-02]
0.06593188773546763, 7093.063481414225, 0.09094888841404869, 0.28045472950913813

[7.36910279e+03 6.60124652e-02]
0.0660124652057156, 7369.102793147787, 0.09097116620514432, 0.2804547295120906

[6.72680772e+03 6.59947883e-02]
0.06599478833098615, 6726.80771768, 0.09096627906845696, 0.2804547294694999

[7.01981233e+03 6.59444679e-02]
0.06594446785457136, 7019.81232866738, 0.09095236661609013, 0.2804547291939442

[7.56071332e+03 6.59155659e-02]
0.065915565934625, 7560.713324641809, 0.09094437564383233, 0.28045472969564034

[6.52401956e+03 6.59016307e-02]
0.06590163074163452, 6524.019558693282, 0.09094052265628272, 0.28045472990287984

[6.67611068e+03 6.59714989e-02]
0.06597149893364825, 6676.11067793332, 0.09095984015822003, 0.2804547294367439

[6.57471660e+03 6.59249201e-02]
0.06592492013897243, 6574.716598439962, 0.09094696194593413, 0.28045472969674806

[6.65076216e+03 6.59598542e-02]
0.0659598542349793, 6650.762158059981, 0.09095662063971263, 0.2804547292898628

[7.43955954e+03 6.59523709e-02]
0.06595237087150137, 7439.5595390214585, 0.09095455166556038, 0.28045472914720176

[8.04383183e+03 6.59525807e-02]
0.0659525806982274, 8043.831834679237, 0.09095460969999941, 0.28045472920598824

[7.80860971e+03 6.59369845e-02]
0.06593698449109342, 7808.609709628858, 0.09095029760404348, 0.2804547293287043

[6.94022405e+03 6.59541368e-02]
0.06595413679900783, 6940.2240459522, 0.09095503989628997, 0.2804547293394761

[7.22968593e+03 6.59484194e-02]
0.06594841936303636, 7229.685933844419, 0.0909534591392708, 0.2804547293067149

[7.04516085e+03 6.59561126e-02]
0.06595611255324033, 7045.16084854072, 0.09095558615228873, 0.2804547293344523

[7.62408462e+03 6.59446777e-02]
0.06594467768129739, 7624.084624325158, 0.09095242464282163, 0.2804547292286454

[7.83395823e+03 6.59486292e-02]
0.06594862918976241, 7833.958229502197, 0.09095351716654047, 0.2804547291910752

[7.64943314e+03 6.59563224e-02]
0.06595632237996638, 7649.433144198498, 0.0909556441940873, 0.2804547291187522

[7.66210740e+03 6.59621447e-02]
0.06596214472930087, 7662.107404135168, 0.09095725395443044, 0.28045472920127745

[7.25503445e+03 6.59600641e-02]
0.06596006406170535, 7255.034453717759, 0.09095667868375502, 0.2804547292917442

[7.68922729e+03 6.59514879e-02]
0.06595148790774814, 7689.227285556088, 0.09095430755977288, 0.28045472927041043

[7.54449634e+03 6.59543466e-02]
0.06595434662573388, 7544.496341609978, 0.09095509793466665, 0.2804547292259263

[7.74169569e+03 6.59524758e-02]
0.06595247578486439, 7741.695686850348, 0.09095458067640931, 0.28045472911141894

[7.84663249e+03 6.59544515e-02]
0.06595445153909688, 7846.632489438867, 0.09095512694320111, 0.28045472926128323

[7.62003038e+03 6.59543729e-02]
0.06595437285407463, 7620.0303785672, 0.09095510518199376, 0.28045472919660086

[7.77109845e+03 6.59544253e-02]
0.06595442531075613, 7771.098452481645, 0.09095511969008127, 0.2804547291417598

[7.73333143e+03 6.59544122e-02]
0.06595441219658575, 7733.331434003034, 0.0909551160667472, 0.28045472917409936

[7.69556442e+03 6.59543991e-02]
0.06595439908241538, 7695.564415524423, 0.09095511244332483, 0.28045472927681875

[7.68086303e+03 6.59534243e-02]
0.06595342431946952, 7680.863032708774, 0.09095484292519972, 0.28045472917570685

[7.7269943e+03 6.5951501e-02]
0.06595150102191852, 7726.994304034699, 0.09095431117446152, 0.28045472918570885

[7.71913683e+03 6.59522255e-02]
0.06595222553704273, 7719.13683190713, 0.09095451149472338, 0.2804547293887346

[7.71127936e+03 6.59529501e-02]
0.06595295005216695, 7711.279359779561, 0.09095471180781216, 0.2804547291691022

[7.71863005e+03 6.59534374e-02]
0.06595343743363988, 7718.630051187385, 0.09095484656191405, 0.2804547291490749

[7.74904638e+03 6.59529632e-02]
0.06595296316633731, 7749.046378258172, 0.09095471543697563, 0.2804547290857443

[7.76792989e+03 6.59529697e-02]
0.06595296972342249, 7767.9298874974775, 0.09095471724774108, 0.28045472930083787

[7.77211201e+03 6.59520015e-02]
0.06595200151756184, 7772.112013921134, 0.0909544495589656, 0.2804547293265056

[7.73200054e+03 6.59530785e-02]
0.06595307845462037, 7732.000541870822, 0.09095474731298708, 0.28045472913349423

[7.75874152e+03 6.59523605e-02]
0.06595236049658135, 7758.741523237697, 0.09095454880834984, 0.28045472930946375

[7.73868579e+03 6.59528990e-02]
0.06595289896511061, 7738.685787212541, 0.09095469768708282, 0.28045472908525987

[7.74603648e+03 6.59533863e-02]
0.06595338634658353, 7746.0364786203645, 0.0909548324453104, 0.280454729266638

[7.74278088e+03 6.59527034e-02]
0.06595270342529418, 7742.780884792852, 0.09095464362602175, 0.2804547292458678

[7.74386608e+03 6.59529311e-02]
0.06595293106572396, 7743.866082735356, 0.09095470655883499, 0.2804547292946929

[7.74019074e+03 6.59526874e-02]
0.0659526873749875, 7740.190737031444, 0.09095463918379755, 0.2804547291682963

[7.73501044e+03 6.59526553e-02]
0.06595265527437415, 7735.010441508628, 0.09095463031964876, 0.28045472925693365

[7.73722435e+03 6.59527242e-02]
0.0659527242222116, 7737.22435181531, 0.09095464937196023, 0.2804547293034265

[7.73943826e+03 6.59527932e-02]
0.06595279317004905, 7739.438262121992, 0.0909546684364211, 0.2804547293361034

[7.74127593e+03 6.59529150e-02]
0.06595291501541728, 7741.275934973948, 0.09095470212525901, 0.28045472917017333

[7.74052346e+03 6.59530208e-02]
0.06595302081047884, 7740.523460064498, 0.09095473137612448, 0.280454729130213

[7.73793331e+03 6.59530048e-02]
0.06595300476017218, 7737.93331230309, 0.09095472693154666, 0.2804547293016098

[7.74044028e+03 6.59529375e-02]
0.065952937451606, 7740.440279306234, 0.09095470832564279, 0.28045472916643077

[7.73876897e+03 6.59529823e-02]
0.06595298232398346, 7738.768967970805, 0.0909547207313872, 0.2804547290639336

[7.73793331e+03 6.59530048e-02]
0.06595300476017218, 7737.93331230309, 0.09095472693154666, 0.2804547293016098

[7.73693130e+03 6.59528605e-02]
0.06595286047861525, 7736.931295118848, 0.09095468704344971, 0.28045472924560805

[7.73962542e+03 6.59529807e-02]
0.06595298072751293, 7739.6254188280855, 0.09095472029093354, 0.280454729252111

[7.73872738e+03 6.59529406e-02]
0.06595294064454704, 7738.727377591673, 0.09095470921319729, 0.2804547291519284

[7.73964621e+03 6.59530016e-02]
0.06595300156723115, 7739.646214017652, 0.09095472605335239, 0.28045472928079845

[7.73785013e+03 6.59529214e-02]
0.06595292140129934, 7737.850131544827, 0.09095470388203952, 0.2804547290684384

[7.73789172e+03 6.59529631e-02]
0.06595296308073575, 7737.891721923959, 0.09095471540773696, 0.2804547292801862

[7.73851846e+03 6.59529463e-02]
0.06595294625359421, 7738.518463674744, 0.09095471076395176, 0.2804547291774317

[7.73830955e+03 6.59529519e-02]
0.0659529518626414, 7738.309549757816, 0.09095471230630901, 0.28045472924217957

[7.73874817e+03 6.59529615e-02]
0.06595296148426524, 7738.748172781239, 0.09095471497604081, 0.2804547292198979

[7.73920759e+03 6.59529919e-02]
0.06595299194560732, 7739.207590994227, 0.09095472339511582, 0.28045472909582625

[7.73922839e+03 6.59530128e-02]
0.06595301278532553, 7739.228386183791, 0.0909547291523369, 0.28045472920465275

[7.73910833e+03 6.59530000e-02]
0.06595299996006046, 7739.108332833152, 0.09095472561368925, 0.2804547291584625

[7.73886823e+03 6.59529743e-02]
0.06595297430953032, 7738.868226131878, 0.09095471850628242, 0.28045472933622445

[7.73904831e+03 6.59529935e-02]
0.06595299354742792, 7739.048306157834, 0.09095472383446838, 0.2804547291521799

[7.73892825e+03 6.59529807e-02]
0.06595298072216285, 7738.928252807196, 0.09095472028690783, 0.2804547291818435

[7.73901829e+03 6.59529903e-02]
0.06595299034111166, 7739.018292820175, 0.09095472294965275, 0.2804547292073454

[7.73898828e+03 6.59529871e-02]
0.06595298713479539, 7738.988279482515, 0.09095472206067598, 0.28045472917124287

[7.73890864e+03 6.59529879e-02]
0.0659529879357057, 7738.90863706432, 0.09095472228150457, 0.28045472913812186

[7.73868933e+03 6.59529831e-02]
0.06595298312489375, 7738.68932555261, 0.09095472095073714, 0.280454729125583

[7.73854966e+03 6.59529775e-02]
0.06595297751317153, 7738.549656459094, 0.09095471939648885, 0.28045472923407405

[7.73881889e+03 6.59529853e-02]
0.06595298533007216, 7738.818891913013, 0.09095472155827947, 0.28045472912950836

[7.73863940e+03 6.59529801e-02]
0.06595298011880507, 7738.6394016104005, 0.09095472012719573, 0.280454729169589

[7.73877402e+03 6.59529840e-02]
0.06595298402725538, 7738.77401933736, 0.0909547212081416, 0.2804547293611822

[7.73872915e+03 6.59529827e-02]
0.06595298272443861, 7738.729146761707, 0.09095472083625165, 0.28045472913821806

[7.73879393e+03 6.59529838e-02]
0.0659529838270278, 7738.793929941909, 0.09095472114666893, 0.2804547292182726

[7.73870418e+03 6.59529812e-02]
0.06595298122139426, 7738.704184790604, 0.09095472042972098, 0.2804547292051989

[7.73872662e+03 6.59529819e-02]
0.06595298187280264, 7738.726621078429, 0.09095472061255735, 0.28045472923204495

[7.73874906e+03 6.59529825e-02]
0.06595298252421103, 7738.749057366256, 0.09095472078880865, 0.28045472911574304

[7.73878145e+03 6.59529831e-02]
0.06595298307550562, 7738.781448956357, 0.09095472095058113, 0.28045472915431097

[7.73873658e+03 6.59529818e-02]
0.06595298177268888, 7738.736576380703, 0.09095472057821972, 0.2804547291016367

[7.73875649e+03 6.59529816e-02]
0.0659529815724613, 7738.756486985252, 0.09095472052688312, 0.28045472920403236

[7.73875091e+03 6.59529823e-02]
0.0659529822862736, 7738.750914771005, 0.09095472072185648, 0.2804547292664312

[7.73875277e+03 6.59529820e-02]
0.06595298204833616, 7738.752772175754, 0.09095472065705733, 0.28045472933741417

[7.73875901e+03 6.59529824e-02]
0.06595298242409725, 7738.75901266853, 0.09095472076525413, 0.2804547291904072

[7.73877521e+03 6.59529827e-02]
0.06595298269974453, 7738.7752084635795, 0.0909547208386227, 0.2804547291995979

[7.73876960e+03 6.59529825e-02]
0.06595298253689244, 7738.769599391622, 0.09095472079294967, 0.2804547293031513

[7.73876399e+03 6.59529824e-02]
0.06595298237404035, 7738.763990319667, 0.09095472074175702, 0.28045472928410603

[7.73876087e+03 6.59529822e-02]
0.0659529821861598, 7738.76087007328, 0.0909547206897728, 0.28045472913862957

[7.73876585e+03 6.59529821e-02]
0.0659529821361029, 7738.765847724417, 0.09095472067939736, 0.2804547290602952

[7.73876678e+03 6.59529820e-02]
0.06595298201713418, 7738.7667764267935, 0.09095472064990859, 0.28045472909470226

[7.73877395e+03 6.59529823e-02]
0.06595298227392654, 7738.773945621941, 0.09095472072354538, 0.28045472920260306

[7.73876414e+03 6.59529822e-02]
0.06595298220810149, 7738.764138960445, 0.09095472069435882, 0.28045472910108843

[7.73877068e+03 6.59529823e-02]
0.06595298225198486, 7738.770676734775, 0.09095472071189376, 0.2804547290084197

[7.73877395e+03 6.59529823e-02]
0.06595298227392654, 7738.773945621939, 0.09095472072110702, 0.2804547292028876

[7.73876756e+03 6.59529821e-02]
0.06595298206410431, 7738.7675564883875, 0.09095472065046899, 0.28045472919943987

[7.73876862e+03 6.59529823e-02]
0.06595298225901366, 7738.7686151002, 0.09095472071886361, 0.28045472922069575

[7.73876826e+03 6.59529822e-02]
0.06595298219404389, 7738.768262229596, 0.09095472069949166, 0.280454729211572

[7.73876982e+03 6.59529823e-02]
0.06595298228798416, 7738.76982235279, 0.0909547207271452, 0.28045472912513486

[7.73877224e+03 6.59529823e-02]
0.06595298234592512, 7738.772236857969, 0.09095472072915992, 0.28045472914080666

[7.73877124e+03 6.59529823e-02]
0.06595298230795481, 7738.771243200875, 0.09095472072248763, 0.28045472930057463

[7.73877025e+03 6.59529823e-02]
0.0659529822699845, 7738.7702495437825, 0.09095472071291381, 0.28045472911618385

[7.73876947e+03 6.59529822e-02]
0.06595298222301438, 7738.769469482186, 0.09095472070540855, 0.28045472916982067

[7.73877146e+03 6.59529823e-02]
0.06595298229895497, 7738.771456796372, 0.09095472073417188, 0.28045472908107516


------------------------------------------------------------
Sender: LSF System <lsfadmin@n-62-28-30>
Subject: Job 1708311: <minimize_batch_job_this_is_on_purpose_to_utilize_more_kernel> in cluster <dcc> Done

Job <minimize_batch_job_this_is_on_purpose_to_utilize_more_kernel> was submitted from host <gbarlogin2> by user <s174007> in cluster <dcc> at Thu Jan 10 17:20:34 2019
Job was executed on host(s) <n-62-28-30>, in queue <hpc>, as user <s174007> in cluster <dcc> at Thu Jan 10 17:20:35 2019
</zhome/b0/b/127184> was used as the home directory.
</zhome/b0/b/127184/Documents/Projects/machine-learning-on-materials> was used as the working directory.
Started at Thu Jan 10 17:20:35 2019
Terminated at Thu Jan 10 22:51:27 2019
Results reported at Thu Jan 10 22:51:27 2019

Your job looked like:

------------------------------------------------------------
# LSBATCH: User input
#!/bin/bash
##Kør på cpu
#BSUB -q hpc
##Navn på job
#BSUB -J minimize_batch_job_this_is_on_purpose_to_utilize_more_kernel
##Output fil
#BSUB -o output/minimize/linear_SimpleLarge_default_batchjobs-%J.out
##Antal kerner
#BSUB -n 1
##Om kernerne må være på forskellige computere
#BSUB -R "span[hosts=1]"
##Ram pr kerne
#BSUB -R "rusage[mem=10GB]"
##Hvor lang tid må den køre hh:mm
#BSUB -W 45:00
##Email når jobbet starter
##og stopper
module purge
module load python3
python3 KRR/minimizer.py linear 3 SimpleLarge default [5]
------------------------------------------------------------

Successfully completed.

Resource usage summary:

    CPU time :                                   19851.01 sec.
    Max Memory :                                 6805 MB
    Average Memory :                             6494.68 MB
    Total Requested Memory :                     10240.00 MB
    Delta Memory :                               3435.00 MB
    Max Swap :                                   -
    Max Processes :                              4
    Max Threads :                                5
    Run time :                                   19852 sec.
    Turnaround time :                            19853 sec.

The output (if any) is above this job summary.

