Unloaded module: latex/TeXLive12
Loaded module: python3/3.6.2
[-10000]
[-10000.0]
[-10000.     10.]
10.0, -10000.0, 0.2255392368671754, 0.28810314534687

[-1.05e+04  1.00e+01]
10.0, -10500.0, 0.22553923592168115, 0.2881031448845717

[-10000.      10.5]
10.5, -10000.0, 0.22826416794902787, 0.28917491636319415

[-1.05e+04  9.50e+00]
9.5, -10500.0, 0.22267915168584154, 0.28700193957587083

[-1.075e+04  9.000e+00]
9.0, -10750.0, 0.21967035968093787, 0.28586963215053623

[-1.125e+04  9.000e+00]
9.0, -11250.0, 0.21967035889232414, 0.2858696316510652

[-1.1875e+04  8.5000e+00]
8.5, -11875.0, 0.21649719951905158, 0.28470444223645275

[-1.2125e+04  7.5000e+00]
7.5, -12125.0, 0.2095817466028594, 0.28226776770471645

[-1.29375e+04  6.25000e+00]
6.25, -12937.5, 0.19961178021234507, 0.27900162868129597

[-1.40625e+04  5.75000e+00]
5.75, -14062.5, 0.19510329249648045, 0.2776201411069315

[-1.571875e+04  4.125000e+00]
4.125, -15718.75, 0.17756742997286062, 0.27281415272277565

[-1.678125e+04  1.875000e+00]
1.875, -16781.25, 0.14004966542931638, 0.2656861521138395

[-1.9234375e+04 -1.4375000e+00]
-1.4375, -19234.375, 10.994590527940968, 14.260215158951496

[-1.95625e+04 -2.50000e-01]
-0.25, -19562.5, 3.392264337592858, 5.321244232748463

[-1.459375e+04  4.625000e+00]
4.625, -14593.75, 0.18352187586746074, 0.27434441513162805

[-1.790625e+04  1.375000e+00]
1.375, -17906.25, 0.12747546077019772, 0.2643623609096785

[-1.95625e+04 -2.50000e-01]
-0.25, -19562.5, 3.392264337592858, 5.321244232748463

[-1.896875e+04 -8.750000e-01]
-0.875, -18968.75, 3.5217396028847427, 4.5375508074231945

[-1.653125e+04  2.875000e+00]
2.875, -16531.25, 0.1595314367811903, 0.268830520986554

[-1.815625e+04  3.750000e-01]
0.375, -18156.25, 0.09163951164331634, 0.26490745846880204

[-1.928125e+04 -1.250000e-01]
-0.125, -19281.25, 0.9524774848175954, 2.0107906113458616

[-1.740625e+04  1.375000e+00]
1.375, -17406.25, 0.1274754609099978, 0.26436236122872114

[-1.715625e+04  2.375000e+00]
2.375, -17156.25, 0.15054175399513148, 0.26722358833535365

[-1.790625e+04  8.750000e-01]
0.875, -17906.25, 0.1118504891585023, 0.2636313969331097

[-1.840625e+04  8.750000e-01]
0.875, -18406.25, 0.11185048906370815, 0.2636313966937332

[-1.890625e+04  6.250000e-01]
0.625, -18906.25, 0.10242192447352218, 0.26381359144183536

[-1.840625e+04  3.750000e-01]
0.375, -18406.25, 0.09163951161765747, 0.26490745823805945

[-1.803125e+04  1.125000e+00]
1.125, -18031.25, 0.12012748076066375, 0.2638794802518448

[-1.828125e+04  6.250000e-01]
0.625, -18281.25, 0.1024219245478369, 0.2638135916735231

[-1.821875e+04  7.500000e-01]
0.75, -18218.75, 0.10729526359220841, 0.26364949299521473

[-1.809375e+04  1.000000e+00]
1.0, -18093.75, 0.11611806627693314, 0.26371725855067474

[-1.81875e+04  8.12500e-01]
0.8125, -18187.5, 0.10961075177298447, 0.26362525837449363

[-1.86875e+04  8.12500e-01]
0.8125, -18687.5, 0.10961075168814086, 0.263625258076174

[-1.9078125e+04  7.8125000e-01]
0.78125, -19078.125, 0.10846271842595599, 0.2636332505860965

[-1.846875e+04  7.500000e-01]
0.75, -18468.75, 0.10729526355906112, 0.2636494928598084

[-1.8421875e+04  8.4375000e-01]
0.84375, -18421.875, 0.1107398469551562, 0.2636248412635483

[-1.8921875e+04  8.4375000e-01]
0.84375, -18921.875, 0.11073984686290404, 0.263624841022547

[-1.92890625e+04  8.59375000e-01]
0.859375, -19289.0625, 0.11129744427277226, 0.2636272822097257

[-1.865625e+04  8.750000e-01]
0.875, -18656.25, 0.11185048902476916, 0.2636313965501036

[-1.86796875e+04  8.28125000e-01]
0.828125, -18679.6875, 0.11017763621638875, 0.2636241418529513

[-1.91796875e+04  8.28125000e-01]
0.828125, -19179.6875, 0.11017763613172023, 0.2636241416280534

[-1.95585938e+04  8.20312500e-01]
0.8203125, -19558.59375, 0.10989478183933733, 0.26362446793206845

[-1.89375e+04  8.12500e-01]
0.8125, -18937.5, 0.10961075164523697, 0.26362525796762143

[-1.89257812e+04  8.35937500e-01]
0.8359375, -18925.78125, 0.11045932196172517, 0.2636242691211754

[-1.89335938e+04  8.20312500e-01]
0.8203125, -18933.59375, 0.10989478193193859, 0.263624468207642

[-1.89277344e+04  8.32031250e-01]
0.83203125, -18927.734375, 0.11031862465597249, 0.2636241492905232

[-1.89316406e+04  8.24218750e-01]
0.82421875, -18931.640625, 0.11003635558245273, 0.2636242476781862

[-1.89287109e+04  8.30078125e-01]
0.830078125, -18928.7109375, 0.110248166869765, 0.2636241314266084

[-1.94287109e+04  8.30078125e-01]
0.830078125, -19428.7109375, 0.11024816678802916, 0.2636241312142191

[-1.98032227e+04  8.31054688e-01]
0.8310546875, -19803.22265625, 0.11028340472607463, 0.2636241364339755

[-1.91777344e+04  8.32031250e-01]
0.83203125, -19177.734375, 0.11031862461488491, 0.2636241491866116

[-1.91791992e+04  8.29101562e-01]
0.8291015625, -19179.19921875, 0.11021291059915266, 0.26362413294845805

[-1.91782227e+04  8.31054688e-01]
0.8310546875, -19178.22265625, 0.11028340482590668, 0.2636241367380494

[-1.91789551e+04  8.29589844e-01]
0.82958984375, -19178.955078125, 0.11023054099371878, 0.2636241312324476

[-1.96789551e+04  8.29589844e-01]
0.82958984375, -19678.955078125, 0.11023054090938411, 0.2636241309894768

[-2.00540771e+04  8.29345703e-01]
0.829345703125, -20054.0771484375, 0.11022172623887448, 0.26362413148131697

[-1.99287109e+04  8.30078125e-01]
0.830078125, -19928.7109375, 0.11024816671169954, 0.26362413098509885

[-2.03035889e+04  8.30322266e-01]
0.830322265625, -20303.5888671875, 0.1102569778670037, 0.2636241315130438

[-2.01789551e+04  8.29589844e-01]
0.82958984375, -20178.955078125, 0.11023054084476765, 0.2636241307964075

[-2.05540771e+04  8.29345703e-01]
0.829345703125, -20554.0771484375, 0.11022172617358039, 0.263624131273791

[-2.04287109e+04  8.30078125e-01]
0.830078125, -20428.7109375, 0.11024816664432308, 0.263624130782208

[-2.08035889e+04  8.30322266e-01]
0.830322265625, -20803.5888671875, 0.1102569778077657, 0.26362413132416895

[-2.06789551e+04  8.29589844e-01]
0.82958984375, -20678.955078125, 0.1102305407769055, 0.26362413059265977

[-2.10540771e+04  8.29345703e-01]
0.829345703125, -21054.0771484375, 0.11022172610185024, 0.2636241311154322

[-2.09287109e+04  8.30078125e-01]
0.830078125, -20928.7109375, 0.11024816658296961, 0.26362413056069606

[-2.13035889e+04  8.30322266e-01]
0.830322265625, -21303.5888671875, 0.1102569777412653, 0.2636241311085163

[-2.11789551e+04  8.29589844e-01]
0.82958984375, -21178.955078125, 0.11023054071302231, 0.26362413042683913

[-2.15540771e+04  8.29345703e-01]
0.829345703125, -21554.0771484375, 0.1102217260366313, 0.263624130904084

[-2.14287109e+04  8.30078125e-01]
0.830078125, -21428.7109375, 0.11024816651264184, 0.26362413035653903

[-2.18035889e+04  8.30322266e-01]
0.830322265625, -21803.5888671875, 0.11025697767177318, 0.26362413093762216

[-2.16789551e+04  8.29589844e-01]
0.82958984375, -21678.955078125, 0.11023054064992292, 0.263624130214652

[-2.20540771e+04  8.29345703e-01]
0.829345703125, -22054.0771484375, 0.11022172597416685, 0.2636241307233652

[-2.19287109e+04  8.30078125e-01]
0.830078125, -21928.7109375, 0.11024816645495958, 0.2636241302199974

[-2.21789551e+04  8.29589844e-01]
0.82958984375, -22178.955078125, 0.11023054059613575, 0.26362413006076363

[-2.25540771e+04  8.29345703e-01]
0.829345703125, -22554.0771484375, 0.1102217259252954, 0.2636241305567064

[-2.19291992e+04  8.29101562e-01]
0.8291015625, -21929.19921875, 0.11021291023052623, 0.26362413187936656

[-2.19288330e+04  8.29833984e-01]
0.829833984375, -21928.8330078125, 0.1102393541075792, 0.263624129935544

[-2.24288330e+04  8.29833984e-01]
0.829833984375, -22428.8330078125, 0.11023935405269879, 0.2636241297937068

[-2.28037720e+04  8.29956055e-01]
0.8299560546875, -22803.77197265625, 0.11024376032270511, 0.2636241296961696

[-2.25536499e+04  8.30200195e-01]
0.8302001953125, -22553.64990234375, 0.11025257212271138, 0.26362413027408876

[-2.22726288e+04  8.29742432e-01]
0.829742431640625, -22272.628784179688, 0.11023604914335851, 0.263624129849836

[-2.31475677e+04  8.29864502e-01]
0.829864501953125, -23147.567749023438, 0.11024045557499651, 0.26362412954999176

[-2.37569351e+04  8.29879761e-01]
0.8298797607421875, -23756.935119628906, 0.11024100630721326, 0.26362412938283836

[-2.42880783e+04  8.30093384e-01]
0.8300933837890625, -24288.07830810547, 0.11024871694040378, 0.2636241294828464

[-2.52412415e+04  8.30017090e-01]
0.83001708984375, -25241.241455078125, 0.11024596313444769, 0.26362412904837057

[-2.64599762e+04  8.30047607e-01]
0.830047607421875, -26459.976196289062, 0.11024706452492437, 0.26362412885154396

[-2.59288330e+04  8.29833984e-01]
0.829833984375, -25928.8330078125, 0.11023935370556426, 0.26362412874347757

[-2.67492104e+04  8.29704285e-01]
0.8297042846679688, -26749.210357666016, 0.11023467160981118, 0.263624128568326

[-2.94522514e+04  8.29872131e-01]
0.8298721313476562, -29452.251434326172, 0.11024073043912817, 0.263624128029439

[-3.22999096e+04  8.29868317e-01]
0.8298683166503906, -32299.909591674805, 0.11024059258037434, 0.26362412742624247

[-3.25891438e+04  8.29524994e-01]
0.8295249938964844, -32589.143753051758, 0.11022819850902373, 0.263624127695404

[-3.81398430e+04  8.29689026e-01]
0.8296890258789062, -38139.84298706055, 0.11023412013201553, 0.2636241267774687

[-4.38351593e+04  8.29681396e-01]
0.829681396484375, -43835.15930175781, 0.11023384451675076, 0.26362412610052716

[-4.35459251e+04  8.30024719e-01]
0.8300247192382812, -43545.92514038086, 0.1102462375558642, 0.26362412624493653

[-5.50811749e+04  8.29837799e-01]
0.8298377990722656, -55081.17485046387, 0.11023949025563523, 0.2636241252771128

[-6.64718075e+04  8.29822540e-01]
0.8298225402832031, -66471.8074798584, 0.11023893926615155, 0.26362412470353414

[-6.67610416e+04  8.29479218e-01]
0.8294792175292969, -66761.04164123535, 0.1102265448980481, 0.26362412510512373

[-8.93976898e+04  8.29620361e-01]
0.829620361328125, -89397.68981933594, 0.11023164039160571, 0.2636241242902535

[-1.12178955e+05  8.29589844e-01]
0.82958984375, -112178.955078125, 0.11023053854695714, 0.26362412389413775

[-1.11889721e+05  8.29933167e-01]
0.8299331665039062, -111889.72091674805, 0.11024293216089182, 0.26362412378549877

[-1.34454061e+05  8.30160141e-01]
0.8301601409912109, -134454.0605545044, 0.11025112442485174, 0.26362412373300714

[-1.80161208e+05  8.29927444e-01]
0.8299274444580078, -180161.208152771, 0.11024272548262992, 0.2636241233840855

[-2.37005908e+05  8.29979897e-01]
0.8299798965454102, -237005.9084892273, 0.11024461867416771, 0.26362412305566635

[-2.59281014e+05  8.30550194e-01]
0.8305501937866211, -259281.0139656067, 0.11026520031244928, 0.2636241245088328

[-1.48954470e+05  8.29829931e-01]
0.8298299312591553, -148954.46979999542, 0.11023920555420619, 0.26362412334475427

[-2.51506318e+05  8.29649687e-01]
0.8296496868133545, -251506.31773471832, 0.11023269863125759, 0.2636241228977522

[-3.10032446e+05  8.29394460e-01]
0.8293944597244263, -310032.4463248253, 0.11022348401770557, 0.26362412299275395

[-3.39557756e+05  8.29799652e-01]
0.8297996520996094, -339557.7564239502, 0.11023811238024488, 0.2636241226176756

[-4.34859400e+05  8.29784513e-01]
0.8297845125198364, -434859.3997359276, 0.11023756606642987, 0.26362412278372616

[-3.54058166e+05  8.29469442e-01]
0.8294694423675537, -354058.1656694412, 0.11022619124187213, 0.2636241232444161

[-2.66268973e+05  8.29852283e-01]
0.829852283000946, -266268.9727842808, 0.11024001231463981, 0.2636241229280744

[-3.24795101e+05  8.29597056e-01]
0.8295970559120178, -324795.10137438774, 0.11023079859929104, 0.2636241229063085

[-3.10163569e+05  8.29660863e-01]
0.8296608626842499, -310163.569226861, 0.11023310215491734, 0.2636241229695653

[-2.95532037e+05  8.29724669e-01]
0.8297246694564819, -295532.03707933426, 0.110235405448188, 0.2636241232094821

[-3.02913365e+05  8.29825968e-01]
0.8298259675502777, -302913.3646041155, 0.11023906229126185, 0.26362412277106445

[-3.46939084e+05  8.29900950e-01]
0.8299009501934052, -346939.0839487314, 0.11024176894139388, 0.2636241229129572

[-3.34087322e+05  8.29856880e-01]
0.8298568800091743, -334087.32223138213, 0.11024017816184131, 0.26362412312854117

[-3.21235561e+05  8.29812810e-01]
0.8298128098249435, -321235.56051403284, 0.11023858739080017, 0.26362412232698174

[-3.17544897e+05  8.29762161e-01]
0.8297621607780457, -317544.8967516422, 0.11023675886695997, 0.2636241225522981

[-2.99222701e+05  8.29775319e-01]
0.8297753185033798, -299222.7008417249, 0.11023723395138373, 0.2636241228849186

[-3.29473993e+05  8.29793569e-01]
0.829793568700552, -329473.99252839386, 0.11023789278969012, 0.263624123252685

[-3.19390229e+05  8.29787485e-01]
0.8297874853014946, -319390.22863283753, 0.11023767316951211, 0.26362412285009784

[-3.30396658e+05  8.29806231e-01]
0.8298062309622765, -330396.6584689915, 0.11023834985700733, 0.2636241223473544

[-3.32241990e+05  8.29831555e-01]
0.8298315554857254, -332241.9903501868, 0.11023926399890514, 0.26362412221292575

[-3.38667871e+05  8.29853591e-01]
0.8298535905778408, -338667.87120886147, 0.11024005939845603, 0.2636241223440335

[-3.23080892e+05  8.29838134e-01]
0.8298381343483925, -323080.89239522815, 0.1102395014446602, 0.26362412260291024

[-3.28567717e+05  8.29814207e-01]
0.8298142068088055, -328567.7169505507, 0.11023863772375384, 0.2636241222220964

[-3.39574147e+05  8.29832952e-01]
0.8298329524695873, -339574.14678670466, 0.11023931451232541, 0.26362412286960907

[-3.25820207e+05  8.29817845e-01]
0.8298178454861045, -325820.2070822008, 0.11023876904564492, 0.26362412333387214

[-3.30404854e+05  8.29822881e-01]
0.8298228811472654, -330404.85365036875, 0.11023895096767368, 0.26362412281072173

[-3.26738775e+05  8.29822183e-01]
0.8298221826553345, -326738.77543210983, 0.11023892566506571, 0.2636241223697533

[-3.28575912e+05  8.29830857e-01]
0.8298308569937944, -328575.9121319279, 0.11023923878135392, 0.26362412324267404

[-3.29947618e+05  8.29824875e-01]
0.8298248751088977, -329947.61827075854, 0.11023902285632813, 0.263624122516007

[-3.29033148e+05  8.29828863e-01]
0.8298288630321622, -329033.1475115381, 0.11023916675964035, 0.26362412233376165

[-3.34536362e+05  8.29838236e-01]
0.8298382358625531, -334536.3624296151, 0.11023950521433085, 0.2636241229648948

[-3.28688172e+05  8.29826196e-01]
0.8298261959571391, -328688.17218148615, 0.11023907047953803, 0.2636241226653103

[-3.30637569e+05  8.29830209e-01]
0.8298302092589438, -330637.5689308625, 0.11023921535237692, 0.2636241230164692

[-3.29490383e+05  8.29826869e-01]
0.8298268690705299, -329490.3828911483, 0.11023909486667596, 0.2636241227870537

[-3.31094804e+05  8.29828215e-01]
0.8298282152973115, -331094.8043104727, 0.11023914339932751, 0.26362412255114265

[-3.33846412e+05  8.29832902e-01]
0.829832901712507, -333846.4117695112, 0.11023931266875456, 0.26362412288715065

[-3.30579390e+05  8.29828377e-01]
0.8298283772310242, -330579.39011073904, 0.11023914913685383, 0.2636241223742453

[-3.31726576e+05  8.29831717e-01]
0.8298317174194381, -331726.5761504532, 0.11023926981605957, 0.2636241233008756

[-3.31252747e+05  8.29829091e-01]
0.8298290908278432, -331252.7472704678, 0.11023917503429446, 0.2636241230595416

[-3.31410690e+05  8.29829966e-01]
0.8298299663583748, -331410.69023046293, 0.1102392065775984, 0.2636241231166511

[-3.31668397e+05  8.29829885e-01]
0.8298298853915185, -331668.39733032975, 0.11023920377123987, 0.26362412237579114

[-3.32499697e+05  8.29831475e-01]
0.8298314745188691, -332499.69745005365, 0.11023926109073313, 0.2636241227954436

[-3.32227446e+05  8.29831097e-01]
0.8298310974787455, -332227.44564515597, 0.11023924742291098, 0.26362412290336446

[-3.31955194e+05  8.29830720e-01]
0.8298307204386219, -331955.1938402583, 0.11023923376305622, 0.2636241228899495

[-3.31826340e+05  8.29830761e-01]
0.8298307609220501, -331826.3402903249, 0.11023923538107189, 0.2636241220112839

[-3.32113137e+05  8.29831596e-01]
0.8298315959691536, -332113.1368002534, 0.11023926558936481, 0.2636241228079543

[-3.32073651e+05  8.29831377e-01]
0.8298313770865207, -332073.65106025466, 0.11023925762289849, 0.263624122584025

[-3.31994680e+05  8.29830939e-01]
0.8298309393212548, -331994.67958025704, 0.1102392418119088, 0.26362412275740393

[-3.32053908e+05  8.29831268e-01]
0.8298312676452042, -332053.9081902553, 0.11023925342972694, 0.26362412249799466

[-3.32014422e+05  8.29831049e-01]
0.8298310487625713, -332014.4224502564, 0.11023924567644586, 0.26362412245705996

[-3.32024294e+05  8.29831103e-01]
0.8298311034832295, -332024.29388525616, 0.11023924769539856, 0.2636241221610002

[-3.31608644e+05  8.29830309e-01]
0.8298303089195542, -331608.6438253942, 0.11023921903378242, 0.2636241224126249

[-3.32083654e+05  8.29831244e-01]
0.8298312438441826, -332083.65371898864, 0.11023925289549547, 0.26362412323096374

[-3.31925317e+05  8.29830932e-01]
0.8298309322026398, -331925.3170877905, 0.11023924146511206, 0.26362412259233964

[-3.32034165e+05  8.29831158e-01]
0.8298311582038878, -332034.16532025585, 0.11023924962136808, 0.26362412284050113

[-3.31717492e+05  8.29830535e-01]
0.8298305349208022, -331717.4920578596, 0.11023922732115257, 0.26362412299964866

[-3.31954997e+05  8.29831002e-01]
0.8298310023831164, -331954.9970046568, 0.1102392440590252, 0.2636241226539442

[-3.31796660e+05  8.29830691e-01]
0.8298306907415736, -331796.66037345864, 0.11023923281825176, 0.263624122729939

[-3.31915413e+05  8.29830924e-01]
0.8298309244727307, -331915.4128468573, 0.11023924123045108, 0.2636241228187315

[-3.31875829e+05  8.29830847e-01]
0.829830846562345, -331875.82868905773, 0.1102392384109512, 0.2636241224596405

[-3.31890669e+05  8.29830882e-01]
0.8298308816525832, -331890.66864749085, 0.11023923962345933, 0.26362412271356955

[-3.31811500e+05  8.29830726e-01]
0.8298307258318118, -331811.50033189176, 0.11023923400790063, 0.26362412273671587

[-3.31870877e+05  8.29830843e-01]
0.8298308426973904, -331870.8765685911, 0.1102392382620567, 0.2636241227409952

