Unloaded module: latex/TeXLive12
Loaded module: python3/3.6.2
[5]
[5.0]
[5. 3.]
3.0, 5.0, 0.19729669655471296, 0.2817228666141233

[5.25 3.  ]
3.0, 5.25, 0.19729737726433538, 0.28172345086251604

[5.   3.15]
3.1500000000000004, 5.0, 0.1999600559723518, 0.282504760191565

[5.25 2.85]
2.8499999999999996, 5.25, 0.1945112055738353, 0.28092533700680805

[5.375 2.7  ]
2.6999999999999993, 5.375, 0.191591266022196, 0.2801107982579196

[5.125 2.7  ]
2.6999999999999993, 5.125, 0.19159063330042023, 0.28011021320090235

[5.0625 2.55  ]
2.549999999999999, 5.0625, 0.18852327302132976, 0.2792781053647324

[5.4375 2.25  ]
2.2499999999999982, 5.4375, 0.1818874427889607, 0.2775627181423591

[5.65625 1.875  ]
1.8749999999999973, 5.65625, 0.17244607195746872, 0.27532085907510584

[5.34375 1.725  ]
1.724999999999997, 5.34375, 0.1682292732707742, 0.2743958054031186

[5.328125 1.2375  ]
1.2374999999999954, 5.328125, 0.15218620578304734, 0.2713341684340308

[5.921875 0.5625  ]
0.5624999999999938, 5.921875, 0.1201449062761921, 0.26778516510416495

[ 6.3515625 -0.43125  ]
-0.43125000000000924, 6.3515625, 4.512643351369568, 5.8851513254628145

[ 5.59375 -0.075  ]
-0.07500000000000817, 5.59375, 2.0605260429594567, 4.384541989853234

[5.640625 1.3875  ]
1.387499999999996, 5.640625, 0.15756743729545114, 0.27227861830150346

[5.609375 0.4125  ]
0.4124999999999932, 5.609375, 0.1102423695986235, 0.2676222097987351

[ 5.59375 -0.075  ]
-0.07500000000000817, 5.59375, 2.0605260429594567, 4.384541989853234

[ 6.203125 -0.2625  ]
-0.2625000000000084, 6.203125, 8.014545802970629, 12.245688873560875

[5.546875 0.8625  ]
0.8624999999999945, 5.546875, 0.13635555654788356, 0.269094231699333

[5.984375 0.1125  ]
0.1124999999999925, 5.984375, 0.08503922679090958, 0.27127526405948965

[5.65625 0.675  ]
0.674999999999994, 5.65625, 0.12670403487051354, 0.26817711295060725

[5.875 0.3  ]
0.29999999999999294, 5.875, 0.10172813822693855, 0.26800968397983155

[5.8203125 0.39375  ]
0.39374999999999316, 5.8203125, 0.1088948844924435, 0.2676471105035785

[5.5078125 0.24375  ]
0.24374999999999258, 5.5078125, 0.0970532134521872, 0.26849913505861167

[5.81835938 0.4828125 ]
0.4828124999999935, 5.818359375, 0.11506830277479177, 0.2676305339172558

[5.60742188 0.5015625 ]
0.5015624999999935, 5.607421875, 0.11629807995285563, 0.2676547497022364

[5.76708984 0.42070312]
0.42070312499999324, 5.76708984375, 0.11082374344075072, 0.26761551576800874

[5.55810547 0.35039062]
0.350390624999993, 5.55810546875, 0.10567202721567182, 0.26775889699947414

[5.7532959  0.44970703]
0.44970703124999334, 5.7532958984375, 0.1128394280062198, 0.2676087265512563

[5.91101074 0.45791016]
0.4579101562499934, 5.9110107421875, 0.11339881919559411, 0.26761153253411346

[5.8972168  0.48691406]
0.4869140624999935, 5.897216796875, 0.115339385722217, 0.26763526391550274

[5.79962158 0.43725586]
0.43725585937499334, 5.79962158203125, 0.11198155644834829, 0.26760849239936096

[5.64190674 0.42905273]
0.42905273437499325, 5.64190673828125, 0.11141014776657854, 0.26761072873364733

[5.70918274 0.43626709]
0.4362670898437433, 5.7091827392578125, 0.11191287805996836, 0.2676085774879565

[5.75550842 0.42381592]
0.4238159179687433, 5.7555084228515625, 0.11104298797529494, 0.2676134998063876

[5.75384903 0.44323425]
0.4432342529296808, 5.753849029541016, 0.11239481378942975, 0.26760800526017314

[5.84428787 0.44422302]
0.4442230224609309, 5.844287872314453, 0.11246300049458188, 0.26760812823830016

[5.79851532 0.45020142]
0.45020141601561847, 5.798515319824219, 0.11287330512043685, 0.26760887880938744

[5.79934502 0.44049225]
0.4404922485351496, 5.799345016479492, 0.1122056098034699, 0.267608119750313

[5.70890617 0.43950348]
0.4395034790038995, 5.708906173706055, 0.11213716007293019, 0.2676081066090261

[5.66341019 0.44224548]
0.44224548339843067, 5.663410186767578, 0.11232655556447922, 0.26760790877776647

[5.59544277 0.4431221 ]
0.4431221008300713, 5.595442771911621, 0.11238694402939338, 0.2676078349701929

[5.64038563 0.44685287]
0.44685287475585256, 5.640385627746582, 0.11264364073805776, 0.2676081371376527

[5.69177604 0.44134083]
0.4413408279418878, 5.6917760372161865, 0.1122641403292972, 0.26760796327406877

[5.53336978 0.44122868]
0.44122867584227826, 5.533369779586792, 0.11225625290015032, 0.26760779617510655

[5.42313015 0.44022589]
0.44022588729857703, 5.42313015460968, 0.11218685970937166, 0.2676077303928294

[5.32679689 0.44200716]
0.44200716018676056, 5.326796889305115, 0.11230979537533951, 0.2676075312901932

[5.14430732 0.44234033]
0.44234032630919695, 5.144307315349579, 0.11233259268666552, 0.2676072982560791

[4.9719947  0.43944411]
0.4394441127777027, 4.971994698047638, 0.1121323201289876, 0.26760722895735245

[4.66027066 0.43760512]
0.4376051187515184, 4.660270661115646, 0.11200458668616611, 0.2676070076205063

[4.38144782 0.43971956]
0.43971955776213834, 4.381447821855545, 0.1121506108812504, 0.26760628247205365

[3.86060666 0.43946639]
0.4394663929939189, 3.8606066554784775, 0.11213223300811964, 0.2676052651368271

[3.37657    0.43473119]
0.43473118543624034, 3.376570001244545, 0.11180280504486072, 0.26760484899375386

[2.49270134 0.43092661]
0.43092661499976215, 2.492701344192028, 0.1115349080997505, 0.2676025617390375

[1.69303734 0.43278789]
0.4327878892421626, 1.6930373385548592, 0.11165952591462527, 0.26759574484794185

[0.20942068 0.43037927]
0.4303792744874846, 0.20942067727446556, 0.11139506994669936, 0.2674878036108438

[-1.15848463  0.4218395 ]
0.42183949649332786, -1.1584846340119839, 0.1109333305607366, 0.26765095462148497

[2.60583383 0.43505967]
0.4350596688687711, 2.605833833105862, 0.11182321495476671, 0.26760185659870644

[0.32255317 0.43451233]
0.43451232835649356, 0.32255316618829966, 0.11171762170192481, 0.2675238342503761

[-2.07385999  0.42983193]
0.429831933975207, -2.073859989643097, 0.11148338115596956, 0.26763329308908823

[1.43591038 0.43375274]
0.4337527351453801, 1.4359103774186224, 0.11172383912065183, 0.2675920455785289

[-0.90393653  0.43113887]
0.43113886769859805, -0.9039365339558572, 0.11159341794782152, 0.26765606831888017

[0.85094865 0.43309927]
0.4330992682836846, 0.8509486495750025, 0.11166576369428018, 0.26757734510410297

[-0.31897481  0.43179233]
0.43179233456029353, -0.3189748061122373, 0.11170690272829484, 0.26774292278773687

[0.55846779 0.43277253]
0.43277253485283684, 0.5584677856531925, 0.11162749640685049, 0.2675593750573178

[-0.02649394  0.43211907]
0.4321190679911413, -0.026493942190427333, 0.14549094203875346, 0.33715946896972254

[0.41222735 0.43260917]
0.43260916813741296, 0.4122273536922876, 0.11160084701665403, 0.2675419609296904

[0.11974649 0.43228243]
0.4322824347065652, 0.11974648977047764, 0.11146504032139541, 0.26742508634861173

[-0.02649394  0.43211907]
0.4321190679911412, -0.026493942190427333, 0.14549094203875335, 0.3371594689697224

[0.006614   0.42814938]
0.42814938083755627, 0.006614000856643543, 0.11092866613107569, 0.26763915695355545

[0.24356837 0.43292159]
0.43292159147675924, 0.24356837485538563, 0.11158546220934087, 0.2675008367435836

[0.08559879 0.42974012]
0.4297401177172906, 0.08559879218955757, 0.1112425900393388, 0.2673877556744238

[0.006614   0.42814938]
0.42814938083755627, 0.006614000856643543, 0.11092866613107569, 0.26763915695355545

[-0.0040754   0.43164328]
0.43164327793637125, -0.004075395314430352, 0.11141906611299965, 0.2687250829881547

[0.15604666 0.43069528]
0.43069527534970625, 0.15604665912724158, 0.11138668784354641, 0.267456580666997

[0.04929862 0.43132728]
0.4313272770741496, 0.049298622832793626, 0.11127116768067254, 0.2673369558567326

[-0.0040754   0.43164328]
0.43164327793637136, -0.004075395314430352, 0.11141906611299958, 0.2687250829881548

[0.01515093 0.42878496]
0.42878496008487504, 0.01515092525187356, 0.1109746489207473, 0.2674260161474006

[0.0935976  0.43140807]
0.4314080660511427, 0.09359759864082662, 0.11137115421667935, 0.2673967181496891

[0.04129982 0.42965933]
0.42965932874029755, 0.04129981638152458, 0.1111301453828897, 0.2673312232598216

[0.01515093 0.42878496]
0.428784960084875, 0.01515092525187356, 0.11097464892074729, 0.2674260161474003

[0.00499965 0.43124649]
0.4312464880971565, 0.004999647024760634, 0.1111531932087792, 0.2677115528369514

[0.06544901 0.43011671]
0.43011671031225707, 0.06544900589835834, 0.1112293076553532, 0.26735953843386756

[0.02514943 0.4308699 ]
0.43086989550219, 0.025149433315959868, 0.11115437643101532, 0.2673463093634884

[0.03522433 0.4306816 ]
0.4306815992047068, 0.035224326461559485, 0.11117974816258026, 0.26732925588908996

[0.02722552 0.42901365]
0.4290136508708547, 0.027225520010290438, 0.11103362522059879, 0.26734137641495176

[0.04378035 0.43074887]
0.4307488705233259, 0.04378034712716783, 0.11121393663691069, 0.2673319963486493

[0.0327438  0.42959206]
0.4295920574216784, 0.032743795715916235, 0.11109496111991321, 0.2673316059174653

[0.03550293 0.42988126]
0.42988126069709026, 0.035502933568729134, 0.11112524105879705, 0.26732987463976

[0.02942744 0.43090353]
0.4309035311614995, 0.02942744364876404, 0.11117331168187496, 0.2673347861240581

[0.03833172 0.42997038]
0.429970379345598, 0.038331723198334444, 0.11114153986922509, 0.26732976861595986

[0.03805312 0.43077072]
0.4307707178532146, 0.038053116091164796, 0.1111960811805909, 0.26732902577991724

[0.03932821 0.43121545]
0.43121544643127685, 0.03932820735238263, 0.11123136678043327, 0.26732898312882075

[0.03622081 0.43192667]
0.43192666629038556, 0.03622081061560767, 0.1112696533885302, 0.2673280077398452

[0.03516535 0.43290481]
0.43290480976277923, 0.03516535432424428, 0.11133352811536615, 0.267327450536703

[0.03926924 0.43343866]
0.4334386569893493, 0.03926923521506742, 0.11138508517419521, 0.26732719275969624

[0.04129169 0.43481719]
0.4348171858816706, 0.04129168959182139, 0.11148726960458304, 0.2673271160581855

[0.03712884 0.43650655]
0.436506549213173, 0.03712883656368304, 0.11158937287317279, 0.26732458532419784

[0.03602915 0.4391521 ]
0.439152100604121, 0.03602915116933325, 0.1117675418713366, 0.2673229866005088

[0.04215549 0.44106448]
0.4410644767230124, 0.04215548643691036, 0.11192024638383406, 0.26732383272843835

[0.03689295 0.44539939]
0.4453993914454628, 0.03689294801442222, 0.11219880299123461, 0.2673198949723816

[0.03469358 0.45069049]
0.45069049422735885, 0.03469357722572264, 0.11255129391288836, 0.2673186361322782

[0.02856724 0.44877812]
0.44877811810846746, 0.02856724195814553, 0.1123980468238083, 0.26732630148818887

[0.03875843 0.44299289]
0.4429928870693762, 0.03875842531721915, 0.1120408191576561, 0.26732121103857176

[0.03742285 0.45453128]
0.45453128069261406, 0.03742285137360854, 0.1128216931555911, 0.26731762136517995

[0.0381197  0.46222087]
0.4622208707368607, 0.038119701475746184, 0.11334268832238142, 0.26731768649119275

[0.033358   0.46222889]
0.46222888785059674, 0.033358003282112025, 0.11332586057988402, 0.26731856917256674

[0.03608728 0.46606967]
0.4660696743158519, 0.03608727742999793, 0.11359341363971476, 0.2673181382168156

[0.04015213 0.45837207]
0.4583720671578692, 0.04015212552149444, 0.1130907824036094, 0.26731823839145624

[0.03845359 0.45933627]
0.4593362723310511, 0.03845359496164884, 0.11314982905112272, 0.26731759142180633

[0.03978917 0.44779788]
0.4477978787078133, 0.03978916890525945, 0.11237268302546316, 0.26731972798139897

[0.03701275 0.46150173]
0.46150172541384227, 0.037012750298813304, 0.11329040754658704, 0.26731746185324645

[0.03804349 0.46630672]
0.46630671705227933, 0.0380434938868536, 0.11361631102587581, 0.26731831875161893

[0.03757801 0.45747514]
0.4574751397825304, 0.037578012001919806, 0.1130212245812922, 0.2673174199424535

[0.03613717 0.45964059]
0.45964059286532155, 0.03613716733908427, 0.11316202191804009, 0.2673173786166345

[0.03497895 0.45979275]
0.4597927531324568, 0.03497895352780199, 0.11316803405677796, 0.26731762045393614

[0.03670243 0.45561401]
0.4556140072340097, 0.03670242904219077, 0.11289235493159847, 0.26731747059284716

[0.03693517 0.4600298 ]
0.46002979586888415, 0.03693516998465767, 0.11319111375751634, 0.26731736980660764

[0.03549433 0.46219525]
0.4621952489516753, 0.03549432532182213, 0.11333149895510712, 0.267317638976826

[0.03705709 0.45865517]
0.4586551670748166, 0.03705709033189539, 0.11309895145242195, 0.2673173486886128

[0.03785509 0.45904437]
0.4590443700783793, 0.03785509297746879, 0.1131280383362648, 0.2673174492264877

[0.03656665 0.45949154]
0.459491537168586, 0.0365666487486804, 0.11315353981177287, 0.26731734937963275

[0.03668857 0.45811691]
0.45811690837451846, 0.03668856909591812, 0.11306132968265976, 0.26731734227943277

[0.03656527 0.45716046]
0.4571604646273357, 0.03656526865154834, 0.11299634423677618, 0.26731737188295923

[0.03717901 0.45728054]
0.45728053828074916, 0.037179010679133095, 0.11300666082030256, 0.26731738336397426

[0.03671974 0.45893879]
0.45893878744662675, 0.036719739231293576, 0.11311685257870337, 0.2673173392516288


------------------------------------------------------------
Sender: LSF System <lsfadmin@n-62-21-8>
Subject: Job 1708296: <minimize_batch_job_this_is_on_purpose_to_utilize_more_kernel> in cluster <dcc> Done

Job <minimize_batch_job_this_is_on_purpose_to_utilize_more_kernel> was submitted from host <gbarlogin2> by user <s174007> in cluster <dcc> at Thu Jan 10 17:20:32 2019
Job was executed on host(s) <n-62-21-8>, in queue <hpc>, as user <s174007> in cluster <dcc> at Thu Jan 10 17:20:33 2019
</zhome/b0/b/127184> was used as the home directory.
</zhome/b0/b/127184/Documents/Projects/machine-learning-on-materials> was used as the working directory.
Started at Thu Jan 10 17:20:33 2019
Terminated at Thu Jan 10 18:04:09 2019
Results reported at Thu Jan 10 18:04:09 2019

Your job looked like:

------------------------------------------------------------
# LSBATCH: User input
#!/bin/bash
##Kør på cpu
#BSUB -q hpc
##Navn på job
#BSUB -J minimize_batch_job_this_is_on_purpose_to_utilize_more_kernel
##Output fil
#BSUB -o output/minimize/linear_GP_default_batchjobs-%J.out
##Antal kerner
#BSUB -n 1
##Om kernerne må være på forskellige computere
#BSUB -R "span[hosts=1]"
##Ram pr kerne
#BSUB -R "rusage[mem=10GB]"
##Hvor lang tid må den køre hh:mm
#BSUB -W 45:00
##Email når jobbet starter
##og stopper
module purge
module load python3
python3 KRR/minimizer.py linear 3 GP default [5]
------------------------------------------------------------

Successfully completed.

Resource usage summary:

    CPU time :                                   2614.29 sec.
    Max Memory :                                 1261 MB
    Average Memory :                             1055.16 MB
    Total Requested Memory :                     10240.00 MB
    Delta Memory :                               8979.00 MB
    Max Swap :                                   -
    Max Processes :                              4
    Max Threads :                                5
    Run time :                                   2629 sec.
    Turnaround time :                            2617 sec.

The output (if any) is above this job summary.

