Unloaded module: latex/TeXLive12
Loaded module: python3/3.6.2
[-10000]
[-10000.0]
[-10000.     10.]
10.0, -10000.0, 0.2557718138005269, 0.30398594323774947

[-1.05e+04  1.00e+01]
10.0, -10500.0, 0.2557718131723366, 0.30398594329210216

[-10000.      10.5]
10.5, -10000.0, 0.25855507129550065, 0.30520284300664263

[-1.05e+04  9.50e+00]
9.5, -10500.0, 0.2528425467182804, 0.3027308937738608

[-1.075e+04  9.000e+00]
9.0, -10750.0, 0.2497518698208586, 0.30143490570823733

[-1.025e+04  9.000e+00]
9.0, -10250.0, 0.24975187039583488, 0.3014349057478438

[-1.1e+04  8.0e+00]
8.0, -11000.0, 0.2430115912037808, 0.29870720499872067

[-1.15e+04  7.00e+00]
7.0, -11500.0, 0.23536622957293124, 0.29577260629354923

[-1.2e+04  7.0e+00]
7.0, -12000.0, 0.23536622915206407, 0.29577260611921713

[-1.2875e+04  6.0000e+00]
6.0, -12875.0, 0.2265519864144623, 0.292591844567212

[-1.3625e+04  4.0000e+00]
4.0, -13625.0, 0.20360470501656158, 0.2852660901856757

[-1.50625e+04  1.50000e+00]
1.5, -15062.5, 0.1524316677555565, 0.2735427530987004

[-1.64375e+04  5.00000e-01]
0.5, -16437.5, 0.10990148258938941, 0.2696740210997914

[-1.890625e+04 -2.750000e+00]
-2.75, -18906.25, 4.605006863607536, 4.779145958800866

[-1.8625e+04 -4.0000e+00]
-4.0, -18625.0, 4.535666961597159, 4.2910044972662185

[-1.43125e+04  3.50000e+00]
3.5, -14312.5, 0.1961874176498903, 0.28317729500219246

[-1.71875e+04 -1.50000e+00]
-1.5, -17187.5, 14.719725428500247, 17.757512507028384

[-1.503125e+04  2.250000e+00]
2.25, -15031.25, 0.17250241283531334, 0.27738198141261106

[-1.646875e+04 -2.500000e-01]
-0.25, -16468.75, 16.68761239316799, 24.87674249472632

[-1.5390625e+04  1.6250000e+00]
1.625, -15390.625, 0.15623886663586214, 0.27419035132746317

[-1.6109375e+04  3.7500000e-01]
0.375, -16109.375, 0.10206114632754167, 0.26994069748444705

[-1.7484375e+04 -6.2500000e-01]
-0.625, -17484.375, 4.089942876495205, 5.08881790393843

[-1.56679688e+04  9.68750000e-01]
0.96875, -15667.96875, 0.13321301804089933, 0.2709322297998723

[-1.68789062e+04 -9.37500000e-02]
-0.09375, -16878.90625, 2.3670569128872367, 4.924865940568373

[-1.59707031e+04  7.03125000e-01]
0.703125, -15970.703125, 0.12100543242257061, 0.26995496241931294

[-1.65761719e+04  1.71875000e-01]
0.171875, -16576.171875, 0.08736258997995636, 0.272170271361688

[-1.61220703e+04  5.70312500e-01]
0.5703125, -16122.0703125, 0.11395330461676265, 0.26969809677211404

[-1.64501953e+04  6.95312500e-01]
0.6953125, -16450.1953125, 0.12061037430354515, 0.2699340278137535

[-1.63649902e+04  6.15234375e-01]
0.615234375, -16364.990234375, 0.11642167249318637, 0.2697588168847205

[-1.61945801e+04  4.55078125e-01]
0.455078125, -16194.580078125, 0.1071827755874103, 0.2697158815237199

[-1.62371826e+04  4.95117188e-01]
0.4951171875, -16237.1826171875, 0.10961106046184718, 0.2696761626689264

[-1.65526123e+04  4.24804688e-01]
0.4248046875, -16552.6123046875, 0.10528937346059293, 0.26977543319840663

[-1.62297058e+04  5.33935547e-01]
0.533935546875, -16229.705810546875, 0.11188689113649876, 0.26967353895149127

[-1.64300232e+04  5.38818359e-01]
0.538818359375, -16430.023193359375, 0.11216790910940949, 0.2696754121753006

[-1.63818130e+04  5.27893066e-01]
0.52789306640625, -16381.813049316406, 0.11153753295606769, 0.26967186989753067

[-1.61740189e+04  5.61828613e-01]
0.56182861328125, -16174.018859863281, 0.11347692185701005, 0.2696902503513893

[-1.63716297e+04  5.15457153e-01]
0.5154571533203125, -16371.62971496582, 0.1108128980131939, 0.26967077270087525

[-1.65237370e+04  5.09414673e-01]
0.5094146728515625, -16523.73695373535, 0.11045803825508757, 0.26967141726108196

[-1.65135536e+04  4.96978760e-01]
0.496978759765625, -16513.553619384766, 0.10972192740405348, 0.2696752812701442

[-1.64147482e+04  5.20164490e-01]
0.5201644897460938, -16414.748191833496, 0.11108808927350539, 0.26967081033059215

[-1.6262641e+04  5.2620697e-01]
0.5262069702148438, -16262.640953063965, 0.1114397304616973, 0.26967153464369203

[-1.64584630e+04  5.13612747e-01]
0.5136127471923828, -16458.462953567505, 0.11070477387865683, 0.26967088604550865

[-1.63279150e+04  5.22008896e-01]
0.5220088958740234, -16327.914953231812, 0.11119561464884853, 0.26967095163065985

[-1.64258260e+04  5.15711784e-01]
0.515711784362793, -16425.82595348358, 0.11082781187187055, 0.2696707627755855

[-1.63827075e+04  5.11004448e-01]
0.5110044479370117, -16382.707476615906, 0.11055157865392765, 0.26967117113445643

[-1.64067380e+04  5.17874479e-01]
0.5178744792938232, -16406.7380130291, 0.1109543522204712, 0.2696707337211733

[-1.64609343e+04  5.18129110e-01]
0.5181291103363037, -16460.93425154686, 0.11096923553525717, 0.26967073675987463

[-1.64418463e+04  5.20291805e-01]
0.520291805267334, -16441.846311092377, 0.11109551692008379, 0.2696708178145387

[-1.6429831e+04  5.1685679e-01]
0.5168567895889282, -16429.83104288578, 0.11089483561549242, 0.2696707350370971

[-1.63756348e+04  5.16602159e-01]
0.5166021585464478, -16375.63480436802, 0.11087993622549441, 0.26967073883003906

[-1.64396094e+04  5.17747372e-01]
0.5177473723888397, -16439.60938975215, 0.11094692154827494, 0.26967073270634234

[-1.64165164e+04  5.18765062e-01]
0.5187650620937347, -16416.516359895468, 0.11100639326216999, 0.26967075044714567

[-1.64265024e+04  5.17333858e-01]
0.5173338577151299, -16426.502372138202, 0.11092274193115302, 0.26967073171779143

[-1.64593737e+04  5.17206751e-01]
0.5172067508101463, -16459.373748861253, 0.11091530786320122, 0.2696707321554148

[-1.64462667e+04  5.16793236e-01]
0.5167932361364365, -16446.266731247306, 0.11089111716062054, 0.26967073581362455

[-1.64412737e+04  5.17508838e-01]
0.5175088383257389, -16441.27372512594, 0.11093297467227654, 0.26967073168315187

[-1.64084023e+04  5.17635945e-01]
0.5176359452307224, -16408.402348402888, 0.11094040685993556, 0.2696707320729546

[-1.64211452e+04  5.17528647e-01]
0.5175286466255784, -16421.14519851748, 0.1109341329600202, 0.2696707317023915

[-1.64359166e+04  5.17703627e-01]
0.5177036272361875, -16435.916551505215, 0.11094436402408925, 0.2696707324213563

[-1.64288559e+04  5.17426300e-01]
0.5174263000953943, -16428.855916979956, 0.11092814810630564, 0.2696707315848632

[-1.64489844e+04  5.17406492e-01]
0.5174064917955548, -16448.984443588415, 0.11092698971071045, 0.26967073159684096

[-1.64365666e+04  5.17323954e-01]
0.5173239535652101, -16436.566635442432, 0.11092216270401274, 0.2696707317648553

[-1.64400970e+04  5.17462617e-01]
0.5174626171356067, -16440.096952705062, 0.110930271852531, 0.26967073162761873

[-1.64377434e+04  5.17370175e-01]
0.5173701747553423, -16437.74340786331, 0.11092486584599574, 0.2696707316551034

[-1.64395086e+04  5.17439507e-01]
0.5174395065405406, -16439.508566494624, 0.11092892038847743, 0.2696707316096881

[-1.64383318e+04  5.17393285e-01]
0.5173932853504084, -16438.331794073747, 0.11092621739778333, 0.2696707316146196

[-1.64392144e+04  5.17427951e-01]
0.5174279512430076, -16439.214373389404, 0.11092824465325854, 0.2696707316097976

[-1.64389202e+04  5.17416396e-01]
0.5174163959454745, -16438.920180284185, 0.11092756890568321, 0.2696707316317321

[-1.64341822e+04  5.17432903e-01]
0.5174329033179674, -16434.18224173729, 0.11092853423732438, 0.2696707316117396

[-1.64241180e+04  5.17442807e-01]
0.5174428074678872, -16424.11797843306, 0.11092911342138763, 0.26967073156262694

[-1.64167169e+04  5.17456013e-01]
0.5174560132290935, -16416.716877507497, 0.11092988567282107, 0.26967073163836436

[-1.64187917e+04  5.17436204e-01]
0.517436204245314, -16418.791653675726, 0.11092872728046749, 0.26967073163185834

[-1.64303346e+04  5.17433729e-01]
0.5174337285498041, -16430.3345947219, 0.11092858249950682, 0.2696707316363131

[-1.64264869e+04  5.17434554e-01]
0.5174345537816407, -16426.486947706508, 0.11092863075979428, 0.2696707316424011

[-1.64291501e+04  5.17437855e-01]
0.5174378553929273, -16429.150110085175, 0.11092882382403083, 0.26967073161022315

[-1.64267811e+04  5.17446109e-01]
0.5174461090791738, -16426.781140811727, 0.11092930650393909, 0.26967073156154553

[-1.64269282e+04  5.17451887e-01]
0.5174518867279403, -16426.928237364336, 0.11092964435457885, 0.26967073155152194

[-1.64218961e+04  5.17456839e-01]
0.5174568388029002, -16421.89610571222, 0.1109299339598256, 0.2696707316315939

[-1.64273366e+04  5.17442601e-01]
0.5174426012454205, -16427.336608991936, 0.1109291013585039, 0.26967073159018173

[-1.64237096e+04  5.17452093e-01]
0.517452092950407, -16423.70960680546, 0.11092965642637102, 0.2696707316454211

[-1.64264299e+04  5.17444974e-01]
0.5174449741716671, -16426.429858445317, 0.1109292401185786, 0.26967073160680144

[-1.64255231e+04  5.17447347e-01]
0.5174473470979137, -16425.523107898698, 0.11092937890113487, 0.26967073161860816

[-1.64271324e+04  5.17447244e-01]
0.5174472439866804, -16427.132423178136, 0.11092937285970968, 0.26967073164368904

[-1.64253189e+04  5.17451990e-01]
0.5174519898391736, -16425.318922084898, 0.11092965039839668, 0.26967073158204835

[-1.64267241e+04  5.17456529e-01]
0.5174565294692002, -16426.72405155054, 0.11092991586111013, 0.26967073162065774

[-1.64258233e+04  5.17449643e-01]
0.5174496426907353, -16425.82334381166, 0.11092951313599718, 0.2696707316403917

[-1.64261236e+04  5.17451938e-01]
0.517451938283557, -16426.12357972462, 0.11092964737154651, 0.26967073159417215

[-1.64262257e+04  5.17449617e-01]
0.517449616912927, -16426.225672631517, 0.11092951162713661, 0.269670731640428

[-1.64268261e+04  5.17454208e-01]
0.5174542080985702, -16426.82614445744, 0.1109297801054716, 0.26967073162281446

[-1.6426676e+04  5.1745306e-01]
0.5174530603021594, -16426.676026500958, 0.11092971299768452, 0.2696707316120392

[-1.64263758e+04  5.17450765e-01]
0.5174507647093378, -16426.375790587997, 0.11092957874981738, 0.2696707315982369

[-1.64264508e+04  5.17451339e-01]
0.5174513386075432, -16426.450849566238, 0.1109296123015505, 0.2696707316094922

[-1.64265259e+04  5.17451913e-01]
0.5174519125057486, -16426.525908544478, 0.11092964586676514, 0.26967073161408556

[-1.64268021e+04  5.17452474e-01]
0.5174524735150499, -16426.802131932647, 0.11092967867625894, 0.2696707316335573

[-1.64266520e+04  5.17451326e-01]
0.517451325718639, -16426.652013976167, 0.1109296115623149, 0.26967073160295185

[-1.64270543e+04  5.17451300e-01]
0.5174512999408307, -16427.05434279603, 0.110929610049922, 0.2696707316421741

[-1.64266580e+04  5.17451759e-01]
0.5174517593645191, -16426.658017107366, 0.11092963691471153, 0.2696707316471374

[-1.64267901e+04  5.17451606e-01]
0.5174516062232897, -16426.790125670253, 0.11092962795687288, 0.2696707316236451

[-1.64267271e+04  5.17451900e-01]
0.5174518996168445, -16426.727072954407, 0.1109296451196662, 0.2696707316405819

[-1.64269913e+04  5.17451593e-01]
0.5174515933343855, -16426.991290080183, 0.11092962721066128, 0.26967073161126964

[-1.64271294e+04  5.17451874e-01]
0.5174518738390361, -16427.12940177427, 0.11092964360470484, 0.2696707315841049

[-1.64270663e+04  5.17452167e-01]
0.5174521672325909, -16427.066349058423, 0.11092966076128921, 0.26967073161280125

[-1.64270101e+04  5.17451737e-01]
0.5174517368089369, -16427.010054824743, 0.11092963559870582, 0.26967073160683763

[-1.64270476e+04  5.17452024e-01]
0.5174520237580396, -16427.047584313863, 0.1109296523728375, 0.26967073163199556

[-1.64270194e+04  5.17451809e-01]
0.5174518085462125, -16427.01943719702, 0.11092963978848977, 0.26967073163257405

[-1.64270288e+04  5.17451880e-01]
0.5174518802834882, -16427.028819569303, 0.11092964398623059, 0.2696707316278526

[-1.64269691e+04  5.17451812e-01]
0.5174518117684386, -16426.96914609454, 0.11092963997639792, 0.269670731598271

[-1.64268686e+04  5.17451818e-01]
0.5174518182128907, -16426.868563889573, 0.11092964035393428, 0.2696707316472713

[-1.64269888e+04  5.17451865e-01]
0.5174518647658388, -16426.98875564937, 0.11092964308407557, 0.26967073157096266

[-1.64269478e+04  5.17451940e-01]
0.5174519397253405, -16426.947846919167, 0.1109296474551732, 0.26967073161617083

[-1.64269638e+04  5.17451844e-01]
0.5174518437576641, -16426.9638213007, 0.11092964184550072, 0.26967073158594906

[-1.64269532e+04  5.17451908e-01]
0.517451907736115, -16426.95317171301, 0.11092964559207165, 0.26967073159301136

[-1.64269612e+04  5.17451860e-01]
0.5174518597522768, -16426.961158903774, 0.11092964278470756, 0.26967073158649807

[-1.64269585e+04  5.17451876e-01]
0.5174518757468896, -16426.958496506853, 0.11092964371829311, 0.26967073160506577

[-1.64269460e+04  5.17451865e-01]
0.5174518652428022, -16426.946029332517, 0.1109296431030344, 0.2696707316162423

[-1.64269407e+04  5.17451897e-01]
0.5174518972320277, -16426.94070453867, 0.11092964497438461, 0.2696707316113687

[-1.64269420e+04  5.17451889e-01]
0.5174518892347213, -16426.94203573713, 0.11092964451702679, 0.2696707316396428

[-1.64269434e+04  5.17451881e-01]
0.5174518812374149, -16426.943366935593, 0.1109296440413001, 0.2696707316055683

[-1.64269371e+04  5.17451876e-01]
0.5174518759853712, -16426.937133348427, 0.11092964373748634, 0.26967073159826604

[-1.64269220e+04  5.17451881e-01]
0.5174518814758966, -16426.922003777174, 0.11092964405607997, 0.2696707316237656

[-1.64269380e+04  5.17451881e-01]
0.5174518812970353, -16426.93802614599, 0.1109296440466586, 0.2696707315883697

[-1.64269291e+04  5.17451892e-01]
0.5174518920396043, -16426.929130161898, 0.11092964467020117, 0.2696707316188074

[-1.64269351e+04  5.17451880e-01]
0.5174518799989295, -16426.935132551793, 0.11092964397347041, 0.2696707316032285

[-1.64269331e+04  5.17451884e-01]
0.5174518840124878, -16426.933131755162, 0.11092964420507043, 0.2696707316455653

[-1.64269327e+04  5.17451881e-01]
0.5174518813566558, -16426.932685356383, 0.1109296440437363, 0.2696707315982016

[-1.64269278e+04  5.17451884e-01]
0.5174518840721083, -16426.927790965558, 0.11092964419998272, 0.26967073159266136

[-1.64269233e+04  5.17451889e-01]
0.5174518894433928, -16426.92334297351, 0.11092964452076434, 0.2696707316459225

[-1.64269303e+04  5.17451883e-01]
0.51745188337834, -16426.930349760667, 0.11092964416974509, 0.2696707316275674

[-1.64269280e+04  5.17451885e-01]
0.5174518854000243, -16426.928014164947, 0.11092964428881198, 0.26967073159070515

[-1.64269305e+04  5.17451884e-01]
0.517451884042298, -16426.93046136036, 0.11092964421210046, 0.2696707315751674

[-1.64269307e+04  5.17451885e-01]
0.5174518853702139, -16426.93068455975, 0.11092964428191113, 0.269670731606597

[-1.64269287e+04  5.17451885e-01]
0.5174518853925717, -16426.928681763646, 0.11092964428793489, 0.2696707316503478

[-1.64269293e+04  5.17451885e-01]
0.5174518853851191, -16426.929349362348, 0.11092964428697288, 0.2696707315993126

[-1.64269281e+04  5.17451886e-01]
0.5174518860639823, -16426.928125764643, 0.11092964432564884, 0.2696707316546378

[-1.64269295e+04  5.17451886e-01]
0.5174518860490771, -16426.92946096204, 0.11092964432404179, 0.26967073162139465

[-1.64269291e+04  5.17451886e-01]
0.5174518860528033, -16426.92912716269, 0.11092964431538747, 0.2696707315799972

[-1.64269280e+04  5.17451887e-01]
0.5174518873956246, -16426.928015164674, 0.11092964440105106, 0.26967073165010047

[-1.64269290e+04  5.17451886e-01]
0.5174518858877455, -16426.92901581293, 0.11092964431710119, 0.2696707316094863

[-1.64269287e+04  5.17451886e-01]
0.5174518863903719, -16426.92868226351, 0.11092964433653177, 0.2696707315787867

[-1.64269288e+04  5.17451886e-01]
0.5174518860565297, -16426.928793363342, 0.11092964431461723, 0.26967073161929955


------------------------------------------------------------
Sender: LSF System <lsfadmin@n-62-21-24>
Subject: Job 1708258: <minimize_batch_job_this_is_on_purpose_to_utilize_more_kernel> in cluster <dcc> Done

Job <minimize_batch_job_this_is_on_purpose_to_utilize_more_kernel> was submitted from host <gbarlogin2> by user <s174007> in cluster <dcc> at Thu Jan 10 17:20:28 2019
Job was executed on host(s) <n-62-21-24>, in queue <hpc>, as user <s174007> in cluster <dcc> at Thu Jan 10 17:20:29 2019
</zhome/b0/b/127184> was used as the home directory.
</zhome/b0/b/127184/Documents/Projects/machine-learning-on-materials> was used as the working directory.
Started at Thu Jan 10 17:20:29 2019
Terminated at Thu Jan 10 18:20:39 2019
Results reported at Thu Jan 10 18:20:39 2019

Your job looked like:

------------------------------------------------------------
# LSBATCH: User input
#!/bin/bash
##Kør på cpu
#BSUB -q hpc
##Navn på job
#BSUB -J minimize_batch_job_this_is_on_purpose_to_utilize_more_kernel
##Output fil
#BSUB -o output/minimize/linear_GP_deep_batchjobs-%J.out
##Antal kerner
#BSUB -n 1
##Om kernerne må være på forskellige computere
#BSUB -R "span[hosts=1]"
##Ram pr kerne
#BSUB -R "rusage[mem=10GB]"
##Hvor lang tid må den køre hh:mm
#BSUB -W 45:00
##Email når jobbet starter
##og stopper
module purge
module load python3
python3 KRR/minimizer.py linear 10 GP deep [-10000]
------------------------------------------------------------

Successfully completed.

Resource usage summary:

    CPU time :                                   3607.79 sec.
    Max Memory :                                 1487 MB
    Average Memory :                             1243.98 MB
    Total Requested Memory :                     10240.00 MB
    Delta Memory :                               8753.00 MB
    Max Swap :                                   -
    Max Processes :                              4
    Max Threads :                                5
    Run time :                                   3612 sec.
    Turnaround time :                            3611 sec.

The output (if any) is above this job summary.

