Unloaded module: latex/TeXLive12
Loaded module: python3/3.6.2
[5]
[5.0]
[5. 1.]
1.0, 5.0, 0.1161049167191787, 0.26368150041432564

[5.25 1.  ]
1.0, 5.25, 0.11610553474946941, 0.2636831824635596

[5.   1.05]
1.05, 5.0, 0.11773758385418996, 0.26373788592222036

[5.25 0.95]
0.95, 5.25, 0.11443158854482867, 0.2636389244757742

[5.375 0.9  ]
0.8999999999999999, 5.375, 0.11271480571093985, 0.2636091205039517

[5.125 0.9  ]
0.8999999999999999, 5.125, 0.1127142647308821, 0.26360757009792546

[5.0625 0.85  ]
0.8499999999999996, 5.0625, 0.11095208164071257, 0.2635921178185393

[5.4375 0.75  ]
0.7499999999999996, 5.4375, 0.10728579496074292, 0.26361957652284224

[5.328125 0.8125  ]
0.8124999999999996, 5.328125, 0.10960037227870496, 0.26359389284979473

[5.015625 0.7625  ]
0.7624999999999993, 5.015625, 0.10775419652341005, 0.2636093736689142

[5.28515625 0.865625  ]
0.8656249999999998, 5.28515625, 0.11150815189104529, 0.2635964354939397

[5.10546875 0.796875  ]
0.7968749999999994, 5.10546875, 0.10902849049386616, 0.2635957643168293

[5.15039062 0.8140625 ]
0.8140624999999995, 5.150390625, 0.10965690090469757, 0.2635926067434355

[4.88476562 0.8515625 ]
0.8515624999999996, 4.884765625, 0.1110074377916724, 0.26359112898755094

[4.66308594 0.87109375]
0.8710937499999996, 4.6630859375, 0.1117000768141443, 0.2635935911705302

[4.796875 0.8875  ]
0.8874999999999997, 4.796875, 0.1122772637161111, 0.2636000115647233

[5.06201172 0.83242187]
0.8324218749999995, 5.06201171875, 0.11032155550866152, 0.2635908920076054

[4.88427734 0.83398437]
0.8339843749999996, 4.88427734375, 0.11037743836846176, 0.2635897139793911

[4.79516602 0.82597656]
0.8259765624999993, 4.795166015625, 0.11008828322348112, 0.26358918553148

[4.97241211 0.80683594]
0.8068359374999994, 4.972412109375, 0.109393045952864, 0.26359262355728896

[4.90667725 0.84038086]
0.8403808593749995, 4.90667724609375, 0.11060741665032658, 0.2635901266229312

[4.63983154 0.83393555]
0.8339355468749993, 4.63983154296875, 0.11037507906242654, 0.26358792041776435

[4.42874146 0.83469238]
0.8346923828124992, 4.428741455078125, 0.11040175260331005, 0.26358622870945747

[4.31723022 0.82028809]
0.820288085937499, 4.317230224609375, 0.10988101493739798, 0.2635857392979418

[4.02250671 0.8102417 ]
0.8102416992187487, 4.0225067138671875, 0.10951476736545498, 0.2635842199066471

[3.65608215 0.81895752]
0.8189575195312486, 3.6560821533203125, 0.10983045621714438, 0.26357897720019435

[3.08654022 0.815448  ]
0.8154479980468734, 3.0865402221679688, 0.10970024740779069, 0.26357113734568927

[2.68030548 0.79099731]
0.7909973144531228, 2.6803054809570312, 0.10880295163248013, 0.26356879702072994

[1.80608749 0.76914978]
0.7691497802734344, 1.8060874938964844, 0.10798449298244354, 0.2635496267484283

[0.870121   0.77435608]
0.7743560791015591, 0.8701210021972656, 0.10814941388679766, 0.2634573487090235

[-0.70607185  0.75641327]
0.7564132690429641, -0.7060718536376953, 0.10761780405861159, 0.2639000047912951

[-0.41033173  0.72805786]
0.7280578613281201, -0.41033172607421875, 0.10660823790889294, 0.264127426238681

[2.21232224 0.79360046]
0.7936004638671851, 2.212322235107422, 0.10889465091461929, 0.26355537124127143

[0.46388626 0.7499054 ]
0.7499053955078084, 0.4638862609863281, 0.10719285847073415, 0.26333556217396686

[-0.41033173  0.72805786]
0.7280578613281199, -0.41033172607421875, 0.10660823790889294, 0.26412742623868113

[-0.47208023  0.75511169]
0.7551116943359331, -0.4720802307128906, 0.10761491536472946, 0.26404426164705197

[1.23654556 0.76564026]
0.7656402587890591, 1.2365455627441406, 0.10784118178972041, 0.26351253316505435

[0.0974617  0.75862122]
0.7586212158203084, 0.09746170043945312, 0.10729793008355588, 0.26261057154806416

[-0.47208023  0.75511169]
0.7551116943359328, -0.4720802307128906, 0.10761491536472954, 0.2640442616470499

[-0.30877304  0.73417053]
0.7341705322265577, -0.3087730407714844, 0.10690125593594663, 0.26431001498263884

[0.57539749 0.76430969]
0.7643096923828088, 0.5753974914550781, 0.1077493177599867, 0.2633804734200108

[-0.01404953  0.74421692]
0.7442169189453081, -0.014049530029296875, 0.10678884817722845, 0.2620565195991683

[-0.30877304  0.73417053]
0.7341705322265577, -0.3087730407714844, 0.10690125593594663, 0.26431001498263884

[-0.38047409  0.75293274]
0.7529327392578081, -0.3804740905761719, 0.10756889121542379, 0.26415782961854417

[0.25279617 0.75066223]
0.7506622314453084, 0.2527961730957031, 0.10715551445067807, 0.2631237693079879

[-0.169384   0.7521759]
0.7521759033203081, -0.16938400268554688, 0.1078479921387883, 0.26510421761445924

[0.14725113 0.75104065]
0.7510406494140583, 0.14725112915039062, 0.10708855177971537, 0.2628595053388273

[-0.06383896  0.75179749]
0.7517974853515582, -0.06383895874023438, 0.1114649766241027, 0.2757568020437454

[0.09447861 0.75122986]
0.7512298583984334, 0.09447860717773438, 0.1070169431572055, 0.26259853477683603

[-0.01703262  0.73682556]
0.736825561523433, -0.017032623291015625, 0.1067221992539041, 0.26256153819572137

[-0.12556076  0.72981262]
0.7298126220703078, -0.12556076049804688, 0.10726896522683317, 0.26597316429680656

[0.03946877 0.74587555]
0.745875549316402, 0.03946876525878906, 0.10666712067061823, 0.2620819505470456

[0.04245186 0.75326691]
0.753266906738277, 0.04245185852050781, 0.10695333744836442, 0.2621136349486479

[0.02758074 0.74915657]
0.749156570434566, 0.027580738067626953, 0.10674383594449076, 0.2619059274998191

[-0.02593756  0.74749794]
0.747497940063472, -0.025937557220458984, 0.10939878191564623, 0.268276528255909

[0.02311718 0.74628115]
0.7462811470031695, 0.02311718463897705, 0.10661897504080153, 0.2618382106853144

[0.06474745 0.7512208 ]
0.7512207984924273, 0.06474745273590088, 0.10694759242121188, 0.26236400978430524

[0.00564972 0.74596789]
0.7459678888320879, 0.0056497156620025635, 0.10655523459299623, 0.2615679146849379

[0.00118616 0.74309247]
0.7430924654006914, 0.0011861622333526611, 0.10645038117719823, 0.2615290461960975

[-0.01201113  0.74006041]
0.740060412883754, -0.012011125683784485, 0.10653442387950306, 0.26184829503757134

[-0.01628131  0.74277921]
0.7427792072296099, -0.016281306743621826, 0.10688568214328625, 0.26240476793064255

[0.01326756 0.74540566]
0.7454056620597795, 0.013267561793327332, 0.10655042816346445, 0.26167864457366485

[-0.00643168  0.74365469]
0.7436546921729998, -0.006431683897972107, 0.10652906517669151, 0.2615745064591497

[-0.00150687  0.74409243]
0.7440924346446948, -0.0015068724751472473, 0.1064980865664006, 0.26152129007987807

[-0.00597043  0.74121701]
0.7412170112132984, -0.00597042590379715, 0.10643041666445047, 0.26156579991932866

[-0.00306539  0.74240473]
0.7424047306179957, -0.0030653905123472214, 0.10644473030759953, 0.2615279076948978

[-0.00575843  0.7434047 ]
0.7434046998619992, -0.00575842522084713, 0.10651012528378502, 0.2615603302830653

[-5.49984630e-04  7.43170524e-01]
0.7431705240160184, -0.0005499846301972866, 0.10645888988387016, 0.2615223573965093

[0.00100853 0.74485823]
0.7448582280427174, 0.0010085334070026875, 0.10651707869316959, 0.2615267085583386

[-9.94757283e-06  7.44244854e-01]
0.744244853686537, -9.947572834789753e-06, 0.10649715700023661, 0.2615228701488238

[-0.00204691  0.7430181 ]
0.7430181049741761, -0.002046909532509744, 0.1064607996855621, 0.2615230082960921

[-5.19188063e-04  7.43938167e-01]
0.7439381665084468, -0.0005191880627535284, 0.10648760078484276, 0.26152184971296666


------------------------------------------------------------
Sender: LSF System <lsfadmin@n-62-21-104>
Subject: Job 1708354: <minimize_batch_job_this_is_on_purpose_to_utilize_more_kernel> in cluster <dcc> Done

Job <minimize_batch_job_this_is_on_purpose_to_utilize_more_kernel> was submitted from host <gbarlogin2> by user <s174007> in cluster <dcc> at Thu Jan 10 17:20:38 2019
Job was executed on host(s) <n-62-21-104>, in queue <hpc>, as user <s174007> in cluster <dcc> at Thu Jan 10 17:20:39 2019
</zhome/b0/b/127184> was used as the home directory.
</zhome/b0/b/127184/Documents/Projects/machine-learning-on-materials> was used as the working directory.
Started at Thu Jan 10 17:20:39 2019
Terminated at Thu Jan 10 18:01:11 2019
Results reported at Thu Jan 10 18:01:11 2019

Your job looked like:

------------------------------------------------------------
# LSBATCH: User input
#!/bin/bash
##Kør på cpu
#BSUB -q hpc
##Navn på job
#BSUB -J minimize_batch_job_this_is_on_purpose_to_utilize_more_kernel
##Output fil
#BSUB -o output/minimize/linear_GP_newest_batchjobs-%J.out
##Antal kerner
#BSUB -n 1
##Om kernerne må være på forskellige computere
#BSUB -R "span[hosts=1]"
##Ram pr kerne
#BSUB -R "rusage[mem=10GB]"
##Hvor lang tid må den køre hh:mm
#BSUB -W 45:00
##Email når jobbet starter
##og stopper
module purge
module load python3
python3 KRR/minimizer.py linear 1 GP newest [5]
------------------------------------------------------------

Successfully completed.

Resource usage summary:

    CPU time :                                   2430.77 sec.
    Max Memory :                                 2016 MB
    Average Memory :                             1790.86 MB
    Total Requested Memory :                     10240.00 MB
    Delta Memory :                               8224.00 MB
    Max Swap :                                   -
    Max Processes :                              4
    Max Threads :                                5
    Run time :                                   2433 sec.
    Turnaround time :                            2433 sec.

The output (if any) is above this job summary.

