Unloaded module: latex/TeXLive12
Loaded module: python3/3.6.2
[10]
[10.0]
[10.  1.]
1.0, 10.0, 0.1679677201639532, 0.2915454858558371

[10.5  1. ]
1.0, 10.5, 0.16796775597434896, 0.29154525426985933

[10.    1.05]
1.05, 10.0, 0.17075391799506015, 0.2920605766362325

[10.5   0.95]
0.95, 10.5, 0.1650749079996103, 0.29102934836423866

[10.75  0.9 ]
0.8999999999999999, 10.75, 0.16206723054355113, 0.29051311892267534

[11.25  0.9 ]
0.8999999999999999, 11.25, 0.16206726047755154, 0.29051292738132184

[11.875  0.85 ]
0.8499999999999996, 11.875, 0.1589355981313113, 0.28999709640206534

[12.125  0.75 ]
0.7499999999999996, 12.125, 0.15225788088959272, 0.28897095524240235

[12.9375  0.625 ]
0.6249999999999991, 12.9375, 0.14300077112892903, 0.28771101242858227

[14.0625  0.575 ]
0.5749999999999988, 14.0625, 0.13896412760880716, 0.28721976873033406

[15.71875  0.4125 ]
0.4124999999999983, 15.71875, 0.1242024418544847, 0.2857216346108792

[16.78125  0.1875 ]
0.18749999999999778, 16.78125, 0.09823621598235854, 0.2842621973216612

[19.234375 -0.14375 ]
-0.14375000000000315, 19.234375, 0.946991714144473, 1.0988381381941474

[19.5625 -0.025 ]
-0.02500000000000302, 19.5625, 0.21475265736128496, 0.4158491735825176

[14.59375  0.4625 ]
0.4624999999999986, 14.59375, 0.12904238376947239, 0.2861615158636606

[17.90625  0.1375 ]
0.1374999999999975, 17.90625, 0.09148276347949737, 0.28417878633647387

[19.5625 -0.025 ]
-0.02500000000000302, 19.5625, 0.21475265736128496, 0.4158491735825176

[18.96875 -0.0875 ]
-0.08750000000000302, 18.96875, 1.1722404330148346, 1.0835911291734124

[16.53125  0.2875 ]
0.287499999999998, 16.53125, 0.110698582716104, 0.284764354870483

[18.15625  0.0375 ]
0.03749999999999731, 18.15625, 0.07848350524193422, 0.2848139206094474

[16.9375  0.225 ]
0.2249999999999978, 16.9375, 0.10308892113181926, 0.28440984991953433

[17.75  0.1 ]
0.09999999999999748, 17.75, 0.08632485576047476, 0.28424361098427114

[18.875  0.05 ]
0.04999999999999721, 18.875, 0.07985687730239888, 0.2846282540100743

[17.3046875  0.153125 ]
0.15312499999999762, 17.3046875, 0.09362056074362197, 0.2841877091786897

[17.4609375  0.190625 ]
0.19062499999999766, 17.4609375, 0.09864841049310918, 0.28427208081091837

[17.67773438  0.12265625]
0.12265624999999752, 17.677734375, 0.08943940580125409, 0.2841882413492602

[17.53320312  0.16796875]
0.1679687499999976, 17.533203125, 0.09563081428077608, 0.2842114514811219

[17.64160156  0.13398437]
0.13398437499999755, 17.6416015625, 0.09099953094920257, 0.2841793580152303

[18.24316406  0.11835937]
0.11835937499999744, 18.2431640625, 0.08884719568861464, 0.2841946199232865

[17.53930664  0.14443359]
0.1444335937499976, 17.539306640625, 0.09243367093626381, 0.284180548137988

[18.00854492  0.12705078]
0.12705078124999747, 18.008544921875, 0.09004500063295633, 0.2841834363633861

[17.65661621  0.14008789]
0.14008789062499755, 17.6566162109375, 0.09183804034760287, 0.28417902150093766

[17.92126465  0.14360352]
0.1436035156249975, 17.9212646484375, 0.09232000383767017, 0.2841801227270966

[17.71151733  0.13638916]
0.13638916015624752, 17.711517333984375, 0.09133014266736636, 0.28417886710259066

[17.96115112  0.13380127]
0.1338012695312475, 17.961151123046875, 0.09097434914004078, 0.284179393131063

[17.73274994  0.13851624]
0.13851623535156005, 17.732749938964844, 0.0916223231362855, 0.2841788213710047

[17.9274826   0.13962708]
0.13962707519531004, 17.92748260498047, 0.09177480913353833, 0.28417892627951097

[17.76550865  0.13719864]
0.13719863891601314, 17.7655086517334, 0.09144136461556365, 0.28417880441230087

[17.93900871  0.1361824 ]
0.1361824035644506, 17.939008712768555, 0.09130173103635865, 0.28417887543761294

[17.78431463  0.13793278]
0.13793277740478269, 17.78431463241577, 0.09154220358857425, 0.2841787945115352

[17.92505598  0.13823414]
0.1382341384887671, 17.925055980682373, 0.0915835900111384, 0.2841787938800222

[18.04699135  0.13780136]
0.13780136108398192, 18.0469913482666, 0.09152415727583095, 0.2841787755695687

[18.17832971  0.13773565]
0.13773565292358153, 18.178329706192017, 0.09151513372602563, 0.28417876680082027

[18.15952373  0.13700151]
0.13700151443481196, 18.159523725509644, 0.09141428670707724, 0.2841787881326908

[18.10090679  0.13730967]
0.13730967044830072, 18.100906789302826, 0.09145662047144365, 0.28417877827012505

[18.3729865   0.13754532]
0.13754532337188474, 18.372986495494843, 0.09148899316443425, 0.2841787555685452

[18.60635474  0.13756799]
0.13756798505782836, 18.606354743242264, 0.09149210788761442, 0.28417874080918376

[18.68377766  0.13799397]
0.13799396753310916, 18.683777660131454, 0.09155061494893249, 0.2841787382519965

[18.9752131   0.13833612]
0.13833611607551338, 18.97521309554577, 0.09159760212898778, 0.2841787328602921

[19.40323813  0.13816845]
0.1381684482097602, 19.403238132596016, 0.09157458172917633, 0.284178701117304

[20.01569235  0.13838485]
0.13838484585284955, 20.015692345798016, 0.09160430126060472, 0.28417867711960487

[20.3845507   0.13915298]
0.13915297687053457, 20.38455069810152, 0.09170975872105927, 0.2841787211047315

[21.42502995  0.13920171]
0.13920170664787074, 21.425029948353767, 0.09171645449514815, 0.2841786759459149

[22.64993837  0.1396345 ]
0.13963450193404942, 22.649938374757767, 0.0917758624537109, 0.28417867954479226

[21.0561716   0.13843358]
0.1384335756301857, 21.056171596050262, 0.09161099947119926, 0.28417862730333393

[21.39198205  0.13807388]
0.13807387501001128, 21.391982045024633, 0.09156160834804272, 0.2841785963949448

[22.80131965  0.13889074]
0.13889073580503247, 22.801319647580385, 0.09167377540224755, 0.28417858375106547

[24.1941333   0.13914368]
0.13914368078112394, 24.19413329847157, 0.0917085052812128, 0.28417855564618955

[24.1610854   0.13801585]
0.13801584914326448, 24.161085395142436, 0.09155365522404314, 0.2841784811865829

[25.52911312  0.13742292]
0.13742292039096138, 25.52911311853677, 0.09147222386813146, 0.28417843441390694

[28.33126437  0.13849273]
0.13849272616207403, 28.331264371983707, 0.09161915669171444, 0.2841783715770628

[31.80090554  0.13870215]
0.1387021517381054, 31.800905535463244, 0.09164792163324025, 0.284178303973537

[33.13588536  0.13698139]
0.13698139134794285, 33.135885355528444, 0.09141159383242148, 0.2841782622915929

[37.60676138  0.13590025]
0.1359002466313523, 37.60676138405688, 0.09126303535804849, 0.2841782973385453

[39.40767777  0.13826062]
0.13826062269508688, 39.40767777245492, 0.09158731521940305, 0.2841781490310416

[46.3469601   0.13867947]
0.13867947384714963, 46.34696009941399, 0.09164483691339359, 0.2841780924242122

[47.68193992  0.13695871]
0.13695871345698707, 47.68193991947919, 0.09140850468278931, 0.28417806872856777

[55.62245711  0.13608699]
0.1360869943164279, 55.622457111487165, 0.09128872694006208, 0.2841780895126497

[60.89301466  0.1386568 ]
0.13865679595619385, 60.89301466336474, 0.09164173840640284, 0.28417798118581944

[74.77157932  0.1394945 ]
0.13949449826031934, 74.77157931728289, 0.09175673860446236, 0.28417800375290114

[62.22799448  0.13693604]
0.1369360355660313, 62.22799448342994, 0.09140540308224022, 0.28417796635368714

[70.16851168  0.13606432]
0.13606431642547212, 70.16851167543791, 0.09128562084444021, 0.28417801377424423

[75.43906923  0.13863412]
0.13863411806523807, 75.43906922731549, 0.09163863406897736, 0.2841779122560966

[89.31763388  0.13947182]
0.13947182036936356, 89.31763388123363, 0.09175363255683655, 0.28417795426895226

[76.77404905  0.13691336]
0.1369133576750755, 76.77404904738069, 0.09140229609128252, 0.2841779033589539

[84.71456624  0.13604164]
0.13604163853451634, 84.71456623938866, 0.09128251104763536, 0.2841779651244501

[89.98512379  0.13861144]
0.13861144017428229, 89.98512379126623, 0.09163552671372845, 0.284177865136828

[103.86368845   0.13944914]
0.13944914247840778, 103.86368844518438, 0.09175052468792029, 0.28417791782853485

[91.32010361  0.13689068]
0.13689067978411973, 91.32010361133143, 0.091399186272278, 0.2841778609474893

[99.2606208   0.13601896]
0.13601896064356056, 99.2606208033394, 0.09127939916516457, 0.2841779316727886

[104.53117836   0.13858876]
0.1385887622833265, 104.53117835521698, 0.0916324175877779, 0.28417783074099845

[118.40974301   0.13942646]
0.139426464587452, 118.40974300913513, 0.09174741565716325, 0.2841778896350406

[105.86615818   0.136868  ]
0.13686800189316395, 105.86615817528218, 0.09139607477947546, 0.2841778306495457

[113.80667537   0.13599628]
0.13599628275260478, 113.80667536729015, 0.09127628598646031, 0.28417790760598227

[119.07723292   0.13856608]
0.13856608439237073, 119.07723291916773, 0.09162930732893802, 0.2841778044186806

[132.95579757   0.13940379]
0.13940378669649622, 132.95579757308587, 0.09174430583561186, 0.28417786699666

[120.41221274   0.13684532]
0.13684532400220817, 120.41221273923293, 0.09139296220936442, 0.28417780809068927

[133.62328748   0.13854341]
0.13854340650141495, 133.62328748311847, 0.09162619629727979, 0.28417778354727713

[1.47501852e+02 1.39381109e-01]
0.13938110880554044, 147.50185213703662, 0.09174119544792574, 0.28417784828251413

[132.28830766   0.14026417]
0.1402641668915775, 132.28830766305327, 0.09186237023865323, 0.2841780077993445

[123.38123647   0.13770003]
0.1377000347245505, 123.38123647018801, 0.09151037759229329, 0.28417777185992865

[1.37927291e+02 1.37677357e-01]
0.13767735683359472, 137.92729103413876, 0.09150726524635092, 0.28417775383163496

[1.47352320e+02 1.37232993e-01]
0.13723299305420672, 147.35232009162428, 0.09144622711872143, 0.2841777542370557

[127.68524002   0.13683399]
0.13683398505673028, 127.6852400212083, 0.09139140563246026, 0.2841777988930885

[132.13877562   0.13811605]
0.13811605114024378, 132.13877561764093, 0.09156751413759803, 0.28417776575446363

[1.46684830e+02 1.38093373e-01]
0.138093373249288, 146.68483018159168, 0.09156440203031255, 0.2841777491810004

[1.58336627e+02 1.38290043e-01]
0.13829004251165677, 158.3366270372935, 0.09159141052725958, 0.2841777454016313

[1.64125142e+02 1.37851348e-01]
0.13785134820500772, 164.12514245379134, 0.09153116570385153, 0.2841777295157899

[1.80118326e+02 1.37718997e-01]
0.1377189967373897, 180.11832587186655, 0.09151298942037994, 0.2841777176467845

[2.00527662e+02 1.38331682e-01]
0.13833168241545174, 200.5276618750213, 0.09159713218921652, 0.28417771901130784

[2.22309361e+02 1.37760637e-01]
0.13776063664118465, 222.30936070959433, 0.0915187116293354, 0.2841776952671942

[2.54295728e+02 1.37495934e-01]
0.1374959337059486, 254.29572754574474, 0.09148235522182155, 0.2841776857845325

[2.33886392e+02 1.36883248e-01]
0.13688324802788654, 233.88639154259, 0.09139818444442419, 0.2841777201426002

[2.08867344e+02 1.37969574e-01]
0.13796957381856045, 208.86734429191347, 0.09154740638923108, 0.28417770333285947

[2.83044746e+02 1.37746511e-01]
0.13774651078711936, 283.04474596579166, 0.09151677428407344, 0.28417767478508504

[3.34507956e+02 1.37760268e-01]
0.1377602678119842, 334.5079560127542, 0.09151866534922899, 0.2841776632586322

[3.79936339e+02 1.37286628e-01]
0.13728662769937233, 379.9363392665855, 0.09145360717095989, 0.2841776641341541

[4.60148568e+02 1.37550962e-01]
0.13755096180540793, 460.148567733595, 0.09148991897991364, 0.2841776474959764

[5.63074988e+02 1.37578476e-01]
0.1375784758551376, 563.0749878275201, 0.09149369939927199, 0.2841776386777072

[5.17646605e+02 1.38052116e-01]
0.13805211596774947, 517.6466045736888, 0.09155875041119843, 0.28417764439960486

[7.46213636e+02 1.37870324e-01]
0.13787032401090288, 746.2136363884547, 0.09153378565909445, 0.2841776288319282

[9.52066477e+02 1.37925352e-01]
0.13792535211036222, 952.0664765763049, 0.09154134400584259, 0.28417762331048657

[9.97494860e+02 1.37451712e-01]
0.13745171199775036, 997.4948598301362, 0.09147628928874373, 0.2841776246287185

[1.38648635e+03 1.37798588e-01]
0.13779858825297497, 1386.486348578921, 0.09152393507856622, 0.28417761523268337

[1.79819203e+03 1.37908644e-01]
0.13790864445189366, 1798.1920289546215, 0.0915390508451482, 0.28417761260566166

[1.75276365e+03 1.38382285e-01]
0.13838228456450552, 1752.7636457007902, 0.09160409336465028, 0.2841776275983157

[1.18631206e+03 1.37684355e-01]
0.13768435513943916, 1186.3120562977997, 0.0915082450510496, 0.2841776178898766

[2.03243761e+03 1.37667647e-01]
0.1376676474809706, 2032.4376086761163, 0.09150595124675862, 0.28417761055525154

[2.57262317e+03 1.37538795e-01]
0.13753879516627476, 2572.6231747260217, 0.09148825295400846, 0.2841776098433207

[3.18450315e+03 1.37763084e-01]
0.13776308447872926, 3184.5031473828435, 0.09151905997329153, 0.28417760649509216

[4.18359869e+03 1.37802449e-01]
0.1378024491483743, 4183.598692925366, 0.09152446674912326, 0.2841776049991535

[4.95802984e+03 1.37432600e-01]
0.1374325998627554, 4958.029838696766, 0.09147366627849315, 0.28417760806532

[6.56900536e+03 1.37696254e-01]
0.13769625384485495, 6569.005356896111, 0.09150988135559932, 0.2841776032036875

[8.56719645e+03 1.37774983e-01]
0.13777498318414505, 8567.196447981156, 0.09152069478494965, 0.28417760235038664

[7.79276530e+03 1.38144832e-01]
0.13814483246976395, 7792.765302209755, 0.0915714881861854, 0.2841776086276849

[5.66671370e+03 1.37610658e-01]
0.13761065801450756, 5666.713704575013, 0.0914981244535599, 0.28417760434108286

[1.00503115e+04 1.37583192e-01]
0.1375831920502783, 10050.311459630804, 0.09149435205752497, 0.2841776029849157

[1.29507942e+04 1.37747517e-01]
0.1377475172199158, 12950.794203036945, 0.09151692253469941, 0.2841776014284373

[1.65928345e+04 1.37815947e-01]
0.13781594682261988, 16592.83445226791, 0.09152632109251133, 0.2841776013326006

[1.51097194e+04 1.38007738e-01]
0.13800773795648663, 15109.719440618264, 0.09155266133217027, 0.2841776039017265

[1.13151635e+04 1.37689329e-01]
0.13768932852683038, 11315.16345487767, 0.09150893033483117, 0.2841776019011941

[1.93408015e+04 1.37730292e-01]
0.1377302921653052, 19340.801459164424, 0.0915145567898402, 0.2841776010456143

[2.47276040e+04 1.37707947e-01]
0.13770794665588526, 24727.603964756057, 0.09151148767623843, 0.2841776009516807

[3.00052750e+04 1.37834565e-01]
0.13783456495167476, 30005.274962146294, 0.09152887825148122, 0.28417760076881227

[3.93503307e+04 1.37907183e-01]
0.13790718316409695, 39350.33071578061, 0.09153885169765522, 0.2841776014406311

[3.81400445e+04 1.37726565e-01]
0.13772656478494016, 38140.044474634444, 0.09151404494218829, 0.28417760031558126

[4.89136495e+04 1.37681874e-01]
0.1376818737661003, 48913.6494858177, 0.0915079066103405, 0.2841776003719581

[4.34177155e+04 1.37853183e-01]
0.1378531830807297, 43417.715472024676, 0.09153143530088394, 0.28417760090637184

[3.87451876e+04 1.37816874e-01]
0.13781687397451858, 38745.18759520752, 0.09152644855163002, 0.28417760023269434

[4.68799571e+04 1.37708874e-01]
0.137708873807784, 46879.95710769567, 0.09151161508187354, 0.28417759989340574

[5.53172982e+04 1.37646028e-01]
0.1376460282358386, 55317.29818047036, 0.09150298319497636, 0.28417760079103654

[4.74851002e+04 1.37799183e-01]
0.13779918299736238, 47485.100228268755, 0.0915240188205726, 0.28417760042881274

[4.04763084e+04 1.37744719e-01]
0.13774471933804572, 40476.30841304302, 0.0915165384121265, 0.28417760034672923

[4.28125724e+04 1.37762874e-01]
0.13776287389115127, 42812.5723514516, 0.09151903189778185, 0.2841776008501845

[4.25100008e+04 1.37717719e-01]
0.13771771929636206, 42510.00079116506, 0.09151283003580107, 0.2841776003321292

[4.65773855e+04 1.37663719e-01]
0.1376637192129948, 46577.38554740914, 0.09150541304784506, 0.284177600605392

[4.56361822e+04 1.37688508e-01]
0.13768850788253392, 45636.182248419755, 0.09150881782702104, 0.28417760042696316

[4.37537757e+04 1.37738085e-01]
0.13773808522161216, 43753.775650440984, 0.09151562722061699, 0.28417760071575965

[4.51655806e+04 1.37700902e-01]
0.13770090221730347, 45165.580598925066, 0.09151052018416735, 0.2841776008185318

[4.46949789e+04 1.37713297e-01]
0.13771329655207304, 44694.97894943037, 0.0915122225453145, 0.28417760031962175

[4.62580697e+04 1.37698691e-01]
0.13769869084515896, 46258.06967805771, 0.09151021645646865, 0.28417760048186047

[4.53168664e+04 1.37723480e-01]
0.1377234795146981, 45316.86637906832, 0.09151362113267102, 0.2841776004442705

[4.55521672e+04 1.37717282e-01]
0.1377172823473133, 45552.16720381567, 0.09151276996860712, 0.28417759982754776

[4.77371454e+04 1.37712860e-01]
0.13771285960302426, 47737.14536208098, 0.0915121625362323, 0.2841776001458358

[4.69766038e+04 1.37712969e-01]
0.13771296884028647, 46976.603758918325, 0.09151217755182763, 0.28417760088918603

[4.62160622e+04 1.37713078e-01]
0.13771307807754865, 46216.06215575567, 0.09151219252914525, 0.284177600646548

[4.51235731e+04 1.37715289e-01]
0.1377152894496932, 45123.57307662302, 0.09151249624493829, 0.2841776000850838

[4.44596781e+04 1.37719494e-01]
0.13771949371945788, 44459.67812468301, 0.09151307375218243, 0.28417760008039683

[4.48882723e+04 1.37721487e-01]
0.137721486617078, 44888.27225187566, 0.09151334743699628, 0.28417760019052385

[4.50647479e+04 1.37716839e-01]
0.1377168387415394, 45064.74787043618, 0.09151270908931285, 0.2841776001294785

[4.50059227e+04 1.37718388e-01]
0.1377183880333856, 45005.92266424934, 0.09151292186912248, 0.2841776001036141

[4.53378701e+04 1.37716286e-01]
0.13771628589850327, 45337.87014021934, 0.0915126331125346, 0.2841776008239511

[4.52202197e+04 1.37719384e-01]
0.13771938448219567, 45220.21972784566, 0.09151305869977579, 0.28417760054306634

[4.52496323e+04 1.37718610e-01]
0.13771860983627257, 45249.63233093909, 0.09151295238089456, 0.2841776007087599

[4.52790449e+04 1.37717835e-01]
0.13771783519034947, 45279.0449340325, 0.09151284590910082, 0.28417760003908066

[4.54450187e+04 1.37716784e-01]
0.13771678412290828, 45445.018672017504, 0.09151270155575074, 0.28417760051584423

[4.53861935e+04 1.37718333e-01]
0.13771833341475453, 45386.19346583066, 0.09151291433018212, 0.2841776002411494

[4.54008998e+04 1.37717946e-01]
0.13771794609179297, 45400.899767377385, 0.09151286115980486, 0.2841776001625586

[4.54303124e+04 1.37717171e-01]
0.13771717144586984, 45430.31237047078, 0.09151275474845239, 0.284177599584988

[4.54450187e+04 1.37716784e-01]
0.13771678412290828, 45445.0186720175, 0.09151270155111137, 0.2841776000806707

[4.57034346e+04 1.37716619e-01]
0.13771661860283368, 45703.43464025395, 0.09151267881085487, 0.2841775999813548

[4.55973372e+04 1.37716923e-01]
0.13771692274971262, 45597.33721369859, 0.09151272060040673, 0.28417760043655466

[4.54912398e+04 1.37717227e-01]
0.13771722689659158, 45491.239787143226, 0.09151276235631374, 0.2841776001193612

[4.53546787e+04 1.37717503e-01]
0.13771750331810967, 45354.67865225164, 0.0915128003381412, 0.28417760009175985

[4.52937512e+04 1.37717448e-01]
0.13771744786738796, 45293.75123557919, 0.09151279271433257, 0.2841776004656818

[4.54418676e+04 1.37717282e-01]
0.1377172821392907, 45441.86764925222, 0.09151276992856848, 0.2841776009295638

[4.53924955e+04 1.37717337e-01]
0.13771733738198977, 45392.49551136121, 0.09151277756086784, 0.2841776006215803

[4.54607761e+04 1.37717199e-01]
0.1377171991712307, 45460.776078807, 0.09151275856081843, 0.2841776003502393

[4.54985929e+04 1.37717033e-01]
0.13771703323511075, 45498.592937916575, 0.09151273575429346, 0.2841776006320264

[4.54190199e+04 1.37717261e-01]
0.13771726134527001, 45419.01986800005, 0.09151276708111365, 0.284177600269264

[4.53885562e+04 1.37717234e-01]
0.13771723361990917, 45388.55615966383, 0.09151276326626115, 0.28417760050477775

[4.54427211e+04 1.37717208e-01]
0.13771720778340032, 45442.721099021204, 0.09151275975154373, 0.28417760021985117

[4.54540136e+04 1.37717118e-01]
0.13771711788400015, 45454.01360149194, 0.09151274739697636, 0.2841776002120085

[4.54416049e+04 1.37717082e-01]
0.1377170815464697, 45441.60487294152, 0.09151274244284642, 0.2841776004529662

[4.54424420e+04 1.37717176e-01]
0.13771717622416768, 45442.44204250128, 0.09151275540319719, 0.2841776003770977

[4.54421630e+04 1.37717145e-01]
0.137717144664935, 45442.16298598136, 0.09151275105821895, 0.284177600262313

[4.54365167e+04 1.37717190e-01]
0.13771718961463508, 45436.516734745994, 0.09151275727875072, 0.28417760020793703

[4.54246661e+04 1.37717216e-01]
0.13771721639556989, 45424.666119235415, 0.0915127609272903, 0.28417760053757135

[4.54377888e+04 1.37717163e-01]
0.13771716259759373, 45437.78876929487, 0.09151275355802804, 0.2841776000482134

[4.54315844e+04 1.37717144e-01]
0.1377171444288285, 45431.58440501966, 0.09151275105008487, 0.28417760086905913

[4.54352837e+04 1.37717178e-01]
0.13771717831818342, 45435.28365231441, 0.0915127556972042, 0.2841775998157708

[4.54278073e+04 1.37717187e-01]
0.1377171871664595, 45427.80725349032, 0.0915127569088284, 0.28417760031374545

[4.54352934e+04 1.37717169e-01]
0.13771716873981016, 45435.29339034374, 0.09151275442530729, 0.28417760038034157

[4.54327980e+04 1.37717175e-01]
0.13771717488202662, 45432.798011392595, 0.0915127552056662, 0.28417760038397905

[4.54340506e+04 1.37717167e-01]
0.13771716702173178, 45434.05056988283, 0.09151275415633275, 0.28417760077782833

[4.54290598e+04 1.37717179e-01]
0.13771717930616464, 45429.05981198054, 0.09151275585976218, 0.2841776006401321

[4.54303075e+04 1.37717176e-01]
0.13771717623505642, 45430.30750145612, 0.09151275538977435, 0.2841776003901083

[4.54328029e+04 1.37717170e-01]
0.13771717009284, 45432.80288040725, 0.09151275456184817, 0.28417760091794025

[4.54309313e+04 1.37717175e-01]
0.13771717469950231, 45430.9313461939, 0.09151275522024681, 0.28417760051445856

[4.54315552e+04 1.37717173e-01]
0.13771717316394821, 45431.555190931686, 0.09151275497142368, 0.28417760027618527

[4.54303099e+04 1.37717174e-01]
0.13771717384046311, 45430.30993596345, 0.09151275506833619, 0.2841776002262288

[4.54290671e+04 1.37717172e-01]
0.1377171721223847, 45429.06711550255, 0.09151275483282138, 0.28417760034030876

[4.54309332e+04 1.37717173e-01]
0.13771717290355734, 45430.9331720744, 0.0915127549755591, 0.28417760017064175

[4.54309356e+04 1.37717171e-01]
0.13771717050896404, 45430.93560658174, 0.09151275462236486, 0.2841776009869351

[4.54304664e+04 1.37717173e-01]
0.13771717300758834, 45430.46635361802, 0.09151275494652165, 0.2841776003864838

[4.54306228e+04 1.37717172e-01]
0.13771717217471358, 45430.622771272596, 0.09151275484032928, 0.2841776003362892

[4.54303112e+04 1.37717173e-01]
0.13771717264316646, 45430.31115321712, 0.09151275492943597, 0.28417759973038337

[4.54300008e+04 1.37717172e-01]
0.13771717191432276, 45430.000752415304, 0.09151275481149618, 0.2841775999688058

[4.54301563e+04 1.37717172e-01]
0.13771717197942046, 45430.15625712963, 0.09151275482082413, 0.28417760051329355

[4.54303118e+04 1.37717172e-01]
0.13771717204451817, 45430.31176184395, 0.09151275485370963, 0.28417760027054967

[4.54304676e+04 1.37717172e-01]
0.1377171718102917, 45430.46757087169, 0.0915127548049956, 0.2841776010488849

[4.54301566e+04 1.37717172e-01]
0.13771717168009628, 45430.15656144304, 0.09151275477573807, 0.28417760077794885

[4.54302343e+04 1.37717172e-01]
0.13771717171264514, 45430.2343138002, 0.09151275480448091, 0.28417760038343404

[4.54303898e+04 1.37717172e-01]
0.13771717177774284, 45430.38981851452, 0.09151275479396247, 0.2841776003098788

[4.54303509e+04 1.37717172e-01]
0.13771717176146842, 45430.35094233595, 0.0915127547846889, 0.28417760044817103

[4.54303121e+04 1.37717172e-01]
0.137717171745194, 45430.31206615736, 0.0915127548176859, 0.28417760029863276

[4.54302733e+04 1.37717172e-01]
0.1377171715792575, 45430.27334213549, 0.09151275476894158, 0.28417760035584855

[4.54303511e+04 1.37717172e-01]
0.13771717161180635, 45430.35109449265, 0.09151275475985803, 0.28417759998938513

[4.54303514e+04 1.37717171e-01]
0.13771717131248223, 45430.35139880607, 0.09151275474678613, 0.28417760046689544

[4.54303219e+04 1.37717172e-01]
0.13771717163701605, 45430.32189931954, 0.0915127547892238, 0.2841776003013792

[4.54303317e+04 1.37717172e-01]
0.1377171715288381, 45430.33173248172, 0.09151275477208178, 0.28417760070907283

[4.54303122e+04 1.37717172e-01]
0.13771717159553193, 45430.31221831407, 0.09151275477769044, 0.2841776003019781

[4.54302929e+04 1.37717172e-01]
0.13771717151256369, 45430.29285630313, 0.09151275474116435, 0.2841776004469054

[4.54303026e+04 1.37717172e-01]
0.1377171715166323, 45430.30257534777, 0.09151275475245191, 0.2841776003876009

[4.54303220e+04 1.37717172e-01]
0.1377171715247695, 45430.32201343708, 0.09151275477240829, 0.28417760039950407

[4.54303074e+04 1.37717172e-01]
0.13771717151866658, 45430.3074348701, 0.09151275477573563, 0.28417760042964985

[4.54303123e+04 1.37717172e-01]
0.1377171715207009, 45430.312294392425, 0.0915127547680436, 0.2841776002566748

[4.54303075e+04 1.37717171e-01]
0.13771717148125107, 45430.30747290928, 0.09151275476716367, 0.284177600474833

[4.54303172e+04 1.37717171e-01]
0.1377171714853197, 45430.31719195393, 0.09151275477887783, 0.2841775996738117

[4.54303173e+04 1.37717171e-01]
0.13771717141048861, 45430.31726803229, 0.0915127547501962, 0.2841776005109883

[4.54303135e+04 1.37717171e-01]
0.13771717149314783, 45430.31353780239, 0.09151275475498825, 0.2841776000169498

[4.54303160e+04 1.37717171e-01]
0.13771717143804169, 45430.31602462233, 0.0915127547432844, 0.2841776009394973

[4.54303142e+04 1.37717171e-01]
0.1377171714793713, 45430.31415950737, 0.09151275477292316, 0.28417760005233034

[4.54303148e+04 1.37717171e-01]
0.13771717146559476, 45430.31478121236, 0.0915127547529893, 0.28417760004462955

[4.54303130e+04 1.37717171e-01]
0.13771717146950885, 45430.312954136585, 0.0915127547645947, 0.2841776006372678

[4.54303142e+04 1.37717171e-01]
0.13771717144195578, 45430.31419754656, 0.09151275478940152, 0.2841776004156556

[4.54303139e+04 1.37717171e-01]
0.13771717144884404, 45430.31388669407, 0.0915127547718972, 0.28417760046328056

[4.54303136e+04 1.37717171e-01]
0.1377171714557323, 45430.313575841574, 0.09151275473589889, 0.28417760029100614

[4.54303127e+04 1.37717171e-01]
0.13771717145768936, 45430.31266230368, 0.09151275474694377, 0.2841776011055872

[4.54303133e+04 1.37717171e-01]
0.13771717144391282, 45430.31328400868, 0.09151275476850751, 0.28417760021119154

[4.54303121e+04 1.37717171e-01]
0.13771717143405032, 45430.312078637886, 0.09151275475681545, 0.2841776000539452


------------------------------------------------------------
Sender: LSF System <lsfadmin@n-62-21-99>
Subject: Job 1708368: <minimize_batch_job_this_is_on_purpose_to_utilize_more_kernel> in cluster <dcc> Done

Job <minimize_batch_job_this_is_on_purpose_to_utilize_more_kernel> was submitted from host <gbarlogin2> by user <s174007> in cluster <dcc> at Thu Jan 10 17:20:40 2019
Job was executed on host(s) <n-62-21-99>, in queue <hpc>, as user <s174007> in cluster <dcc> at Thu Jan 10 17:20:41 2019
</zhome/b0/b/127184> was used as the home directory.
</zhome/b0/b/127184/Documents/Projects/machine-learning-on-materials> was used as the working directory.
Started at Thu Jan 10 17:20:41 2019
Terminated at Fri Jan 11 07:29:44 2019
Results reported at Fri Jan 11 07:29:44 2019

Your job looked like:

------------------------------------------------------------
# LSBATCH: User input
#!/bin/bash
##Kør på cpu
#BSUB -q hpc
##Navn på job
#BSUB -J minimize_batch_job_this_is_on_purpose_to_utilize_more_kernel
##Output fil
#BSUB -o output/minimize/linear_SimpleLarge_newest_batchjobs-%J.out
##Antal kerner
#BSUB -n 1
##Om kernerne må være på forskellige computere
#BSUB -R "span[hosts=1]"
##Ram pr kerne
#BSUB -R "rusage[mem=10GB]"
##Hvor lang tid må den køre hh:mm
#BSUB -W 45:00
##Email når jobbet starter
##og stopper
module purge
module load python3
python3 KRR/minimizer.py linear 1 SimpleLarge newest [10]
------------------------------------------------------------

Successfully completed.

Resource usage summary:

    CPU time :                                   50940.57 sec.
    Max Memory :                                 10201 MB
    Average Memory :                             9883.92 MB
    Total Requested Memory :                     10240.00 MB
    Delta Memory :                               39.00 MB
    Max Swap :                                   -
    Max Processes :                              4
    Max Threads :                                5
    Run time :                                   50942 sec.
    Turnaround time :                            50944 sec.

The output (if any) is above this job summary.

