Unloaded module: latex/TeXLive12
Loaded module: python3/3.6.2
[-10000]
[-10000.0]
[-1.e+04  1.e-02]
0.01, -10000.0, 0.08093727816814679, 0.302556878941344

[-1.05e+04  1.00e-02]
0.01, -10500.0, 0.08093727821805925, 0.30255687950408744

[-1.00e+04  1.05e-02]
0.0105, -10000.0, 0.08116891087939562, 0.30200157046531556

[-9.50e+03  1.05e-02]
0.0105, -9500.0, 0.08116891080077471, 0.30200157080390794

[-9.5e+03  1.1e-02]
0.011000000000000001, -9500.0, 0.0813985924752227, 0.30147380549920166

[-9.25e+03  1.15e-02]
0.0115, -9250.0, 0.08162638732185223, 0.30097117912301913

[-9.75e+03  1.15e-02]
0.011499999999999998, -9750.0, 0.08162638727333248, 0.30097118025499786

[-9.00e+03  1.25e-02]
0.012499999999999999, -9000.0, 0.08207655920616631, 0.3000331863455419

[-8.50e+03  1.35e-02]
0.013500000000000002, -8500.0, 0.08251988254517366, 0.29917359729853893

[-8.00e+03  1.35e-02]
0.013500000000000003, -8000.0, 0.08251988244016671, 0.2991735970754743

[-7.125e+03  1.450e-02]
0.01450000000000001, -7125.0, 0.0829567674333048, 0.2983813775820888

[-6.375e+03  1.650e-02]
0.01650000000000001, -6375.0, 0.08381265491264951, 0.2969652501447079

[-4.9375e+03  1.9000e-02]
0.019000000000000017, -4937.5, 0.0848520928013214, 0.29544676348422083

[-3.5625e+03  2.0000e-02]
0.020000000000000028, -3562.5, 0.0852592200229791, 0.29490276160761153

[-1.09375e+03  2.32500e-02]
0.02325000000000004, -1093.75, 0.08655145115161827, 0.2933338511752596

[1.09375e+03 2.77500e-02]
0.02775000000000005, 1093.75, 0.08827078313438846, 0.2915502404572746

[5.203125e+03 3.437500e-02]
0.034375000000000065, 5203.125, 0.09067567963910543, 0.2894914509776278

[9.046875e+03 3.862500e-02]
0.03862500000000009, 9046.875, 0.092149787363132, 0.2884213075535657

[1.60390625e+04 4.84375000e-02]
0.04843750000000013, 16039.0625, 0.09537865552070666, 0.2864549033287295

[2.23359375e+04 5.95625000e-02]
0.059562500000000164, 22335.9375, 0.09878911805304, 0.28479644154116607

[3.40507812e+04 7.77187500e-02]
0.07771875000000023, 34050.78125, 0.10389317250309504, 0.2828678232910257

[4.48867188e+04 9.17812500e-02]
0.09178125000000029, 44886.71875, 0.10752401804162556, 0.28178623369073363

[6.47285156e+04 1.20484375e-01]
0.12048437500000041, 64728.515625, 0.11424369785034802, 0.28023752788471706

[8.27402344e+04 1.49765625e-01]
0.1497656250000005, 82740.234375, 0.12034070544594626, 0.2792159379373122

[1.16090820e+05 2.00429688e-01]
0.20042968750000068, 116090.8203125, 0.1295406703898583, 0.27819651624625386

[1.46768555e+05 2.43195313e-01]
0.24319531250000087, 146768.5546875, 0.13629871809441044, 0.27777689977173503

[2.03127441e+05 3.25933594e-01]
0.3259335937500012, 203127.44140625, 0.14748970941557282, 0.2776058968480653

[2.54489746e+05 4.05878906e-01]
0.40587890625000145, 254489.74609375, 0.15658619503604185, 0.27790167610057953

[3.41526367e+05 5.31382813e-01]
0.531382812500002, 341526.3671875, 0.16851344326658674, 0.2788342292387007

[1.72449707e+05 2.83167969e-01]
0.283167968750001, 172449.70703125, 0.14197361247981355, 0.27761291672040733

[1.21087402e+05 2.03222656e-01]
0.2032226562500008, 121087.40234375, 0.13000708037060138, 0.2781592060334536

[2.21139160e+05 3.55214844e-01]
0.3552148437500013, 221139.16015625, 0.1509873758723704, 0.27767546389735487

[1.54437988e+05 2.53886719e-01]
0.25388671875000096, 154437.98828125, 0.13787164614429656, 0.277714913045943

[2.04463867e+05 3.29882813e-01]
0.3298828125000012, 204463.8671875, 0.14797380775041324, 0.2776121614932026

[2.35141602e+05 3.72648438e-01]
0.3726484375000014, 235141.6015625, 0.1529748375044415, 0.2777397964297432

[1.88122681e+05 3.05538086e-01]
0.3055380859375011, 188122.6806640625, 0.14492381330826598, 0.27759105648891236

[1.86786255e+05 3.01588867e-01]
0.3015888671875011, 186786.2548828125, 0.14441369745109145, 0.27759182772739277

[1.71781494e+05 2.81193359e-01]
0.281193359375001, 171781.494140625, 0.14170589244641874, 0.27761700136499073

[1.95290955e+05 3.14748535e-01]
0.3147485351562511, 195290.95458984375, 0.14609650421623271, 0.2775939833431079

[1.79617981e+05 2.92378418e-01]
0.2923784179687511, 179617.98095703125, 0.14320639933398238, 0.2775986448321724

[1.91372711e+05 3.09156006e-01]
0.3091560058593761, 191372.71118164062, 0.14538726145904826, 0.27759143144580944

[1.92709137e+05 3.13105225e-01]
0.31310522460937606, 192709.13696289062, 0.14588899071793673, 0.27759299028724665

[1.88266975e+05 3.04467957e-01]
0.3044679565429699, 188266.97540283203, 0.14478602511026845, 0.27759114289228193

[1.85016945e+05 3.00850037e-01]
0.3008500366210949, 185016.9448852539, 0.14431776705840632, 0.2775921133804178

[1.89783770e+05 3.07079514e-01]
0.3070795135498058, 189783.76960754395, 0.14512171633072438, 0.27759109177791536

[1.89639475e+05 3.08149643e-01]
0.308149642944337, 189639.4748687744, 0.1452587167957237, 0.2775912257066271

[1.88610100e+05 3.05388378e-01]
0.30538837814331166, 188610.10026931763, 0.14490455672853855, 0.2775910629807019

[1.86949011e+05 3.03846951e-01]
0.30384695053100697, 186949.01132583618, 0.1447059159737637, 0.27759123325567336

[1.89075080e+05 3.06271373e-01]
0.3062713727951061, 189075.080037117, 0.14501804338919516, 0.27759104892011993

[1.88587660e+05 3.06421081e-01]
0.3064210805892955, 188587.66043186188, 0.14503726249269977, 0.2775910529675606

[1.89540060e+05 3.07154367e-01]
0.3071543674469005, 189540.05980491638, 0.1451313098002875, 0.2775910979464212

[1.88477025e+05 3.05942156e-01]
0.30594215631485094, 188477.02544927597, 0.14497575654325404, 0.2775910470204429

[1.88964445e+05 3.05792449e-01]
0.30579244852066156, 188964.4450545311, 0.14495651698151799, 0.27759104925597516

[1.88870249e+05 3.05949607e-01]
0.30594960653782005, 188870.2488988638, 0.1449767137516052, 0.2775910479575518

[1.88272194e+05 3.05620390e-01]
0.3056203900575649, 188272.19431102276, 0.14493439719639434, 0.2775910530430256

[1.88874359e+05 3.06108627e-01]
0.3061086271107208, 188874.35860559344, 0.14499714295004645, 0.2775910473382465

[1.88481135e+05 3.06101177e-01]
0.3061011768877517, 188481.13515600562, 0.1449961862577419, 0.2775910471949115

[1.88083802e+05 3.05934706e-01]
0.30593470609188184, 188083.80199968815, 0.14497479906839664, 0.2775910468665415

[1.87688524e+05 3.05847746e-01]
0.3058477455824623, 187688.5236967355, 0.14496362404429386, 0.27759104856639055

[1.88079692e+05 3.05775686e-01]
0.3057756855189811, 188079.6922929585, 0.1449543621523989, 0.2775910492749196

[1.88380774e+05 3.06019804e-01]
0.30601980404555906, 188380.77444024384, 0.14498573282418736, 0.27759104747177704

[1.88280414e+05 3.05938431e-01]
0.3059384312033664, 188280.41372448206, 0.14497527793078271, 0.2775910472809733

[1.88282469e+05 3.06017941e-01]
0.30601794148981676, 188282.46857784688, 0.1449854936015487, 0.27759104752240127

[1.88081747e+05 3.05855196e-01]
0.3058551958054314, 188081.74714632332, 0.14496458182582123, 0.2775910480776671

[1.88232288e+05 3.05977255e-01]
0.3059772550687204, 188232.288219966, 0.1449802663644813, 0.27759104727473866

[1.88035676e+05 3.05973530e-01]
0.3059735299572359, 188035.67649517208, 0.14497978771292358, 0.2775910470629975

[1.87887190e+05 3.05930981e-01]
0.3059309809803973, 187887.19027489424, 0.1449743205296454, 0.2775910473949885

[1.88146014e+05 3.05965687e-01]
0.30596568654663964, 188146.01373369806, 0.14497878012485094, 0.2775910466744834

[1.88194139e+05 3.05926863e-01]
0.30592686268128555, 188194.13923821412, 0.14497379147809952, 0.27759104766505477

[1.88075292e+05 3.05961863e-01]
0.30596186313824836, 188075.2921809326, 0.1449782885626971, 0.2775910471643063

[1.88114908e+05 3.05950196e-01]
0.30595019631926074, 188114.9078666931, 0.14497678935317618, 0.2775910470768319

[1.88090845e+05 3.05969608e-01]
0.30596960825193775, 188090.84511443507, 0.1449792840756518, 0.2775910468272594

[1.88121951e+05 3.05985098e-01]
0.3059850984793167, 188121.95098144002, 0.14498127393931562, 0.27759104678979957

[1.88177120e+05 3.05981177e-01]
0.3059811767740186, 188177.119600703, 0.14498077024461728, 0.2775910473418291

[1.88112414e+05 3.05972500e-01]
0.30597250038245793, 188112.41373600205, 0.14497965538064442, 0.27759104712930743

[1.88133982e+05 3.05975393e-01]
0.3059753925129782, 188133.98235756904, 0.1449800270307036, 0.27759104730771494

[1.88118429e+05 3.05967647e-01]
0.3059676473992887, 188118.42942406656, 0.14497903209913127, 0.2775910472293092

[1.88130461e+05 3.05957941e-01]
0.30595794143295013, 188130.46080019558, 0.14497778459789748, 0.2775910481590842

[1.88133102e+05 3.05971030e-01]
0.3059710297429712, 188133.10196822567, 0.14497946634441958, 0.2775910470348316

[1.88160686e+05 3.05969069e-01]
0.30596906889032205, 188160.68627785717, 0.14497921438575534, 0.27759104735458845

[1.88128994e+05 3.05968003e-01]
0.30596800277204705, 188128.9936375142, 0.14497907742463947, 0.27759104650303146

[1.88141905e+05 3.05962660e-01]
0.30596265957571545, 188141.90540298657, 0.1449783909806724, 0.27759104736124907

[1.88135303e+05 3.05968937e-01]
0.30596893720115725, 188135.3028269159, 0.14497919747513377, 0.2775910477194077

[1.88137504e+05 3.05966845e-01]
0.3059668446593433, 188137.50368560612, 0.14497892854860814, 0.27759104711520716

[1.88131048e+05 3.05969516e-01]
0.3059695162575091, 188131.04780286993, 0.14497927202861682, 0.27759104715159005

[1.88135450e+05 3.05965331e-01]
0.30596533117388125, 188135.44952025043, 0.1449787344569302, 0.27759104679429875

[1.88126939e+05 3.05966489e-01]
0.305966489286585, 188126.9394721585, 0.14497888300087575, 0.27759104679519614

[1.88129581e+05 3.05966578e-01]
0.30596657812977457, 188129.5805255204, 0.14497889457485186, 0.2775910474303095

[1.88132222e+05 3.05966667e-01]
0.30596666697296415, 188132.2215788823, 0.14497890600524577, 0.27759104758883607

[1.88133249e+05 3.05967424e-01]
0.3059674237156952, 188133.24866156018, 0.14497900327691932, 0.2775910471188848

[1.88130021e+05 3.05968760e-01]
0.3059687595147781, 188130.02072019211, 0.14497917483956552, 0.2775910469188306

[1.88125766e+05 3.05969339e-01]
0.30596933857112996, 188125.76569614612, 0.1449792490041083, 0.27759104694132647

[1.88127636e+05 3.05968860e-01]
0.30596885985727124, 188127.63643749963, 0.14497918770488155, 0.2775910463778486

[1.88126609e+05 3.05968103e-01]
0.30596810311454015, 188126.60935482173, 0.14497909045946333, 0.27759104707334065

[1.88129168e+05 3.05968595e-01]
0.3059685954147186, 188129.16787884952, 0.14497915361015232, 0.277591046965585

[1.88128315e+05 3.05968431e-01]
0.3059684313146591, 188128.31503750692, 0.1449791325768945, 0.27759104735453183

[1.88128829e+05 3.05968810e-01]
0.3059688096860247, 188128.8285788459, 0.1449791810480834, 0.27759104693614567

[1.88128150e+05 3.05969238e-01]
0.30596923822863675, 188128.14997883857, 0.14497923614704705, 0.27759104703229553

[1.88128191e+05 3.05969037e-01]
0.30596903650014234, 188128.19124350566, 0.14497921017150242, 0.27759104669513773

[1.88126999e+05 3.05969087e-01]
0.3059690866713889, 188126.9991021594, 0.14497921702874345, 0.27759104658503275

[1.88126444e+05 3.05968910e-01]
0.3059689100285177, 188126.4442961534, 0.1449791941046324, 0.2775910475021559

[1.88127755e+05 3.05969005e-01]
0.3059690048822362, 188127.7545066676, 0.14497920624666913, 0.27759104711538585

[1.88127318e+05 3.05968973e-01]
0.30596897326433004, 188127.31776982953, 0.14497920211249063, 0.2775910466753503

[1.88127914e+05 3.05968948e-01]
0.3059689481787068, 188127.91384050265, 0.14497919897732267, 0.27759104717640776

[1.88127040e+05 3.05968885e-01]
0.3059688849428944, 188127.04036682655, 0.14497919072227758, 0.27759104773685184

[1.88127695e+05 3.05968932e-01]
0.3059689323697537, 188127.69547208364, 0.14497919685422378, 0.2775910468340175

[1.88127259e+05 3.05968901e-01]
0.3059689007518475, 188127.25873524556, 0.14497919292790465, 0.2775910476691634

[1.88127586e+05 3.05968924e-01]
0.3059689244652771, 188127.58628787412, 0.14497919598172684, 0.2775910468161051

[1.88127368e+05 3.05968909e-01]
0.3059689086563241, 188127.36791945508, 0.14497919390718728, 0.277591047276661

[1.88127532e+05 3.05968921e-01]
0.30596892051303887, 188127.53169576934, 0.1449791952751046, 0.27759104683244973

[1.88127477e+05 3.05968917e-01]
0.3059689165608006, 188127.4771036646, 0.144979194891761, 0.2775910465928633

[1.88127611e+05 3.05968892e-01]
0.3059688921612742, 188127.61136268688, 0.14497919169922166, 0.2775910467765791

[1.88127502e+05 3.05968884e-01]
0.3059688842567976, 188127.50217847733, 0.14497919077715382, 0.2775910469050468

[1.88127584e+05 3.05968890e-01]
0.30596889018515505, 188127.58406663447, 0.14497919144752597, 0.277591047104673

[1.88127557e+05 3.05968888e-01]
0.3059688882090359, 188127.5567705821, 0.1449791912560811, 0.27759104764071235

[1.88127624e+05 3.05968876e-01]
0.3059688760092727, 188127.62390009325, 0.1449791894875343, 0.2775910469824613

[1.88127704e+05 3.05968848e-01]
0.305968847657508, 188127.70356701082, 0.14497918607609428, 0.27759104681534474

[1.88127716e+05 3.05968832e-01]
0.30596883150550647, 188127.71610441722, 0.14497918401203652, 0.2775910471736707

[1.88127647e+05 3.05968865e-01]
0.30596886488333114, 188127.64695117425, 0.14497918845196656, 0.2775910473268236

[1.88127670e+05 3.05968854e-01]
0.3059688537573896, 188127.67000225524, 0.1449791870144024, 0.27759104650601585

[1.88127630e+05 3.05968868e-01]
0.30596886793327194, 188127.63016879646, 0.14497918886198205, 0.2775910469139899

[1.88127676e+05 3.05968846e-01]
0.30596884568138893, 188127.67627095844, 0.1449791857346387, 0.27759104700426185

[1.88127642e+05 3.05968862e-01]
0.3059688623703012, 188127.64169433695, 0.14497918796100537, 0.277591046577769

[1.88127665e+05 3.05968851e-01]
0.3059688512443597, 188127.66474541795, 0.1449791866248354, 0.27759104792067735

[1.88127647e+05 3.05968860e-01]
0.3059688595888158, 188127.6474571072, 0.14497918750812777, 0.2775910469569426

[1.88127653e+05 3.05968857e-01]
0.30596885680733044, 188127.65321987745, 0.14497918743245825, 0.277591047180495

[1.88127639e+05 3.05968861e-01]
0.3059688611137862, 188127.63906591828, 0.14497918792684067, 0.27759104728872275

[1.88127651e+05 3.05968856e-01]
0.30596885555081543, 188127.65059145878, 0.1449791872122653, 0.2775910471401546

[1.88127634e+05 3.05968859e-01]
0.3059688586007563, 188127.633809081, 0.1449791874401017, 0.27759104725784983

[1.88127648e+05 3.05968857e-01]
0.3059688572556869, 188127.64836717834, 0.1449791871314118, 0.27759104781504795

[1.88127644e+05 3.05968858e-01]
0.30596885770404336, 188127.64351447922, 0.14497918738105361, 0.27759104768402915

[1.88127645e+05 3.05968858e-01]
0.3059688583323008, 188127.64482868853, 0.1449791875620369, 0.2775910473700602

[1.88127638e+05 3.05968860e-01]
0.3059688604855286, 188127.6377517089, 0.14497918765984427, 0.2775910470345232

[1.88127629e+05 3.05968862e-01]
0.305968862010499, 188127.62936052, 0.14497918804668994, 0.277591047300968

[1.88127633e+05 3.05968861e-01]
0.30596886109094945, 188127.6332275621, 0.14497918780376173, 0.2775910476065936

[1.88127637e+05 3.05968860e-01]
0.3059688601713999, 188127.63709460426, 0.1449791875948414, 0.2775910475125574

[1.88127641e+05 3.05968859e-01]
0.305968859094786, 188127.64063309407, 0.14497918750633418, 0.27759104711919946

[1.88127640e+05 3.05968859e-01]
0.30596885878065727, 188127.6399759894, 0.14497918745611946, 0.2775910475080379

[1.88127639e+05 3.05968859e-01]
0.30596885912834293, 188127.63925564315, 0.14497918773423027, 0.2775910476314082

[1.88127639e+05 3.05968859e-01]
0.3059688594760286, 188127.63853529684, 0.14497918768258028, 0.27759104674306634

[1.88127637e+05 3.05968860e-01]
0.30596886001433554, 188127.63676605193, 0.14497918760542683, 0.2775910479565817

[1.88127638e+05 3.05968859e-01]
0.3059688593189642, 188127.6382067445, 0.14497918750459085, 0.2775910470583143

[1.88127638e+05 3.05968859e-01]
0.30596885949280705, 188127.63784657136, 0.14497918768731036, 0.2775910472711036

[1.88127637e+05 3.05968860e-01]
0.3059688596666499, 188127.63748639822, 0.14497918739346427, 0.27759104695470643

[1.88127637e+05 3.05968860e-01]
0.30596885993580336, 188127.63660177577, 0.14497918774206786, 0.2775910467614613

[1.88127636e+05 3.05968860e-01]
0.30596886012642477, 188127.6355528772, 0.1449791878643555, 0.2775910470445023

[1.88127637e+05 3.05968860e-01]
0.3059688597815936, 188127.63700301797, 0.14497918774945664, 0.27759104682163294


------------------------------------------------------------
Sender: LSF System <lsfadmin@n-62-21-10>
Subject: Job 1708315: <minimize_batch_job_this_is_on_purpose_to_utilize_more_kernel> in cluster <dcc> Done

Job <minimize_batch_job_this_is_on_purpose_to_utilize_more_kernel> was submitted from host <gbarlogin2> by user <s174007> in cluster <dcc> at Thu Jan 10 17:20:34 2019
Job was executed on host(s) <n-62-21-10>, in queue <hpc>, as user <s174007> in cluster <dcc> at Thu Jan 10 17:20:35 2019
</zhome/b0/b/127184> was used as the home directory.
</zhome/b0/b/127184/Documents/Projects/machine-learning-on-materials> was used as the working directory.
Started at Thu Jan 10 17:20:35 2019
Terminated at Thu Jan 10 17:47:43 2019
Results reported at Thu Jan 10 17:47:43 2019

Your job looked like:

------------------------------------------------------------
# LSBATCH: User input
#!/bin/bash
##Kør på cpu
#BSUB -q hpc
##Navn på job
#BSUB -J minimize_batch_job_this_is_on_purpose_to_utilize_more_kernel
##Output fil
#BSUB -o output/minimize/linear_GP_faulty_batchjobs-%J.out
##Antal kerner
#BSUB -n 1
##Om kernerne må være på forskellige computere
#BSUB -R "span[hosts=1]"
##Ram pr kerne
#BSUB -R "rusage[mem=10GB]"
##Hvor lang tid må den køre hh:mm
#BSUB -W 45:00
##Email når jobbet starter
##og stopper
module purge
module load python3
python3 KRR/minimizer.py linear 0.01 GP faulty [-10000]
------------------------------------------------------------

Successfully completed.

Resource usage summary:

    CPU time :                                   1627.05 sec.
    Max Memory :                                 789 MB
    Average Memory :                             633.06 MB
    Total Requested Memory :                     10240.00 MB
    Delta Memory :                               9451.00 MB
    Max Swap :                                   -
    Max Processes :                              4
    Max Threads :                                5
    Run time :                                   1629 sec.
    Turnaround time :                            1629 sec.

The output (if any) is above this job summary.

