Unloaded module: latex/TeXLive12
Loaded module: python3/3.6.2
[10]
[10.0]
[10. 10.]
10.0, 10.0, 0.4252075917624791, 0.41718648120146534

[10.5 10. ]
10.0, 10.5, 0.425207717963937, 0.41718636052824665

[10.  10.5]
10.5, 10.0, 0.4283511017709872, 0.41964956961433986

[10.5  9.5]
9.5, 10.5, 0.42188839391963323, 0.4146008470620743

[10.75  9.  ]
9.0, 10.75, 0.4183757633317933, 0.4118824475886421

[11.25  9.  ]
9.0, 11.25, 0.418375864447069, 0.41188233860027984

[11.875  8.5  ]
8.5, 11.875, 0.4146495223373536, 0.40901920127483976

[12.125  7.5  ]
7.5, 12.125, 0.4064551621669155, 0.40280264271267074

[12.9375  6.25  ]
6.25, 12.9375, 0.3944728461583003, 0.3939236941994892

[14.0625  5.75  ]
5.75, 14.0625, 0.3889877743441094, 0.3899492569425478

[15.71875  4.125  ]
4.125, 15.71875, 0.36717713122845425, 0.37476228028496206

[16.78125  1.875  ]
1.875, 16.78125, 0.3156350803386414, 0.34329503951616835

[19.234375 -1.4375  ]
-1.4375, 19.234375, 19.50793814129472, 14.200106161349709

[19.5625 -0.25  ]
-0.25, 19.5625, 14.142423448277611, 15.873124159451379

[14.59375  4.625  ]
4.625, 14.59375, 0.37467981856750016, 0.37987082672015204

[17.90625  1.375  ]
1.375, 17.90625, 0.2952732448618784, 0.3327105950426033

[19.5625 -0.25  ]
-0.25, 19.5625, 14.142423448277611, 15.873124159451379

[18.96875 -0.875  ]
-0.875, 18.96875, 72.16904213693913, 72.38544049689783

[16.53125  2.875  ]
2.875, 16.53125, 0.34357144093083053, 0.35954067904499926

[18.15625  0.375  ]
0.375, 18.15625, 0.21047182559423502, 0.3004693119598895

[18.96875 -0.875  ]
-0.875, 18.96875, 72.16904213693913, 72.38544049689783

[19.28125 -0.125  ]
-0.125, 19.28125, 5.893864607517339, 7.031612105497694

[17.40625  1.375  ]
1.375, 17.40625, 0.29527323760218727, 0.33271062966514564

[18.65625  0.375  ]
0.375, 18.65625, 0.21047182909094223, 0.3004692936565433

[19.28125 -0.125  ]
-0.125, 19.28125, 5.893864607517339, 7.031612105497694

[18.90625 -0.625  ]
-0.625, 18.90625, 15.336558654700482, 15.065039646363472

[18.15625  0.875  ]
0.875, 18.15625, 0.26546683683699496, 0.31917402382711857

[18.65625 -0.125  ]
-0.125, 18.65625, 5.893863779675013, 7.031610951465776

[18.28125  0.625  ]
0.625, 18.28125, 0.24334357949549099, 0.3106594924055056

[18.53125  0.125  ]
0.125, 18.53125, 0.14766391544543736, 0.2892954142786289

[18.65625 -0.125  ]
-0.125, 18.65625, 5.893863779675013, 7.031610951465776

[19.03125  0.125  ]
0.125, 19.03125, 0.14766391778286542, 0.2892954038398921

[19.46875  0.     ]
Traceback (most recent call last):
  File "KRR/minimizer.py", line 124, in <module>
    minimize(func,Args,method='Nelder-Mead', tol=1e-3)
  File "/zhome/b0/b/127184/.local/lib/python3.6/site-packages/scipy/optimize/_minimize.py", line 591, in minimize
    return _minimize_neldermead(fun, x0, args, callback, **options)
  File "/zhome/b0/b/127184/.local/lib/python3.6/site-packages/scipy/optimize/optimize.py", line 573, in _minimize_neldermead
    fxe = func(xe)
  File "/zhome/b0/b/127184/.local/lib/python3.6/site-packages/scipy/optimize/optimize.py", line 293, in function_wrapper
    return function(*(wrapper_args + args))
  File "KRR/minimizer.py", line 78, in func
    KRR.fit(X,Y, "error")
  File "/zhome/b0/b/127184/Documents/Projects/machine-learning-on-materials/KRR/KRR_class.py", line 108, in fit
    weight=np.linalg.inv(np.matrix(K+self.lambd*I))
  File "/zhome/b0/b/127184/.local/lib/python3.6/site-packages/numpy/linalg/linalg.py", line 532, in inv
    ainv = _umath_linalg.inv(a, signature=signature, extobj=extobj)
  File "/zhome/b0/b/127184/.local/lib/python3.6/site-packages/numpy/linalg/linalg.py", line 89, in _raise_linalgerror_singular
    raise LinAlgError("Singular matrix")
numpy.linalg.linalg.LinAlgError: Singular matrix

------------------------------------------------------------
Sender: LSF System <lsfadmin@n-62-21-2>
Subject: Job 1708334: <minimize_batch_job_this_is_on_purpose_to_utilize_more_kernel> in cluster <dcc> Exited

Job <minimize_batch_job_this_is_on_purpose_to_utilize_more_kernel> was submitted from host <gbarlogin2> by user <s174007> in cluster <dcc> at Thu Jan 10 17:20:36 2019
Job was executed on host(s) <n-62-21-2>, in queue <hpc>, as user <s174007> in cluster <dcc> at Thu Jan 10 17:20:37 2019
</zhome/b0/b/127184> was used as the home directory.
</zhome/b0/b/127184/Documents/Projects/machine-learning-on-materials> was used as the working directory.
Started at Thu Jan 10 17:20:37 2019
Terminated at Thu Jan 10 17:46:07 2019
Results reported at Thu Jan 10 17:46:07 2019

Your job looked like:

------------------------------------------------------------
# LSBATCH: User input
#!/bin/bash
##Kør på cpu
#BSUB -q hpc
##Navn på job
#BSUB -J minimize_batch_job_this_is_on_purpose_to_utilize_more_kernel
##Output fil
#BSUB -o output/minimize/linear_SimpleLarge_faulty_batchjobs-%J.out
##Antal kerner
#BSUB -n 1
##Om kernerne må være på forskellige computere
#BSUB -R "span[hosts=1]"
##Ram pr kerne
#BSUB -R "rusage[mem=10GB]"
##Hvor lang tid må den køre hh:mm
#BSUB -W 45:00
##Email når jobbet starter
##og stopper
module purge
module load python3
python3 KRR/minimizer.py linear 10 SimpleLarge faulty [10]
------------------------------------------------------------

Exited with exit code 1.

Resource usage summary:

    CPU time :                                   1528.24 sec.
    Max Memory :                                 368 MB
    Average Memory :                             179.67 MB
    Total Requested Memory :                     10240.00 MB
    Delta Memory :                               9872.00 MB
    Max Swap :                                   -
    Max Processes :                              4
    Max Threads :                                5
    Run time :                                   1549 sec.
    Turnaround time :                            1531 sec.

The output (if any) is above this job summary.

