Unloaded module: latex/TeXLive12
Loaded module: python3/3.6.2
[-10000]
[-10000.0]
[-1.e+04  3.e+00]
3.0, -10000.0, 0.16159042625858955, 0.2692347634764077

[-1.05e+04  3.00e+00]
3.0, -10500.0, 0.16159042564678963, 0.26923476240833893

[-1.00e+04  3.15e+00]
3.1500000000000004, -10000.0, 0.1639745388809133, 0.26971935058430857

[-1.05e+04  2.85e+00]
2.8499999999999996, -10500.0, 0.15911135593733972, 0.26874968982445185

[-1.075e+04  2.700e+00]
2.6999999999999993, -10750.0, 0.15652970159073945, 0.26826514436352483

[-1.125e+04  2.700e+00]
2.6999999999999993, -11250.0, 0.1565297010845787, 0.2682651434344788

[-1.1875e+04  2.5500e+00]
2.549999999999999, -11875.0, 0.15383688262435713, 0.26778239196860076

[-1.2125e+04  2.2500e+00]
2.2499999999999982, -12125.0, 0.14807765660892208, 0.2668290476793045

[-1.29375e+04  1.87500e+00]
1.8749999999999973, -12937.5, 0.1400496672318547, 0.2656861559129667

[-1.40625e+04  1.72500e+00]
1.724999999999997, -14062.5, 0.13653039563379768, 0.2652563015426933

[-1.571875e+04  1.237500e+00]
1.2374999999999954, -15718.75, 0.12353735660676259, 0.26407493044086916

[-1.678125e+04  5.625000e-01]
0.5624999999999938, -16781.25, 0.09985741463696905, 0.26397018197051764

[-1.9234375e+04 -4.3125000e-01]
-0.43125000000000924, -19234.375, 10.811948108409316, 15.829198104410201

[-1.95625e+04 -7.50000e-02]
-0.07500000000000817, -19562.5, 0.8939128172875206, 2.5183530070006634

[-1.459375e+04  1.387500e+00]
1.387499999999996, -14593.75, 0.1278218448790953, 0.26439069187318043

[-1.790625e+04  4.125000e-01]
0.4124999999999932, -17906.25, 0.0933439234667787, 0.26464642264311244

[-1.5421875e+04  1.1437500e+00]
1.1437499999999954, -15421.875, 0.12070831887409292, 0.26390914357137374

[-1.6484375e+04  4.6875000e-01]
0.4687499999999938, -16484.375, 0.0958452818963296, 0.2643327068654772

[-1.59101562e+04  1.04531250e+00]
1.045312499999995, -15910.15625, 0.11759984114772903, 0.2637683843020941

[-1.45507812e+04  1.62656250e+00]
1.6265624999999968, -14550.78125, 0.13411047929500394, 0.26498689582429136

[-1.62236328e+04  8.28515625e-01]
0.8285156249999945, -16223.6328125, 0.11019174865129125, 0.26362413892168013

[-1.67119141e+04  7.30078125e-01]
0.7300781249999941, -16711.9140625, 0.10654065444708448, 0.2636644966456799

[-1.70253906e+04  5.13281250e-01]
0.5132812499999937, -17025.390625, 0.09777584507762702, 0.2641387288202479

[-1.61889648e+04  9.12304687e-01]
0.9123046874999947, -16188.96484375, 0.11315282767108409, 0.263647601106221

[-1.57006836e+04  1.01074219e+00]
1.0107421874999951, -15700.68359375, 0.11647236478740441, 0.2637285191156884

[-1.64591064e+04  8.00244141e-01]
0.8002441406249944, -16459.1064453125, 0.10916279183368573, 0.263627455420853

[-1.64937744e+04  7.16455078e-01]
0.7164550781249941, -16493.7744140625, 0.10601991612730731, 0.2636769720961675

[-1.62651672e+04  8.63342285e-01]
0.8633422851562446, -16265.167236328125, 0.11143829518346217, 0.2636281726999546

[-1.6417572e+04  7.6541748e-01]
0.7654174804687442, -16417.572021484375, 0.10787369625010461, 0.26364040451333676

[-1.63032684e+04  8.38861084e-01]
0.8388610839843695, -16303.268432617188, 0.11056443565758246, 0.26362443302233834

[-1.60677948e+04  8.67132568e-01]
0.8671325683593697, -16067.794799804688, 0.11157258822964394, 0.2636291216895425

[-1.63612785e+04  8.16966248e-01]
0.8169662475585882, -16361.278533935547, 0.10977327088626662, 0.2636247505805252

[-1.61656227e+04  8.50410461e-01]
0.8504104614257759, -16165.62271118164, 0.11097809479961722, 0.26362567434361334

[-1.63123646e+04  8.25327301e-01]
0.8253273010253851, -16312.36457824707, 0.11007647969043591, 0.26362420744987874

[-1.62327290e+04  8.14981842e-01]
0.81498184204101, -16232.728958129883, 0.1097011096116477, 0.26362495778265366

[-1.62856336e+04  8.32891273e-01]
0.8328912734985296, -16285.633563995361, 0.11034962686423891, 0.26362416753660456

[-1.61969018e+04  8.36079597e-01]
0.8360795974731391, -16196.901798248291, 0.11046443512360227, 0.2636242771037727

[-1.62834989e+04  8.28015375e-01]
0.8280153751373236, -16283.498883247375, 0.11017367575312184, 0.2636241446470101

[-1.62214981e+04  8.23639727e-01]
0.8236397266387885, -16221.498131752014, 0.1100153891453187, 0.2636242745875857

[-1.62695997e+04  8.30578387e-01]
0.8305783867835943, -16269.599705934525, 0.1102662209379483, 0.26362413482534636

[-1.62097336e+04  8.31078637e-01]
0.8310786366462652, -16209.733635187149, 0.11028426931557157, 0.2636241385524102

[-1.62557005e+04  8.33141398e-01]
0.833141398429865, -16255.700528621674, 0.11035864061118457, 0.26362417346383415

[-1.62316497e+04  8.29672068e-01]
0.8296720683574621, -16231.649741530418, 0.1102335099744952, 0.2636241327447634

[-1.62915158e+04  8.29171818e-01]
0.8291718184947912, -16291.515812277794, 0.11021544814553717, 0.26362413418042946

[-1.62535658e+04  8.28265500e-01]
0.828265500068659, -16253.565847873688, 0.11018271280064189, 0.2636241415562777

[-1.62655912e+04  8.30000165e-01]
0.8300001651048605, -16265.591241419315, 0.11024535349062747, 0.26362413278342284

[-1.62057252e+04  8.30500415e-01]
0.8305004149675315, -16205.72517067194, 0.110263407398636, 0.2636241344046654

[-1.62700682e+04  8.29503968e-01]
0.8295039676129763, -16270.06815187633, 0.1102274411253886, 0.2636241329652012

[-1.62271728e+04  8.30168266e-01]
0.8301682658493463, -16227.172831073403, 0.11025142074403549, 0.26362413311947935

[-1.62593443e+04  8.29670042e-01]
0.8296700421720689, -16259.344321675599, 0.11023343681766073, 0.2636241327257108

[-1.62254028e+04  8.29341945e-01]
0.8293419454246704, -16225.402821786702, 0.110221591223915, 0.2636241334984863

[-1.62555441e+04  8.29835610e-01]
0.829835610184813, -16255.544136511162, 0.11023941370082825, 0.2636241326406477

[-1.62832387e+04  8.29833584e-01]
0.8298335839994198, -16283.238716656342, 0.11023934055349442, 0.2636241326492304

[-1.62794385e+04  8.29999152e-01]
0.8299991520121639, -16279.438531491905, 0.11024531692260317, 0.2636241327512468

[-1.62643679e+04  8.29752320e-01]
0.8297523196320926, -16264.367874129675, 0.11023640703880239, 0.2636241326797699

[-1.62744150e+04  8.29916875e-01]
0.8299168745521401, -16274.414979037829, 0.11024234708740417, 0.2636241326908491

[-1.62668797e+04  8.29793458e-01]
0.8297934583621045, -16266.879650356714, 0.11023789210048389, 0.2636241326502965

[-1.62719032e+04  8.29875736e-01]
0.8298757358221283, -16271.90320281079, 0.11024086212848234, 0.2636241326529924

[-1.62681355e+04  8.29814028e-01]
0.8298140277271104, -16268.135538470233, 0.11023863462543851, 0.2636241326240611

[-1.62404410e+04  8.29816054e-01]
0.8298160539125037, -16240.440958325053, 0.11023870776077731, 0.2636241326593245

[-1.62725393e+04  8.29829201e-01]
0.8298292014776907, -16272.53927707352, 0.11023918235998467, 0.2636241326487252

[-1.62511404e+04  8.29820436e-01]
0.8298204364342328, -16251.140397907875, 0.1102388659655709, 0.26362413266606144

[-1.62671896e+04  8.29827010e-01]
0.8298270102168261, -16267.189557282109, 0.11023910326289141, 0.26362413267101253

[-1.62618398e+04  8.29824819e-01]
0.8298248189559617, -16261.839837490697, 0.1102390241561364, 0.26362413266002493

[-1.62703374e+04  8.29821615e-01]
0.8298216146024006, -16270.337407771876, 0.11023890848754098, 0.26362413266517576

[-1.62596380e+04  8.29817232e-01]
0.8298172320806717, -16259.637968189054, 0.11023875029511171, 0.2636241326557623

[-1.62659337e+04  8.29806441e-01]
0.8298064408518203, -16265.93366916859, 0.11023836074717996, 0.2636241326287531

[-1.62744312e+04  8.29803236e-01]
0.8298032364982589, -16274.431239449768, 0.11023824507456625, 0.26362413264028633

[-1.62707329e+04  8.29806735e-01]
0.8298067353938621, -16270.73292163459, 0.11023837137838315, 0.26362413265304785

[-1.62670346e+04  8.29810234e-01]
0.8298102342894653, -16267.034603819411, 0.1102384976885667, 0.263624132675219

[-1.62638868e+04  8.29815630e-01]
0.829815629903891, -16263.886753329643, 0.11023869245470279, 0.2636241326417452

[-1.62649877e+04  8.29819423e-01]
0.8298194233415361, -16264.987687980465, 0.11023882939016576, 0.2636241326414898

[-1.62692365e+04  8.29817821e-01]
0.8298178211647556, -16269.236473121055, 0.11023877155496115, 0.2636241326192204

[-1.62719113e+04  8.29818917e-01]
0.8298189167951877, -16271.91133301676, 0.11023881110427633, 0.26362413263662643

[-1.62723843e+04  8.29812426e-01]
0.8298124255503299, -16272.384323610822, 0.11023857678182664, 0.2636241326404186

[-1.62705352e+04  8.29814175e-01]
0.8298141749981314, -16270.535164703233, 0.11023863993990883, 0.26362413264772044

[-1.62686860e+04  8.29815924e-01]
0.829815924445933, -16268.686005795644, 0.11023870308545601, 0.2636241326629732

[-1.62671121e+04  8.29818622e-01]
0.8298186222531458, -16267.11208055076, 0.11023880047033803, 0.2636241326473146

[-1.62676625e+04  8.29820519e-01]
0.8298205189719684, -16267.66254787617, 0.11023886894501084, 0.2636241326359116

[-1.62697869e+04  8.29819718e-01]
0.829819717883578, -16269.786940446465, 0.1102388400202459, 0.26362413265575013

[-1.62677808e+04  8.29818896e-01]
0.8298188961607539, -16267.780795524686, 0.11023881035344818, 0.26362413263111756

[-1.62693547e+04  8.29816198e-01]
0.8298161983535411, -16269.35472076957, 0.11023871297663643, 0.26362413264641765

[-1.62680856e+04  8.29819439e-01]
0.8298194388173616, -16268.08559109952, 0.11023882994655151, 0.26362413263683804

[-1.62685086e+04  8.29818359e-01]
0.8298183586627548, -16268.50863432287, 0.1102387909580331, 0.26362413262006784

[-1.62684495e+04  8.29819170e-01]
0.8298191700683619, -16268.449510498613, 0.11023882024494787, 0.2636241326463899

[-1.62692956e+04  8.29817010e-01]
0.8298170097591484, -16269.29559694531, 0.11023874225711963, 0.26362413264927015

[-1.6268661e+04  8.2981863e-01]
0.8298186299910586, -16268.661032110287, 0.11023880075406402, 0.2636241326490147

[-1.62688726e+04  8.29818090e-01]
0.8298180899137552, -16268.872553721962, 0.11023878126009916, 0.2636241326354489

[-1.62688430e+04  8.29818496e-01]
0.8298184956165587, -16268.842991809834, 0.11023879590257746, 0.2636241326495905

[-1.62692660e+04  8.29817415e-01]
0.8298174154619519, -16269.266035033183, 0.1102387569105183, 0.26362413266173124

[-1.62689488e+04  8.29818226e-01]
0.829818225577907, -16268.94875261567, 0.11023878615382852, 0.2636241326512706

[-1.62690545e+04  8.29817956e-01]
0.8298179555392553, -16269.054513421508, 0.11023877640468197, 0.26362413267613705

[-1.62690397e+04  8.29818158e-01]
0.8298181583906572, -16269.039732465444, 0.11023878373176837, 0.26362413264836954

[-1.62692217e+04  8.29818024e-01]
0.8298180240161575, -16269.22169216499, 0.11023877887815965, 0.26362413261517337

[-1.62693053e+04  8.29818058e-01]
0.8298180582546086, -16269.30528153673, 0.11023878010331331, 0.26362413264153933

[-1.62694184e+04  8.29817687e-01]
0.8298176867902558, -16269.4184328206, 0.1102387667037008, 0.26362413265352774

[-1.62691344e+04  8.29818040e-01]
0.8298180404905569, -16269.134407554233, 0.11023877946655415, 0.2636241326398654

[-1.62693238e+04  8.29817805e-01]
0.8298178046903562, -16269.32375773181, 0.11023877096015018, 0.26362413264755113

[-1.62691817e+04  8.29817982e-01]
0.8298179815405067, -16269.181745098627, 0.11023877734761617, 0.26362413266656753

[-1.62692291e+04  8.29817923e-01]
0.8298179225904565, -16269.229082643022, 0.11023877521711001, 0.26362413264029033

[-1.62691780e+04  8.29818032e-01]
0.8298180322533572, -16269.178049859613, 0.11023877917610694, 0.26362413264155066

[-1.62692727e+04  8.29817914e-01]
0.8298179143532568, -16269.272724948401, 0.11023877491963928, 0.26362413266186213

[-1.62692017e+04  8.29818003e-01]
0.8298180027783321, -16269.20171863181, 0.11023877811139339, 0.2636241326384345

[-1.62691943e+04  8.29818104e-01]
0.8298181042040331, -16269.194328153779, 0.11023878177923693, 0.2636241326552291

[-1.62692204e+04  8.29817968e-01]
0.8298179679938507, -16269.220394020711, 0.11023877686057042, 0.2636241326662194

[-1.62692117e+04  8.29818013e-01]
0.8298180133972448, -16269.2117053984, 0.11023877849712926, 0.26362413263320156

[-1.62692254e+04  8.29817973e-01]
0.829817973303307, -16269.225387404007, 0.11023877704991902, 0.26362413263927076

[-1.62692080e+04  8.29818064e-01]
0.8298180641100953, -16269.208010159386, 0.11023878032458746, 0.2636241326376287

[-1.62692124e+04  8.29818041e-01]
0.8298180414083982, -16269.212354470541, 0.11023877950288913, 0.26362413265172774

[-1.62692167e+04  8.29818019e-01]
0.8298180187067011, -16269.216698781696, 0.1102387786799855, 0.26362413263449064

[-1.62692235e+04  8.29817999e-01]
0.8298179986597323, -16269.2235397845, 0.11023877795993647, 0.26362413265919327

[-1.62692149e+04  8.29818044e-01]
0.8298180440631262, -16269.214851162185, 0.11023877959619886, 0.26362413262879864

[-1.62692198e+04  8.29818049e-01]
0.8298180493725825, -16269.219844545478, 0.1102387797927015, 0.2636241326383837

[-1.62692175e+04  8.29818026e-01]
0.8298180263731715, -16269.217485222642, 0.11023877896209444, 0.2636241326598619

[-1.62692183e+04  8.29818034e-01]
0.8298180340396418, -16269.218271663587, 0.11023877924080513, 0.26362413264859236

[-1.62692192e+04  8.29818021e-01]
0.8298180213614292, -16269.219195473343, 0.11023877878172068, 0.2636241326496804

[-1.62692208e+04  8.29818037e-01]
0.8298180366943699, -16269.220768355233, 0.11023877933525277, 0.2636241326121611

[-1.62692216e+04  8.29818044e-01]
0.8298180443608403, -16269.221554796182, 0.11023877961308633, 0.263624132630894

[-1.62692242e+04  8.29818027e-01]
0.8298180266708856, -16269.224188856635, 0.11023877897540428, 0.2636241326418656

[-1.62692227e+04  8.29818029e-01]
0.8298180285130747, -16269.222709558373, 0.11023877903886072, 0.2636241326221532

[-1.62692198e+04  8.29818032e-01]
0.8298180321974526, -16269.219750961849, 0.11023877917181081, 0.2636241326420759

[-1.62692220e+04  8.29818029e-01]
0.8298180294341693, -16269.221969909242, 0.11023877907786121, 0.26362413264193035

[-1.62692212e+04  8.29818030e-01]
0.8298180303552637, -16269.221230260111, 0.11023877911210322, 0.2636241326474992

[-1.62692217e+04  8.29818033e-01]
0.8298180326037223, -16269.221738956803, 0.11023877918775365, 0.26362413264179085


------------------------------------------------------------
Sender: LSF System <lsfadmin@n-62-21-107>
Subject: Job 1708355: <minimize_batch_job_this_is_on_purpose_to_utilize_more_kernel> in cluster <dcc> Done

Job <minimize_batch_job_this_is_on_purpose_to_utilize_more_kernel> was submitted from host <gbarlogin2> by user <s174007> in cluster <dcc> at Thu Jan 10 17:20:38 2019
Job was executed on host(s) <n-62-21-107>, in queue <hpc>, as user <s174007> in cluster <dcc> at Thu Jan 10 17:20:39 2019
</zhome/b0/b/127184> was used as the home directory.
</zhome/b0/b/127184/Documents/Projects/machine-learning-on-materials> was used as the working directory.
Started at Thu Jan 10 17:20:39 2019
Terminated at Thu Jan 10 18:30:23 2019
Results reported at Thu Jan 10 18:30:23 2019

Your job looked like:

------------------------------------------------------------
# LSBATCH: User input
#!/bin/bash
##Kør på cpu
#BSUB -q hpc
##Navn på job
#BSUB -J minimize_batch_job_this_is_on_purpose_to_utilize_more_kernel
##Output fil
#BSUB -o output/minimize/linear_GP_newest_batchjobs-%J.out
##Antal kerner
#BSUB -n 1
##Om kernerne må være på forskellige computere
#BSUB -R "span[hosts=1]"
##Ram pr kerne
#BSUB -R "rusage[mem=10GB]"
##Hvor lang tid må den køre hh:mm
#BSUB -W 45:00
##Email når jobbet starter
##og stopper
module purge
module load python3
python3 KRR/minimizer.py linear 3 GP newest [-10000]
------------------------------------------------------------

Successfully completed.

Resource usage summary:

    CPU time :                                   4180.89 sec.
    Max Memory :                                 2079 MB
    Average Memory :                             1777.76 MB
    Total Requested Memory :                     10240.00 MB
    Delta Memory :                               8161.00 MB
    Max Swap :                                   -
    Max Processes :                              4
    Max Threads :                                5
    Run time :                                   4183 sec.
    Turnaround time :                            4185 sec.

The output (if any) is above this job summary.

