Unloaded module: latex/TeXLive12
Loaded module: python3/3.6.2
[10]
[10.0]
[10. 10.]
10.0, 10.0, 0.2557589713850454, 0.30398739700912447

[10.5 10. ]
10.0, 10.5, 0.2557595658965477, 0.3039873157231085

[10.  10.5]
10.5, 10.0, 0.25854199712615367, 0.3052053423932114

[10.5  9.5]
9.5, 10.5, 0.2528305237549997, 0.3027312793191733

[10.75  9.  ]
9.0, 10.75, 0.24974034144107246, 0.30143432341509263

[11.25  9.  ]
9.0, 11.25, 0.2497408414951697, 0.3014343402031255

[11.5  8. ]
8.0, 11.5, 0.24300122129884738, 0.29870490330863714

[12.  7.]
7.0, 12.0, 0.23535670032186545, 0.295768790316894

[11.5  7. ]
7.0, 11.5, 0.23535629409066436, 0.2957686310359078

[11.625  6.   ]
6.0, 11.625, 0.22654260004374838, 0.29258636196741783

[12.875  4.   ]
4.0, 12.875, 0.20359711714285836, 0.2852588798813912

[13.9375  1.5   ]
1.5, 13.9375, 0.1524266998314056, 0.2735362886009296

[13.5625  0.5   ]
0.5, 13.5625, 0.10989908297730641, 0.2696702601875402

[14.34375 -2.75   ]
-2.75, 14.34375, 4.605790277564273, 4.779614658276016

[15.875 -4.   ]
-4.0, 15.875, 4.536041707833033, 4.291017573283866

[12.6875  3.5   ]
3.5, 12.6875, 0.1961799984103067, 0.28316961537002605

[14.8125 -1.5   ]
-1.5, 14.8125, 14.725219659229333, 17.76400188205605

[13.21875  2.25   ]
2.25, 13.21875, 0.17249621340625107, 0.2773744323505533

[14.28125 -0.25   ]
-0.25, 14.28125, 16.776997499138822, 25.008322906256495

[13.484375  1.625   ]
1.625, 13.484375, 0.15623353760283235, 0.27418348615943866

[14.015625  0.375   ]
0.375, 14.015625, 0.10205938559748769, 0.2699376026846724

[13.640625 -0.625   ]
-0.625, 13.640625, 4.089339498841005, 5.088117954115207

[13.86328125  0.96875   ]
0.96875, 13.86328125, 0.13320910580622425, 0.2709268814734507

[13.71484375 -0.09375   ]
-0.09375, 13.71484375, 2.367199135060583, 4.9251149959851555

[13.82617188  0.703125  ]
0.703125, 13.826171875, 0.12100230165133888, 0.26995046470578626

[13.75195312  0.171875  ]
0.171875, 13.751953125, 0.08736186528151935, 0.272168043407773

[13.80761719  0.5703125 ]
0.5703125, 13.8076171875, 0.11395065851170094, 0.2696941081338565

[13.35449219  0.6953125 ]
0.6953125, 13.3544921875, 0.12060716132382447, 0.26992940195167126

[13.51977539  0.61523438]
0.615234375, 13.519775390625, 0.11641879337311872, 0.26975455973691764

[13.8503418   0.45507812]
0.455078125, 13.850341796875, 0.10718062136890164, 0.2697123926048026

[13.7677002   0.49511719]
0.4951171875, 13.7677001953125, 0.10960871738592022, 0.26967247848461956

[13.52258301  0.42480469]
0.4248046875, 13.5225830078125, 0.1052873078758624, 0.26977199702258203

[13.73635864  0.53393555]
0.533935546875, 13.736358642578125, 0.11188437883186113, 0.2696696809620791

[13.53115845  0.53881836]
0.538818359375, 13.531158447265625, 0.11216533847031585, 0.26967147516845347

[13.59029388  0.52789307]
0.52789306640625, 13.590293884277344, 0.11153501911792138, 0.2696679963943804

[13.76415253  0.56182861]
0.56182861328125, 13.764152526855469, 0.11347430123589819, 0.26968628405963735

[13.61291313  0.51545715]
0.5154571533203125, 13.612913131713867, 0.11081044090197745, 0.26966695885968694

[13.46684837  0.50941467]
0.5094146728515625, 13.466848373413086, 0.11045558071062933, 0.2696675885574068

[13.48946762  0.49697876]
0.496978759765625, 13.48946762084961, 0.10971952807363705, 0.2696715133214741

[13.56508732  0.52016449]
0.5201644897460938, 13.56508731842041, 0.11108560349595391, 0.26966696286739156

[13.71115208  0.52620697]
0.5262069702148438, 13.711152076721191, 0.11143724571424202, 0.26966770225994535

[13.5279243   0.51361275]
0.5136127471923828, 13.527924299240112, 0.1107023093147115, 0.2696670563483037

[13.65007615  0.5220089 ]
0.5220088958740234, 13.650076150894165, 0.11119313648426316, 0.2696671201018805

[13.55846226  0.51571178]
0.515711784362793, 13.558462262153625, 0.11082534385967797, 0.2696669325779178

[13.60628808  0.51100445]
0.5110044479370117, 13.606288075447083, 0.11054913936013493, 0.26966737461609097

[13.57538751  0.51787448]
0.5178744792938232, 13.575387507677078, 0.11095187805328793, 0.26966689898533996

[13.52093664  0.51812911]
0.5181291103363037, 13.520936638116837, 0.11096675037085339, 0.2696668856041762

[13.47494839  0.51946509]
0.5194650888442993, 13.474948391318321, 0.11104477229241028, 0.26966690523548453

[13.53786188  0.52029181]
0.520291805267334, 13.53786188364029, 0.11109302562143021, 0.2696669621002972

[13.55331217  0.51685679]
0.5168567895889282, 13.553312167525291, 0.11089236176721012, 0.26966689848956965

[13.4988613   0.51711142]
0.5171114206314087, 13.49886129796505, 0.11090724691297559, 0.2696668796058486

[13.46059819  0.51672989]
0.5167298913002014, 13.460598193109035, 0.11088492047031552, 0.2696668744511148

[13.42822266  0.51800221]
0.5180022120475769, 13.42822266370058, 0.11095931696036797, 0.2696668579952967

[13.36567791  0.51857492]
0.5185749232769012, 13.365677911788225, 0.11099276998601476, 0.26966684783266104

[13.30533947  0.5171757 ]
0.517175704240799, 13.305339466780424, 0.11091097080058059, 0.26966682318650587

[13.19754088  0.516699  ]
0.5166990011930466, 13.197540881112218, 0.1108830636764378, 0.26966679846957187

[13.1026206   0.51854403]
0.5185440331697464, 13.102620599791408, 0.11099091514950425, 0.2696667693915494

[12.9236318  0.5194511]
0.5194511041045189, 12.923631803132594, 0.11104384981365398, 0.2696667404818863

[12.75549477  0.51757518]
0.5175751820206642, 12.755494772456586, 0.11093422291244767, 0.26966665331256867

[12.4504032   0.51707531]
0.5170753113925457, 12.450403202790767, 0.1109049265833662, 0.26966655733530864

[12.17649412  0.51982741]
0.519827414304018, 12.176494124811143, 0.1110656539816926, 0.26966650999741737

[11.66597075  0.52139162]
0.5213916208595037, 11.665970746660605, 0.11115675287452995, 0.2696664201632535

[11.19274215  0.51901583]
0.5190158281475306, 11.192742146318778, 0.11101803561846973, 0.26966610607217906

[10.32729732  0.51879819]
0.5187981901690364, 10.32729731791187, 0.1110050751361678, 0.2696657131216732

[9.54286486 0.5231145 ]
0.5231144996359944, 9.542864861781709, 0.11125644381261517, 0.2696655941207652

[8.08909569 0.52613409]
0.5261340937577188, 8.08909569127718, 0.11143130076053744, 0.26966504732132596

[6.75042226 0.52354066]
0.5235406630672514, 6.750422262528446, 0.11127978259897436, 0.26966339833068176

[4.29264802 0.52461518]
0.5246151841711253, 4.292648020462366, 0.11133942127650007, 0.2696591712975663

[2.05444639 0.53195109]
0.5319510877598077, 2.054446393827675, 0.11175595361989896, 0.2696477981577972

[-2.08197907  0.53852754]
0.5385275365551934, -2.081979068214423, 0.1121683514362899, 0.2697016881569997

[-1.74200128  0.53043218]
0.5304321781732142, -1.7420012769871391, 0.11170486903316579, 0.2697039303884921

[5.63132145 0.52720861]
0.5272086148615927, 5.6313214492111, 0.11149182163287852, 0.26966244654005067

[0.71577297 0.52935766]
0.5293576570693403, 0.7157729650789406, 0.11157749644605137, 0.2696039526753263

[-1.74200128  0.53043218]
0.5304321781732142, -1.7420012769871391, 0.11170486903316579, 0.2697039303884921

[-1.52242866  0.53669356]
0.5366935606580228, -1.5224286615557503, 0.11206935086710088, 0.2697109520229918

[2.83887885 0.52763478]
0.5276347782928497, 2.838878849957837, 0.11151070029028054, 0.26965358529368405

[-0.06865949  0.53367397]
0.5336739665362984, -0.06865949105122127, 0.1131812697836189, 0.27199811430530424

[2.11199426 0.52914458]
0.5291445753537118, 2.1119942647055723, 0.11159414993229881, 0.26964778334759804

[0.77332084 0.52655114]
0.5265511446632445, 0.773320835956838, 0.11141815579914374, 0.26960824564576846

[-0.62290046  0.52676423]
0.526764226378873, -0.6229004636697937, 0.11153156646705495, 0.26976482968573934

[1.42827058 0.52854949]
0.5285494881100021, 1.4282705826117308, 0.11155235663643015, 0.26963646544720615

[0.06082322 0.52735931]
0.5273593136225827, 0.06082321842404781, 0.11121023393478137, 0.26927555216686344

[-0.62290046  0.52676423]
0.526764226378873, -0.6229004636697937, 0.11153156646705495, 0.26976482968573934

[0.00327535 0.53016583]
0.5301658260286786, 0.003275347546150442, 0.11126807560773166, 0.2695250368401119

[-0.6516744   0.52816748]
0.5281674825819209, -0.6516743991087424, 0.1116102372285674, 0.2697607631492868

[0.37391112 0.52906011]
0.5290601134474855, 0.37391112403201987, 0.11152417012800933, 0.26955038463534187

[-0.30981256  0.52846503]
0.5284650262037758, -0.3098125580618216, 0.11170143834788167, 0.26987977849014466

[0.2029802  0.52891134]
0.5289113416365581, 0.2029802035085595, 0.11146132809750876, 0.26947287485139065

[0.26052807 0.52610483]
0.5261048292304622, 0.26052807438645686, 0.11132392799469762, 0.269507787129621

[0.19621489 0.52712008]
0.5271200784300163, 0.19621489267638026, 0.11135422550799813, 0.2694677630439355

[0.05405791 0.52556805]
0.5255680504160409, 0.05405790759186857, 0.11109035438780585, 0.26926051706959436

[-0.02040324  0.5238964 ]
0.5238964048057824, -0.020403240366476894, 0.11658146886784056, 0.2843547646353577

[-0.08133377  0.52580729]
0.5258072856086073, -0.08133376666046388, 0.11231380512995413, 0.27123550591246715

[0.12682773 0.52679188]
0.526791880224664, 0.12682772784216922, 0.11128227989461542, 0.2693965759032942

[-0.0119466   0.52613548]
0.5261354838139596, -0.011946601826252845, 0.11179824442673193, 0.27191370538902626

[0.09213415 0.52662778]
0.5266277811219879, 0.09213414542506371, 0.11122836384053825, 0.2693412654703636

[0.02274698 0.52629958]
0.5262995829166357, 0.022746980590852672, 0.11103996105634097, 0.2692297899582215

[-0.0119466   0.52613548]
0.5261354838139596, -0.011946601826252845, 0.11179824442673193, 0.27191370538902626

[0.01598167 0.52450832]
0.5245083197100939, 0.015981669758673434, 0.11092005720346737, 0.26926389385586263

[0.02719206 0.52522107]
0.5252210681882161, 0.027192056925017027, 0.1109911410472392, 0.2692227237774354

[-0.00411887  0.5259526 ]
0.5259526006888109, -0.0041188700759988706, 0.1111608124108894, 0.27005656068470635

[0.03951371 0.52566419]
0.5256641879842334, 0.03951371317490171, 0.11105510839994834, 0.2692309866694605

[0.01042532 0.52585646]
0.5258564631206184, 0.01042532434096799, 0.11099316845579402, 0.26932966903789307

[0.03224162 0.52571226]
0.5257122567683297, 0.03224161596641828, 0.11103532747608297, 0.2692225057277006

[0.03668669 0.52463374]
0.5246337420399101, 0.036686692300582635, 0.11098702635605169, 0.26922705490698773

[0.03320176 0.5250502 ]
0.5250502022590915, 0.033201764373150144, 0.11100017364748156, 0.2692232915859106

[0.02623191 0.52588312]
0.5258831226974543, 0.026231908518285163, 0.11102635225409001, 0.2692234820531077

[0.0314593  0.52525843]
0.5252584323686822, 0.0314593004094339, 0.11100669328148047, 0.2692222008747764

[0.03650886 0.52574962]
0.5257496209487957, 0.03650885945083515, 0.11105083206370195, 0.26922659107345104

[0.02952126 0.52535321]
0.525353206378361, 0.02952125755647156, 0.11100604964927352, 0.2692218041413273

[0.02873894 0.52489938]
0.5248993819787136, 0.028738941999487178, 0.11097741472623522, 0.26922201533224766

[0.0268009  0.52499416]
0.5249941559883924, 0.026800899146524837, 0.11097683949440652, 0.26922308677908147

[0.0302947  0.52519236]
0.5251923632736097, 0.030294700093706634, 0.1109992097122637, 0.26922187741773157


------------------------------------------------------------
Sender: LSF System <lsfadmin@n-62-21-24>
Subject: Job 1708259: <minimize_batch_job_this_is_on_purpose_to_utilize_more_kernel> in cluster <dcc> Done

Job <minimize_batch_job_this_is_on_purpose_to_utilize_more_kernel> was submitted from host <gbarlogin2> by user <s174007> in cluster <dcc> at Thu Jan 10 17:20:28 2019
Job was executed on host(s) <n-62-21-24>, in queue <hpc>, as user <s174007> in cluster <dcc> at Thu Jan 10 17:20:29 2019
</zhome/b0/b/127184> was used as the home directory.
</zhome/b0/b/127184/Documents/Projects/machine-learning-on-materials> was used as the working directory.
Started at Thu Jan 10 17:20:29 2019
Terminated at Thu Jan 10 18:08:59 2019
Results reported at Thu Jan 10 18:08:59 2019

Your job looked like:

------------------------------------------------------------
# LSBATCH: User input
#!/bin/bash
##Kør på cpu
#BSUB -q hpc
##Navn på job
#BSUB -J minimize_batch_job_this_is_on_purpose_to_utilize_more_kernel
##Output fil
#BSUB -o output/minimize/linear_GP_deep_batchjobs-%J.out
##Antal kerner
#BSUB -n 1
##Om kernerne må være på forskellige computere
#BSUB -R "span[hosts=1]"
##Ram pr kerne
#BSUB -R "rusage[mem=10GB]"
##Hvor lang tid må den køre hh:mm
#BSUB -W 45:00
##Email når jobbet starter
##og stopper
module purge
module load python3
python3 KRR/minimizer.py linear 10 GP deep [10]
------------------------------------------------------------

Successfully completed.

Resource usage summary:

    CPU time :                                   2908.34 sec.
    Max Memory :                                 1487 MB
    Average Memory :                             1262.17 MB
    Total Requested Memory :                     10240.00 MB
    Delta Memory :                               8753.00 MB
    Max Swap :                                   -
    Max Processes :                              4
    Max Threads :                                5
    Run time :                                   2912 sec.
    Turnaround time :                            2911 sec.

The output (if any) is above this job summary.

