Unloaded module: latex/TeXLive12
Loaded module: python3/3.6.2
[10]
[10.0]
[10.  1.]
1.0, 10.0, 0.11611144552999875, 0.2636992623363952

[10.5  1. ]
1.0, 10.5, 0.11611175861517342, 0.2637001137075615

[10.    1.05]
1.05, 10.0, 0.11774436658292652, 0.263755921958751

[10.5   0.95]
0.95, 10.5, 0.11443756130030587, 0.2636555801034519

[10.75  0.9 ]
0.8999999999999999, 10.75, 0.11272038757851159, 0.2636251115168991

[10.25  0.9 ]
0.8999999999999999, 10.25, 0.1127201137271023, 0.26362432724506163

[10.125  0.85 ]
0.8499999999999996, 10.125, 0.11095772155708374, 0.2636087608743489

[10.875  0.75 ]
0.7499999999999996, 10.875, 0.10729050108629624, 0.2636344496051712

[10.65625  0.8125 ]
0.8124999999999996, 10.65625, 0.10960552984408772, 0.26360948311917876

[10.03125  0.7625 ]
0.7624999999999993, 10.03125, 0.10775936825421983, 0.2636255667036314

[10.5703125  0.865625 ]
0.8656249999999998, 10.5703125, 0.11151364343270342, 0.2636124861900234

[10.2109375  0.796875 ]
0.7968749999999994, 10.2109375, 0.10903377750582073, 0.26361191667899286

[10.30078125  0.8140625 ]
0.8140624999999995, 10.30078125, 0.10966224219865212, 0.2636087360980384

[9.76953125 0.8515625 ]
0.8515624999999996, 9.76953125, 0.11101328813140116, 0.26360837695770817

[9.32617188 0.87109375]
0.8710937499999996, 9.326171875, 0.11170631921662652, 0.2636117793628685

[9.9453125 0.815625 ]
0.8156249999999994, 9.9453125, 0.10971889391645445, 0.2636079687542417

[9.85546875 0.7984375 ]
0.7984374999999995, 9.85546875, 0.10909095270052702, 0.2636109311710436

[9.4140625 0.853125 ]
0.8531249999999995, 9.4140625, 0.11106879269907328, 0.26360796362316385

[8.97070312 0.87265625]
0.8726562499999995, 8.970703125, 0.11176122896672418, 0.2636115032472492

[9.58984375 0.8171875 ]
0.8171874999999993, 9.58984375, 0.10977548358327265, 0.2636071766808644

[9.5 0.8]
0.7999999999999989, 9.5, 0.1091480650382347, 0.26360992093712693

[9.05859375 0.8546875 ]
0.8546874999999994, 9.05859375, 0.11112423342972495, 0.26360751536600274

[9.234375 0.81875 ]
0.8187499999999992, 9.234375, 0.10983200955938427, 0.263606354809319

[9.14453125 0.8015625 ]
0.8015624999999993, 9.14453125, 0.10920511284636547, 0.26360888075205724

[9.765625 0.78125 ]
0.7812499999999991, 9.765625, 0.10845721903903265, 0.2636162744923323

[9.23535156 0.83632812]
0.8363281249999993, 9.2353515625, 0.11046720215386711, 0.2636059240787849

[8.87988281 0.83789062]
0.8378906249999991, 8.8798828125, 0.11052313249445414, 0.26360526585986643

[8.52490234 0.84824219]
0.848242187499999, 8.52490234375, 0.1108938595698598, 0.2636053909022883

[8.88085938 0.85546875]
0.8554687499999991, 8.880859375, 0.11115192920200011, 0.26360727618500523

[9.14599609 0.82792969]
0.8279296874999992, 9.14599609375, 0.1101644002602793, 0.2636056659932382

[8.79052734 0.82949219]
0.8294921874999991, 8.79052734375, 0.11022057795868001, 0.2636048992031865

[8.56811523 0.82607422]
0.826074218749999, 8.568115234375, 0.11009692097152923, 0.26360448271831155

[8.30200195 0.83603516]
0.8360351562499989, 8.302001953125, 0.11045597577466656, 0.26360386424617155

[7.88000488 0.84008789]
0.8400878906249989, 7.8800048828125, 0.11060124032886266, 0.26360298971571905

[7.5682373  0.82827148]
0.8282714843749988, 7.5682373046875, 0.1101754702459683, 0.2636018386375212

[6.91241455 0.82346191]
0.8234619140624986, 6.91241455078125, 0.11000083090440983, 0.2635999311413256

[6.2243042  0.83747559]
0.8374755859374985, 6.22430419921875, 0.11050550268470292, 0.2635971776405547

[5.05239868 0.84317627]
0.8431762695312481, 5.052398681640625, 0.11070798717742138, 0.2635913136080909

[4.08480835 0.82655029]
0.8265502929687478, 4.084808349609375, 0.11010702421051535, 0.2635831643100548

[2.18721008 0.81978149]
0.8197814941406221, 2.1872100830078125, 0.10985045978566424, 0.26354909499404006

[0.32719421 0.83949585]
0.8394958496093716, 0.3271942138671875, 0.11044058655485692, 0.26318501415087286

[-2.96541595  0.84751282]
0.8475128173828081, -2.9654159545898438, 0.11089454876948271, 0.2636842579072432

[-2.53799438  0.81610107]
0.8161010742187456, -2.537994384765625, 0.10976450752449374, 0.26369310527345524

[3.15480042 0.83640747]
0.8364074707031225, 3.1548004150390625, 0.11045839820316088, 0.26357121611563206

[-0.64039612  0.82286987]
0.8228698730468712, -0.6403961181640625, 0.11008539641191438, 0.26391638025465314

[2.20600128 0.83302307]
0.8330230712890596, 2.2060012817382812, 0.11032918117992621, 0.26354898245883795

[0.34598541 0.85273743]
0.8527374267578092, 0.34598541259765625, 0.1109193567273764, 0.26320480078519803

[-1.53282166  0.85921021]
0.8592102050781212, -1.5328216552734375, 0.11133156990816419, 0.2637441740854953

[1.27129555 0.83956985]
0.8395698547363251, 1.2712955474853516, 0.11054678010547435, 0.26349621338407264

[-0.59811592  0.85266342]
0.8526634216308557, -0.5981159210205078, 0.11116755954224945, 0.2639450841602833

[0.80394268 0.84284325]
0.8428432464599578, 0.8039426803588867, 0.11064082601106799, 0.2634269532286957

[-0.13076305  0.84939003]
0.849390029907223, -0.13076305389404297, 0.11175310772042366, 0.26594537543847735

[0.57026625 0.84447994]
0.8444799423217741, 0.5702662467956543, 0.11067488147308717, 0.2633538122505153

[0.10291338 0.84775333]
0.8477533340454066, 0.10291337966918945, 0.11054465935826738, 0.2625974083325248

[-0.13076305  0.84939003]
0.849390029907223, -0.13076305389404297, 0.11175310772042366, 0.26594537543847735

[0.08412218 0.83451176]
0.8345117568969691, 0.0841221809387207, 0.11003417050350564, 0.2624744709701334

[-0.04680943  0.82539892]
0.8253989219665492, -0.04680943489074707, 0.14571758709042879, 0.3573661398363107

[-0.14015865  0.84276924]
0.8427692413330041, -0.14015865325927734, 0.11141955053617585, 0.26568254888760734

[0.210356  0.8403142]
0.8403141975402797, 0.2103559970855713, 0.11040829296808491, 0.26299743195919056

[-0.02332044  0.84195089]
0.8419508934020961, -0.023320436477661133, 0.11188798740847172, 0.26530501949364527

[0.15193689 0.84072337]
0.8407233715057338, 0.15193688869476318, 0.11036811039369553, 0.26282846605791493

[0.03509867 0.84154172]
0.8415417194366419, 0.03509867191314697, 0.1101339734574315, 0.26196218919762415

[-0.02332044  0.84195089]
0.8419508934020961, -0.023320436477661133, 0.11188798740847172, 0.26530501949364527

[0.01630747 0.82830014]
0.8283001422882044, 0.016307473182678223, 0.10959181937357615, 0.2616795577622541

[-0.02699548  0.81857355]
0.8185735464096031, -0.026995480060577393, 0.11286494749281033, 0.26977272425180837

[-0.03271604  0.8353301 ]
0.8353301048278772, -0.03271603584289551, 0.1242992941964322, 0.29616484861744613

[0.05491263 0.83471634]
0.8347163438796961, 0.05491262674331665, 0.1099614436523133, 0.2622102024517242

[-0.00350648  0.83512552]
0.8351255178451502, -0.003506481647491455, 0.10986028367536077, 0.2615125426396976

[-0.03271604  0.8353301 ]
0.8353301048278774, -0.03271603584289551, 0.12429929419643232, 0.2961648486174459

[-0.02229768  0.82188394]
0.8218839406967127, -0.022297680377960205, 0.11082913821728124, 0.2645979969753519

[0.02074958 0.83662727]
0.8366272747516597, 0.020749583840370178, 0.10990433119166985, 0.2617476816314498

[-0.00794859  0.82679839]
0.8267983853816949, -0.00794859230518341, 0.10963369537031668, 0.2616118740047571

[-0.02776255  0.83362376]
0.8336237609386408, -0.02776254713535309, 0.11407423684859071, 0.27124849279986574

[0.00528997 0.82963105]
0.8296310469508135, 0.005289968103170395, 0.10962029616922091, 0.26152801684712845

[0.00973208 0.83795818]
0.8379581794142688, 0.00973207876086235, 0.10992068681632776, 0.26158096206341236

[0.00531191 0.83516823]
0.8351682309061254, 0.00531191099435091, 0.10981861114745572, 0.26152812243263934

[-0.00352842  0.82958833]
0.8295883338898383, -0.0035284245386719704, 0.10966117312075785, 0.26151166668777126

[-0.00794859  0.82679839]
0.8267983853816949, -0.00794859230518341, 0.10963369537031668, 0.2616118740047571

[-0.01232487  0.8350828 ]
0.8350828047841752, -0.01232487428933382, 0.1100844733707048, 0.2618860887621287

[0.00088626 0.83099399]
0.8309939864091539, 0.0008862575050443411, 0.10967919692299476, 0.26149766198288016

[0.00086431 0.8254568 ]
0.825456802453842, 0.0008643146138638258, 0.10948013414351936, 0.2614973680619022

[0.00304971 0.82062244]
0.8206224447581878, 0.0030497127445414662, 0.10929913351686375, 0.26150897777092297

[0.005279   0.82686245]
0.8268624549731575, 0.005278996657580137, 0.10952093036556836, 0.26152806000230017

[-0.00132657  0.82890686]
0.828906864160668, -0.0013265692396089435, 0.109616743391721, 0.2614970045087034

[-0.00134851  0.82336968]
0.8233696802053562, -0.0013485121307894588, 0.10941725952384931, 0.26149660885584025

[-0.0024659   0.81955753]
0.8195575271034572, -0.0024658969487063587, 0.10928827573134528, 0.26150139913912973

[-0.0035394   0.82681974]
0.8268197419121823, -0.003539395984262228, 0.10956140999877574, 0.2615113248101752

[-2.36613036e-04  8.25797537e-01]
0.8257975373184271, -0.00023661303566768765, 0.10949780901475377, 0.26149547623719066

[-2.58555927e-04  8.20260353e-01]
0.8202603533631152, -0.00025855592684820294, 0.1092981226235572, 0.2614953260200721

[2.75450730e-04 8.15937098e-01]
0.8159370979643388, 0.0002754507295321673, 0.10913903002895478, 0.26149606632485906

[0.00085334 0.82268821]
0.822688210476186, 0.0008533431682735682, 0.10938039413519808, 0.2614973181413723

[-7.98048306e-04  8.23199313e-01]
0.8231993127730637, -0.000798048306023702, 0.10940743487402495, 0.2614955564529494

[3.02879344e-04 8.22858578e-01]
0.8228585779084785, 0.00030287934350781143, 0.1093890312466699, 0.26149597670160635

[-5.22816394e-04  8.23114129e-01]
0.8231141290569174, -0.0005228163936408237, 0.10940268397847039, 0.2614953588204918

[-5.44759285e-04  8.17576945e-01]
0.8175769451016054, -0.000544759284821339, 0.10920270043205127, 0.2614953106170733

[-6.98832409e-04  8.13466649e-01]
0.8134666489931945, -0.0006988324093981646, 0.10905469172191862, 0.26149549500598884

[-2.80498818e-04  8.14723169e-01]
0.8147231694078033, -0.00028049881802871823, 0.1090978774516064, 0.26149543869666475

[-4.62237000e-04  8.21016389e-01]
0.8210163891446389, -0.0004622369997377973, 0.10932658575466334, 0.2614952959908053

[-7.48440358e-04  8.18332981e-01]
0.818332980883129, -0.0007484403577109333, 0.10923127012321773, 0.2614954115724318

[-3.81027035e-04  8.19778510e-01]
0.8197785102431187, -0.00038102703456388554, 0.10928139009588683, 0.2614952886340329

[-2.98504749e-04  8.23217954e-01]
0.8232179542861523, -0.0002985047494803439, 0.10940513950319405, 0.2614953562791392

[-4.83195651e-04  8.18987197e-01]
0.8189871973977421, -0.0004831956509860902, 0.10925336253337, 0.26149528769751956

[-4.01985686e-04  8.17749318e-01]
0.8177493184962219, -0.0004019856858121784, 0.10920812238274538, 0.26149530154282813

[-4.47174171e-04  8.20199621e-01]
0.8201996214825347, -0.0004471741712563926, 0.10929698670914163, 0.26149528670759054

[-5.49342788e-04  8.19408309e-01]
0.8194083086371581, -0.0005493427876785972, 0.10926897389178214, 0.26149530077924965

[-4.23105973e-04  8.19685960e-01]
0.8196859598416285, -0.00042310597284256346, 0.10927828303804143, 0.26149528474340417


------------------------------------------------------------
Sender: LSF System <lsfadmin@n-62-21-104>
Subject: Job 1708353: <minimize_batch_job_this_is_on_purpose_to_utilize_more_kernel> in cluster <dcc> Done

Job <minimize_batch_job_this_is_on_purpose_to_utilize_more_kernel> was submitted from host <gbarlogin2> by user <s174007> in cluster <dcc> at Thu Jan 10 17:20:38 2019
Job was executed on host(s) <n-62-21-104>, in queue <hpc>, as user <s174007> in cluster <dcc> at Thu Jan 10 17:20:39 2019
</zhome/b0/b/127184> was used as the home directory.
</zhome/b0/b/127184/Documents/Projects/machine-learning-on-materials> was used as the working directory.
Started at Thu Jan 10 17:20:39 2019
Terminated at Thu Jan 10 18:20:25 2019
Results reported at Thu Jan 10 18:20:25 2019

Your job looked like:

------------------------------------------------------------
# LSBATCH: User input
#!/bin/bash
##Kør på cpu
#BSUB -q hpc
##Navn på job
#BSUB -J minimize_batch_job_this_is_on_purpose_to_utilize_more_kernel
##Output fil
#BSUB -o output/minimize/linear_GP_newest_batchjobs-%J.out
##Antal kerner
#BSUB -n 1
##Om kernerne må være på forskellige computere
#BSUB -R "span[hosts=1]"
##Ram pr kerne
#BSUB -R "rusage[mem=10GB]"
##Hvor lang tid må den køre hh:mm
#BSUB -W 45:00
##Email når jobbet starter
##og stopper
module purge
module load python3
python3 KRR/minimizer.py linear 1 GP newest [10]
------------------------------------------------------------

Successfully completed.

Resource usage summary:

    CPU time :                                   3584.32 sec.
    Max Memory :                                 2017 MB
    Average Memory :                             1782.47 MB
    Total Requested Memory :                     10240.00 MB
    Delta Memory :                               8223.00 MB
    Max Swap :                                   -
    Max Processes :                              4
    Max Threads :                                5
    Run time :                                   3587 sec.
    Turnaround time :                            3587 sec.

The output (if any) is above this job summary.

