Unloaded module: latex/TeXLive12
Loaded module: python3/3.6.2
[10]
[10.0]
[10. 10.]
10.0, 10.0, 0.32008887204223574, 0.3380954163890698

[10.5 10. ]
10.0, 10.5, 0.3200892299867034, 0.3380946698891131

[10.  10.5]
10.5, 10.0, 0.32268031611387504, 0.3398060128998855

[10.5  9.5]
9.5, 10.5, 0.3173677343404169, 0.3363183355232287

[10.75  9.  ]
9.0, 10.75, 0.3145020385618608, 0.33447028259295863

[11.25  9.  ]
9.0, 11.25, 0.31450233934305705, 0.3344697139539681

[11.875  8.5  ]
8.5, 11.875, 0.31147564576655346, 0.33254361320640824

[12.125  7.5  ]
7.5, 12.125, 0.3048547432310879, 0.32842865540158905

[12.9375  6.25  ]
6.25, 12.9375, 0.2952214551728068, 0.322690097731534

[14.0625  5.75  ]
5.75, 14.0625, 0.2908178347196058, 0.32016915751513786

[15.71875  4.125  ]
4.125, 15.71875, 0.27327041488893916, 0.31079897102691334

[16.78125  1.875  ]
1.875, 16.78125, 0.23161745366920355, 0.29310520146480795

[19.234375 -1.4375  ]
-1.4375, 19.234375, 33.64936279500421, 35.86101867522677

[19.5625 -0.25  ]
-0.25, 19.5625, 19.93659670143015, 28.23218030664475

[14.59375  4.625  ]
4.625, 14.59375, 0.27931678293768814, 0.3139038121465577

[17.90625  1.375  ]
1.375, 17.90625, 0.21540725669189978, 0.2879886636217334

[19.5625 -0.25  ]
-0.25, 19.5625, 19.93659670143015, 28.23218030664475

[18.96875 -0.875  ]
-0.875, 18.96875, 4.1188592854936354, 4.529924994585173

[16.53125  2.875  ]
2.875, 16.53125, 0.25417812516296295, 0.3018797255876176

[18.15625  0.375  ]
0.375, 18.15625, 0.15323675331187794, 0.27774819624347513

[18.96875 -0.875  ]
-0.875, 18.96875, 4.1188592854936354, 4.529924994585173

[19.28125 -0.125  ]
-0.125, 19.28125, 20.173068091921976, 34.416814406863836

[17.40625  1.375  ]
1.375, 17.40625, 0.21540720110853057, 0.28798862441150047

[17.65625  0.375  ]
0.375, 17.65625, 0.15323672264726518, 0.2777481555036401

[17.53125 -0.125  ]
-0.125, 17.53125, 20.175574635767557, 34.42092067224322

[18.40625 -0.625  ]
-0.625, 18.40625, 10.68365672603301, 12.704595871754863

[17.65625  0.875  ]
0.875, 17.65625, 0.19238727883240117, 0.2824326698455285

[18.15625 -0.125  ]
-0.125, 18.15625, 20.17462382935105, 34.41936304295294

[17.78125  0.625  ]
0.625, 17.78125, 0.17605130117301285, 0.27972532009777396

[18.03125  0.125  ]
0.125, 18.03125, 0.11522846066516898, 0.2800499053197727

[17.84375  0.5    ]
0.5, 17.84375, 0.16574976305345707, 0.27856348897582917

[17.96875  0.25   ]
0.25, 17.96875, 0.13730389471660384, 0.27773461130770544

[18.03125  0.125  ]
0.125, 18.03125, 0.11522846066516898, 0.2800499053197727

[17.46875  0.25   ]
0.25, 17.46875, 0.13730387028964214, 0.2777345783928057

[17.125   0.1875]
0.1875, 17.125, 0.12732982495382447, 0.27839015886007396

[17.78125  0.125  ]
0.125, 17.78125, 0.11522845365355247, 0.28004989650453654

[17.6875  0.3125]
0.3125, 17.6875, 0.14581137825176027, 0.2775913304761665

[17.1875  0.3125]
0.3125, 17.1875, 0.14581134917407762, 0.27759129139233096

[16.796875  0.34375 ]
0.34375, 16.796875, 0.14964153681414988, 0.27764058219618687

[17.40625  0.375  ]
0.375, 17.40625, 0.15323670665496944, 0.2777481342570371

[17.453125  0.28125 ]
0.28125, 17.453125, 0.14171263977393367, 0.2776155997683447

[17.421875  0.34375 ]
0.34375, 17.421875, 0.14964157677075102, 0.27764063563911506

[17.4453125  0.296875 ]
0.296875, 17.4453125, 0.14379794230685217, 0.277593096677742

[17.4296875  0.328125 ]
0.328125, 17.4296875, 0.1477577825389897, 0.2776078431949014

[17.44140625  0.3046875 ]
0.3046875, 17.44140625, 0.14481332076850872, 0.27758977312836636

[16.94140625  0.3046875 ]
0.3046875, 16.94140625, 0.1448132913115258, 0.2775897334990374

[16.56835938  0.30078125]
0.30078125, 16.568359375, 0.1443077844652502, 0.2775907379599333

[17.1953125  0.296875 ]
0.296875, 17.1953125, 0.1437979280296458, 0.27759307745571304

[17.18945312  0.30859375]
0.30859375, 17.189453125, 0.1453144568500399, 0.2775899332914699

[17.19335938  0.30078125]
0.30078125, 17.193359375, 0.14430782235536546, 0.2775907889546935

[17.19042969  0.30664062]
0.306640625, 17.1904296875, 0.14506441847731544, 0.2775896938892625

[16.69042969  0.30664062]
0.306640625, 16.6904296875, 0.14506438802267685, 0.2775896529265916

[16.31494141  0.30761719]
0.3076171875, 16.31494140625, 0.14518951668113617, 0.27758970301669633

[16.93945312  0.30859375]
0.30859375, 16.939453125, 0.14531444178721437, 0.2775899130358353

[16.94091797  0.30566406]
0.3056640625, 16.94091796875, 0.1449389822114135, 0.2775896659282301

[16.44091797  0.30566406]
0.3056640625, 16.44091796875, 0.14493895090125897, 0.2775896238103561

[16.06616211  0.30517578]
0.30517578125, 16.066162109375, 0.14487611452603513, 0.277589614905643

[15.81567383  0.30615234]
0.30615234375, 15.815673828125, 0.14500165317105093, 0.2775895618357784

[15.25305176  0.30639648]
0.306396484375, 15.2530517578125, 0.14503295931042762, 0.27758951130960197

[14.62878418  0.30493164]
0.304931640625, 14.6287841796875, 0.14484457689361926, 0.2775894909204203

[13.59796143  0.30407715]
0.3040771484375, 13.59796142578125, 0.1447343447532041, 0.2775894748147381

[12.78485107  0.30529785]
0.3052978515625, 12.78485107421875, 0.14489154543136454, 0.27758923262362234

[11.14419556  0.30535889]
0.30535888671875, 11.144195556640625, 0.14489919786380018, 0.2775889592852239

[9.48910522 0.30303955]
0.30303955078125, 9.489105224609375, 0.14459976943511907, 0.2775889385361621

[6.60713196 0.30136108]
0.301361083984375, 6.6071319580078125, 0.14438152296658668, 0.2775883917104984

[4.15336609 0.30264282]
0.302642822265625, 4.1533660888671875, 0.14454610555432162, 0.27758589414149426

[-0.56893158  0.30192566]
0.3019256591796875, -0.5689315795898438, 0.14448869571635278, 0.2776338961907508

[-0.38369751  0.29864502]
0.29864501953125, -0.383697509765625, 0.14407726334312568, 0.27765622057283545

[8.26222229 0.30368042]
0.303680419921875, 8.262222290039062, 0.14468231272835, 0.2775884347865254

[2.49827576 0.30032349]
0.300323486328125, 2.4982757568359375, 0.14424242665928336, 0.27758308936136333

[-0.38369751  0.29864502]
0.29864501953125, -0.383697509765625, 0.14407726334312568, 0.27765622057283545

[0.04450989 0.30160522]
0.301605224609375, 0.0445098876953125, 0.14413131225518577, 0.27721239543850046

[-3.23680115  0.30172729]
0.301727294921875, -3.2368011474609375, 0.1444370343354685, 0.2775990230099661

[-1.61058044  0.29928589]
0.299285888671875, -1.6105804443359375, 0.1441249674766709, 0.2776074215013542

[2.71237946 0.30180359]
0.3018035888671875, 2.7123794555664062, 0.14443519144063702, 0.27758320188186764

[-0.16959381  0.30012512]
0.3001251220703125, -0.16959381103515625, 0.14433526515964468, 0.27774327379210334

[1.99188614 0.30138397]
0.30138397216796875, 1.9918861389160156, 0.14437847936249215, 0.2775802909503115

[-0.46187973  0.30266571]
0.30266571044921875, -0.4618797302246094, 0.1445921210721002, 0.27764386974105815

[1.75823689 0.30090904]
0.30090904235839844, 1.7582368850708008, 0.14431567674319615, 0.2775789594870528

[-0.18913937  0.30113029]
0.3011302947998047, -0.18913936614990234, 0.14445363679446285, 0.2777261675373384

[1.44662976 0.30132055]
0.30132055282592773, 1.4466297626495361, 0.14436703037804996, 0.2775759871868584

[-0.26709723  0.30201674]
0.3020167350769043, -0.26709723472595215, 0.14453802729171247, 0.27768448189251566

[1.25190336 0.30118597]
0.3011859655380249, 1.2519033551216125, 0.14434774019382576, 0.2775735950979933

[-0.15021652  0.30147064]
0.30147063732147217, -0.15021651983261108, 0.14452649587646865, 0.2777648152108725

[1.04741819 0.30135807]
0.30135807394981384, 1.0474181920289993, 0.14436744973412644, 0.2775699868041267

[-0.15997528  0.30177733]
0.30177733302116394, -0.15997527539730072, 0.1445577527351634, 0.2777531603849296

[0.8989337  0.30133381]
0.30133380740880966, 0.8989336974918842, 0.14436165411029558, 0.2775664382173532

[-0.10397461  0.30158096]
0.3015809580683708, -0.1039746068418026, 0.14460713703649342, 0.27785462637997055

[0.75956999 0.30141379]
0.3014137949794531, 0.7595699923112988, 0.1443686261111813, 0.2775618238993268

[-0.09485382  0.30168521]
0.3016852121800184, -0.09485381748527288, 0.14464275984050587, 0.2778845659174868

[0.65048682 0.30142166]
0.30142165860161185, 0.650486818747595, 0.14436598473931955, 0.27755689859693017

[-0.06457329  0.30161309]
0.30161308823153377, -0.0645732858683914, 0.14476339032157817, 0.2780613478634536

[0.55353417 0.30146362]
0.30146361829247326, 0.5535341727663763, 0.14436699493056146, 0.27755092277256493

[-0.05244276  0.30164718]
0.3016471843002364, -0.052442758285906166, 0.14487662200634865, 0.2782097458203358

[0.47475442 0.30147804]
0.301478040026268, 0.4747544244892197, 0.14436397245276095, 0.27754434205890877

[-0.03426986  0.30161965]
0.30161964634316973, -0.034269860581844114, 0.14526642686256952, 0.27874901697319665

[0.40658316 0.30150263]
0.3015026253051474, 0.4065831644293212, 0.1443614529008391, 0.2775366637304366

[-0.02366137  0.30162981]
0.3016298098882544, -0.023661372364585986, 0.14606636328556374, 0.2798525515262215

[0.35015048 0.30151598]
0.3015159824917646, 0.35015047527576826, 0.1443568503700315, 0.2775281514760906

[-0.0119228   0.30161858]
0.3016185817959922, -0.011922801458240428, 0.1584534620348811, 0.29744674140097316

[0.30195667 0.30153161]
0.3015316144278586, 0.3019566729574308, 0.14435168575969404, 0.27751849100550957

[-0.00368391  0.30162086]
0.301620856545469, -0.0036839146230249753, 0.14617578722403687, 0.280378790833854

[0.26169188 0.3015422 ]
0.3015422010051907, 0.26169187780106995, 0.14434513479788413, 0.2775078547225853

[0.00424509 0.30161581]
0.3016158111867071, 0.004245092538951667, 0.14380338331431786, 0.27682503443820183

[-0.1446107   0.30165791]
0.30165790956613137, -0.1446106976702879, 0.1445563772213171, 0.2777723002904658

[-0.2129369   0.30167883]
0.3016788347908914, -0.21293689756680578, 0.14451298446614638, 0.277709946394414

[0.14303468 0.30157636]
0.30157635945161587, 0.14303468395910102, 0.14430288660055632, 0.2774453116826457

[-0.0942797   0.30164468]
0.30164467634446623, -0.09427970372483685, 0.14463903734665295, 0.2778866663468805

[0.08370609 0.30159344]
0.30159343867482846, 0.08370608703811655, 0.14424032802348377, 0.27735885410095285

[-0.03495111  0.3016276 ]
0.30162759712125364, -0.03495110680385238, 0.14524125343894081, 0.27871297847789983

[0.05404179 0.30160198]
0.30160197828643476, 0.05404178857762432, 0.14416874758530757, 0.2772623702181965

[-0.00528681  0.30161906]
0.30161905750964735, -0.00528680834336015, 0.15117262865500625, 0.2876767892363895

[0.03920964 0.30160625]
0.3016062480922379, 0.0392096393473782, 0.1441051064857406, 0.277177758874102

[-0.00105516  0.30161683]
0.30161683466957, -0.001055155808982633, 0.14430343674862933, 0.27761218461111076

[0.03311863 0.30160813]
0.30160812712442375, 0.03311862681923872, 0.14406871033977445, 0.2771297866719871

[-0.00184592  0.30161769]
0.30161769021889295, -0.0018459199891878164, 0.14459299328114833, 0.2780458143778761

[0.02894575 0.30160911]
0.30160910862390167, 0.028945749513236696, 0.14403871808229024, 0.27709056761931744

[7.22152329e-05 3.01616793e-01]
0.301616792686185, 7.221523294964616e-05, 0.14405938003780813, 0.27724095133413773

[0.02485702 0.30161029]
0.30161029351486407, 0.02485702392266645, 0.14400441393459523, 0.2770459898976547

[1.56366948e-04 3.01616996e-01]
0.30161699607766956, 0.00015636694838142007, 0.14404646776366495, 0.27722100315980425

[0.0217484  0.30161108]
0.30161108048734364, 0.021748403872022877, 0.14397446580847179, 0.27700742615221036

[0.00113647 0.3016166 ]
0.3016165981591867, 0.0011364724883080948, 0.1439316650024522, 0.27704179812884033

[0.00706661 0.30161502]
0.30161502199810597, 0.007066610346897685, 0.14380201613960447, 0.27680385809777713

[-0.0104367   0.30161975]
0.30161975269746943, -0.010436700986173525, 0.17831638100619285, 0.3265243916165559

[0.01370213 0.30161325]
0.3016132485398751, 0.013702127657473777, 0.14387994094576953, 0.27688886418632164

[-0.00239042  0.30161758]
0.301617584644938, -0.0023904247716244244, 0.14488648867164222, 0.278481904020493

[0.00967899 0.30161433]
0.3016143325661408, 0.009678989550199225, 0.1438281091020827, 0.27682851742390563

[0.00163271 0.3016165 ]
0.3016165006186723, 0.0016327133356501267, 0.14389290270544583, 0.2769797686408209

[0.00766742 0.30161487]
0.30161487457927366, 0.007667420496561951, 0.14380673681796272, 0.27680734607521723

[0.01048894 0.30161409]
0.3016140853906726, 0.010488938304507969, 0.14383810175426484, 0.27683957914488555

[0.00580605 0.30161538]
0.3016153797376985, 0.005806053980340743, 0.14379650396869578, 0.27680366591527855

[0.00520524 0.30161553]
0.3016155271565308, 0.005205243830676477, 0.1437968548044062, 0.27680831308228004

[0.00705188 0.30161504]
0.30161503772358794, 0.007051876330090582, 0.14380191589811372, 0.27680379555489565

[0.00579132 0.3016154 ]
0.3016153954631804, 0.00579131996353364, 0.1437964868344206, 0.27680373683156406

[0.0045455  0.30161574]
0.3016157374772909, 0.004545497613783801, 0.14380040351862874, 0.2768183487441417

[0.00642528 0.30161521]
0.3016152126620137, 0.006425281651013887, 0.14379833101111683, 0.27680234335594556


------------------------------------------------------------
Sender: LSF System <lsfadmin@n-62-21-16>
Subject: Job 1708319: <minimize_batch_job_this_is_on_purpose_to_utilize_more_kernel> in cluster <dcc> Done

Job <minimize_batch_job_this_is_on_purpose_to_utilize_more_kernel> was submitted from host <gbarlogin2> by user <s174007> in cluster <dcc> at Thu Jan 10 17:20:34 2019
Job was executed on host(s) <n-62-21-16>, in queue <hpc>, as user <s174007> in cluster <dcc> at Thu Jan 10 17:20:35 2019
</zhome/b0/b/127184> was used as the home directory.
</zhome/b0/b/127184/Documents/Projects/machine-learning-on-materials> was used as the working directory.
Started at Thu Jan 10 17:20:35 2019
Terminated at Thu Jan 10 17:45:38 2019
Results reported at Thu Jan 10 17:45:38 2019

Your job looked like:

------------------------------------------------------------
# LSBATCH: User input
#!/bin/bash
##Kør på cpu
#BSUB -q hpc
##Navn på job
#BSUB -J minimize_batch_job_this_is_on_purpose_to_utilize_more_kernel
##Output fil
#BSUB -o output/minimize/linear_GP_faulty_batchjobs-%J.out
##Antal kerner
#BSUB -n 1
##Om kernerne må være på forskellige computere
#BSUB -R "span[hosts=1]"
##Ram pr kerne
#BSUB -R "rusage[mem=10GB]"
##Hvor lang tid må den køre hh:mm
#BSUB -W 45:00
##Email når jobbet starter
##og stopper
module purge
module load python3
python3 KRR/minimizer.py linear 10 GP faulty [10]
------------------------------------------------------------

Successfully completed.

Resource usage summary:

    CPU time :                                   1501.60 sec.
    Max Memory :                                 790 MB
    Average Memory :                             637.98 MB
    Total Requested Memory :                     10240.00 MB
    Delta Memory :                               9450.00 MB
    Max Swap :                                   -
    Max Processes :                              4
    Max Threads :                                5
    Run time :                                   1503 sec.
    Turnaround time :                            1504 sec.

The output (if any) is above this job summary.

