Unloaded module: latex/TeXLive12
Loaded module: python3/3.6.2
[10]
[10.0]
[1.e+01 1.e-06]
1e-06, 10.0, 0.07608826872176355, 0.3084194615873093

[1.05e+01 1.00e-06]
1e-06, 10.5, 0.07608826872225563, 0.3084194880594955

[1.00e+01 1.05e-06]
1.05e-06, 10.0, 0.07608826981634421, 0.30839252862268135

[9.50e+00 1.05e-06]
1.05e-06, 9.5, 0.076088269816179, 0.30839250400984586

[9.000e+00 1.075e-06]
1.0749999999999999e-06, 9.0, 0.07608827038030394, 0.30837904096250895

[9.000e+00 1.125e-06]
1.125e-06, 9.0, 0.0760882715483424, 0.30835223093825914

[8.5000e+00 1.1875e-06]
1.1875e-06, 8.5, 0.07608827307710658, 0.3083187849024553

[7.5000e+00 1.2125e-06]
1.2125e-06, 7.5, 0.07608827371022764, 0.30830537968947985

[6.25000e+00 1.29375e-06]
1.2937500000000001e-06, 6.25, 0.07608827585169482, 0.3082620537368883

[5.75000e+00 1.40625e-06]
1.4062500000000003e-06, 5.75, 0.07608827902683742, 0.3082025173757707

[4.125000e+00 1.571875e-06]
1.5718750000000005e-06, 4.125, 0.07608828413768157, 0.30811532343296366

[1.875000e+00 1.678125e-06]
1.6781250000000006e-06, 1.875, 0.07608828768655146, 0.3080586013568507

[-1.4375000e+00  1.9234375e-06]
1.923437500000001e-06, -1.4375, 0.07608829666775822, 0.30793842995171034

[-3.5625000e+00  2.2015625e-06]
2.2015625000000014e-06, -3.5625, 0.07608830814487176, 0.3077951641231471

[-8.46875000e+00  2.65546875e-06]
2.6554687500000023e-06, -8.46875, 0.07608832970978595, 0.3075687104923045

[-1.40312500e+01  3.00703125e-06]
3.0070312500000028e-06, -14.03125, 0.07608834872141183, 0.3073976245690165

[-2.31093750e+01  3.72460938e-06]
3.724609375000004e-06, -23.109375, 0.07608839337819774, 0.3070589705789637

[-3.01406250e+01  4.45664063e-06]
4.456640625000005e-06, -30.140625, 0.07608844644057901, 0.30672706586678783

[-4.44921875e+01  5.72324219e-06]
5.723242187500007e-06, -44.4921875, 0.07608855418123196, 0.30618292276869413

[-5.91328125e+01  6.79238281e-06]
6.79238281250001e-06, -59.1328125, 0.0760886588867922, 0.30575119690506974

[-8.44648438e+01  8.86083984e-06]
8.860839843750014e-06, -84.46484375, 0.0760888909252882, 0.3049805483814708

[-1.05847656e+02  1.08594727e-05]
1.0859472656250018e-05, -105.84765625, 0.07608914441390205, 0.3043078684617553

[-1.47216797e+02  1.44269043e-05]
1.4426904296875024e-05, -147.216796875, 0.07608964676749348, 0.30325575846285235

[-1.87189453e+02  1.75645020e-05]
1.756450195312503e-05, -187.189453125, 0.07609012214472437, 0.30246146395097556

[-2.58538086e+02  2.34851318e-05]
2.3485131835937542e-05, -258.5380859375, 0.07609105649322821, 0.30122284775923247

[-3.21290039e+02  2.90511963e-05]
2.9051196289062556e-05, -321.2900390625, 0.07609193898099864, 0.3002950319724433

[-4.39702637e+02  3.91463745e-05]
3.914637451171883e-05, -439.70263671875, 0.07609347379740855, 0.29901832136303197

[-5.51023926e+02  4.82046021e-05]
4.8204602050781355e-05, -551.02392578125, 0.07609474129431358, 0.29817709509197515

[-7.52927490e+02  6.50934509e-05]
6.509345092773452e-05, -752.927490234375, 0.07609680630077173, 0.2970790702005031

[-9.34092041e+02  8.07546936e-05]
8.075469360351582e-05, -934.092041015625, 0.07609841091355031, 0.2963934222183145

[-1.27186902e+03  1.09389474e-04]
0.00010938947448730495, -1271.8690185546875, 0.0761007518297096, 0.29558268564750567

[-1.58509387e+03  1.35336551e-04]
0.00013533655090332064, -1585.0938720703125, 0.07610239894170936, 0.2951167210657331

[-2.15778949e+03  1.83431639e-04]
0.00018343163909912156, -2157.7894897460938, 0.07610470684974065, 0.29457725021824654

[-2.67673102e+03  2.27727663e-04]
0.00022772766265869202, -2676.7310180664062, 0.07610631359962863, 0.2942664518558629

[-3.63863278e+03  3.09044769e-04]
0.0003090447685241708, -3638.632781982422, 0.07610859532639157, 0.2939016949365072

[-4.52455325e+03  3.83086933e-04]
0.0003830869331359874, -4524.553253173828, 0.07611030438333174, 0.2936795880809378

[-6.15089537e+03  5.19935662e-04]
0.0005199356624603287, -6150.895370483398, 0.07611315237775718, 0.29338803735685065

[-7.63173866e+03  6.45548792e-04]
0.0006455487918853779, -7631.738662719727, 0.07611574383337838, 0.2931851990542717

[-1.03687132e+04  8.76607368e-04]
0.0008766073682785062, -10368.713249206543, 0.07612091387856376, 0.29288499050280875

[-1.28809758e+04  1.08749826e-03]
0.001087498262214664, -12880.97583770752, 0.07612628724294966, 0.2926537813600676

[-1.75021474e+04  1.47672501e-03]
0.0014767250090599103, -17502.14736557007, 0.07613801193456984, 0.2922830940764138

[-2.17199652e+04  1.83339671e-03]
0.0018333967148780874, -21719.965244293213, 0.07615077633589942, 0.2919824121637429

[-2.95045002e+04  2.49012724e-03]
0.002490127241086967, -29504.50018119812, 0.07617893918737184, 0.29148987284174566

[-3.66379343e+04  3.09024488e-03]
0.0030902448818683707, -36637.934297561646, 0.0762094195901559, 0.2910879912639407

[-4.97725448e+04  4.19706364e-03]
0.004197063638663304, -49772.5448217392, 0.07627585744697789, 0.29043008236594514

[-6.17748976e+04  5.21046587e-03]
0.005210465870690361, -61774.89763736725, 0.07634660067746228, 0.28989678301499033

[-8.39112728e+04  7.07733630e-03]
0.007077336301505585, -83911.27277326584, 0.07649705350048491, 0.28903613403655054

[-1.04179317e+05  8.78427270e-03]
0.00878427269908192, -104179.31741380692, 0.07665302787852099, 0.28834999210100565

[-1.41516726e+05  1.19313454e-02]
0.011931345428079396, -141516.7260301113, 0.076975417682252, 0.2872606857696765

[-1.75655454e+05  1.48116181e-02]
0.014811618090921679, -175655.45398163795, 0.07730005411545061, 0.28640694781179504

[-2.38596909e+05  2.01188953e-02]
0.020118895317050866, -238596.90856158733, 0.07794866806123377, 0.28507811371482844

[-2.96202362e+05  2.49729044e-02]
0.02497290444362468, -296202.3618184328, 0.07857996041247363, 0.28405783438394955

[-4.02347906e+05  3.39206885e-02]
0.03392068851468422, -402347.9063410163, 0.07979783885748132, 0.28250300500562847

[-4.99428089e+05  4.21082384e-02]
0.04210823840365569, -499428.0888724923, 0.08094365783664499, 0.2813364875669013

[-6.78383770e+05  5.71966849e-02]
0.05719668489144385, -678383.7702936828, 0.08307653832109946, 0.27960722632081647

[-8.42134768e+05  7.09984781e-02]
0.07099847808907721, -842134.7680731118, 0.08501544300208579, 0.2783506915820889

[-1.14390370e+06  9.64382695e-02]
0.09643826947509038, -1143903.697828874, 0.08850224833486742, 0.2765596657460261

[-1.41993956e+06  1.19714266e-01]
0.11971426585185002, -1419939.5617815405, 0.09156798706964614, 0.275321176752842

[-1.92873539e+06  1.62611055e-01]
0.1626110545204329, -1928735.3895018026, 0.09689254921758399, 0.2736731799854804

[-2.39425532e+06  2.01852639e-01]
0.2018526391040794, -2394255.317036994, 0.10141544102481029, 0.2726395285037939

[-3.25219109e+06  2.74180616e-01]
0.27418061621039724, -3252191.0904086493, 0.10899529342082753, 0.2714616174953791

[-4.03702278e+06  3.40353401e-01]
0.34035340125573976, -4037022.782081578, 0.11520946829931406, 0.2709038344318356

[-5.48358232e+06  4.62310967e-01]
0.46231096714606446, -5483582.32420793, 0.12525086745082817, 0.27061693472886583

[-6.80703803e+06  5.73880529e-01]
0.5738805288360288, -6807038.025114777, 0.13319653483647254, 0.27083658548221057

[-9.03842926e+06  7.62010880e-01]
0.762010879771696, -9038429.258914057, 0.1446352807482382, 0.27172998274216753

[-4.69875063e+06  3.96138182e-01]
0.39613818210072194, -4698750.632535001, 0.12000521222904814, 0.2706806470434026

[-3.37529493e+06  2.84568620e-01]
0.2845686204107576, -3375294.9316281546, 0.11001268153855083, 0.2713475415483843

[-5.94910225e+06  5.01552552e-01]
0.501552551729711, -5949102.251743121, 0.12816359643876976, 0.27065555882357173

[-6.73393394e+06  5.67725337e-01]
0.5677253367750535, -6733933.94341605, 0.13278386421820218, 0.270816532751963

[-5.20754646e+06  4.39034971e-01]
0.43903497076930487, -5207546.460255263, 0.12345601265352667, 0.2706188105209681

[-4.74202653e+06  3.99793386e-01]
0.3997933861856583, -4742026.532720072, 0.12030686242545285, 0.27067206653267967

[-5.64733332e+06  4.76112760e-01]
0.47611276034369787, -5647333.321987359, 0.12629104564863944, 0.27062490613975987

[-5.04379546e+06  4.25233178e-01]
0.42523317757167145, -5043795.462475834, 0.12236658552416184, 0.2706298748000232

[-5.49644886e+06  4.63392865e-01]
0.4633928646506913, -5496448.857109478, 0.1253330459034423, 0.2706173218483517

[-5.77248472e+06  4.86668861e-01]
0.4866688610274509, -5772484.721062144, 0.12707495178351647, 0.27063523967726644

[-5.34878103e+06  4.50943443e-01]
0.4509434433338414, -5348781.025456984, 0.12438080975883893, 0.27061532398160126

[-5.33591449e+06  4.49861546e-01]
0.44986154582921456, -5335914.492555436, 0.12429735437990877, 0.2706154353832051

[-5.20111319e+06  4.38494022e-01]
0.4384940220169915, -5201113.193804489, 0.12341366766093204, 0.2706190895921609

[-5.41296504e+06  4.56356731e-01]
0.45635673086379624, -5412965.04160707, 0.12479666280999441, 0.2706154943570622

[-5.27173048e+06  4.44448258e-01]
0.4444482582992597, -5271730.47640535, 0.12387811725664773, 0.2706165387376384

[-5.37765640e+06  4.53379613e-01]
0.45337961272266214, -5377656.40030664, 0.12456830517787604, 0.2706152870492396

[-5.39052293e+06  4.54461510e-01]
0.454461510227289, -5390522.933208188, 0.12465138726235747, 0.27061532391771487

[-5.41939831e+06  4.56897680e-01]
0.4568976796161097, -5419398.308057845, 0.12483807122396591, 0.27061558726340634

[-5.36643535e+06  4.52432002e-01]
0.4524320024044085, -5366435.346107199, 0.12449544127464672, 0.27061526605370173

[-5.35356881e+06  4.51350105e-01]
0.45135010489978167, -5353568.81320565, 0.12441214471779481, 0.27061530476083495

[-5.36280734e+06  4.52127956e-01]
0.4521279562316585, -5362807.343206285, 0.12447204124502141, 0.270615290403672

[-5.38128440e+06  4.53683659e-01]
0.4536836588954121, -5381284.403207554, 0.12459166422641245, 0.2706152899343442

[-5.37666514e+06  4.53294733e-01]
0.4532947332294738, -5376665.138207236, 0.12456178377015713, 0.27061528841851934

[-5.36742661e+06  4.52516882e-01]
0.45251688189759687, -5367426.608206602, 0.12450196838888239, 0.270615264921805

[-5.36280734e+06  4.52127956e-01]
0.45212795623165847, -5362807.343206285, 0.12447204124502141, 0.270615290403672

[-5.35620555e+06  4.51569272e-01]
0.45156927157934323, -5356205.55400716, 0.12442902732493291, 0.27061530400624606

[-5.37229369e+06  4.52927027e-01]
0.45292702743683244, -5372293.68873177, 0.12453351425170558, 0.2706152718934902

[-5.36156827e+06  4.52021857e-01]
0.45202185686517293, -5361568.26558203, 0.12446387616020926, 0.2706152842945879

[-5.36961233e+06  4.52700735e-01]
0.4527007347939176, -5369612.332944335, 0.12451611310894457, 0.2706152669534318

[-5.36424962e+06  4.52248150e-01]
0.4522481495080878, -5364249.621369464, 0.1244812898452091, 0.2706152864718546

[-5.36827166e+06  4.52587588e-01]
0.45258758847246017, -5368271.655050618, 0.1245074048495134, 0.2706152666587694

[-5.36559030e+06  4.52361296e-01]
0.4523612958295452, -5365590.299263182, 0.12448999711453183, 0.27061526914637546

[-5.36760132e+06  4.52531015e-01]
0.45253101531173145, -5367601.316103758, 0.12450305879278135, 0.2706152770918116

[-5.36693098e+06  4.52474442e-01]
0.4524744421510027, -5366930.9771569, 0.12449870462584388, 0.27061526547653414

[-5.36784913e+06  4.52552235e-01]
0.4525522351850285, -5367849.13162861, 0.12450469038316371, 0.27061529024657216

[-5.36650845e+06  4.52439089e-01]
0.4524390888635711, -5366508.4537348915, 0.1244959824242954, 0.2706152715423581

[-5.36684362e+06  4.52467375e-01]
0.4524673754439355, -5366843.623208322, 0.12449816626857972, 0.2706152566510707

[-5.36733925e+06  4.52509815e-01]
0.45250981519052963, -5367339.254258024, 0.1245014307446079, 0.2706152790000472

[-5.36703305e+06  4.52483285e-01]
0.45248328541088445, -5367033.04643218, 0.12449938310987296, 0.27061527884844333

[-5.36713512e+06  4.52492129e-01]
0.45249212867076616, -5367135.115707462, 0.12450006095636836, 0.27061527948436115

[-5.36688730e+06  4.52470909e-01]
0.4524709087974691, -5366887.300182611, 0.12449843003425995, 0.27061526935989827

[-5.36659581e+06  4.52446156e-01]
0.4524461555706385, -5366595.807683471, 0.12449652850985056, 0.27061526457311225

[-5.36655213e+06  4.52442622e-01]
0.45244262221710485, -5366552.1307091825, 0.1244962589795766, 0.27061527897172905

[-5.36680351e+06  4.52463837e-01]
0.45246383715237803, -5366803.507814254, 0.12449788898446755, 0.2706152733057389

[-5.36671972e+06  4.52456766e-01]
0.452456765507287, -5366719.715445897, 0.12449734256752891, 0.2706152833120308

[-5.36686546e+06  4.52469142e-01]
0.45246914212070233, -5366865.461695466, 0.1244982954417748, 0.27061526480256987

[-5.36698937e+06  4.52479752e-01]
0.4524797520573508, -5366989.369457891, 0.1244991125954017, 0.2706152676327011

[-5.36692196e+06  4.52474005e-01]
0.4524740054198349, -5366921.955954893, 0.12449867322869557, 0.270615265099379

[-5.36678713e+06  4.52462512e-01]
0.4524625121448029, -5366787.128948895, 0.12449778435081557, 0.270615264265206

[-5.36676529e+06  4.52460745e-01]
0.45246074546803605, -5366765.290461751, 0.12449765254524817, 0.27061527476557734

[-5.36684042e+06  4.52467043e-01]
0.45246704295753576, -5366840.418887038, 0.12449814349650813, 0.27061526297635835

[-5.36689691e+06  4.52471906e-01]
0.4524719062566684, -5366896.913146464, 0.12449850932237384, 0.27061526533184693

[-5.36681457e+06  4.52464861e-01]
0.45246486067276925, -5366814.5749982875, 0.12449796539973557, 0.2706152518365453

[-5.36681778e+06  4.52465193e-01]
0.45246519315916894, -5366817.779319571, 0.12449799466890278, 0.2706152853212986

[-5.36683476e+06  4.52466581e-01]
0.4524665805079441, -5366834.758995172, 0.12449809823063622, 0.27061526685482473

[-5.36682910e+06  4.52466118e-01]
0.45246611805835235, -5366829.099103305, 0.12449806597529883, 0.27061526527692914

[-5.36682750e+06  4.52465952e-01]
0.4524659518151525, -5366827.496942663, 0.12449804905451112, 0.27061527778655886

[-5.36681618e+06  4.52465027e-01]
0.4524650269159691, -5366816.1771589285, 0.1244979816431893, 0.2706152573837596

[-5.36680165e+06  4.52463770e-01]
0.45246376953038603, -5366801.6530539105, 0.12449788422948686, 0.27061527265831614

[-5.36682224e+06  4.52465531e-01]
0.45246553092636077, -5366822.237590956, 0.12449801714415094, 0.2706152884491819

[-5.36681538e+06  4.52464944e-01]
0.4524649437943692, -5366815.3760786075, 0.12449797505551641, 0.2706152778099653

[-5.36682184e+06  4.52465489e-01]
0.4524654893655608, -5366821.837050796, 0.12449801650688815, 0.2706152807351896

[-5.36680811e+06  4.52464315e-01]
0.45246431510157764, -5366808.114026099, 0.12449792393485076, 0.2706152627024634

[-5.36680731e+06  4.52464232e-01]
0.45246423197997776, -5366807.312945779, 0.12449792176752209, 0.2706152718048259

[-5.36680933e+06  4.52464410e-01]
0.45246440993357556, -5366809.328728986, 0.12449793473721127, 0.2706152700311515

[-5.36681336e+06  4.52464766e-01]
0.4524647658407714, -5366813.360295401, 0.1244979631536964, 0.2706152728961277

[-5.36681034e+06  4.52464499e-01]
0.45246449891037455, -5366810.33662059, 0.12449793767162447, 0.2706152767776118

[-5.36681134e+06  4.52464588e-01]
0.4524645878871735, -5366811.344512193, 0.12449794551981333, 0.2706152656452449

[-5.36681195e+06  4.52464635e-01]
0.4524646353031724, -5366811.951863637, 0.12449794972068026, 0.2706152770533173

[-5.36681397e+06  4.52464813e-01]
0.45246481325677035, -5366813.967646843, 0.12449796078552945, 0.2706152648913199

[-5.36681720e+06  4.52465086e-01]
0.4524650860423661, -5366817.198132937, 0.12449798709559035, 0.27061527212120023

[-5.36681281e+06  4.52464712e-01]
0.45246471242597164, -5366812.807917379, 0.12449795850753213, 0.2706152635793432

[-5.36681342e+06  4.52464760e-01]
0.45246475984197054, -5366813.4152688235, 0.12449795692084864, 0.2706152692865154

[-5.36681383e+06  4.52464800e-01]
0.4524647999030704, -5366813.8295523375, 0.12449796579604207, 0.2706152667523891

[-5.36681369e+06  4.52464787e-01]
0.45246478654937045, -5366813.691457833, 0.12449796218375328, 0.2706152715682406

[-5.36681427e+06  4.52464837e-01]
0.4524648369647698, -5366814.271322565, 0.12449796227126592, 0.27061527846559313

[-5.3668140e+06  4.5246481e-01]
0.45246481025736995, -5366813.995133555, 0.1244979612689742, 0.27061527916152067

[-5.3668142e+06  4.5246483e-01]
0.45246483028791984, -5366814.2022753125, 0.12449796262062868, 0.27061527769971694

[-5.36681406e+06  4.52464817e-01]
0.4524648169342199, -5366814.064180807, 0.12449796410082949, 0.2706152782790907

[-5.36681417e+06  4.52464827e-01]
0.45246482694949486, -5366814.167751687, 0.12449796425741257, 0.2706152764885099

[-5.3668141e+06  4.5246482e-01]
0.4524648202726449, -5366814.098704433, 0.12449796570865014, 0.2706152524354735

[-5.36681498e+06  4.52464894e-01]
0.4524648943960437, -5366814.982244887, 0.12449797114062505, 0.27061526988844103

[-5.36681466e+06  4.52464867e-01]
0.4524648674343754, -5366814.659548124, 0.12449797067254609, 0.27061526962709515

[-5.36681401e+06  4.52464814e-01]
0.45246481351103873, -5366814.014154596, 0.1244979649150189, 0.27061526013542037

[-5.36681418e+06  4.52464827e-01]
0.45246482699187296, -5366814.175502978, 0.12449796455980415, 0.2706152639581698

[-5.36681434e+06  4.52464840e-01]
0.4524648404727071, -5366814.33685136, 0.12449796790426376, 0.270615252709282

[-5.36681462e+06  4.52464864e-01]
0.45246486405357234, -5366814.617273206, 0.12449796337113543, 0.27061527265967295

[-5.36681429e+06  4.52464837e-01]
0.452464837091904, -5366814.294576442, 0.12449796492091664, 0.2706152800081458

[-5.36681454e+06  4.52464857e-01]
0.4524648573131552, -5366814.536599015, 0.12449796629869332, 0.2706152610222129

[-5.36681438e+06  4.52464844e-01]
0.4524648438323211, -5366814.375250633, 0.12449796495563155, 0.2706152764353927

[-5.36681450e+06  4.52464854e-01]
0.45246485394294667, -5366814.496261919, 0.12449796612301234, 0.27061526154778404

[-5.36681446e+06  4.52464851e-01]
0.45246485057273816, -5366814.455924824, 0.12449796855877897, 0.2706152662126594

[-5.36681456e+06  4.52464859e-01]
0.45246485899296224, -5366814.555798652, 0.1244979667756827, 0.2706152693941368

[-5.36681448e+06  4.52464852e-01]
0.45246485225254524, -5366814.47512446, 0.12449796482220099, 0.2706152918688492

[-5.36681454e+06  4.52464857e-01]
0.452464857307858, -5366814.535630103, 0.12449796639527705, 0.27061527189616547

[-5.36681452e+06  4.52464856e-01]
0.45246485562275374, -5366814.515461556, 0.12449796869957463, 0.2706152746862272

[-5.36681457e+06  4.52464860e-01]
0.4524648598328658, -5366814.56539847, 0.12449796567945066, 0.27061527508873234

[-5.36681453e+06  4.52464856e-01]
0.4524648564626572, -5366814.525061373, 0.12449797028361771, 0.27061527091491533

[-5.36681458e+06  4.52464862e-01]
0.45246486151267273, -5366814.5845981045, 0.12449797228625852, 0.2706152821106334

[-5.36681453e+06  4.52464857e-01]
0.4524648570952335, -5366814.532745693, 0.12449796739647259, 0.2706152605678613

[-5.36681458e+06  4.52464861e-01]
0.45246486130534547, -5366814.582682608, 0.1244979676068082, 0.2706152656157257

[-5.36681457e+06  4.52464860e-01]
0.45246486009467346, -5366814.568277299, 0.12449796707209461, 0.2706152588779927

[-5.36681461e+06  4.52464864e-01]
0.4524648636722092, -5366814.610529894, 0.12449796915514613, 0.2706152711506831

[-5.36681455e+06  4.52464859e-01]
0.4524648587394774, -5366814.552191744, 0.12449796998395879, 0.2706152799405946

[-5.36681457e+06  4.52464860e-01]
0.45246486038372136, -5366814.571637793, 0.1244979724829304, 0.27061527348096703

[-5.36681455e+06  4.52464859e-01]
0.45246485888400134, -5366814.55387199, 0.12449796764396914, 0.2706152696380823

[-5.36681456e+06  4.52464859e-01]
0.45246485917304924, -5366814.557232485, 0.12449797046453295, 0.2706152670991978

[-5.36681458e+06  4.52464861e-01]
0.45246486096181715, -5366814.578358783, 0.12449796699064507, 0.2706152684991304

[-5.36681457e+06  4.52464860e-01]
0.45246486044236317, -5366814.572237086, 0.12449797183358287, 0.270615264428528

[-5.36681459e+06  4.52464862e-01]
0.45246486194208313, -5366814.590002888, 0.12449796821776546, 0.2706152599234388

[-5.36681459e+06  4.52464862e-01]
0.4524648621724892, -5366814.592764091, 0.12449796714218446, 0.2706152685630856

[-5.36681458e+06  4.52464861e-01]
0.4524648608748947, -5366814.577368837, 0.12449797245625958, 0.2706152785093629

[-5.36681458e+06  4.52464861e-01]
0.4524648613074262, -5366814.582500588, 0.12449796652209087, 0.2706152668648083

[-5.36681457e+06  4.52464861e-01]
0.4524648605575662, -5366814.5736176865, 0.12449796845824683, 0.27061527405622976

[-5.36681458e+06  4.52464861e-01]
0.4524648614226293, -5366814.583881189, 0.12449796845422771, 0.27061527975313016

[-5.36681458e+06  4.52464861e-01]
0.45246486077383197, -5366814.576183562, 0.12449796865965387, 0.2706152604987312

[-5.36681457e+06  4.52464860e-01]
0.45246486013917503, -5366814.568681262, 0.12449797090821828, 0.2706152705151438

[-5.36681458e+06  4.52464861e-01]
0.45246486101536343, -5366814.579045757, 0.12449796842204319, 0.27061528235469595

[-5.36681458e+06  4.52464861e-01]
0.4524648607233006, -5366814.575590925, 0.12449796947050419, 0.27061527352005915

[-5.36681458e+06  4.52464861e-01]
0.45246486099009775, -5366814.578749438, 0.12449796964742144, 0.2706152686872273

[-5.36681458e+06  4.52464861e-01]
0.4524648609395664, -5366814.578156801, 0.12449796444725011, 0.27061527200369456

[-5.36681458e+06  4.52464861e-01]
0.4524648608855, -5366814.577515332, 0.12449796461035924, 0.2706152719111002

[-5.36681458e+06  4.52464861e-01]
0.45246486077736703, -5366814.576232394, 0.12449796935512565, 0.27061528222524556

[-5.36681458e+06  4.52464861e-01]
0.4524648608584667, -5366814.577194598, 0.12449796859550019, 0.2706152720338194

[-5.36681458e+06  4.52464861e-01]
0.4524648608314335, -5366814.576873863, 0.12449796595951748, 0.27061527897855514

[-5.36681458e+06  4.52464861e-01]
0.4524648607791346, -5366814.57625681, 0.1244979695417533, 0.2706152666872552

[-5.36681457e+06  4.52464861e-01]
0.45246486062047037, -5366814.574381234, 0.12449796742091847, 0.2706152611183027

[-5.36681457e+06  4.52464861e-01]
0.45246486051410506, -5366814.573122712, 0.12449796872351351, 0.27061525987545143

[-5.36681457e+06  4.52464861e-01]
0.45246486056640395, -5366814.573739765, 0.12449796437317803, 0.27061525574041606

[-5.36681458e+06  4.52464861e-01]
0.4524648607250681, -5366814.575615341, 0.12449797370558342, 0.27061526685411014

[-5.36681457e+06  4.52464861e-01]
0.4524648605668458, -5366814.573745869, 0.12449797114753555, 0.2706152660827654

[-5.36681457e+06  4.52464861e-01]
0.4524648606195866, -5366814.574369026, 0.12449796870690866, 0.2706152811704052

[-5.36681457e+06  4.52464861e-01]
0.45246486059343716, -5366814.5740605, 0.12449796770572341, 0.27061527278273817


------------------------------------------------------------
Sender: LSF System <lsfadmin@n-62-21-19>
Subject: Job 1735642: <minimize_batch_job_this_is_on_purpose_to_utilize_more_kernel> in cluster <dcc> Done

Job <minimize_batch_job_this_is_on_purpose_to_utilize_more_kernel> was submitted from host <gbarlogin2> by user <s174007> in cluster <dcc> at Sun Jan 13 21:42:31 2019
Job was executed on host(s) <n-62-21-19>, in queue <hpc>, as user <s174007> in cluster <dcc> at Sun Jan 13 21:42:32 2019
</zhome/b0/b/127184> was used as the home directory.
</zhome/b0/b/127184/Documents/Projects/machine-learning-on-materials> was used as the working directory.
Started at Sun Jan 13 21:42:32 2019
Terminated at Sun Jan 13 22:38:16 2019
Results reported at Sun Jan 13 22:38:16 2019

Your job looked like:

------------------------------------------------------------
# LSBATCH: User input
#!/bin/bash
##Kør på cpu
#BSUB -q hpc
##Navn på job
#BSUB -J minimize_batch_job_this_is_on_purpose_to_utilize_more_kernel
##Output fil
#BSUB -o output/minimize/linear_GP_compare_batchjobs-%J.out
##Antal kerner
#BSUB -n 1
##Om kernerne må være på forskellige computere
#BSUB -R "span[hosts=1]"
##Ram pr kerne
#BSUB -R "rusage[mem=10GB]"
##Hvor lang tid må den køre hh:mm
#BSUB -W 45:00
##Email når jobbet starter
##og stopper
module purge
module load python3
python3 KRR/minimizer.py linear 1e-06 GP compare [10]
------------------------------------------------------------

Successfully completed.

Resource usage summary:

    CPU time :                                   3341.09 sec.
    Max Memory :                                 1031 MB
    Average Memory :                             853.96 MB
    Total Requested Memory :                     10240.00 MB
    Delta Memory :                               9209.00 MB
    Max Swap :                                   -
    Max Processes :                              4
    Max Threads :                                5
    Run time :                                   3354 sec.
    Turnaround time :                            3345 sec.

The output (if any) is above this job summary.

