Unloaded module: latex/TeXLive12
Loaded module: python3/3.6.2
[-10000]
[-10000.0]
[-1.e+04  3.e+00]
3.0, -10000.0, 0.34635129593844005, 0.3612618174897664

[-1.05e+04  3.00e+00]
3.0, -10500.0, 0.346351295897373, 0.36126181761683784

[-1.00e+04  3.15e+00]
3.1500000000000004, -10000.0, 0.34953816928102593, 0.3632603880512167

[-1.05e+04  2.85e+00]
2.8499999999999996, -10500.0, 0.34300163945851886, 0.35918788227453147

[-1.075e+04  2.700e+00]
2.6999999999999993, -10750.0, 0.33947118800691994, 0.35703189031038873

[-1.025e+04  2.700e+00]
2.6999999999999993, -10250.0, 0.3394711880431838, 0.35703189018673875

[-1.0125e+04  2.5500e+00]
2.549999999999999, -10125.0, 0.3357387569031696, 0.354786155613722

[-1.0875e+04  2.2500e+00]
2.2499999999999982, -10875.0, 0.32756246317896937, 0.3499884832879442

[-1.13125e+04  1.87500e+00]
1.8749999999999973, -11312.5, 0.3156354217105675, 0.34329360597596825

[-1.06875e+04  1.72500e+00]
1.724999999999997, -10687.5, 0.3101711174784286, 0.3403479860896535

[-1.065625e+04  1.237500e+00]
1.2374999999999954, -10656.25, 0.28833468180013677, 0.3293489878022341

[-1.184375e+04  5.625000e-01]
0.5624999999999938, -11843.75, 0.23646868811885147, 0.30828266866189297

[-1.2703125e+04 -4.3125000e-01]
-0.43125000000000924, -12703.125, 15.183664650827694, 14.148938528068776

[-1.11875e+04 -7.50000e-02]
-0.07500000000000817, -11187.5, 10.27923593139235, 11.57216944052507

[-1.128125e+04  1.387500e+00]
1.387499999999996, -11281.25, 0.29586902870723414, 0.3330036658385232

[-1.121875e+04  4.125000e-01]
0.4124999999999932, -11218.75, 0.21649967326444366, 0.3021149124198712

[-1.11875e+04 -7.50000e-02]
-0.07500000000000817, -11187.5, 10.27923593139235, 11.57216944052507

[-1.240625e+04 -2.625000e-01]
-0.2625000000000084, -12406.25, 9.53951359025534, 9.883102201535937

[-1.109375e+04  8.625000e-01]
0.8624999999999945, -11093.75, 0.2645179576919575, 0.318780741736689

[-1.196875e+04  1.125000e-01]
0.1124999999999925, -11968.75, 0.14253078575605366, 0.28886803605872763

[-1.240625e+04 -2.625000e-01]
-0.2625000000000086, -12406.25, 9.53951359025534, 9.883102201535937

[-1.134375e+04 -3.750000e-02]
-0.03750000000000808, -11343.75, 6.917459706545328, 8.02304517498137

[-1.171875e+04  4.125000e-01]
0.4124999999999933, -11718.75, 0.21649967325023006, 0.3021149124807045

[-1.146875e+04  1.125000e-01]
0.11249999999999238, -11468.75, 0.1425307857525872, 0.288868035974707

[-1.134375e+04 -3.750000e-02]
-0.03750000000000808, -11343.75, 6.917459706545328, 8.02304517498137

[-1.221875e+04 -1.875000e-01]
-0.18750000000000833, -12218.75, 81.3064118241155, 68.8720397120446

[-1.146875e+04  2.625000e-01]
0.26249999999999285, -11468.75, 0.18855197449749392, 0.29532782716940775

[-1.196875e+04 -3.750000e-02]
-0.03750000000000797, -11968.75, 6.9174566784501685, 8.023041415145467

[-1.159375e+04  1.875000e-01]
0.18749999999999264, -11593.75, 0.16907819646420072, 0.2918754765739308

[-1.184375e+04  3.750000e-02]
0.037499999999992234, -11843.75, 0.10161182046829782, 0.2883862837802085

[-1.196875e+04 -3.750000e-02]
-0.03750000000000797, -11968.75, 6.9174566784501685, 8.023041415145467

[-1.134375e+04  3.750000e-02]
0.03749999999999212, -11343.75, 0.10161182046556079, 0.288386284007469

[-1.171875e+04 -3.750000e-02]
-0.03750000000000803, -11718.75, 6.917458902428239, 8.023044164410724

[-1.153125e+04  7.500000e-02]
0.07499999999999228, -11531.25, 0.12465775140205787, 0.2879811675816881

[-1.203125e+04  7.500000e-02]
0.07499999999999239, -12031.25, 0.12465775137538182, 0.2879811674488358

[-1.2375e+04  9.3750e-02]
0.09374999999999253, -12375.0, 0.13411288927425488, 0.2883320816381741

[-1.171875e+04  1.125000e-01]
0.11249999999999244, -11718.75, 0.1425307857384272, 0.2888680360396259

[-1.18125e+04  5.62500e-02]
0.056249999999992285, -11812.5, 0.11391659568768699, 0.2879270583824439

[-1.23125e+04  5.62500e-02]
0.0562499999999924, -12312.5, 0.11391659566321935, 0.2879270584346195

[-1.209375e+04  3.750000e-02]
0.0374999999999923, -12093.75, 0.10161182046915583, 0.2883862840704124

[-1.2046875e+04  6.5625000e-02]
0.06562499999999237, -12046.875, 0.11946555036359154, 0.28790706676398076

[-1.1546875e+04  6.5625000e-02]
0.06562499999999226, -11546.875, 0.11946555036820865, 0.2879070667635256

[-1.11640625e+04  7.03125000e-02]
0.0703124999999922, -11164.0625, 0.1221039436265248, 0.28793385502243257

[-1.178125e+04  7.500000e-02]
0.07499999999999235, -11781.25, 0.12465775137413773, 0.2879811676310439

[-1.18046875e+04  6.09375000e-02]
0.0609374999999923, -11804.6875, 0.1167379807191235, 0.2879036644293522

[-1.13046875e+04  6.09375000e-02]
0.06093749999999219, -11304.6875, 0.11673798070851958, 0.28790366427471636

[-1.09335938e+04  5.85937500e-02]
0.05859374999999209, -10933.59375, 0.11533930298040071, 0.2879117735374486

[-1.15625e+04  5.62500e-02]
0.05624999999999224, -11562.5, 0.1139165956675274, 0.28792705820828457

[-1.15507812e+04  6.32812500e-02]
0.06328124999999225, -11550.78125, 0.1181132029470359, 0.2879022436237072

[-1.10507812e+04  6.32812500e-02]
0.06328124999999214, -11050.78125, 0.11811320295948412, 0.2879022435171086

[-1.06738281e+04  6.44531250e-02]
0.06445312499999206, -10673.828125, 0.11879219962040531, 0.2879039008811136

[-1.1296875e+04  6.5625000e-02]
0.0656249999999922, -11296.875, 0.11946555036370184, 0.2879070666178931

[-1.13027344e+04  6.21093750e-02]
0.062109374999992195, -11302.734375, 0.11742848756532892, 0.28790214681450627

[-1.08027344e+04  6.21093750e-02]
0.06210937499999207, -10802.734375, 0.11742848756326188, 0.2879021467822854

[-1.04287109e+04  6.15234375e-02]
0.06152343749999198, -10428.7109375, 0.11708396260449723, 0.28790269999634466

[-1.10546875e+04  6.09375000e-02]
0.06093749999999212, -11054.6875, 0.11673798070800462, 0.2879036642510032

[-1.10517578e+04  6.26953125e-02]
0.06269531249999213, -11051.7578125, 0.11777156463578081, 0.2879019969893387

[-1.05517578e+04  6.26953125e-02]
0.06269531249999201, -10551.7578125, 0.11777156466205078, 0.28790199666540917

[-1.01762695e+04  6.29882812e-02]
0.06298828124999192, -10176.26953125, 0.11794256310749374, 0.2879020708897001

[-1.08007812e+04  6.32812500e-02]
0.06328124999999209, -10800.78125, 0.11811320297412627, 0.28790224365054407

[-1.08022461e+04  6.24023437e-02]
0.062402343749992074, -10802.24609375, 0.11760020651191301, 0.28790202158570827

[-1.08012695e+04  6.29882812e-02]
0.06298828124999209, -10801.26953125, 0.11794256310285775, 0.28790207100669407

[-1.08020020e+04  6.25488281e-02]
0.06254882812499207, -10802.001953125, 0.11768593061764102, 0.287901996609745

[-1.03020020e+04  6.25488281e-02]
0.06254882812499193, -10302.001953125, 0.11768593062954204, 0.28790199658973475

[-9.92712402e+03  6.24755859e-02]
0.062475585937491834, -9927.1240234375, 0.11764307983930279, 0.2879020059194657

[-1.05522461e+04  6.24023437e-02]
0.062402343749992, -10552.24609375, 0.11760020652085275, 0.28790202168718715

[-1.05518799e+04  6.26220703e-02]
0.062622070312492, -10551.8798828125, 0.11772875888959607, 0.28790199375644077

[-1.00518799e+04  6.26220703e-02]
0.06262207031249187, -10051.8798828125, 0.11772875888254158, 0.28790199347542145

[-9.67681885e+03  6.26586914e-02]
0.06265869140624175, -9676.81884765625, 0.11775016457573592, 0.2879019943481757

[-1.03017578e+04  6.26953125e-02]
0.06269531249999194, -10301.7578125, 0.1177715646391667, 0.28790199680644735

[-1.03019409e+04  6.25854492e-02]
0.06258544921874193, -10301.94091796875, 0.11770734756607351, 0.2879019942388563

[-1.03018188e+04  6.26586914e-02]
0.06265869140624195, -10301.81884765625, 0.11775016456825046, 0.2879019945924285

[-1.03019104e+04  6.26037598e-02]
0.06260375976561694, -10301.910400390625, 0.11771805391813459, 0.2879019939304382

[-1.03018494e+04  6.26403809e-02]
0.06264038085936693, -10301.849365234375, 0.11773946245137709, 0.28790199376664893

[-1.03018646e+04  6.26312256e-02]
0.06263122558592943, -10301.864624023438, 0.11773411083376709, 0.2879019937639896

[-1.03018951e+04  6.26129150e-02]
0.06261291503905445, -10301.895141601562, 0.11772340657950894, 0.2879019937556051

[-9.80189514e+03  6.26129150e-02]
0.0626129150390543, -9801.895141601562, 0.11772340658104787, 0.2879019936680339

[-9.55187988e+03  6.26220703e-02]
0.06262207031249173, -9551.8798828125, 0.11772875888567252, 0.287901993599899

[-9.80186462e+03  6.26312256e-02]
0.06263122558592929, -9801.864624023438, 0.11773411083745586, 0.2879019936366123

[-9.80187225e+03  6.26266479e-02]
0.06262664794921055, -9801.872253417969, 0.11773143492822721, 0.287901993564384

[-1.03018723e+04  6.26266479e-02]
0.06262664794921069, -10301.872253417969, 0.11773143491468338, 0.28790199360097435

[-9.73937798e+03  6.26232147e-02]
0.06262321472167147, -9739.377975463867, 0.11772942792243253, 0.2879019937253602

[-9.92687607e+03  6.26243591e-02]
0.06262435913085121, -9926.876068115234, 0.11773009690483356, 0.28790199373818004

[-9.80187988e+03  6.26220703e-02]
0.0626220703124918, -9801.8798828125, 0.1177287588831607, 0.2879019936061453

[-9.92688370e+03  6.26197815e-02]
0.06261978149413247, -9926.883697509766, 0.11772742084238312, 0.2879019936470725

[-9.92688179e+03  6.26209259e-02]
0.06262092590331216, -9926.881790161133, 0.11772808988771731, 0.28790199360068763

[-1.01768818e+04  6.26209259e-02]
0.06262092590331224, -10176.881790161133, 0.1177280898861888, 0.28790199362785646

[-9.89563036e+03  6.26217842e-02]
0.0626217842101969, -9895.630359649658, 0.11772859164802792, 0.287901993693174

[-9.98938084e+03  6.26214981e-02]
0.06262149810790202, -9989.380836486816, 0.11772842438992231, 0.2879019935558731

[-9.92687988e+03  6.26220703e-02]
0.06262207031249184, -9926.8798828125, 0.11772875890444219, 0.2879019937183247

[-1.01143808e+04  6.26214981e-02]
0.06262149810790205, -10114.380836486816, 0.11772842437517735, 0.28790199358141483

[-1.00675056e+04  6.26216412e-02]
0.0626216411590495, -10067.505598068237, 0.11772850804376737, 0.28790199359209373

[-1.00206304e+04  6.26217842e-02]
0.06262178421019694, -10020.630359649658, 0.11772859166848301, 0.2879019936761003

[-9.98937988e+03  6.26220703e-02]
0.06262207031249185, -9989.3798828125, 0.11772875889272628, 0.2879019934142604

[-1.00206294e+04  6.26223564e-02]
0.06262235641478679, -10020.629405975342, 0.117728926134673, 0.2879019935467846

[-1.00206296e+04  6.26222134e-02]
0.06262221336363932, -10020.62964439392, 0.11772884250405467, 0.28790199366943436

[-1.00206299e+04  6.26220703e-02]
0.06262207031249187, -10020.6298828125, 0.11772875887168964, 0.28790199376496106

[-1.00050051e+04  6.26219273e-02]
0.0626219272613444, -10005.00512123108, 0.11772867525720726, 0.28790199369931324

[-9.97375512e+03  6.26219273e-02]
0.06262192726134438, -9973.75512123108, 0.11772867523789801, 0.28790199356756707

[-9.95812988e+03  6.26220703e-02]
0.06262207031249185, -9958.1298828125, 0.1177287589082576, 0.28790199379866793

[-9.99328631e+03  6.26219630e-02]
0.06262196302413126, -9993.286311626434, 0.11772869616885726, 0.2879019935226585

[-1.00089111e+04  6.26221061e-02]
0.06262210607527871, -10008.911073207855, 0.1177287797883676, 0.2879019935882643

[-9.98254411e+03  6.26219720e-02]
0.06262197196482797, -9982.544109225273, 0.11772870140660914, 0.2879019936738459

[-9.99133310e+03  6.26220167e-02]
0.06262201666831155, -9991.333097219467, 0.11772872751647456, 0.2879019935401257

[-9.98156750e+03  6.26219988e-02]
0.06262199878691813, -9981.56750202179, 0.11772871705798972, 0.2879019935042296

[-9.97961429e+03  6.26220524e-02]
0.06262205243109845, -9979.614287614822, 0.11772874842975521, 0.28790199373197584

[-9.98840339e+03  6.26220256e-02]
0.06262202560900827, -9988.403394818306, 0.11772873278457097, 0.28790199364434155

[-9.98547369e+03  6.26220345e-02]
0.062622034549705, -9985.473692417145, 0.11772873796402135, 0.28790199342951006

[-9.99035649e+03  6.26220435e-02]
0.06262204349040171, -9990.356490015984, 0.11772874319064017, 0.28790199369960184

[-9.98449709e+03  6.26220614e-02]
0.06262206137179513, -9984.497085213661, 0.1177287536652774, 0.2879019935811211

[-9.98596194e+03  6.26220569e-02]
0.06262205690144677, -9985.961936414242, 0.1177287510429034, 0.2879019937757967

[-9.98742679e+03  6.26220524e-02]
0.06262205243109842, -9987.426787614822, 0.11772874842690004, 0.287901993525566

[-9.98986819e+03  6.26220569e-02]
0.06262205690144679, -9989.868186414242, 0.1177287510460548, 0.2879019935481553

[-9.98693848e+03  6.26220658e-02]
0.06262206584214347, -9986.93848401308, 0.11772875628916583, 0.2879019938751259

[-9.98913576e+03  6.26220591e-02]
0.06262205913662096, -9989.135760813951, 0.11772875237417207, 0.28790199343456296

[-9.99108886e+03  6.26220770e-02]
0.0626220770180144, -9991.08885601163, 0.11772876282824535, 0.2879019936752

[-9.98834230e+03  6.26220586e-02]
0.0626220585778274, -9988.342304714024, 0.11772875203241985, 0.2879019938036072

[-9.98925782e+03  6.26220647e-02]
0.0626220647245564, -9989.257821813226, 0.11772875563498635, 0.2879019937821472

[-9.98840334e+03  6.26220614e-02]
0.06262206137179513, -9988.403335213661, 0.11772875365889225, 0.2879019936292424

