Unloaded module: latex/TeXLive12
Loaded module: python3/3.6.2
[-10000]
[-10000.0]
[-1.e+04  3.e+00]
3.0, -10000.0, 0.28187844283665037, 0.32507070749449085

[-1.05e+04  3.00e+00]
3.0, -10500.0, 0.28187844278211055, 0.32507070769779983

[-1.00e+04  3.15e+00]
3.1500000000000004, -10000.0, 0.2851152645700943, 0.3265985295825709

[-1.05e+04  2.85e+00]
2.8499999999999996, -10500.0, 0.2784729023753614, 0.32349189258752253

[-1.075e+04  2.700e+00]
2.6999999999999993, -10750.0, 0.27488073685929515, 0.32185837081404683

[-1.025e+04  2.700e+00]
2.6999999999999993, -10250.0, 0.27488073690785, 0.32185837062439454

[-1.0125e+04  2.5500e+00]
2.549999999999999, -10125.0, 0.27108113092139263, 0.3201660463120807

[-1.0875e+04  2.2500e+00]
2.2499999999999982, -10875.0, 0.2627576589713152, 0.31658642683855237

[-1.13125e+04  1.87500e+00]
1.8749999999999973, -11312.5, 0.25064422631920447, 0.3116899237237678

[-1.06875e+04  1.72500e+00]
1.724999999999997, -10687.5, 0.2451182529784452, 0.30957946151401183

[-1.065625e+04  1.237500e+00]
1.2374999999999954, -10656.25, 0.2233018598724674, 0.3020006488980576

[-1.184375e+04  5.625000e-01]
0.5624999999999938, -11843.75, 0.17443410928925482, 0.28931580213862174

[-1.2703125e+04 -4.3125000e-01]
-0.43125000000000924, -12703.125, 60.36186559670397, 55.149328238779276

[-1.11875e+04 -7.50000e-02]
-0.07500000000000817, -11187.5, 3.616766578338828, 3.39600766684633

[-1.128125e+04  1.387500e+00]
1.387499999999996, -11281.25, 0.23077092302800525, 0.30446022479275836

[-1.121875e+04  4.125000e-01]
0.4124999999999932, -11218.75, 0.1571467069981231, 0.2861915784121111

[-1.11875e+04 -7.50000e-02]
-0.07500000000000817, -11187.5, 3.616766578338828, 3.39600766684633

[-1.240625e+04 -2.625000e-01]
-0.2625000000000084, -12406.25, 5.170195377820963, 5.028767589173258

[-1.109375e+04  8.625000e-01]
0.8624999999999945, -11093.75, 0.20023898644399038, 0.29528629024813896

[-1.196875e+04  1.125000e-01]
0.1124999999999925, -11968.75, 0.10333021349923795, 0.2807229496474731

[-1.240625e+04 -2.625000e-01]
-0.2625000000000086, -12406.25, 5.170195377820963, 5.028767589173258

[-1.134375e+04 -3.750000e-02]
-0.03750000000000808, -11343.75, 4.5805189630194905, 5.593323809217617

[-1.171875e+04  4.125000e-01]
0.4124999999999933, -11718.75, 0.15714670698849523, 0.28619157851384913

[-1.146875e+04  1.125000e-01]
0.11249999999999238, -11468.75, 0.10333021351269468, 0.28072294976124523

[-1.221875e+04 -1.875000e-01]
-0.18750000000000833, -12218.75, 6.538492828218766, 7.018683444219369

[-1.146875e+04  2.625000e-01]
0.26249999999999285, -11468.75, 0.13472725969835664, 0.2831378477576244

[-1.196875e+04 -3.750000e-02]
-0.03750000000000797, -11968.75, 4.580524750784491, 5.5933311693264285

[-1.159375e+04  1.875000e-01]
0.18749999999999264, -11593.75, 0.12051191982050893, 0.28177014349454504

[-1.184375e+04  3.750000e-02]
0.037499999999992234, -11843.75, 0.08314031376716363, 0.28062555241159953

[-1.196875e+04 -3.750000e-02]
-0.03750000000000797, -11968.75, 4.580524750784491, 5.5933311693264285

[-1.234375e+04  3.750000e-02]
0.037499999999992345, -12343.75, 0.08314031375851981, 0.28062555313974324

[-1.221875e+04 -3.750000e-02]
-0.037500000000007916, -12218.75, 4.580520115147797, 5.593325402680199

[-1.203125e+04  7.500000e-02]
0.07499999999999239, -12031.25, 0.09344407824884977, 0.28046736366442376

[-1.153125e+04  7.500000e-02]
0.07499999999999228, -11531.25, 0.09344407824431769, 0.2804673636582512

[-1.1125e+04  9.3750e-02]
0.09374999999999226, -11125.0, 0.09848858161930643, 0.2805608794372154

[-1.171875e+04  1.125000e-01]
0.11249999999999244, -11718.75, 0.10333021350292351, 0.28072294985759244

[-1.18125e+04  5.62500e-02]
0.056249999999992285, -11812.5, 0.08826572965132774, 0.2804715343858539

[-1.175e+04  9.375e-02]
0.0937499999999924, -11750.0, 0.09848858160603186, 0.28056087979426

[-1.1796875e+04  6.5625000e-02]
0.06562499999999231, -11796.875, 0.0908640281840562, 0.2804547474438107

[-1.1296875e+04  6.5625000e-02]
0.0656249999999922, -11296.875, 0.09086402816177284, 0.2804547471669169

[-1.09296875e+04  6.09375000e-02]
0.06093749999999212, -10929.6875, 0.08956575885467934, 0.2804590672422282

[-1.15625e+04  5.62500e-02]
0.05624999999999224, -11562.5, 0.08826572963654393, 0.28047153459341395

[-1.15390625e+04  7.03125000e-02]
0.07031249999999227, -11539.0625, 0.09215757770999657, 0.2804577482913845

[-1.15546875e+04  6.09375000e-02]
0.06093749999999225, -11554.6875, 0.08956575884594131, 0.2804590671619941

[-1.15429688e+04  6.79687500e-02]
0.06796874999999226, -11542.96875, 0.09151155159247588, 0.28045537938217296

[-1.15507812e+04  6.32812500e-02]
0.06328124999999225, -11550.78125, 0.09021531503012094, 0.28045594387447664

[-1.15449219e+04  6.67968750e-02]
0.06679687499999226, -11544.921875, 0.09118795868028852, 0.280454840418517

[-1.15488281e+04  6.44531250e-02]
0.06445312499999226, -11548.828125, 0.09053979963554926, 0.28045511103113024

