Unloaded module: latex/TeXLive12
Loaded module: python3/3.6.2
[10]
[10.0]
[10.  3.]
3.0, 10.0, 0.19730391365605884, 0.2817290712304855

[10.5  3. ]
3.0, 10.5, 0.19730426118885339, 0.28172937057017694

[10.    3.15]
3.1500000000000004, 10.0, 0.19996736047788066, 0.2825107893393237

[10.5   2.85]
2.8499999999999996, 10.5, 0.19451800153200077, 0.2809314080867554

[10.75  2.7 ]
2.6999999999999993, 10.75, 0.19159781739499082, 0.28011686360703897

[10.25  2.7 ]
2.6999999999999993, 10.25, 0.19159749501163836, 0.2801165648238259

[10.125  2.55 ]
2.549999999999999, 10.125, 0.18853011463493233, 0.2792846520519328

[10.875  2.25 ]
2.2499999999999982, 10.875, 0.1818936104405582, 0.2775689811379915

[11.3125  1.875 ]
1.8749999999999973, 11.3125, 0.17245168988562418, 0.2753269200843735

[10.6875  1.725 ]
1.724999999999997, 10.6875, 0.16823505181814122, 0.2744021644900424

[10.65625  1.2375 ]
1.2374999999999954, 10.65625, 0.1521913032475358, 0.2713400452699558

[11.84375  0.5625 ]
0.5624999999999938, 11.84375, 0.1201478120877588, 0.2677886139630574

[12.703125 -0.43125 ]
-0.43125000000000924, 12.703125, 4.516039444502661, 5.889632693811389

[11.1875 -0.075 ]
-0.07500000000000817, 11.1875, 2.0602699496012176, 4.38386819825524

[11.28125  1.3875 ]
1.387499999999996, 11.28125, 0.15757249371161675, 0.2722843828343822

[11.21875  0.4125 ]
0.4124999999999932, 11.21875, 0.1102447636591384, 0.2676251211787574

[11.1875 -0.075 ]
-0.07500000000000817, 11.1875, 2.0602699496012176, 4.38386819825524

[12.40625 -0.2625 ]
-0.2625000000000084, 12.40625, 8.007671512643123, 12.234697139450905

[11.09375  0.8625 ]
0.8624999999999945, 11.09375, 0.13635964706176026, 0.2690990287572973

[11.96875  0.1125 ]
0.1124999999999925, 11.96875, 0.08503975392966581, 0.2712764742018871

[11.3125  0.675 ]
0.674999999999994, 11.3125, 0.12670748776055893, 0.26818118500897903

[11.75  0.3 ]
0.29999999999999294, 11.75, 0.10172984063251969, 0.26801187887102307

[11.640625  0.39375 ]
0.39374999999999316, 11.640625, 0.10889710099412946, 0.26764982250120595

[11.015625  0.24375 ]
0.24374999999999258, 11.015625, 0.09705467786515186, 0.26850114941020164

[11.63671875  0.4828125 ]
0.4828124999999935, 11.63671875, 0.11507093347395887, 0.2676336848530946

[11.21484375  0.5015625 ]
0.5015624999999935, 11.21484375, 0.11630089177174903, 0.26765810798031703

[11.53417969  0.42070312]
0.42070312499999324, 11.5341796875, 0.11082611233556272, 0.26761839017438643

[11.11621094  0.35039062]
0.350390624999993, 11.1162109375, 0.10567411489495021, 0.2677614986409337

[11.5065918   0.44970703]
0.44970703124999334, 11.506591796875, 0.11284193920809457, 0.2676117524940686

[11.82202148  0.45791016]
0.4579101562499934, 11.822021484375, 0.1134013006690246, 0.26761451795136865

[11.79443359  0.48691406]
0.4869140624999935, 11.79443359375, 0.11534199911822825, 0.26763839227025915

[11.59924316  0.43725586]
0.43725585937499334, 11.5992431640625, 0.1119839903008902, 0.267611433347517

[11.28381348  0.42905273]
0.42905273437499325, 11.2838134765625, 0.1114126094211109, 0.2676137089315283

[11.41836548  0.43626709]
0.4362670898437433, 11.418365478515625, 0.11191534538806444, 0.26761155941751763

[11.51101685  0.42381592]
0.4238159179687433, 11.511016845703125, 0.11104537653879913, 0.2676163956389163

[11.50769806  0.44323425]
0.4432342529296808, 11.507698059082031, 0.11239729476397686, 0.2676109989711937

[11.68857574  0.44422302]
0.4442230224609309, 11.688575744628906, 0.1124654479924339, 0.2676110810648136

[11.59703064  0.45020142]
0.45020141601561847, 11.597030639648438, 0.11287579919956325, 0.2676118838881927

[11.59869003  0.44049225]
0.4404922485351496, 11.598690032958984, 0.11220805881929338, 0.26761107680498497

[11.41781235  0.43950348]
0.4395034790038995, 11.41781234741211, 0.11213964282533934, 0.2676111049139973

[11.6208849   0.44304314]
0.44304313659667305, 11.620884895324707, 0.11238414532970732, 0.2676110247497209

[11.52989292  0.44578514]
0.4457851409912042, 11.529892921447754, 0.11257288477072143, 0.26761115525523405

[11.58149076  0.44181547]
0.44181547164916324, 11.581490755081177, 0.11229945193710726, 0.26761101806379667

[11.46830392  0.44200659]
0.44200658798217096, 11.468303918838501, 0.11231261793315618, 0.2676109851321041

[11.39201343  0.44148831]
0.4414883136749199, 11.392013430595398, 0.11227682530410205, 0.2676109770392536

[11.31822073  0.44290709]
0.44290709495543756, 11.318220734596252, 0.11237470049547223, 0.2676109433184604

[11.18658572  0.44345291]
0.44345290660857484, 11.18658572435379, 0.1124122919287022, 0.2676109179678038

[11.0709011   0.44170697]
0.44170696735381393, 11.070901095867157, 0.11229184835513492, 0.2676108830900977

[10.85250261  0.44094332]
0.44094332456588037, 10.85250261425972, 0.11223906019393647, 0.2676108480366282

[10.64707491  0.44290792]
0.4429079174995353, 10.647074908018112, 0.1123745978073796, 0.26761075077130436

[10.27460565  0.44361772]
0.4436177194118429, 10.27460564672947, 0.11242342048066854, 0.2676106483242473

[9.94052254 0.44110814]
0.44110813736914845, 9.940522536635399, 0.11225020445258772, 0.26761054933484385

[9.31749094 0.43993575]
0.4399357527494352, 9.317490942776203, 0.11216898313966187, 0.2676103896464799

[8.73959398 0.44261015]
0.44261014759539774, 8.739593975245953, 0.11235347880012496, 0.26761004137552274

[7.68313966 0.44344356]
0.4434435591101564, 7.683139655739069, 0.1124104816987778, 0.26760950989982807

[6.72602495 0.43976159]
0.4397615924477487, 6.726024951785803, 0.11215576455307232, 0.26760898714091313

[4.9517346  0.43783353]
0.4378335289657016, 4.95173460431397, 0.11202077253682953, 0.2676074004693612

[3.31738332 0.44134134]
0.44134133532642283, 3.3173833172768354, 0.11226062806909695, 0.2676036933850229

[0.3173295  0.44204413]
0.44204412661491665, 0.3173295045271516, 0.11223719512461525, 0.26752048029251163

[-2.41407555  0.4364341 ]
0.43643409647046183, -2.414075546897948, 0.11194141110627186, 0.2676291575609099

[5.15883586 0.44169119]
0.4416911934502328, 5.158835855079815, 0.11228781532460286, 0.26760733078703786

[0.52443076 0.44590179]
0.44590179109944783, 0.5244307552929968, 0.112532040441553, 0.26755357469613267

[-4.3170756   0.44625472]
0.4462547242641317, -4.317075595259666, 0.11261444574696562, 0.2676224644746368

[2.78985799 0.44283208]
0.4428320761537075, 2.7898579924949445, 0.1123618785212452, 0.26760173410190163

[-1.94809773  0.44511384]
0.445113841560657, -1.9480977326747961, 0.11254438751652299, 0.26763259919795357

[1.60536906 0.44340252]
0.4434025175054449, 1.6053690612025093, 0.11239384832152162, 0.26759295975926645

[-0.7636088  0.4445434]
0.4445434002089196, -0.763608801382361, 0.11252987103351597, 0.2676632212382665

[1.0131246  0.44368774]
0.4436877381813136, 1.0131245955562918, 0.11240362005324804, 0.26758126317970704

[-0.17136434  0.44425818]
0.4442581795330509, -0.1713643357361434, 0.11268644479609428, 0.26789657564230934

[0.71700236 0.44383035]
0.4438303485192479, 0.717002362733183, 0.11240270686878366, 0.2675686832960042

[0.1247579  0.44411557]
0.4441155691951166, 0.12475789708696539, 0.11228667430697258, 0.2674247937316241

[-0.17136434  0.44425818]
0.444258179533051, -0.1713643357361434, 0.11268644479609471, 0.2678965756423078

[-0.08234335  0.4402579 ]
0.44025790471058546, -0.0823433536788798, 0.11280782202283594, 0.2684871913589512

[0.37273723 0.44449082]
0.44449081950223224, 0.3727372280500276, 0.11241631047381219, 0.26753224342790755

[0.06935017 0.44166888]
0.44166887630780105, 0.06935017356408935, 0.11203561826933653, 0.26735802821146176

[-0.08234335  0.4402579 ]
0.44025790471058546, -0.0823433536788798, 0.11280782202283594, 0.2684871913589512

[-0.12322143  0.44374032]
0.4437403188880009, -0.12322143387609685, 0.11276926968295103, 0.2680648630138561

[0.20719177 0.44246817]
0.4424681746831877, 0.20719176992633948, 0.11223071663512194, 0.26748194275131704

[-0.0130837   0.44331627]
0.44331627081972985, -0.013083699275284744, 0.11452802325421545, 0.27499951848470383

[0.1521229 0.4426802]
0.4426801987173232, 0.15212290262593342, 0.11221241276882114, 0.26744843061778845

[0.04198517 0.44310425]
0.44310424678559435, 0.04198516802512131, 0.11205950888599994, 0.26732273430759884

[-0.0130837   0.44331627]
0.44331627081973, -0.013083699275284744, 0.11452802325421545, 0.2749995184847037

[-0.01342256  0.44065755]
0.4406575538982788, -0.013422555497754729, 0.11460071523120806, 0.27568495930469983

[0.09021278 0.44325107]
0.44325106537090714, 0.09021278394078536, 0.11218306388844, 0.2673863134874266

[0.02112256 0.44152206]
0.44152205772248826, 0.0211225576484253, 0.1118738281659297, 0.2673591538222647

[0.03839511 0.44195431]
0.4419543096345929, 0.038395114221515314, 0.11196837847893525, 0.2673216099937499

[0.01103011 0.44338968]
0.4433896801123862, 0.01103010868254728, 0.11197666507060718, 0.2674915173126101

[0.05477016 0.44209908]
0.44209907725894737, 0.05477015734370383, 0.11202950296357608, 0.2673370255695135

[0.02561012 0.44295948]
0.4429594791612399, 0.025610124902932796, 0.11198929494181678, 0.26733669017951955

[0.03290013 0.44274438]
0.4427443786856668, 0.032900133013125554, 0.11200250744542413, 0.26732249421778803

[0.02931008 0.44159444]
0.4415944415346653, 0.029310079209519557, 0.11191003156458859, 0.26732771076096307

[0.0388164 0.4427268]
0.4427267954728621, 0.03881639582122087, 0.11202279655173504, 0.267321351684778

[0.04431138 0.44193673]
0.4419367264217882, 0.04431137702961063, 0.11198716501013074, 0.2673250681429443

[0.03575294 0.44254247]
0.4425424656196971, 0.035752944017246824, 0.11199922419981113, 0.2673212313042989

[0.03617423 0.44331495]
0.4433149514579663, 0.03617422561695238, 0.11205365907934622, 0.26732080836181016

[0.03506378 0.44399527]
0.44399527236965297, 0.035063781314670917, 0.11209616827145637, 0.26732074075385015

[0.03200033 0.44381094]
0.443810942516488, 0.03200032951069687, 0.11207213663991596, 0.26732282161689314

[0.03711238 0.44299783]
0.44299783223376854, 0.03711237924358987, 0.11203532480107294, 0.26732092535451124

[0.03642322 0.44445064]
0.4444506389837244, 0.036423216541013964, 0.1121322644488912, 0.2673202904332579

[0.03675835 0.44540473]
0.4454047256657381, 0.036758352802897534, 0.11219868339594441, 0.2673198923777099

[0.03470975 0.44640217]
0.4464021658016225, 0.03470975487397858, 0.11225932646144708, 0.26731990602861977

[0.03640433 0.44781162]
0.4478116190977076, 0.0364043263622052, 0.11236163453480155, 0.26731905398968847

[0.0370746  0.44971979]
0.4497197924617349, 0.03707459888597234, 0.11249396524771017, 0.2673184992941718

[0.0391232  0.44872235]
0.44872235232585045, 0.03912319681489129, 0.11243334246294909, 0.26731919091225104

[0.03943944 0.45303742]
0.45303741912184725, 0.039439442897966095, 0.11272761772491696, 0.2673183505183239

[0.04077999 0.45685377]
0.4568537658499019, 0.040779987945500376, 0.11299048288266834, 0.2673186073235624

[0.03739084 0.45403486]
0.4540348592577317, 0.03739084496904714, 0.11278796734283758, 0.2673176798896473

[0.03652467 0.45669111]
0.45669111272367235, 0.03652466904612506, 0.1129645033576084, 0.26731739637091007

[0.03888951 0.46000874]
0.4600087393837847, 0.038889513058118816, 0.1131966521762253, 0.26731774493526206

[0.03597474 0.46366243]
0.46366243298560983, 0.03597473920627778, 0.11343173417579099, 0.26731773345024373

[0.0336099  0.46034481]
0.46034480632549746, 0.03360989519428402, 0.11320012700248575, 0.2673182730258744

[0.03756961 0.46009276]
0.4600927561192129, 0.03756960859216012, 0.11319762807867492, 0.2673174308693419

[0.03811954 0.45312144]
0.4531214358572755, 0.0381195384320074, 0.11272867326849044, 0.26731793044734553

[0.03651094 0.46102718]
0.46102718370352624, 0.036510939012710186, 0.11325669099862888, 0.26731742024972716

[0.035466   0.45762554]
0.4576255403079857, 0.03546599946667513, 0.11302373660287662, 0.26731748928605853

[0.03704371 0.45947595]
0.45947595216640613, 0.03704370631078887, 0.1131542103202223, 0.26731735776324234

[0.03705744 0.45513988]
0.45513988118655224, 0.03705743634420375, 0.11286156685285158, 0.26731752431133454

[0.03664756 0.45955536]
0.4595553580742827, 0.03664756334558358, 0.11315813070834993, 0.2673173497298535

[0.0371666 0.4623402]
0.4623401975170165, 0.03716660061024739, 0.11334729845893037, 0.26731755001567176

[0.03668515 0.45810338]
0.4581033839220084, 0.036685151937155644, 0.1130604051577991, 0.2673173425011765

[0.03628901 0.45818279]
0.45818278982988503, 0.036289008971950344, 0.11306432728312565, 0.2673173561005044

[0.03647768 0.45850608]
0.45850608041401525, 0.03647768330665997, 0.11308681073166849, 0.2673173427140658

[0.03651527 0.45705411]
0.4570541062617409, 0.03651527189823204, 0.11298898266790122, 0.267317378077443

[0.03661449 0.45893005]
0.45893004512114727, 0.036614490483745696, 0.11311588332520255, 0.2673173397560292


------------------------------------------------------------
Sender: LSF System <lsfadmin@n-62-21-8>
Subject: Job 1708295: <minimize_batch_job_this_is_on_purpose_to_utilize_more_kernel> in cluster <dcc> Done

Job <minimize_batch_job_this_is_on_purpose_to_utilize_more_kernel> was submitted from host <gbarlogin2> by user <s174007> in cluster <dcc> at Thu Jan 10 17:20:32 2019
Job was executed on host(s) <n-62-21-8>, in queue <hpc>, as user <s174007> in cluster <dcc> at Thu Jan 10 17:20:33 2019
</zhome/b0/b/127184> was used as the home directory.
</zhome/b0/b/127184/Documents/Projects/machine-learning-on-materials> was used as the working directory.
Started at Thu Jan 10 17:20:33 2019
Terminated at Thu Jan 10 18:03:25 2019
Results reported at Thu Jan 10 18:03:25 2019

Your job looked like:

------------------------------------------------------------
# LSBATCH: User input
#!/bin/bash
##Kør på cpu
#BSUB -q hpc
##Navn på job
#BSUB -J minimize_batch_job_this_is_on_purpose_to_utilize_more_kernel
##Output fil
#BSUB -o output/minimize/linear_GP_default_batchjobs-%J.out
##Antal kerner
#BSUB -n 1
##Om kernerne må være på forskellige computere
#BSUB -R "span[hosts=1]"
##Ram pr kerne
#BSUB -R "rusage[mem=10GB]"
##Hvor lang tid må den køre hh:mm
#BSUB -W 45:00
##Email når jobbet starter
##og stopper
module purge
module load python3
python3 KRR/minimizer.py linear 3 GP default [10]
------------------------------------------------------------

Successfully completed.

Resource usage summary:

    CPU time :                                   2570.60 sec.
    Max Memory :                                 1325 MB
    Average Memory :                             1053.55 MB
    Total Requested Memory :                     10240.00 MB
    Delta Memory :                               8915.00 MB
    Max Swap :                                   -
    Max Processes :                              4
    Max Threads :                                5
    Run time :                                   2585 sec.
    Turnaround time :                            2573 sec.

The output (if any) is above this job summary.

