Unloaded module: latex/TeXLive12
Loaded module: python3/3.6.2
[5]
[5.0]
[5. 1.]
1.0, 5.0, 0.27427774547366424, 0.3229336915738604

[5.25 1.  ]
1.0, 5.25, 0.27427778053903845, 0.32293350977190177

[5.   1.05]
1.05, 5.0, 0.27749761571718673, 0.32435810241795937

[5.25 0.95]
0.95, 5.25, 0.2708925832013481, 0.32146565142932626

[5.375 0.9  ]
0.8999999999999999, 5.375, 0.26732484585038857, 0.31995157774687977

[5.625 0.9  ]
0.8999999999999999, 5.625, 0.26732487460238713, 0.31995142659571957

[5.9375 0.85  ]
0.8499999999999996, 5.9375, 0.263554603692323, 0.318388256195022

[6.0625 0.75  ]
0.7499999999999996, 6.0625, 0.2553086723486545, 0.31510262351375196

[6.46875 0.625  ]
0.6249999999999991, 6.46875, 0.24334328818800732, 0.31066105398367566

[7.03125 0.575  ]
0.5749999999999988, 7.03125, 0.23789946553507463, 0.30876879997470297

[7.859375 0.4125  ]
0.4124999999999983, 7.859375, 0.2164993606341872, 0.3021165624882089

[8.390625 0.1875  ]
0.18749999999999778, 8.390625, 0.16907797274737735, 0.291876541591319

[ 9.6171875 -0.14375  ]
-0.14375000000000315, 9.6171875, 8.368411571520099, 9.381267474766117

[ 9.78125 -0.025  ]
-0.02500000000000302, 9.78125, 2.188539534893543, 3.116914776007785

[7.296875 0.4625  ]
0.4624999999999986, 7.296875, 0.2238093230315378, 0.3042475751428843

[8.953125 0.1375  ]
0.1374999999999975, 8.953125, 0.1524684090587642, 0.28976318804698764

[ 9.78125 -0.025  ]
-0.02500000000000302, 9.78125, 2.188539534893543, 3.116914776007785

[ 9.484375 -0.0875  ]
-0.08750000000000302, 9.484375, 13.29944993674823, 15.522363676066101

[8.265625 0.2875  ]
0.287499999999998, 8.265625, 0.194033597759616, 0.29649024050168327

[9.078125 0.0375  ]
0.03749999999999731, 9.078125, 0.10161171710701195, 0.2883867558622583

[ 9.484375 -0.0875  ]
-0.08750000000000302, 9.484375, 13.29944993674823, 15.522363676066101

[ 9.640625 -0.0125  ]
-0.012500000000002953, 9.640625, 1.514082713040991, 2.646431160166355

[8.703125 0.1375  ]
0.1374999999999976, 8.703125, 0.15246840360485203, 0.28976321276125727

[9.328125 0.0375  ]
0.03749999999999723, 9.328125, 0.1016117198749955, 0.288386743226241

[ 9.640625 -0.0125  ]
-0.012500000000002953, 9.640625, 1.514082713040991, 2.646431160166355

[ 9.453125 -0.0625  ]
-0.06250000000000297, 9.453125, 4.340974052808503, 4.419641223468747

[9.078125 0.0875  ]
0.08749999999999739, 9.078125, 0.13108737563688144, 0.28819100996187574

[9.328125 0.0875  ]
0.0874999999999973, 9.328125, 0.1310873799227934, 0.28819099156398215

[9.453125 0.1125  ]
0.1124999999999973, 9.453125, 0.1425306172731676, 0.28886877779942394

[9.078125 0.1375  ]
0.13749999999999746, 9.078125, 0.15246841167313605, 0.2897631762003511

[9.265625 0.0625  ]
0.06249999999999729, 9.265625, 0.11765723022011967, 0.2879025798790899

[9.515625 0.0625  ]
0.0624999999999972, 9.515625, 0.1176572337817478, 0.28790256471829206

[9.734375 0.05    ]
0.0499999999999971, 9.734375, 0.11000094075823837, 0.2880076581364823

[9.453125 0.0375  ]
0.037499999999997174, 9.453125, 0.1016117212040991, 0.28838673715858554

[9.359375 0.075   ]
0.07499999999999726, 9.359375, 0.12465760551885266, 0.28798178838076716

[9.421875 0.05    ]
0.04999999999999721, 9.421875, 0.11000093694488286, 0.28800767463988564

[9.375   0.06875]
0.06874999999999726, 9.375, 0.12123396180895395, 0.287923109676101

[9.40625 0.05625]
0.05624999999999722, 9.40625, 0.11391646880340191, 0.2879276010900132

[9.3828125 0.065625 ]
0.06562499999999724, 9.3828125, 0.11946541323316079, 0.28790764976848127

[9.3984375 0.059375 ]
0.059374999999997236, 9.3984375, 0.11580804020069665, 0.2879088546854559

[9.38671875 0.0640625 ]
0.06406249999999725, 9.38671875, 0.11856636277734811, 0.2879037548040806

[9.39453125 0.0609375 ]
0.06093749999999723, 9.39453125, 0.11673784849306086, 0.2879042276436847

[9.38867188 0.06328125]
0.06328124999999724, 9.388671875, 0.11811306822157144, 0.2879028167768034

[9.39257812 0.06171875]
0.06171874999999724, 9.392578125, 0.11719883262539496, 0.28790303700927683

[9.38964844 0.06289062]
0.06289062499999723, 9.3896484375, 0.11788546917627916, 0.28790260682125696

[9.39160156 0.06210937]
0.06210937499999725, 9.3916015625, 0.11742835407194321, 0.2879027149144373

[9.39013672 0.06269531]
0.06269531249999724, 9.39013671875, 0.1177714305322014, 0.28790256746826204

[9.64013672 0.06269531]
0.06269531249999716, 9.64013671875, 0.11777143400642627, 0.2879025526810419

[9.82739258 0.06279297]
0.06279296874999708, 9.827392578125, 0.1178284757847802, 0.28790255624700256

[9.765625 0.0625  ]
0.06249999999999711, 9.765625, 0.1176572371610853, 0.2879025503336085

[9.95336914 0.06240234]
0.062402343749997036, 9.953369140625, 0.1176000802703012, 0.28790255901808676

[9.89013672 0.06269531]
0.06269531249999707, 9.89013671875, 0.1177714373050425, 0.28790253864116977

[10.07739258  0.06279297]
0.06279296874999701, 10.077392578125, 0.11782847896282213, 0.28790254272144994

[10.015625  0.0625  ]
0.06249999999999703, 10.015625, 0.11765724037173866, 0.28790253666726867

[10.20336914  0.06240234]
0.06240234374999698, 10.203369140625, 0.11760008336016305, 0.2879025458652095

[10.14013672  0.06269531]
0.06269531249999699, 10.14013671875, 0.11777144044104416, 0.28790252529423094

[10.32739258  0.06279297]
0.06279296874999693, 10.327392578125, 0.11782848198701024, 0.2879025298506196

[10.265625  0.0625  ]
0.06249999999999695, 10.265625, 0.11765724342606766, 0.287902523666647

[10.45336914  0.06240234]
0.06240234374999687, 10.453369140625, 0.11760008630221062, 0.28790253334167976

[10.39013672  0.06269531]
0.06269531249999691, 10.39013671875, 0.1177714434261776, 0.2879025125889946

[10.57739258  0.06279297]
0.06279296874999685, 10.577392578125, 0.11782848486831868, 0.2879025175883181

[10.515625  0.0625  ]
0.062499999999996864, 10.515625, 0.11765724633517484, 0.287902511283849

[10.70336914  0.06240234]
0.062402343749996814, 10.703369140625, 0.11760008910691246, 0.2879025214031309

[10.64013672  0.06269531]
0.06269531249999682, 10.64013671875, 0.11777144627106814, 0.2879025004808501

[10.82739258  0.06279297]
0.06279296874999676, 10.827392578125, 0.11782848761654505, 0.28790250589202376

[10.765625  0.0625  ]
0.06249999999999678, 10.765625, 0.11765724910918787, 0.287902499476388

[10.95336914  0.06240234]
0.0624023437499967, 10.953369140625, 0.11760009178359093, 0.28790251000948064

[10.89013672  0.06269531]
0.06269531249999674, 10.89013671875, 0.11777144898536096, 0.28790248892869436

[11.07739258  0.06279297]
0.06279296874999668, 11.077392578125, 0.11782849024078326, 0.2879024947239341

[11.015625  0.0625  ]
0.0624999999999967, 11.015625, 0.1176572517573688, 0.2879024882047088

[11.20336914  0.06240234]
0.06240234374999665, 11.203369140625, 0.11760009434084236, 0.287902499124578

[11.14013672  0.06269531]
0.06269531249999666, 11.14013671875, 0.11777145157786231, 0.287902477895053

[11.32739258  0.06279297]
0.0627929687499966, 11.327392578125, 0.11782849274920372, 0.28790248404891067

[11.265625  0.0625  ]
0.062499999999996614, 11.265625, 0.117657254287994, 0.28790247743305586

[11.45336914  0.06240234]
0.062402343749996536, 11.453369140625, 0.11760009678647544, 0.2879024887146824

[11.39013672  0.06269531]
0.06269531249999657, 11.39013671875, 0.11777145405654547, 0.28790246734581165

[11.57739258  0.06279297]
0.06279296874999651, 11.577392578125, 0.11782849514929661, 0.28790247383449136

[11.515625  0.0625  ]
0.06249999999999653, 11.515625, 0.11765725670879419, 0.28790246712962625

[11.70336914  0.06240234]
0.06240234374999648, 11.703369140625, 0.11760009912766324, 0.28790247874954156

[11.64013672  0.06269531]
0.06269531249999649, 11.64013671875, 0.11777145642883281, 0.2879024572499221

[11.82739258  0.06279297]
0.06279296874999643, 11.827392578125, 0.11782849744798328, 0.28790246405202824

[11.765625  0.0625  ]
0.06249999999999645, 11.765625, 0.11765725902671849, 0.2879024572639431

[11.89013672  0.06269531]
0.06269531249999641, 11.89013671875, 0.11777145870134528, 0.28790244757846706

[12.07739258  0.06279297]
0.06279296874999635, 12.077392578125, 0.11782849965149361, 0.2879024546746754

[11.76464844  0.06289062]
0.06289062499999645, 11.7646484375, 0.11788549626397347, 0.2879024915443684

[11.76538086  0.06259766]
0.06259765624999644, 11.765380859375, 0.11771437830593982, 0.28790244928705433

[12.01538086  0.06259766]
0.06259765624999636, 12.015380859375, 0.11771438052923444, 0.28790243982483527

[12.20300293  0.06254883]
0.06254882812499629, 12.2030029296875, 0.11768582749938987, 0.287902435593388

[12.32775879  0.06264648]
0.06264648437499626, 12.3277587890625, 0.11774292781736552, 0.2879024286873631

[12.60894775  0.0626709 ]
0.06267089843749618, 12.60894775390625, 0.11775719866220696, 0.2879024201109917

[12.92181396  0.06252441]
0.06252441406249606, 12.92181396484375, 0.11767155215544234, 0.2879024135606786

[13.43765259  0.06243896]
0.06243896484374589, 13.437652587890625, 0.117621552419901, 0.28790241136066985

[13.84359741  0.06256104]
0.06256103515624578, 13.843597412109375, 0.11769297930290541, 0.2879023827322785

[14.66389465  0.06256714]
0.06256713867187053, 14.663894653320312, 0.11769655394688636, 0.287902360722411

[15.49259949  0.06233521]
0.06233520507812024, 15.492599487304688, 0.1175608050545617, 0.28790238669608303

[16.71884155  0.06246338]
0.06246337890624487, 16.718841552734375, 0.1176358605983174, 0.28790232851407027

[18.35943604  0.06247559]
0.06247558593749436, 18.35943603515625, 0.11764301129231196, 0.2879022978055326

[17.5307312   0.06270752]
0.06270751953124465, 17.530731201171875, 0.11777862485000809, 0.2879023038333769

[21.22627258  0.06261597]
0.06261596679686848, 21.226272583007812, 0.11772513135250813, 0.28790224629569106

[24.50746155  0.06264038]
0.06264038085936746, 24.507461547851562, 0.11773941098763803, 0.28790221275092964

[25.33616638  0.06240845]
0.06240844726561717, 25.336166381835938, 0.11760373048159115, 0.28790223156755346

[31.48419189  0.06257324]
0.06257324218749027, 31.48419189453125, 0.11770016915628434, 0.2879021654688784

[38.04656982  0.06262207]
0.06262207031248823, 38.04656982421875, 0.1177287257069603, 0.2879021348242115

[37.21786499  0.062854  ]
0.06285400390623852, 37.217864990234375, 0.11786419940440214, 0.287902169247863

[50.75697327  0.06283569]
0.06283569335935929, 50.75697326660156, 0.11785352127298258, 0.2879021261090307

[6.38817291e+01 6.29333496e-02]
0.0629333496093552, 63.88172912597656, 0.11791050836753443, 0.2879021340281914

[51.5856781   0.06260376]
0.062603759765609, 51.58567810058594, 0.1177180294305956, 0.28790209808940714

[58.76958466  0.06247864]
0.06247863769529424, 58.76958465576172, 0.11764484424105591, 0.28790209707814557

[7.14799881e+01 6.26922607e-02]
0.0626922607421653, 71.47998809814453, 0.11776976380119457, 0.287902071914527

[8.81966972e+01 6.27273560e-02]
0.06272735595700385, 88.19669723510742, 0.11779027071122777, 0.2879020612908794

[9.62093086e+01 6.23703003e-02]
0.0623703002929388, 96.20930862426758, 0.11758142919176975, 0.2879020865111828

[1.25636421e+02 6.26190186e-02]
0.06261901855464841, 125.63642120361328, 0.11772696469323914, 0.2879020367669603

[1.59069839e+02 6.26892090e-02]
0.0626892089843255, 159.06983947753906, 0.1177679903326688, 0.28790203042879237

[1.51057228e+02 6.30462646e-02]
0.06304626464839055, 151.0572280883789, 0.1179763555086837, 0.28790213341994103

[1.09921288e+02 6.25392914e-02]
0.06253929138180174, 109.92128849029541, 0.11768034081272918, 0.2879020468034218

[1.80794431e+02 6.25011444e-02]
0.06250114440912341, 180.79443073272705, 0.11765802846623861, 0.2879020322328103

[2.29942982e+02 6.26510620e-02]
0.06265106201164718, 229.9429817199707, 0.11774569993311973, 0.28790201792753206

[2.89953828e+02 6.27069473e-02]
0.0627069473265699, 289.95382833480835, 0.11777835799609394, 0.28790201679125116

[2.68229237e+02 6.28950119e-02]
0.06289501190177199, 268.22923707962036, 0.1178881582700704, 0.2879020571462869

