Unloaded module: latex/TeXLive12
Loaded module: python3/3.6.2
[-10000]
[-10000.0]
[-1.e+04  5.e+00]
5.0, -10000.0, 0.1876340064036113, 0.2754623965297074

[-1.05e+04  5.00e+00]
5.0, -10500.0, 0.187634005662348, 0.27546239554790475

[-1.00e+04  5.25e+00]
5.25, -10000.0, 0.19022801808026996, 0.2761932201150248

[-1.05e+04  4.75e+00]
4.75, -10500.0, 0.18492378555699993, 0.2747199631351213

[-1.075e+04  4.500e+00]
4.5, -10750.0, 0.1820868871893887, 0.2739660253577787

[-1.125e+04  4.500e+00]
4.5, -11250.0, 0.18208688656942493, 0.27396602448203716

[-1.1875e+04  4.2500e+00]
4.25, -11875.0, 0.17911137219709705, 0.27320083586903093

[-1.2125e+04  3.7500e+00]
3.75, -12125.0, 0.17268760136645225, 0.27163883494936614

[-1.29375e+04  3.12500e+00]
3.125, -12937.5, 0.16358347976734525, 0.26963865130839987

[-1.40625e+04  2.87500e+00]
2.875, -14062.5, 0.15953143812028786, 0.26883052338597935

[-1.571875e+04  2.062500e+00]
2.0625, -15718.75, 0.14419094944495653, 0.26624808595519844

[-1.678125e+04  9.375000e-01]
0.9375, -16781.25, 0.11401833646124308, 0.2636633102489703

[-1.9234375e+04 -7.1875000e-01]
-0.71875, -19234.375, 3.6288544035510055, 4.998692082667351

[-1.95625e+04 -1.25000e-01]
-0.125, -19562.5, 0.9524774211598899, 2.0107905084973465

[-1.459375e+04  2.312500e+00]
2.3125, -14593.75, 0.1493217605741419, 0.2670257313665061

[-1.790625e+04  6.875000e-01]
0.6875, -17906.25, 0.10490019105773898, 0.2637098416839702

[-1.896875e+04 -4.375000e-01]
-0.4375, -18968.75, 14.240460992030908, 21.59196431936205

[-1.653125e+04  1.437500e+00]
1.4375, -16531.25, 0.12918903785856878, 0.26450719386369453

[-1.815625e+04  1.875000e-01]
0.1875, -18156.25, 0.08284866220836877, 0.2672554123376951

[-1.69375e+04  1.12500e+00]
1.125, -16937.5, 0.12012748102357394, 0.2638794809345134

[-1.775e+04  5.000e-01]
0.5, -17750.0, 0.09720474148909451, 0.264192125576771

[-1.7140625e+04  9.6875000e-01]
0.96875, -17140.625, 0.11507648561615097, 0.2636877358318576

[-1.6015625e+04  1.2187500e+00]
1.21875, -16015.625, 0.12298130245290843, 0.2640395954185021

[-1.74335938e+04  8.20312500e-01]
0.8203125, -17433.59375, 0.10989478219119174, 0.263624468994553

[-1.70742188e+04  7.89062500e-01]
0.7890625, -17074.21875, 0.10875152902559079, 0.2636305076812107

[-1.77265625e+04  6.71875000e-01]
0.671875, -17726.5625, 0.10428855594652708, 0.2637313841640919

[-1.70175781e+04  8.71093750e-01]
0.87109375, -17017.578125, 0.11171265169874531, 0.2636302157769176

[-1.73769531e+04  9.02343750e-01]
0.90234375, -17376.953125, 0.1128075428407613, 0.2636424252630456

[-1.71499023e+04  8.17382812e-01]
0.8173828125, -17149.90234375, 0.10978840911045679, 0.263624710497999

[-1.75659180e+04  7.66601562e-01]
0.7666015625, -17565.91796875, 0.10791792171855412, 0.26363979364108137

[-1.71546631e+04  8.44970703e-01]
0.844970703125, -17154.6630859375, 0.11078357483244969, 0.26362497084920233

[-1.74288330e+04  7.92724609e-01]
0.792724609375, -17428.8330078125, 0.10888649302567625, 0.2636293954945653

[-1.72232056e+04  8.31909180e-01]
0.8319091796875, -17223.20556640625, 0.11031422346950702, 0.26362414824339975

[-1.75068970e+04  8.34838867e-01]
0.8348388671875, -17506.89697265625, 0.11041978046402784, 0.2636242248781916

[-1.72965088e+04  8.46435547e-01]
0.846435546875, -17296.5087890625, 0.11083601085091874, 0.2636251394632797

[-1.73993225e+04  8.26843262e-01]
0.82684326171875, -17399.322509765625, 0.1101313109924145, 0.2636241647515636

[-1.71156311e+04  8.23913574e-01]
0.82391357421875, -17115.631103515625, 0.11002530602221816, 0.2636242617294966

[-1.74090805e+04  8.32107544e-01]
0.8321075439453125, -17409.080505371094, 0.11032137569676444, 0.26362415134538014

[-1.72329636e+04  8.37173462e-01]
0.8371734619140625, -17232.96356201172, 0.11050377928459328, 0.26362433110227435

[-1.73577328e+04  8.29425812e-01]
0.8294258117675781, -17357.73277282715, 0.11022461910692459, 0.26362413255253875

[-1.71718578e+04  8.29227448e-01]
0.8292274475097656, -17171.857833862305, 0.11021745671596349, 0.263624133350605

[-1.7306385e+04  8.2674408e-01]
0.8267440795898438, -17306.385040283203, 0.11012772498114078, 0.26362416700823726

[-1.72440004e+04  8.30617905e-01]
0.8306179046630859, -17244.00043487549, 0.11026764666140924, 0.2636241344446178

[-1.72855902e+04  8.28035355e-01]
0.8280353546142578, -17285.590171813965, 0.11017439745604085, 0.26362414380563287

[-1.72543979e+04  8.29972267e-01]
0.8299722671508789, -17254.397869110107, 0.11024434631810372, 0.26362413215742836

[-1.74402728e+04  8.30170631e-01]
0.8301706314086914, -17440.27280807495, 0.11025150587790888, 0.2636241324005341

[-1.73369379e+04  8.30717087e-01]
0.8307170867919922, -17336.93790435791, 0.11027122531837581, 0.2636241350180805

[-1.73525341e+04  8.29748631e-01]
0.8297486305236816, -17352.53405570984, 0.11023627364170373, 0.26362413198895135

[-1.71666591e+04  8.29550266e-01]
0.8295502662658691, -17166.659116744995, 0.11022911248393193, 0.26362413237504845

[-1.72350625e+04  8.29705358e-01]
0.8297053575515747, -17235.062539577484, 0.11023471152523111, 0.2636241321027129

[-1.73331987e+04  8.29481721e-01]
0.8294817209243774, -17333.198726177216, 0.11022663771183813, 0.26362413240771637

[-1.72740981e+04  8.29849631e-01]
0.8298496305942535, -17274.098083376884, 0.11023991959757212, 0.26362413205857615

[-1.73915696e+04  8.29892904e-01]
0.8298929035663605, -17391.56959950924, 0.11024148159764713, 0.2636241319953408

[-1.74700056e+04  8.29791903e-01]
0.8297919034957886, -17470.005571842194, 0.11023783573192242, 0.26362413191968925

[-1.75679593e+04  8.29763040e-01]
0.8297630399465561, -17567.959316074848, 0.11023679377058203, 0.2636241318677202

[-1.75289238e+04  8.29618767e-01]
0.8296187669038773, -17528.923772275448, 0.11023158545278448, 0.2636241320416715

[-1.74259081e+04  8.29824369e-01]
0.8298243694007397, -17425.90814270079, 0.11023900769526115, 0.26362413195123846

[-1.76413334e+04  8.29838779e-01]
0.8298387788236141, -17641.3334030658, 0.11023952780604883, 0.26362413179919253

[-1.77857331e+04  8.29883853e-01]
0.8298838529735804, -17785.73307674378, 0.11024115482566567, 0.2636241317780913

[-1.79277843e+04  8.29822524e-01]
0.8298225235193968, -17927.78425011784, 0.11023894097565981, 0.26362413167499366

[-1.81787223e+04  8.29821601e-01]
0.8298216005787253, -18178.722303826362, 0.11023890761581329, 0.26362413155464653

[-1.83964961e+04  8.29942414e-01]
0.8299424136057496, -18396.496064495295, 0.11024326854367135, 0.26362413151732367

[-1.88107644e+04  8.30032100e-01]
0.8300321004353464, -18810.76443870552, 0.11024650569624914, 0.26362413140113644

[-1.92037537e+04  8.29969848e-01]
0.8299698480404913, -19203.7536657881, 0.11024425866827635, 0.26362413112893307

[-1.99127640e+04  8.30012846e-01]
0.8300128455739468, -19912.763960310258, 0.1102458105399378, 0.2636241308413612

[-2.05448061e+04  8.30223345e-01]
0.8302233454305679, -20544.806095189415, 0.11025340787640349, 0.2636241310529455

[-2.16468056e+04  8.30204091e-01]
0.8302040905691683, -21646.805616794154, 0.11025271281202086, 0.263624130597657

[-2.30648262e+04  8.30290086e-01]
0.8302900856360793, -23064.82620583847, 0.1102558162007074, 0.263624130370814

[-2.24327841e+04  8.30079586e-01]
0.8300795857794583, -22432.784070959315, 0.11024821912119318, 0.26362413001343343

[-2.33767731e+04  8.30007706e-01]
0.8300077059539035, -23376.773058844265, 0.11024562460645337, 0.2636241296242227

[-2.65288353e+04  8.30284946e-01]
0.830284946016036, -26528.83530437248, 0.11025563039452341, 0.26362412941270313

[-2.98368710e+04  8.30420996e-01]
0.8304209962370805, -29836.87097640359, 0.11026053990392883, 0.26362412923142775

[-3.01488178e+04  8.30138617e-01]
0.8301386165549047, -30148.81782940938, 0.11025034903520516, 0.263624128211036

[-3.36908136e+04  8.30062882e-01]
0.8300628820143174, -33690.813641194836, 0.11024761538447404, 0.2636241274913418

[-4.01509116e+04  8.30476172e-01]
0.8304761722974945, -40150.91155875416, 0.11026253050628525, 0.2636241280494682

[-4.40048542e+04  8.30118058e-01]
0.8301180580747314, -44004.85422354541, 0.11024960645337077, 0.2636241263595853

[-5.10888458e+04  8.29966589e-01]
0.8299665889935568, -51088.84584711632, 0.11024413917945901, 0.2636241255645946

[-4.46287479e+04  8.29553299e-01]
0.8295532987103797, -44628.747929556994, 0.1102292199228563, 0.2636241261967611

[-6.20267801e+04  8.29457006e-01]
0.8294570056896191, -62026.780135478475, 0.11022574300837844, 0.2636241253836443

[-7.61947634e+04  8.29154068e-01]
0.82915406752727, -76194.7633826203, 0.11021480441796255, 0.2636241260320944

[-6.84868781e+04  8.29870296e-01]
0.8298702959727962, -68486.8780530378, 0.11024066307342235, 0.26362412452283684

[-8.04159431e+04  8.30028795e-01]
0.8300287946040044, -80415.9431147782, 0.1102463840408972, 0.2636241245411158

[-7.94248123e+04  8.29360713e-01]
0.8293607126688585, -79424.81234139996, 0.11022226606489893, 0.2636241252759649

[-8.58849103e+04  8.29774003e-01]
0.8297740029520355, -85884.91025895928, 0.1102371869308386, 0.26362412411183533

[-9.78139753e+04  8.29932502e-01]
0.8299325015832437, -97813.97532069968, 0.1102429082488003, 0.26362412391427525

[-8.68760410e+04  8.30442085e-01]
0.8304420848871814, -86876.04103233753, 0.11026129966174705, 0.2636241255899546

[-8.12876195e+04  8.29631056e-01]
0.8296310557234392, -81287.61951413435, 0.11023202654586933, 0.26362412439276406

[-1.10614717e+05  8.29693261e-01]
0.8296932613338868, -110614.71678179625, 0.11023427206562075, 0.2636241238784257

[-1.31678636e+05  8.29604744e-01]
0.8296047440144321, -131678.63614617544, 0.11023107639565545, 0.2636241236408392

[-1.48204992e+05  8.29906190e-01]
0.8299061898742366, -148204.99195274076, 0.11024195827506769, 0.26362412359367776

[-1.81663678e+05  8.30043757e-01]
0.8300437569496353, -181663.67817204402, 0.11024692365987832, 0.26362412346417546

[-2.15528339e+05  8.29715999e-01]
0.8297159993808236, -215528.33899751975, 0.1102350927373844, 0.263624122837506

[-2.74385521e+05  8.29607748e-01]
0.8296077482796136, -274385.5208359298, 0.11023118453429143, 0.26362412341580843

[-2.65513381e+05  8.30155012e-01]
0.8301550123160268, -265513.38102338836, 0.11025093902002461, 0.2636241234928297

[-2.32054695e+05  8.30017445e-01]
0.8300174452406281, -232054.69480408513, 0.11024597389273655, 0.263624123065155

[-2.65919356e+05  8.29689688e-01]
0.8296896876718165, -265919.3556295609, 0.1102341426947126, 0.2636241229357489

[-2.49393000e+05  8.29388242e-01]
0.829388241812012, -249392.9998229955, 0.11022325949447617, 0.2636241230699567

[-2.36389271e+05  8.29860144e-01]
0.8298601443834741, -236389.27105881274, 0.11024029613160437, 0.26362412298332866

[-2.45058424e+05  8.29545543e-01]
0.829545542669166, -245058.4235682679, 0.11022893878557402, 0.26362412351016584

[-2.38556559e+05  8.29781494e-01]
0.8297814939548971, -238556.5591861765, 0.11023745687729485, 0.2636241230395124

[-2.40723847e+05  8.29702844e-01]
0.8297028435263201, -240723.84731354032, 0.11023461777778737, 0.26362412299762916

[-2.25958805e+05  8.29788072e-01]
0.8297880718821489, -225958.80502816624, 0.1102376944089159, 0.26362412292943327

[-2.00763297e+05  8.29801228e-01]
0.8298012277366524, -200763.29671214565, 0.11023816931508554, 0.26362412306118527

[-2.3073371e+05  8.2972744e-01]
0.8297274395789032, -230733.70966319164, 0.11023550563082389, 0.2636241226634682

[-2.20303244e+05  8.29655367e-01]
0.8296553670775779, -220303.24363254514, 0.11023290389706926, 0.2636241230006176

[-2.24544915e+05  8.29754896e-01]
0.8297548956810061, -224544.91467926098, 0.11023649677587699, 0.2636241234402666

[-2.23131024e+05  8.29721719e-01]
0.8297217194798634, -223131.0243303557, 0.11023529904826945, 0.26362412267480606

[-2.28346257e+05  8.29757756e-01]
0.829757755730526, -228346.25734567893, 0.11023660011373673, 0.263624122512813

[-2.35948943e+05  8.29763476e-01]
0.8297634758295658, -235948.94267851487, 0.11023680646717325, 0.26362412283329356

[-2.26335504e+05  8.29732159e-01]
0.829732158567289, -226335.5039173955, 0.11023567595805031, 0.26362412255359774

[-2.23948052e+05  8.29762475e-01]
0.8297624747189118, -223948.05159988278, 0.1102367703547993, 0.26362412321330686

[-2.29037295e+05  8.29736198e-01]
0.8297361983639053, -229037.29514736444, 0.11023582183303282, 0.2636241229412013

[-2.27340881e+05  8.29744957e-01]
0.8297449571489075, -227340.8806315372, 0.110236137998633, 0.2636241229634374

[-2.29539984e+05  8.29742598e-01]
0.8297425976547146, -229539.98350443528, 0.11023605283021763, 0.26362412371517474

[-2.26147154e+05  8.29760115e-01]
0.8297601152247189, -226147.15447278088, 0.1102366852575733, 0.263624122829937

[-2.27152531e+05  8.29772914e-01]
0.8297729138063374, -227152.5311869226, 0.11023714721063667, 0.26362412270664853

[-2.29351634e+05  8.29770554e-01]
0.8297705543121445, -229351.63405982067, 0.11023706195090828, 0.26362412333849766

[-2.26948274e+05  8.29762725e-01]
0.8297627249965753, -226948.27436954083, 0.1102367794465957, 0.2636241232282267

[-2.27749394e+05  8.29765335e-01]
0.8297653347684317, -227749.39426630078, 0.11023687363581992, 0.2636241230170889

[-2.27246706e+05  8.29758935e-01]
0.8297589354776225, -227246.7059092299, 0.11023664259148074, 0.26362412281337977

[-2.27843569e+05  8.29751356e-01]
0.8297513564397168, -227843.56898860802, 0.11023636909073707, 0.2636241233286078

[-2.27772938e+05  8.29761840e-01]
0.829761840186253, -227772.9379468776, 0.11023674745185594, 0.26362412280424685

[-2.28872489e+05  8.29760660e-01]
0.8297606604391565, -228872.48938332664, 0.11023670488184521, 0.2636241230733196

[-2.27653152e+05  8.29759367e-01]
0.829759366718006, -227653.15177775407, 0.11023665813232954, 0.26362412282219005

[-2.28059598e+05  8.29759798e-01]
0.8297597979583895, -228059.59764627827, 0.11023667373027418, 0.26362412311733946

[-2.27796482e+05  8.29758346e-01]
0.8297583456040742, -227796.4816274544, 0.11023662129169196, 0.2636241232260041

[-2.28609373e+05  8.29759208e-01]
0.8297592080848413, -228609.3733645028, 0.11023665248547884, 0.263624122748707

[-2.28896033e+05  8.29757166e-01]
0.8297571658569778, -228896.03306390345, 0.11023657872426983, 0.2636241230701936

[-2.28686924e+05  8.29757824e-01]
0.8297578238823308, -228686.92420949714, 0.1102366024606032, 0.2636241227651566

[-2.28268707e+05  8.29759140e-01]
0.8297591399330365, -228268.70650068458, 0.11023665002858651, 0.2636241229786648

[-2.28582370e+05  8.29758153e-01]
0.8297581528950072, -228582.369782294, 0.11023661434138728, 0.2636241230478751

[-2.28477815e+05  8.29758482e-01]
0.8297584819076836, -228477.81535509086, 0.11023662623802451, 0.2636241228085337

[-2.28516591e+05  8.29757790e-01]
0.8297577898064283, -228516.59077758802, 0.11023660121628107, 0.2636241226746614

[-2.28385033e+05  8.29757064e-01]
0.8297570636292707, -228385.03276817608, 0.11023657500504551, 0.2636241229670759

[-2.28454620e+05  8.29758127e-01]
0.8297581273380804, -228454.61970836215, 0.11023661341777818, 0.26362412299399945

[-2.28431424e+05  8.29757773e-01]
0.8297577727684772, -228431.42406163347, 0.11023660063963157, 0.26362412309070804

[-2.28412036e+05  8.29758119e-01]
0.8297581188191048, -228412.03635038488, 0.11023661312955478, 0.2636241231896398

[-2.28365645e+05  8.29757410e-01]
0.8297574096798983, -228365.64505692752, 0.11023658756463978, 0.2636241228474799

[-2.28280478e+05  8.29757393e-01]
0.8297573926419471, -228280.47834097297, 0.11023658696902469, 0.2636241229689933

[-2.28318215e+05  8.29757488e-01]
0.8297574876735798, -228318.21477113813, 0.11023659032596457, 0.2636241230875726

[-2.28355951e+05  8.29757583e-01]
0.8297575827052122, -228355.95120130322, 0.11023659363672282, 0.26362412279001424

[-2.28388841e+05  8.29757764e-01]
0.8297577642495015, -228388.8407036562, 0.11023660034995311, 0.2636241229206811

[-2.28313368e+05  8.29757574e-01]
0.8297575741862366, -228313.36784332595, 0.11023659342245003, 0.26362412302296107

[-2.28369972e+05  8.29757717e-01]
0.8297577167336854, -228369.97248857364, 0.11023659863221998, 0.2636241231566521

[-2.28351104e+05  8.29757669e-01]
0.8297576692178691, -228351.10427349107, 0.11023659692527082, 0.2636241229496434

[-2.28367549e+05  8.29757760e-01]
0.8297577599900138, -228367.54902466756, 0.11023660022558288, 0.2636241227284804

[-2.28362702e+05  8.29757847e-01]
0.8297578465026708, -228362.70209685538, 0.11023660325200592, 0.26362412300663896

[-2.28354004e+05  8.29757714e-01]
0.8297577135390695, -228354.00372933215, 0.1102365984783805, 0.2636241229945562

[-2.28356903e+05  8.29757758e-01]
0.82975775786027, -228356.90318517323, 0.11023660008097493, 0.2636241229149508

[-2.28348681e+05  8.29757712e-01]
0.8297577124741975, -228348.680809585, 0.11023659842371213, 0.26362412297560717

[-2.28354480e+05  8.29757801e-01]
0.8297578011165985, -228354.47972126715, 0.1102366016951735, 0.26362412305382604

[-2.28350131e+05  8.29757735e-01]
0.8297577346347977, -228350.13053750555, 0.1102365992967513, 0.26362412276639546

[-2.28339485e+05  8.29757733e-01]
0.8297577325050538, -228339.48469801125, 0.11023659921176208, 0.26362412281255965

[-2.28343839e+05  8.29757739e-01]
0.8297577388438577, -228343.83931980174, 0.11023659945832633, 0.26362412271838587

[-2.28339966e+05  8.29757760e-01]
0.829757759939586, -228339.9661279751, 0.11023660014718989, 0.26362412298364024

[-2.28347589e+05  8.29757741e-01]
0.8297577409609949, -228347.58943512294, 0.11023659950236518, 0.2636241230173048

[-2.28345048e+05  8.29757747e-01]
0.8297577472871919, -228345.04833274032, 0.1102365996501786, 0.26362412274691976

[-2.28348194e+05  8.29757745e-01]
0.8297577451826619, -228348.19394159224, 0.1102365996661799, 0.26362412273500924

[-2.28349403e+05  8.29757754e-01]
0.829757753625996, -228349.40295453084, 0.11023659991909937, 0.26362412280463127

[-2.28346137e+05  8.29757749e-01]
0.8297577488718929, -228346.13698818797, 0.11023659973242875, 0.2636241228304543

[-2.28347226e+05  8.29757750e-01]
0.829757750456594, -228347.22564363558, 0.11023659985474782, 0.26362412299858273

[-2.28345653e+05  8.29757752e-01]
0.829757751508859, -228345.65283920962, 0.11023659976619647, 0.2636241229004167

[-2.28344685e+05  8.29757757e-01]
0.8297577567827911, -228344.68454125294, 0.11023660009898487, 0.2636241228274986

[-2.28345289e+05  8.29757761e-01]
0.829757761004458, -228345.28904772227, 0.1102366002249484, 0.26362412302274113

[-2.28345562e+05  8.29757754e-01]
0.8297577538827587, -228345.5618913378, 0.1102366000067234, 0.2636241229541284

[-2.28345471e+05  8.29757756e-01]
0.8297577562566585, -228345.47094346595, 0.11023660012433958, 0.2636241231565531

[-2.28345955e+05  8.29757754e-01]
0.8297577536196925, -228345.95509244426, 0.11023659995024153, 0.26362412321078527

[-2.28345773e+05  8.29757758e-01]
0.829757758367492, -228345.7731967006, 0.11023660012044195, 0.2636241229304401

[-2.28346560e+05  8.29757758e-01]
0.8297577578413595, -228346.5595989136, 0.11023660012076118, 0.2636241229043171

[-2.28347044e+05  8.29757755e-01]
0.8297577552043935, -228347.0437478919, 0.11023659998645931, 0.26362412296001586

[-2.28346091e+05  8.29757758e-01]
0.8297577575767174, -228346.09083449843, 0.1102366000224536, 0.26362412307889266

[-2.28346408e+05  8.29757757e-01]
0.8297577567859428, -228346.40847229626, 0.11023660002990915, 0.2636241226934272

[-2.28346015e+05  8.29757757e-01]
0.829757757049009, -228346.01527118977, 0.11023660008046872, 0.26362412325274776

[-2.28346651e+05  8.29757755e-01]
0.8297577554674597, -228346.65054678541, 0.11023660001044348, 0.2636241229059199

[-2.28346492e+05  8.29757756e-01]
0.8297577558628468, -228346.49172788655, 0.11023660006912442, 0.2636241225026545

[-2.28346341e+05  8.29757755e-01]
0.8297577548074301, -228346.3406012692, 0.11023659990594084, 0.2636241227456168

[-2.28346392e+05  8.29757756e-01]
0.8297577562913145, -228346.3915045395, 0.11023660004064016, 0.26362412276227903

[-2.28346375e+05  8.29757756e-01]
0.8297577557966864, -228346.37453678274, 0.11023660007756537, 0.26362412273382874

[-2.28346450e+05  8.29757756e-01]
0.8297577563243947, -228346.4501000914, 0.11023660010005608, 0.26362412294616655

[-2.28346416e+05  8.29757755e-01]
0.8297577553351385, -228346.41616457788, 0.11023660004371838, 0.2636241231363723

[-2.28346442e+05  8.29757756e-01]
0.8297577560770807, -228346.441616213, 0.11023660007119979, 0.26362412311600897

[-2.28346433e+05  8.29757756e-01]
0.8297577558297666, -228346.43313233464, 0.11023659998471323, 0.2636241227700709

[-2.28346471e+05  8.29757756e-01]
0.8297577560936208, -228346.47091398897, 0.11023660005268093, 0.2636241226899436

[-2.28346530e+05  8.29757756e-01]
0.8297577561267011, -228346.52950954085, 0.11023660002965031, 0.263624122852259

[-2.28346457e+05  8.29757756e-01]
0.8297577559040002, -228346.45722663618, 0.11023660000170364, 0.26362412308515093

[-2.28346481e+05  8.29757756e-01]
0.8297577559782339, -228346.48132093775, 0.11023660008158415, 0.26362412303038707

[-2.28346462e+05  8.29757756e-01]
0.8297577558463067, -228346.4624301106, 0.11023660003859236, 0.2636241231528734

[-2.28346511e+05  8.29757756e-01]
0.829757755994774, -228346.51061871368, 0.11023659998945778, 0.26362412271211383

[-2.28346521e+05  8.29757756e-01]
0.8297577558793869, -228346.52102566249, 0.11023660004992086, 0.2636241228937396

[-2.28346511e+05  8.29757756e-01]
0.8297577559040986, -228346.51109948131, 0.11023659996925406, 0.2636241230024277

[-2.28346501e+05  8.29757756e-01]
0.8297577559288104, -228346.50117330012, 0.11023660004774727, 0.26362412252216166

[-2.28346487e+05  8.29757756e-01]
0.8297577559205404, -228346.48652441215, 0.11023660007920943, 0.2636241228426575

[-2.28346506e+05  8.29757756e-01]
0.829757755871117, -228346.50637677455, 0.1102366001311669, 0.2636241226799921

[-2.28346501e+05  8.29757756e-01]
0.829757755883473, -228346.50141368393, 0.11023660000690927, 0.26362412303844074

[-2.28346496e+05  8.29757756e-01]
0.8297577558958287, -228346.49645059335, 0.11023660003070465, 0.2636241226751888

[-2.28346489e+05  8.29757756e-01]
0.8297577558916935, -228346.48912614933, 0.11023660005603425, 0.26362412280042585

[-2.28346499e+05  8.29757756e-01]
0.829757755866982, -228346.49905233056, 0.11023660005573743, 0.2636241226415281

[-2.28346494e+05  8.29757756e-01]
0.8297577558340001, -228346.49432962376, 0.11023660001594887, 0.2636241230158833

[-2.28346496e+05  8.29757756e-01]
0.8297577558803715, -228346.49592035095, 0.11023660002155163, 0.2636241229561879

[-2.28346495e+05  8.29757756e-01]
0.8297577558649144, -228346.49539010855, 0.11023660003406374, 0.26362412288937803

[-2.28346494e+05  8.29757756e-01]
0.8297577558793378, -228346.49408923995, 0.11023660001453219, 0.2636241230094213

[-2.28346493e+05  8.29757756e-01]
0.8297577558484236, -228346.49302875515, 0.11023660009134793, 0.26362412266010643

[-2.28346489e+05  8.29757756e-01]
0.8297577558463561, -228346.48936653312, 0.1102366000827186, 0.2636241232702212

[-2.28346494e+05  8.29757756e-01]
0.8297577558602749, -228346.4938842147, 0.110236600077885, 0.26362412298096

[-2.28346492e+05  8.29757756e-01]
0.8297577558556353, -228346.49237832084, 0.11023659997483684, 0.26362412314490014

[-2.28346494e+05  8.29757756e-01]
0.8297577558638807, -228346.49355899755, 0.11023660005491252, 0.26362412289483855

[-2.28346493e+05  8.29757756e-01]
0.8297577558710922, -228346.4929085633, 0.11023660007275728, 0.2636241229423704

[-2.28346493e+05  8.29757756e-01]
0.829757755867228, -228346.4927760027, 0.1102366000009832, 0.26362412301071353

[-2.28346493e+05  8.29757756e-01]
0.8297577558633638, -228346.49264344206, 0.11023659998004744, 0.2636241227812811

[-2.28346492e+05  8.29757756e-01]
0.829757755859241, -228346.4920531037, 0.11023659998687547, 0.26362412293323556


------------------------------------------------------------
Sender: LSF System <lsfadmin@n-62-21-107>
Subject: Job 1708358: <minimize_batch_job_this_is_on_purpose_to_utilize_more_kernel> in cluster <dcc> Done

Job <minimize_batch_job_this_is_on_purpose_to_utilize_more_kernel> was submitted from host <gbarlogin2> by user <s174007> in cluster <dcc> at Thu Jan 10 17:20:39 2019
Job was executed on host(s) <n-62-21-107>, in queue <hpc>, as user <s174007> in cluster <dcc> at Thu Jan 10 17:20:40 2019
</zhome/b0/b/127184> was used as the home directory.
</zhome/b0/b/127184/Documents/Projects/machine-learning-on-materials> was used as the working directory.
Started at Thu Jan 10 17:20:40 2019
Terminated at Thu Jan 10 19:17:55 2019
Results reported at Thu Jan 10 19:17:55 2019

Your job looked like:

------------------------------------------------------------
# LSBATCH: User input
#!/bin/bash
##Kør på cpu
#BSUB -q hpc
##Navn på job
#BSUB -J minimize_batch_job_this_is_on_purpose_to_utilize_more_kernel
##Output fil
#BSUB -o output/minimize/linear_GP_newest_batchjobs-%J.out
##Antal kerner
#BSUB -n 1
##Om kernerne må være på forskellige computere
#BSUB -R "span[hosts=1]"
##Ram pr kerne
#BSUB -R "rusage[mem=10GB]"
##Hvor lang tid må den køre hh:mm
#BSUB -W 45:00
##Email når jobbet starter
##og stopper
module purge
module load python3
python3 KRR/minimizer.py linear 5 GP newest [-10000]
------------------------------------------------------------

Successfully completed.

Resource usage summary:

    CPU time :                                   7032.83 sec.
    Max Memory :                                 2080 MB
    Average Memory :                             1788.16 MB
    Total Requested Memory :                     10240.00 MB
    Delta Memory :                               8160.00 MB
    Max Swap :                                   -
    Max Processes :                              4
    Max Threads :                                5
    Run time :                                   7034 sec.
    Turnaround time :                            7036 sec.

The output (if any) is above this job summary.

