Unloaded module: latex/TeXLive12
Loaded module: python3/3.6.2
[5]
[5.0]
[5. 3.]
3.0, 5.0, 0.23674405446850874, 0.30974155590479757

[5.25 3.  ]
3.0, 5.25, 0.236744173944233, 0.30974080018264644

[5.   3.15]
3.1500000000000004, 5.0, 0.23999221127210907, 0.31089037646110956

[5.25 2.85]
2.8499999999999996, 5.25, 0.23333859857636877, 0.3085646574904331

[5.375 2.7  ]
2.6999999999999993, 5.375, 0.22976046673208161, 0.3073598345602042

[5.625 2.7  ]
2.6999999999999993, 5.625, 0.22976056483810198, 0.30735920728970717

[5.9375 2.55  ]
2.549999999999999, 5.9375, 0.22599240074383148, 0.3061247111765744

[6.0625 2.25  ]
2.2499999999999982, 6.0625, 0.21780131883360201, 0.3035650973260503

[6.46875 1.875  ]
1.8749999999999973, 6.46875, 0.20605109122082851, 0.3001850980607158

[7.03125 1.725  ]
1.724999999999997, 7.03125, 0.20076321365723612, 0.2987751890184829

[7.859375 1.2375  ]
1.2374999999999954, 7.859375, 0.18036958770894457, 0.29397867567999575

[8.390625 0.5625  ]
0.5624999999999938, 8.390625, 0.1379211591191308, 0.2871004436262274

[ 9.6171875 -0.43125  ]
-0.43125000000000924, 9.6171875, 6.326434890967286, 6.437093335596812

[ 9.78125 -0.075  ]
-0.07500000000000817, 9.78125, 2.387606731856426, 2.391998085924023

[7.296875 1.3875  ]
1.387499999999996, 7.296875, 0.1872613781270867, 0.29548754172986885

[8.953125 0.4125  ]
0.4124999999999932, 8.953125, 0.12420217483799847, 0.2857231994402141

[ 9.78125 -0.075  ]
-0.07500000000000817, 9.78125, 2.387606731856426, 2.391998085924023

[ 9.484375 -0.2625  ]
-0.2625000000000084, 9.484375, 3.13700356674011, 3.034757272002794

[8.265625 0.8625  ]
0.8624999999999945, 8.265625, 0.15973042601651083, 0.2901275790145214

[9.078125 0.1125  ]
0.1124999999999925, 9.078125, 0.08804000292506374, 0.2842073940392749

[ 9.484375 -0.2625  ]
-0.2625000000000086, 9.484375, 3.13700356674011, 3.034757272002794

[ 9.640625 -0.0375  ]
-0.03750000000000808, 9.640625, 0.19968113005310054, 0.37614927125144876

[8.703125 0.4125  ]
0.4124999999999933, 8.703125, 0.12420215703376315, 0.28572330387272926

[9.328125 0.1125  ]
0.11249999999999238, 9.328125, 0.08804001001855044, 0.2842073353966578

[ 9.640625 -0.0375  ]
-0.03750000000000808, 9.640625, 0.19968113005310054, 0.37614927125144876

[ 9.453125 -0.1875  ]
-0.18750000000000833, 9.453125, 1.393708041285805, 1.4369129383879704

[9.078125 0.2625  ]
0.26249999999999285, 9.078125, 0.1077270454518463, 0.2846104820139739

[ 9.328125 -0.0375  ]
-0.03750000000000797, 9.328125, 0.19968072496582395, 0.37614895477592675

[9.140625 0.1875  ]
0.18749999999999264, 9.140625, 0.09823603232141716, 0.2842633753071624

[9.265625 0.0375  ]
0.037499999999992234, 9.265625, 0.07848347269759313, 0.28481472003256963

[9.171875 0.15    ]
0.14999999999999253, 9.171875, 0.09319439003445512, 0.28418564971451726

[9.421875 0.15    ]
0.14999999999999242, 9.421875, 0.09319439903506962, 0.28418558654210185

[9.59375 0.16875]
0.1687499999999924, 9.59375, 0.09573578418292751, 0.28421414968947967

[9.265625 0.1875  ]
0.18749999999999256, 9.265625, 0.09823603776057371, 0.2842633404045127

[9.3125  0.13125]
0.13124999999999243, 9.3125, 0.09062315275388391, 0.2841815462432338

[9.5625  0.13125]
0.13124999999999232, 9.5625, 0.09062316054502476, 0.28418148764338524

[9.7578125 0.121875 ]
0.12187499999999218, 9.7578125, 0.08933160737375212, 0.2841902127865887

[9.453125 0.1125  ]
0.11249999999999233, 9.453125, 0.08804001342471428, 0.2842073072383566

[9.4296875 0.140625 ]
0.1406249999999924, 9.4296875, 0.09191158066116667, 0.28418018732452455

[9.6796875 0.140625 ]
0.14062499999999228, 9.6796875, 0.09191158873479917, 0.28418012882000715

[9.86328125 0.1453125 ]
0.14531249999999218, 9.86328125, 0.09255383812037565, 0.28418198454117194

[9.546875 0.15    ]
0.14999999999999236, 9.546875, 0.09319440335876511, 0.28418555619644037

[9.55859375 0.1359375 ]
0.13593749999999233, 9.55859375, 0.0912679321408217, 0.28417993982784057

[9.80859375 0.1359375 ]
0.13593749999999222, 9.80859375, 0.09126793977418328, 0.2841798835162798

[9.99804688 0.13359375]
0.13359374999999213, 9.998046875, 0.09094567964471867, 0.28418039136503737

[9.6875  0.13125]
0.13124999999999226, 9.6875, 0.09062316428993883, 0.2841814594777182

[9.68164062 0.13828125]
0.13828124999999228, 9.681640625, 0.09158992116981167, 0.2841798048137142

[9.93164062 0.13828125]
0.1382812499999922, 9.931640625, 0.09158992872430384, 0.28417974959080944

[10.11816406  0.13945312]
0.13945312499999213, 10.1181640625, 0.09175080997358454, 0.2841798185267971

[9.8046875 0.140625 ]
0.14062499999999228, 9.8046875, 0.09191159261735747, 0.2841801006865075

[9.80761719 0.13710937]
0.13710937499999223, 9.8076171875, 0.0914289698033752, 0.28417977570362485

[10.05761719  0.13710937]
0.13710937499999218, 10.0576171875, 0.09142897711349017, 0.2841797220263904

[10.24560547  0.13652344]
0.13652343749999213, 10.24560546875, 0.09134847636196623, 0.28417972383022544

[10.18164062  0.13828125]
0.1382812499999921, 10.181640625, 0.09158993590814077, 0.28417969707954266

[10.36865234  0.13886719]
0.13886718749999205, 10.36865234375, 0.09167038922005867, 0.2841797001924695

[10.30761719  0.13710937]
0.1371093749999921, 10.3076171875, 0.09142898406930985, 0.2841796709527136

[10.49560547  0.13652344]
0.13652343749999207, 10.49560546875, 0.0913484830431382, 0.28417967466233945

[10.43164062  0.13828125]
0.13828124999999206, 10.431640625, 0.09158994274792798, 0.28417964708508947

[10.61865234  0.13886719]
0.138867187499992, 10.61865234375, 0.09167039584252284, 0.2841796518956991

[10.55761719  0.13710937]
0.137109374999992, 10.5576171875, 0.09142899069599579, 0.28417962229770866

[10.74560547  0.13652344]
0.13652343749999196, 10.74560546875, 0.09134848941367898, 0.28417962778189293

[10.68164062  0.13828125]
0.13828124999999197, 10.681640625, 0.09158994926782697, 0.2841795994309465

[10.86865234  0.13886719]
0.13886718749999194, 10.86865234375, 0.09167040216057729, 0.28417960582061064

[10.80761719  0.13710937]
0.13710937499999196, 10.8076171875, 0.09142899701635304, 0.28417957589348747

[10.99560547  0.13652344]
0.1365234374999919, 10.99560546875, 0.09134849549477372, 0.2841795830331279

[10.93164062  0.13828125]
0.1382812499999919, 10.931640625, 0.09158995548974465, 0.2841795539560919

[11.11865234  0.13886719]
0.13886718749999183, 11.11865234375, 0.09167040819473997, 0.28417956181726356

[11.05761719  0.13710937]
0.13710937499999187, 11.0576171875, 0.09142900305113262, 0.2841795315877068

[11.24560547  0.13652344]
0.13652343749999185, 11.24560546875, 0.09134850130569439, 0.2841795402740746

[11.18164062  0.13828125]
0.13828124999999183, 11.181640625, 0.09158996143366148, 0.28417951051454426

[11.36865234  0.13886719]
0.13886718749999177, 11.36865234375, 0.09167041396370873, 0.28417951974925915

[11.30761719  0.13710937]
0.1371093749999918, 11.3076171875, 0.09142900881929387, 0.2841794892406377

[11.49560547  0.13652344]
0.13652343749999174, 11.49560546875, 0.09134850686406458, 0.28417949937454784

[11.43164062  0.13828125]
0.13828124999999175, 11.431640625, 0.09158996711781192, 0.2841794689732092

[11.61865234  0.13886719]
0.13886718749999172, 11.61865234375, 0.09167041948461435, 0.2841794794913545

[11.55761719  0.13710937]
0.13710937499999173, 11.5576171875, 0.09142901433809249, 0.2841794487256125

[11.74560547  0.13652344]
0.13652343749999168, 11.74560546875, 0.09134851218601035, 0.28417946021600754

[11.68164062  0.13828125]
0.13828124999999167, 11.681640625, 0.09158997255885058, 0.28417942920963896

[11.86865234  0.13886719]
0.1388671874999916, 11.86865234375, 0.09167042477311879, 0.2841794409294709

[11.80761719  0.13710937]
0.13710937499999165, 11.8076171875, 0.09142901962338076, 0.28417940992615776

[11.99560547  0.13652344]
0.13652343749999163, 11.99560546875, 0.09134851728628038, 0.284179422689691

[11.93164062  0.13828125]
0.1382812499999916, 11.931640625, 0.09158997777205168, 0.28417939111232693

[12.11865234  0.13886719]
0.13886718749999155, 12.11865234375, 0.09167042984358015, 0.28417940395851915

[12.05761719  0.13710937]
0.13710937499999157, 12.0576171875, 0.09142902468964689, 0.2841793727355172

[12.24560547  0.13652344]
0.13652343749999152, 12.24560546875, 0.09134852217845338, 0.2841793866953028

[12.18164062  0.13828125]
0.13828124999999153, 12.181640625, 0.09158998277142642, 0.2841793545785785

[12.36865234  0.13886719]
0.1388671874999915, 12.36865234375, 0.09167043470921438, 0.2841793684820471

[12.30761719  0.13710937]
0.1371093749999915, 12.3076171875, 0.09142902955025245, 0.2841793370555697

[12.49560547  0.13652344]
0.13652343749999146, 12.49560546875, 0.09134852687500651, 0.284179352141356

[12.43164062  0.13828125]
0.13828124999999145, 12.431640625, 0.09158998756986872, 0.28417931951432573

[12.61865234  0.13886719]
0.13886718749999138, 12.61865234375, 0.09167043938218732, 0.2841793344112514

[12.55761719  0.13710937]
0.13710937499999143, 12.5576171875, 0.09142903421745761, 0.2841793027963477

[12.74560547  0.13652344]
0.1365234374999914, 12.74560546875, 0.09134853138744839, 0.2841793189428352

[12.68164062  0.13828125]
0.1382812499999914, 12.681640625, 0.09158999217925326, 0.28417928583239305

[12.86865234  0.13886719]
0.13886718749999133, 12.86865234375, 0.09167044387372401, 0.28417930166417854

[12.80761719  0.13710937]
0.13710937499999135, 12.8076171875, 0.09142903870258252, 0.2841792698744464

[12.99560547  0.13652344]
0.1365234374999913, 12.99560546875, 0.09134853572639375, 0.2841792870216351

[12.93164062  0.13828125]
0.1382812499999913, 12.931640625, 0.09158999661054006, 0.28417925345278927

[13.11865234  0.13886719]
0.13886718749999127, 13.11865234375, 0.09167044819418117, 0.2841792701652805

[13.05761719  0.13710937]
0.1371093749999913, 13.0576171875, 0.09142904301607707, 0.2841792382131189

[13.24560547  0.13652344]
0.13652343749999124, 13.24560546875, 0.09134853990165699, 0.2841792563051808

[13.18164062  0.13828125]
0.13828124999999122, 13.181640625, 0.09159000087385992, 0.28417922230125525

[13.36865234  0.13886719]
0.13886718749999116, 13.36865234375, 0.09167045235316845, 0.28417923984422455

[13.30761719  0.13710937]
0.1371093749999912, 13.3076171875, 0.09142904716761978, 0.28417920774140926

[13.49560547  0.13652344]
0.13652343749999118, 13.49560546875, 0.09134854392233056, 0.2841792267268507

[13.43164062  0.13828125]
0.13828124999999117, 13.431640625, 0.091590004978572, 0.2841791923093476

[13.61865234  0.13886719]
0.1388671874999911, 13.61865234375, 0.09167045635955427, 0.2841792106362971

[13.55761719  0.13710937]
0.13710937499999112, 13.5576171875, 0.09142905116614557, 0.28417917839346796

[13.74560547  0.13652344]
0.13652343749999107, 13.74560546875, 0.09134854779683978, 0.2841791982243503

[13.68164062  0.13828125]
0.13828124999999108, 13.681640625, 0.0915900089333895, 0.2841791634135813

[13.86865234  0.13886719]
0.13886718749999105, 13.86865234375, 0.09167046022159574, 0.2841791824813939

[13.80761719  0.13710937]
0.13710937499999107, 13.8076171875, 0.09142905501997675, 0.2841791501081802

[13.99560547  0.13652344]
0.13652343749999102, 13.99560546875, 0.09134855153303034, 0.2841791707399467

[13.93164062  0.13828125]
0.138281249999991, 13.931640625, 0.09159001274633652, 0.28417913555470514

[14.11865234  0.13886719]
0.13886718749999094, 14.11865234375, 0.09167046394694532, 0.2841791553237031

[14.05761719  0.13710937]
0.13710937499999098, 14.0576171875, 0.09142905873682379, 0.2841791228288916

[14.24560547  0.13652344]
0.13652343749999096, 14.24560546875, 0.09134855513815839, 0.2841791442203442

[14.18164062  0.13828125]
0.13828124999999095, 14.181640625, 0.09159001642494626, 0.2841791086779501

[14.36865234  0.13886719]
0.13886718749999089, 14.36865234375, 0.09167046754274315, 0.28417912911076576

[14.30761719  0.13710937]
0.1371093749999909, 14.3076171875, 0.09142906232385084, 0.28417909650284023

[14.49560547  0.13652344]
0.13652343749999085, 14.49560546875, 0.09134855861901031, 0.28417911861528083

[14.43164062  0.13828125]
0.13828124999999086, 14.431640625, 0.09159001997618356, 0.28417908273229325

[14.61865234  0.13886719]
0.13886718749999083, 14.61865234375, 0.09167047101562793, 0.2841791037945367

[14.55761719  0.13710937]
0.13710937499999085, 14.5576171875, 0.09142906578775913, 0.28417907108101154

[14.74560547  0.13652344]
0.1365234374999908, 14.74560546875, 0.09134856198189809, 0.2841790938785218

[14.68164062  0.13828125]
0.13828124999999078, 14.681640625, 0.09159002340655516, 0.2841790576703268

[14.86865234  0.13886719]
0.13886718749999072, 14.86865234375, 0.09167047437180095, 0.2841790793295362

[14.80761719  0.13710937]
0.13710937499999076, 14.8076171875, 0.09142906913476768, 0.2841790465175922

[14.99560547  0.13652344]
0.13652343749999074, 14.99560546875, 0.09134856523273158, 0.2841790699665114

[14.93164062  0.13828125]
0.13828124999999072, 14.931640625, 0.09159002672212613, 0.2841790334475478

[15.11865234  0.13886719]
0.13886718749999066, 15.11865234375, 0.09167047761704182, 0.28417905567359697

[15.05761719  0.13710937]
0.13710937499999068, 15.0576171875, 0.09142907237069609, 0.28417902276959317

[15.24560547  0.13652344]
0.13652343749999063, 15.24560546875, 0.09134856837701348, 0.2841790468387726

[15.18164062  0.13828125]
0.13828124999999064, 15.181640625, 0.09159002992856477, 0.28417901002248236

[15.36865234  0.13886719]
0.1388671874999906, 15.36865234375, 0.0916704807567578, 0.28417903278741163

[15.30761719  0.13710937]
0.13710937499999062, 15.3076171875, 0.09142907550099703, 0.28417899979731587

[15.49560547  0.13652344]
0.13652343749999057, 15.49560546875, 0.09134857141987637, 0.2841790244571675

[15.43164062  0.13828125]
0.13828124999999056, 15.431640625, 0.09159003303116096, 0.2841789873564684

[15.61865234  0.13886719]
0.1388671874999905, 15.61865234375, 0.09167048379603375, 0.28417901063356255

[15.55761719  0.13710937]
0.13710937499999054, 15.5576171875, 0.09142907853074807, 0.2841789775634272

[15.74560547  0.13652344]
0.13652343749999052, 15.74560546875, 0.09134857436618007, 0.28417900278622243

[15.68164062  0.13828125]
0.1382812499999905, 15.681640625, 0.09159003603489717, 0.2841789654129942

[15.86865234  0.13886719]
0.13886718749999044, 15.86865234375, 0.09167048673959154, 0.28417898917774503

[15.80761719  0.13710937]
0.13710937499999046, 15.8076171875, 0.09142908146473035, 0.284178956032802

[15.99560547  0.13652344]
0.1365234374999904, 15.99560546875, 0.09134857722044423, 0.2841789817928587

[15.93164062  0.13828125]
0.13828124999999042, 15.931640625, 0.09159003894441659, 0.2841789441580948

[16.11865234  0.13886719]
0.13886718749999039, 16.11865234375, 0.09167048959188975, 0.28417896838767853

[16.05761719  0.13710937]
0.1371093749999904, 16.0576171875, 0.09142908430738717, 0.28417893517260084

[16.24560547  0.13652344]
0.13652343749999035, 16.24560546875, 0.09134857998690027, 0.2841789614453569

[16.18164062  0.13828125]
0.13828124999999034, 16.181640625, 0.0915900417640806, 0.2841789235600819

[16.36865234  0.13886719]
0.13886718749999027, 16.36865234375, 0.0916704923571061, 0.2841789482323393

[16.30761719  0.13710937]
0.13710937499999032, 16.3076171875, 0.09142908706295198, 0.28417891495175174

[16.49560547  0.13652344]
0.1365234374999903, 16.49560546875, 0.09134858266956206, 0.2841789417147688

[16.43164062  0.13828125]
0.13828124999999028, 16.431640625, 0.09159004449798953, 0.284178903588929

[16.61865234  0.13886719]
0.13886718749999022, 16.61865234375, 0.09167049503916833, 0.2841789286837599

[16.55761719  0.13710937]
0.13710937499999024, 16.5576171875, 0.09142908973534264, 0.2841788953417455

[16.74560547  0.13652344]
0.13652343749999019, 16.74560546875, 0.09134858527213996, 0.2841789225731

[16.68164062  0.13828125]
0.1382812499999902, 16.681640625, 0.09159004715001302, 0.2841788842161137

[16.86865234  0.13886719]
0.13886718749999016, 16.86865234375, 0.0916704976417785, 0.284178909714436

[16.80761719  0.13710937]
0.13710937499999018, 16.8076171875, 0.091429092328279, 0.284178876314938

[16.99560547  0.13652344]
0.13652343749999013, 16.99560546875, 0.09134858779820805, 0.2841789039948589

[16.93164062  0.13828125]
0.1382812499999901, 16.931640625, 0.09159004972372746, 0.2841788654154434

[17.11865234  0.13886719]
0.13886718749999005, 17.11865234375, 0.09167050016840887, 0.2841788912991492

[17.05761719  0.13710937]
0.1371093749999901, 17.0576171875, 0.09142909484524911, 0.284178857845631

[17.24560547  0.13652344]
0.13652343749999007, 17.24560546875, 0.09134859025107103, 0.28417888595490953

[17.18164062  0.13828125]
0.13828124999999006, 17.181640625, 0.09159005222260971, 0.28417884716186603

[17.36865234  0.13886719]
0.13886718749999, 17.36865234375, 0.09167050262235056, 0.2841788734140701

[17.30761719  0.13710937]
0.13710937499999, 17.3076171875, 0.09142909728953623, 0.2841788399102475

[17.49560547  0.13652344]
0.13652343749998996, 17.49560546875, 0.09134859263387621, 0.28417886843072027

[17.43164062  0.13828125]
0.13828124999998997, 17.431640625, 0.09159005464985, 0.2841788294318263

[17.61865234  0.13886719]
0.13886718749998994, 17.61865234375, 0.09167050500668092, 0.28417885603656207

[17.55761719  0.13710937]
0.13710937499998996, 17.5576171875, 0.09142909966425128, 0.2841788224852784

[17.74560547  0.13652344]
0.1365234374999899, 17.74560546875, 0.09134859494955314, 0.284178851400058

[17.68164062  0.13828125]
0.1382812499999899, 17.681640625, 0.0915900570084947, 0.2841788122032918

[17.86865234  0.13886719]
0.13886718749998983, 17.86865234375, 0.09167050732433119, 0.284178839144984

[17.80761719  0.13710937]
0.13710937499998987, 17.8076171875, 0.0914291019723322, 0.28417880554986574

[17.99560547  0.13652344]
0.13652343749998985, 17.99560546875, 0.09134859720094929, 0.2841788348425525

[17.93164062  0.13828125]
0.13828124999998984, 17.931640625, 0.09159005930138847, 0.28417879545495145

[18.11865234  0.13886719]
0.13886718749998977, 18.11865234375, 0.09167050957804102, 0.2841788227198868

[18.05761719  0.13710937]
0.1371093749999898, 18.0576171875, 0.09142910421650927, 0.28417878908312794

[18.24560547  0.13652344]
0.13652343749998974, 18.24560546875, 0.09134859939065958, 0.2841788187392453

[18.18164062  0.13828125]
0.13828124999998975, 18.181640625, 0.0915900615312704, 0.2841787791673667

[18.36865234  0.13886719]
0.13886718749998972, 18.36865234375, 0.0916705117704317, 0.2841788067413713

[18.30761719  0.13710937]
0.13710937499998974, 18.3076171875, 0.09142910639946009, 0.2841787730663216

[18.49560547  0.13652344]
0.13652343749998969, 18.49560546875, 0.09134860152121345, 0.2841788030708005

[18.43164062  0.13828125]
0.13828124999998967, 18.431640625, 0.0915900637006679, 0.28417876332138603

[18.61865234  0.13886719]
0.1388671874999896, 18.61865234375, 0.09167051390400273, 0.2841787911924108

[18.55761719  0.13710937]
0.13710937499998965, 18.5576171875, 0.09142910852360779, 0.28417875748084603

[18.74560547  0.13652344]
0.13652343749998963, 18.74560546875, 0.09134860359495621, 0.28417878782040545

[18.68164062  0.13828125]
0.1382812499999896, 18.681640625, 0.09159006581205469, 0.28417874789970454

[18.86865234  0.13886719]
0.13886718749998955, 18.86865234375, 0.09167051598105044, 0.28417877605524267

[18.80761719  0.13710937]
0.13710937499998957, 18.8076171875, 0.09142911059131588, 0.2841787423098907

[18.99560547  0.13652344]
0.13652343749998952, 18.99560546875, 0.0913486056141501, 0.2841787729713353

[18.93164062  0.13828125]
0.13828124999998953, 18.931640625, 0.09159006786770184, 0.28417873288506096

[19.11865234  0.13886719]
0.1388671874999895, 19.11865234375, 0.09167051800377443, 0.2841787613139671

[19.05761719  0.13710937]
0.13710937499998951, 19.0576171875, 0.0914291126047729, 0.2841787275368403

[19.24560547  0.13652344]
0.13652343749998946, 19.24560546875, 0.0913486075809027, 0.28417875850808166

[19.18164062  0.13828125]
0.13828124999998945, 19.181640625, 0.09159006986978468, 0.28417871826228125

[19.36865234  0.13886719]
0.1388671874999894, 19.36865234375, 0.0916705199743539, 0.28417874695354567

[19.30761719  0.13710937]
0.13710937499998943, 19.3076171875, 0.09142911456614596, 0.28417871314613613

[19.49560547  0.13652344]
0.1365234374999894, 19.49560546875, 0.09134860949726828, 0.2841787444158513

[19.43164062  0.13828125]
0.1382812499999894, 19.431640625, 0.09159007182038216, 0.28417870401538303

[19.61865234  0.13886719]
0.13886718749998933, 19.61865234375, 0.09167052189469058, 0.2841787329585156

[19.55761719  0.13710937]
0.13710937499998935, 19.5576171875, 0.09142911647739613, 0.2841786991237445

[19.74560547  0.13652344]
0.1365234374999893, 19.74560546875, 0.09134861136508117, 0.2841787306804771

[19.68164062  0.13828125]
0.1382812499999893, 19.681640625, 0.09159007372143328, 0.28417869013028174

[19.86865234  0.13886719]
0.13886718749998928, 19.86865234375, 0.09167052376674772, 0.28417871931598576

[19.80761719  0.13710937]
0.1371093749999893, 19.8076171875, 0.09142911834040328, 0.28417868545473934

[19.99560547  0.13652344]
0.13652343749998924, 19.99560546875, 0.09134861318621858, 0.2841787172883579

[19.93164062  0.13828125]
0.13828124999998923, 19.931640625, 0.09159007557482518, 0.28417867659374296

[20.11865234  0.13886719]
0.13886718749998916, 20.11865234375, 0.0916705255923047, 0.2841787060126666

[20.05761719  0.13710937]
0.1371093749999892, 20.0576171875, 0.09142912015699, 0.2841786721272217

[20.24560547  0.13652344]
0.1365234374999892, 20.24560546875, 0.0913486149624314, 0.2841787042270942

[20.18164062  0.13828125]
0.13828124999998917, 20.181640625, 0.09159007738231192, 0.2841786633924831

[20.36865234  0.13886719]
0.1388671874999891, 20.36865234375, 0.09167052737304768, 0.2841786930357451

[20.30761719  0.13710937]
0.13710937499998913, 20.3076171875, 0.0914291219288968, 0.28417865912717943

[20.49560547  0.13652344]
0.13652343749998908, 20.49560546875, 0.091348616695292, 0.2841786914840313

[20.43164062  0.13828125]
0.1382812499999891, 20.431640625, 0.09159007914559496, 0.2841786505143013

[20.61865234  0.13886719]
0.13886718749998905, 20.61865234375, 0.09167052911064288, 0.2841786803730767

[20.55761719  0.13710937]
0.13710937499998907, 20.5576171875, 0.09142912365772267, 0.2841786464435863

[20.74560547  0.13652344]
0.13652343749998902, 20.74560546875, 0.09134861838642863, 0.2841786790489379

[20.68164062  0.13828125]
0.138281249999989, 20.681640625, 0.09159008086625843, 0.2841786379472223

[20.86865234  0.13886719]
0.13886718749998894, 20.86865234375, 0.09167053080662145, 0.2841786680145731

[20.80761719  0.13710937]
0.137109374999989, 20.8076171875, 0.09142912534498247, 0.2841786340646786

[20.99560547  0.13652344]
0.13652343749998896, 20.99560546875, 0.09134862003729961, 0.28417866690933374

[20.93164062  0.13828125]
0.13828124999998895, 20.931640625, 0.09159008254584261, 0.28417862568072916

[21.11865234  0.13886719]
0.1388671874999889, 21.11865234375, 0.09167053246245203, 0.2841786559481817

[21.05761719  0.13710937]
0.1371093749999889, 21.0576171875, 0.09142912699222816, 0.2841786219797887

[21.24560547  0.13652344]
0.13652343749998885, 21.24560546875, 0.09134862164933921, 0.28417865505564555

[21.18164062  0.13828125]
0.13828124999998886, 21.181640625, 0.091590084185803, 0.28417861370357794

[21.36865234  0.13886719]
0.13886718749998883, 21.36865234375, 0.09167053407956273, 0.28417864416430055

[21.30761719  0.13710937]
0.13710937499998885, 21.3076171875, 0.09142912860084296, 0.28417861017835555

[21.49560547  0.13652344]
0.1365234374999888, 21.49560546875, 0.09134862322389996, 0.2841786434775293

[21.43164062  0.13828125]
0.13828124999998878, 21.431640625, 0.09159008578750223, 0.2841786020058648

[21.61865234  0.13886719]
0.13886718749998872, 21.61865234375, 0.09167053565929405, 0.28417863265272825

[21.55761719  0.13710937]
0.13710937499998876, 21.5576171875, 0.09142913017214607, 0.28417859865119655

[21.74560547  0.13652344]
0.13652343749998874, 21.74560546875, 0.09134862476227718, 0.28417863216599304

[21.68164062  0.13828125]
0.13828124999998873, 21.681640625, 0.09159008735229245, 0.28417859057784106

[21.86865234  0.13886719]
0.13886718749998866, 21.86865234375, 0.09167053720291037, 0.28417862140464334

[21.80761719  0.13710937]
0.13710937499998868, 21.8076171875, 0.09142913170743722, 0.28417858738765855

[21.99560547  0.13652344]
0.13652343749998863, 21.99560546875, 0.09134862626567383, 0.2841786211112189

[21.93164062  0.13828125]
0.13828124999998864, 21.931640625, 0.09159008888142363, 0.2841785794102441

[22.11865234  0.13886719]
0.1388671874999886, 22.11865234375, 0.09167053871163452, 0.28417861041073506

[22.05761719  0.13710937]
0.13710937499998863, 22.0576171875, 0.09142913320795092, 0.2841785763796353

[22.24560547  0.13652344]
0.13652343749998858, 22.24560546875, 0.09134862773531363, 0.28417861030491415

[22.18164062  0.13828125]
0.13828124999998856, 22.181640625, 0.09159009037608695, 0.28417856849471174

[22.36865234  0.13886719]
0.1388671874999885, 22.36865234375, 0.09167054018667094, 0.28417859966257486

[22.30761719  0.13710937]
0.13710937499998854, 22.3076171875, 0.09142913467484333, 0.2841785656182545

[22.49560547  0.13652344]
0.13652343749998852, 22.49560546875, 0.09134862917229819, 0.2841785997389573

[22.43164062  0.13828125]
0.1382812499999885, 22.431640625, 0.09159009183744153, 0.28417855782236695

[22.61865234  0.13886719]
0.13886718749998844, 22.61865234375, 0.09167054162911661, 0.2841785891515396

[22.55761719  0.13710937]
0.13710937499998846, 22.5576171875, 0.09142913610920407, 0.28417855509529716

[22.74560547  0.13652344]
0.1365234374999884, 22.74560546875, 0.09134863057770712, 0.2841785894050459

[22.68164062  0.13828125]
0.13828124999998842, 22.681640625, 0.09159009326664606, 0.2841785473849378

[22.86865234  0.13886719]
0.1388671874999884, 22.86865234375, 0.09167054304001258, 0.28417857887110565

[22.80761719  0.13710937]
0.1371093749999884, 22.8076171875, 0.09142913751218394, 0.2841785448033844

[22.99560547  0.13652344]
0.13652343749998835, 22.99560546875, 0.09134863195255752, 0.2841785792960818

[22.93164062  0.13828125]
0.13828124999998834, 22.931640625, 0.09159009466464979, 0.2841785371753535

[23.11865234  0.13886719]
0.13886718749998828, 23.11865234375, 0.09167054442041252, 0.2841785688123152

[23.05761719  0.13710937]
0.13710937499998832, 23.0576171875, 0.09142913888471332, 0.28417853473431565

[23.24560547  0.13652344]
0.1365234374999883, 23.24560546875, 0.09134863329787102, 0.2841785694045115

[23.18164062  0.13828125]
0.13828124999998828, 23.181640625, 0.0915900960325263, 0.2841785271859873

[23.36865234  0.13886719]
0.13886718749998822, 23.36865234375, 0.09167054577131295, 0.2841785589692952

[23.30761719  0.13710937]
0.13710937499998824, 23.3076171875, 0.09142914022782732, 0.2841785248813316

[23.49560547  0.13652344]
0.1365234374999882, 23.49560546875, 0.09134863461454129, 0.28417855972342576

[23.43164062  0.13828125]
0.1382812499999882, 23.431640625, 0.09159009737123128, 0.2841785174096894

[23.61865234  0.13886719]
0.13886718749998817, 23.61865234375, 0.09167054709361742, 0.28417854933413234

[23.55761719  0.13710937]
0.13710937499998818, 23.5576171875, 0.09142914154243433, 0.28417851523749066

[23.74560547  0.13652344]
0.13652343749998813, 23.74560546875, 0.09134863590352063, 0.2841785502462378

[23.68164062  0.13828125]
0.13828124999998812, 23.681640625, 0.09159009868167076, 0.28417850783975634

[23.86865234  0.13886719]
0.13886718749998805, 23.86865234375, 0.09167054838821796, 0.2841785399011397

[23.80761719  0.13710937]
0.1371093749999881, 23.8076171875, 0.09142914282945123, 0.28417850579669424

[23.99560547  0.13652344]
0.13652343749998808, 23.99560546875, 0.09134863716562376, 0.2841785409661343

[23.93164062  0.13828125]
0.13828124999998806, 23.931640625, 0.09159009996473905, 0.2841784984701767

[24.11865234  0.13886719]
0.138867187499988, 24.11865234375, 0.09167054965597121, 0.28417853066333804

[24.05761719  0.13710937]
0.13710937499998802, 24.0576171875, 0.09142914408973364, 0.28417849655140526

[24.24560547  0.13652344]
0.13652343749998797, 24.24560546875, 0.09134863840171369, 0.2841785318777229

[24.18164062  0.13828125]
0.13828124999998798, 24.181640625, 0.09159010122129019, 0.28417848929395884

[24.36865234  0.13886719]
0.13886718749998794, 24.36865234375, 0.0916705508977558, 0.28417852161569845

[24.30761719  0.13710937]
0.13710937499998796, 24.3076171875, 0.09142914532408418, 0.2841784874964551

[24.49560547  0.13652344]
0.1365234374999879, 24.49560546875, 0.09134863961260514, 0.2841785229746722

[24.43164062  0.13828125]
0.1382812499999879, 24.431640625, 0.0915901024521474, 0.28417848030561377

[24.61865234  0.13886719]
0.13886718749998783, 24.61865234375, 0.09167055211432952, 0.28417851275155936

[24.55761719  0.13710937]
0.13710937499998788, 24.5576171875, 0.0914291465333223, 0.2841784786258942

[24.74560547  0.13652344]
0.13652343749998785, 24.74560546875, 0.0913486407990089, 0.2841785142515004

[24.68164062  0.13828125]
0.13828124999998784, 24.681640625, 0.09159010365807588, 0.2841784714992578

[24.86865234  0.13886719]
0.13886718749998778, 24.86865234375, 0.09167055330644544, 0.28417850406536127

[24.80761719  0.13710937]
0.1371093749999878, 24.8076171875, 0.09142914771820236, 0.2841784699340288

[24.99560547  0.13652344]
0.13652343749998774, 24.99560546875, 0.09134864196171091, 0.28417850570308667

[24.93164062  0.13828125]
0.13828124999998775, 24.931640625, 0.09159010483980488, 0.28417846286937243

[25.11865234  0.13886719]
0.13886718749998772, 25.11865234375, 0.09167055447483152, 0.28417849555246794

[25.05761719  0.13710937]
0.13710937499998774, 25.0576171875, 0.09142914887943743, 0.28417846141570596

[25.24560547  0.13652344]
0.1365234374999877, 25.24560546875, 0.09134864310138346, 0.2841784973236244

[25.18164062  0.13828125]
0.13828124999998767, 25.181640625, 0.09159010599811797, 0.2841784544112314

[25.36865234  0.13886719]
0.1388671874999876, 25.36865234375, 0.09167055562020204, 0.2841784872069087

[25.30761719  0.13710937]
0.13710937499998765, 25.3076171875, 0.09142915001776004, 0.2841784530657131

[25.49560547  0.13652344]
0.13652343749998763, 25.49560546875, 0.09134864421872531, 0.2841784891088481

[25.43164062  0.13828125]
0.13828124999998762, 25.431640625, 0.09159010713364583, 0.28417844611920384

[25.61865234  0.13886719]
0.13886718749998755, 25.61865234375, 0.09167055674323497, 0.2841784790246325

[25.55761719  0.13710937]
0.13710937499998757, 25.5576171875, 0.09142915113379692, 0.2841784448787752

[25.74560547  0.13652344]
0.13652343749998752, 25.74560546875, 0.09134864531436285, 0.284178481053016

[25.68164062  0.13828125]
0.13828124999998753, 25.681640625, 0.09159010824706358, 0.28417843798859915

[25.86865234  0.13886719]
0.1388671874999875, 25.86865234375, 0.09167055784455674, 0.28417847100011623

[25.80761719  0.13710937]
0.13710937499998752, 25.8076171875, 0.091429152228228, 0.2841784368509517

[25.99560547  0.13652344]
0.13652343749998747, 25.99560546875, 0.09134864638891786, 0.28417847315283334

[25.93164062  0.13828125]
0.13828124999998745, 25.931640625, 0.09159010933901467, 0.2841784300142194

[26.11865234  0.13886719]
0.1388671874999874, 26.11865234375, 0.09167055892479685, 0.28417846312906675

[26.05761719  0.13710937]
0.13710937499998743, 26.0576171875, 0.0914291533016626, 0.2841784289768402

[26.24560547  0.13652344]
0.1365234374999874, 26.24560546875, 0.09134864744305123, 0.2841784654029508

[26.18164062  0.13828125]
0.1382812499999874, 26.181640625, 0.091590110410138, 0.2841784221928997

[26.36865234  0.13886719]
0.13886718749998733, 26.36865234375, 0.09167055998458566, 0.28417845540813785

[26.30761719  0.13710937]
0.13710937499998735, 26.3076171875, 0.09142915435469579, 0.28417842125226683

[26.49560547  0.13652344]
0.1365234374999873, 26.49560546875, 0.09134864847726261, 0.284178457799293

[26.43164062  0.13828125]
0.1382812499999873, 26.431640625, 0.09159011146101861, 0.2841784145194066

[26.61865234  0.13886719]
0.13886718749998728, 26.61865234375, 0.09167056102446268, 0.2841784478312525

[26.55761719  0.13710937]
0.1371093749999873, 26.5576171875, 0.09142915538793353, 0.28417841367353125

[26.74560547  0.13652344]
0.13652343749998724, 26.74560546875, 0.09134864949215338, 0.2841784503376743

[26.68164062  0.13828125]
0.13828124999998723, 26.681640625, 0.09159011249217476, 0.2841784069894452

[26.86865234  0.13886719]
0.13886718749998717, 26.86865234375, 0.0916705620449875, 0.28417844039615264

[26.80761719  0.13710937]
0.1371093749999872, 26.8076171875, 0.09142915640188058, 0.2841784062360803

[26.99560547  0.13652344]
0.1365234374999872, 26.99560546875, 0.09134865048826872, 0.2841784430141391

[26.93164062  0.13828125]
0.13828124999998717, 26.931640625, 0.091590113504239, 0.2841783995996176

[27.11865234  0.13886719]
0.1388671874999871, 27.11865234375, 0.0916705630467091, 0.2841784330977365

[27.05761719  0.13710937]
0.13710937499998713, 27.0576171875, 0.09142915739710678, 0.28417839893586905

[27.24560547  0.13652344]
0.13652343749998708, 27.24560546875, 0.0913486514661025, 0.2841784358252527

[27.18164062  0.13828125]
0.1382812499999871, 27.181640625, 0.09159011449763267, 0.28417839234539966

[27.36865234  0.13886719]
0.13886718749998705, 27.36865234375, 0.09167056403013142, 0.2841784259323092

[27.30761719  0.13710937]
0.13710937499998707, 27.3076171875, 0.09142915837412953, 0.2841783917691487

[27.49560547  0.13652344]
0.13652343749998702, 27.49560546875, 0.09134865242617043, 0.284178428767145

[27.43164062  0.13828125]
0.138281249999987, 27.431640625, 0.09159011547298153, 0.2841783852237398

[27.61865234  0.13886719]
0.13886718749998694, 27.61865234375, 0.09167056499576368, 0.28417841889736933

[27.55761719  0.13710937]
0.137109374999987, 27.5576171875, 0.09142915933340483, 0.2841783847329132

[27.74560547  0.13652344]
0.13652343749998697, 27.74560546875, 0.09134865336890034, 0.2841784218358753

[27.68164062  0.13828125]
0.13828124999998695, 27.681640625, 0.09159011643068857, 0.2841783782302326

[27.86865234  0.13886719]
0.1388671874999869, 27.86865234375, 0.09167056594407376, 0.2841784119880187

[27.80761719  0.13710937]
0.1371093749999869, 27.8076171875, 0.09142916027546763, 0.2841783778229625

[27.99560547  0.13652344]
0.13652343749998685, 27.99560546875, 0.09134865429482561, 0.28417841502851143

[27.93164062  0.13828125]
0.13828124999998687, 27.931640625, 0.09159011737127495, 0.28417837136228585

[28.11865234  0.13886719]
0.13886718749998683, 28.11865234375, 0.09167056687552445, 0.2841784052018154

[28.05761719  0.13710937]
0.13710937499998685, 28.0576171875, 0.09142916120072633, 0.284178371035892

[28.24560547  0.13652344]
0.1365234374999868, 28.24560546875, 0.09134865520438575, 0.2841784083419307

[28.18164062  0.13828125]
0.13828124999998678, 28.181640625, 0.09159011829516699, 0.28417836461606566

[28.36865234  0.13886719]
0.13886718749998672, 28.36865234375, 0.09167056779056965, 0.28417839853544935

[28.30761719  0.13710937]
0.13710937499998677, 28.3076171875, 0.09142916210965889, 0.2841783643691436

[28.49560547  0.13652344]
0.13652343749998674, 28.49560546875, 0.09134865609795997, 0.2841784017723321

[28.43164062  0.13828125]
0.13828124999998673, 28.431640625, 0.09159011920281585, 0.28417835798832447

[28.61865234  0.13886719]
0.13886718749998667, 28.61865234375, 0.0916705686896061, 0.28417839198521344

[28.55761719  0.13710937]
0.13710937499998668, 28.5576171875, 0.09142916300266578, 0.2841783578188025

[28.74560547  0.13652344]
0.13652343749998663, 28.74560546875, 0.09134865697600612, 0.2841783953171789

[28.68164062  0.13828125]
0.13828124999998664, 28.681640625, 0.09159012009465685, 0.28417835147647397

[28.86865234  0.13886719]
0.1388671874999866, 28.86865234375, 0.0916705695731142, 0.28417838554850694

[28.80761719  0.13710937]
0.13710937499998663, 28.8076171875, 0.09142916388018321, 0.2841783513821773

[28.99560547  0.13652344]
0.13652343749998658, 28.99560546875, 0.09134865783892104, 0.28417838897328096

[28.93164062  0.13828125]
0.13828124999998656, 28.931640625, 0.09159012097106743, 0.2841783450769987

[29.11865234  0.13886719]
0.1388671874999865, 29.11865234375, 0.0916705704414288, 0.28417837922242806

[29.05761719  0.13710937]
0.13710937499998654, 29.0576171875, 0.09142916474260238, 0.28417834505662165

[29.24560547  0.13652344]
0.13652343749998652, 29.24560546875, 0.09134865868709248, 0.28417838273786455

[29.18164062  0.13828125]
0.1382812499999865, 29.181640625, 0.09159012183248004, 0.2841783387870165

[29.36865234  0.13886719]
0.13886718749998644, 29.36865234375, 0.09167057129498199, 0.28417837300377685

[29.30761719  0.13710937]
0.13710937499998646, 29.3076171875, 0.09142916559033773, 0.2841783388384619

[29.43164062  0.13828125]
0.13828124999998642, 29.431640625, 0.09159012267926875, 0.284178332604039

[29.61865234  0.13886719]
0.1388671874999864, 29.61865234375, 0.09167057213409904, 0.28417836688999826

[29.30566406  0.13945312]
0.1394531249999865, 29.3056640625, 0.09175099948378775, 0.28417844015607785

[29.30712891  0.13769531]
0.13769531249998646, 29.30712890625, 0.09150965357009401, 0.2841783237238058

[29.55712891  0.13769531]
0.13769531249998637, 29.55712890625, 0.09150965440658826, 0.2841783176020601

[29.74487305  0.13740234]
0.13740234374998633, 29.744873046875, 0.09146941340771082, 0.2841783172487702

[29.62036133  0.13681641]
0.13681640624998637, 29.620361328125, 0.09138891558391202, 0.2841783489821603

[29.4788208   0.13791504]
0.13791503906248642, 29.47882080078125, 0.09153983219696014, 0.2841783208223333

[29.91656494  0.13762207]
0.1376220703124863, 29.91656494140625, 0.09149959562943619, 0.28417830938939154

[30.22128296  0.13758545]
0.13758544921873622, 30.221282958984375, 0.09149456651525611, 0.28417830260604876

[30.48733521  0.13707275]
0.13707275390623613, 30.487335205078125, 0.09142413827594037, 0.28417831272384736

[30.96374512  0.13725586]
0.13725585937498602, 30.9637451171875, 0.0914492946378289, 0.2841782938410117

[31.57318115  0.13718262]
0.13718261718748587, 31.57318115234375, 0.09143923469697549, 0.2841782835933752

[31.30712891  0.13769531]
0.13769531249998596, 31.30712890625, 0.09150965988812185, 0.2841782774879744

[31.71702576  0.13800659]
0.13800659179686087, 31.717025756835938, 0.09155241252906104, 0.2841782716764946

[33.06892395  0.13760376]
0.1376037597656105, 33.06892395019531, 0.09149708982425565, 0.2841782419854364

[34.49274445  0.13761292]
0.13761291503904766, 34.49274444580078, 0.09149835096144313, 0.28417821542386446

[34.63658905  0.13843689]
0.13843688964842266, 34.63658905029297, 0.09161150872836782, 0.2841782318096407

[37.41230774  0.13804321]
0.13804321289060945, 37.41230773925781, 0.09155745569178445, 0.284178170631766

[40.25994873  0.13806152]
0.13806152343748374, 40.25994873046875, 0.09155997576771545, 0.2841781309523958

[40.11610413  0.13723755]
0.13723754882810874, 40.11610412597656, 0.09144680052645783, 0.2841781384272824

[45.88330841  0.13768616]
0.13768615722654481, 45.88330841064453, 0.09150843182275026, 0.28417806228621684

[51.57859039  0.13772278]
0.1377227783202934, 51.578590393066406, 0.09151346869208482, 0.2841780111422341

[51.722435    0.13854675]
0.1385467529296684, 51.722434997558594, 0.09162662122388797, 0.2841780356412711

[63.04107666  0.13820801]
0.13820800781247805, 63.04107666015625, 0.09158011784827971, 0.2841779449265929

[74.43164062  0.13828125]
0.1382812499999752, 74.431640625, 0.09159018244849053, 0.28417789626099066

[74.28779602  0.13745728]
0.1374572753906002, 74.28779602050781, 0.09147701742487462, 0.28417788861618115

[85.57047653  0.13691254]
0.13691253662106612, 85.57047653198242, 0.09140218714708692, 0.2841778750653925

[108.42352676   0.13747101]
0.13747100830074793, 108.42352676391602, 0.09147891609192577, 0.2841777984683602

[136.84599495   0.13734512]
0.1373451232909752, 136.84599494934082, 0.09146162927242094, 0.2841777612218036

[1.47984831e+02 1.35976410e-01]
0.1359764099120661, 147.98483085632324, 0.09127356044162264, 0.28417786752301144

[1.99260349e+02 1.36408997e-01]
0.1364089965819752, 199.26034927368164, 0.09133301648328064, 0.28417777731556826

[1.88121513e+02 1.37777710e-01]
0.1377777099608843, 188.12151336669922, 0.0915210542138485, 0.28417771263983155

[2.08189855e+02 1.38678360e-01]
0.13867835998529338, 208.1898546218872, 0.09164473292095476, 0.28417773570760285

[125.70715904   0.13871384]
0.1387138366698843, 125.7071590423584, 0.09164959441407566, 0.28417780536129794

[1.80872052e+02 1.36985207e-01]
0.13698520660395247, 180.87205171585083, 0.09141218915374076, 0.28417774010713576

[2.32147570e+02 1.37417793e-01]
0.13741779327386155, 232.14757013320923, 0.09147162047487084, 0.28417769553591943

[2.79798358e+02 1.37454128e-01]
0.13745412826530473, 279.79835772514343, 0.09147661375085916, 0.284177679086615

[2.87047819e+02 1.38246632e-01]
0.13824663162223655, 287.0478193759918, 0.09158545768472222, 0.28417768347178

[3.78724664e+02 1.37923050e-01]
0.137923049926657, 378.72466373443604, 0.0915410232107607, 0.28417765702982856

[4.74026239e+02 1.37995720e-01]
0.13799571990954335, 474.02623891830444, 0.0915510049209512, 0.28417764695746367


------------------------------------------------------------
Sender: LSF System <lsfadmin@n-62-21-101>
Subject: Job 1708372: <minimize_batch_job_this_is_on_purpose_to_utilize_more_kernel> in cluster <dcc> Done

Job <minimize_batch_job_this_is_on_purpose_to_utilize_more_kernel> was submitted from host <gbarlogin2> by user <s174007> in cluster <dcc> at Thu Jan 10 17:20:40 2019
Job was executed on host(s) <n-62-21-101>, in queue <hpc>, as user <s174007> in cluster <dcc> at Thu Jan 10 17:20:41 2019
</zhome/b0/b/127184> was used as the home directory.
</zhome/b0/b/127184/Documents/Projects/machine-learning-on-materials> was used as the working directory.
Started at Thu Jan 10 17:20:41 2019
Terminated at Fri Jan 11 17:22:37 2019
Results reported at Fri Jan 11 17:22:37 2019

Your job looked like:

------------------------------------------------------------
# LSBATCH: User input
#!/bin/bash
##Kør på cpu
#BSUB -q hpc
##Navn på job
#BSUB -J minimize_batch_job_this_is_on_purpose_to_utilize_more_kernel
##Output fil
#BSUB -o output/minimize/linear_SimpleLarge_newest_batchjobs-%J.out
##Antal kerner
#BSUB -n 1
##Om kernerne må være på forskellige computere
#BSUB -R "span[hosts=1]"
##Ram pr kerne
#BSUB -R "rusage[mem=10GB]"
##Hvor lang tid må den køre hh:mm
#BSUB -W 45:00
##Email når jobbet starter
##og stopper
module purge
module load python3
python3 KRR/minimizer.py linear 3 SimpleLarge newest [5]
------------------------------------------------------------

Successfully completed.

Resource usage summary:

    CPU time :                                   86505.98 sec.
    Max Memory :                                 10200 MB
    Average Memory :                             9884.18 MB
    Total Requested Memory :                     10240.00 MB
    Delta Memory :                               40.00 MB
    Max Swap :                                   -
    Max Processes :                              4
    Max Threads :                                5
    Run time :                                   86516 sec.
    Turnaround time :                            86517 sec.

The output (if any) is above this job summary.

