Unloaded module: latex/TeXLive12
Loaded module: python3/3.6.2
[10]
[10.0]
[10.    0.01]
0.01, 10.0, 0.07696799561371907, 0.2813981498407784

[1.05e+01 1.00e-02]
0.01, 10.5, 0.07696799627802624, 0.28139813572952455

[10.      0.0105]
0.0105, 10.0, 0.07704356387819974, 0.281373494026015

[10.5     0.0105]
0.0105, 10.5, 0.0770435645975218, 0.28137347976962146

[1.075e+01 1.075e-02]
0.01075, 10.75, 0.07708221254201132, 0.28136137254302396

[10.25     0.01125]
0.011249999999999998, 10.25, 0.07716118230094951, 0.2813376276757708

[10.125     0.011875]
0.011875, 10.125, 0.0772629343603841, 0.28130873881158475

[10.875     0.012125]
0.012124999999999999, 10.875, 0.0773045514655111, 0.28129740414582377

[11.3125     0.0129375]
0.012937499999999994, 11.3125, 0.07744327284010837, 0.28126155110469686

[10.6875     0.0140625]
0.014062499999999995, 10.6875, 0.07764366889755298, 0.2812141816629706

[10.65625     0.01571875]
0.015718749999999997, 10.65625, 0.07795488373643247, 0.2811488372162169

[11.84375     0.01678125]
0.01678124999999999, 11.84375, 0.07816382593510461, 0.2811094625636285

[12.703125    0.01923437]
0.019234374999999984, 12.703125, 0.07867091433855573, 0.28102562093980915

[12.046875    0.02201562]
0.022015624999999987, 12.046875, 0.07928204182532737, 0.2809412592237057

[12.4140625   0.02655469]
0.026554687499999986, 12.4140625, 0.0803460211286224, 0.28082443160365117

[14.4609375   0.03007031]
0.030070312499999974, 14.4609375, 0.08121464952341365, 0.28074913016642217

[16.36328125  0.03724609]
0.03724609374999996, 16.36328125, 0.08307290532494963, 0.28062933996633493

[16.07421875  0.04456641]
0.044566406249999954, 16.07421875, 0.08504472309379953, 0.28054520208885275

[17.75976562  0.05723242]
0.05723242187499994, 17.759765625, 0.08853809072190448, 0.28046851446003535

[21.70898438  0.06792383]
0.06792382812499992, 21.708984375, 0.091499081337734, 0.28045563037573984

[26.35644531  0.0886084 ]
0.08860839843749989, 26.3564453125, 0.09712371629681799, 0.2805277086989501

[23.10546875  0.08791016]
0.0879101562499999, 23.10546875, 0.09693721162537867, 0.2805236226841279

[21.41992188  0.07524414]
0.07524414062499991, 21.419921875, 0.09351077479205451, 0.2804683330934128

[25.36914062  0.08593555]
0.08593554687499988, 25.369140625, 0.09640837442581056, 0.28051250328282573

[19.66210938  0.0644082 ]
0.06440820312499992, 19.662109375, 0.09052728871231636, 0.2804554346301602

[19.95117188  0.05708789]
0.05708789062499993, 19.951171875, 0.08849801516387122, 0.28046894542641426

[21.05273438  0.07070508]
0.07070507812499992, 21.052734375, 0.09226554379702104, 0.2804586034143769

[20.31835938  0.06162695]
0.061626953124999925, 20.318359375, 0.08975683031769051, 0.2804582265895673

[20.50195312  0.06389648]
0.06389648437499992, 20.501953125, 0.09038562552956435, 0.28045573427456655

[20.86914062  0.06843555]
0.06843554687499992, 20.869140625, 0.09164027114510905, 0.2804560075653982

[20.59375     0.06503125]
0.06503124999999993, 20.59375, 0.09069971316747985, 0.2804551620230854

[18.546875    0.06151562]
0.061515624999999935, 18.546875, 0.0897259622403562, 0.28045842329166754

[20.91845703  0.06632178]
0.06632177734374992, 20.91845703125, 0.09105659649048575, 0.2804550352341506

[21.85009766  0.06694482]
0.06694482421874992, 21.85009765625, 0.0912287604483182, 0.28045516020858546

[22.17480469  0.06823535]
0.06823535156249991, 22.1748046875, 0.0915850466601074, 0.2804558374454666

[20.98901367  0.06583228]
0.06583227539062492, 20.989013671875, 0.09092127304140966, 0.2804550155876679

[20.05737305  0.06520923]
0.06520922851562491, 20.057373046875, 0.09074895056577349, 0.28045511984757127

[20.5055542   0.06564313]
0.06564312744140616, 20.50555419921875, 0.09086896659862628, 0.28045503626851676

[21.4019165   0.06651093]
0.06651092529296868, 21.40191650390625, 0.09110887355824412, 0.28045505705657076

[20.72964478  0.06586008]
0.0658600769042968, 20.729644775390625, 0.09092895936041903, 0.280455018087316

[20.80020142  0.06537057]
0.0653705749511718, 20.800201416015625, 0.09079358558548488, 0.2804550732494751

[20.88889313  0.06608398]
0.06608397674560539, 20.888893127441406, 0.09099086282259612, 0.28045501670206796

[21.14826202  0.06605618]
0.06605617523193352, 21.14826202392578, 0.09098317789589201, 0.28045501219398244

[21.35757065  0.06615422]
0.06615422439575189, 21.35757064819336, 0.09101028386903791, 0.28045501408043993

[21.24838257  0.06580447]
0.06580447387695305, 21.248382568359375, 0.09091358652763096, 0.2804550134318744

[21.40763092  0.06602837]
0.06602837371826165, 21.407630920410156, 0.09097549277052244, 0.28045500802699563

[21.61693954  0.06612642]
0.06612642288208001, 21.616939544677734, 0.09100259935116124, 0.2804550090803998

[21.30751038  0.06628008]
0.06628007507324211, 21.307510375976562, 0.09104507131729955, 0.28045502534640704

[21.26316452  0.06592337]
0.06592337417602531, 21.263164520263672, 0.09094646253080764, 0.2804550094136884

[21.52253342  0.06589557]
0.06589557266235344, 21.522533416748047, 0.09093877656021175, 0.280455006506439

[21.70966911  0.06581527]
0.06581527137756338, 21.70966911315918, 0.09091657370141916, 0.2804550069277037

[21.66699982  0.06600057]
0.06600057220458977, 21.66699981689453, 0.09096780744783237, 0.28045500419823

[21.86891747  0.06603917]
0.06603917121887198, 21.86891746520996, 0.09097847938298252, 0.28045500239872206

[21.98381996  0.06590637]
0.06590637016296377, 21.98381996154785, 0.09094176347803787, 0.2804550004729807

[22.27191448  0.06584537]
0.06584536838531485, 22.2719144821167, 0.09092489753882109, 0.2804549986880583

[22.61829853  0.06598897]
0.0659889669418334, 22.618298530578613, 0.09096460191389585, 0.28045499247826466

[23.16618109  0.06603566]
0.06603566408157338, 23.166181087493896, 0.09097751373201393, 0.28045498701392924

[23.5691781   0.06584186]
0.06584186124801625, 23.569178104400635, 0.09092393158865186, 0.28045498408271224

[24.41930842  0.06574321]
0.0657432062625884, 24.41930842399597, 0.09089665415649481, 0.28045498080515263

[25.31357503  0.0659335 ]
0.06593350195884692, 25.31357502937317, 0.09094927427166913, 0.28045496438397666

[26.8344053   0.06597757]
0.06597756874561295, 26.834405303001404, 0.0909614612862014, 0.28045495091743095

[28.08753264  0.06568511]
0.06568511092662796, 28.08753263950348, 0.09088059704032692, 0.28045495371136747

[30.50262952  0.06591947]
0.06591947340965251, 30.50262951850891, 0.09094540588660237, 0.2804549244386235

[33.54429007  0.06600761]
0.06600760698318459, 33.54429006576538, 0.09096977745681835, 0.2804549066937168

[32.29116273  0.06630006]
0.06630006480216957, 32.291162729263306, 0.09105062115262835, 0.2804549319471633

[39.00104749  0.0663301 ]
0.06633010303974121, 39.00104749202728, 0.09105893185931424, 0.2804549035202805

[45.08436859  0.06650637]
0.06650637018680533, 45.08436858654022, 0.09110765269402339, 0.28045490907472975

[40.25417483  0.06603765]
0.06603764522075622, 40.25417482852936, 0.09097808961105879, 0.28045487759322296

[44.23568088  0.06590644]
0.06590643543004954, 44.235680878162384, 0.09094181664551615, 0.28045486391615915

[49.6924383   0.06622893]
0.06622893148660616, 49.692438304424286, 0.09103097596923479, 0.2804548600153851

[57.76651242  0.06633959]
0.06633959373831694, 57.76651242375374, 0.09106156787221834, 0.28045485480067706

[63.00114581  0.06591593]
0.06591592612862526, 63.00114580988884, 0.09094445106716995, 0.28045482355995904

[7.50011950e+01 6.57088377e-02]
0.06570883767306729, 75.00119496881962, 0.09088719247473397, 0.2804548189279527

[8.85320265e+01 6.61419960e-02]
0.06614199598133469, 88.53202651441097, 0.0910069581851887, 0.28045480091938063

[1.10680199e+02 6.62597763e-02]
0.06625977625697727, 110.68019933253527, 0.0910395189905162, 0.28045479649374266

[1.27914882e+02 6.56290202e-02]
0.06562902019172762, 127.91488187760115, 0.09086512788029921, 0.2804547939373006

[1.62989067e+02 6.52737334e-02]
0.06527373341843296, 162.98906660452485, 0.09076686142237116, 0.28045484477177746

[1.63593886e+02 6.61799588e-02]
0.06617995877563759, 163.5938862413168, 0.09101746035432288, 0.2804547723636272

[2.07890232e+02 6.64155193e-02]
0.06641551932692275, 207.89023187756538, 0.09108257170955229, 0.28045479018864616

[1.80828569e+02 6.55492027e-02]
0.06554920271038794, 180.82856878638268, 0.09084305695165037, 0.2804547903142908

[2.16507573e+02 6.61001413e-02]
0.06610014129429792, 216.50757315009832, 0.0909953980396412, 0.2804547588760284

[2.60803919e+02 6.63357018e-02]
0.06633570184558307, 260.8039187863469, 0.09106051298005437, 0.28045477363167753

[1.99272891e+02 6.67308974e-02]
0.06673089735954757, 199.27289060503244, 0.09116972180076977, 0.28045485413211013

[1.85439649e+02 6.58446264e-02]
0.06584462637267785, 185.43964924104512, 0.09092475296857835, 0.2804547630623572

[2.38353336e+02 6.57648089e-02]
0.06576480889133818, 238.35333614982665, 0.09090268414257421, 0.28045476020786964

[2.69421260e+02 6.60203238e-02]
0.06602032381295825, 269.42126005887985, 0.09097333335940268, 0.2804547510031903

[3.11412065e+02 6.61081725e-02]
0.06610817253309845, 311.4120654677972, 0.09099762041501155, 0.28045475082858823

[2.89566302e+02 6.64435049e-02]
0.06644350493605819, 289.5663024680689, 0.09109030821041131, 0.28045478630978704

[2.51156578e+02 6.59344829e-02]
0.06593448290251819, 251.1565777293872, 0.09094960003685977, 0.28045475233317246

[3.46061070e+02 6.59425141e-02]
0.06594251414131871, 346.0610700470861, 0.09095182222533388, 0.280454745736316

[4.10837818e+02 6.58637006e-02]
0.0658637005648291, 410.83781849558, 0.09093003158237671, 0.28045474468420667

[4.71093306e+02 6.60373902e-02]
0.06603739019540936, 471.09330623399, 0.09097805403978845, 0.28045474185668184

[5.81061670e+02 6.60888438e-02]
0.06608884384185493, 581.0616704862914, 0.09099227932980918, 0.28045474108168456

[6.80487424e+02 6.58443719e-02]
0.06584437187358558, 680.4874235140742, 0.09092468861640074, 0.2804547396661082

[8.65025103e+02 6.57124715e-02]
0.06571247154382914, 865.0251025372127, 0.09088821601763701, 0.2804547460513399

[8.50711276e+02 6.60695152e-02]
0.06606951515061141, 850.7112755047856, 0.09098693670639603, 0.2804547371061323

[1.07064800e+03 6.61724224e-02]
0.06617242244350258, 1070.6480040093884, 0.09101538506185528, 0.28045474086846217

[9.50137029e+02 6.58250432e-02]
0.06582504318234206, 950.1370285325684, 0.09091934472819953, 0.2804547380116047

[1.12036088e+03 6.60501865e-02]
0.06605018645936789, 1120.3608805232798, 0.09098159359467217, 0.2804547348338386

[1.34029761e+03 6.61530938e-02]
0.06615309375225903, 1340.2976090278826, 0.09101004225885063, 0.28045473849296254

[1.02093513e+03 6.62946584e-02]
0.06629465842763724, 1020.935127495497, 0.09104917307590572, 0.2804547518401591

[9.67836553e+02 6.59424470e-02]
0.06594244699366586, 967.8365532733005, 0.09095180651115849, 0.28045473465685694

[1.23748616e+03 6.59231183e-02]
0.06592311830242234, 1237.4861582917947, 0.0909464627527242, 0.2804547335762163

[1.43087360e+03 6.58499199e-02]
0.0658499198783278, 1430.8735996852993, 0.09092622384742756, 0.2804547348475559

[1.08496183e+03 6.58153788e-02]
0.06581537883672031, 1084.9618310418155, 0.09091667263223907, 0.2804547377247497

[1.11151112e+03 6.59914846e-02]
0.06599148455370599, 1111.5111181529137, 0.0909653645192521, 0.28045473384640984

[1.38116072e+03 6.59721559e-02]
0.06597215586246247, 1381.1607231714079, 0.09096002089446535, 0.28045473269269244

[1.58782281e+03 6.59870103e-02]
0.06598701029686077, 1587.8228081204616, 0.09096412792179442, 0.28045473221412703

[1.71379785e+03 6.59186440e-02]
0.06591864404557712, 1713.7978482593426, 0.09094522601845748, 0.2804547322751957

[2.0641345e+03 6.5982536e-02]
0.06598253604001555, 2064.1344980880094, 0.09096289113188741, 0.28045473130413173

[2.47745867e+03 6.60122449e-02]
0.06601224490881216, 2477.458667986117, 0.09097110489622477, 0.2804547311005367

[2.35148363e+03 6.60806112e-02]
0.06608061116009581, 2351.4836278472358, 0.09099000538971692, 0.280454732989156

[1.87321929e+03 6.59591358e-02]
0.06595913582420679, 1873.2192931563159, 0.09095642143372, 0.2804547315659519

[2.76285515e+03 6.59843704e-02]
0.06598437043615818, 2762.855153021971, 0.09096339848377336, 0.2804547306859851

[3.35037133e+03 6.59830505e-02]
0.06598305050580688, 3350.3713254727263, 0.09096303365147627, 0.2804547302026434

[3.95461070e+03 6.60361596e-02]
0.06603615959041226, 3954.610700302527, 0.09097771669855463, 0.2804547306185715

[4.82752336e+03 6.60069652e-02]
0.06600696518740698, 4827.523357789137, 0.0909696455200522, 0.2804547298433565

[6.00255570e+03 6.60043253e-02]
0.06600432532670439, 6002.555702690646, 0.0909689157527978, 0.28045472957125966

[5.39831633e+03 6.59512162e-02]
0.06595121624209901, 5398.316327860845, 0.09095423235999565, 0.2804547296299272

[8.05050071e+03 6.59724911e-02]
0.06597249106299652, 8050.500705078764, 0.09096011449436077, 0.2804547292605124

[1.04005654e+04 6.59672113e-02]
0.06596721134159134, 10400.565394881785, 0.09095865480658671, 0.28045472875504535

[1.10048048e+04 6.60203204e-02]
0.06602032042619671, 11004.804769711587, 0.09097333799475975, 0.28045472970880775

[6.79993844e+03 6.59684923e-02]
0.06596849228812343, 6799.93843832353, 0.09095900889361838, 0.2804547292477222

[1.11979481e+04 6.59313783e-02]
0.06593137830301038, 11197.94813051467, 0.09094874763863385, 0.2804547293847254

[9.89910002e+03 6.59496151e-02]
0.06594961505893389, 9899.100023558663, 0.09095378978860116, 0.28045472889921635

[1.34997270e+04 6.59483341e-02]
0.06594833411240178, 13499.726980116917, 0.0909534356420339, 0.28045472894620016

[1.18247798e+04 6.59533737e-02]
0.06595337365633219, 11824.77984466857, 0.09095482897794621, 0.2804547288486763

[1.23262452e+04 6.59709699e-02]
0.06597096993898964, 12326.245215991692, 0.09095969399963168, 0.28045472907799157

[1.05058863e+04 6.59549538e-02]
0.06595495377894783, 10505.88632166692, 0.09095526586959232, 0.28045472889511686

[1.17194589e+04 6.59656312e-02]
0.0659656312189757, 11719.458917883436, 0.09095821797539451, 0.28045472892870676

[1.08092795e+04 6.59576231e-02]
0.0659576231389548, 10809.279470721049, 0.09095600390390701, 0.28045472871162525

[9.38506502e+03 6.59714608e-02]
0.06597146082421396, 9385.065020934264, 0.09095982969060934, 0.2804547292042144

[1.12148511e+04 6.59578954e-02]
0.06595789544830263, 11214.851138734994, 0.09095607916951873, 0.2804547289422769

[1.06049224e+04 6.59624172e-02]
0.06596241724027307, 10604.922432801417, 0.09095732934735123, 0.28045472895947826

[1.13170297e+04 6.59554984e-02]
0.0659554983976435, 11317.02965769481, 0.09095541643223226, 0.28045472884978095

[1.15213867e+04 6.59507043e-02]
0.06595070429632521, 11521.386695614441, 0.09095409097819178, 0.2804547289363794

[1.12922706e+04 6.59536325e-02]
0.06595363253231218, 11292.270629911185, 0.09095490056364235, 0.2804547291242203

[1.10631546e+04 6.59565608e-02]
0.06595656076829914, 11063.154564207929, 0.09095571016918753, 0.28045472910518426

[1.07071010e+04 6.59600202e-02]
0.06596002018961394, 10707.100951761233, 0.09095666660926865, 0.28045472888295625

[1.04532259e+04 6.59610826e-02]
0.06596108256026961, 10453.225858274353, 0.09095696033453832, 0.28045472882268085

[1.05554044e+04 6.59586855e-02]
0.06595868550961048, 10555.404377234168, 0.09095629761319876, 0.2804547288910074

[1.06691768e+04 6.59596865e-02]
0.06595968651961308, 10669.176808129467, 0.09095657437058052, 0.28045472906879737

[1.06312527e+04 6.59593528e-02]
0.06595935284961221, 10631.2526644977, 0.09095648211315054, 0.2804547288531544

[1.07581902e+04 6.59588217e-02]
0.06595882166428438, 10758.19021124114, 0.09095633524995674, 0.28045472897404355

[1.06823419e+04 6.59581543e-02]
0.06595815432428262, 10682.341923977609, 0.09095615074018047, 0.28045472886820605

[1.07013040e+04 6.59583212e-02]
0.06595832115928306, 10701.303995793493, 0.0909561968704898, 0.28045472892705187

[1.07202661e+04 6.59584880e-02]
0.0659584879942835, 10720.266067609375, 0.09095624299915504, 0.28045472880596567

[1.07837348e+04 6.59582224e-02]
0.06595822240161958, 10783.734840981095, 0.090956169554233, 0.280454729114168

[1.07458107e+04 6.59578887e-02]
0.06595788873161873, 10745.810697349327, 0.09095607731438228, 0.28045472862922327

[1.07268486e+04 6.59577219e-02]
0.0659577218966183, 10726.848625533443, 0.09095603117131905, 0.2804547289261061

[1.08348241e+04 6.59570239e-02]
0.06595702387629004, 10834.824100461, 0.0909558381936253, 0.28045472906215035

[1.07489056e+04 6.59581220e-02]
0.06595812196478514, 10748.905575822282, 0.09095614179718309, 0.28045472915425657

[1.07775451e+04 6.59577559e-02]
0.06595775593528677, 10777.545084035188, 0.09095604059336432, 0.2804547289992135

[1.07330384e+04 6.59581884e-02]
0.06595818836295111, 10733.03838247935, 0.09095616015817157, 0.28045472912454317

[1.07903174e+04 6.59574563e-02]
0.06595745630395439, 10790.317398905165, 0.09095595773434213, 0.28045472898481294

[1.07585830e+04 6.59575891e-02]
0.06595758910028635, 10758.583012219304, 0.09095599446866254, 0.280454729080766

[1.07728046e+04 6.59577142e-02]
0.06595771422653667, 10772.804566081217, 0.09095602906755472, 0.2804547286497095

[1.07282979e+04 6.59581467e-02]
0.06595814665420102, 10728.297864525379, 0.09095614861234659, 0.2804547290648524

[1.07748125e+04 6.59576289e-02]
0.06595762889151605, 10774.81251531022, 0.0909560054801809, 0.2804547291489366

[1.07593076e+04 6.59578015e-02]
0.0659578014790777, 10759.307631715272, 0.09095605318786272, 0.28045472910053637

[1.07680640e+04 6.59576725e-02]
0.06595767251778656, 10768.064048127246, 0.09095601752714579, 0.28045472894126744

[1.07545671e+04 6.59577598e-02]
0.06595775977032758, 10754.5671137613, 0.09095604165303571, 0.28045472872016974

[1.07323138e+04 6.59579760e-02]
0.06595797598415976, 10732.313762983384, 0.09095610144220963, 0.2804547290096146

[1.07591265e+04 6.59577484e-02]
0.06595774838437986, 10759.12647684128, 0.09095603851546157, 0.2804547288745105

[1.07412513e+04 6.59579001e-02]
0.06595790011756646, 10741.25133426935, 0.09095608045638617, 0.2804547290538676

[1.07546577e+04 6.59577863e-02]
0.06595778631767651, 10754.657691198297, 0.09095604898635336, 0.2804547288537289

[1.07457201e+04 6.59578622e-02]
0.0659578621842698, 10745.720119912332, 0.09095606997301428, 0.28045472917705355

[1.07524233e+04 6.59578053e-02]
0.06595780528432484, 10752.423298376805, 0.09095605426405115, 0.28045472916505565

[1.07501889e+04 6.59578243e-02]
0.06595782425097316, 10750.188905555315, 0.09095605948391627, 0.2804547287813243

[1.07502342e+04 6.59578375e-02]
0.06595783752464762, 10750.234194273813, 0.09095606315084619, 0.28045472881757855

[1.07457654e+04 6.59578755e-02]
0.06595787545794426, 10745.765408630828, 0.09095607364719997, 0.2804547289484386

[1.0749117e+04 6.5957847e-02]
0.06595784700797178, 10749.116997863068, 0.09095606576977797, 0.2804547288274775

[1.07479998e+04 6.59578565e-02]
0.06595785649129594, 10747.99980145232, 0.09095606839236552, 0.28045472884063255

[1.07480224e+04 6.59578631e-02]
0.06595786312813318, 10748.02244581157, 0.09095607024574374, 0.2804547290940534

[1.07457881e+04 6.59578821e-02]
0.06595788209478148, 10745.78805299008, 0.09095607547670097, 0.28045472896567425

[1.07463467e+04 6.59578774e-02]
0.0659578773531194, 10746.346651195452, 0.09095607416110107, 0.28045472879142697

[1.07441575e+04 6.59579096e-02]
0.06595790959344221, 10744.15754709246, 0.09095608307156447, 0.28045472902872076

[1.07470392e+04 6.59578698e-02]
0.06595786976683252, 10747.039237862355, 0.09095607207850448, 0.28045472897514123

[1.07460787e+04 6.59578830e-02]
0.06595788304236908, 10746.07867427239, 0.09095607572955182, 0.28045472882342476

[1.07469052e+04 6.59578726e-02]
0.06595787261145733, 10746.905249400825, 0.09095607285940785, 0.2804547288138167

[1.07466373e+04 6.59578783e-02]
0.06595787830070698, 10746.637272477761, 0.09095607443337458, 0.28045472899053675

[1.07462183e+04 6.59578819e-02]
0.06595788185695356, 10746.218323823734, 0.09095607542176494, 0.2804547290057961

[1.07463580e+04 6.59578807e-02]
0.06595788067153803, 10746.357973375076, 0.09095607507044529, 0.2804547287739796

[1.07459447e+04 6.59578859e-02]
0.0659578858869939, 10745.944685810859, 0.09095607653647066, 0.2804547290857372

[1.07462240e+04 6.59578835e-02]
0.06595788351616284, 10746.223984913542, 0.090956075858995, 0.28045472876797106

[1.07456767e+04 6.59578916e-02]
0.06595789157624353, 10745.676708887795, 0.09095607811991006, 0.2804547290628424

[1.07461877e+04 6.59578834e-02]
0.06595788339771441, 10746.187657253256, 0.09095607583138916, 0.2804547288293087

[1.07460173e+04 6.59578861e-02]
0.06595788612389078, 10746.017341131435, 0.09095607659522022, 0.2804547289013673

[1.07460843e+04 6.59578847e-02]
0.06595788470157837, 10746.0843353622, 0.09095607619974748, 0.280454729009531

[1.07457437e+04 6.59578902e-02]
0.06595789015393114, 10745.743703118562, 0.09095607769849133, 0.2804547289532699

[1.07458289e+04 6.59578888e-02]
0.06595788879084294, 10745.828861179472, 0.09095607733833742, 0.2804547290429867

[1.07459140e+04 6.59578874e-02]
0.06595788742775475, 10745.914019240381, 0.0909560769357005, 0.28045472897329554

[1.07459475e+04 6.59578867e-02]
0.06595788671659855, 10745.947516355764, 0.09095607675904549, 0.2804547291299334

[1.07457772e+04 6.59578894e-02]
0.06595788944277495, 10745.777200233942, 0.09095607751914778, 0.28045472896730833

[1.07456739e+04 6.59578907e-02]
0.06595789074663892, 10745.673878342886, 0.09095607787712545, 0.2804547287479018

[1.07457074e+04 6.59578900e-02]
0.06595789003548272, 10745.707375458273, 0.0909560776748378, 0.280454729008048

[1.07457597e+04 6.59578896e-02]
0.06595788959095189, 10745.759744040024, 0.09095607754984342, 0.28045472894424295

[1.07457248e+04 6.59578899e-02]
0.06595788988730578, 10745.724831652191, 0.09095607762372718, 0.28045472897457285

[1.07457510e+04 6.59578897e-02]
0.06595788966504036, 10745.751015943066, 0.09095607756043486, 0.2804547288925101

[1.07457336e+04 6.59578898e-02]
0.0659578898132173, 10745.73355974915, 0.09095607761414197, 0.2804547289256956

[1.07457467e+04 6.59578897e-02]
0.0659578897020846, 10745.746651894588, 0.09095607758519773, 0.28045472925163517

[1.07457423e+04 6.59578897e-02]
0.06595788973912883, 10745.742287846108, 0.09095607760351618, 0.28045472901670976

[1.07457809e+04 6.59578892e-02]
0.06595788919832954, 10745.780856646197, 0.09095607742950022, 0.28045472870381927

[1.07458493e+04 6.59578882e-02]
0.06595788819081944, 10745.849266149417, 0.09095607715966286, 0.2804547289999408

[1.07458225e+04 6.59578886e-02]
0.06595788857789679, 10745.82252157359, 0.09095607726825235, 0.28045472902474283

[1.07457958e+04 6.59578890e-02]
0.06595788896497413, 10745.795776997762, 0.09095607737919416, 0.2804547288043472

[1.07457765e+04 6.59578892e-02]
0.06595788923537378, 10745.776492597717, 0.09095607745137572, 0.2804547291480826

[1.07458300e+04 6.59578885e-02]
0.06595788846121907, 10745.829981749372, 0.09095607723178196, 0.2804547289104519

[1.07458166e+04 6.59578887e-02]
0.06595788865475774, 10745.816609461457, 0.09095607729863377, 0.2804547289799785

[1.07458032e+04 6.59578888e-02]
0.06595788884829643, 10745.803237173544, 0.09095607735610516, 0.28045472893838236

[1.07457936e+04 6.59578890e-02]
0.06595788898349625, 10745.793594973522, 0.09095607738068767, 0.2804547288473486

[1.07458011e+04 6.59578889e-02]
0.06595788886681855, 10745.801055149304, 0.09095607735872335, 0.2804547291463255

[1.07458027e+04 6.59578889e-02]
0.06595788885292696, 10745.802691667484, 0.0909560773531345, 0.28045472896699447

[1.07458021e+04 6.59578889e-02]
0.06595788885755749, 10745.802146161424, 0.09095607735555265, 0.2804547291512002

[1.07458070e+04 6.59578888e-02]
0.06595788878995758, 10745.806967261437, 0.09095607734115424, 0.2804547288307455

[1.07458155e+04 6.59578887e-02]
0.0659578886640188, 10745.815518449339, 0.0909560773020305, 0.280454729073542

[1.07458122e+04 6.59578887e-02]
0.06595788871240348, 10745.81217537736, 0.09095607730677584, 0.2804547290917479

[1.07458088e+04 6.59578888e-02]
0.06595788876078815, 10745.808832305382, 0.09095607732085063, 0.2804547287652816

[1.07458064e+04 6.59578888e-02]
0.06595788879458811, 10745.806421755377, 0.09095607732619333, 0.28045472896798973

[1.07458131e+04 6.59578887e-02]
0.06595788869781877, 10745.813107899332, 0.0909560772980687, 0.2804547289679954

[1.07458081e+04 6.59578888e-02]
0.06595788877039577, 10745.808093291365, 0.0909560773358519, 0.2804547291814894

[1.07458098e+04 6.59578887e-02]
0.06595788874620344, 10745.809764827354, 0.09095607731287886, 0.2804547290569813

[1.07458086e+04 6.59578888e-02]
0.06595788876310342, 10745.808559552352, 0.09095607732161984, 0.2804547291748503

[1.07458119e+04 6.59578887e-02]
0.06595788871471876, 10745.81190262433, 0.09095607730401765, 0.2804547288275853

[1.07458128e+04 6.59578887e-02]
0.06595788870013404, 10745.812835146302, 0.09095607730739659, 0.28045472915522707

[1.07458105e+04 6.59578887e-02]
0.06595788873468608, 10745.810532407091, 0.09095607731692477, 0.2804547290514557

[1.07458121e+04 6.59578887e-02]
0.0659578887116514, 10745.812067566565, 0.09095607731568288, 0.2804547287938776

[1.07458109e+04 6.59578887e-02]
0.06595788872855136, 10745.81086229156, 0.09095607731646368, 0.280454729012736

[1.07458116e+04 6.59578887e-02]
0.06595788871817691, 10745.811642541137, 0.09095607733745564, 0.28045472868741816

[1.07458103e+04 6.59578887e-02]
0.06595788873814426, 10745.810272323897, 0.09095607731919927, 0.2804547290596576

[1.07458116e+04 6.59578887e-02]
0.06595788871827461, 10745.811618755899, 0.09095607732067243, 0.28045472884635836

[1.07458112e+04 6.59578887e-02]
0.06595788872489783, 10745.811169945231, 0.09095607731231144, 0.2804547287670598

[1.07458114e+04 6.59578887e-02]
0.06595788872163506, 10745.811382457945, 0.09095607731227752, 0.28045472913588726


------------------------------------------------------------
Sender: LSF System <lsfadmin@n-62-21-14>
Subject: Job 1708301: <minimize_batch_job_this_is_on_purpose_to_utilize_more_kernel> in cluster <dcc> Done

Job <minimize_batch_job_this_is_on_purpose_to_utilize_more_kernel> was submitted from host <gbarlogin2> by user <s174007> in cluster <dcc> at Thu Jan 10 17:20:33 2019
Job was executed on host(s) <n-62-21-14>, in queue <hpc>, as user <s174007> in cluster <dcc> at Thu Jan 10 17:20:33 2019
</zhome/b0/b/127184> was used as the home directory.
</zhome/b0/b/127184/Documents/Projects/machine-learning-on-materials> was used as the working directory.
Started at Thu Jan 10 17:20:33 2019
Terminated at Fri Jan 11 00:59:27 2019
Results reported at Fri Jan 11 00:59:27 2019

Your job looked like:

------------------------------------------------------------
# LSBATCH: User input
#!/bin/bash
##Kør på cpu
#BSUB -q hpc
##Navn på job
#BSUB -J minimize_batch_job_this_is_on_purpose_to_utilize_more_kernel
##Output fil
#BSUB -o output/minimize/linear_SimpleLarge_default_batchjobs-%J.out
##Antal kerner
#BSUB -n 1
##Om kernerne må være på forskellige computere
#BSUB -R "span[hosts=1]"
##Ram pr kerne
#BSUB -R "rusage[mem=10GB]"
##Hvor lang tid må den køre hh:mm
#BSUB -W 45:00
##Email når jobbet starter
##og stopper
module purge
module load python3
python3 KRR/minimizer.py linear 0.01 SimpleLarge default [10]
------------------------------------------------------------

Successfully completed.

Resource usage summary:

    CPU time :                                   27531.19 sec.
    Max Memory :                                 6785 MB
    Average Memory :                             6472.94 MB
    Total Requested Memory :                     10240.00 MB
    Delta Memory :                               3455.00 MB
    Max Swap :                                   -
    Max Processes :                              4
    Max Threads :                                5
    Run time :                                   27562 sec.
    Turnaround time :                            27534 sec.

The output (if any) is above this job summary.

