Unloaded module: latex/TeXLive12
Loaded module: python3/3.6.2
[10]
[10.0]
[1.e+01 1.e-03]
0.001, 10.0, 0.0761239754167931, 0.2927457388669439

[1.05e+01 1.00e-03]
0.001, 10.5, 0.0761239754386301, 0.2927457626883891

[1.00e+01 1.05e-03]
0.0010500000000000002, 10.0, 0.07612528176484121, 0.29269237984756236

[9.50e+00 1.05e-03]
0.0010500000000000002, 9.5, 0.07612528173840262, 0.2926923534995236

[9.000e+00 1.075e-03]
0.0010750000000000004, 9.0, 0.07612594934592205, 0.2926661752449232

[9.000e+00 1.125e-03]
0.0011250000000000006, 9.0, 0.07612731373590206, 0.2926148495026488

[8.5000e+00 1.1875e-03]
0.001187500000000001, 8.5, 0.07612907398526204, 0.2925523267333828

[7.5000e+00 1.2125e-03]
0.0012125000000000013, 7.5, 0.07612979507487198, 0.29252772829892254

[6.25000e+00 1.29375e-03]
0.001293750000000002, 6.25, 0.07613220607214471, 0.292449613237957

[5.75000e+00 1.40625e-03]
0.0014062500000000026, 5.75, 0.07613571368957589, 0.29234542288295046

[4.125000e+00 1.571875e-03]
0.0015718750000000038, 4.125, 0.07614122994243384, 0.29219869407316124

[1.875000e+00 1.678125e-03]
0.0016781250000000047, 1.875, 0.0761449827323814, 0.29210702421405427

[-1.4375      0.00192344]
0.0019234375000000067, -1.4375, 0.07615430130726784, 0.2919144174307498

[-3.5625000e+00  2.2015625e-03]
0.0022015625000000086, -3.5625, 0.0761658612132911, 0.29169974353039935

[-8.46875000e+00  2.65546875e-03]
0.002655468750000012, -8.46875, 0.07618691224881681, 0.29137586824274275

[-1.40312500e+01  3.00703125e-03]
0.003007031250000015, -14.03125, 0.07620494510496019, 0.2911418893143369

[-2.31093750e+01  3.72460938e-03]
0.003724609375000021, -23.109375, 0.07624599815539608, 0.29069995536548376

[-3.01406250e+01  4.45664063e-03]
0.004456640625000026, -30.140625, 0.0762931454713574, 0.29028822376481567

[-4.44921875e+01  5.72324219e-03]
0.005723242187500036, -44.4921875, 0.07638552420155198, 0.28964662096534927

[-5.91328125e+01  6.79238281e-03]
0.006792382812500045, -59.1328125, 0.0764726069993376, 0.28915922190964566

[-8.44648438e+01  8.86083984e-03]
0.008860839843750062, -84.46484375, 0.07666037668055961, 0.28832110979784215

[-1.05847656e+02  1.08594727e-02]
0.010859472656250077, -105.84765625, 0.07686126517099219, 0.2876104446217033

[-1.47216797e+02  1.44269043e-02]
0.014426904296875105, -147.216796875, 0.07725536546711097, 0.28651465967371115

[-1.87189453e+02  1.75645020e-02]
0.01756450195312513, -187.189453125, 0.07762975446226987, 0.28568451400963135

[-2.58538086e+02  2.34851318e-02]
0.02348513183593768, -258.5380859375, 0.0783835460430296, 0.28435457336239817

[-3.21290039e+02  2.90511963e-02]
0.029051196289062723, -321.2900390625, 0.07912853972248877, 0.2833051212487309

[-4.39702637e+02  3.91463745e-02]
0.039146374511719054, -439.70263671875, 0.08052714784409251, 0.2817357430561447

[-5.51023926e+02  4.82046021e-02]
0.048204602050781635, -551.02392578125, 0.0818047092228414, 0.2805825914824677

[-7.52927490e+02  6.50934509e-02]
0.0650934509277349, -752.927490234375, 0.08418891886395569, 0.27885774350762205

[-9.34092041e+02  8.07546936e-02]
0.08075469360351628, -934.092041015625, 0.08636805333768632, 0.27759639207473324

[-1.27186902e+03  1.09389474e-01]
0.10938947448730556, -1271.8690185546875, 0.09022349910578555, 0.2758328983399511

[-1.58509387e+03  1.35336551e-01]
0.13533655090332142, -1585.0938720703125, 0.09355539939724407, 0.2746415872126584

[-2.15778949e+03  1.83431639e-01]
0.1834316390991226, -2157.7894897460938, 0.09933150876408127, 0.27308026506144234

[-2.67673102e+03  2.27727663e-01]
0.22772766265869326, -2676.7310180664062, 0.10423258298473086, 0.2721292434555248

[-3.63863278e+03  3.09044769e-01]
0.3090447685241724, -3638.632781982422, 0.11234634189663881, 0.27112048327532257

[-4.52455325e+03  3.83086933e-01]
0.38308693313598946, -4524.553253173828, 0.11891598539557102, 0.2707168351786467

[-6.15089537e+03  5.19935662e-01]
0.5199356624603314, -6150.895370483398, 0.12948223032981696, 0.2706893793858711

[-7.63173866e+03  6.45548792e-01]
0.6455487918853812, -7631.738662719727, 0.1378083852700083, 0.27112041060036646

[-1.01440013e+04  8.56439686e-01]
0.8564396858215402, -10144.001251220703, 0.14966215796105417, 0.27231222607306405

[-5.26497490e+03  4.45893498e-01]
0.44589349784851434, -5264.974899291992, 0.1239903279132422, 0.2706161487062736

[-3.78413161e+03  3.20280368e-01]
0.32028036842346463, -3784.131607055664, 0.11338903447996439, 0.2710339427455405

[-4.74603337e+03  4.01597474e-01]
0.4015974742889438, -4746.03337097168, 0.12045521299849347, 0.27066809188038166

[-3.8601129e+03  3.2755531e-01]
0.32755530967712676, -3860.1128997802734, 0.11405497438721024, 0.27098330489267336

[-5.57819975e+03  4.71840574e-01]
0.47184057426453024, -5578.199752807617, 0.12597094608485868, 0.2706217699672788

[-6.09714128e+03  5.16136598e-01]
0.5161365978241008, -6097.14128112793, 0.12921202213083047, 0.2706816458279816

[-5.08381035e+03  4.30232255e-01]
0.43023225517273306, -5083.810348510742, 0.12276340786937832, 0.27062497024333637

[-5.75936430e+03  4.87501817e-01]
0.4875018169403115, -5759.364303588867, 0.12713639642869753, 0.27063620556736295

[-5.25269884e+03  4.44549646e-01]
0.4445496456146277, -5252.698837280273, 0.12388599849916206, 0.2706165273784621

[-4.93947398e+03  4.18602569e-01]
0.4186025691986118, -4939.473983764648, 0.12183631695208698, 0.27063806256649153

[-5.41851831e+03  4.58531073e-01]
0.4585310729980506, -5418.518310546875, 0.12496292257886715, 0.27061589010063775

[-5.43079437e+03  4.59874925e-01]
0.45987492523193735, -5430.794372558594, 0.12506545166941924, 0.2706162043615501

[-5.38627049e+03  4.56043605e-01]
0.4560436053276099, -5386.270488739014, 0.12477269149650998, 0.27061547863726815

[-5.5398139e+03  4.6868118e-01]
0.4686811804771462, -5539.8138999938965, 0.12573314690223125, 0.2706198254903503

[-5.33368465e+03  4.51590419e-01]
0.4515904185056723, -5333.684649467468, 0.12443066126276153, 0.2706153023173707

[-5.30143683e+03  4.49102951e-01]
0.44910295083523155, -5301.436827659607, 0.12423878249820197, 0.2706155220504018

[-5.33070720e+03  4.51459981e-01]
0.4514599813759363, -5330.707198381424, 0.12442061436187551, 0.27061530813413753

[-5.27812136e+03  4.47006795e-01]
0.4470067945539987, -5278.1213591098785, 0.12407662511622736, 0.27061588718991625

[-5.35923321e+03  4.53784403e-01]
0.4537844026342071, -5359.23320633173, 0.12459940832252851, 0.2706152985952112

[-5.36221066e+03  4.53914840e-01]
0.45391483976394303, -5362.210657417774, 0.12460942620825971, 0.2706153039302609

[-5.35433479e+03  4.53301125e-01]
0.4533011251669413, -5354.334792658687, 0.12456227728507532, 0.27061528421160336

[-5.37988335e+03  4.55495109e-01]
0.4554951092954762, -5379.883349522948, 0.12473066591646581, 0.27061541790133786

[-5.34523432e+03  4.52566591e-01]
0.45256659120312326, -5345.234324481338, 0.12450579903849278, 0.27061527880984804

[-5.34033591e+03  4.52083314e-01]
0.4520833137358575, -5340.335910808295, 0.12446861170932932, 0.2706152860491822

[-5.34506023e+03  4.52508586e-01]
0.45250858596044496, -5345.060234689154, 0.12450133681826232, 0.2706152792019766

[-5.33595977e+03  4.51774052e-01]
0.4517740519966269, -5335.959766511805, 0.12444480283893028, 0.27061529519921845

[-5.34974104e+03  4.52919357e-01]
0.4529193568743627, -5349.741036121966, 0.12453292959692709, 0.27061527893389603

[-5.34991513e+03  4.52977362e-01]
0.452977362117041, -5349.915125914151, 0.1245373895383163, 0.27061527941096714

[-5.34627396e+03  4.52625780e-01]
0.45262577999959397, -5346.273957495403, 0.12451035197220663, 0.27061527849949973

[-5.34176725e+03  4.52273014e-01]
0.45227301432835454, -5341.767245854775, 0.12448321150114627, 0.27061528218460545

[-5.34774759e+03  4.52757771e-01]
0.45275777123786065, -5347.7475885551685, 0.12452050382450554, 0.27061527830907856

[-5.34878722e+03  4.52816960e-01]
0.45281696003433136, -5348.787221569233, 0.12452505567215712, 0.2706152784153355

[-5.35026085e+03  4.52948951e-01]
0.45294895127259804, -5350.260852628999, 0.12453520510107391, 0.2706152791465028

[-5.34727068e+03  4.52706573e-01]
0.452706572817845, -5347.270681278802, 0.12451656618958128, 0.2706152783010183

[-5.34623105e+03  4.52647384e-01]
0.4526473840213743, -5346.231048264737, 0.12451201371901631, 0.2706152784241547

[-5.34814818e+03  4.52774566e-01]
0.4527745660310921, -5348.148178243109, 0.12452179543978986, 0.27061527833169957

[-5.34687009e+03  4.52689778e-01]
0.4526897780246135, -5346.870091590861, 0.12451527446477668, 0.2706152783232785

[-5.34718961e+03  4.52710975e-01]
0.4527109750262332, -5347.189613253923, 0.12451690477565755, 0.2706152783101893

[-5.34782866e+03  4.52753369e-01]
0.45275336902947244, -5347.828656580047, 0.12452016526104488, 0.27061527830556265

[-5.34735175e+03  4.52702171e-01]
0.45270217060945683, -5347.351749303682, 0.12451622761155498, 0.2706152783149606

[-5.34764863e+03  4.52743871e-01]
0.4527438710807597, -5347.648628742297, 0.124519434793514, 0.27061527829362736

[-5.34709065e+03  4.52697075e-01]
0.4526970748691322, -5347.090653441051, 0.12451583568844554, 0.2706152783111391

[-5.34764416e+03  4.52739295e-01]
0.4527392954893874, -5347.6441557952985, 0.12451908289873516, 0.2706152782893169

[-5.34802210e+03  4.52776594e-01]
0.45277659375230206, -5348.022103258794, 0.12452195138334195, 0.2706152783474375

[-5.34745854e+03  4.52724078e-01]
0.45272407805145926, -5347.4585367738, 0.12451791253458631, 0.2706152782808742

[-5.34745406e+03  4.52719502e-01]
0.4527195024600869, -5347.454063826802, 0.12451756062121579, 0.27061527828764176

[-5.34726844e+03  4.52704285e-01]
0.45270428502215876, -5347.268444805302, 0.12451639023539955, 0.2706152783121036

[-5.34755023e+03  4.52730543e-01]
0.45273054287258024, -5347.5502280477995, 0.12451840974463521, 0.2706152782971219

[-5.3474563e+03  4.5272179e-01]
0.4527217902557731, -5347.4563003003, 0.12451773657907515, 0.2706152783010737

[-5.34755135e+03  4.52731687e-01]
0.4527316867704233, -5347.551346284549, 0.1245184977208141, 0.2706152783075551

[-5.34736349e+03  4.52714182e-01]
0.4527141815368091, -5347.363490789551, 0.12451715139133623, 0.2706152783001152

[-5.34736573e+03  4.52716469e-01]
0.4527164693324953, -5347.36572726305, 0.1245173273413621, 0.27061527831075805

[-5.34743366e+03  4.52720460e-01]
0.45272046002495364, -5347.433657040988, 0.12451763427307919, 0.27061527829602516

[-5.34752870e+03  4.52730357e-01]
0.4527303565396038, -5347.528703025236, 0.12451839540643478, 0.2706152782980597

[-5.34748740e+03  4.52726313e-01]
0.4527263127889051, -5347.487399966314, 0.12451808440477506, 0.27061527828305926

[-5.34751228e+03  4.52729931e-01]
0.45272993081541074, -5347.512279699126, 0.1245183626727633, 0.2706152783014497

[-5.34745331e+03  4.52722828e-01]
0.4527228277225679, -5347.453312705522, 0.12451781637181263, 0.270615278287694

[-5.34749262e+03  4.52727563e-01]
0.4527275631177965, -5347.492624034592, 0.12451818056689555, 0.27061527829540355

[-5.34746314e+03  4.52724012e-01]
0.45272401157137504, -5347.4631405377895, 0.12451790742535519, 0.2706152782894906

[-5.34747297e+03  4.52725195e-01]
0.4527251954201822, -5347.472968370057, 0.12451799847171625, 0.27061527830144333

[-5.34745592e+03  4.52723453e-01]
0.45272345288701354, -5347.455924739661, 0.1245178644505726, 0.27061527830467097

[-5.34747558e+03  4.52725821e-01]
0.45272582058462796, -5347.475580404196, 0.12451804654976029, 0.2706152783035877

[-5.34747067e+03  4.52725229e-01]
0.4527252286602243, -5347.470666488062, 0.12451800102701473, 0.27061527828810455

[-5.34745623e+03  4.52724111e-01]
0.45272411129150136, -5347.456234891804, 0.12451791508845994, 0.2706152782980554

[-5.34746042e+03  4.52724382e-01]
0.45272438232367157, -5347.4604182613675, 0.12451793593451568, 0.2706152782995309

[-5.34746460e+03  4.52724653e-01]
0.4527246533558418, -5347.464601630931, 0.12451795677801071, 0.2706152783092427

[-5.34746575e+03  4.52724637e-01]
0.45272463673582075, -5347.4657525719285, 0.12451795550380716, 0.27061527828465437

[-5.34745969e+03  4.52724061e-01]
0.4527240614314383, -5347.459687714798, 0.12451791125818025, 0.2706152782920136

[-5.34746092e+03  4.52724209e-01]
0.4527242094125392, -5347.4609161938315, 0.1245179226368055, 0.27061527829404414

[-5.34746214e+03  4.52724357e-01]
0.45272435739364003, -5347.462144672864, 0.1245179340154212, 0.27061527829594706

[-5.34746157e+03  4.52724366e-01]
0.4527243657036505, -5347.461569202365, 0.12451793465808082, 0.27061527829768767

[-5.34745911e+03  4.52724070e-01]
0.45272406974144885, -5347.459112244298, 0.1245179118956986, 0.27061527828889564

[-5.3474555e+03  4.5272379e-01]
0.45272379039926813, -5347.455504345234, 0.12451789041093052, 0.27061527829311555

[-5.34745716e+03  4.52723932e-01]
0.45272393214786105, -5347.457164427142, 0.1245179013072005, 0.2706152783022793

[-5.34745882e+03  4.52724074e-01]
0.4527240738964541, -5347.458824509049, 0.12451791221285133, 0.2706152782972218

[-5.34746034e+03  4.52724218e-01]
0.45272421772254967, -5347.460340723332, 0.12451792327627359, 0.270615278297773

[-5.34745702e+03  4.52723934e-01]
0.4527239342253637, -5347.457020559517, 0.12451790146963972, 0.2706152782943716

[-5.34745673e+03  4.52723938e-01]
0.45272393838036884, -5347.456732824268, 0.12451790179186636, 0.27061527828971793

[-5.34745825e+03  4.52724082e-01]
0.45272408220646443, -5347.458249038551, 0.12451791285004696, 0.2706152782798743

[-5.34745886e+03  4.52724156e-01]
0.4527241561970148, -5347.458863278069, 0.12451791854244078, 0.2706152782959149

[-5.34746005e+03  4.52724222e-01]
0.4527242218775548, -5347.460052988083, 0.12451792359588644, 0.27061527829891824

[-5.34745756e+03  4.52724009e-01]
0.4527240092546653, -5347.457562865222, 0.12451790724389586, 0.27061527830150783

[-5.34745839e+03  4.52724080e-01]
0.4527240801289618, -5347.4583929061755, 0.12451791269314455, 0.27061527828763554

[-5.34745749e+03  4.52724010e-01]
0.45272401029341663, -5347.45749093141, 0.12451790732692526, 0.270615278307253


------------------------------------------------------------
Sender: LSF System <lsfadmin@n-62-21-19>
Subject: Job 1735636: <minimize_batch_job_this_is_on_purpose_to_utilize_more_kernel> in cluster <dcc> Done

Job <minimize_batch_job_this_is_on_purpose_to_utilize_more_kernel> was submitted from host <gbarlogin2> by user <s174007> in cluster <dcc> at Sun Jan 13 21:42:31 2019
Job was executed on host(s) <n-62-21-19>, in queue <hpc>, as user <s174007> in cluster <dcc> at Sun Jan 13 21:42:32 2019
</zhome/b0/b/127184> was used as the home directory.
</zhome/b0/b/127184/Documents/Projects/machine-learning-on-materials> was used as the working directory.
Started at Sun Jan 13 21:42:32 2019
Terminated at Sun Jan 13 22:16:56 2019
Results reported at Sun Jan 13 22:16:56 2019

Your job looked like:

------------------------------------------------------------
# LSBATCH: User input
#!/bin/bash
##Kør på cpu
#BSUB -q hpc
##Navn på job
#BSUB -J minimize_batch_job_this_is_on_purpose_to_utilize_more_kernel
##Output fil
#BSUB -o output/minimize/linear_GP_compare_batchjobs-%J.out
##Antal kerner
#BSUB -n 1
##Om kernerne må være på forskellige computere
#BSUB -R "span[hosts=1]"
##Ram pr kerne
#BSUB -R "rusage[mem=10GB]"
##Hvor lang tid må den køre hh:mm
#BSUB -W 45:00
##Email når jobbet starter
##og stopper
module purge
module load python3
python3 KRR/minimizer.py linear 0.001 GP compare [10]
------------------------------------------------------------

Successfully completed.

Resource usage summary:

    CPU time :                                   2061.05 sec.
    Max Memory :                                 1029 MB
    Average Memory :                             831.74 MB
    Total Requested Memory :                     10240.00 MB
    Delta Memory :                               9211.00 MB
    Max Swap :                                   -
    Max Processes :                              4
    Max Threads :                                5
    Run time :                                   2074 sec.
    Turnaround time :                            2065 sec.

The output (if any) is above this job summary.

