Unloaded module: latex/TeXLive12
Loaded module: python3/3.6.2
[5]
[5.0]
[ 5. 10.]
10.0, 5.0, 0.42520498394501255, 0.41718905620715285

[ 5.25 10.  ]
10.0, 5.25, 0.42520522882334044, 0.41718880761038435

[ 5.  10.5]
10.5, 5.0, 0.42834839959213666, 0.4196520925830023

[5.25 9.5 ]
9.5, 5.25, 0.4218859992351657, 0.4146033427205002

[5.375 9.   ]
9.0, 5.375, 0.418373518613055, 0.41188492884440625

[5.625 9.   ]
9.0, 5.625, 0.41837371579021626, 0.4118847060402023

[5.9375 8.5   ]
8.5, 5.9375, 0.4146475746911553, 0.4090214804440147

[6.0625 7.5   ]
7.5, 6.0625, 0.40645344474401196, 0.40280494420768753

[6.46875 6.25   ]
6.25, 6.46875, 0.39447147782151243, 0.393925910159554

[7.03125 5.75   ]
5.75, 7.03125, 0.38898660835206383, 0.3899513073934062

[7.859375 4.125   ]
4.125, 7.859375, 0.3671763765875882, 0.37476410141060595

[8.390625 1.875   ]
1.875, 8.390625, 0.31563474122038265, 0.3432964722591808

[ 9.6171875 -1.4375   ]
-1.4375, 9.6171875, 19.508208919909187, 14.20022166437781

[ 9.78125 -0.25   ]
-0.25, 9.78125, 14.143213224742697, 15.873999108284016

[7.296875 4.625   ]
4.625, 7.296875, 0.3746789089243041, 0.37987280457292416

[8.953125 1.375   ]
1.375, 8.953125, 0.29527299259659423, 0.33271180066253214

[ 9.78125 -0.25   ]
-0.25, 9.78125, 14.143213224742697, 15.873999108284016

[ 9.484375 -0.875   ]
-0.875, 9.484375, 72.16828917278166, 72.38462276459262

[8.265625 2.875   ]
2.875, 8.265625, 0.3435709375958621, 0.35954231397933595

[9.078125 0.375   ]
0.375, 9.078125, 0.21047169520022588, 0.3004699949355528

[ 9.484375 -0.875   ]
-0.875, 9.484375, 72.16828917278166, 72.38462276459262

[ 9.640625 -0.125   ]
-0.125, 9.640625, 5.89383989719394, 7.03157765805218

[8.703125 1.375   ]
1.375, 8.703125, 0.29527297813272924, 0.33271186994637975

[9.328125 0.375   ]
0.375, 9.328125, 0.21047170218572678, 0.3004699583256511

[ 9.640625 -0.125   ]
-0.125, 9.640625, 5.89383989719394, 7.03157765805218

[ 9.453125 -0.625   ]
-0.625, 9.453125, 15.336594185583905, 15.065061069388618

[9.078125 0.875   ]
0.875, 9.078125, 0.2654666473039259, 0.31917501838900264

[ 9.328125 -0.125   ]
-0.125, 9.328125, 5.8938382416455175, 7.031575350229202

[9.140625 0.625   ]
0.625, 9.140625, 0.2433434198492485, 0.31066034749266996

[9.265625 0.125   ]
0.125, 9.265625, 0.14766382649798374, 0.2892958116051581

[ 9.328125 -0.125   ]
-0.125, 9.328125, 5.8938382416455175, 7.031575350229202

[9.515625 0.125   ]
0.125, 9.515625, 0.1476638311708092, 0.28929579072752265

[9.734375 0.      ]
Traceback (most recent call last):
  File "KRR/minimizer.py", line 124, in <module>
    minimize(func,Args,method='Nelder-Mead', tol=1e-3)
  File "/zhome/b0/b/127184/.local/lib/python3.6/site-packages/scipy/optimize/_minimize.py", line 591, in minimize
    return _minimize_neldermead(fun, x0, args, callback, **options)
  File "/zhome/b0/b/127184/.local/lib/python3.6/site-packages/scipy/optimize/optimize.py", line 573, in _minimize_neldermead
    fxe = func(xe)
  File "/zhome/b0/b/127184/.local/lib/python3.6/site-packages/scipy/optimize/optimize.py", line 293, in function_wrapper
    return function(*(wrapper_args + args))
  File "KRR/minimizer.py", line 78, in func
    KRR.fit(X,Y, "error")
  File "/zhome/b0/b/127184/Documents/Projects/machine-learning-on-materials/KRR/KRR_class.py", line 108, in fit
    weight=np.linalg.inv(np.matrix(K+self.lambd*I))
  File "/zhome/b0/b/127184/.local/lib/python3.6/site-packages/numpy/linalg/linalg.py", line 532, in inv
    ainv = _umath_linalg.inv(a, signature=signature, extobj=extobj)
  File "/zhome/b0/b/127184/.local/lib/python3.6/site-packages/numpy/linalg/linalg.py", line 89, in _raise_linalgerror_singular
    raise LinAlgError("Singular matrix")
numpy.linalg.linalg.LinAlgError: Singular matrix

------------------------------------------------------------
Sender: LSF System <lsfadmin@n-62-21-89>
Subject: Job 1708335: <minimize_batch_job_this_is_on_purpose_to_utilize_more_kernel> in cluster <dcc> Exited

Job <minimize_batch_job_this_is_on_purpose_to_utilize_more_kernel> was submitted from host <gbarlogin2> by user <s174007> in cluster <dcc> at Thu Jan 10 17:20:36 2019
Job was executed on host(s) <n-62-21-89>, in queue <hpc>, as user <s174007> in cluster <dcc> at Thu Jan 10 17:20:37 2019
</zhome/b0/b/127184> was used as the home directory.
</zhome/b0/b/127184/Documents/Projects/machine-learning-on-materials> was used as the working directory.
Started at Thu Jan 10 17:20:37 2019
Terminated at Thu Jan 10 17:46:56 2019
Results reported at Thu Jan 10 17:46:56 2019

Your job looked like:

------------------------------------------------------------
# LSBATCH: User input
#!/bin/bash
##Kør på cpu
#BSUB -q hpc
##Navn på job
#BSUB -J minimize_batch_job_this_is_on_purpose_to_utilize_more_kernel
##Output fil
#BSUB -o output/minimize/linear_SimpleLarge_faulty_batchjobs-%J.out
##Antal kerner
#BSUB -n 1
##Om kernerne må være på forskellige computere
#BSUB -R "span[hosts=1]"
##Ram pr kerne
#BSUB -R "rusage[mem=10GB]"
##Hvor lang tid må den køre hh:mm
#BSUB -W 45:00
##Email når jobbet starter
##og stopper
module purge
module load python3
python3 KRR/minimizer.py linear 10 SimpleLarge faulty [5]
------------------------------------------------------------

Exited with exit code 1.

Resource usage summary:

    CPU time :                                   1574.55 sec.
    Max Memory :                                 415 MB
    Average Memory :                             188.20 MB
    Total Requested Memory :                     10240.00 MB
    Delta Memory :                               9825.00 MB
    Max Swap :                                   -
    Max Processes :                              4
    Max Threads :                                5
    Run time :                                   1583 sec.
    Turnaround time :                            1580 sec.

The output (if any) is above this job summary.

