Unloaded module: latex/TeXLive12
Loaded module: python3/3.6.2
[5]
[5.0]
[5. 3.]
3.0, 5.0, 0.16156532036621862, 0.26919062356335227

[5.25 3.  ]
3.0, 5.25, 0.16156649067526457, 0.2691926869312176

[5.   3.15]
3.1500000000000004, 5.0, 0.16394892911280873, 0.2696752684822268

[5.25 2.85]
2.8499999999999996, 5.25, 0.15908793105105443, 0.26870761693848694

[5.375 2.7  ]
2.6999999999999993, 5.375, 0.1565073413140325, 0.26822409710893313

[5.125 2.7  ]
2.6999999999999993, 5.125, 0.15650627280419188, 0.26822213040849374

[5.0625 2.55  ]
2.549999999999999, 5.0625, 0.15381377110696554, 0.2677389958418967

[5.4375 2.25  ]
2.2499999999999982, 5.4375, 0.14805735307878548, 0.26678908108071236

[5.65625 1.875  ]
1.8749999999999973, 5.65625, 0.14003191418375957, 0.2656487914371041

[5.34375 1.725  ]
1.724999999999997, 5.34375, 0.13651249052187592, 0.26521743774581835

[5.328125 1.2375  ]
1.2374999999999954, 5.328125, 0.12352286140480337, 0.2640390966672281

[5.921875 0.5625  ]
0.5624999999999938, 5.921875, 0.09985083584301596, 0.2639452982156751

[ 6.3515625 -0.43125  ]
-0.43125000000000924, 6.3515625, 10.839970609160083, 15.868626117572184

[ 5.59375 -0.075  ]
-0.07500000000000817, 5.59375, 0.8938967535185657, 2.518299073217881

[5.640625 1.3875  ]
1.387499999999996, 5.640625, 0.12780702226482804, 0.2643557263317767

[5.609375 0.4125  ]
0.4124999999999932, 5.609375, 0.09333897710019731, 0.26462284466170816

[5.6328125 1.14375  ]
1.1437499999999954, 5.6328125, 0.12069535865639953, 0.2638760025881309

[6.2265625 0.46875  ]
0.4687499999999938, 6.2265625, 0.09584012921085415, 0.26431048637619764

[5.55273438 1.0453125 ]
1.045312499999995, 5.552734375, 0.11758756381324224, 0.2637356883647494

[5.26367188 1.6265625 ]
1.6265624999999968, 5.263671875, 0.13409292899377667, 0.2649479566644498

[5.75732422 0.82851562]
0.8285156249999945, 5.75732421875, 0.11018196805020301, 0.26359489399511976

[5.67724609 0.73007812]
0.7300781249999941, 5.67724609375, 0.10653180267681571, 0.2636360927722069

[5.88183594 0.51328125]
0.5132812499999937, 5.8818359375, 0.09776982883387297, 0.2641144649222069

[5.63500977 0.91230469]
0.9123046874999947, 5.635009765625, 0.1131419823217658, 0.2636167559240849

[5.71508789 1.01074219]
1.0107421874999951, 5.715087890625, 0.11646074225926432, 0.263697076706283

[5.68670654 0.80024414]
0.8002441406249944, 5.68670654296875, 0.10915318891041989, 0.2635981962275763

[5.809021   0.71645508]
0.7164550781249941, 5.80902099609375, 0.10601141294391463, 0.26364938503376706

[5.67851257 0.86334229]
0.8633422851562446, 5.6785125732421875, 0.11142802146914078, 0.2635981148467232

[5.74913025 0.89161377]
0.8916137695312446, 5.7491302490234375, 0.11242317446582394, 0.2636075214742024

[5.70231247 0.82308655]
0.823086547851557, 5.702312469482422, 0.10998553470781747, 0.2635948424643888

[5.78112411 0.78825989]
0.788259887695307, 5.781124114990234, 0.1087125922788835, 0.2636021270403165

[5.70416546 0.84457169]
0.8445716857910102, 5.704165458679199, 0.11075924806383082, 0.26359522286178777

[5.75547123 0.80703049]
0.8070304870605414, 5.755471229553223, 0.10940163856444925, 0.26359709715553137

[5.7169919  0.83518639]
0.835186386108393, 5.716991901397705, 0.11042237321364665, 0.26359471043855864

[5.66198015 0.82975731]
0.8297573089599555, 5.661980152130127, 0.11022663075815121, 0.26359438567548293

[5.61430812 0.83037815]
0.8303781509399362, 5.61430811882019, 0.1102489488479835, 0.26359412948008365

[5.62898755 0.84247799]
0.8424779891967722, 5.628987550735474, 0.11068410458222898, 0.2635946468715342

[5.52630377 0.83766975]
0.8376697540283153, 5.526303768157959, 0.11051134026309432, 0.26359379296511803

[5.4309597  0.83891144]
0.8389114379882763, 5.430959701538086, 0.11055577038009892, 0.2635933240174641

[5.41628027 0.8268116 ]
0.8268115997314402, 5.416280269622803, 0.11011979605107301, 0.2635931222047231

[5.30992663 0.8189784 ]
0.8189784049987745, 5.309926629066467, 0.10983587579880548, 0.263593014217556

[5.12657821 0.82751169]
0.8275116920471146, 5.126578211784363, 0.11014451685122946, 0.2635913657761123

[4.88271326 0.82607846]
0.8260784626007038, 4.882713258266449, 0.1100921745328692, 0.2635898009758004

[4.76168019 0.80614543]
0.8061454296112021, 4.76168018579483, 0.1093673355502341, 0.26359129282373966

[4.33446681 0.81324549]
0.8132454872131314, 4.334466814994812, 0.10962517135595223, 0.26358669535786455

[3.84673691 0.81037903]
0.8103790283203098, 3.8467369079589844, 0.1095191601824094, 0.2635823369540178

[3.96776998 0.83031206]
0.8303120613098116, 3.967769980430603, 0.11024246312255119, 0.263581870174758

[3.57081488 0.84239538]
0.8423953771591162, 3.5708148777484894, 0.1106754000213434, 0.26357760265275765

[2.53483853 0.82669594]
0.8266959428787222, 2.534838527441025, 0.11010412181974603, 0.2635586720234913

[1.36090116 0.82700468]
0.8270046830177313, 1.3609011620283127, 0.11009726330717329, 0.26350456975758496

[1.08497913 0.85902103]
0.8590210318565377, 1.0849791318178177, 0.11123378086247747, 0.2634769783779738

[-0.29589976  0.88334203]
0.8833420336246514, -0.29589975625276566, 0.11240180409762095, 0.26436958177516945

[-1.12493458  0.84363034]
0.8436303377151528, -1.124934583902359, 0.11079001891352498, 0.26378551451588916

[2.39687751 0.84270412]
0.8427041172981253, 2.3968775123357773, 0.11067888524815782, 0.2635551247683018

[0.04900278 0.8433216 ]
0.8433215975761437, 0.04900278151035309, 0.11024787612724388, 0.2621411162331207

[-1.12493458  0.84363034]
0.8436303377151528, -1.124934583902359, 0.11079001891352498, 0.26378551451588916

[-0.22691925  0.87533795]
0.87533794641495, -0.2269192487001419, 0.1122239385332084, 0.2646629053662488

[0.96394606 0.839088  ]
0.839087998867036, 0.963946059346199, 0.11051662085689444, 0.2634577548188809

[-0.07203029  0.82338856]
0.8233885645866419, -0.07203029096126556, 0.11307114363006433, 0.27225110489892096

[0.79572678 0.85011292]
0.8501129150390637, 0.7957267761230469, 0.11089982462347896, 0.26342538426130524

[-0.1192165   0.85434651]
0.8543465137481715, -0.11921650171279907, 0.1120830562398746, 0.2663647251500296

[0.69315542 0.84290263]
0.8429026275873199, 0.6931554190814495, 0.11063323473166559, 0.2633979183040547

[-0.05356858  0.83611131]
0.8361113101243999, -0.05356857553124428, 0.12214323666435697, 0.2949984052416102

[0.58340294 0.84661251]
0.8466125138103977, 0.5834029382094741, 0.11075288124076982, 0.2633593636517848

[-0.0607497   0.84703148]
0.8470314837992214, -0.060749699361622334, 0.11694555932052852, 0.28015317352559355

[0.50467914 0.84393484]
0.8439348416402953, 0.5046791394706815, 0.11064493635642501, 0.263322438787926

[-0.02972102  0.84064393]
0.8406439254060412, -0.02972101722843945, 0.11668518104499702, 0.276875897132382

[0.43012195 0.84512037]
0.8451203667093086, 0.4301219493499957, 0.1106720159014331, 0.26327661851154255

[-0.02555441  0.84450712]
0.8445071226451569, -0.025554408610332757, 0.11293195252837099, 0.2675121191573563

[0.37212075 0.84407791]
0.8440779118915107, 0.37212075245042797, 0.11061936007061558, 0.2632301666516987

[-0.00899842  0.84227914]
0.8422791427583458, -0.008998415389214642, 0.11022060170579323, 0.2616630000062382

[-0.2285586   0.84085853]
0.8408585307828642, -0.22855859775881981, 0.1109806217139009, 0.2646293667183446

[-0.33211639  0.84152283]
0.8415228284429788, -0.3321163863292895, 0.1108736211564198, 0.2642508751693758

[0.19606147 0.84343914]
0.8434391410293778, 0.1960614677554986, 0.11050852302639899, 0.2629626069710917

[-0.1560571  0.8421616]
0.8421615993051117, -0.15605710163436015, 0.11128298859365736, 0.2653585161687831

[0.10803183 0.84311976]
0.8431197555983112, 0.10803182540803391, 0.11038953580039743, 0.26262804532941164

[-0.06802746  0.84248098]
0.8424809847361783, -0.06802745928689546, 0.11453387272047595, 0.2742199252806644

[0.064017   0.84296006]
0.842960062882778, 0.06401700423430157, 0.11028265058858407, 0.2623015025044937

[-0.02401264  0.84264068]
0.8426406774517115, -0.02401263811316312, 0.11216079628003402, 0.26587638388232493

[0.04200959 0.84288022]
0.8428802165250113, 0.042009593647435395, 0.11020741117859302, 0.26205496670199935

[-0.0159916   0.84183776]
0.8418377617072135, -0.015991603252132336, 0.11057122599217029, 0.26237660414266245

[0.03275419 0.84295064]
0.8429506386089112, 0.03275418531973173, 0.11017497062842331, 0.2619285985114498

[-0.01825382  0.84234956]
0.8423495648422457, -0.018253823716918305, 0.11083094528488464, 0.2628906839627472

[0.02694374 0.84274755]
0.8427475536043199, 0.02694373930634697, 0.1101452601699269, 0.2618425919904695

[-0.01480886  0.84207606]
0.8420760577537545, -0.014808861402599405, 0.11048586937836356, 0.26218264545730474

[0.02086342 0.84273199]
0.8427319933951221, 0.020863423639148948, 0.11012188493074987, 0.2617485419249962

[-0.01507873  0.84226358]
0.842263582549148, -0.015078731056412664, 0.11051259065696002, 0.26222342057839165

[0.01643812 0.84262656]
0.8426265608405269, 0.01643812171565706, 0.11010317777080884, 0.2616794533706601

[-0.01342372  0.84217371]
0.8421737102037505, -0.013423717312706529, 0.11039997548778561, 0.2620031894543045

[0.01229164 0.84259242]
0.8425924225972792, 0.012291638401185079, 0.11009063263307656, 0.2616168207923895

[-0.0131449  0.842245 ]
0.8422450045150981, -0.013144898703686625, 0.11038684359294652, 0.26197234158487237

[0.00904237 0.84253117]
0.8425311717591697, 0.00904236661082114, 0.11008267645970166, 0.26157168026540506

[0.03033242 0.84284445]
0.8428444515981031, 0.03033242040122086, 0.11016182138861572, 0.26189332760999884

[8.34293558e-04 8.42420470e-01]
0.8424204699682851, 0.0008342935583942335, 0.11008867697424198, 0.26149881661441077

[-0.00241498  0.84235922]
0.8423592191301756, -0.0024149782319697055, 0.1101086107989381, 0.26150461125132757

[-0.01062305  0.84224852]
0.8422485173392911, -0.010623051284396612, 0.11027242217720629, 0.2617556867745127

[0.00412601 0.84246051]
0.8424605081542, 0.004126012137016702, 0.11008029020581167, 0.2615175356844257

[-0.0057067   0.84231918]
0.8423191809442607, -0.005706696810592174, 0.11014909728522043, 0.2615505964941723

[0.00166783 0.84242518]
0.8424251763517152, 0.001667834900114483, 0.11008536709673233, 0.26150167282156783

[0.00491711 0.84248643]
0.8424864271898247, 0.004917106690478422, 0.1100802192944518, 0.2615245659703758

[-5.81957001e-04  8.42391021e-01]
0.8423910211450879, -0.0005819570013576737, 0.11009542260391304, 0.2614976509507074

[-0.0014155   0.84238631]
0.8423863147616577, -0.0014154983430779231, 0.11010111633230356, 0.2614994983553128

[-6.44665032e-04  8.42396030e-01]
0.8423960301591721, -0.0006446650322798216, 0.11009600770355628, 0.26149772093377477

[-0.00206092  0.84236658]
0.8423665813359749, -0.0020609155920317287, 0.11010568494651042, 0.261502410346284

[1.10491271e-04 8.42406998e-01]
0.8424069978102076, 0.00011049127078774292, 0.11009186336137064, 0.26149759499120107


------------------------------------------------------------
Sender: LSF System <lsfadmin@n-62-21-107>
Subject: Job 1708357: <minimize_batch_job_this_is_on_purpose_to_utilize_more_kernel> in cluster <dcc> Done

Job <minimize_batch_job_this_is_on_purpose_to_utilize_more_kernel> was submitted from host <gbarlogin2> by user <s174007> in cluster <dcc> at Thu Jan 10 17:20:39 2019
Job was executed on host(s) <n-62-21-107>, in queue <hpc>, as user <s174007> in cluster <dcc> at Thu Jan 10 17:20:40 2019
</zhome/b0/b/127184> was used as the home directory.
</zhome/b0/b/127184/Documents/Projects/machine-learning-on-materials> was used as the working directory.
Started at Thu Jan 10 17:20:40 2019
Terminated at Thu Jan 10 18:19:41 2019
Results reported at Thu Jan 10 18:19:41 2019

Your job looked like:

------------------------------------------------------------
# LSBATCH: User input
#!/bin/bash
##Kør på cpu
#BSUB -q hpc
##Navn på job
#BSUB -J minimize_batch_job_this_is_on_purpose_to_utilize_more_kernel
##Output fil
#BSUB -o output/minimize/linear_GP_newest_batchjobs-%J.out
##Antal kerner
#BSUB -n 1
##Om kernerne må være på forskellige computere
#BSUB -R "span[hosts=1]"
##Ram pr kerne
#BSUB -R "rusage[mem=10GB]"
##Hvor lang tid må den køre hh:mm
#BSUB -W 45:00
##Email når jobbet starter
##og stopper
module purge
module load python3
python3 KRR/minimizer.py linear 3 GP newest [5]
------------------------------------------------------------

Successfully completed.

Resource usage summary:

    CPU time :                                   3539.55 sec.
    Max Memory :                                 2019 MB
    Average Memory :                             1796.08 MB
    Total Requested Memory :                     10240.00 MB
    Delta Memory :                               8221.00 MB
    Max Swap :                                   2 MB
    Max Processes :                              4
    Max Threads :                                5
    Run time :                                   3541 sec.
    Turnaround time :                            3542 sec.

The output (if any) is above this job summary.

