Unloaded module: latex/TeXLive12
Loaded module: python3/3.6.2
[10]
[10.0]
[1.e+01 1.e-06]
1e-06, 10.0, 0.07608828696501696, 0.29930649512328383

[1.05e+01 1.00e-06]
1e-06, 10.5, 0.07608828696452324, 0.2993064926131284

[1.00e+01 1.05e-06]
1.05e-06, 10.0, 0.0760882898407986, 0.299269135118575

[1.05e+01 1.05e-06]
1.05e-06, 10.5, 0.07608828984122099, 0.29926909401100577

[1.075e+01 1.075e-06]
1.0749999999999999e-06, 10.75, 0.07608829132586518, 0.29925049342125365

[1.025e+01 1.125e-06]
1.125e-06, 10.25, 0.07608829438853183, 0.2992133950144252

[1.0125e+01 1.1875e-06]
1.1875e-06, 10.125, 0.07608829839173888, 0.2991672892728345

[1.0875e+01 1.2125e-06]
1.2125e-06, 10.875, 0.07608830004416861, 0.29914889474724043

[1.13125e+01 1.29375e-06]
1.2937500000000001e-06, 11.3125, 0.07608830562469351, 0.29908951605678963

[1.06875e+01 1.40625e-06]
1.4062500000000003e-06, 10.6875, 0.0760883138672812, 0.2990081435195333

[1.065625e+01 1.571875e-06]
1.5718750000000005e-06, 10.65625, 0.07608832705955017, 0.2988899591383136

[1.184375e+01 1.678125e-06]
1.6781250000000006e-06, 11.84375, 0.07608833616821083, 0.29881511660195104

[1.2703125e+01 1.9234375e-06]
1.923437500000001e-06, 12.703125, 0.07608835905848707, 0.29864536430562155

[1.2046875e+01 2.2015625e-06]
2.2015625000000014e-06, 12.046875, 0.07608838800606357, 0.2984578391971112

[1.24140625e+01 2.65546875e-06]
2.6554687500000023e-06, 12.4140625, 0.07608844161588577, 0.29816244031026545

[1.44609375e+01 3.00703125e-06]
3.0070312500000028e-06, 14.4609375, 0.07608848815462017, 0.2979423076329003

[1.63632812e+01 3.72460938e-06]
3.724609375000004e-06, 16.36328125, 0.0760885952901683, 0.29751512756319093

[1.60742188e+01 4.45664063e-06]
4.456640625000005e-06, 16.07421875, 0.07608871928621458, 0.29710774709861065

[1.77597656e+01 5.72324219e-06]
5.723242187500007e-06, 17.759765625, 0.07608896242101706, 0.29646347092177006

[2.17089844e+01 6.79238281e-06]
6.79238281250001e-06, 21.708984375, 0.07608918984731736, 0.29597261006585723

[2.63564453e+01 8.86083984e-06]
8.860839843750014e-06, 26.3564453125, 0.07608966999261255, 0.29513961354276813

[2.77529297e+01 1.08594727e-05]
1.0859472656250018e-05, 27.7529296875, 0.076090165291167, 0.29445606255349704

[3.34477539e+01 1.44269043e-05]
1.4426904296875024e-05, 33.44775390625, 0.07609107984819065, 0.2934643864441798

[4.20444336e+01 1.75645020e-05]
1.756450195312503e-05, 42.04443359375, 0.07609188269527047, 0.29277535137717386

[5.41867676e+01 2.34851318e-05]
2.3485131835937542e-05, 54.186767578125, 0.07609333032047422, 0.2917977315180665

[6.12780762e+01 2.90511963e-05]
2.9051196289062556e-05, 61.278076171875, 0.07609457724125666, 0.29113901985116036

[7.87388916e+01 3.91463745e-05]
3.914637451171883e-05, 78.7388916015625, 0.07609654207449262, 0.2903305929014076

[9.94779053e+01 4.82046021e-05]
4.8204602050781355e-05, 99.4779052734375, 0.07609801624938783, 0.28985781542324984

[1.32492981e+02 6.50934509e-05]
6.509345092773452e-05, 132.49298095703125, 0.07610020547207202, 0.2893107084434755

[1.57045105e+02 8.07546936e-05]
8.075469360351582e-05, 157.04510498046875, 0.07610176891312741, 0.28900922557381753

[2.08474274e+02 1.09389474e-04]
0.00010938947448730495, 208.47427368164062, 0.07610389954999894, 0.28869339970368707

[2.62228363e+02 1.35336551e-04]
0.00013533655090332064, 262.2283630371094, 0.0761053333288891, 0.28853250961451943

[3.53973099e+02 1.83431639e-04]
0.00018343163909912156, 353.9730987548828, 0.07610733099844418, 0.2883657189950482

[4.29954391e+02 2.27727663e-04]
0.00022772766265869202, 429.9543914794922, 0.07610878240086465, 0.2882790609154486

[5.78685097e+02 3.09044769e-04]
0.0003090447685241708, 578.6850967407227, 0.0761110738529132, 0.28818503268613543

[7.24183922e+02 3.83086933e-04]
0.0003830869331359874, 724.1839218139648, 0.07611306386716427, 0.2881305536886552

[9.82038746e+02 5.19935662e-04]
0.0005199356624603287, 982.038745880127, 0.07611696852850135, 0.2880597652323253

[1.20675074e+03 6.45548792e-04]
0.0006455487918853779, 1206.7507438659668, 0.07612103965645008, 0.2880095957792661

[1.63313957e+03 8.76607368e-04]
0.0008766073682785062, 1633.1395664215088, 0.07613001711643068, 0.28793273817214504

[2.03649322e+03 1.08749826e-03]
0.001087498262214664, 2036.493215560913, 0.07613997118304615, 0.28787144026313505

[2.76539727e+03 1.47672501e-03]
0.0014767250090599103, 2765.3972749710083, 0.07616267831480648, 0.28777040640080254

[3.41649810e+03 1.83339671e-03]
0.0018333967148780874, 3416.49809551239, 0.07618818760279507, 0.2876869985464256

[4.63372777e+03 2.49012724e-03]
0.002490127241086967, 4633.727770328522, 0.07624599939166515, 0.2875495497246841

[5.76598548e+03 3.09024488e-03]
0.0030902448818683707, 5765.985478878021, 0.07631004193423446, 0.2874379235546324

[7.83240844e+03 4.19706364e-03]
0.004197063638663304, 7832.4084351062775, 0.07645298910346637, 0.2872583002355662

[9.70073893e+03 5.21046587e-03]
0.005210465870690361, 9700.73893046379, 0.07660869370078392, 0.2871168015597188

[1.31684098e+04 7.07733630e-03]
0.007077336301505585, 13168.409758210182, 0.07694794150121441, 0.28689808877514483

[1.63670904e+04 8.78427270e-03]
0.00878427269908192, 16367.090422987938, 0.0773079170770762, 0.286733258478637

[2.22337717e+04 1.19313454e-02]
0.011931345428079396, 22233.771749317646, 0.07807003337829903, 0.28649026646428805

[2.75697731e+04 1.48116181e-02]
0.014811618090921679, 27569.77307242155, 0.07885442744074511, 0.2863165542750642

[3.74384554e+04 2.01188953e-02]
0.020118895317050866, 37438.45539107919, 0.08045328629774451, 0.28607669560763155

[4.65038174e+04 2.49729044e-02]
0.02497290444362468, 46503.81738218665, 0.08203323214502739, 0.28591912087763544

[6.31715212e+04 3.39206885e-02]
0.03392068851468422, 63171.521194174886, 0.08510810283675502, 0.2857279528557911

[7.83762048e+04 4.21082384e-02]
0.04210823840365569, 78376.20483593643, 0.08800262196305514, 0.2856288988955351

[1.06447421e+05 5.71966849e-02]
0.05719668489144385, 106447.42137924582, 0.09333474166977188, 0.2855684528097296

[1.32180487e+05 7.09984781e-02]
0.07099847808907721, 132180.48718234152, 0.09808345916301292, 0.28560688858772687

[1.75456387e+05 9.42744745e-02]
0.09427447446583684, 175456.38736741245, 0.10566993195965911, 0.28580377541342294

[9.12427377e+04 4.90091350e-02]
0.04900913500247238, 91242.73773748428, 0.09045163720053893, 0.28558495384517074

[6.55096719e+04 3.52073418e-02]
0.03520734180483902, 65509.67193438858, 0.08556013488879002, 0.2857083501036599

[1.15512783e+05 6.20506940e-02]
0.06205069401801766, 115512.78337035328, 0.09502328610268071, 0.2855735682675523

[1.30717467e+05 7.02382439e-02]
0.07023824390698913, 130717.46701211482, 0.09782634236986104, 0.2856029773384788

[1.01111420e+05 5.43164122e-02]
0.05431641222860156, 101111.42005614191, 0.09232481674361204, 0.28557039082172186

[9.20460581e+04 4.94624031e-02]
0.04946240310202775, 92046.05806503445, 0.0906121151108251, 0.28558310737158404

[1.09646102e+05 5.89036213e-02]
0.058903621289020186, 109646.10204402357, 0.09393057039828531, 0.2855691016143006

[1.14982103e+05 6.17838940e-02]
0.06178389395186247, 114982.10336712748, 0.09493095613194057, 0.2855730315764154

[1.04579091e+05 5.61832827e-02]
0.056183282659416786, 104579.0908838883, 0.09298002792820793, 0.28556868811916175

[1.01380410e+05 5.44763463e-02]
0.05447634626184045, 101380.41021911055, 0.0923810334866075, 0.2855701804753965

[1.07579679e+05 5.77968025e-02]
0.05779680253222525, 107579.67908779532, 0.09354446045975265, 0.28556853375223257

[1.09448010e+05 5.88102048e-02]
0.05881020476425232, 109448.00958315283, 0.09389801730414353, 0.28556903536281597

[1.05796321e+05 5.68400132e-02]
0.05684001318562567, 105796.32055870444, 0.093209978710914, 0.28556847907316407

[1.04664063e+05 5.62398955e-02]
0.05623989554484426, 104664.06285015494, 0.09299986194439082, 0.285568660405598

[1.06850775e+05 5.74075758e-02]
0.05740757578538, 106850.77502838522, 0.0934084693174634, 0.2855684623994541

[1.07501876e+05 5.77642475e-02]
0.05776424749119818, 107501.8758489266, 0.09353309017219037, 0.2855685240606813

[1.06222709e+05 5.70710718e-02]
0.057071071762018796, 106222.70938125998, 0.09329081250323758, 0.28556845426683153

[1.05819356e+05 5.68601809e-02]
0.056860180868082644, 105819.35573212057, 0.0932170355663985, 0.28556847820916825

[1.06592920e+05 5.72707271e-02]
0.05727072705605566, 106592.92020431906, 0.09336063046560508, 0.28556845084243815

[1.06817632e+05 5.73963402e-02]
0.05739634018548072, 106817.6322023049, 0.09340454216703441, 0.28556845981145773

[1.06371440e+05 5.71523889e-02]
0.05715238886788428, 106371.44008652121, 0.09331925174134996, 0.2855684515165734

[1.06516939e+05 5.72264310e-02]
0.0572264310324961, 106516.93891159445, 0.09334514292547542, 0.28556845142825305

[1.06738419e+05 5.73447692e-02]
0.05734476922066749, 106738.4190293923, 0.09338651526743266, 0.28556845824218197

[1.06463185e+05 5.72004840e-02]
0.05720048395608008, 106463.18482223898, 0.0933360702552822, 0.2855684511264259

[1.06539166e+05 5.72447800e-02]
0.05724477997963964, 106539.16611496359, 0.09335155854178936, 0.28556845305380496

[1.06522496e+05 5.72310183e-02]
0.05723101826928198, 106522.49571243674, 0.09334674686249578, 0.28556845141580495

[1.06533609e+05 5.72401927e-02]
0.05724019274285376, 106533.6093141213, 0.09334995459763551, 0.2855684508808709

[1.06663345e+05 5.73104358e-02]
0.05731043584282935, 106663.34469620138, 0.09337451292155863, 0.28556845441351364

[1.06513225e+05 5.72279719e-02]
0.05722797192776739, 106513.22479072958, 0.09334568155750653, 0.28556845182258606

[1.06563265e+05 5.72554599e-02]
0.057255459899454714, 106563.26475922018, 0.09335529267938344, 0.2855684535827757

[1.06528053e+05 5.72356055e-02]
0.05723560550606787, 106528.05251327902, 0.0933483507889994, 0.2855684520870578

[1.06557708e+05 5.72508727e-02]
0.05725087266266882, 106557.7079583779, 0.09335368885925634, 0.2855684523585155

[1.06559097e+05 5.72520195e-02]
0.0572520194718653, 106559.09715858847, 0.09335408970642689, 0.28556845349766025

[1.06560486e+05 5.72531663e-02]
0.057253166281061765, 106560.48635879904, 0.09335449061373807, 0.2855684513178099

[1.06578092e+05 5.72630935e-02]
0.057263093477755184, 106578.09248176962, 0.09335796160023335, 0.2855684548415657

[1.06575314e+05 5.72607999e-02]
0.05726079985936225, 106575.31408134848, 0.0933571597379709, 0.28556845394986474

[1.06576009e+05 5.72613733e-02]
0.05726137326396048, 106576.00868145376, 0.09335736004930549, 0.28556845220736027

[1.06577398e+05 5.72625201e-02]
0.05726252007315695, 106577.39788166434, 0.09335776113025739, 0.2855684518584729

[1.06577051e+05 5.72622334e-02]
0.05726223337085783, 106577.0505816117, 0.09335766083751681, 0.2855684531595678

[1.06576703e+05 5.72619467e-02]
0.057261946668558716, 106576.70328155905, 0.0933575606183201, 0.2855684503397136

[1.06584464e+05 5.72660502e-02]
0.057266050160008075, 106584.46444288641, 0.09335899520427668, 0.2855684521659243

[1.06585159e+05 5.72666236e-02]
0.057266623564606295, 106585.1590429917, 0.09335919588474917, 0.2855684534081623

[1.06584638e+05 5.72661935e-02]
0.05726619351115763, 106584.63809291273, 0.09335904533460611, 0.28556845299730643

[1.06584812e+05 5.72663369e-02]
0.057266336862307185, 106584.81174293905, 0.09335909555426262, 0.2855684554312967

[1.06580584e+05 5.72639984e-02]
0.057263998414283396, 106580.58386222273, 0.09335827791122794, 0.28556844974829043

[1.06572475e+05 5.72596082e-02]
0.05725960822053493, 106572.47540084273, 0.09335674307724202, 0.2855684512636477

[1.06575559e+05 5.72612904e-02]
0.057261290380978, 106575.55948636681, 0.0933573311671428, 0.28556845348925375

[1.06578644e+05 5.72629725e-02]
0.057262972541421056, 106578.64357189089, 0.09335791911246027, 0.2855684541184429

[1.06582698e+05 5.72651676e-02]
0.05726516763829529, 106582.6978025809, 0.09335868666666529, 0.28556845098183503

[1.06584638e+05 5.72661935e-02]
0.05726619351115762, 106584.63809291273, 0.09335904533460611, 0.28556845299730643

[1.06583139e+05 5.72653883e-02]
0.05726538826872348, 106583.13946265727, 0.09335876394696052, 0.2855684507983402

[1.06581026e+05 5.72642190e-02]
0.057264219044711594, 106581.02552229911, 0.09335835504004225, 0.28556845275583553

[1.06582280e+05 5.72649305e-02]
0.05726493048989936, 106582.27973251045, 0.09335860381503878, 0.28556844999834763

[1.06579724e+05 5.72635406e-02]
0.05726354063545928, 106579.7241320759, 0.09335811794618915, 0.28556845165916606

[1.06582286e+05 5.72649264e-02]
0.057264926360407434, 106582.28563001193, 0.09335860224049018, 0.2855684520931711

[1.06581432e+05 5.72644645e-02]
0.05726446445209138, 106581.43179736659, 0.0933584408197769, 0.28556845249946056

[1.06581862e+05 5.72646933e-02]
0.05726469334150344, 106581.86166244, 0.09335852086691049, 0.2855684512100164

[1.06581014e+05 5.72642273e-02]
0.05726422730369546, 106581.01372729614, 0.09335835809354345, 0.285568449924883

[1.06579736e+05 5.72635324e-02]
0.05726353237647541, 106579.73592707887, 0.09335811516299458, 0.28556844923764246

[1.06578673e+05 5.72629519e-02]
0.05726295189396141, 106578.67305939831, 0.09335791197928676, 0.28556845355462795

[1.06579306e+05 5.72633035e-02]
0.05726330348706335, 106579.30606200546, 0.09335803488557219, 0.2855684523411771

[1.06580587e+05 5.72639963e-02]
0.05726399634953743, 106580.58681097347, 0.0933582773184316, 0.28556845318381585

[1.06580160e+05 5.72637654e-02]
0.057263765395379404, 106580.1598946508, 0.0933581964030077, 0.285568450695047

[1.06580375e+05 5.72638798e-02]
0.057263879840085435, 106580.37482718751, 0.09335823652777663, 0.28556845170768824

[1.06579521e+05 5.72634179e-02]
0.05726341793176938, 106579.52099454217, 0.09335807512811013, 0.28556845184396906

[1.06580161e+05 5.72637644e-02]
0.057263764363006425, 106580.16136902617, 0.09335819604364701, 0.285568451317546

[1.06579734e+05 5.72635334e-02]
0.05726353340884839, 106579.7344527035, 0.09335811519089487, 0.2855684526145768

[1.06580055e+05 5.72637066e-02]
0.05726370662446692, 106580.0546399455, 0.09335817584890187, 0.28556845352722954

[1.06579948e+05 5.72636489e-02]
0.05726364888592741, 106579.94791086484, 0.0933581558496209, 0.28556845056192715

[1.06579949e+05 5.72636484e-02]
0.05726364836974092, 106579.94864805252, 0.09335815568810302, 0.2855684522530667

[1.06579735e+05 5.72635329e-02]
0.05726353289266191, 106579.73518989119, 0.0933581151180445, 0.2855684524206367

[1.06579895e+05 5.72636195e-02]
0.057263619500471166, 106579.89528351219, 0.0933581455797116, 0.2855684522634288

[1.06579842e+05 5.72635906e-02]
0.057263590631201414, 106579.84191897186, 0.09335813544217741, 0.2855684529031375

[1.06579842e+05 5.72635904e-02]
0.057263590373108166, 106579.8422875657, 0.09335813513075553, 0.285568452043027

[1.06579736e+05 5.72635321e-02]
0.05726353211838216, 106579.73629567272, 0.09335811501100909, 0.285568452582779

[1.06579763e+05 5.72635467e-02]
0.05726354674658698, 106579.7627014975, 0.09335812008041959, 0.285568453024056

[1.06579789e+05 5.72635614e-02]
0.057263561374791785, 106579.78910732229, 0.09335812506234982, 0.28556844988352315

[1.06579789e+05 5.72635615e-02]
0.05726356150383841, 106579.78892302536, 0.09335812497558409, 0.28556845158564426

[1.06579736e+05 5.72635322e-02]
0.057263532247428785, 106579.7361113758, 0.09335811492973148, 0.28556845304180845

[1.06579776e+05 5.72635542e-02]
0.057263554189736006, 106579.77572011297, 0.09335812260319801, 0.28556845486441185

[1.06579763e+05 5.72635469e-02]
0.0572635468756336, 106579.76251720058, 0.09335812000599689, 0.28556845347095156

[1.06579762e+05 5.72635469e-02]
0.05726354694015691, 106579.76242505212, 0.09335811993460315, 0.2855684535565687

[1.06579736e+05 5.72635323e-02]
0.057263532311952095, 106579.73601922733, 0.09335811492890801, 0.2855684529856689

[1.06579709e+05 5.72635178e-02]
0.05726351781279391, 106579.70942910563, 0.09335810997976479, 0.2855684520798441

[1.06579709e+05 5.72635179e-02]
0.05726351787731722, 106579.70933695717, 0.09335810987934862, 0.2855684498485881

[1.06579736e+05 5.72635324e-02]
0.05726353244099872, 106579.73583493041, 0.09335811495450429, 0.285568451625203

[1.06579729e+05 5.72635288e-02]
0.057263528783947526, 106579.72923347421, 0.09335811368873481, 0.2855684530387953

[1.06579723e+05 5.72635251e-02]
0.057263525126896316, 106579.72263201802, 0.09335811249699906, 0.28556845327141495

[1.06579723e+05 5.72635251e-02]
0.05726352509463466, 106579.72267809225, 0.0933581124438573, 0.2855684537786395

[1.06579736e+05 5.72635324e-02]
0.057263532408737064, 106579.73588100466, 0.09335811494153975, 0.28556845213201854

[1.06579749e+05 5.72635397e-02]
0.05726353965831616, 106579.74917606551, 0.09335811749320337, 0.2855684528833084

[1.06579743e+05 5.72635360e-02]
0.057263536025461206, 106579.74254005362, 0.09335811637057718, 0.28556845157445626

[1.06579743e+05 5.72635360e-02]
0.057263535993199555, 106579.74258612783, 0.09335811634495603, 0.2855684546991937

[1.06579738e+05 5.72635333e-02]
0.05726353330485269, 106579.73755728545, 0.0933581153123957, 0.28556845220967086

[1.06579739e+05 5.72635342e-02]
0.05726353420096831, 106579.73923356624, 0.09335811567577505, 0.2855684528752646

[1.06579736e+05 5.72635324e-02]
0.05726353239260624, 106579.73590404177, 0.09335811500621265, 0.2855684531082381

[1.06579739e+05 5.72635342e-02]
0.05726353418483748, 106579.73925660335, 0.09335811562354583, 0.2855684532204087

[1.06579737e+05 5.72635328e-02]
0.057263532840664044, 106579.73674218217, 0.09335811503127117, 0.2855684535037902

[1.06579738e+05 5.72635333e-02]
0.05726353328872186, 106579.73758032256, 0.09335811519000345, 0.2855684525132496

[1.06579736e+05 5.72635324e-02]
0.05726353238454082, 106579.73591556032, 0.09335811490938649, 0.2855684546108847

[1.06579738e+05 5.72635333e-02]
0.05726353328065645, 106579.7375918411, 0.09335811527176296, 0.28556845356261135

[1.06579737e+05 5.72635331e-02]
0.05726353305662754, 106579.7371727709, 0.09335811499942111, 0.2855684533884726

[1.06579736e+05 5.72635326e-02]
0.05726353260856973, 106579.73633463052, 0.09335811495125323, 0.28556845186530133

[1.06579735e+05 5.72635317e-02]
0.05726353169632328, 106579.73468138684, 0.09335811476180578, 0.2855684503772643

[1.06579734e+05 5.72635315e-02]
0.05726353146422897, 106579.7342738352, 0.09335811468458452, 0.28556845425899474

[1.06579736e+05 5.72635323e-02]
0.05726353232248454, 106579.73581943169, 0.09335811482749048, 0.28556845123894486

[1.06579735e+05 5.72635318e-02]
0.05726353175031416, 106579.73478903403, 0.09335811471742549, 0.2855684526019788

[1.06579736e+05 5.72635322e-02]
0.05726353217944194, 106579.73556183228, 0.0933581150666801, 0.28556845284992655

[1.06579735e+05 5.72635320e-02]
0.05726353203639935, 106579.73530423286, 0.09335811485257509, 0.28556845264788805

[1.06579736e+05 5.72635323e-02]
0.05726353234947998, 106579.73587325528, 0.093358115026208, 0.2855684520437765


------------------------------------------------------------
Sender: LSF System <lsfadmin@n-62-21-21>
Subject: Job 1735669: <minimize_batch_job_this_is_on_purpose_to_utilize_more_kernel> in cluster <dcc> Done

Job <minimize_batch_job_this_is_on_purpose_to_utilize_more_kernel> was submitted from host <gbarlogin2> by user <s174007> in cluster <dcc> at Sun Jan 13 21:42:34 2019
Job was executed on host(s) <n-62-21-21>, in queue <hpc>, as user <s174007> in cluster <dcc> at Sun Jan 13 21:42:35 2019
</zhome/b0/b/127184> was used as the home directory.
</zhome/b0/b/127184/Documents/Projects/machine-learning-on-materials> was used as the working directory.
Started at Sun Jan 13 21:42:35 2019
Terminated at Mon Jan 14 01:49:40 2019
Results reported at Mon Jan 14 01:49:40 2019

Your job looked like:

------------------------------------------------------------
# LSBATCH: User input
#!/bin/bash
##Kør på cpu
#BSUB -q hpc
##Navn på job
#BSUB -J minimize_batch_job_this_is_on_purpose_to_utilize_more_kernel
##Output fil
#BSUB -o output/minimize/linear_SimpleLarge_compare_batchjobs-%J.out
##Antal kerner
#BSUB -n 1
##Om kernerne må være på forskellige computere
#BSUB -R "span[hosts=1]"
##Ram pr kerne
#BSUB -R "rusage[mem=10GB]"
##Hvor lang tid må den køre hh:mm
#BSUB -W 45:00
##Email når jobbet starter
##og stopper
module purge
module load python3
python3 KRR/minimizer.py linear 1e-06 SimpleLarge compare [10]
------------------------------------------------------------

Successfully completed.

Resource usage summary:

    CPU time :                                   14822.42 sec.
    Max Memory :                                 5158 MB
    Average Memory :                             4876.37 MB
    Total Requested Memory :                     10240.00 MB
    Delta Memory :                               5082.00 MB
    Max Swap :                                   -
    Max Processes :                              4
    Max Threads :                                5
    Run time :                                   14825 sec.
    Turnaround time :                            14826 sec.

The output (if any) is above this job summary.

