Unloaded module: latex/TeXLive12
Loaded module: python3/3.6.2
[5]
[5.0]
[5.   0.01]
0.01, 5.0, 0.07696798166798774, 0.28139844618169974

[5.25 0.01]
0.01, 5.25, 0.07696798299582214, 0.28139841795573584

[5.     0.0105]
0.0105, 5.0, 0.07704354877670044, 0.281373793465671

[5.25   0.0105]
0.0105, 5.25, 0.0770435502145746, 0.28137376494461014

[5.375   0.01075]
0.01075, 5.375, 0.07708219794672642, 0.28136165252365475

[5.125   0.01125]
0.011249999999999998, 5.125, 0.07716116583021446, 0.2813379243364888

[5.0625   0.011875]
0.011875, 5.0625, 0.07726291618186679, 0.28130904294857656

[5.4375   0.012125]
0.012124999999999999, 5.4375, 0.07730453397077898, 0.281297688718558

[5.65625   0.0129375]
0.012937499999999994, 5.65625, 0.0774432542138398, 0.2812618290901073

[5.34375   0.0140625]
0.014062499999999995, 5.34375, 0.07764364646184782, 0.2812144823627381

[5.328125   0.01571875]
0.015718749999999997, 5.328125, 0.07795485709036809, 0.2811491482648025

[5.921875   0.01678125]
0.01678124999999999, 5.921875, 0.07816379950841454, 0.2811097478416078

[6.3515625  0.01923437]
0.019234374999999984, 6.3515625, 0.07867088430677954, 0.28102589847723364

[6.0234375  0.02201562]
0.022015624999999987, 6.0234375, 0.07928200358431109, 0.28094156549397975

[6.20703125 0.02655469]
0.026554687499999986, 6.20703125, 0.08034597352875504, 0.2808247498939013

[7.23046875 0.03007031]
0.030070312499999974, 7.23046875, 0.08121460174801544, 0.28074941707399753

[8.18164062 0.03724609]
0.03724609374999996, 8.181640625, 0.08307285105988751, 0.2806296174278872

[8.03710938 0.04456641]
0.044566406249999954, 8.037109375, 0.0850446561813209, 0.2805455084061398

[8.87988281 0.05723242]
0.05723242187499994, 8.8798828125, 0.08853801394331053, 0.2804688272788952

[10.85449219  0.06792383]
0.06792382812499992, 10.8544921875, 0.09149900895982178, 0.2804559096188375

[13.17822266  0.0886084 ]
0.08860839843749989, 13.17822265625, 0.09712364445260094, 0.2805279737503895

[11.55273438  0.08791016]
0.0879101562499999, 11.552734375, 0.09693713008589716, 0.28052392372776486

[10.70996094  0.07524414]
0.07524414062499991, 10.7099609375, 0.09351069560225062, 0.28046863173390535

[12.68457031  0.08593555]
0.08593554687499988, 12.6845703125, 0.09640830122523363, 0.28051277409014597

[9.83105469 0.0644082 ]
0.06440820312499992, 9.8310546875, 0.09052721210157764, 0.2804557345975489

[9.97558594 0.05708789]
0.05708789062499993, 9.9755859375, 0.08849794696476512, 0.28046922353090536

[10.52636719  0.07070508]
0.07070507812499992, 10.5263671875, 0.09226546683513036, 0.28045889745661573

[10.15917969  0.06162695]
0.061626953124999925, 10.1591796875, 0.08975675881828245, 0.2804585103946759

[10.25097656  0.06389648]
0.06389648437499992, 10.2509765625, 0.09038555252857801, 0.28045602077824805

[10.43457031  0.06843555]
0.06843554687499992, 10.4345703125, 0.09164019541701537, 0.2804562991832043

[10.296875    0.06503125]
0.06503124999999993, 10.296875, 0.09069963945101112, 0.28045544983963117

[9.2734375  0.06151562]
0.061515624999999935, 9.2734375, 0.08972588403454607, 0.28045873392149484

[10.45922852  0.06632178]
0.06632177734374992, 10.459228515625, 0.0910565227721616, 0.28045532146936064

[10.92504883  0.06694482]
0.06694482421874992, 10.925048828125, 0.0912286893489883, 0.28045543556686997

[11.08740234  0.06823535]
0.06823535156249991, 11.08740234375, 0.0915849755496343, 0.2804561114730984

[10.49450684  0.06583228]
0.06583227539062492, 10.4945068359375, 0.09092120000127356, 0.280455299770701

[10.02868652  0.06520923]
0.06520922851562491, 10.0286865234375, 0.09074887471318498, 0.2804554157783834

[10.2527771   0.06564313]
0.06564312744140616, 10.252777099609375, 0.09086889200858633, 0.2804553267210226

[10.70095825  0.06651093]
0.06651092529296868, 10.700958251953125, 0.09110880134179004, 0.2804553372375403

[10.36482239  0.06586008]
0.0658600769042968, 10.364822387695312, 0.0909288853821393, 0.2804553058892192

[10.40010071  0.06537057]
0.0653705749511718, 10.400100708007812, 0.0907935122952525, 0.2804553589733758

[10.44444656  0.06608398]
0.06608397674560539, 10.444446563720703, 0.09099078920978994, 0.28045530280988334

[10.57413101  0.06605618]
0.06605617523193352, 10.57413101196289, 0.09098310520960992, 0.2804552947315101

[10.67878532  0.06615422]
0.06615422439575189, 10.67878532409668, 0.0910102118098912, 0.2804552940632674

[10.7288456   0.06590252]
0.06590252304077142, 10.728845596313477, 0.09094062656472197, 0.2804552853297284

[10.87104511  0.0658118 ]
0.06581179618835445, 10.871045112609863, 0.09091554238289237, 0.2804552809831701

[11.0553236   0.06613375]
0.06613374519348142, 11.055323600769043, 0.09100455553075232, 0.2804552737151575

[11.33573198  0.06628448]
0.06628448009490967, 11.335731983184814, 0.0910462252475683, 0.2804552729355195

[11.52799177  0.06594205]
0.06594205188751223, 11.527991771697998, 0.09095156566475904, 0.2804552463336108

[11.952595    0.06583597]
0.06583596563339239, 11.952594995498657, 0.09092223819349304, 0.2804552302858088

[12.41728187  0.06630865]
0.06630864953994761, 12.417281866073608, 0.09105291754104683, 0.28045522964651065

[13.19040024  0.06655708]
0.0665570762157442, 13.190400242805481, 0.09112158215364567, 0.2804552402159154

[13.03414488  0.06586014]
0.06586013507843033, 13.034144878387451, 0.09092893176423611, 0.2804551880050635

[13.88335133  0.06564796]
0.06564796257019068, 13.88335132598877, 0.09087026816051917, 0.2804551743094033

[14.3480382   0.06612065]
0.0661206464767459, 14.34803819656372, 0.09100096645602217, 0.2804551488735761

[15.5457598   0.06626299]
0.06626298689842264, 15.545759797096252, 0.09104032121507831, 0.2804551277019309

[17.01182926  0.0656023 ]
0.0656022999286657, 17.011829257011414, 0.09085766030349328, 0.2804551004761659

[19.30910295  0.06524913]
0.06524912512302475, 19.309102952480316, 0.09075998448999471, 0.2804551216006813

[18.67423773  0.06621732]
0.06621732425689766, 18.674237728118896, 0.09102771601464947, 0.28045505899856044

[21.06968093  0.06650201]
0.06650200510025117, 21.06968092918396, 0.09110640730916243, 0.2804550598776399

[20.14030719  0.06555664]
0.06555663728714073, 20.140307188034058, 0.09084504568583439, 0.28045505188702524

[22.43758088  0.06520346]
0.06520346248149977, 22.43758088350296, 0.09074736348979662, 0.2804550899067846

[21.80271566  0.06617166]
0.06617166161537269, 21.80271565914154, 0.09101510555238308, 0.28045500952284097

[24.19815886  0.06645634]
0.06645634245872617, 24.198158860206604, 0.09109379754439828, 0.28045501533175454

[23.26878512  0.06551097]
0.06551097464561575, 23.2687851190567, 0.0908324268541445, 0.2804550186400587

[24.93119359  0.066126  ]
0.06612599897384772, 24.931193590164185, 0.0910024916289663, 0.28045497229357724

[27.32663679  0.06641068]
0.06641067981720122, 27.326636791229248, 0.09108118510452354, 0.2804549799108012

[23.46512413  0.06678669]
0.06678668594360465, 23.465124130249023, 0.09118507738084149, 0.28045509451345946

[23.31786987  0.0658299 ]
0.06582990247011297, 23.317869871854782, 0.09092062420743044, 0.2804549873084808

[26.4463478   0.06578424]
0.065784239828588, 26.446347802877426, 0.09090800567259558, 0.2804549593980588

[28.76816387  0.06559053]
0.06559052893519565, 28.76816387474537, 0.09085444165886473, 0.2804549588844909

[30.38148759  0.06588663]
0.0658866254389304, 30.38148759305477, 0.09093632349481284, 0.2804549258720183

[33.91329645  0.06591499]
0.06591498692333911, 33.913296453654766, 0.09094417048604218, 0.2804549048280571

[37.75026674  0.06537952]
0.06537951688468704, 37.75026673823595, 0.09079609190155252, 0.2804549432117483

[42.89539932  0.06570397]
0.0657039748728305, 42.89539931714535, 0.09088583245471113, 0.2804548788040406

[49.95901704  0.0657607 ]
0.06576069784164792, 49.95901703834534, 0.09090152309542458, 0.2804548547945429

[46.12204675  0.06629617]
0.06629616788029999, 46.12204675376415, 0.09104955836056769, 0.2804548759273875

[62.16776734  0.06614188]
0.0661418787986088, 62.16776733845472, 0.0910069184168376, 0.2804548295509359

[7.62950028e+01 6.62553247e-02]
0.06625532473624365, 76.2950027808547, 0.09103828226319015, 0.28045482043502695

[8.01319731e+01 6.57198547e-02]
0.06571985469759159, 80.13197306543589, 0.0908902403631594, 0.2804548129206891

[9.71369362e+01 6.54316981e-02]
0.06543169810623739, 97.13693622127175, 0.09081054995670457, 0.2804548372386425

[1.06467959e+02 6.62144816e-02]
0.06621448159218732, 106.46795880794525, 0.09102699827587914, 0.28045479459907946

[1.34722430e+02 6.64413735e-02]
0.06644137346745702, 134.7224296927452, 0.09108971300831391, 0.28045480976343234

[1.10304929e+02 6.56790116e-02]
0.06567901155353525, 110.30492909252644, 0.09087895094087121, 0.2804547961909521

[1.36640915e+02 6.61736384e-02]
0.06617363844813098, 136.6409148350358, 0.09101571136982149, 0.28045477913162326

[1.64895386e+02 6.64005303e-02]
0.06640053032340068, 164.89538571983576, 0.09107842717393784, 0.280454795526435

[1.32803945e+02 6.67091085e-02]
0.06670910848678305, 132.80394455045462, 0.09116369762309584, 0.2804548638407421

[1.15929683e+02 6.59365358e-02]
0.0659365357868472, 115.92968295700848, 0.09095016049513914, 0.2804547800335279

[1.46102639e+02 6.58956926e-02]
0.06589569264279085, 146.10263898409903, 0.09093887054126475, 0.28045477008736414

[1.65919979e+02 6.57362982e-02]
0.06573629816809262, 165.91997907217592, 0.09089479737659265, 0.28045477317008616

[1.66813871e+02 6.61327953e-02]
0.06613279530407463, 166.81387086212635, 0.09100442292032762, 0.28045476871083824

[1.92255965e+02 6.62309251e-02]
0.06623092506268835, 192.25596481468529, 0.09103155002672238, 0.2804547709136151

[1.76275595e+02 6.58548495e-02]
0.06585484949873452, 176.27559501118958, 0.09092757927485177, 0.2804547643347397

[1.96092935e+02 6.56954550e-02]
0.06569545502403629, 196.09293509926647, 0.09088350429098298, 0.28045477104264066

[1.96986827e+02 6.60919522e-02]
0.06609195216001831, 196.9868268892169, 0.09099313346168626, 0.2804547612626335

[2.22428921e+02 6.61900819e-02]
0.06619008191863204, 222.42892084177583, 0.09102026116538937, 0.28045476341516773

[2.06448551e+02 6.58140064e-02]
0.0658140063546782, 206.44855103828013, 0.09091628710979656, 0.280454761182087

[2.26265891e+02 6.56546119e-02]
0.06565461187997998, 226.26589112635702, 0.09087221045951847, 0.2804547709458762

[2.27159783e+02 6.60511090e-02]
0.06605110901596198, 227.15978291630745, 0.09098184324447106, 0.28045475582733276

[2.52601877e+02 6.61492388e-02]
0.06614923877457571, 252.60187686886638, 0.09100897165773515, 0.28045475747765286

[2.36621507e+02 6.57731632e-02]
0.06577316321062185, 236.62150706537068, 0.09090499424919621, 0.2804547598436383

[2.57332739e+02 6.60102659e-02]
0.06601026587190563, 257.332738943398, 0.09097055240322192, 0.280454751890201

[2.82774833e+02 6.61083956e-02]
0.06610839563051935, 282.77483289595693, 0.0909976815889264, 0.2804547527848611

[2.47871015e+02 6.62882117e-02]
0.06628821167724577, 247.87101479433477, 0.09104738646041374, 0.280454769441172

[2.39433884e+02 6.59019253e-02]
0.06590192532727783, 239.4338839976117, 0.09094059793165632, 0.2804547540231019

[2.69606840e+02 6.58610822e-02]
0.06586108218322148, 269.60684002470225, 0.09092930563976816, 0.28045475239781037

[2.87505695e+02 6.59694227e-02]
0.0659694227278493, 287.50569497048855, 0.09095926101643415, 0.280454749155783

[3.11541600e+02 6.60031714e-02]
0.06600317142813503, 311.541600456927, 0.09096859204981485, 0.2804547477566079

[2.99267499e+02 6.61523551e-02]
0.06615235511681919, 299.2674993756227, 0.09100983407692997, 0.28045475398086184

[2.77022005e+02 6.59339004e-02]
0.06593390041662091, 277.02200486243237, 0.09094943955926633, 0.2804547501222688

[3.31230866e+02 6.59268060e-02]
0.06592680597285032, 331.23086637596134, 0.09094747895075982, 0.28045474668286774

[3.6817993e+02 6.5885076e-02]
0.06588507602332266, 368.179930092243, 0.09093594143504098, 0.2804547457175677

[4.02699526e+02 6.59543470e-02]
0.06595434703483678, 402.6995256867376, 0.09095509443204094, 0.2804547432340978

[4.65538286e+02 6.59645703e-02]
0.06596457034394473, 465.53828609889024, 0.09095792148286329, 0.2804547412077794

[5.22176616e+02 6.58464749e-02]
0.06584647493913237, 522.1766157342063, 0.09092526944239403, 0.28045474224328654

[6.19534972e+02 6.59259693e-02]
0.06592596925975444, 619.5349717408535, 0.09094724976836435, 0.28045473830676254

[7.45212493e+02 6.59464159e-02]
0.06594641587797034, 745.2124925651588, 0.09095290336560743, 0.2804547364645445

[6.88574163e+02 6.60645113e-02]
0.0660645112827827, 688.5741629298427, 0.09098555293698556, 0.28045473861080866

[9.68248369e+02 6.60463568e-02]
0.06604635681680832, 968.2483693961112, 0.09098053463776758, 0.2804547355636957

[1.21960341e+03 6.60872501e-02]
0.06608725005324012, 1219.6034110447217, 0.09099184011439848, 0.28045473563078455

[1.02488670e+03 6.59282614e-02]
0.06592826141199595, 1024.8866990314273, 0.09094788449776971, 0.2804547344782475

[1.19304297e+03 6.58601365e-02]
0.06586013647660258, 1193.0429670822195, 0.0909290485536283, 0.28045473526576786

[1.24792258e+03 6.60282024e-02]
0.06602820235083393, 1247.9225758623797, 0.0909755159745884, 0.28045473377541164

[1.49927762e+03 6.60690956e-02]
0.0660690955872657, 1499.2776175109902, 0.09098682149850505, 0.2804547340426972

[1.30456091e+03 6.59101069e-02]
0.06591010694602156, 1304.5609054976958, 0.09094286531578301, 0.28045473350332534

[1.47271717e+03 6.58419820e-02]
0.06584198201062819, 1472.717173548488, 0.09092402901751936, 0.28045473503824125

[1.52759678e+03 6.60100479e-02]
0.06601004788485954, 1527.5967823286483, 0.09097049710374179, 0.28045473258204545

[1.77895182e+03 6.60509411e-02]
0.06605094112129134, 1778.9518239772588, 0.09098180273373858, 0.28045473288900824

[1.58423511e+03 6.58919525e-02]
0.06589195248004717, 1584.2351119639643, 0.09093784594373111, 0.28045473308579427

[1.80727099e+03 6.59918934e-02]
0.06599189341888514, 1807.2709887949168, 0.09096547809159715, 0.28045473173939456

[2.05862603e+03 6.60327867e-02]
0.06603278665531692, 2058.6260304435273, 0.090976783853276, 0.28045473199639676

[1.75063266e+03 6.61099888e-02]
0.06610998882369751, 1750.6326591596007, 0.09099812658376429, 0.2804547351517055

[1.62583450e+03 6.59464616e-02]
0.06594646156595976, 1625.8344987628734, 0.09095291711626506, 0.28045473214124983

[1.90550871e+03 6.59283071e-02]
0.06592830709998537, 1905.508705229142, 0.09094789782382885, 0.2804547317561348

[2.0869452e+03 6.5973739e-02]
0.06597373895291075, 2086.9451952611853, 0.090960458958466, 0.28045473126173526

[2.31750054e+03 6.59873776e-02]
0.06598737764638624, 2317.5005435103412, 0.09096422978454519, 0.28045473106055185

[2.21926283e+03 6.60509640e-02]
0.06605096396528601, 2219.262827076116, 0.09098180922256344, 0.28045473221447453

[1.98394724e+03 6.59589713e-02]
0.06595897131631054, 1983.9472356908855, 0.09095637599698504, 0.2804547314113992

[2.49417679e+03 6.59544555e-02]
0.06595445554381163, 2494.17679040631, 0.09095512762982516, 0.2804547308156204

[2.83762969e+03 6.59357366e-02]
0.06593573660627489, 2837.629691212007, 0.09094995223580653, 0.28045473061615056

[3.17118300e+03 6.59641429e-02]
0.06596414293635058, 3171.1829990314627, 0.0909578061314993, 0.2804547303124316

[3.76480088e+03 6.59667287e-02]
0.0659667287463706, 3764.8008807017513, 0.09095852112652204, 0.2804547300573462

[4.28493003e+03 6.59150877e-02]
0.06591508770625926, 4284.930028403417, 0.09094424326319545, 0.2804547301321666

[5.21210122e+03 6.59460798e-02]
0.06594607984635498, 5212.101217893161, 0.09095281222424587, 0.280454729593605

[6.39933698e+03 6.59512515e-02]
0.06595125146639502, 6399.336981233739, 0.09095424214661842, 0.28045472950001993

[5.87920783e+03 6.60028925e-02]
0.06600289250650637, 5879.207833532074, 0.09096851960653844, 0.2804547295936179

[8.51374393e+03 6.59874152e-02]
0.06598741522653079, 8513.743934064063, 0.09096424066718581, 0.280454729337768

[1.08882155e+04 6.59977585e-02]
0.06599775846661088, 10888.215460745216, 0.09096710032042812, 0.28045472940079047

[9.03387308e+03 6.59357742e-02]
0.06593577418641944, 9033.873081765727, 0.09094996300930927, 0.28045472945102484

[1.11482800e+04 6.59719379e-02]
0.0659719379465552, 11148.280034596051, 0.09095996162524422, 0.2804547288524376

[1.35227516e+04 6.59822812e-02]
0.0659822811866353, 13522.751561277208, 0.09096282128991036, 0.2804547288836253

[1.06281509e+04 6.60235790e-02]
0.06602357898666655, 10628.150886894386, 0.09097423886039625, 0.28045472951139944

[9.43244253e+03 6.59577254e-02]
0.06595772538648122, 9432.442533047892, 0.09095603212419617, 0.28045472892087703

[1.20669786e+04 6.59422481e-02]
0.06594224810650562, 12066.978633579878, 0.09095175299649036, 0.2804547287573089

[1.38435960e+04 6.59196645e-02]
0.06591966454649303, 13843.595983337786, 0.09094550896953199, 0.2804547291898572

[1.37828161e+04 6.59564607e-02]
0.0659564606665796, 13782.816135128036, 0.09095568250955706, 0.2804547287975197

[1.47015147e+04 6.59267708e-02]
0.06592677082653003, 14701.514734111863, 0.09094747375860746, 0.2804547290442003

[1.20365887e+04 6.59606462e-02]
0.06596064616654891, 12036.588709475003, 0.09095683971722349, 0.2804547290766363

[1.29248974e+04 6.59493544e-02]
0.06594935438654262, 12924.897384353957, 0.09095371775378482, 0.28045472883857453

[1.16076293e+04 6.59570930e-02]
0.06595709302653041, 11607.629334087964, 0.09095585731448255, 0.28045472889337947

[1.33842467e+04 6.59345095e-02]
0.06593450946651783, 13384.246683845871, 0.09094961339006638, 0.2804547289129834

[1.20517837e+04 6.59514471e-02]
0.06595144713652726, 12051.78367152744, 0.09095429634991105, 0.28045472889738043

[1.24959380e+04 6.59458012e-02]
0.06594580124652412, 12495.938008966918, 0.09095273536744246, 0.28045472894449197

[1.18373040e+04 6.59496706e-02]
0.06594967056651801, 11837.303983833921, 0.09095380516479598, 0.28045472895402207

[1.27256127e+04 6.59383788e-02]
0.06593837878651171, 12725.612658712875, 0.09095068320082472, 0.280454729025704

[1.20593812e+04 6.59468476e-02]
0.06594684762151644, 12059.381152553658, 0.09095302466768802, 0.28045472909895586

[1.22814583e+04 6.59440247e-02]
0.06594402467651486, 12281.458321273398, 0.09095224418073562, 0.28045472877395294

[1.19521413e+04 6.59459593e-02]
0.06594595933651182, 11952.1413087069, 0.09095277905466313, 0.2804547291981322

[1.23962956e+04 6.59403134e-02]
0.06594031344650866, 12396.295646146378, 0.09095121807927152, 0.28045472922911796

[1.20631799e+04 6.59445479e-02]
0.06594454786401102, 12063.179893066768, 0.09095238882761983, 0.2804547288771386

[1.22852571e+04 6.59417249e-02]
0.06594172491900946, 12285.25706178651, 0.09095160833415841, 0.280454729169186

[1.21186992e+04 6.59438421e-02]
0.06594384212776064, 12118.699185246704, 0.09095219369543739, 0.28045472895179524

[1.21742185e+04 6.59431364e-02]
0.06594313639151024, 12174.218477426639, 0.09095199858170025, 0.28045472910188896

[1.20650793e+04 6.59433980e-02]
0.06594339798525832, 12065.079263323323, 0.09095207090196883, 0.2804547289329963

[1.19578394e+04 6.59425097e-02]
0.06594250970025371, 11957.83941947656, 0.09095182529608846, 0.28045472925708836

[1.21201237e+04 6.59429797e-02]
0.06594297971869612, 12120.12371293912, 0.09095195524542982, 0.2804547289534576

[1.20119342e+04 6.59426664e-02]
0.06594266637306784, 12011.93418396408, 0.09095186862290704, 0.28045472915764186

[1.20930763e+04 6.59429014e-02]
0.06594290138228905, 12093.07633069536, 0.09095193359764718, 0.2804547290270521

[1.20660289e+04 6.59428230e-02]
0.06594282304588198, 12066.0289484516, 0.09095191193966813, 0.28045472868290194

[1.20935512e+04 6.59426139e-02]
0.06594261391260087, 12093.551173259499, 0.0909518541268247, 0.2804547289148216

[1.20394564e+04 6.59424572e-02]
0.06594245723978673, 12039.45640877198, 0.09095181081193104, 0.28045472887441075

[1.20529801e+04 6.59424964e-02]
0.06594249640799027, 12052.980099893859, 0.0909518216357663, 0.2804547290394538

[1.20665038e+04 6.59425356e-02]
0.0659425355761938, 12066.503791015739, 0.0909518324577081, 0.28045472903860047

[1.20797901e+04 6.59427185e-02]
0.06594271847924142, 12079.79006085555, 0.09095188302730174, 0.280454729203638

[1.20527427e+04 6.59426401e-02]
0.06594264014283437, 12052.742678611787, 0.0909518613589249, 0.2804547289591873

[1.20522678e+04 6.59429276e-02]
0.06594292761252256, 12052.267836047648, 0.09095194086071566, 0.2804547290343544

[1.20558268e+04 6.59428296e-02]
0.06594282960344036, 12055.82682478967, 0.09095191376075341, 0.2804547291319523

[1.20593858e+04 6.59427316e-02]
0.06594273159435818, 12059.385813531693, 0.09095188666859605, 0.2804547291388498

[1.20662664e+04 6.59426793e-02]
0.0659426793110379, 12066.266369733668, 0.09095187220569245, 0.2804547289619057

[1.20729095e+04 6.59427708e-02]
0.06594277076256169, 12072.909504653575, 0.09095189749322428, 0.2804547290278265

[1.20695286e+04 6.59427610e-02]
0.06594276097051081, 12069.528581873106, 0.09095189479282795, 0.2804547290114421

[1.20627667e+04 6.59427414e-02]
0.06594274138640906, 12062.766736312162, 0.09095188936478625, 0.2804547290938241

[1.20678381e+04 6.59427561e-02]
0.06594275607448538, 12067.83812048287, 0.09095189342536983, 0.28045472890895784

[1.20676007e+04 6.59428998e-02]
0.06594289980932946, 12067.6006992008, 0.090951933151504, 0.2804547288133712

[1.20657915e+04 6.59429668e-02]
0.06594296678072606, 12065.791527169531, 0.09095195167637195, 0.28045472914080166

[1.20673265e+04 6.59428088e-02]
0.06594280875104555, 12067.326472154535, 0.09095190798760619, 0.280454728884333

[1.20663032e+04 6.59429141e-02]
0.06594291410416589, 12066.303175497866, 0.09095193712951212, 0.28045472902205204

[1.20670706e+04 6.59428351e-02]
0.06594283508932564, 12067.070647990367, 0.09095191527233612, 0.28045472903861945

[1.20668148e+04 6.59428614e-02]
0.06594286142760572, 12066.8148238262, 0.09095192254957002, 0.2804547289124599

[1.20666777e+04 6.59428159e-02]
0.06594281589846376, 12066.677710303067, 0.0909519099544208, 0.2804547289244455

[1.20661661e+04 6.59428686e-02]
0.06594286857502393, 12066.166061974733, 0.09095192452847714, 0.2804547292054822

[1.20665498e+04 6.59428291e-02]
0.0659428290676038, 12066.549798220984, 0.0909519135935846, 0.2804547290698995

[1.20664219e+04 6.59428422e-02]
0.06594284223674385, 12066.4218861389, 0.09095191724745362, 0.2804547291071568

[1.20663533e+04 6.59428195e-02]
0.06594281947217287, 12066.353329377333, 0.09095191094609648, 0.28045472895931634

[1.20659604e+04 6.59428003e-02]
0.065942800281311, 12065.960391690032, 0.09095190564216189, 0.28045472922258147

[1.20663065e+04 6.59428317e-02]
0.06594283174788564, 12066.306512526684, 0.0909519143603038, 0.2804547290415939

[1.20660758e+04 6.59428108e-02]
0.06594281077016921, 12066.075765302248, 0.09095190855502706, 0.2804547289023152

[1.20657514e+04 6.59428143e-02]
0.0659428143438783, 12065.751384376515, 0.09095190953135551, 0.28045472883726913

[1.20657046e+04 6.59428266e-02]
0.06594282661959107, 12065.704567525867, 0.09095191293644411, 0.2804547290285863

[1.20659830e+04 6.59428147e-02]
0.06594281473252467, 12065.982965858153, 0.09095190964543064, 0.28045472869332044

[1.20662605e+04 6.59428234e-02]
0.06594282343452834, 12066.260529933239, 0.0909519120585704, 0.2804547288158294

[1.20661332e+04 6.59428212e-02]
0.06594282116186582, 12066.133243544058, 0.09095191141875708, 0.28045472869992355

[1.20658787e+04 6.59428166e-02]
0.06594281661654082, 12065.878670765696, 0.0909519101628626, 0.2804547291256705

[1.20660696e+04 6.59428200e-02]
0.06594282002553457, 12066.069600349467, 0.0909519111133318, 0.2804547289280159

[1.20660060e+04 6.59428189e-02]
0.06594281888920332, 12066.005957154877, 0.09095191080537612, 0.28045472887023243

[1.20660811e+04 6.59428221e-02]
0.0659428221038739, 12066.08109599783, 0.09095191168384556, 0.28045472913128944

[1.20659538e+04 6.59428198e-02]
0.06594281983121139, 12065.953809608647, 0.09095191104459144, 0.28045472889535034

[1.20659856e+04 6.59428204e-02]
0.06594282039937702, 12065.985631205944, 0.09095191122974305, 0.28045472890285533

[1.20660175e+04 6.59428210e-02]
0.06594282096754264, 12066.017452803238, 0.09095191138321107, 0.2804547287692377

[1.20660550e+04 6.59428226e-02]
0.06594282257487794, 12066.055022224715, 0.09095191181511725, 0.28045472902295304

[1.20659914e+04 6.59428214e-02]
0.06594282143854668, 12065.991379030125, 0.09095191149959309, 0.28045472910998887

[1.20660391e+04 6.59428223e-02]
0.06594282229079512, 12066.039111426067, 0.09095191174879007, 0.280454728966382

[1.20660073e+04 6.59428217e-02]
0.0659428217226295, 12066.007289828773, 0.09095191157732839, 0.28045472919699166

[1.20660312e+04 6.59428221e-02]
0.06594282214875372, 12066.031156026744, 0.09095191170188813, 0.28045472892248946

[1.20660152e+04 6.59428219e-02]
0.0659428218646709, 12066.015245228096, 0.09095191161490787, 0.2804547289238974

[1.20660272e+04 6.59428221e-02]
0.06594282207773301, 12066.027178327082, 0.09095191167884527, 0.28045472892391904

[1.20660232e+04 6.59428220e-02]
0.06594282200671231, 12066.02320062742, 0.09095191165613249, 0.28045472913733416

[1.20660301e+04 6.59428226e-02]
0.06594282259731785, 12066.030052239172, 0.09095191181503477, 0.2804547291014571

[1.20660358e+04 6.59428236e-02]
0.06594282363648751, 12066.035800063353, 0.09095191209982745, 0.280454728978866

[1.20660347e+04 6.59428241e-02]
0.06594282408505164, 12066.034696275781, 0.09095191222803607, 0.28045472904327096

[1.20660335e+04 6.59428237e-02]
0.0659428237131182, 12066.03353526663, 0.09095191213260138, 0.28045472903554947

[1.20660312e+04 6.59428230e-02]
0.06594282296925129, 12066.031213248323, 0.09095191191675374, 0.28045472895127216

[1.20660244e+04 6.59428224e-02]
0.06594282237864574, 12066.02436163657, 0.09095191176240552, 0.28045472874447264

[1.20660221e+04 6.59428225e-02]
0.06594282245527643, 12066.022096839846, 0.09095191176909623, 0.2804547291313601

[1.20660289e+04 6.59428228e-02]
0.06594282284075757, 12066.028934146205, 0.09095191189584384, 0.28045472893186624

[1.20660244e+04 6.59428226e-02]
0.06594282258377014, 12066.024375941965, 0.09095191181478184, 0.2804547290385993

[1.20660278e+04 6.59428228e-02]
0.06594282277651071, 12066.027794595146, 0.09095191187057312, 0.280454728973272

[1.20660267e+04 6.59428227e-02]
0.06594282271226386, 12066.026655044085, 0.09095191185607492, 0.2804547290029438

[1.20660289e+04 6.59428229e-02]
0.06594282294331977, 12066.028941298902, 0.09095191193124151, 0.2804547289241409

[1.20660312e+04 6.59428233e-02]
0.06594282327693789, 12066.03123470642, 0.09095191201399792, 0.280454728954584

[1.20660301e+04 6.59428231e-02]
0.06594282313576938, 12066.030089790835, 0.09095191197011006, 0.28045472900051055

[1.20660289e+04 6.59428230e-02]
0.06594282299460087, 12066.028944875252, 0.09095191192484767, 0.28045472884980105

[1.20660278e+04 6.59428229e-02]
0.06594282287907291, 12066.027801747841, 0.09095191192016416, 0.28045472889540046

[1.20660301e+04 6.59428232e-02]
0.06594282316140995, 12066.03009157901, 0.09095191198087035, 0.2804547290168211

[1.20660284e+04 6.59428229e-02]
0.06594282294965717, 12066.028374205634, 0.09095191191725509, 0.28045472906320795

[1.20660289e+04 6.59428230e-02]
0.06594282302024143, 12066.028946663426, 0.09095191193298137, 0.28045472881330347

[1.20660284e+04 6.59428230e-02]
0.06594282296247744, 12066.02837509972, 0.09095191193142248, 0.28045472889902073


------------------------------------------------------------
Sender: LSF System <lsfadmin@n-62-21-14>
Subject: Job 1708302: <minimize_batch_job_this_is_on_purpose_to_utilize_more_kernel> in cluster <dcc> Done

Job <minimize_batch_job_this_is_on_purpose_to_utilize_more_kernel> was submitted from host <gbarlogin2> by user <s174007> in cluster <dcc> at Thu Jan 10 17:20:33 2019
Job was executed on host(s) <n-62-21-14>, in queue <hpc>, as user <s174007> in cluster <dcc> at Thu Jan 10 17:20:34 2019
</zhome/b0/b/127184> was used as the home directory.
</zhome/b0/b/127184/Documents/Projects/machine-learning-on-materials> was used as the working directory.
Started at Thu Jan 10 17:20:34 2019
Terminated at Fri Jan 11 01:27:19 2019
Results reported at Fri Jan 11 01:27:19 2019

Your job looked like:

------------------------------------------------------------
# LSBATCH: User input
#!/bin/bash
##Kør på cpu
#BSUB -q hpc
##Navn på job
#BSUB -J minimize_batch_job_this_is_on_purpose_to_utilize_more_kernel
##Output fil
#BSUB -o output/minimize/linear_SimpleLarge_default_batchjobs-%J.out
##Antal kerner
#BSUB -n 1
##Om kernerne må være på forskellige computere
#BSUB -R "span[hosts=1]"
##Ram pr kerne
#BSUB -R "rusage[mem=10GB]"
##Hvor lang tid må den køre hh:mm
#BSUB -W 45:00
##Email når jobbet starter
##og stopper
module purge
module load python3
python3 KRR/minimizer.py linear 0.01 SimpleLarge default [5]
------------------------------------------------------------

Successfully completed.

Resource usage summary:

    CPU time :                                   29202.04 sec.
    Max Memory :                                 6789 MB
    Average Memory :                             6478.29 MB
    Total Requested Memory :                     10240.00 MB
    Delta Memory :                               3451.00 MB
    Max Swap :                                   -
    Max Processes :                              4
    Max Threads :                                5
    Run time :                                   29234 sec.
    Turnaround time :                            29206 sec.

The output (if any) is above this job summary.

