Unloaded module: latex/TeXLive12
Loaded module: python3/3.6.2
[-10000]
[-10000.0]
[-1.e+04  1.e+00]
1.0, -10000.0, 0.19908600190255368, 0.2838427351659593

[-1.05e+04  1.00e+00]
1.0, -10500.0, 0.19908600176014674, 0.2838427350223396

[-1.00e+04  1.05e+00]
1.05, -10000.0, 0.20155758219131836, 0.2844057484957712

[-1.05e+04  9.50e-01]
0.95, -10500.0, 0.19650128856443927, 0.28327886260609936

[-1.075e+04  9.000e-01]
0.8999999999999999, -10750.0, 0.19379303869673578, 0.28271544286911077

[-1.125e+04  9.000e-01]
0.8999999999999999, -11250.0, 0.19379303857467342, 0.28271544274808447

[-1.1875e+04  8.5000e-01]
0.8499999999999996, -11875.0, 0.19094935878298772, 0.2821541372116914

[-1.2125e+04  7.5000e-01]
0.7499999999999996, -12125.0, 0.18479880059632584, 0.2810468956028433

[-1.29375e+04  6.25000e-01]
0.6249999999999991, -12937.5, 0.17605273083874529, 0.2797270464461796

[-1.40625e+04  5.75000e-01]
0.5749999999999988, -14062.5, 0.1721478005590363, 0.2792359182799702

[-1.571875e+04  4.125000e-01]
0.4124999999999983, -15718.75, 0.15727992801377094, 0.2779393266989737

[-1.678125e+04  1.875000e-01]
0.18749999999999778, -16781.25, 0.12733055608485347, 0.27839113045843167

[-1.95625e+04 -2.50000e-02]
-0.02500000000000302, -19562.5, 1.5704528575921006, 4.282966309126871

[-1.459375e+04  4.625000e-01]
0.4624999999999986, -14593.75, 0.16226940787103497, 0.27827114314515883

[-1.353125e+04  6.875000e-01]
0.6874999999999991, -13531.25, 0.18059108064174412, 0.2803742849440218

[-1.596875e+04  3.125000e-01]
0.3124999999999981, -15968.75, 0.14581237982636056, 0.2775926767201739

[-1.709375e+04  2.625000e-01]
0.26249999999999785, -17093.75, 0.1391085685083552, 0.27767518627264814

[-1.734375e+04  1.625000e-01]
0.16249999999999765, -17343.75, 0.12279750825856404, 0.27888762571802095

[-1.6125e+04  3.5000e-01]
0.34999999999999815, -16125.0, 0.15037954448445007, 0.27765935243235845

[-1.5e+04  4.0e-01]
0.39999999999999847, -15000.0, 0.1559632748400159, 0.2778696608029814

[-1.65703125e+04  2.96875000e-01]
0.296874999999998, -16570.3125, 0.14379892622273424, 0.2775944213432715

[-1.64140625e+04  2.59375000e-01]
0.25937499999999797, -16414.0625, 0.13866283513892813, 0.27768859746096736

[-1.61972656e+04  3.27343750e-01]
0.3273437499999981, -16197.265625, 0.14766302851930352, 0.2776080161848073

[-1.63417969e+04  2.82031250e-01]
0.282031249999998, -16341.796875, 0.1418196460806817, 0.2776152243531516

[-1.62333984e+04  3.16015625e-01]
0.3160156249999981, -16233.3984375, 0.14625600955766482, 0.27759488631941925

[-1.63056641e+04  2.93359375e-01]
0.29335937499999803, -16305.6640625, 0.14333617745837113, 0.2775975755364851

[-1.62514648e+04  3.10351562e-01]
0.31035156249999807, -16251.46484375, 0.14553960718463008, 0.2775917804885742

[-1.56499023e+04  3.25976562e-01]
0.3259765624999982, -15649.90234375, 0.14749499950195138, 0.2776059613184632

[-1.63402100e+04  3.04150391e-01]
0.30415039062499805, -16340.2099609375, 0.14474507432382935, 0.2775911866375978

[-1.66229248e+04  3.02001953e-01]
0.302001953124998, -16622.9248046875, 0.14446726512253946, 0.27759169034813963

[-1.67116699e+04  2.95800781e-01]
0.295800781249998, -16711.669921875, 0.14365791927651325, 0.27759527270582574

[-1.63665161e+04  3.06713867e-01]
0.30671386718749805, -16366.51611328125, 0.14507483298128218, 0.27759106781461845

[-1.60838013e+04  3.08862305e-01]
0.3088623046874981, -16083.80126953125, 0.14534977687827008, 0.27759136532165457

[-1.62185822e+04  3.07147217e-01]
0.30714721679687307, -16218.582153320312, 0.1451303946292672, 0.277591098840629

[-1.62448883e+04  3.09710693e-01]
0.30971069335937307, -16244.888305664062, 0.14545799342526722, 0.27759158097100073

[-1.63163795e+04  3.05540466e-01]
0.3055404663085918, -16316.37954711914, 0.14492412070750532, 0.2775910576310892

[-1.64643135e+04  3.05107117e-01]
0.30510711669921675, -16464.313507080078, 0.1448683626278373, 0.27759108141772487

[-1.64028807e+04  3.05617142e-01]
0.3056171417236308, -16402.880668640137, 0.14493398077738345, 0.2775910550428853

[-1.63527441e+04  3.04443741e-01]
0.3044437408447245, -16352.744102478027, 0.14478290450381562, 0.27759114661850737

[-1.63630731e+04  3.06146336e-01]
0.30614633560180465, -16363.073110580444, 0.14500198742282208, 0.27759104938809265

[-1.64495742e+04  3.06223011e-01]
0.3062230110168437, -16449.57423210144, 0.14501183439440496, 0.27759105043070587

[-1.64097667e+04  3.06752205e-01]
0.3067522048950176, -16409.766674041748, 0.1450797505736175, 0.27759106992918076

[-1.64046022e+04  3.05900908e-01]
0.30590090751647747, -16404.60216999054, 0.14497045731826338, 0.2775910492241513

[-1.63181010e+04  3.05824232e-01]
0.3058242321014385, -16318.101048469543, 0.14496060336848154, 0.27759105015456265

[-1.63509693e+04  3.05923927e-01]
0.3059239268302898, -16350.969344377518, 0.14497341534303412, 0.27759104906247645

[-1.63924984e+04  3.05678499e-01]
0.3056784987449626, -16392.498403787613, 0.14494186983858137, 0.2775910532472865

[-1.63704294e+04  3.06029376e-01]
0.30602937638759414, -16370.429433882236, 0.1449869637922753, 0.27759104871823104

[-1.63167966e+04  3.06052396e-01]
0.3060523957014064, -16316.796608269215, 0.14498992098891908, 0.2775910487692954

[-1.63362567e+04  3.06157845e-01]
0.3061578452587108, -16336.256697773933, 0.14500346561577648, 0.277591049444629

[-1.63472912e+04  3.05982406e-01]
0.30598240643739505, -16347.291182726622, 0.14498092935626988, 0.27759104871510576

[-1.64009240e+04  3.05959387e-01]
0.3059593871235827, -16400.924008339643, 0.14497797172828242, 0.27759104883183794

[-1.63378285e+04  3.06029144e-01]
0.3060291435569505, -16337.828458286822, 0.1449869339127149, 0.27759104867142476

[-1.63146902e+04  3.05982174e-01]
0.30598217360675134, -16314.690207131207, 0.14498089944895315, 0.277591048736579

[-1.63564946e+04  3.06017576e-01]
0.3060175756923834, -16356.49462719448, 0.14498544779618786, 0.2775910486877883

[-1.63470319e+04  3.06064313e-01]
0.3060643128119389, -16347.03190275468, 0.1449914518780199, 0.27759104876496926

[-1.63472264e+04  3.06002883e-01]
0.306002883031031, -16347.226362733636, 0.14498356015324207, 0.27759104868657936

[-1.63285602e+04  3.06014451e-01]
0.3060144508955981, -16328.560193825979, 0.14498504636347723, 0.27759104870991136

[-1.63495110e+04  3.06016794e-01]
0.3060167944931871, -16349.511018852354, 0.1449853474090212, 0.2775910486687812

[-1.63401131e+04  3.06043055e-01]
0.3060430550191065, -16340.11311440554, 0.14498872107128608, 0.27759104875623386

[-1.63454481e+04  3.06012926e-01]
0.30601292602804986, -16345.448050651612, 0.14498485044079323, 0.27759104874850005

[-1.63436697e+04  3.06022969e-01]
0.30602296902506876, -16343.669738569588, 0.14498614068632698, 0.2775910486931417

[-1.63483687e+04  3.06009839e-01]
0.3060098387621091, -16348.368690792995, 0.14498445379907485, 0.2775910486490674

[-1.63542100e+04  3.06003664e-01]
0.3060036642302274, -16354.209971075761, 0.14498366049384961, 0.2775910486823814

[-1.63515749e+04  3.06008490e-01]
0.30600849042893774, -16351.574912949218, 0.14498428059332708, 0.2775910487351866

[-1.63489399e+04  3.06013317e-01]
0.3060133166276481, -16348.939854822675, 0.14498490062217342, 0.2775910487317723

[-1.63460192e+04  3.06016404e-01]
0.3060164038935889, -16346.019214681291, 0.1449852972462544, 0.2775910487296675

[-1.63454481e+04  3.06012926e-01]
0.30601292602804986, -16345.448050651612, 0.14498485044079323, 0.27759104874850005

[-1.63480669e+04  3.06013219e-01]
0.3060132189777485, -16348.066903779909, 0.1449848880717451, 0.2775910487162313

[-1.63504164e+04  3.06006654e-01]
0.30600665384626863, -16350.416379891612, 0.14498404461968853, 0.2775910486499364

[-1.63507182e+04  3.06003274e-01]
0.30600327363062924, -16350.718166904699, 0.14498361035297952, 0.27759104867890744

[-1.63500554e+04  3.06005760e-01]
0.3060057599674091, -16350.055351123501, 0.14498392980182234, 0.277591048719211

[-1.63493925e+04  3.06008246e-01]
0.3060082463041889, -16349.392535342304, 0.14498424919233607, 0.27759104870994694

[-1.63482178e+04  3.06011529e-01]
0.3060115288699288, -16348.217797286452, 0.14498467093719108, 0.27759104874353374

[-1.63495434e+04  3.06006556e-01]
0.3060065561963692, -16349.543428848847, 0.1449840320666007, 0.27759104862075257

[-1.63502062e+04  3.06004070e-01]
0.3060040698595894, -16350.20624463004, 0.1449837126215389, 0.2775910487173649

[-1.63485196e+04  3.06008149e-01]
0.3060081486542894, -16348.519584299538, 0.14498423666320662, 0.27759104865359624

[-1.63487378e+04  3.06008173e-01]
0.30600817306676426, -16348.73782206023, 0.1449842397741664, 0.27759104871000095

[-1.63489561e+04  3.06008197e-01]
0.30600819747923913, -16348.956059820921, 0.1449842429394543, 0.2775910486510302

[-1.63494680e+04  3.06007401e-01]
0.30600740125027903, -16349.467982095575, 0.14498414064491127, 0.2775910487411694

[-1.63490315e+04  3.06007352e-01]
0.3060073524253293, -16349.031506574192, 0.14498413436823573, 0.27759104870350476

[-1.63491406e+04  3.06007365e-01]
0.3060073646315667, -16349.140625454538, 0.14498413595354953, 0.277591048675028

[-1.63493589e+04  3.06007389e-01]
0.3060073890440416, -16349.35886321523, 0.14498413907551297, 0.2775910487072084

[-1.63491952e+04  3.06007371e-01]
0.3060073707346854, -16349.19518489471, 0.1449841367292538, 0.2775910487027595

[-1.63492497e+04  3.06007377e-01]
0.30600737683780416, -16349.249744334884, 0.1449841374838173, 0.2775910487438995

[-1.6349342e+04  3.0600696e-01]
0.3060069604139679, -16349.342027151692, 0.14498408402047913, 0.2775910487522104

[-1.63494511e+04  3.06006973e-01]
0.3060069726202055, -16349.45114603204, 0.14498408556718498, 0.2775910487306146

[-1.63497448e+04  3.06006152e-01]
0.3060061519787705, -16349.744830546002, 0.14498398012136804, 0.2775910488148847

[-1.63493735e+04  3.06007071e-01]
0.3060070706230458, -16349.373515887663, 0.14498409817360133, 0.27759104874661583

[-1.63494973e+04  3.06006764e-01]
0.30600676440828734, -16349.497287440443, 0.14498405882499765, 0.2775910486911464

[-1.63493966e+04  3.06006967e-01]
0.3060069665170867, -16349.396586591865, 0.14498408477468008, 0.2775910486797099

[-1.63494427e+04  3.06006758e-01]
0.30600675830516855, -16349.44272800027, 0.14498405803512657, 0.277591048751843

[-1.63494836e+04  3.06006763e-01]
0.3060067628825076, -16349.4836475804, 0.1449840586241937, 0.27759104868058326

[-1.63494564e+04  3.06006760e-01]
0.30600675983094827, -16349.456367860312, 0.14498405824958385, 0.2775910486800789

[-1.63494632e+04  3.06006761e-01]
0.30600676059383813, -16349.463187790332, 0.1449840583270752, 0.2775910486007788

[-1.6349610e+04  3.0600635e-01]
0.3060063502731206, -16349.610030047312, 0.14498400562398225, 0.27759104875087964

[-1.63494499e+04  3.06006812e-01]
0.3060068124560952, -16349.449947455727, 0.14498406499852323, 0.277591048712481

[-1.63495033e+04  3.06006658e-01]
0.30600665839510366, -16349.503308319589, 0.1449840452072924, 0.2775910486660615

[-1.63494299e+04  3.06006864e-01]
0.3060068635554624, -16349.429887191098, 0.14498407158426116, 0.2775910486587627

[-1.63493898e+04  3.06006966e-01]
0.30600696575419695, -16349.389766661843, 0.14498408470198737, 0.27759104878017204

[-1.63494749e+04  3.06006735e-01]
0.306006735234877, -16349.474922905152, 0.14498405508459916, 0.2775910487477105

[-1.63494465e+04  3.06006812e-01]
0.3060068120746503, -16349.446537490716, 0.14498406497673708, 0.2775910487129685

[-1.63494832e+04  3.06006709e-01]
0.3060067094944709, -16349.48324805496, 0.144984051759872, 0.27759104872036927

[-1.63494265e+04  3.06006863e-01]
0.30600686317401754, -16349.426477226087, 0.14498407153289466, 0.2775910486801846

[-1.63494431e+04  3.06006812e-01]
0.3060068116932054, -16349.443127525701, 0.14498406490397403, 0.2775910486685626

[-1.63494798e+04  3.06006709e-01]
0.306006709113026, -16349.479838089945, 0.144984051727309, 0.2775910487305147

[-1.63494398e+04  3.06006825e-01]
0.30600682465876966, -16349.439817442051, 0.14498406654969034, 0.2775910486954905

[-1.63494532e+04  3.06006786e-01]
0.3060067861435218, -16349.453157658016, 0.1449840616187108, 0.277591048632101

[-1.63494448e+04  3.06006812e-01]
0.30600681188392787, -16349.444832508208, 0.14498406491660165, 0.27759104875324364

[-1.63494715e+04  3.06006735e-01]
0.3060067348534321, -16349.471512940141, 0.14498405503114567, 0.27759104872533163

[-1.63494648e+04  3.06006754e-01]
0.30600675411105605, -16349.464842832158, 0.14498405748500987, 0.27759104868873435

[-1.63494515e+04  3.06006793e-01]
0.3060067926263039, -16349.451502616192, 0.14498406245720008, 0.27759104875778995

[-1.63494615e+04  3.06006764e-01]
0.306006763739868, -16349.461507778167, 0.14498405874308126, 0.277591048716031

[-1.63494582e+04  3.06006773e-01]
0.30600677336868, -16349.458172724175, 0.1449840599768866, 0.2775910486915356

[-1.63494640e+04  3.06006757e-01]
0.3060067573524471, -16349.464015311245, 0.14498405792773358, 0.2775910487331262

[-1.63494573e+04  3.06006777e-01]
0.30600677661007103, -16349.45734520326, 0.1449840604033981, 0.27759104871545687

[-1.63494590e+04  3.06006772e-01]
0.30600677179566504, -16349.459012730256, 0.14498405977774217, 0.27759104867341733

[-1.63494640e+04  3.06006759e-01]
0.3060067590208232, -16349.464027796414, 0.1449840581436801, 0.27759104868954965

[-1.63494626e+04  3.06006763e-01]
0.30600676260778736, -16349.462564028356, 0.1449840585944775, 0.27759104866384515

[-1.63494667e+04  3.06006751e-01]
0.30600675140596045, -16349.46673908843, 0.14498405715946344, 0.277591048686963

[-1.63494609e+04  3.06006767e-01]
0.3060067666982389, -16349.460944319799, 0.14498405911127807, 0.2775910486980708

[-1.63494629e+04  3.06006762e-01]
0.30600676160081275, -16349.462875909343, 0.1449840584721995, 0.2775910487025214

[-1.63494611e+04  3.06006766e-01]
0.3060067661947516, -16349.461100260294, 0.1449840590364646, 0.2775910487011199

[-1.63494614e+04  3.06006765e-01]
0.30600676518777703, -16349.461412141285, 0.14498405891702043, 0.27759104880147667

[-1.63494625e+04  3.06006762e-01]
0.3060067624975538, -16349.462509967329, 0.14498405857992727, 0.2775910486709856

[-1.63494646e+04  3.06006757e-01]
0.3060067568966403, -16349.464597497365, 0.14498405785478316, 0.27759104867786766

[-1.63494637e+04  3.06006759e-01]
0.30600675922116816, -16349.463723188097, 0.14498405815447157, 0.2775910487419628

[-1.63494628e+04  3.06006762e-01]
0.30600676154569595, -16349.46284887883, 0.14498405846127255, 0.2775910487545361

[-1.63494621e+04  3.06006763e-01]
0.3060067633942949, -16349.462144025314, 0.14498405869898498, 0.2775910486865624

[-1.63494625e+04  3.06006762e-01]
0.3060067624424371, -16349.462482936819, 0.1449840585781213, 0.277591048677123

[-1.63494635e+04  3.06006760e-01]
0.3060067596419803, -16349.463526701835, 0.14498405819840163, 0.27759104872786233

[-1.63494625e+04  3.06006762e-01]
0.3060067624562163, -16349.462489694444, 0.14498405858148217, 0.27759104868939366

[-1.63494628e+04  3.06006762e-01]
0.3060067615181376, -16349.462835363574, 0.14498405844372567, 0.2775910487024689

[-1.63494627e+04  3.06006762e-01]
0.3060067619940665, -16349.462665907824, 0.14498405850874224, 0.277591048701056


------------------------------------------------------------
Sender: LSF System <lsfadmin@n-62-21-16>
Subject: Job 1708321: <minimize_batch_job_this_is_on_purpose_to_utilize_more_kernel> in cluster <dcc> Done

Job <minimize_batch_job_this_is_on_purpose_to_utilize_more_kernel> was submitted from host <gbarlogin2> by user <s174007> in cluster <dcc> at Thu Jan 10 17:20:35 2019
Job was executed on host(s) <n-62-21-16>, in queue <hpc>, as user <s174007> in cluster <dcc> at Thu Jan 10 17:20:36 2019
</zhome/b0/b/127184> was used as the home directory.
</zhome/b0/b/127184/Documents/Projects/machine-learning-on-materials> was used as the working directory.
Started at Thu Jan 10 17:20:36 2019
Terminated at Thu Jan 10 17:45:01 2019
Results reported at Thu Jan 10 17:45:01 2019

Your job looked like:

------------------------------------------------------------
# LSBATCH: User input
#!/bin/bash
##Kør på cpu
#BSUB -q hpc
##Navn på job
#BSUB -J minimize_batch_job_this_is_on_purpose_to_utilize_more_kernel
##Output fil
#BSUB -o output/minimize/linear_GP_faulty_batchjobs-%J.out
##Antal kerner
#BSUB -n 1
##Om kernerne må være på forskellige computere
#BSUB -R "span[hosts=1]"
##Ram pr kerne
#BSUB -R "rusage[mem=10GB]"
##Hvor lang tid må den køre hh:mm
#BSUB -W 45:00
##Email når jobbet starter
##og stopper
module purge
module load python3
python3 KRR/minimizer.py linear 1 GP faulty [-10000]
------------------------------------------------------------

Successfully completed.

Resource usage summary:

    CPU time :                                   1464.32 sec.
    Max Memory :                                 789 MB
    Average Memory :                             637.26 MB
    Total Requested Memory :                     10240.00 MB
    Delta Memory :                               9451.00 MB
    Max Swap :                                   -
    Max Processes :                              4
    Max Threads :                                5
    Run time :                                   1465 sec.
    Turnaround time :                            1466 sec.

The output (if any) is above this job summary.

