Unloaded module: latex/TeXLive12
Loaded module: python3/3.6.2
[-10000]
[-10000.0]
[-1.e+04  1.e-02]
0.01, -10000.0, 0.08121728120686292, 0.2913648098338273

[-1.05e+04  1.00e-02]
0.01, -10500.0, 0.08121728118340935, 0.2913648086157353

[-1.00e+04  1.05e-02]
0.0105, -10000.0, 0.08157203586275429, 0.2912548984209864

[-1.05e+04  1.05e-02]
0.0105, -10500.0, 0.08157203584181281, 0.2912548986412919

[-1.0e+04  1.1e-02]
0.011000000000000001, -10000.0, 0.08193040199556623, 0.2911489395295597

[-9.75e+03  1.15e-02]
0.0115, -9750.0, 0.0822920139066111, 0.2910466938558907

[-9.25e+03  1.15e-02]
0.011499999999999998, -9250.0, 0.08229201384786078, 0.2910466939360345

[-9.00e+03  1.25e-02]
0.012499999999999999, -9000.0, 0.08302366011367349, 0.29085250967444004

[-8.50e+03  1.35e-02]
0.013500000000000002, -8500.0, 0.08376460266424719, 0.29067087303038036

[-9.00e+03  1.35e-02]
0.013500000000000003, -9000.0, 0.08376460267118566, 0.2906708740150641

[-7.75e+03  1.55e-02]
0.015500000000000003, -7750.0, 0.08526661535094196, 0.2903405692840291

[-6.75e+03  1.75e-02]
0.01750000000000001, -6750.0, 0.08678519179618521, 0.29004812796741586

[-6.25e+03  1.75e-02]
0.01750000000000001, -6250.0, 0.0867851917858709, 0.29004812812232467

[-4.50e+03  2.15e-02]
0.021500000000000016, -4500.0, 0.08983643249901746, 0.2895554628403313

[-2.50e+03  2.55e-02]
0.025500000000000023, -2500.0, 0.0928675431311801, 0.2891608998196768

[-3.00e+03  2.55e-02]
0.025500000000000023, -3000.0, 0.0928675430872029, 0.28916090008290046

[1.25e+03 3.35e-02]
0.03350000000000004, 1250.0, 0.09876744735072543, 0.2885889812814093

[5.25e+03 4.15e-02]
0.04150000000000005, 5250.0, 0.10437911766972718, 0.28822733750950524

[5.75e+03 4.15e-02]
0.04150000000000005, 5750.0, 0.10437911768675401, 0.2882273374471899

[1.0125e+04 4.9500e-02]
0.04950000000000007, 10125.0, 0.10967996478049706, 0.2880162932763739

[1.7875e+04 6.5500e-02]
0.0655000000000001, 17875.0, 0.11939399295321179, 0.2879066597253074

[2.80625e+04 8.55000e-02]
0.08550000000000013, 28062.5, 0.1300938140924699, 0.2881497449008148

[2.275e+04 7.350e-02]
0.07350000000000012, 22750.0, 0.12384946111253818, 0.2879639507884933

[3.05e+04 8.95e-02]
0.08950000000000016, 30500.0, 0.13206863920724013, 0.2882333015030688

[1.521875e+04 5.950000e-02]
0.059500000000000094, 15218.75, 0.11588294298686176, 0.28790781552547906

[1.034375e+04 5.150000e-02]
0.051500000000000073, 10343.75, 0.11095726386636537, 0.2879823123939998

[1.96484375e+04 6.80000000e-02]
0.06800000000000012, 19648.4375, 0.1208131904807955, 0.2879179085469252

[1.34453125e+04 5.70000000e-02]
0.05700000000000008, 13445.3125, 0.11437451069905548, 0.28792135565727345

[1.80976562e+04 6.52500000e-02]
0.06525000000000011, 18097.65625, 0.1192506878179023, 0.2879058936319218

[2.07539062e+04 7.12500000e-02]
0.0712500000000001, 20753.90625, 0.12262132702880588, 0.2879417595940284

[1.66025391e+04 6.24375000e-02]
0.0624375000000001, 16602.5390625, 0.11762078838405693, 0.2879020144646592

[1.68251953e+04 6.21875000e-02]
0.062187500000000104, 16825.1953125, 0.11747431444838871, 0.28790210432964614

[1.53300781e+04 5.93750000e-02]
0.059375000000000094, 15330.078125, 0.11580817049807886, 0.28790829881411706

[1.74057617e+04 6.37812500e-02]
0.06378125000000011, 17405.76171875, 0.11840360319606716, 0.2879027633363187

[1.60219727e+04 6.08437500e-02]
0.0608437500000001, 16021.97265625, 0.11668248760750036, 0.28790385818106934

[1.70598145e+04 6.30468750e-02]
0.06304687500000011, 17059.814453125, 0.11797671950891844, 0.28790209849601905

[1.68371582e+04 6.32968750e-02]
0.0632968750000001, 16837.158203125, 0.11812229354814419, 0.28790225624844035

[1.68281860e+04 6.24648438e-02]
0.0624648437500001, 16828.18603515625, 0.11763679295883686, 0.28790200899421114

[1.63709106e+04 6.18554688e-02]
0.06185546875000009, 16370.91064453125, 0.11727937156081483, 0.28790233731901554

[1.68875885e+04 6.27490234e-02]
0.0627490234375001, 16887.588500976562, 0.11780294105540827, 0.28790200365377167

[1.71132355e+04 6.27763672e-02]
0.06277636718750013, 17113.235473632812, 0.11781890996561427, 0.28790200834520036

[1.71726379e+04 6.30605469e-02]
0.06306054687500012, 17172.637939453125, 0.11798468734726203, 0.2879021052873536

[1.69142990e+04 6.26137695e-02]
0.06261376953125011, 16914.29901123047, 0.11772390596404354, 0.2879019944630002

[1.66886520e+04 6.25864258e-02]
0.0625864257812501, 16688.65203857422, 0.11770791838093402, 0.28790199529179394

[1.67153625e+04 6.24511719e-02]
0.0624511718750001, 16715.362548828125, 0.11762879104966367, 0.2879020115181336

[1.68445320e+04 6.26745605e-02]
0.0626745605468751, 16844.532012939453, 0.11775943841662882, 0.2879019959048589

[1.67584190e+04 6.25256348e-02]
0.0625256347656251, 16758.419036865234, 0.11767236344547902, 0.2879019996660223

[1.68230038e+04 6.26373291e-02]
0.06263732910156261, 16823.0037689209, 0.11773767840896988, 0.28790199446291026

[1.70486507e+04 6.26646729e-02]
0.06266467285156263, 17048.65074157715, 0.11775366012628778, 0.2879019957418998

[1.67786517e+04 6.26059875e-02]
0.06260598754882823, 16778.65171432495, 0.11771935625926419, 0.28790199437436303

[1.66873565e+04 6.26295471e-02]
0.06262954711914073, 16687.35647201538, 0.11773312950932391, 0.2879019944400544

[1.66430044e+04 6.25982056e-02]
0.06259820556640636, 16643.004417419434, 0.11771480631295596, 0.28790199474761435

[1.67780039e+04 6.26275482e-02]
0.06262754821777355, 16778.003931045532, 0.11773196098606101, 0.28790199444102815

[1.66880043e+04 6.26079865e-02]
0.06260798645019541, 16688.0042552948, 0.11772052492398163, 0.2879019947155885

[1.67555040e+04 6.26226578e-02]
0.06262265777587903, 16755.50401210785, 0.11772910212375248, 0.287901994530323

[1.67330041e+04 6.26177673e-02]
0.06261776733398448, 16733.004093170166, 0.11772624318796075, 0.28790199476915423

[1.67783278e+04 6.26167679e-02]
0.0626167678833009, 16778.32782268524, 0.11772565888971423, 0.287901994558426

[1.68239754e+04 6.26049881e-02]
0.06260498809814465, 16823.975443840027, 0.11771877190226453, 0.2879019943254064

[1.68694611e+04 6.25985985e-02]
0.06259859848022473, 16869.461119174957, 0.1177150360540986, 0.2879019949351338

[1.68242993e+04 6.25942078e-02]
0.06259420776367197, 16824.299335479736, 0.11771246872052853, 0.2879019949039955

[1.67898207e+04 6.26111279e-02]
0.06261112785339366, 16789.820700883865, 0.11772236150339574, 0.28790199449769815

[1.68128065e+04 6.25998478e-02]
0.0625998477935792, 16812.806457281113, 0.11771576646902676, 0.28790199495042523

[1.67955671e+04 6.26083078e-02]
0.06260830783844004, 16795.567139983177, 0.11772071284560069, 0.2879019946065054

[1.68013136e+04 6.26054878e-02]
0.06260548782348643, 16801.31357908249, 0.11771906405931161, 0.28790199474287637

[1.68068981e+04 6.26080580e-02]
0.06260805797576915, 16806.898072361946, 0.11772056673723566, 0.28790199462153093

[1.68295599e+04 6.26075583e-02]
0.06260755825042738, 16829.559937119484, 0.1177202746087884, 0.2879019947033439

[1.68224983e+04 6.26070406e-02]
0.06260704064369214, 16822.498347610235, 0.11771997193586453, 0.2879019945864351

[1.68395757e+04 6.26039708e-02]
0.06260397076606763, 16839.575719088316, 0.11771817707417635, 0.2879019947995845

[1.68150675e+04 6.26070362e-02]
0.06260703617334377, 16815.06748404354, 0.11771996934275934, 0.28790199466163485

[1.68232369e+04 6.26060144e-02]
0.0626060143709184, 16823.23689572513, 0.11771937196478921, 0.2879019945226875

[1.68154368e+04 6.26065230e-02]
0.06260652303695691, 16815.436758100986, 0.1177196693394315, 0.28790199462927185

[1.68317756e+04 6.26044794e-02]
0.06260447943210612, 16831.77558146417, 0.11771847450591415, 0.28790199450779913

[1.68325141e+04 6.26034532e-02]
0.06260345315933236, 16832.514129579067, 0.11771787443951509, 0.2879019946398407

[1.68255562e+04 6.26053741e-02]
0.06260537406802189, 16825.556204188615, 0.117718997606539, 0.2879019949018543

[1.68278755e+04 6.26047338e-02]
0.06260473376512538, 16827.8755126521, 0.11771862318971214, 0.2879019946097458

[1.68236062e+04 6.26055012e-02]
0.06260550123453151, 16823.60616978258, 0.1177190719176248, 0.28790199496720303

[1.68282448e+04 6.26042206e-02]
0.0626042206287385, 16828.244786709547, 0.11771832314760204, 0.28790199479891215

[1.68270851e+04 6.26045408e-02]
0.06260454078018675, 16827.085132477805, 0.11771851039019617, 0.28790199471976596

[1.68247658e+04 6.26051811e-02]
0.06260518108308326, 16824.76582401432, 0.11771888471278107, 0.287901994635864

[1.68253457e+04 6.26050210e-02]
0.06260502100735912, 16825.345651130192, 0.11771879118702705, 0.2879019948726403

[1.68259255e+04 6.26048609e-02]
0.062604860931635, 16825.925478246063, 0.11771869756642431, 0.287901994487229

[1.68255303e+04 6.26047644e-02]
0.0626047644391657, 16825.530288158916, 0.1177186411192325, 0.2879019946108824

[1.68243706e+04 6.26050846e-02]
0.06260508459061397, 16824.370633927174, 0.1177188283351513, 0.2879019945818962

[1.68246605e+04 6.26050046e-02]
0.06260500455275189, 16824.66054748511, 0.11771878154645715, 0.2879019947243801

[1.68249505e+04 6.26049245e-02]
0.06260492451488983, 16824.950461043045, 0.11771873478117906, 0.28790199456862176

[1.68247529e+04 6.26048763e-02]
0.06260487626865517, 16824.75286599947, 0.1177187065315274, 0.2879019944435994

[1.68237778e+04 6.26049399e-02]
0.06260493985190999, 16823.777848796453, 0.11771874369332895, 0.2879019945840767

[1.68246573e+04 6.26049283e-02]
0.06260492834914487, 16824.657307981397, 0.11771873697121871, 0.2879019947559974

[1.68243642e+04 6.26049322e-02]
0.06260493218339991, 16824.36415491975, 0.11771873921999934, 0.287901994516594

[1.68244630e+04 6.26049563e-02]
0.06260495630651725, 16824.462952441536, 0.11771875328003195, 0.28790199466271044

[1.68238766e+04 6.26049640e-02]
0.0626049639750273, 16823.87664631824, 0.11771875779106956, 0.28790199462074456

[1.68240232e+04 6.26049621e-02]
0.06260496205789978, 16824.023222849064, 0.11771875670785303, 0.28790199456883997

[1.68243164e+04 6.26049582e-02]
0.06260495822364476, 16824.316375910712, 0.11771875441826148, 0.2879019946040104

[1.68240965e+04 6.26049611e-02]
0.06260496109933603, 16824.096511114476, 0.11771875607497413, 0.2879019946703831

[1.68241698e+04 6.26049601e-02]
0.06260496014077227, 16824.169799379888, 0.11771875557777832, 0.28790199467060185

[1.68239993e+04 6.26049751e-02]
0.06260497507802221, 16823.999333344545, 0.11771876426041693, 0.287901994277373

[1.6823805e+04 6.2605003e-02]
0.06260500303539457, 16823.804977804684, 0.117718780628046, 0.28790199485384615

[1.68240786e+04 6.26049709e-02]
0.06260497086442784, 16824.078593986087, 0.11771876182655405, 0.2879019944238228

[1.68238962e+04 6.26049923e-02]
0.062604992311739, 16823.896183198485, 0.11771877440747108, 0.28790199453605925

[1.68240330e+04 6.26049762e-02]
0.06260497622625563, 16824.032991289187, 0.1177187649539053, 0.2879019945159588

[1.68239874e+04 6.26049816e-02]
0.06260498158808342, 16823.987388592286, 0.11771876815620164, 0.28790199455691196

[1.6824039e+04 6.2604973e-02]
0.06260497297122503, 16824.038963665316, 0.11771876309604892, 0.2879019946360504

[1.68239478e+04 6.26049837e-02]
0.0626049836948806, 16823.947758271515, 0.11771876931553944, 0.287901994899591

[1.68240162e+04 6.26049757e-02]
0.06260497565213892, 16824.016162316868, 0.11771876462567979, 0.2879019942984364

[1.68240281e+04 6.26049691e-02]
0.0626049691420777, 16824.028107069127, 0.11771876082226987, 0.28790199455838794

[1.68239976e+04 6.26049785e-02]
0.06260497847658199, 16823.997568211496, 0.11771876633384334, 0.2879019944156869

[1.68240179e+04 6.26049723e-02]
0.06260497225357912, 16824.017927449917, 0.1177187626514527, 0.2879019944775247

[1.68240027e+04 6.26049769e-02]
0.06260497692083128, 16824.0026580211, 0.11771876539510834, 0.28790199465788974

[1.68240077e+04 6.26049754e-02]
0.06260497536508056, 16824.007747830707, 0.11771876446993597, 0.2879019946791697

[1.68239985e+04 6.26049768e-02]
0.06260497677730209, 16823.99845077802, 0.11771876526916392, 0.2879019946408804

[1.68239900e+04 6.26049765e-02]
0.06260497649024374, 16823.990036291856, 0.1177187651042579, 0.28790199442718417

[1.68239909e+04 6.26049748e-02]
0.06260497479096386, 16823.99091885838, 0.11771876414311981, 0.28790199505649716

[1.68239966e+04 6.26049763e-02]
0.06260497628071754, 16823.99656779811, 0.1177187649685356, 0.28790199469450345

[1.68239947e+04 6.26049758e-02]
0.06260497578413297, 16823.9946848182, 0.11771876469254382, 0.2879019945625195

[1.68239989e+04 6.26049759e-02]
0.06260497592766215, 16823.99889206128, 0.11771876481318934, 0.2879019946907663

[1.68239951e+04 6.26049749e-02]
0.06260497493449305, 16823.995126101465, 0.11771876423498609, 0.28790199500374497

[1.68239980e+04 6.26049757e-02]
0.06260497567936987, 16823.997950571327, 0.11771876461885154, 0.28790199470834293

[1.68239970e+04 6.26049754e-02]
0.0626049754310776, 16823.997009081373, 0.1177187644826522, 0.2879019945443754

[1.68239991e+04 6.26049755e-02]
0.06260497550284218, 16823.999112702913, 0.11771876457069051, 0.2879019946395217

[1.68239972e+04 6.26049750e-02]
0.06260497500625763, 16823.997229723005, 0.11771876424952481, 0.2879019945744756

[1.68239977e+04 6.26049751e-02]
0.06260497513040378, 16823.997700467982, 0.11771876432465117, 0.2879019945807353

[1.68239982e+04 6.26049753e-02]
0.0626049752545499, 16823.99817121296, 0.11771876439423935, 0.2879019945616153

[1.68239992e+04 6.26049753e-02]
0.06260497529043219, 16823.99922302373, 0.11771876441234226, 0.28790199483037004

[1.68239983e+04 6.26049750e-02]
0.06260497504213991, 16823.998281533775, 0.11771876428341345, 0.28790199474824135

[1.68239985e+04 6.26049751e-02]
0.06260497510421298, 16823.998516906264, 0.11771876431927, 0.28790199461463717

[1.68239990e+04 6.26049752e-02]
0.06260497522835912, 16823.99898765124, 0.11771876439140047, 0.2879019946232072

[1.68239986e+04 6.26049751e-02]
0.06260497513524951, 16823.998634592506, 0.11771876431618247, 0.28790199466772354

[1.68239988e+04 6.26049752e-02]
0.06260497516628605, 16823.998752278752, 0.11771876434206552, 0.28790199476779194

[1.68239989e+04 6.26049751e-02]
0.06260497509111759, 16823.998925125405, 0.11771876431283142, 0.28790199460001553


------------------------------------------------------------
Sender: LSF System <lsfadmin@n-62-21-22>
Subject: Job 1708330: <minimize_batch_job_this_is_on_purpose_to_utilize_more_kernel> in cluster <dcc> Done

Job <minimize_batch_job_this_is_on_purpose_to_utilize_more_kernel> was submitted from host <gbarlogin2> by user <s174007> in cluster <dcc> at Thu Jan 10 17:20:36 2019
Job was executed on host(s) <n-62-21-22>, in queue <hpc>, as user <s174007> in cluster <dcc> at Thu Jan 10 17:20:37 2019
</zhome/b0/b/127184> was used as the home directory.
</zhome/b0/b/127184/Documents/Projects/machine-learning-on-materials> was used as the working directory.
Started at Thu Jan 10 17:20:37 2019
Terminated at Thu Jan 10 19:00:44 2019
Results reported at Thu Jan 10 19:00:44 2019

Your job looked like:

------------------------------------------------------------
# LSBATCH: User input
#!/bin/bash
##Kør på cpu
#BSUB -q hpc
##Navn på job
#BSUB -J minimize_batch_job_this_is_on_purpose_to_utilize_more_kernel
##Output fil
#BSUB -o output/minimize/linear_SimpleLarge_faulty_batchjobs-%J.out
##Antal kerner
#BSUB -n 1
##Om kernerne må være på forskellige computere
#BSUB -R "span[hosts=1]"
##Ram pr kerne
#BSUB -R "rusage[mem=10GB]"
##Hvor lang tid må den køre hh:mm
#BSUB -W 45:00
##Email når jobbet starter
##og stopper
module purge
module load python3
python3 KRR/minimizer.py linear 0.01 SimpleLarge faulty [-10000]
------------------------------------------------------------

Successfully completed.

Resource usage summary:

    CPU time :                                   6006.14 sec.
    Max Memory :                                 2821 MB
    Average Memory :                             2523.70 MB
    Total Requested Memory :                     10240.00 MB
    Delta Memory :                               7419.00 MB
    Max Swap :                                   -
    Max Processes :                              4
    Max Threads :                                5
    Run time :                                   6037 sec.
    Turnaround time :                            6008 sec.

The output (if any) is above this job summary.

