Unloaded module: latex/TeXLive12
Loaded module: python3/3.6.2
[10]
[10.0]
[10.  3.]
3.0, 10.0, 0.16157773034261988, 0.26921247438319323

[10.5  3. ]
3.0, 10.5, 0.1615783280557723, 0.26921352519650016

[10.    3.15]
3.1500000000000004, 10.0, 0.16396158421650223, 0.2696970849311758

[10.5   2.85]
2.8499999999999996, 10.5, 0.1590995195946414, 0.26872845903510695

[10.75  2.7 ]
2.6999999999999993, 10.75, 0.15651840900109912, 0.26824444005496373

[10.25  2.7 ]
2.6999999999999993, 10.25, 0.15651786419671113, 0.2682434398714632

[10.125  2.55 ]
2.549999999999999, 10.125, 0.153825208206446, 0.2677604986669922

[10.875  2.25 ]
2.2499999999999982, 10.875, 0.14806741300899645, 0.26680890468053325

[11.3125  1.875 ]
1.8749999999999973, 11.3125, 0.14004071952928193, 0.26566733959091177

[10.6875  1.725 ]
1.724999999999997, 10.6875, 0.1365213704579722, 0.2652367278305633

[10.65625  1.2375 ]
1.2374999999999954, 10.65625, 0.12353005734855553, 0.2640568956728923

[11.84375  0.5625 ]
0.5624999999999938, 11.84375, 0.09985410824344473, 0.2639576775759704

[12.703125 -0.43125 ]
-0.43125000000000924, 12.703125, 10.82598674163138, 15.848950627775164

[11.1875 -0.075 ]
-0.07500000000000817, 11.1875, 0.8939047171697386, 2.518325837483311

[11.28125  1.3875 ]
1.387499999999996, 11.28125, 0.12781438106965565, 0.2643730956982793

[11.21875  0.4125 ]
0.4124999999999932, 11.21875, 0.09334143779625294, 0.26463457492893194

[11.265625  1.14375 ]
1.1437499999999954, 11.265625, 0.12070179593943932, 0.2638924713279363

[12.453125  0.46875 ]
0.4687499999999938, 12.453125, 0.09584269327574751, 0.2643215446625659

[11.10546875  1.0453125 ]
1.045312499999995, 11.10546875, 0.1175936626510118, 0.26375193713985834

[10.52734375  1.6265625 ]
1.6265624999999968, 10.52734375, 0.1341016338099396, 0.2649672852397505

[11.51464844  0.82851562]
0.8285156249999945, 11.5146484375, 0.11018682971540161, 0.263609435074276

[11.35449219  0.73007812]
0.7300781249999941, 11.3544921875, 0.10653620325843809, 0.26365021693450164

[11.76367188  0.51328125]
0.5132812499999937, 11.763671875, 0.09777282165494378, 0.2641265365594456

[11.27001953  0.91230469]
0.9123046874999947, 11.27001953125, 0.11314737171998906, 0.263632089143313

[11.43017578  1.01074219]
1.0107421874999951, 11.43017578125, 0.11646651712644611, 0.2637127055756668

[11.37341309  0.80024414]
0.8002441406249944, 11.3734130859375, 0.10915796224755835, 0.26361274419986147

[11.61804199  0.71645508]
0.7164550781249941, 11.6180419921875, 0.10601564080763141, 0.26366310471515136

[11.35702515  0.86334229]
0.8633422851562446, 11.357025146484375, 0.11143312752786279, 0.2636130583554648

[11.53103638  0.76541748]
0.7654174804687442, 11.531036376953125, 0.10786911873677661, 0.2636261117648886

[11.40052795  0.83886108]
0.8388610839843695, 11.400527954101562, 0.11055941379469648, 0.2636095206662019

[11.54176331  0.86713257]
0.8671325683593697, 11.541763305664062, 0.11156748362011776, 0.2636142259067943

[11.41550064  0.81696625]
0.8169662475585882, 11.41550064086914, 0.10976837020796833, 0.26360999007446695

[11.49967575  0.85041046]
0.8504104614257759, 11.499675750732422, 0.11097305663957108, 0.2636108215797133

[11.43654442  0.8253273 ]
0.8253273010253851, 11.436544418334961, 0.11007154406351943, 0.26360942309550056

[11.5506649   0.81498184]
0.81498184204101, 11.550664901733398, 0.10969627624907245, 0.2636103808829442

[11.43806219  0.83289127]
0.8328912734985296, 11.438062191009521, 0.11034465239868556, 0.2636093395407502

[11.35995817  0.82970295]
0.8297029495239203, 11.359958171844482, 0.1102296330614438, 0.26360922263199865

[11.28261304  0.83029661]
0.8302966117858834, 11.282613039016724, 0.11025102388332977, 0.26360911822120836

[11.28413081  0.83786058]
0.837860584259028, 11.284130811691284, 0.11052341434268116, 0.26360931125245385

[11.12868166  0.83526592]
0.8352659225463817, 11.128681659698486, 0.11043002934594744, 0.26360898969967533

[10.97399139  0.83645325]
0.8364532470703079, 10.973991394042969, 0.11047267441785795, 0.26360882131457575

[10.97247362  0.82888927]
0.8288892745971633, 10.972473621368408, 0.1102000821799456, 0.26360870757742655

[10.81664503  0.82440362]
0.8244036197662312, 10.81664502620697, 0.11003783747558404, 0.26360862106454414

[10.50802338  0.83056026]
0.8305602550506557, 10.508023381233215, 0.11026016810019906, 0.26360801793486266

[10.12072855  0.83069208]
0.8306920766830417, 10.120728552341461, 0.11026471862223626, 0.26360740513321096

[9.96338218 0.81864245]
0.818642449378965, 9.963382184505463, 0.10982854529958133, 0.26360769004704243

[9.26746571 0.82493091]
0.8249309062957755, 9.267465710639954, 0.11005605543483916, 0.2636060043200761

[8.49287605 0.82519455]
0.8251945495605475, 8.492876052856445, 0.11006504454005059, 0.2636043440147209

[8.65022242 0.83724418]
0.8372441768646242, 8.650222420692444, 0.11049972752242924, 0.263604730765914

[7.02236992 0.83174665]
0.83174664974213, 7.022369921207428, 0.11030030045038565, 0.26360009161102005

[5.47319061 0.83227394]
0.8322739362716742, 5.473190605640411, 0.11031705187921995, 0.26359336213982565

[5.31584424 0.82022431]
0.8202243089675976, 5.315844237804413, 0.10988109239858457, 0.2635929373158773

[3.64865515 0.81171438]
0.8117143750190841, 3.6486551463603973, 0.10956706296656543, 0.2635798138205021

[0.6289697  0.81879376]
0.8187937617302108, 0.6289696991443634, 0.10975839111361721, 0.26337893980587

[-3.30298348  0.81559337]
0.8155933678150422, -3.3029834777116776, 0.109740676796834, 0.2636770427910028

[-1.19556576  0.7982342 ]
0.7982342004776206, -1.1955657601356506, 0.10913764237160921, 0.26377572159040746

[3.80600151 0.823764  ]
0.8237640023231608, 3.806001514196396, 0.11000525270812381, 0.2635803543904405

[0.47162333 0.80674413]
0.806744134426134, 0.47162333130836487, 0.1092969632061764, 0.26330947402115085

[-1.19556576  0.7982342 ]
0.7982342004776204, -1.1955657601356506, 0.10913764237161008, 0.26377572159041235

[-2.54806212  0.81382352]
0.8138235211372606, -2.548062115907669, 0.10968149351841691, 0.26369301885998725

[2.09947583 0.81224166]
0.8122416615486282, 2.0994758307933807, 0.10957547851574781, 0.2635470584710972

[-0.9988828   0.81329623]
0.8132962346077165, -0.9988828003406525, 0.1096995548007788, 0.2638050669057798

[1.32488617 0.8125053 ]
0.8125053048134003, 1.3248861730098724, 0.10957064964363132, 0.2635032711014326

[-0.22429314  0.81303259]
0.8130325913429444, -0.22429314255714417, 0.10997209752234643, 0.2646413286546957

[0.93759134 0.81263713]
0.8126371264457863, 0.9375913441181183, 0.1095598659495869, 0.263455920398901

[0.16300169 0.81290077]
0.8129007697105584, 0.16300168633460999, 0.10938108292039121, 0.26287449939062735

[-0.22429314  0.81303259]
0.8130325913429441, -0.22429314255714417, 0.10997209752234667, 0.26464132865469475

[0.00565532 0.80085114]
0.8008511424064815, 0.00565531849861145, 0.108580489788641, 0.26153683770005104

[-0.30600187  0.79187983]
0.791879832744617, -0.3060018718242645, 0.10907845793738971, 0.2643055272432164

[-0.30296633  0.80700778]
0.8070077776909058, -0.30296632647514343, 0.10964035785626401, 0.26431542003231184

[0.27797592 0.80681005]
0.806810045242327, 0.2779759168624878, 0.10924095515536723, 0.26312911798178756

[-0.10931891  0.80694187]
0.8069418668747128, -0.10931891202926636, 0.11047659973736386, 0.26675199339437417

[0.18115221 0.806843  ]
0.8068430006504235, 0.18115220963954926, 0.10917910933824161, 0.2629323215613198

[-0.0124952   0.80690891]
0.8069089114666164, -0.01249520480632782, 0.109060818385575, 0.2618897725748491

[-0.16984157  0.79485928]
0.7948592841625395, -0.16984157264232635, 0.1094615322839222, 0.26511510386103476

[0.07979087 0.8083904 ]
0.8083903983235536, 0.0797908715903759, 0.10908535692205798, 0.2624512507512726

[-0.08663076  0.79936966]
0.7993696555495442, -0.08663075789809227, 0.11089079954670665, 0.26874351826616316

[0.03818546 0.80613521]
0.8061352126300513, 0.03818546421825886, 0.10887670527778334, 0.26201733719758724

[-0.04502535  0.80162484]
0.8016248412430466, -0.04502535052597523, 0.1630073122215651, 0.4062050077014804

[0.01738276 0.80500762]
0.8050076197833, 0.017382760532200336, 0.10875668405171147, 0.26170379346394856

[0.03553328 0.79894985]
0.7989498507231652, 0.035533283837139606, 0.10860627545989726, 0.26198449533529733

[-4.88082645e-04  8.04919146e-01]
0.8049191462807536, -0.00048808264546096325, 0.10874284976162582, 0.2614962131548281

[-0.01221552  0.80076267]
0.8007626689039351, -0.01221552467904985, 0.1088209901522245, 0.2618624272632882

[0.00998319 0.80394638]
0.8039463820634588, 0.00998318922938779, 0.10869757512014223, 0.26159108702265027

[-0.00481595  0.80182391]
0.8018239066237763, -0.004815953376237303, 0.10866814966803856, 0.26152670108218895

[-0.01095935  0.80589191]
0.8058919104980484, -0.010959354520309716, 0.1089591339919785, 0.2617642339158952

[0.00150165 0.80211133]
0.8021113344293732, 0.0015016502438811585, 0.1086321564364453, 0.2615020734098732

[0.00582952 0.80520657]
0.8052065740863504, 0.005829520974657498, 0.1087388064492638, 0.2615375174527166

[-0.00215458  0.80266957]
0.8026695734894198, -0.0021545847885136027, 0.10867179914692617, 0.2615000379101527

[-0.00414432  0.80547739]
0.8054773853408003, -0.0041443176778557245, 0.10879343222028659, 0.2615169584863568

[9.01582634e-05 8.02952847e-01]
0.80295284715723, 9.015826344693778e-05, 0.10866829256107059, 0.2614970990585647

[0.00175666 0.80520242]
0.8052024199485639, 0.0017566604064995772, 0.10874389468025104, 0.2615027836109587

[-0.00117677  0.80330279]
0.8033027851042058, -0.0011767734897603077, 0.10868799959281512, 0.2614968816778231

[-0.00175501  0.80526908]
0.8052690842277292, -0.0017550143986682087, 0.10876360191055885, 0.2614981444908223

[-3.71134902e-04  8.03531906e-01]
0.8035319064248548, -0.00037113490208184885, 0.10869168627279377, 0.2614964536677106

[3.17555942e-04 8.05148268e-01]
0.8051482676014026, 0.0003175559422174956, 0.10874721013985938, 0.26149722229571987

[-8.03191132e-04  8.03764156e-01]
0.803764155728505, -0.0008031911317658569, 0.10870254618559327, 0.2614964115769133

[-0.00092014  0.8051514 ]
0.8051513955844037, -0.0009201388751449713, 0.10875378496833142, 0.2614963294964824

[-6.05030389e-04  8.06306386e-01]
0.8063063861366523, -0.0006050303888400776, 0.10879400312396725, 0.261496035482098

[-5.05950017e-04  8.07577501e-01]
0.8075775013407258, -0.000505950017377188, 0.10883969817836639, 0.26149589949884505

[-7.38937877e-05  8.07345252e-01]
0.8073452520370755, -7.389378769318e-05, 0.10882898447314784, 0.26149623255199167

[-2.85455060e-04  8.06796788e-01]
0.8067967879239075, -0.0002854550595561278, 0.10881011413992632, 0.2614960837910152

[-3.03322431e-04  8.09455143e-01]
0.8094551429838798, -0.0003033224314723526, 0.10890685548430228, 0.2614957921521583

[-2.10942324e-04  8.11723141e-01]
0.8117231413354429, -0.00021094232447804728, 0.10898872000319149, 0.2614956678873717

[-4.31437282e-04  8.12503855e-01]
0.8125038547522612, -0.0004314372822991075, 0.10901823593040257, 0.26149550240656916

[-5.04428394e-04  8.15357388e-01]
0.8153573881664378, -0.0005044283936705973, 0.10912209911359849, 0.2614953588922873

[-2.09420701e-04  8.19503028e-01]
0.8195030281611548, -0.00020942070077145658, 0.10927048407767256, 0.2614953537158248

[-6.11560425e-05  8.25465792e-01]
0.8254657915713692, -6.115604246859085e-05, 0.1094848944044518, 0.2614955656422015

[-5.02906770e-04  8.23137275e-01]
0.8231372749921497, -0.0005029067699640066, 0.10940340201712222, 0.26149535364037213

[-6.48888993e-04  8.28844342e-01]
0.8288443418205031, -0.0006488889927069863, 0.10960996045746231, 0.2614957761643183

[-2.07899077e-04  8.27282915e-01]
0.8272829149868668, -0.00020789907706486588, 0.10955115335653313, 0.2614955692150205

[-4.30296065e-04  8.18338770e-01]
0.818338769871545, -0.00043029606451916447, 0.10922960774819067, 0.26149529079311823

[-7.23782134e-04  8.21973017e-01]
0.8219730167025399, -0.0007237821337117145, 0.10936269849277729, 0.26149544074560327

[-3.38011059e-04  8.20120525e-01]
0.8201205252965011, -0.00033801105900652106, 0.10929350993508191, 0.26149529771007657

[-2.65400354e-04  8.15322020e-01]
0.8153220201758964, -0.0002654003535616789, 0.10911949245002892, 0.26149542074174115

[-4.43530166e-04  8.21183461e-01]
0.8211834612880864, -0.0004435301658634247, 0.10933251326831393, 0.26149529683041095

[-5.35815171e-04  8.19401706e-01]
0.8194017058631302, -0.0005358151713760681, 0.10926865609138729, 0.2614952969917487

[-4.86364143e-04  8.19581411e-01]
0.819581410721473, -0.00048636414328368134, 0.10927486619207195, 0.26149528761593216

[-4.73130042e-04  8.16736719e-01]
0.8167367193049315, -0.0004731300419394211, 0.10917187522425127, 0.2614953173304166

[-4.50930135e-04  8.20071776e-01]
0.8200717757922977, -0.0004509301348824238, 0.10929238772192457, 0.2614952861493945

[-5.06998214e-04  8.21314417e-01]
0.8213144166422257, -0.0005069982136469407, 0.10933761158348484, 0.2614953082568282

[-4.49471602e-04  8.19082682e-01]
0.8190826815642152, -0.0004494716018011085, 0.10925662200593533, 0.2614952852486844


------------------------------------------------------------
Sender: LSF System <lsfadmin@n-62-21-107>
Subject: Job 1708356: <minimize_batch_job_this_is_on_purpose_to_utilize_more_kernel> in cluster <dcc> Done

Job <minimize_batch_job_this_is_on_purpose_to_utilize_more_kernel> was submitted from host <gbarlogin2> by user <s174007> in cluster <dcc> at Thu Jan 10 17:20:39 2019
Job was executed on host(s) <n-62-21-107>, in queue <hpc>, as user <s174007> in cluster <dcc> at Thu Jan 10 17:20:39 2019
</zhome/b0/b/127184> was used as the home directory.
</zhome/b0/b/127184/Documents/Projects/machine-learning-on-materials> was used as the working directory.
Started at Thu Jan 10 17:20:39 2019
Terminated at Thu Jan 10 18:29:16 2019
Results reported at Thu Jan 10 18:29:16 2019

Your job looked like:

------------------------------------------------------------
# LSBATCH: User input
#!/bin/bash
##Kør på cpu
#BSUB -q hpc
##Navn på job
#BSUB -J minimize_batch_job_this_is_on_purpose_to_utilize_more_kernel
##Output fil
#BSUB -o output/minimize/linear_GP_newest_batchjobs-%J.out
##Antal kerner
#BSUB -n 1
##Om kernerne må være på forskellige computere
#BSUB -R "span[hosts=1]"
##Ram pr kerne
#BSUB -R "rusage[mem=10GB]"
##Hvor lang tid må den køre hh:mm
#BSUB -W 45:00
##Email når jobbet starter
##og stopper
module purge
module load python3
python3 KRR/minimizer.py linear 3 GP newest [10]
------------------------------------------------------------

Successfully completed.

Resource usage summary:

    CPU time :                                   4114.66 sec.
    Max Memory :                                 2068 MB
    Average Memory :                             1775.42 MB
    Total Requested Memory :                     10240.00 MB
    Delta Memory :                               8172.00 MB
    Max Swap :                                   -
    Max Processes :                              4
    Max Threads :                                5
    Run time :                                   4117 sec.
    Turnaround time :                            4117 sec.

The output (if any) is above this job summary.

