Unloaded module: latex/TeXLive12
Loaded module: python3/3.6.2
[10]
[10.0]
[10.    0.01]
0.01, 10.0, 0.0763490335761509, 0.2785098357995603

[1.05e+01 1.00e-02]
0.01, 10.5, 0.07634903421351816, 0.27850989803163

[10.      0.0105]
0.0105, 10.0, 0.07637003139726575, 0.27843704248645607

[9.5    0.0105]
0.0105, 9.5, 0.0763700306290305, 0.27843697392271133

[9.      0.01075]
0.01075, 9.0, 0.0763807767345654, 0.2784009029436089

[9.      0.01125]
0.011249999999999998, 9.0, 0.076402754047109, 0.2783296823505262

[8.5      0.011875]
0.011875, 8.5, 0.07643110551471702, 0.2782419513856397

[7.5      0.012125]
0.012124999999999999, 7.5, 0.07644271007321432, 0.2782071019523308

[6.25      0.0129375]
0.012937499999999994, 6.25, 0.07648144512784923, 0.2780957045917744

[5.75      0.0140625]
0.014062499999999995, 5.75, 0.0765375406347028, 0.2779454496984338

[4.125      0.01571875]
0.015718749999999997, 4.125, 0.07662496003551987, 0.27773080289082047

[1.875      0.01678125]
0.01678124999999999, 1.875, 0.07668378622771196, 0.27759419568064686

[-1.4375      0.01923437]
0.019234374999999984, -1.4375, 0.0768280157195008, 0.2773140512587355

[-3.5625      0.02201562]
0.022015624999999987, -3.5625, 0.0770025142380193, 0.27699027226196915

[-8.46875     0.02655469]
0.026554687499999986, -8.46875, 0.07731014078597913, 0.2765028000427971

[-14.03125      0.03007031]
0.030070312499999974, -14.03125, 0.0775647226893464, 0.27615171637918307

[-23.109375     0.03724609]
0.03724609374999996, -23.109375, 0.07811961951588314, 0.2754946866645683

[-30.140625     0.04456641]
0.044566406249999954, -30.140625, 0.07872356900565812, 0.27489348237467137

[-44.4921875    0.05723242]
0.05723242187499994, -44.4921875, 0.07983134785877365, 0.27398550212010925

[-59.1328125    0.06792383]
0.06792382812499992, -59.1328125, 0.08080763214437985, 0.27332430212352665

[-84.46484375   0.0886084 ]
0.08860839843749989, -84.46484375, 0.08275467812681267, 0.2722547098374524

[-105.84765625    0.10859473]
0.10859472656249988, -105.84765625, 0.08466617852348252, 0.2714219725735962

[-1.47216797e+02  1.44269043e-01]
0.14426904296874984, -147.216796875, 0.08806698085275785, 0.2702842770515846

[-1.87189453e+02  1.75645020e-01]
0.17564501953124978, -187.189453125, 0.09099576229016845, 0.2695481260324701

[-2.58538086e+02  2.34851318e-01]
0.23485131835937467, -258.5380859375, 0.09628918696408555, 0.26860692121825414

[-3.21290039e+02  2.90511963e-01]
0.29051196289062464, -321.2900390625, 0.10096361802802165, 0.268079057203189

[-4.39702637e+02  3.91463745e-01]
0.39146374511718696, -439.70263671875, 0.1087331929983752, 0.2676565245576988

[-5.51023926e+02  4.82046021e-01]
0.48204602050781176, -551.02392578125, 0.11502286362298435, 0.2676361017401561

[-7.52927490e+02  6.50934509e-01]
0.6509345092773426, -752.927490234375, 0.12536184208770298, 0.2680881022592589

[-7.32188477e+02  6.38658447e-01]
0.638658447265624, -732.1884765625, 0.12466274763716435, 0.26804094067534656

[-6.13775879e+02  5.37706665e-01]
0.5377066650390616, -613.77587890625, 0.11861251906436689, 0.2677304945440732

[-3.76950684e+02  3.35803101e-01]
0.3358031005859371, -376.95068359375, 0.10455703459290439, 0.2678216894593346

[-5.54569580e+02  4.87230774e-01]
0.4872307739257805, -554.569580078125, 0.11536557037649703, 0.2676419948049792

[-6.65890869e+02  5.77813049e-01]
0.5778130493164053, -665.890869140625, 0.12108323443657279, 0.2678354266900993

[-4.96249695e+02  4.38051071e-01]
0.43805107116699155, -496.24969482421875, 0.11204162718541198, 0.26761435758158425

[-4.92704041e+02  4.32866318e-01]
0.43286631774902273, -492.70404052734375, 0.11168136918104597, 0.2676154471819335

[-4.37929810e+02  3.88871368e-01]
0.38887136840820247, -437.9298095703125, 0.10854424802623587, 0.26766118778112863

[-5.22750397e+02  4.58752357e-01]
0.45875235748290943, -522.7503967285156, 0.11346101690527997, 0.26761798469417847

[-4.66203339e+02  4.12165031e-01]
0.4121650314331048, -466.2033386230469, 0.1102233875043047, 0.2676284565947287

[-5.08613632e+02  4.47105526e-01]
0.4471055259704583, -508.61363220214844, 0.11266615851413053, 0.26761441215564735

[-5.12159286e+02  4.52290279e-01]
0.45229027938842703, -512.1592864990234, 0.11302116979607604, 0.2676155280906802

[-4.97567852e+02  4.37722308e-01]
0.4377223081588738, -497.5678520202637, 0.11201884059811783, 0.26761440180973817

[-4.85203915e+02  4.28667853e-01]
0.428667853355407, -485.203914642334, 0.11138821883759857, 0.2676169480795972

[-5.02761203e+02  4.42496108e-01]
0.44249610781669546, -502.7612028121948, 0.11234895176192192, 0.267614078295357

[-5.01443046e+02  4.42824871e-01]
0.44282487082481314, -501.4430456161499, 0.1123716263356702, 0.2676140815027447

[-5.07954554e+02  4.47269907e-01]
0.44726990747451706, -507.954553604126, 0.11267744314209756, 0.2676144357124657

[-4.9917591e+02  4.4035578e-01]
0.4403557802438729, -499.17590951919556, 0.11220114811261646, 0.2676141382953967

[-5.05028339e+02  4.44965198e-01]
0.4449651983976357, -505.02833890914917, 0.112519054483534, 0.26761417926442804

[-5.00639017e+02  4.41508135e-01]
0.4415081347823136, -500.63901686668396, 0.1122807663387283, 0.26761408895584166

[-5.03565232e+02  4.43812844e-01]
0.443812843859195, -503.56523156166077, 0.11243971932313931, 0.26761410967678956

[-5.01370571e+02  4.42084312e-01]
0.442084312051534, -501.37057054042816, 0.11232053998073528, 0.2676140792549665

[-5.02688728e+02  4.41755549e-01]
0.4417555490434163, -502.6887277364731, 0.11229784809576988, 0.2676140833300063

[-5.01754466e+02  4.42557540e-01]
0.44255754037946393, -501.7544661462307, 0.11235318939647816, 0.2676140787543127

[-5.03145098e+02  4.42969336e-01]
0.4429693361446254, -503.14509841799736, 0.11238158732739958, 0.2676140836155575

[-5.01814203e+02  4.42305568e-01]
0.4423055680748068, -501.81420250982046, 0.11233580703696397, 0.267614078151566

[-5.02820939e+02  4.42244136e-01]
0.44224413551203834, -502.8209391757846, 0.11233156830163094, 0.2676140781538427

[-5.01873939e+02  4.42053596e-01]
0.4420535957701497, -501.8739388734102, 0.1123184201629093, 0.2676140794458003

[-5.02539387e+02  4.42385480e-01]
0.44238547980505905, -502.5393868274987, 0.11234132016734175, 0.2676140780333399

[-5.01532650e+02  4.42446912e-01]
0.4424469123678275, -501.53265016153455, 0.11234555828525845, 0.2676140782899519

[-5.02498867e+02  4.42294830e-01]
0.44229482972598566, -502.4988669222221, 0.11233506607209193, 0.2676140780728826

[-5.03224051e+02  4.42374741e-01]
0.4423747414562379, -503.2240512399003, 0.11234057926314144, 0.2676140779306621

[-5.03928976e+02  4.42409328e-01]
0.44240932814695344, -503.9289756049402, 0.11234296524855748, 0.26761407787360203

[-5.03969496e+02  4.42499978e-01]
0.4424999782260268, -503.9694955102168, 0.11234921860685647, 0.26761407814575244

[-5.02866524e+02  4.42346117e-01]
0.44234611685099595, -502.86652406922076, 0.11233860448591011, 0.2676140779745673

[-5.04256113e+02  4.42369965e-01]
0.4423699651928903, -504.2561128466623, 0.11234024963478134, 0.26761407778555185

[-5.05114476e+02  4.42362208e-01]
0.4423622078868059, -505.1144758562441, 0.11233971436250062, 0.2676140776640465

[-5.06176927e+02  4.42425419e-01]
0.4424254191827634, -506.17692739196355, 0.11234407505383802, 0.26761407759836986

[-5.07832129e+02  4.42465070e-01]
0.4424650703486471, -507.83212905333494, 0.11234681017288499, 0.26761407748352534

[-5.09017629e+02  4.42417950e-01]
0.4424179500884996, -509.01762930463883, 0.11234355947471854, 0.2676140771971858

[-5.11561956e+02  4.42422261e-01]
0.44242226105927274, -511.56195615448814, 0.11234385658987313, 0.26761407686536587

[-5.14279609e+02  4.42525124e-01]
0.44252512352111395, -514.279609351579, 0.11235095196867288, 0.2676140768782757

[-5.18009436e+02  4.42482314e-01]
0.44248231423173956, -518.0094364527322, 0.11234799857869095, 0.2676140761955615

[-5.23098090e+02  4.42490936e-01]
0.44249093617328583, -523.0980901524308, 0.11234859278988749, 0.2676140755750477

[-5.20380437e+02  4.42388074e-01]
0.4423880737114446, -520.38043695534, 0.11234149715167238, 0.2676140756552826

[-5.31916571e+02  4.42456749e-01]
0.4424567488254577, -531.9165709532826, 0.11234623356011295, 0.26761407434594403

[-5.42093878e+02  4.42473993e-01]
0.44247399270855015, -542.0938783526799, 0.11234742207412592, 0.26761407317277747

[-5.44811532e+02  4.42576855e-01]
0.44257685517039136, -544.8115315497707, 0.11235451710620144, 0.2676140733826644

[-5.63807320e+02  4.42559912e-01]
0.4425599117056557, -563.8073197500198, 0.1123533466418134, 0.26761407111375873

[-5.84161935e+02  4.42594399e-01]
0.44259439947184065, -584.1619345488143, 0.11235572364813338, 0.2676140691891095

[-5.81444281e+02  4.42491537e-01]
0.44249153700999944, -581.4442813517235, 0.1123486287101377, 0.2676140688862421

[-5.99760656e+02  4.42448878e-01]
0.4424488779298035, -599.7606562526998, 0.11234568447113924, 0.2676140669035437

[-6.41828712e+02  4.42569285e-01]
0.442569284693094, -641.8287124488343, 0.11235398693786676, 0.26761406365028045

[-6.91696129e+02  4.42616931e-01]
0.4426169306853658, -691.6961294969115, 0.11235727002068215, 0.267614060072718

[-7.07294851e+02  4.42471409e-01]
0.4424714091433286, -707.294851200797, 0.1123472314426251, 0.2676140581312678

[-7.68861310e+02  4.42409914e-01]
0.4424099139790725, -768.8613095267883, 0.11234298596973731, 0.2676140540222171

[-8.60796783e+02  4.42577967e-01]
0.4425779667346348, -860.7967827709999, 0.11235457436409334, 0.26761404987836707

[-9.91314846e+02  4.42642511e-01]
0.44264251113705044, -991.31484603015, 0.1123590217403404, 0.26761404503522673

[-1.06848003e+03  4.42435494e-01]
0.44243549443075714, -1068.4800260600268, 0.11234474015095079, 0.26761404135314604

[-1.25687197e+03  4.42344776e-01]
0.4423447763034529, -1256.8719743415845, 0.11233847764449262, 0.26761403636515047

[-1.47932551e+03  4.42577373e-01]
0.4425773734614309, -1479.3255108449462, 0.11235451944785639, 0.2676140329295756

[-1.83455761e+03  4.42661103e-01]
0.4426611032026102, -1834.5576115040249, 0.11236029066398585, 0.26761402901977155

[-2.10011474e+03  4.42363368e-01]
0.4423633683690127, -2100.1147398154594, 0.11233975112189787, 0.2676140252267214

[-2.65451469e+03  4.42223797e-01]
0.4422237969849938, -2654.514686708114, 0.11233011854307524, 0.26761402201403284

[-3.23220032e+03  4.42540124e-01]
0.4425401238841511, -3232.2003238705543, 0.112351939559737, 0.2676140199049815

[-4.21986450e+03  4.42637798e-01]
0.4426377976745002, -4219.864498635039, 0.11235867441293838, 0.2676140180615211

[-5.03982157e+03  4.42200491e-01]
0.4422004914568838, -5039.821573839128, 0.11232850531250421, 0.2676140158957009

[-6.64245356e+03  4.41970186e-01]
0.44197018558402057, -6642.453555006679, 0.11231261060091828, 0.2676140160744419

[-6.60517139e+03  4.42614492e-01]
0.44261449214639015, -6605.171385766053, 0.11235706453880263, 0.2676140148852444

[-8.58049974e+03  4.42809840e-01]
0.4428098397270883, -8580.499735295023, 0.11237053570213207, 0.2676140157559926

[-7.42512846e+03  4.42177186e-01]
0.44217718592877375, -7425.1284609701415, 0.11232689534629527, 0.2676140137900748

[-9.02776044e+03  4.41946880e-01]
0.44194688005591054, -9027.760442137693, 0.11231100093887236, 0.2676140149945902

[-8.99047827e+03  4.42591187e-01]
0.4425911866182801, -8990.478272897066, 0.1123554559371153, 0.2676140133287436

[-1.09658066e+04  4.42786534e-01]
0.4427865341989783, -10965.806622426036, 0.11236892785295531, 0.2676140145684159

[-9.81043535e+03  4.42153880e-01]
0.4421538804006637, -9810.435348101153, 0.11232528622662558, 0.2676140127820524

[-1.14130673e+04  4.41923575e-01]
0.4419235745278005, -11413.067329268704, 0.11230939171018783, 0.2676140144660253

[-1.13757852e+04  4.42567881e-01]
0.4425678810901701, -11375.785160028076, 0.11235384777449794, 0.26761401233656007

[-1.33511135e+04  4.42763229e-01]
0.44276322867086826, -13351.113509557043, 0.11236732021548244, 0.2676140136804117

[-1.21957422e+04  4.42130575e-01]
0.4421305748725537, -12195.742235232161, 0.11232367744265613, 0.2676140121874562

[-1.37983742e+04  4.41900269e-01]
0.4419002689996905, -13798.374216399709, 0.11230778268088373, 0.26761401426947123

[-1.37610920e+04  4.42544576e-01]
0.44254457556206006, -13761.092047159083, 0.11235223980769429, 0.2676140116963949

[-1.57364204e+04  4.42739923e-01]
0.44273992314275823, -15736.420396688052, 0.11236571267575496, 0.26761401303338517

[-1.45810491e+04  4.42107269e-01]
0.44210726934444367, -14581.04912236317, 0.11232206881097645, 0.2676140119202447

[-1.61463989e+04  4.42521270e-01]
0.44252127003395003, -16146.398934290095, 0.1123506319337665, 0.267614011162336

[-1.81217273e+04  4.42716618e-01]
0.4427166176146482, -18121.727283819066, 0.11236410518945265, 0.26761401245112065

[-1.53264419e+04  4.42958576e-01]
0.4429585762515664, -15326.441859086006, 0.11238079003692722, 0.2676140162876013

[-1.47673973e+04  4.42320096e-01]
0.44232009607122436, -14767.39730654388, 0.11233675394275132, 0.26761401101794535

[-1.71527042e+04  4.42296791e-01]
0.4422967905431143, -17152.70419367489, 0.11233514573155051, 0.2676140107436706

[-1.88485103e+04  4.42172898e-01]
0.44217289803364146, -18848.510266932797, 0.11232659710628924, 0.2676140110002717

[-1.57737026e+04  4.42095617e-01]
0.44209561658038865, -15773.702565928676, 0.11232126452060616, 0.2676140118794405

[-1.60532248e+04  4.42414857e-01]
0.4424148566705597, -16053.22484219974, 0.11234329128968139, 0.26761401084557923

[-1.84385317e+04  4.42391551e-01]
0.44239155114244966, -18438.53172933075, 0.11234168326795056, 0.2676140105332758

[-2.02740989e+04  4.42427279e-01]
0.4424272786780623, -20274.09894072418, 0.11234414785307507, 0.26761401041504707

[-2.13735783e+04  4.42309213e-01]
0.44230921255061695, -21373.578292199334, 0.11233600245188183, 0.26761401030454335

[-2.4033755e+04  4.4225639e-01]
0.4422563904906456, -24033.75501719913, 0.11233235781682571, 0.26761401022315484

[-2.71551498e+04  4.42386879e-01]
0.44238687862559356, -27155.14976424842, 0.11234136043012215, 0.2676140099132434

[-3.21563725e+04  4.42431923e-01]
0.4424319226668332, -32156.37254953519, 0.11234446768445405, 0.2676140097756603

[-3.59160286e+04  4.42261034e-01]
0.44226103447941645, -35916.02862601014, 0.11233267781834251, 0.26761400972966576

[-4.37369935e+04  4.42177912e-01]
0.4421779123800935, -43736.99346865312, 0.11232694224607659, 0.26761400989909434

[-4.40386462e+04  4.42436567e-01]
0.44243656665560405, -44038.64615834619, 0.11234478782754652, 0.26761400952560926

[-5.40410917e+04  4.42526655e-01]
0.4425266547380833, -54041.091728919724, 0.11235100202791684, 0.2676140097565765

[-4.77983022e+04  4.42265678e-01]
0.4422656784681873, -47798.302234821145, 0.11233299804587193, 0.2676140095037679

[-5.56192671e+04  4.42182556e-01]
0.4421825563688644, -55619.26707746413, 0.11232726258457287, 0.26761400959692466

[-5.59209198e+04  4.42441211e-01]
0.4424412106443749, -55920.919767157204, 0.11234510804212763, 0.2676140093053897

[-6.59233653e+04  4.42531299e-01]
0.44253129872685415, -65923.36533773073, 0.11235132234060606, 0.2676140095347006

[-5.96805758e+04  4.42270322e-01]
0.4422703224569582, -59680.57584363215, 0.112333318398759, 0.26761400938487984

[-6.78031934e+04  4.42445855e-01]
0.4424458546331458, -67803.1933759682, 0.112345428300575, 0.26761400932197926

[-6.40435373e+04  4.42616743e-01]
0.4426167428205625, -64043.537299493255, 0.11235721586724629, 0.267614010199688

[-6.07713162e+04  4.42356928e-01]
0.44235692754785927, -60771.316207597425, 0.11233929354135526, 0.26761400921694184

[-4.88890426e+04  4.42352284e-01]
0.4423522835590884, -48889.04259878643, 0.11233897324260726, 0.26761400933901053

[-6.30746557e+04  4.42422462e-01]
0.4424224618646314, -63074.65568167275, 0.11234381463011549, 0.2676140093776356

[-5.83461180e+04  4.42399069e-01]
0.4423990690961171, -58346.117987377314, 0.11234220081199105, 0.26761400919946066

[-6.42872548e+04  4.42401391e-01]
0.4424013910905025, -64287.25479178281, 0.1123423610221985, 0.2676140091566632

[-6.18620566e+04  4.42443533e-01]
0.44244353263876035, -61862.0565715627, 0.11234526818041353, 0.2676140093376614

[-6.10440013e+04  4.42378579e-01]
0.4423785788205845, -61044.001298588744, 0.11234078719627227, 0.26761400926007184

[-6.13166864e+04  4.42400230e-01]
0.4424002300933098, -61316.68638958006, 0.11234228090315986, 0.2676140090896628

[-6.25292855e+04  4.42379159e-01]
0.4423791593191809, -62529.285499690115, 0.11234082730320223, 0.2676140090570123

[-5.95587171e+04  4.42377998e-01]
0.44237799832198815, -59558.717097487366, 0.11234074717170638, 0.26761400925220946

[-6.31051204e+04  4.42395543e-01]
0.4423955428983739, -63105.120368208954, 0.11234195757675676, 0.2676140092301367

[-6.19229859e+04  4.42389695e-01]
0.44238969470624534, -61922.98594463509, 0.11234155413948393, 0.2676140091919509

[-6.34082701e+04  4.42390275e-01]
0.44239027520484175, -63408.27014573646, 0.11234159418740536, 0.26761400909854033

[-6.40145697e+04  4.42379740e-01]
0.44237973981777734, -64014.569700791486, 0.1123408673098437, 0.26761400926678264

[-6.24458819e+04  4.42387206e-01]
0.44238720598412834, -62445.881883674185, 0.11234138242414349, 0.2676140091824588

[-6.34916738e+04  4.42382229e-01]
0.44238222853989434, -63491.67376175239, 0.11234103901507587, 0.26761400922829975

[-6.27073299e+04  4.42385962e-01]
0.44238596162306987, -62707.32985319373, 0.11234129655380824, 0.2676140091059736

[-6.32302258e+04  4.42383473e-01]
0.4423834729009528, -63230.22579223284, 0.11234112486187914, 0.2676140091215293

[-6.28380538e+04  4.42385339e-01]
0.4423853394425406, -62838.053837953514, 0.11234125359301259, 0.2676140090416165

[-6.19590692e+04  4.42374224e-01]
0.44237422355687983, -61959.06919190717, 0.11234048680059466, 0.26761400912120514

[-6.30459699e+04  4.42386262e-01]
0.4423862622928513, -63045.96990727914, 0.11234131728029524, 0.2676140092205128

[-6.26836697e+04  4.42382249e-01]
0.4423822493808608, -62683.669668821814, 0.11234104042569801, 0.26761400916756756

[-6.31231620e+04  4.42387807e-01]
0.4423878073236912, -63123.16199184499, 0.11234142386318183, 0.2676140090170399

[-6.32775462e+04  4.42390897e-01]
0.4423908973853711, -63277.546160976686, 0.11234163707423235, 0.26761400914530425

[-6.31290770e+04  4.42388735e-01]
0.44238873538424345, -63129.07703793797, 0.11234148791030069, 0.2676140092121647

[-6.29806079e+04  4.42386573e-01]
0.44238657338311593, -62980.60791489925, 0.11234133876891658, 0.2676140092221974

[-6.29034158e+04  4.42385028e-01]
0.442385028352276, -62903.4158303334, 0.1123412321724849, 0.2676140091519893

[-6.30459699e+04  4.42386262e-01]
0.4423862622928513, -63045.96990727913, 0.11234131732393167, 0.2676140092727504

[-6.29969484e+04  4.42386496e-01]
0.44238649561054977, -62996.94841299422, 0.11234133335604331, 0.26761400922084083

[-6.30296294e+04  4.42386340e-01]
0.44238634006541744, -63029.62940918416, 0.1123413226475043, 0.2676140091099594

[-6.32493756e+04  4.42389119e-01]
0.44238911903683265, -63249.37557069576, 0.11234151438789876, 0.2676140091932373

[-6.29899058e+04  4.42386051e-01]
0.44238605102341516, -62989.90576542399, 0.11234130271590627, 0.26761400925759804

[-6.30763957e+04  4.42387074e-01]
0.4423870736945543, -63076.39570051458, 0.11234137325871366, 0.26761400928009726

[-6.30132889e+04  4.42386418e-01]
0.4423864178379836, -63013.28891108919, 0.11234132805848634, 0.2676140091415804

[-6.30600552e+04  4.42387151e-01]
0.4423871514671205, -63060.05520241961, 0.1123413786325744, 0.26761400931126356

[-6.30723106e+04  4.42387093e-01]
0.44238709313769586, -63072.310575990836, 0.11234137458867736, 0.2676140092463822

[-6.30641403e+04  4.42387132e-01]
0.44238713202397895, -63064.14032694335, 0.11234137729779031, 0.26761400914580147

[-6.30661829e+04  4.42387122e-01]
0.4423871223024082, -63066.18288920522, 0.11234137661267543, 0.26761400917726946

[-6.30682255e+04  4.42387113e-01]
0.4423871125808374, -63068.22545146709, 0.1123413759467929, 0.267614009251131

[-6.30977363e+04  4.42387450e-01]
0.44238745023069354, -63097.73628391791, 0.11234139925997406, 0.26761400918333345

[-6.31526728e+04  4.42388145e-01]
0.4423881449735474, -63152.672824295805, 0.11234144718143695, 0.26761400918823036

[-6.31315610e+04  4.42387887e-01]
0.4423878868753699, -63131.56098108862, 0.112341429379865, 0.2676140091035987

[-6.31569867e+04  4.42388244e-01]
0.44238824396836757, -63156.9866890157, 0.11234145401404667, 0.2676140091464955

[-6.31421741e+04  4.42388046e-01]
0.44238804553394906, -63142.17408774125, 0.11234144032868056, 0.2676140091624828

[-6.31273615e+04  4.42387847e-01]
0.44238784709953055, -63127.361486466805, 0.11234142663728847, 0.26761400911666083

[-6.31104491e+04  4.42387629e-01]
0.4423876287771924, -63110.44913788145, 0.11234141158381031, 0.26761400923234163

[-6.31400743e+04  4.42388026e-01]
0.4423880256460293, -63140.07434043034, 0.11234143896100018, 0.26761400910674105

[-6.31358748e+04  4.42387986e-01]
0.44238798587018996, -63135.87484580852, 0.1123414361779135, 0.2676140091670002

[-6.31294898e+04  4.42387882e-01]
0.4423878817921954, -63129.48982630223, 0.11234142903721446, 0.2676140091651644

[-6.31316182e+04  4.42387916e-01]
0.44238791648486026, -63131.61816613766, 0.11234143140185458, 0.2676140092241766

[-6.31252617e+04  4.42387827e-01]
0.44238782721161085, -63125.261739155896, 0.1123414252845866, 0.2676140091735133

[-6.31168056e+04  4.42387718e-01]
0.4423877180504418, -63116.80556486323, 0.11234141775974843, 0.26761400911207095

[-6.31147058e+04  4.42387698e-01]
0.4423876981625221, -63114.70581755232, 0.11234141640508175, 0.26761400919736406

[-6.31226228e+04  4.42387795e-01]
0.44238779494933866, -63122.622758755, 0.11234142300210259, 0.2676140090908364

[-6.31289792e+04  4.42387884e-01]
0.44238788422258807, -63128.97918573677, 0.11234142921319037, 0.26761400923141687

[-6.3119849e+04  4.4238776e-01]
0.44238775959347837, -63119.84897008161, 0.11234142065020389, 0.26761400899140414

[-6.31203882e+04  4.42387772e-01]
0.44238777196783086, -63120.3882031716, 0.11234142145265047, 0.2676140092031338

[-6.31220641e+04  4.42387789e-01]
0.4423877892039617, -63122.06411985915, 0.11234142265018766, 0.2676140091462699

[-6.31215055e+04  4.42387783e-01]
0.44238778345858476, -63121.5054809633, 0.11234142220836377, 0.2676140090529997

[-6.31212359e+04  4.42387777e-01]
0.44238777727140854, -63121.23586441831, 0.11234142179744472, 0.2676140092771943

[-6.31201186e+04  4.42387766e-01]
0.44238776578065464, -63120.1185866266, 0.11234142102973851, 0.26761400922456874

[-6.31203979e+04  4.42387769e-01]
0.4423877686533431, -63120.397906074526, 0.11234142124657755, 0.2676140092946549

[-6.31206772e+04  4.42387772e-01]
0.4423877715260316, -63120.67722552246, 0.11234142141333049, 0.2676140092250923

[-6.31205424e+04  4.42387768e-01]
0.44238776843244343, -63120.54241724996, 0.11234142118353409, 0.2676140090529971

[-6.31197142e+04  4.42387756e-01]
0.44238775649989015, -63119.71416180912, 0.11234142037927654, 0.26761400900958376

[-6.31190207e+04  4.42387748e-01]
0.44238774766092515, -63119.02071464076, 0.11234141973616643, 0.26761400930644236

[-6.31201620e+04  4.42387763e-01]
0.44238776323956386, -63120.16199159766, 0.11234142086715353, 0.26761400932080787

[-6.31197816e+04  4.42387758e-01]
0.4423877580466843, -63119.78156594536, 0.11234142050560918, 0.267614009211707

[-6.31201957e+04  4.42387764e-01]
0.44238776401296087, -63120.19569366579, 0.11234142087699284, 0.267614009045714

[-6.31202631e+04  4.42387766e-01]
0.4423877655597549, -63120.26309780203, 0.11234142098751596, 0.2676140092792863

[-6.31199019e+04  4.42387760e-01]
0.44238775992495194, -63119.90194890953, 0.1123414206811115, 0.2676140092314

[-6.31200223e+04  4.42387762e-01]
0.4423877618032196, -63120.0223318737, 0.11234142075304483, 0.26761400928372114

[-6.31198153e+04  4.42387759e-01]
0.4423877588200813, -63119.81526801349, 0.1123414205581869, 0.2676140092428266

[-6.31196419e+04  4.42387757e-01]
0.44238775661034013, -63119.64190622141, 0.11234142034901161, 0.2676140091449501

[-6.31196756e+04  4.42387757e-01]
0.44238775738373715, -63119.67560828954, 0.11234142045866577, 0.2676140091691355

[-6.31197105e+04  4.42387758e-01]
0.44238775774282313, -63119.71052322052, 0.11234142045009866, 0.26761400917463357

[-6.31197454e+04  4.42387758e-01]
0.4423877581019092, -63119.74543815151, 0.11234142046796054, 0.26761400914916567

[-6.31198321e+04  4.42387759e-01]
0.44238775920677986, -63119.832119047554, 0.11234142057831681, 0.26761400914771394

[-6.31199357e+04  4.42387761e-01]
0.44238776069834895, -63119.935650977655, 0.11234142068433871, 0.2676140092307208

[-6.31197930e+04  4.42387759e-01]
0.44238775875101916, -63119.792991358045, 0.11234142056007372, 0.267614009110592

[-6.31198098e+04  4.42387759e-01]
0.44238775913771766, -63119.809842392104, 0.11234142054428675, 0.26761400928928336

[-6.31198265e+04  4.42387759e-01]
0.44238775918951434, -63119.82654988369, 0.11234142060944596, 0.26761400914721034

[-6.31198154e+04  4.42387759e-01]
0.4423877591549832, -63119.81541155597, 0.1123414205529828, 0.26761400908921573

[-6.31198714e+04  4.42387760e-01]
0.44238775999744245, -63119.87139027954, 0.11234142059467318, 0.2676140092218428

[-6.31198126e+04  4.42387759e-01]
0.44238775906262495, -63119.81259108842, 0.11234142054671095, 0.2676140092594306

[-6.31198322e+04  4.42387759e-01]
0.4423877593742308, -63119.83219081879, 0.11234142057705461, 0.2676140090964732

[-6.31198210e+04  4.42387759e-01]
0.44238775917224876, -63119.82098071983, 0.11234142053827718, 0.26761400905909066

[-6.31198378e+04  4.42387759e-01]
0.4423877593914963, -63119.83775998265, 0.11234142058029835, 0.2676140090827866

[-6.31198364e+04  4.42387759e-01]
0.44238775938717995, -63119.83636769169, 0.1123414205880706, 0.2676140091065788

[-6.31198350e+04  4.42387759e-01]
0.44238775938286357, -63119.83497540072, 0.11234142060354647, 0.2676140092516525

[-6.31198406e+04  4.42387759e-01]
0.44238775948385456, -63119.8405804502, 0.11234142057457211, 0.2676140091588249

[-6.31198546e+04  4.42387760e-01]
0.4423877596944694, -63119.8545751311, 0.11234142060943629, 0.26761400918658557

[-6.31198497e+04  4.42387760e-01]
0.44238775961656795, -63119.849675198515, 0.11234142063602283, 0.26761400918855954

[-6.31198448e+04  4.42387760e-01]
0.4423877595386665, -63119.84477526591, 0.11234142059003177, 0.267614009379857

[-6.31198420e+04  4.42387759e-01]
0.442387759488171, -63119.84197274117, 0.11234142059560845, 0.26761400924445694

[-6.31198462e+04  4.42387760e-01]
0.4423877595429828, -63119.84616755687, 0.11234142058240115, 0.2676140092102916

[-6.31198532e+04  4.42387760e-01]
0.44238775964829025, -63119.853164897315, 0.11234142059863907, 0.267614009101297

[-6.3119856e+04  4.4238776e-01]
0.44238775969878574, -63119.85596742206, 0.11234142061700382, 0.2676140091854222

[-6.31198535e+04  4.42387760e-01]
0.442387759659835, -63119.853517455755, 0.11234142062932928, 0.26761400904421495

[-6.31198493e+04  4.42387760e-01]
0.4423877596050231, -63119.84932264006, 0.11234142061557555, 0.2676140094183871

[-6.31198522e+04  4.42387760e-01]
0.44238775963747345, -63119.852204333, 0.11234142062683689, 0.267614009102005

[-6.31198512e+04  4.42387760e-01]
0.44238775962665666, -63119.85124376869, 0.11234142058157837, 0.2676140091712777

[-6.31198511e+04  4.42387760e-01]
0.4423877596208843, -63119.851067489464, 0.11234142058725745, 0.26761400914409444

[-6.31198488e+04  4.42387760e-01]
0.44238775958770604, -63119.84879380239, 0.11234142055657603, 0.26761400913138805

[-6.31198467e+04  4.42387760e-01]
0.4423877595603001, -63119.84669639454, 0.112341420639846, 0.2676140091425333

[-6.31198478e+04  4.42387760e-01]
0.44238775957544607, -63119.84778916828, 0.11234142059713662, 0.26761400923818207

[-6.31198489e+04  4.42387760e-01]
0.4423877595905922, -63119.848881942, 0.11234142059191607, 0.26761400925026424

[-6.3119850e+04  4.4238776e-01]
0.44238775960718135, -63119.85001878554, 0.11234142058797122, 0.2676140093066632

[-6.31198478e+04  4.42387760e-01]
0.44238775957688914, -63119.84783323808, 0.11234142061352319, 0.2676140091338647

[-6.31198479e+04  4.42387760e-01]
0.4423877595797753, -63119.84792137769, 0.11234142061114893, 0.267614009169344

[-6.31198482e+04  4.42387760e-01]
0.4423877595824795, -63119.84816151877, 0.11234142060132803, 0.26761400914694566

[-6.31198486e+04  4.42387760e-01]
0.44238775958788795, -63119.84864180092, 0.11234142060265824, 0.2676140091956401

[-6.31198483e+04  4.42387760e-01]
0.4423877595838316, -63119.84828158931, 0.11234142060661399, 0.2676140092049528

[-6.31198484e+04  4.42387760e-01]
0.4423877595851837, -63119.848401659845, 0.11234142059147428, 0.2676140092297261

[-6.31198486e+04  4.42387760e-01]
0.44238775958797893, -63119.84856580019, 0.11234142057863311, 0.2676140091365635


------------------------------------------------------------
Sender: LSF System <lsfadmin@n-62-21-8>
Subject: Job 1708286: <minimize_batch_job_this_is_on_purpose_to_utilize_more_kernel> in cluster <dcc> Done

Job <minimize_batch_job_this_is_on_purpose_to_utilize_more_kernel> was submitted from host <gbarlogin2> by user <s174007> in cluster <dcc> at Thu Jan 10 17:20:31 2019
Job was executed on host(s) <n-62-21-8>, in queue <hpc>, as user <s174007> in cluster <dcc> at Thu Jan 10 17:20:32 2019
</zhome/b0/b/127184> was used as the home directory.
</zhome/b0/b/127184/Documents/Projects/machine-learning-on-materials> was used as the working directory.
Started at Thu Jan 10 17:20:32 2019
Terminated at Thu Jan 10 18:47:27 2019
Results reported at Thu Jan 10 18:47:27 2019

Your job looked like:

------------------------------------------------------------
# LSBATCH: User input
#!/bin/bash
##Kør på cpu
#BSUB -q hpc
##Navn på job
#BSUB -J minimize_batch_job_this_is_on_purpose_to_utilize_more_kernel
##Output fil
#BSUB -o output/minimize/linear_GP_default_batchjobs-%J.out
##Antal kerner
#BSUB -n 1
##Om kernerne må være på forskellige computere
#BSUB -R "span[hosts=1]"
##Ram pr kerne
#BSUB -R "rusage[mem=10GB]"
##Hvor lang tid må den køre hh:mm
#BSUB -W 45:00
##Email når jobbet starter
##og stopper
module purge
module load python3
python3 KRR/minimizer.py linear 0.01 GP default [10]
------------------------------------------------------------

Successfully completed.

Resource usage summary:

    CPU time :                                   5211.97 sec.
    Max Memory :                                 1261 MB
    Average Memory :                             1061.89 MB
    Total Requested Memory :                     10240.00 MB
    Delta Memory :                               8979.00 MB
    Max Swap :                                   -
    Max Processes :                              4
    Max Threads :                                5
    Run time :                                   5227 sec.
    Turnaround time :                            5216 sec.

The output (if any) is above this job summary.

