Unloaded module: latex/TeXLive12
Loaded module: python3/3.6.2
[5]
[5.0]
[5. 1.]
1.0, 5.0, 0.15658185268243316, 0.27327396534056264

[5.25 1.  ]
1.0, 5.25, 0.15658229793847833, 0.2732745173076393

[5.   1.05]
1.05, 5.0, 0.15882131952360537, 0.2736285510540936

[5.25 0.95]
0.95, 5.25, 0.1542573828790759, 0.27292675947666256

[5.375 0.9  ]
0.8999999999999999, 5.375, 0.1518405881492644, 0.272588041997115

[5.125 0.9  ]
0.8999999999999999, 5.125, 0.15184018522541212, 0.2725875279033104

[5.0625 0.85  ]
0.8499999999999996, 5.0625, 0.1493235717114474, 0.27225960778493974

[5.4375 0.75  ]
0.7499999999999996, 5.4375, 0.14395783960058683, 0.271650741199941

[5.65625 0.625  ]
0.6249999999999991, 5.65625, 0.13651459016510248, 0.27102145028067687

[5.34375 0.575  ]
0.5749999999999988, 5.34375, 0.13326484854256054, 0.2708312314608935

[5.328125 0.4125  ]
0.4124999999999983, 5.328125, 0.12133912326730299, 0.2706395894096629

[5.921875 0.1875  ]
0.18749999999999778, 5.921875, 0.09979535464484866, 0.2729723694777691

[5.27734375 0.684375  ]
0.6843749999999992, 5.27734375, 0.14016235072137964, 0.27129666574500266

[5.70703125 0.353125  ]
0.35312499999999825, 5.70703125, 0.11633639011240766, 0.27082939006028794

[5.37890625 0.140625  ]
0.14062499999999745, 5.37890625, 0.0942136898159584, 0.27442999170732274

[5.58691406 0.50390625]
0.5039062499999987, 5.5869140625, 0.1283283766871578, 0.27065121586979

[5.20800781 0.56328125]
0.5632812499999987, 5.2080078125, 0.13247766177037018, 0.27079332457988214

[5.33276367 0.51074219]
0.5107421874999987, 5.332763671875, 0.12882033866365739, 0.2706627097467574

[5.58227539 0.40566406]
0.4056640624999983, 5.582275390625, 0.12078349873069041, 0.2706523831064189

[5.51989746 0.43193359]
0.4319335937499984, 5.5198974609375, 0.12289277852867639, 0.2706158987588506

[5.2611084  0.34052734]
0.34052734374999805, 5.2611083984375, 0.11522059622421768, 0.2708958471082258

[5.50546265 0.46306152]
0.4630615234374985, 5.505462646484375, 0.1253025106505647, 0.2706092619919111

[5.69723511 0.48249512]
0.4824951171874986, 5.697235107421875, 0.1267608406552508, 0.2706229025065504

[5.60495758 0.46499634]
0.46499633789062356, 5.604957580566406, 0.1254493317006734, 0.27061016514888153

[5.59052277 0.49612427]
0.49612426757812367, 5.590522766113281, 0.12776320724923945, 0.2706393014849312

[5.53755379 0.44798126]
0.4479812622070297, 5.537553787231445, 0.12414683830901457, 0.2706079361068241

[5.43805885 0.44604645]
0.4460464477539047, 5.438058853149414, 0.1239968891931033, 0.270608226269007

[5.47014999 0.43096619]
0.4309661865234359, 5.470149993896484, 0.12281631571010701, 0.2706166409256432

[5.49663448 0.45503769]
0.45503768920898285, 5.496634483337402, 0.12469027262450157, 0.27060749287320274

[5.59612942 0.4569725 ]
0.45697250366210784, 5.596129417419434, 0.12483855185655275, 0.2706078456178449

[5.55521011 0.46402893]
0.4640289306640609, 5.555210113525391, 0.12537596507956209, 0.27060969790183986

[5.54196787 0.45199318]
0.4519931793212875, 5.541967868804932, 0.12445641900660509, 0.27060749723523064

[5.44247293 0.45005836]
0.45005836486816253, 5.4424729347229, 0.12430721887932294, 0.2706074956824504

[5.39713955 0.45310287]
0.4531028747558578, 5.397139549255371, 0.12454163440283786, 0.2706072716952737

[5.32472539 0.45365772]
0.45365772247314295, 5.324725389480591, 0.12458419489731487, 0.27060717147533664

[5.37888694 0.45863705]
0.4586370468139632, 5.378886938095093, 0.12496554238191936, 0.2706078251686939

[5.42657644 0.45220304]
0.4522030353546127, 5.4265764355659485, 0.12447245870927306, 0.2706073258166416

[5.25466734 0.45082307]
0.4508230686187728, 5.254667341709137, 0.12436600339522733, 0.2706071425559496

[5.13368377 0.44871576]
0.4487157583236677, 5.133683770895004, 0.12420322236373588, 0.27060720277678624

[5.1528163  0.45227776]
0.452277755737303, 5.152816295623779, 0.12447792487172743, 0.27060690388187264

[5.01593623 0.45231512]
0.45231511592864804, 5.015936225652695, 0.12448064618967286, 0.27060667588031273

[4.94587818 0.44948046]
0.44948046207427794, 4.945878177881241, 0.12426208207169961, 0.27060677604700656

[4.70714706 0.45097251]
0.4509725093841532, 4.707147061824799, 0.12437688277275312, 0.27060618377496237

[4.43338692 0.45104723]
0.4510472297668434, 4.433386921882629, 0.12438226271996057, 0.2706056174299975

[4.50344497 0.45388188]
0.4538818836212135, 4.503444969654083, 0.1246004176376582, 0.27060570769745274

[3.92089567 0.452614  ]
0.4526139974594089, 3.920895665884018, 0.1245020286009791, 0.27060428656743196

[3.37337539 0.45276344]
0.45276343822478937, 3.3733753859996796, 0.1245123273564353, 0.27060251739568497

[3.30331734 0.44992878]
0.4499287843704193, 3.3033173382282257, 0.12429379945882535, 0.2706024376105183

[2.70325352 0.44795223]
0.4479522347450222, 2.703253522515297, 0.12413917701962596, 0.2705999042055366

[1.64324199 0.44966844]
0.44966844320296817, 1.643241986632347, 0.12426502116802143, 0.2705896030304272

[0.24816952 0.44897905]
0.44897904992103066, 0.24816951900720596, 0.12412390789447302, 0.270460843315026

[-0.42195234  0.44416785]
0.4441678464412635, -0.42195234447717667, 0.12392942233916508, 0.27072624743032697

[2.42454345 0.45061454]
0.4506145402789079, 2.4245434533804655, 0.12434355442480884, 0.2705977158630836

[-0.03054055  0.45164136]
0.45164135545491635, -0.030540550127625465, 0.12817298772322544, 0.2768013220214617

[2.019805   0.44887451]
0.44887451492249575, 2.0198050043545663, 0.12420692076132306, 0.27059447015866145

[-0.15656893  0.44723902]
0.4472390245646185, -0.1565689300186932, 0.12431806592421348, 0.2709543619609157

[1.77926536 0.44977066]
0.44977066135033555, 1.7792653575306758, 0.12427422151435927, 0.27059153076490916

[0.00762987 0.4498752 ]
0.4498751963488705, 0.007629872183315456, 0.12364519224522967, 0.26985163480616836

[-0.99845769  0.45037554]
0.4503755370620579, -0.99845769390231, 0.12436704671514512, 0.2706600839978832

[-1.52346597  0.44908358]
0.4490835849195656, -1.5234659663401544, 0.12425673026074774, 0.27064446403168274

[0.95358253 0.44959889]
0.44959889224264304, 0.9535825265629683, 0.12424740689719047, 0.2705715102299265

[-0.69778314  0.44925535]
0.44925535402725814, -0.6977831353724468, 0.1242939660161343, 0.27068024968399385

[0.54074111 0.44951301]
0.4495130076887968, 0.5407411110791145, 0.12421924228097499, 0.2705398000608549

[-0.28494172  0.44934124]
0.44934123858110436, -0.28494171988859307, 0.12437010895388449, 0.2707849220160294

[0.3343204  0.44947007]
0.44947006541187373, 0.3343204033371876, 0.12418677666793068, 0.27049710738527927

[-0.07852101  0.44938418]
0.44938418085802745, -0.07852101214666618, 0.12481409508639536, 0.2714698077031599

[0.23111005 0.44944859]
0.44944859427341216, 0.23111004946622415, 0.12415318111153625, 0.27045067141771884

[-0.0094296   0.45034474]
0.45034474070125197, -0.009429597357666353, 0.1264782728358546, 0.2760805987102662

[0.18376974 0.44932047]
0.449320472616086, 0.18376973991598788, 0.12411831188915569, 0.2704146328301849

[-0.03971044  0.44974707]
0.44974707469154435, -0.039710437366920814, 0.12614581972270325, 0.2736049956815485

[0.16340493 0.44952321]
0.4495232143779452, 0.1634049277579379, 0.12411939948718076, 0.2703937153843835

[-0.01273494  0.45007794]
0.4500779381107297, -0.012734939974734516, 0.13724560845722616, 0.29734774831397587

[0.13464357 0.44950984]
0.44950983898974695, 0.13464356994330728, 0.12409174166678374, 0.2703557403911159

[-0.02113149  0.44986182]
0.4498618209606723, -0.021131485631315172, 0.1451807471544079, 0.30771562027294885

[0.11727082 0.44960787]
0.44960786602362696, 0.11727082441062464, 0.1240781829159002, 0.270325837223609

[-0.00974287  0.44997322]
0.4499732233827505, -0.009742873349367187, 0.12683226538750242, 0.27685992781973207

[0.09854696 0.44962569]
0.44962568508799783, 0.09854695912013867, 0.1240504914727543, 0.27028506221150905

[-0.01109399  0.44989302]
0.4498930154132414, -0.011093993107170519, 0.12940980774707045, 0.2820243298191502

[0.08517962 0.44967915]
0.4496791533710306, 0.08517962003117585, 0.12402817531048585, 0.2702483663470476

[-0.00573747  0.44992866]
0.4499286646319033, -0.005737466905647359, 0.1243463670157453, 0.27169148392726244

[0.07247585 0.44970143]
0.4497014299739742, 0.07247585261369216, 0.12399856867520323, 0.2702054404250913

[-0.0050739   0.44989747]
0.44989747295181415, -0.005073895234168235, 0.12419484621237023, 0.2713585160673375

[0.06261624 0.44973373]
0.44973373326622645, 0.06261624121483983, 0.12397107883664513, 0.27016497504730475

[-0.00222974  0.4499075 ]
0.44990749964112275, -0.0022297392155368745, 0.12383399520109079, 0.2705036821130221

[0.05379945 0.44975295]
0.4497529473907613, 0.0537994546563849, 0.12394016067997232, 0.2701220233378777

[-0.00118691  0.44989441]
0.4498944104734054, -0.0011869143751394723, 0.12376644583651612, 0.27032953807636195

[0.04666545 0.4497739 ]
0.4497739025680212, 0.04666545231734501, 0.12391059350964288, 0.27008156451279447

[0.00049587 0.44989615]
0.4498961515261304, 0.0004958698442755621, 0.12369893217756803, 0.2701350773207658

[0.04047356 0.44978875]
0.4497887484246036, 0.040473558453357567, 0.12388019102531865, 0.2700416661096188

[0.00143798 0.44989004]
0.4498900422054529, 0.001437978319328015, 0.12367532048330124, 0.27005909812252515

[0.01274485 0.44986101]
0.449861007296095, 0.012744846818832263, 0.12367885419204831, 0.2698378886194283

[-0.02009884  0.44994746]
0.44994745522036195, -0.020098839451209848, 0.15599496995324377, 0.32781338191462556

[0.02533046 0.44982843]
0.44982842512354315, 0.02533045897721571, 0.1237832698471592, 0.2699249787213434

[-0.00495574  0.44990778]
0.4499077785214224, -0.004955739975067992, 0.12417260168310207, 0.2713063594621557

[0.01775891 0.44984826]
0.449848263473013, 0.017758909239144784, 0.12372141989533293, 0.2698645737735881

[0.00261581 0.44988794]
0.44988794017195255, 0.0026158097630029353, 0.12365644903717339, 0.269987583130964

[0.01397313 0.44985818]
0.4498581826477479, 0.013973134370109322, 0.12368903252766629, 0.26984228131820154

[0.01908811 0.44984399]
0.4498439935949724, 0.01908810900562613, 0.1237327033225839, 0.2698743230565824

[0.01049443 0.4498674 ]
0.449867395660396, 0.010494431388893125, 0.12366168888368603, 0.2698359164906354

[0.00926614 0.44987022]
0.44987022030874313, 0.009266143837616066, 0.12365356393539619, 0.26983949722127165

[0.01044289 0.44986721]
0.44986721089349435, 0.010442891470739377, 0.12366130174151356, 0.2698359896343877

[0.00819248 0.4498736 ]
0.44987359925779535, 0.008192476040800239, 0.12364770442119748, 0.26984634458870693

[0.01160675 0.44986416]
0.44986415528652013, 0.011606754124324256, 0.12366987340038911, 0.2698357339238106

[0.01165829 0.44986434]
0.4498643400534218, 0.011658294042478003, 0.12367029394848547, 0.26983578441359474

[0.01277062 0.4498611 ]
0.4498610996795459, 0.012770616777909135, 0.12367907537957284, 0.26983796051495207

[0.01106348 0.44986582]
0.4498658216651835, 0.011063477736147128, 0.12366579659341807, 0.2698355051897607


------------------------------------------------------------
Sender: LSF System <lsfadmin@n-62-21-19>
Subject: Job 1735640: <minimize_batch_job_this_is_on_purpose_to_utilize_more_kernel> in cluster <dcc> Done

Job <minimize_batch_job_this_is_on_purpose_to_utilize_more_kernel> was submitted from host <gbarlogin2> by user <s174007> in cluster <dcc> at Sun Jan 13 21:42:31 2019
Job was executed on host(s) <n-62-21-19>, in queue <hpc>, as user <s174007> in cluster <dcc> at Sun Jan 13 21:42:32 2019
</zhome/b0/b/127184> was used as the home directory.
</zhome/b0/b/127184/Documents/Projects/machine-learning-on-materials> was used as the working directory.
Started at Sun Jan 13 21:42:32 2019
Terminated at Sun Jan 13 22:12:15 2019
Results reported at Sun Jan 13 22:12:15 2019

Your job looked like:

------------------------------------------------------------
# LSBATCH: User input
#!/bin/bash
##Kør på cpu
#BSUB -q hpc
##Navn på job
#BSUB -J minimize_batch_job_this_is_on_purpose_to_utilize_more_kernel
##Output fil
#BSUB -o output/minimize/linear_GP_compare_batchjobs-%J.out
##Antal kerner
#BSUB -n 1
##Om kernerne må være på forskellige computere
#BSUB -R "span[hosts=1]"
##Ram pr kerne
#BSUB -R "rusage[mem=10GB]"
##Hvor lang tid må den køre hh:mm
#BSUB -W 45:00
##Email når jobbet starter
##og stopper
module purge
module load python3
python3 KRR/minimizer.py linear 1 GP compare [5]
------------------------------------------------------------

Successfully completed.

Resource usage summary:

    CPU time :                                   1780.23 sec.
    Max Memory :                                 1032 MB
    Average Memory :                             839.98 MB
    Total Requested Memory :                     10240.00 MB
    Delta Memory :                               9208.00 MB
    Max Swap :                                   -
    Max Processes :                              4
    Max Threads :                                5
    Run time :                                   1793 sec.
    Turnaround time :                            1784 sec.

The output (if any) is above this job summary.

