Unloaded module: latex/TeXLive12
Loaded module: python3/3.6.2
[-10000]
[-10000.0]
[-1.e+04  5.e+00]
5.0, -10000.0, 0.28343974477445444, 0.3160902678458394

[-1.05e+04  5.00e+00]
5.0, -10500.0, 0.2834397444933106, 0.3160902681068078

[-1.00e+04  5.25e+00]
5.25, -10000.0, 0.2860171263224207, 0.3174909243861436

[-1.05e+04  4.75e+00]
4.75, -10500.0, 0.2807297841076863, 0.31464290203041645

[-1.075e+04  4.500e+00]
4.5, -10750.0, 0.27787279775354284, 0.3131454096655042

[-1.025e+04  4.500e+00]
4.5, -10250.0, 0.2778727980092675, 0.31314540947598296

[-1.0125e+04  4.2500e+00]
4.25, -10125.0, 0.27485187820062923, 0.31159398726673226

[-1.0875e+04  3.7500e+00]
3.75, -10875.0, 0.26823460377106484, 0.30831186293180735

[-1.13125e+04  3.12500e+00]
3.125, -11312.5, 0.2585913618591718, 0.30381859917874815

[-1.06875e+04  2.87500e+00]
2.875, -10687.5, 0.25418092700146, 0.3018793167272608

[-1.065625e+04  2.062500e+00]
2.0625, -10656.25, 0.2366370794560965, 0.29489083988949744

[-1.184375e+04  9.375000e-01]
0.9375, -11843.75, 0.19583624439712968, 0.2831379066623958

[-1.2703125e+04 -7.1875000e-01]
-0.71875, -12703.125, 4.654963900558289, 5.358013774999887

[-1.11875e+04 -1.25000e-01]
-0.125, -11187.5, 20.14798550319969, 34.37572419515009

[-1.128125e+04  2.312500e+00]
2.3125, -11281.25, 0.24267283679911925, 0.2971639834491745

[-1.121875e+04  6.875000e-01]
0.6875, -11218.75, 0.18059108103153554, 0.28037428542890225

[-1.11875e+04 -1.25000e-01]
-0.125, -11187.5, 20.14798550319969, 34.37572419515009

[-1.240625e+04 -4.375000e-01]
-0.4375, -12406.25, 22.211573676494393, 26.91093566212926

[-1.109375e+04  1.437500e+00]
1.4375, -11093.75, 0.21771792068626833, 0.28865803033933607

[-1.196875e+04  1.875000e-01]
0.1875, -11968.75, 0.12733055637602, 0.27839113096891593

[-1.240625e+04 -4.375000e-01]
-0.4375, -12406.25, 22.211573676494393, 26.91093566212926

[-1.134375e+04 -6.250000e-02]
-0.0625, -11343.75, 8.02535006266274, 15.732923161632172

[-1.171875e+04  6.875000e-01]
0.6875, -11718.75, 0.18059108092672668, 0.2803742853236232

[-1.246875e+04  1.875000e-01]
0.1875, -12468.75, 0.1273305563286164, 0.2783911308506578

[-1.309375e+04 -6.250000e-02]
-0.0625, -13093.75, 8.025348226521256, 15.732919656436735

[-1.271875e+04 -3.125000e-01]
-0.3125, -12718.75, 31.41278738344172, 41.910269731152084

[-1.196875e+04  4.375000e-01]
0.4375, -11968.75, 0.1598277381766781, 0.2780954558241165

[-1.246875e+04  4.375000e-01]
0.4375, -12468.75, 0.1598277380895974, 0.2780954557265141

[-1.271875e+04  5.625000e-01]
0.5625, -12718.75, 0.17112920360176576, 0.2791179176437876

[-1.196875e+04  6.875000e-01]
0.6875, -11968.75, 0.18059108088858208, 0.28037428527974584

[-1.234375e+04  3.125000e-01]
0.3125, -12343.75, 0.14581238013938377, 0.27759267719044406

[-1.284375e+04  3.125000e-01]
0.3125, -12843.75, 0.14581238008768752, 0.27759267711473407

[-1.328125e+04  2.500000e-01]
0.25, -13281.25, 0.13730474998556166, 0.2777357637998836

[-1.271875e+04  1.875000e-01]
0.1875, -12718.75, 0.1273305563146835, 0.2783911308808627

[-1.253125e+04  3.750000e-01]
0.375, -12531.25, 0.15323783876341834, 0.2777496383514563

[-1.265625e+04  2.500000e-01]
0.25, -12656.25, 0.1373047500515053, 0.2777357638202588

[-1.2625e+04  2.8125e-01]
0.28125, -12625.0, 0.14171359068186642, 0.2776168813735347

[-1.25625e+04  3.43750e-01]
0.34375, -12562.5, 0.1496426531429185, 0.27764207526479023

[-1.2609375e+04  2.9687500e-01]
0.296875, -12609.375, 0.14379892653386925, 0.27759442181953775

[-1.2578125e+04  3.2812500e-01]
0.328125, -12578.125, 0.14775882940944252, 0.2776092471982319

[-1.26015625e+04  3.04687500e-01]
0.3046875, -12601.5625, 0.14481432115083076, 0.2775911189803579

[-1.31015625e+04  3.04687500e-01]
0.3046875, -13101.5625, 0.14481432109283238, 0.27759111894361066

[-1.34804688e+04  3.00781250e-01]
0.30078125, -13480.46875, 0.14430882900487974, 0.27759214377604297

[-1.2859375e+04  2.9687500e-01]
0.296875, -12859.375, 0.14379892652245838, 0.2775944217883103

[-1.28476562e+04  3.08593750e-01]
0.30859375, -12847.65625, 0.14531547976372589, 0.2775913088956316

[-1.28554688e+04  3.00781250e-01]
0.30078125, -12855.46875, 0.14430882907046005, 0.27759214389403253

[-1.28496094e+04  3.06640625e-01]
0.306640625, -12849.609375, 0.1450654374001778, 0.27759106441099624

[-1.33496094e+04  3.06640625e-01]
0.306640625, -13349.609375, 0.14506543733829544, 0.2775910642946897

[-1.37236328e+04  3.07617188e-01]
0.3076171875, -13723.6328125, 0.14519059215427196, 0.2775911493710807

[-1.30976562e+04  3.08593750e-01]
0.30859375, -13097.65625, 0.14531547976423434, 0.2775913088408192

[-1.31005859e+04  3.05664062e-01]
0.3056640625, -13100.5859375, 0.14494001402962575, 0.2775910539317215

[-1.36005859e+04  3.05664062e-01]
0.3056640625, -13600.5859375, 0.14494001400123285, 0.27759105394097533

[-1.33515625e+04  3.04687500e-01]
0.3046875, -13351.5625, 0.14481432104589834, 0.2775911189336018

[-1.33500977e+04  3.06152344e-01]
0.30615234375, -13350.09765625, 0.1450027593248276, 0.2775910497412499

[-1.28500977e+04  3.06152344e-01]
0.30615234375, -12850.09765625, 0.14500275936474713, 0.27759104979654436

[-1.30996094e+04  3.06640625e-01]
0.306640625, -13099.609375, 0.1450654373505832, 0.2775910643362588

[-1.31003418e+04  3.05908203e-01]
0.305908203125, -13100.341796875, 0.1449713951067169, 0.27759104951558156

[-1.36003418e+04  3.05908203e-01]
0.305908203125, -13600.341796875, 0.1449713950746523, 0.2775910495065165

[-1.39754639e+04  3.05786133e-01]
0.3057861328125, -13975.4638671875, 0.14495570658855667, 0.277591051048146

[-1.33505859e+04  3.05664062e-01]
0.3056640625, -13350.5859375, 0.14494001400868756, 0.2775910538856976

[-1.33502197e+04  3.06030273e-01]
0.3060302734375, -13350.2197265625, 0.1449870793149539, 0.27759104908079363

[-1.38502197e+04  3.06030273e-01]
0.3060302734375, -13850.2197265625, 0.14498707925997248, 0.2775910490002772

[-1.42251587e+04  3.06091309e-01]
0.30609130859375, -14225.15869140625, 0.14499491974873202, 0.27759104907731164

[-1.36000977e+04  3.06152344e-01]
0.30615234375, -13600.09765625, 0.1450027592740004, 0.2775910497138691

[-1.36002808e+04  3.05969238e-01]
0.30596923828125, -13600.28076171875, 0.14497923770428592, 0.27759104902989773

[-1.41002808e+04  3.05969238e-01]
0.30596923828125, -14100.28076171875, 0.1449792376328984, 0.27759104897111114

[-1.44753113e+04  3.05938721e-01]
0.305938720703125, -14475.311279296875, 0.14497531642526212, 0.27759104913569993

[-1.43502197e+04  3.06030273e-01]
0.3060302734375, -14350.2197265625, 0.14498707919196546, 0.2775910488870156

[-1.47251892e+04  3.06060791e-01]
0.306060791015625, -14725.189208984375, 0.14499099958149717, 0.2775910488775445

[-1.49752502e+04  3.05999756e-01]
0.305999755859375, -14975.250244140625, 0.14498315849905485, 0.2775910488251702

[-1.55377655e+04  3.05984497e-01]
0.3059844970703125, -15537.765502929688, 0.14498119803377205, 0.2775910489109309

[-1.56001587e+04  3.06091309e-01]
0.30609130859375, -15600.15869140625, 0.1449949196519254, 0.2775910490085142

[-1.44752502e+04  3.05999756e-01]
0.305999755859375, -14475.250244140625, 0.14498315853336186, 0.2775910488835128

[-1.52251892e+04  3.06060791e-01]
0.306060791015625, -15225.189208984375, 0.1449909995438649, 0.2775910488428054

[-1.54752502e+04  3.05999756e-01]
0.305999755859375, -15475.250244140625, 0.1449831584716086, 0.27759104873559226

[-1.58502808e+04  3.05969238e-01]
0.30596923828125, -15850.28076171875, 0.1449792375108978, 0.2775910488011671

[-1.52253113e+04  3.05938721e-01]
0.305938720703125, -15225.311279296875, 0.14497531637540598, 0.2775910490123526

[-1.52252197e+04  3.06030273e-01]
0.3060302734375, -15225.2197265625, 0.1449870791415105, 0.2775910488395312

[-1.52252808e+04  3.05969238e-01]
0.30596923828125, -15225.28076171875, 0.14497923754772832, 0.2775910488761877

[-1.52252350e+04  3.06015015e-01]
0.3060150146484375, -15225.234985351562, 0.1449851188506764, 0.27759104881540303

[-1.57252350e+04  3.06015015e-01]
0.3060150146484375, -15725.234985351562, 0.14498511880118006, 0.2775910487236619

[-1.61002274e+04  3.06022644e-01]
0.30602264404296875, -16100.227355957031, 0.14498609895337372, 0.2775910487411899

[-1.59752502e+04  3.05999756e-01]
0.305999755859375, -15975.250244140625, 0.1449831584029584, 0.2775910487500648

[-1.57877464e+04  3.06003571e-01]
0.3060035705566406, -15787.74642944336, 0.14498364852412404, 0.27759104876525786

[-1.56002426e+04  3.06007385e-01]
0.30600738525390625, -15600.242614746094, 0.14498413865728874, 0.27759104878481633

[-1.54752350e+04  3.06015015e-01]
0.3060150146484375, -15475.234985351562, 0.144985118804631, 0.2775910486655003

[-1.56002274e+04  3.06022644e-01]
0.30602264404296875, -15600.227355957031, 0.14498609893913045, 0.277591048767467

[-1.56002312e+04  3.06018829e-01]
0.3060188293457031, -15600.231170654297, 0.14498560888006976, 0.2775910487463363

[-1.56002388e+04  3.06011200e-01]
0.3060111999511719, -15600.238800048828, 0.14498462875238696, 0.2775910488204074

[-1.56002331e+04  3.06016922e-01]
0.3060169219970703, -15600.23307800293, 0.14498536384169558, 0.2775910487624306

[-1.56002350e+04  3.06015015e-01]
0.3060150146484375, -15600.234985351562, 0.1449851188012735, 0.27759104874371193

[-1.55377331e+04  3.06016922e-01]
0.3060169219970703, -15537.73307800293, 0.14498536385878497, 0.2775910487468194

[-1.55377369e+04  3.06013107e-01]
0.3060131072998047, -15537.736892700195, 0.14498487375153443, 0.2775910487777168

[-1.55377340e+04  3.06015968e-01]
0.3060159683227539, -15537.734031677246, 0.14498524133807514, 0.2775910488205345

[-1.55377350e+04  3.06015015e-01]
0.3060150146484375, -15537.734985351562, 0.14498511881033405, 0.27759104883841407

[-1.55064840e+04  3.06015968e-01]
0.3060159683227539, -15506.484031677246, 0.14498524134652457, 0.2775910487805458

[-1.54439840e+04  3.06015968e-01]
0.3060159683227539, -15443.984031677246, 0.14498524136322116, 0.2775910488603136

[-1.55142972e+04  3.06015253e-01]
0.3060152530670166, -15514.297246932983, 0.1449851494508772, 0.2775910487395789

[-1.54830482e+04  3.06014299e-01]
0.3060142993927002, -15483.0482006073, 0.14498502694514476, 0.27759104884407304

[-1.55006251e+04  3.06015551e-01]
0.3060155510902405, -15500.62507390976, 0.14498518773609498, 0.27759104879941887

[-1.54947661e+04  3.06015134e-01]
0.30601513385772705, -15494.766116142273, 0.14498513414817898, 0.2775910487479464

[-1.54908595e+04  3.06015491e-01]
0.3060154914855957, -15490.859508514404, 0.14498518006813915, 0.27759104877998886

[-1.54791416e+04  3.06014657e-01]
0.30601465702056885, -15479.141592979431, 0.14498507287213228, 0.2775910487836955

[-1.54879300e+04  3.06015283e-01]
0.306015282869339, -15487.930029630661, 0.14498515328553585, 0.27759104872153406

[-1.54683989e+04  3.06015164e-01]
0.30601516366004944, -15468.39889883995, 0.14498513796271423, 0.27759104869833934

[-1.54557039e+04  3.06014895e-01]
0.30601489543914795, -15455.703854560852, 0.14498510349579039, 0.2775910487619015

[-1.54798735e+04  3.06015186e-01]
0.30601518601179123, -15479.873485863209, 0.14498514083772335, 0.27759104869688206

[-1.54867096e+04  3.06015037e-01]
0.3060150370001793, -15486.70957237482, 0.14498512167723693, 0.27759104881106583

[-1.54729766e+04  3.06015132e-01]
0.3060151319950819, -15472.976567223668, 0.14498513391146714, 0.2775910488453391

[-1.54775542e+04  3.06015100e-01]
0.30601510033011436, -15477.554235607386, 0.14498512982956838, 0.27759104873578716

[-1.54718169e+04  3.06015089e-01]
0.30601508915424347, -15471.816942095757, 0.14498512841353248, 0.27759104877212915

[-1.54809723e+04  3.06015026e-01]
0.3060150258243084, -15480.972278863192, 0.14498512025360072, 0.2775910487460855

[-1.54786834e+04  3.06015042e-01]
0.30601504165679216, -15478.683444671333, 0.14498512227219218, 0.2775910486875512

[-1.54763642e+04  3.06014956e-01]
0.3060149559751153, -15476.36419441551, 0.14498511126710178, 0.2775910488044973

[-1.54772567e+04  3.06015064e-01]
0.3060150642413646, -15477.256725309417, 0.144985125190061, 0.27759104880196567

[-1.54769592e+04  3.06015028e-01]
0.30601502815261483, -15476.959215011448, 0.14498512055013052, 0.27759104886029345

[-1.54763946e+04  3.06015057e-01]
0.30601505748927593, -15476.394610479474, 0.14498512431125116, 0.2775910488004014

[-1.54746704e+04  3.06015044e-01]
0.3060150439850986, -15474.670380819589, 0.1449851226023124, 0.2775910488175412

[-1.54752426e+04  3.06015040e-01]
0.30601504002697766, -15475.242589367554, 0.1449851220816672, 0.277591048796799

[-1.54740830e+04  3.06014997e-01]
0.3060149971861392, -15474.082964239642, 0.14498511659194452, 0.27759104885896035

[-1.54758167e+04  3.06015042e-01]
0.30601504241349176, -15475.816698919516, 0.14498512237889272, 0.2775910487648067

[-1.54758091e+04  3.06015017e-01]
0.3060150170349516, -15475.809094903525, 0.1449851191262957, 0.2775910487308977

[-1.54752274e+04  3.06014989e-01]
0.30601498926989734, -15475.227381335571, 0.1449851155392137, 0.2775910488279656

[-1.54756694e+04  3.06015029e-01]
0.30601502912759315, -15475.66936952353, 0.14498512068096103, 0.277591048800215

[-1.54755220e+04  3.06015016e-01]
0.30601501584169455, -15475.522040127544, 0.14498511899335156, 0.27759104869261675

[-1.54755258e+04  3.06015029e-01]
0.30601502853096463, -15475.52584213554, 0.14498512064151406, 0.27759104874548135

[-1.54752312e+04  3.06015002e-01]
0.3060150019591674, -15475.231183343567, 0.1449851172045866, 0.2775910487649106

[-1.54754522e+04  3.06015022e-01]
0.3060150218880153, -15475.452177437546, 0.14498511974773057, 0.2775910487783669

[-1.54753785e+04  3.06015015e-01]
0.306015015245066, -15475.378512739553, 0.14498511889006094, 0.2775910488152534

[-1.54753804e+04  3.06015022e-01]
0.30601502158970106, -15475.38041374355, 0.1449851197004274, 0.2775910487854594

[-1.54752369e+04  3.06015021e-01]
0.30601502099307254, -15475.23688635556, 0.14498511963058433, 0.2775910487745497

[-1.54750915e+04  3.06015014e-01]
0.306015014051809, -15475.091457963572, 0.14498511875905343, 0.2775910487503877

[-1.54750896e+04  3.06015008e-01]
0.30601500770717394, -15475.089556959574, 0.14498511790565916, 0.27759104876023233

[-1.54751264e+04  3.06015011e-01]
0.3060150110286486, -15475.12638930857, 0.14498511835765265, 0.27759104875349605

[-1.54752001e+04  3.06015018e-01]
0.3060150176715979, -15475.200054006564, 0.14498511922743226, 0.2775910488081116

[-1.54751448e+04  3.06015013e-01]
0.3060150126893859, -15475.144805483069, 0.14498511855241125, 0.2775910487652171

[-1.54751632e+04  3.06015014e-01]
0.30601501435012324, -15475.163221657567, 0.1449851187829926, 0.27759104876890767

[-1.54751807e+04  3.06015013e-01]
0.30601501283854304, -15475.180687330067, 0.1449851185857022, 0.2775910488195382

[-1.54752175e+04  3.06015016e-01]
0.3060150161600177, -15475.217519679063, 0.14498511901538594, 0.27759104875616186

[-1.54752893e+04  3.06015016e-01]
0.30601501645833196, -15475.289283373058, 0.14498511905513217, 0.2775910487781845

[-1.54751947e+04  3.06015015e-01]
0.3060150148771754, -15475.19473708644, 0.14498511884026025, 0.2775910487402165

[-1.54752122e+04  3.06015013e-01]
0.3060150133655952, -15475.21220275894, 0.1449851186650366, 0.27759104879918417

[-1.54752162e+04  3.06015015e-01]
0.3060150154614121, -15475.216190449031, 0.14498511892429516, 0.27759104876775625

[-1.54752149e+04  3.06015015e-01]
0.30601501476280646, -15475.214861219001, 0.14498511883813137, 0.27759104874931845

[-1.54752263e+04  3.06015015e-01]
0.3060150154042276, -15475.226252515313, 0.1449851189052509, 0.27759104872739193

[-1.54752464e+04  3.06015015e-01]
0.30601501528985864, -15475.246376647874, 0.14498511891711796, 0.2775910487995339

[-1.54752227e+04  3.06015015e-01]
0.3060150148945695, -15475.22274007622, 0.14498511884827583, 0.2775910488354588

[-1.54752306e+04  3.06015015e-01]
0.30601501502633255, -15475.230618933438, 0.1449851188823241, 0.27759104883415214

[-1.54752249e+04  3.06015015e-01]
0.306015014705622, -15475.224923285281, 0.14498511884790033, 0.2775910488615129

[-1.54752407e+04  3.06015015e-01]
0.30601501496914807, -15475.24068099972, 0.14498511888356208, 0.27759104876580576

[-1.54752450e+04  3.06015015e-01]
0.306015014591253, -15475.245047417844, 0.14498511880382178, 0.277591048820584

[-1.54752414e+04  3.06015015e-01]
0.3060150147000229, -15475.241440296742, 0.14498511880599424, 0.27759104870999635

[-1.54752357e+04  3.06015014e-01]
0.30601501437931233, -15475.235744648584, 0.14498511878590004, 0.2775910487179983

[-1.54752370e+04  3.06015015e-01]
0.30601501452677127, -15475.236978736368, 0.1449851188118655, 0.27759104873851365

[-1.54752382e+04  3.06015015e-01]
0.3060150146742302, -15475.238212824152, 0.14498511884391588, 0.2775910487445851

[-1.54752378e+04  3.06015015e-01]
0.3060150148087928, -15475.23783317564, 0.14498511883460344, 0.2775910488090253

[-1.54752354e+04  3.06015015e-01]
0.3060150145138749, -15475.235365000073, 0.1449851188036737, 0.277591048760091

[-1.54752360e+04  3.06015015e-01]
0.3060150145876044, -15475.235982043963, 0.1449851188082119, 0.277591048786043

[-1.54752366e+04  3.06015015e-01]
0.30601501466133385, -15475.236599087857, 0.14498511881761877, 0.27759104877330787

[-1.54752364e+04  3.06015015e-01]
0.30601501472861514, -15475.236409263602, 0.14498511884663356, 0.27759104879966945

[-1.54752352e+04  3.06015015e-01]
0.3060150145811562, -15475.235175175818, 0.1449851188211407, 0.2775910488097479

[-1.54752361e+04  3.06015015e-01]
0.3060150146917504, -15475.236100741655, 0.14498511883558646, 0.2775910487787774

[-1.54752355e+04  3.06015015e-01]
0.30601501461802094, -15475.235483697765, 0.14498511882633577, 0.27759104885298097

[-1.54752359e+04  3.06015015e-01]
0.30601501467331804, -15475.235946480683, 0.14498511882513127, 0.277591048794013

[-1.54752358e+04  3.06015015e-01]
0.3060150146548857, -15475.23579221971, 0.14498511881550635, 0.27759104878595686

[-1.54752355e+04  3.06015015e-01]
0.30601501467009395, -15475.235543046609, 0.14498511882287382, 0.27759104876869956


------------------------------------------------------------
Sender: LSF System <lsfadmin@n-62-21-22>
Subject: Job 1708327: <minimize_batch_job_this_is_on_purpose_to_utilize_more_kernel> in cluster <dcc> Done

Job <minimize_batch_job_this_is_on_purpose_to_utilize_more_kernel> was submitted from host <gbarlogin2> by user <s174007> in cluster <dcc> at Thu Jan 10 17:20:35 2019
Job was executed on host(s) <n-62-21-22>, in queue <hpc>, as user <s174007> in cluster <dcc> at Thu Jan 10 17:20:36 2019
</zhome/b0/b/127184> was used as the home directory.
</zhome/b0/b/127184/Documents/Projects/machine-learning-on-materials> was used as the working directory.
Started at Thu Jan 10 17:20:36 2019
Terminated at Thu Jan 10 17:51:04 2019
Results reported at Thu Jan 10 17:51:04 2019

Your job looked like:

------------------------------------------------------------
# LSBATCH: User input
#!/bin/bash
##Kør på cpu
#BSUB -q hpc
##Navn på job
#BSUB -J minimize_batch_job_this_is_on_purpose_to_utilize_more_kernel
##Output fil
#BSUB -o output/minimize/linear_GP_faulty_batchjobs-%J.out
##Antal kerner
#BSUB -n 1
##Om kernerne må være på forskellige computere
#BSUB -R "span[hosts=1]"
##Ram pr kerne
#BSUB -R "rusage[mem=10GB]"
##Hvor lang tid må den køre hh:mm
#BSUB -W 45:00
##Email når jobbet starter
##og stopper
module purge
module load python3
python3 KRR/minimizer.py linear 5 GP faulty [-10000]
------------------------------------------------------------

Successfully completed.

Resource usage summary:

    CPU time :                                   1825.95 sec.
    Max Memory :                                 853 MB
    Average Memory :                             639.63 MB
    Total Requested Memory :                     10240.00 MB
    Delta Memory :                               9387.00 MB
    Max Swap :                                   -
    Max Processes :                              4
    Max Threads :                                5
    Run time :                                   1857 sec.
    Turnaround time :                            1829 sec.

The output (if any) is above this job summary.

