Unloaded module: latex/TeXLive12
Loaded module: python3/3.6.2
[-10000]
[-10000.0]
[-1.e+04  1.e+00]
1.0, -10000.0, 0.2742784858421802, 0.3229298741172667

[-1.05e+04  1.00e+00]
1.0, -10500.0, 0.27427848582262604, 0.32292987420722374

[-1.00e+04  1.05e+00]
1.05, -10000.0, 0.27749837721086373, 0.324354209190977

[-1.05e+04  9.50e-01]
0.95, -10500.0, 0.2708932684746301, 0.3214620910314212

[-1.075e+04  9.000e-01]
0.8999999999999999, -10750.0, 0.26732549579542636, 0.31994817679731846

[-1.025e+04  9.000e-01]
0.8999999999999999, -10250.0, 0.2673254958168388, 0.31994817670478254

[-1.0125e+04  8.5000e-01]
0.8499999999999996, -10125.0, 0.263555174775146, 0.31838524972773735

[-1.0875e+04  7.5000e-01]
0.7499999999999996, -10875.0, 0.2553091972953437, 0.3150998311334368

[-1.13125e+04  6.25000e-01]
0.6249999999999991, -11312.5, 0.24334373969733977, 0.3106586360970098

[-1.06875e+04  5.75000e-01]
0.5749999999999988, -10687.5, 0.23789986588996562, 0.3087666559103834

[-1.065625e+04  4.125000e-01]
0.4124999999999983, -10656.25, 0.2164996732737026, 0.30211491236894156

[-1.184375e+04  1.875000e-01]
0.18749999999999778, -11843.75, 0.1690781964743682, 0.2918754766173962

[-1.2703125e+04 -1.4375000e-01]
-0.14375000000000315, -12703.125, 8.368346072378001, 9.381190850161179

[-1.11875e+04 -2.50000e-02]
-0.02500000000000302, -11187.5, 2.1885491010052935, 3.1169274659923913

[-1.128125e+04  4.625000e-01]
0.4624999999999986, -11281.25, 0.22380967519188158, 0.3042457022133192

[-1.121875e+04  1.375000e-01]
0.1374999999999975, -11218.75, 0.15246859916535255, 0.2897623269849532

[-1.11875e+04 -2.50000e-02]
-0.02500000000000302, -11187.5, 2.1885491010052935, 3.1169274659923913

[-1.240625e+04 -8.750000e-02]
-0.08750000000000302, -12406.25, 13.29946339390828, 15.52238140060929

[-1.109375e+04  2.875000e-01]
0.287499999999998, -11093.75, 0.1940338586752642, 0.2964889152272147

[-1.196875e+04  3.750000e-02]
0.03749999999999731, -11968.75, 0.10161182044902903, 0.2883862837351191

[-1.240625e+04 -8.750000e-02]
-0.08750000000000302, -12406.25, 13.29946339390828, 15.52238140060929

[-1.134375e+04 -1.250000e-02]
-0.012500000000002953, -11343.75, 1.5140697992680763, 2.6464058251271365

[-1.171875e+04  1.375000e-01]
0.1374999999999976, -11718.75, 0.15246859916935643, 0.28976232701653876

[-1.146875e+04  3.750000e-02]
0.03749999999999723, -11468.75, 0.10161182047378615, 0.2883862839661034

[-1.221875e+04 -6.250000e-02]
-0.06250000000000297, -12218.75, 4.340969508592995, 4.419640029463354

[-1.146875e+04  8.750000e-02]
0.08749999999999739, -11468.75, 0.13108753572577156, 0.28819032293060665

[-1.196875e+04  8.750000e-02]
0.08749999999999747, -11968.75, 0.1310875357190823, 0.2881903228977325

[-1.221875e+04  1.125000e-01]
0.1124999999999976, -12218.75, 0.14253078572814215, 0.2888680359138047

[-1.146875e+04  1.375000e-01]
0.13749999999999754, -11468.75, 0.1524685991744128, 0.289762327029639

[-1.184375e+04  6.250000e-02]
0.06249999999999737, -11843.75, 0.11765736592525491, 0.2879020025818817

[-1.234375e+04  6.250000e-02]
0.062499999999997446, -12343.75, 0.11765736592634665, 0.287902002341063

[-1.278125e+04  5.000000e-02]
0.04999999999999749, -12781.25, 0.11000105582092871, 0.28800716002898896

[-1.221875e+04  3.750000e-02]
0.03749999999999734, -12218.75, 0.1016118204822214, 0.28838628431319235

[-1.203125e+04  7.500000e-02]
0.07499999999999743, -12031.25, 0.12465775137538182, 0.2879811674488358

[-1.215625e+04  5.000000e-02]
0.04999999999999738, -12156.25, 0.11000105586818053, 0.2880071601295096

[-1.20625e+04  6.87500e-02]
0.06874999999999742, -12062.5, 0.12123410200044875, 0.28792251371336386

[-1.2125e+04  5.6250e-02]
0.056249999999997385, -12125.0, 0.11391659568342517, 0.28792705825246867

[-1.2078125e+04  6.5625000e-02]
0.06562499999999741, -12078.125, 0.11946555035117498, 0.28790706685934575

[-1.2109375e+04  5.9375000e-02]
0.0593749999999974, -12109.375, 0.11580817066293003, 0.28790829832910353

[-1.20859375e+04  6.40625000e-02]
0.06406249999999741, -12085.9375, 0.11856649828579817, 0.28790317852715697

[-1.21015625e+04  6.09375000e-02]
0.060937499999997397, -12101.5625, 0.11673798074220158, 0.2879036643123054

[-1.20898438e+04  6.32812500e-02]
0.0632812499999974, -12089.84375, 0.11811320294378261, 0.2879022435325598

[-1.20976562e+04  6.17187500e-02]
0.06171874999999741, -12097.65625, 0.11719896569839464, 0.28790247074086545

[-1.20917969e+04  6.28906250e-02]
0.0628906249999974, -12091.796875, 0.11788560350372186, 0.2879020352466185

[-1.20957031e+04  6.21093750e-02]
0.06210937499999741, -12095.703125, 0.11742848755941956, 0.2879021470798841

[-1.20927734e+04  6.26953125e-02]
0.06269531249999741, -12092.7734375, 0.11777156464385156, 0.2879019967248611

[-1.25927734e+04  6.26953125e-02]
0.06269531249999749, -12592.7734375, 0.1177715646304137, 0.28790199686965434

[-1.23417969e+04  6.28906250e-02]
0.06289062499999745, -12341.796875, 0.11788560348796197, 0.28790203557732674

[-1.23432617e+04  6.25976562e-02]
0.06259765624999744, -12343.26171875, 0.11771448527680278, 0.28790199446348586

[-1.18432617e+04  6.25976562e-02]
0.06259765624999736, -11843.26171875, 0.11771448526222313, 0.2879019940453726

[-1.14685059e+04  6.25488281e-02]
0.06254882812499729, -11468.505859375, 0.11768593060921777, 0.2879019967256643

[-1.209375e+04  6.250000e-02]
0.06249999999999739, -12093.75, 0.11765736589294981, 0.2879020021925238

[-1.20930176e+04  6.26464844e-02]
0.0626464843749974, -12093.017578125, 0.11774302995948287, 0.2879019942130069

[-1.15930176e+04  6.26464844e-02]
0.06264648437499731, -11593.017578125, 0.11774302994912098, 0.28790199409595624

[-1.13432617e+04  6.25976562e-02]
0.06259765624999727, -11343.26171875, 0.11771448531245898, 0.2879019939979247

[-1.09683838e+04  6.25732422e-02]
0.06257324218749721, -10968.3837890625, 0.11770020920767178, 0.28790199491818

[-1.15935059e+04  6.25488281e-02]
0.06254882812499732, -11593.505859375, 0.11768593062020144, 0.2879019968103225

[-1.15931396e+04  6.26220703e-02]
0.06262207031249731, -11593.1396484375, 0.11772875887337707, 0.2879019938451236

[-1.10931396e+04  6.26220703e-02]
0.06262207031249722, -11093.1396484375, 0.117728758868117, 0.28790199360763236

[-1.07180786e+04  6.26342773e-02]
0.06263427734374716, -10718.07861328125, 0.11773589472637802, 0.2879019935436862

[-1.09679565e+04  6.26586914e-02]
0.06265869140624719, -10967.95654296875, 0.11775016457433637, 0.2879019944184179

[-1.12494354e+04  6.26129150e-02]
0.06261291503905975, -11249.435424804688, 0.1177234065746523, 0.28790199377715064

[-1.03743744e+04  6.26251221e-02]
0.0626251220703096, -10374.374389648438, 0.11773054287929438, 0.2879019937137181

[-9.84301758e+03  6.26464844e-02]
0.06264648437499701, -9843.017578125, 0.1177430299917812, 0.28790199401922384

[-1.08978310e+04  6.26213074e-02]
0.06262130737304406, -10897.830963134766, 0.11772831288114596, 0.2879019935687994

[-1.12415352e+04  6.26304626e-02]
0.06263046264648162, -11241.535186767578, 0.11773366484288321, 0.2879019938357152

[-1.05911646e+04  6.26264572e-02]
0.0626264572143526, -10591.164588928223, 0.11773132343423122, 0.2879019935773301

[-1.10247450e+04  6.26291275e-02]
0.06262912750243861, -11024.744987487793, 0.11773288437406434, 0.28790199356929685

[-1.09163499e+04  6.26284599e-02]
0.0626284599304171, -10916.3498878479, 0.11773249413459758, 0.2879019936948219

[-1.08079548e+04  6.26277924e-02]
0.0626277923583956, -10807.954788208008, 0.11773210389101596, 0.28790199375728037

[-1.06546216e+04  6.26303673e-02]
0.06263036727904989, -10654.621601104736, 0.11773360910022965, 0.28790199377018644

[-1.08714118e+04  6.26317024e-02]
0.06263170242309288, -10871.411800384521, 0.1177343895710249, 0.28790199382923554

[-1.07088192e+04  6.26307011e-02]
0.06263070106506063, -10708.819150924683, 0.1177338042423962, 0.28790199363776836

[-1.06189430e+04  6.26371861e-02]
0.06263718605041219, -10618.942975997925, 0.11773759498150249, 0.2879019937095131

[-1.06661959e+04  6.26348376e-02]
0.06263483762740804, -10666.195929050446, 0.11773622224916702, 0.2879019939748557

[-1.07134489e+04  6.26324892e-02]
0.0626324892044039, -10713.448882102966, 0.11773484946195224, 0.2879019935557304

[-1.07630167e+04  6.26310349e-02]
0.06263103485107138, -10763.016700744629, 0.11773399934023579, 0.287901993611702

[-1.06685108e+04  6.26357317e-02]
0.06263573169707967, -10668.510794639587, 0.11773674486268103, 0.2879019937726145

[-1.07393902e+04  6.26322091e-02]
0.06263220906257345, -10739.390224218369, 0.11773468571464275, 0.2879019936844004

[-1.07157637e+04  6.26333833e-02]
0.06263338327407553, -10715.763747692108, 0.1177353720988647, 0.28790199362789576

[-1.07405477e+04  6.26326561e-02]
0.06263265609740927, -10740.54765701294, 0.1177349470548036, 0.28790199381188963

[-1.06932947e+04  6.26350045e-02]
0.06263500452041341, -10693.294703960419, 0.11773631979888446, 0.28790199390971055

[-1.07287344e+04  6.26332432e-02]
0.0626332432031603, -10728.73441874981, 0.11773529025705222, 0.28790199352780155

[-1.07310493e+04  6.26341373e-02]
0.06263413727283193, -10731.049284338951, 0.117735812859181, 0.28790199389823046

[-1.07195851e+04  6.26335718e-02]
0.06263357177376463, -10719.585131853819, 0.11773548230196143, 0.28790199378571973

[-1.07234065e+04  6.26337603e-02]
0.06263376027345373, -10723.40651601553, 0.117735592502019, 0.28790199379196

[-1.07222491e+04  6.26333132e-02]
0.06263331323861791, -10722.249083220959, 0.11773533117740212, 0.28790199390735444

[-1.07298919e+04  6.26336902e-02]
0.0626336902379961, -10729.89185154438, 0.11773555156807258, 0.2879019937681261

[-1.07352198e+04  6.26331732e-02]
0.06263317316770269, -10735.21975427866, 0.11773524928794829, 0.28790199411131984

[-1.07263598e+04  6.26336135e-02]
0.06263361349701596, -10726.359825581312, 0.11773550666674071, 0.28790199371823705

[-1.07252024e+04  6.26331665e-02]
0.06263316646218016, -10725.202392786741, 0.11773524536926147, 0.287901993657826

[-1.07275770e+04  6.26327962e-02]
0.06263279616832451, -10727.576985955238, 0.1177350289232363, 0.28790199366342895

[-1.07272727e+04  6.26330005e-02]
0.06263300050049737, -10727.272695861757, 0.11773514836323692, 0.28790199377105785

[-1.07269684e+04  6.26332048e-02]
0.06263320483267024, -10726.968405768275, 0.1177352677852275, 0.28790199384073517

[-1.07275471e+04  6.26334284e-02]
0.06263342835008813, -10727.54712216556, 0.11773539846905405, 0.2879019937378963

[-1.07293131e+04  6.26334667e-02]
0.06263346672057821, -10729.313135147095, 0.11773542089438316, 0.28790199373547176

[-1.07305004e+04  6.26332816e-02]
0.06263328157365038, -10730.500431731343, 0.11773531267377908, 0.2879019935873117

[-1.07299217e+04  6.26330581e-02]
0.06263305805623245, -10729.921715334058, 0.11773518200816727, 0.28790199373929437

[-1.07294653e+04  6.26333646e-02]
0.06263336455449177, -10729.465280193835, 0.11773536118462392, 0.28790199375611203

[-1.07296174e+04  6.26332624e-02]
0.06263326238840533, -10729.617425240576, 0.11773530146116427, 0.2879019937789429

[-1.07290238e+04  6.26333550e-02]
0.06263335496186925, -10729.023776948452, 0.11773535555048721, 0.2879019937995104

[-1.07293281e+04  6.26331506e-02]
0.06263315062969638, -10729.328067041934, 0.11773523613276261, 0.28790199373374015

[-1.07284451e+04  6.26331314e-02]
0.06263313144445135, -10728.445060551167, 0.11773522491857728, 0.28790199373427294

[-1.07287382e+04  6.26331642e-02]
0.06263316418043985, -10728.738151723519, 0.11773524402629579, 0.287901993675137

[-1.07281445e+04  6.26332568e-02]
0.06263325675390377, -10728.144503431395, 0.11773529816943185, 0.28790199364200036

[-1.07281408e+04  6.26333358e-02]
0.06263333577662422, -10728.140770457685, 0.11773534436378914, 0.2879019936574785

[-1.07282901e+04  6.26332929e-02]
0.06263329287757813, -10728.290115774143, 0.1177353192926349, 0.2879019937290129

[-1.07284395e+04  6.26332500e-02]
0.06263324997853204, -10728.439461090602, 0.11773529418369351, 0.2879019937555717

[-1.07287363e+04  6.26332037e-02]
0.06263320369180007, -10728.736285236664, 0.11773526714476075, 0.28790199386060333

[-1.07284376e+04  6.26332895e-02]
0.06263328948989226, -10728.437594603747, 0.11773531729002261, 0.2879019936536618

[-1.07287326e+04  6.26332827e-02]
0.06263328271452051, -10728.732552262954, 0.11773531335127183, 0.2879019934748831

[-1.07288791e+04  6.26332991e-02]
0.06263329908251475, -10728.87909784913, 0.11773532290157124, 0.2879019936418029

[-1.07290294e+04  6.26332364e-02]
0.06263323642778855, -10729.029376409017, 0.11773528628327357, 0.28790199389213406

[-1.07285855e+04  6.26332762e-02]
0.06263327622436633, -10728.585540055064, 0.11773530954891194, 0.2879019938048689

[-1.07287335e+04  6.26332630e-02]
0.0626332629588404, -10728.733485506382, 0.11773530177987594, 0.28790199369211283

[-1.07285851e+04  6.26332861e-02]
0.06263328610220639, -10728.58507343335, 0.1177353153228172, 0.28790199382259757

[-1.07288810e+04  6.26332596e-02]
0.06263325957115454, -10728.880964335985, 0.11773529980893781, 0.2879019937524607

[-1.07288070e+04  6.26332662e-02]
0.0626332662039175, -10728.806991610327, 0.117735303683879, 0.28790199368183184

