Unloaded module: latex/TeXLive12
Loaded module: python3/3.6.2
[10]
[10.0]
[10.  5.]
5.0, 10.0, 0.21616382384599583, 0.289104933261652

[10.5  5. ]
5.0, 10.5, 0.21616430825752217, 0.2891053045229787

[10.    5.25]
5.25, 10.0, 0.21893362568531752, 0.2900064667298923

[10.5   4.75]
4.75, 10.5, 0.21325958937226655, 0.2881809253671747

[10.75  4.5 ]
4.5, 10.75, 0.2102071383328454, 0.28723258102124116

[10.25  4.5 ]
4.5, 10.25, 0.2102066888240661, 0.28723219482465273

[10.125  4.25 ]
4.25, 10.125, 0.20699096586406002, 0.28625801727202876

[10.875  3.75 ]
3.75, 10.875, 0.19999936935063703, 0.28422800751100047

[11.3125  3.125 ]
3.125, 11.3125, 0.18996474123481857, 0.2815194239078867

[10.6875  2.875 ]
2.875, 10.6875, 0.185447396639374, 0.2803775144424721

[10.65625  2.0625 ]
2.0625, 10.65625, 0.1680321020242561, 0.2764308427296662

[11.84375  0.9375 ]
0.9375, 11.84375, 0.131883140302929, 0.27079132433042313

[12.703125 -0.71875 ]
-0.71875, 12.703125, 17.662314845037137, 21.553437147088445

[11.1875 -0.125 ]
-0.125, 11.1875, 0.969788208139542, 1.836433741792162

[11.28125  2.3125 ]
2.3125, 11.28125, 0.17391608574436335, 0.2776831965308243

[11.21875  0.6875 ]
0.6875, 11.21875, 0.12020919458062096, 0.2699082472659346

[11.1875 -0.125 ]
-0.125, 11.1875, 0.969788208139542, 1.836433741792162

[12.40625 -0.4375 ]
-0.4375, 12.40625, 13.171114269584505, 17.044174910085026

[11.09375  1.4375 ]
1.4375, 11.09375, 0.15043533003284346, 0.273212234704244

[11.96875  0.1875 ]
0.1875, 11.96875, 0.08857113095894255, 0.2718501364019073

[11.75  0.5 ]
0.5, 11.75, 0.10989871463943476, 0.2696696833641226

[11.125  0.25 ]
0.25, 11.125, 0.09329715283416812, 0.27089443686278153

[11.6640625  0.765625 ]
0.765625, 11.6640625, 0.12408095383370706, 0.2701370528016674

[11.3046875  0.421875 ]
0.421875, 11.3046875, 0.10510097931996858, 0.26977861972295547

[11.8359375  0.234375 ]
0.234375, 11.8359375, 0.09213519812533771, 0.27109357174877036

[11.37304688  0.57421875]
0.57421875, 11.373046875, 0.11416830539457444, 0.2696972619971716

[11.81835938  0.65234375]
0.65234375, 11.818359375, 0.11839167644468962, 0.26982545233117533

[11.43310547  0.47949219]
0.4794921875, 11.43310546875, 0.10867072638920523, 0.26968246400003065

[11.81005859  0.40527344]
0.4052734375, 11.81005859375, 0.10403828024973429, 0.2698255921014523

[11.4822998   0.53198242]
0.531982421875, 11.4822998046875, 0.11177116800330206, 0.2696683191039546

[11.79919434  0.55249023]
0.552490234375, 11.7991943359375, 0.11294567980985534, 0.26967848646770626

[11.70767212  0.53424072]
0.53424072265625, 11.707672119140625, 0.11190154155665136, 0.2696691183018569

[11.43997192  0.56622314]
0.56622314453125, 11.439971923828125, 0.11372092468092945, 0.2696893720462085

[11.67249298  0.51655579]
0.5165557861328125, 11.672492980957031, 0.11087435347055283, 0.26966628996221925

[11.44712067  0.51429749]
0.5142974853515625, 11.447120666503906, 0.11074202110061208, 0.2696663102220546

[11.63731384  0.49887085]
0.498870849609375, 11.637313842773438, 0.10983164161878015, 0.2696700937673189

[11.52105331  0.52370453]
0.5237045288085938, 11.521053314208984, 0.1112913767455348, 0.26966659961708034

[11.59856033  0.50714874]
0.5071487426757812, 11.598560333251953, 0.11032165453248674, 0.26966743331790916

[11.54043007  0.51956558]
0.5195655822753906, 11.540430068969727, 0.11105022130146265, 0.2696662641845979

[11.76580238  0.52182388]
0.5218238830566406, 11.765802383422852, 0.11118196415717155, 0.26966649357926437

[11.5267911   0.51617908]
0.516179084777832, 11.526791095733643, 0.11085227033666017, 0.2696662443953257

[11.39472818  0.51918888]
0.5191888809204102, 11.394728183746338, 0.11102819333376025, 0.2696661932710854

[11.25584579  0.52050543]
0.520505428314209, 11.255845785140991, 0.11110498310122655, 0.2696661972548727

[11.38108921  0.51580238]
0.5158023834228516, 11.381089210510254, 0.11083017928356324, 0.2696662004644391

[11.2490263   0.51881218]
0.5188121795654297, 11.24902629852295, 0.11100615744146593, 0.2696661238999577

[11.1101439   0.52012873]
0.5201287269592285, 11.110143899917603, 0.1110829707036586, 0.26966611598959994

[11.12378287  0.52351522]
0.5235152244567871, 11.123782873153687, 0.11128026060739533, 0.2696664149163468

[11.31676263  0.51773059]
0.5177305936813354, 11.316762626171112, 0.11094297589504255, 0.2696661377885822

[11.03217834  0.51867044]
0.5186704397201538, 11.032178342342377, 0.11099782016520145, 0.26966603030337344

[10.85090342  0.51841122]
0.5184112191200256, 10.850903421640396, 0.11098262625378248, 0.26966594728089993

[10.6442847   0.52080935]
0.5208093523979187, 10.644284695386887, 0.1111225349194557, 0.26966595155776146

[10.38504422  0.51909184]
0.5190918445587158, 10.38504421710968, 0.11102224205134119, 0.2696657486904805

[10.02249438  0.5185734 ]
0.5185734033584595, 10.022494375705719, 0.11099184673237346, 0.2696655562320273

[10.2291131   0.51617527]
0.5161752700805664, 10.229113101959229, 0.11085168074157865, 0.2696656768039257

[9.40070406 0.51633745]
0.5163374543190002, 9.400704056024551, 0.11086088709534524, 0.26966522790421993

[8.67560437 0.51530057]
0.5153005719184875, 8.675604373216629, 0.11079987989423293, 0.2696648124896569

[8.46898565 0.51769871]
0.5176987051963806, 8.46898564696312, 0.11094012122917353, 0.26966460437719164

[7.58892192 0.51846042]
0.5184604227542877, 7.588921919465065, 0.1109841798436023, 0.2696639041402858

[6.24203192 0.51518759]
0.5151875913143158, 6.242031916975975, 0.11079177485085512, 0.26966251514033135

[4.35180069 0.51349469]
0.513494685292244, 4.351800687611103, 0.11069024889365976, 0.2696591055868825

[3.26511823 0.51665454]
0.5166545361280441, 3.265118233859539, 0.11087285701908134, 0.2696550381117608

[0.55987516 0.51733152]
0.5173315182328224, 0.559875164180994, 0.11086736521700088, 0.26958644513323127

[-2.67724607  0.51236578]
0.5123657807707787, -2.677246067672968, 0.1106442645583902, 0.26969081771284265

[5.02237992 0.51693676]
0.5169367622584105, 5.022379922680557, 0.11089288144279136, 0.26966045997495774

[-0.11070407  0.51388944]
0.5138894412666559, -0.11070407088845968, 0.11122719934176403, 0.27053113170994325

[3.73910892 0.51617493]
0.5161749320104718, 3.7391089242883027, 0.11084606259243301, 0.26965701492636757

[-0.0528166   0.52001176]
0.5200117649510503, -0.052816599141806364, 0.11363830051882907, 0.27448977692680415

[3.25064637 0.51512396]
0.5151239552069455, 3.2506463659228757, 0.11078321563950944, 0.269655046389868

[0.07141261 0.51628054]
0.5162805414292961, 0.07141260581556708, 0.11059215311337445, 0.26930204363156585

[-1.76243555  0.51633335]
0.5163333461387083, -1.7624355534208007, 0.11088379818238715, 0.2697013268089869

[-2.6193586  0.5184881]
0.518488104455173, -2.6193585959263146, 0.1110033258966631, 0.26969114627684915

[1.78314513 0.51596499]
0.5159649925190024, 1.7831451254605781, 0.11082431245818905, 0.26964244675481625

[-1.15185736  0.51764707]
0.5176470671431161, -1.151857355464017, 0.110971561469941, 0.26971843973038645

[1.04939451 0.51638551]
0.5163855111750308, 1.0493945052294293, 0.11083666858849235, 0.2696236813701292

[-0.41810674  0.51722655]
0.5172265484870877, -0.41810673523286823, 0.11100727016610983, 0.26981486509299274

[0.6825192  0.51659577]
0.5165957705030451, 0.682519195113855, 0.1108336291118587, 0.2696004133576166

[-0.05123143  0.51701629]
0.5170162891590735, -0.05123142511729384, 0.11370613628601652, 0.27499612486906594

[0.49908154 0.5167009 ]
0.5167009001670522, 0.49908154005606775, 0.11082442448059468, 0.26957737339774607

[0.01061898 0.51564992]
0.5156499233635259, 0.010618981690640794, 0.11040094011241694, 0.2693282310398349

[-0.41704995  0.51522956]
0.5152295646257699, -0.4170499525498599, 0.11089030112853034, 0.26981499679089405

[0.27004867 0.51633307]
0.5163330662817316, 0.27004866690458584, 0.11075922184537047, 0.2695132927200342

[-0.18801708  0.5155974 ]
0.5155973985110904, -0.18801707939837797, 0.1110578967585784, 0.27005790988592876

[0.15553223 0.51614915]
0.5161491493390713, 0.1555322303288449, 0.11069079243245315, 0.2694327017555167

[-0.07350064  0.51578132]
0.5157813154537507, -0.07350064282263702, 0.11191206005637963, 0.27159437637667994

[0.09827401 0.51605719]
0.5160571908677412, 0.09827401204097441, 0.11062495419069202, 0.2693547672489198

[-0.01624242  0.51587327]
0.5158732739250809, -0.016242424534766542, 0.11236314271381631, 0.27508064447111985

[0.0696449  0.51601121]
0.5160112116320761, 0.06964490289703917, 0.11057287162456694, 0.26929829796619276

[0.13043853 0.51664183]
0.5166418296978463, 0.13043852702196546, 0.11069743116620867, 0.2694032206117484

[0.04057387 0.5158979 ]
0.515897899947106, 0.04057386802347196, 0.11049295884702467, 0.2692357246665166

[0.03880617 0.51562857]
0.515628570149886, 0.03880616510494406, 0.11047197521882747, 0.2692329511572684

[0.02250294 0.51530258]
0.5153025845101808, 0.022502944749632547, 0.11040248112926818, 0.2692334244140807

[0.00973513 0.51551526]
0.5155152584649159, 0.009735130231376843, 0.11039344341878872, 0.26934337418217325

[0.05466746 0.51588722]
0.515887223340286, 0.05466745973062359, 0.11053130575039197, 0.2692647753184942

[0.02471257 0.51563925]
0.5156392467567059, 0.024712573397792426, 0.11042862440736272, 0.2692284645804261

[0.00973513 0.51551526]
0.5155152584649159, 0.009735130231376843, 0.11039344341878872, 0.26934337418217325

[0.02294487 0.51536992]
0.5153699169594859, 0.022944870479264523, 0.11040768468121917, 0.2692322381553059

[0.00885128 0.51538059]
0.5153805935663058, 0.008851278772112892, 0.1103864411238995, 0.2693603240057832

[0.03131744 0.51556658]
0.5155665760039909, 0.031317443521736266, 0.11044505192204261, 0.2692250995225918

[0.03308515 0.51583591]
0.515835905801211, 0.03308514644026417, 0.11046628838644655, 0.2692260317894673

[0.03969002 0.51576324]
0.515763235048496, 0.03969001656420801, 0.11048247808379064, 0.26923430228488665

[0.02845693 0.51567024]
0.5156702438296534, 0.02845693418939632, 0.11044204231889299, 0.26922488623238516

[0.02668923 0.51540091]
0.5154009140324334, 0.02668923127086842, 0.11042084684603092, 0.26922605401363203

[0.03148617 0.51572716]
0.5157271578590166, 0.03148616764791523, 0.11045492053607263, 0.26922510576449804

[0.02828821 0.51550966]
0.5155096619746278, 0.028288210063217356, 0.1104321752688635, 0.26922500962755186

[0.0254277  0.51561333]
0.5156133298002903, 0.02542770073087741, 0.11042929963270023, 0.2692273899231525

[0.02984501 0.51557826]
0.5155782644530658, 0.029845007824021552, 0.11044107492942322, 0.26922474584582196

[0.03001373 0.51573885]
0.5157388463080914, 0.030013731950200517, 0.11045094357479926, 0.26922469419821204

[0.03087649 0.51585344]
0.5158534384748232, 0.030876492893692098, 0.1104603328926105, 0.26922482533214287

[0.03140181 0.51564687]
0.5156468669315037, 0.03140180558482575, 0.11044998640221634, 0.2692251018099937

[0.02919315 0.5156644 ]
0.515664399605116, 0.029193152038253678, 0.11044402339780346, 0.2692247286180738


------------------------------------------------------------
Sender: LSF System <lsfadmin@n-62-21-10>
Subject: Job 1708268: <minimize_batch_job_this_is_on_purpose_to_utilize_more_kernel> in cluster <dcc> Done

Job <minimize_batch_job_this_is_on_purpose_to_utilize_more_kernel> was submitted from host <gbarlogin2> by user <s174007> in cluster <dcc> at Thu Jan 10 17:20:29 2019
Job was executed on host(s) <n-62-21-10>, in queue <hpc>, as user <s174007> in cluster <dcc> at Thu Jan 10 17:20:30 2019
</zhome/b0/b/127184> was used as the home directory.
</zhome/b0/b/127184/Documents/Projects/machine-learning-on-materials> was used as the working directory.
Started at Thu Jan 10 17:20:30 2019
Terminated at Thu Jan 10 18:06:01 2019
Results reported at Thu Jan 10 18:06:01 2019

Your job looked like:

------------------------------------------------------------
# LSBATCH: User input
#!/bin/bash
##Kør på cpu
#BSUB -q hpc
##Navn på job
#BSUB -J minimize_batch_job_this_is_on_purpose_to_utilize_more_kernel
##Output fil
#BSUB -o output/minimize/linear_GP_deep_batchjobs-%J.out
##Antal kerner
#BSUB -n 1
##Om kernerne må være på forskellige computere
#BSUB -R "span[hosts=1]"
##Ram pr kerne
#BSUB -R "rusage[mem=10GB]"
##Hvor lang tid må den køre hh:mm
#BSUB -W 45:00
##Email når jobbet starter
##og stopper
module purge
module load python3
python3 KRR/minimizer.py linear 5 GP deep [10]
------------------------------------------------------------

Successfully completed.

Resource usage summary:

    CPU time :                                   2729.32 sec.
    Max Memory :                                 1487 MB
    Average Memory :                             1263.01 MB
    Total Requested Memory :                     10240.00 MB
    Delta Memory :                               8753.00 MB
    Max Swap :                                   -
    Max Processes :                              4
    Max Threads :                                5
    Run time :                                   2730 sec.
    Turnaround time :                            2732 sec.

The output (if any) is above this job summary.

