Unloaded module: latex/TeXLive12
Loaded module: python3/3.6.2
[10]
[10.0]
[10.  1.]
1.0, 10.0, 0.19908292372255745, 0.28383977449630715

[10.5  1. ]
1.0, 10.5, 0.1990830697487195, 0.283839914929497

[10.    1.05]
1.05, 10.0, 0.20155444607302198, 0.28440283990756754

[10.5   0.95]
0.95, 10.5, 0.19649841403316265, 0.28327599933258846

[10.75  0.9 ]
0.8999999999999999, 10.75, 0.1937902895085207, 0.28271261085856436

[10.25  0.9 ]
0.8999999999999999, 10.25, 0.19379015589236057, 0.28271247322243986

[10.125  0.85 ]
0.8499999999999996, 10.125, 0.19094650608038286, 0.2821511023681941

[10.875  0.75 ]
0.7499999999999996, 10.875, 0.18479627592453277, 0.2810440432774597

[11.3125  0.625 ]
0.6249999999999991, 11.3125, 0.17605048636517281, 0.27972433614980186

[10.6875  0.575 ]
0.5749999999999988, 10.6875, 0.1721455132719527, 0.27923309023663717

[10.65625  0.4125 ]
0.4124999999999983, 10.65625, 0.15727798254388028, 0.27793676788340427

[11.84375  0.1875 ]
0.18749999999999778, 11.84375, 0.12732949961555629, 0.2783897265499548

[11.1875 -0.025 ]
-0.02500000000000302, 11.1875, 1.570401507584889, 4.282814450834578

[11.28125  0.4625 ]
0.4624999999999986, 11.28125, 0.16226745703788284, 0.27826861852873885

[10.09375  0.6875 ]
0.6874999999999991, 10.09375, 0.18058845933692405, 0.2803712193919565

[11.40625  0.3125 ]
0.3124999999999981, 11.40625, 0.1458108280697908, 0.27759059097544586

[10.78125  0.2625 ]
0.26249999999999785, 10.78125, 0.13910709809827757, 0.2776732039356606

[11.53125  0.1625 ]
0.16249999999999765, 11.53125, 0.12279653697734355, 0.2788863531423767

[10.875  0.35 ]
0.34999999999999815, 10.875, 0.15037780428122044, 0.27765702765081063

[11.5  0.4]
0.39999999999999847, 11.5, 0.15596150134386633, 0.27786731984373064

[10.9609375  0.296875 ]
0.296874999999998, 10.9609375, 0.14379736165612367, 0.2775923149352522

[11.4921875  0.259375 ]
0.25937499999999797, 11.4921875, 0.13866146627721168, 0.2776867522144913

[11.02929688  0.32734375]
0.3273437499999981, 11.029296875, 0.1476613785263212, 0.2776058031111916

[11.33789062  0.28203125]
0.282031249999998, 11.337890625, 0.14181818138663468, 0.2776132504042764

[11.10644531  0.31601562]
0.3160156249999981, 11.1064453125, 0.14625440521070426, 0.2775927308262663

[11.26074219  0.29335937]
0.29335937499999803, 11.2607421875, 0.14333466569832945, 0.27759553961780853

[11.14501953  0.31035156]
0.31035156249999807, 11.14501953125, 0.14553802581165376, 0.27758965439892136

[11.59033203  0.32597656]
0.3259765624999982, 11.59033203125, 0.14749343307474724, 0.27760385982073543

[11.11828613  0.30415039]
0.30415039062499805, 11.1182861328125, 0.14474350862365767, 0.2775890800745473

[10.85705566  0.30200195]
0.302001953124998, 10.8570556640625, 0.1444656688345706, 0.2775895422298415

[10.83032227  0.29580078]
0.295800781249998, 10.830322265625, 0.1436563394799043, 0.277593145506585

[11.06634521  0.30671387]
0.30671386718749805, 11.06634521484375, 0.1450732518369874, 0.27758894106105125

[11.32757568  0.3088623 ]
0.3088623046874981, 11.32757568359375, 0.14534822547445234, 0.27758927909149345

[11.20994568  0.30714722]
0.30714721679687307, 11.209945678710938, 0.14512883230303206, 0.27758899761186795

[11.15800476  0.30971069]
0.30971069335937307, 11.158004760742188, 0.14545641586863628, 0.2775894598622741

[11.12821579  0.30554047]
0.3055404663085918, 11.128215789794922, 0.14492255198891915, 0.27758894740581797

[10.98461533  0.30510712]
0.30510711669921675, 10.984615325927734, 0.14486677484509491, 0.27758894536860385

[10.92274475  0.30628052]
0.306280517578123, 10.922744750976562, 0.14501761802990493, 0.27758889855870206

[10.82000923  0.30665054]
0.30665054321288865, 10.820009231567383, 0.14506509265922105, 0.2775888896951209

[10.90173912  0.30825729]
0.30825729370116994, 10.901739120483398, 0.1452708720084233, 0.27758908022102985

[10.96389627  0.30589466]
0.3058946609497051, 10.96389627456665, 0.1449680613159639, 0.2775889060418631

[10.71756029  0.30583134]
0.3058313369750957, 10.717560291290283, 0.14495988689186765, 0.2775888579178737

[10.54316783  0.30539007]
0.30539007186889444, 10.54316782951355, 0.14490312075676184, 0.2775888377484329

[10.39928079  0.30614595]
0.306145954132078, 10.399280786514282, 0.1450002579582431, 0.2775887889231357

[10.11697304  0.3062716 ]
0.3062716007232644, 10.116973042488098, 0.14501634595456114, 0.27758872733140455

[9.84013164 0.30501113]
0.3050111293792702, 9.840131640434265, 0.1448542332709822, 0.2775887052046875

[9.35019284 0.30419142]
0.304191422462461, 9.350192844867706, 0.14474850598380093, 0.2775886764691834

[8.92399806 0.30507295]
0.305072951316831, 8.923998057842255, 0.14486201098524112, 0.2775884560248007

[8.11441317 0.30491439]
0.3049143910407992, 8.114413172006607, 0.1448414008474409, 0.27758820819896174

[7.34763297 0.30283421]
0.3028342127799958, 7.347632974386215, 0.1445726786619927, 0.2775882746022958

[6.1118533  0.30355718]
0.303557181358334, 6.111853301525116, 0.14466565901733425, 0.2775874664695766

[4.49268353 0.30324006]
0.3032400608062704, 4.492683529853821, 0.1446236647916555, 0.2775861635780216

[5.25946373 0.30532024]
0.30532023906707384, 5.259463727474213, 0.1448924798602613, 0.27758661342003854

[1.63773409 0.30364591]
0.30364590883254505, 1.6377340853214264, 0.14466943157037393, 0.2775771092386937

[-1.60060546  0.30301167]
0.30301166772841803, -1.600605458021164, 0.1446089558411412, 0.2776061624725237

[0.87095389 0.30156573]
0.30156573057174163, 0.8709538877010345, 0.14439114461544053, 0.27756553744608436

[-1.32330103  0.29968848]
0.29968847632407547, -1.3233010321855545, 0.14417982716661945, 0.2776104213247856

[-1.98399556  0.30197158]
0.30197157859801627, -1.9839955568313599, 0.144472136641683, 0.2776035570674057

[2.87351376 0.30292294]
0.30292294025420685, 2.8735137581825256, 0.1445805013025081, 0.27758333443801764

[-0.36482579  0.3022887 ]
0.30228869915007983, -0.3648257851600647, 0.14455405924879883, 0.27765847866681054

[2.06392887 0.30276438]
0.30276437997817507, 2.063928872346878, 0.1445576484654433, 0.2775802276479389

[0.4447591  0.30244726]
0.3024472594261116, 0.4447591006755829, 0.1444872331053162, 0.27754083963137116

[-0.36482579  0.3022887 ]
0.30228869915007994, -0.3648257851600647, 0.1445540592487993, 0.277658478666813

[-0.3220211   0.30036708]
0.3003670811653082, -0.32202109694480896, 0.14431130746818582, 0.2776682483153195

[1.14779529 0.3028262 ]
0.30282620191573584, 1.1477952897548676, 0.14455906585073885, 0.27757136021620243

[0.1679177  0.30118679]
0.3011867880821174, 0.16791769862174988, 0.14426716621621266, 0.27746531897625903

[-0.3220211   0.30036708]
0.3003670811653082, -0.32202109694480896, 0.14431130746818582, 0.2776682483153195

[-0.25827709  0.30206832]
0.3020683169364874, -0.2582770884037018, 0.14454721623638978, 0.2776878447751525

[0.58864614 0.30169138]
0.30169137716292804, 0.5886461436748505, 0.1443983003930551, 0.2775532030350021

[0.02403066 0.30194267]
0.301942670345301, 0.0240306556224823, 0.14403969469423467, 0.27703576305138333

[-0.25827709  0.30206832]
0.3020683169364875, -0.2582770884037018, 0.14454721623638944, 0.27768784477515657

[-0.25281075  0.3006822 ]
0.30068219900130677, -0.2528107464313507, 0.14436872788382493, 0.277690301702896

[0.27036664 0.30200599]
0.3020059943199104, 0.2703666388988495, 0.14440712007383427, 0.2775101681942766

[-0.07841828  0.30112346]
0.301123464107508, -0.07841828465461731, 0.14462497844541694, 0.27795969605074444

[0.18317041 0.30178536]
0.3017853617668098, 0.1831704080104828, 0.14435196712865309, 0.2774746504068379

[0.00877795 0.3013441 ]
0.3013440966606086, 0.00877794623374939, 0.14378269982472486, 0.27681794694002193

[-0.07841828  0.30112346]
0.301123464107508, -0.07841828465461731, 0.14462497844541694, 0.27795969605074444

[-0.1351091   0.30209998]
0.30209997892379215, -0.1351090967655182, 0.14462438230848879, 0.2777866106483797

[0.092161   0.30141509]
0.30141508579253606, 0.09216099977493286, 0.1442307697755478, 0.2773770154919304

[-0.0593524   0.30187168]
0.3018716812133735, -0.05935239791870117, 0.14483696740212992, 0.2781157956158877

[0.05428265 0.30152923]
0.3015292346477454, 0.05428265035152435, 0.14416016907176796, 0.27726353429792927

[-0.02147405  0.30175753]
0.30175753235816416, -0.021474048495292664, 0.14645808791834752, 0.28037353561449624

[0.03534348 0.30158631]
0.3015863090753501, 0.0353434756398201, 0.144080181435592, 0.27714848869961406

[-0.00253487  0.30170046]
0.30170045793055944, -0.0025348737835884094, 0.14499336812537283, 0.2786236851381716

[0.02587389 0.30161485]
0.30161484628915247, 0.025873888283967972, 0.14401408026953463, 0.2770576950516021

[0.00693471 0.30167192]
0.3016719207167571, 0.006934713572263718, 0.14380850499613432, 0.2768032807293791

[-0.00253487  0.30170046]
0.30170045793055933, -0.0025348737835884094, 0.1449933681253728, 0.27862368513817126

[-0.008318    0.30107335]
0.3010733470320647, -0.008317995816469193, 2.242255430455836, 3.714673821506965

[0.01594349 0.30172534]
0.3017253395169919, 0.015943492762744427, 0.14392313140312435, 0.27692393707335766

[-2.30832957e-04  3.01290678e-01]
0.3012906778603738, -0.00023083295673131943, 0.1440680286836011, 0.2773203131889029

[0.01189991 0.30161667]
0.3016166741028373, 0.01189991133287549, 0.14385669581525273, 0.27686058513638534

[0.00381275 0.30139934]
0.30139934327452833, 0.003812748473137617, 0.14378129569529974, 0.27683764480553824

[0.00583454 0.30145368]
0.3014536759816056, 0.005834539188072085, 0.14377554775733226, 0.2768036964756488

[0.00399131 0.3017815 ]
0.30178150003775406, 0.003991306526586413, 0.14382825049657877, 0.27683177055417174

[0.00758129 0.30145345]
0.30145344750489494, 0.007581286306958646, 0.1437850685394349, 0.27680692165374304

[0.00518797 0.30167215]
0.3016721491934677, 0.0051879664533771574, 0.1438042576987062, 0.2768084516277866

[0.00698296 0.30150812]
0.3015081229270381, 0.0069829563435632735, 0.14378758183686557, 0.27680363465556607

[0.00808313 0.30172637]
0.3017263676621896, 0.008083130727754906, 0.14382501829244984, 0.2768105664443734

[0.00639669 0.30152185]
0.3015218489017516, 0.0063966870729927905, 0.14378608983918642, 0.2768024359826642


------------------------------------------------------------
Sender: LSF System <lsfadmin@n-62-21-22>
Subject: Job 1708322: <minimize_batch_job_this_is_on_purpose_to_utilize_more_kernel> in cluster <dcc> Done

Job <minimize_batch_job_this_is_on_purpose_to_utilize_more_kernel> was submitted from host <gbarlogin2> by user <s174007> in cluster <dcc> at Thu Jan 10 17:20:35 2019
Job was executed on host(s) <n-62-21-22>, in queue <hpc>, as user <s174007> in cluster <dcc> at Thu Jan 10 17:20:36 2019
</zhome/b0/b/127184> was used as the home directory.
</zhome/b0/b/127184/Documents/Projects/machine-learning-on-materials> was used as the working directory.
Started at Thu Jan 10 17:20:36 2019
Terminated at Thu Jan 10 17:38:51 2019
Results reported at Thu Jan 10 17:38:51 2019

Your job looked like:

------------------------------------------------------------
# LSBATCH: User input
#!/bin/bash
##Kør på cpu
#BSUB -q hpc
##Navn på job
#BSUB -J minimize_batch_job_this_is_on_purpose_to_utilize_more_kernel
##Output fil
#BSUB -o output/minimize/linear_GP_faulty_batchjobs-%J.out
##Antal kerner
#BSUB -n 1
##Om kernerne må være på forskellige computere
#BSUB -R "span[hosts=1]"
##Ram pr kerne
#BSUB -R "rusage[mem=10GB]"
##Hvor lang tid må den køre hh:mm
#BSUB -W 45:00
##Email når jobbet starter
##og stopper
module purge
module load python3
python3 KRR/minimizer.py linear 1 GP faulty [10]
------------------------------------------------------------

Successfully completed.

Resource usage summary:

    CPU time :                                   1093.97 sec.
    Max Memory :                                 789 MB
    Average Memory :                             647.53 MB
    Total Requested Memory :                     10240.00 MB
    Delta Memory :                               9451.00 MB
    Max Swap :                                   -
    Max Processes :                              4
    Max Threads :                                5
    Run time :                                   1125 sec.
    Turnaround time :                            1096 sec.

The output (if any) is above this job summary.

