Unloaded module: latex/TeXLive12
Loaded module: python3/3.6.2
[10]
[10.0]
[1.e+01 1.e-03]
0.001, 10.0, 0.07613563688301098, 0.28789668096550236

[1.05e+01 1.00e-03]
0.001, 10.5, 0.07613563689504937, 0.287896655333008

[1.00e+01 1.05e-03]
0.0010500000000000002, 10.0, 0.07613807822052716, 0.2878824525301683

[1.05e+01 1.05e-03]
0.0010500000000000002, 10.5, 0.0761380782337716, 0.287882426849176

[1.075e+01 1.075e-03]
0.0010750000000000004, 10.75, 0.07613933421206422, 0.28787541279550904

[1.025e+01 1.125e-03]
0.0011250000000000006, 10.25, 0.07614191643075595, 0.287861640504011

[1.0125e+01 1.1875e-03]
0.001187500000000001, 10.125, 0.07614527526278712, 0.28784476081358334

[1.0875e+01 1.2125e-03]
0.0012125000000000013, 10.875, 0.07614665934121813, 0.28783807358357777

[1.13125e+01 1.29375e-03]
0.001293750000000002, 11.3125, 0.07615131612360003, 0.28781681929007935

[1.06875e+01 1.40625e-03]
0.0014062500000000026, 10.6875, 0.07615815979695786, 0.2877883173649195

[1.065625e+01 1.571875e-03]
0.0015718750000000038, 10.65625, 0.0761690553189495, 0.28774793393778453

[1.184375e+01 1.678125e-03]
0.0016781250000000047, 11.84375, 0.07617654793991549, 0.28772287516235373

[1.2703125e+01 1.9234375e-03]
0.0019234375000000067, 12.703125, 0.07619530362287202, 0.2876674582044894

[1.2046875e+01 2.2015625e-03]
0.0022015625000000086, 12.046875, 0.07621893750461156, 0.28760816610869677

[1.24140625e+01 2.65546875e-03]
0.002655468750000012, 12.4140625, 0.07626262181887508, 0.287518057178051

[1.44609375e+01 3.00703125e-03]
0.003007031250000015, 14.4609375, 0.0763005605909165, 0.2874531062277162

[1.63632812e+01 3.72460938e-03]
0.003724609375000021, 16.36328125, 0.07638826638676773, 0.2873316686835158

[1.60742188e+01 4.45664063e-03]
0.004456640625000026, 16.07421875, 0.07649074703565813, 0.28722056198661033

[1.77597656e+01 5.72324219e-03]
0.005723242187500036, 17.759765625, 0.07669552105871638, 0.28705222447915674

[2.17089844e+01 6.79238281e-03]
0.006792382812500045, 21.708984375, 0.07689220074958059, 0.2869288223924503

[2.63564453e+01 8.86083984e-03]
0.008860839843750062, 26.3564453125, 0.07732503261078101, 0.2867267220127209

[2.77529297e+01 1.08594727e-02]
0.010859472656250077, 27.7529296875, 0.07779787621173807, 0.2865659295266001

[3.34477539e+01 1.44269043e-02]
0.014426904296875105, 33.44775390625, 0.07874565064452539, 0.28633782611780145

[4.20444336e+01 1.75645020e-02]
0.01756450195312513, 42.04443359375, 0.07966298153073582, 0.2861815910376572

[5.41867676e+01 2.34851318e-02]
0.02348513183593768, 54.186767578125, 0.08153995556671281, 0.28596259014739583

[6.12780762e+01 2.90511963e-02]
0.029051196289062723, 61.278076171875, 0.08341597950158201, 0.2858188932155653

[7.87388916e+01 3.91463745e-02]
0.039146374511719054, 78.7388916015625, 0.08695175325779161, 0.2856581813902763

[9.94779053e+01 4.82046021e-02]
0.048204602050781635, 99.4779052734375, 0.09016660564861094, 0.285588608066799

[1.32492981e+02 6.50934509e-02]
0.0650934509277349, 132.49298095703125, 0.09607200407496845, 0.28558172175672336

[1.57045105e+02 8.07546936e-02]
0.08075469360351628, 157.04510498046875, 0.10133190052634954, 0.2856726016793066

[1.31330521e+02 6.64373032e-02]
0.06643730316162162, 131.3305206298828, 0.09653259872811944, 0.2855863974041731

[1.85084610e+02 9.23843796e-02]
0.09238437957763747, 185.08460998535156, 0.10507506528076169, 0.2857830455280301

[1.05325321e+02 5.24558758e-02]
0.05245587577819866, 105.32532119750977, 0.09166973948233763, 0.2855738792277692

[1.06487782e+02 5.11120235e-02]
0.051112023544311935, 106.4877815246582, 0.09119544659435326, 0.28557745408412233

[7.93201218e+01 3.84744484e-02]
0.03847444839477569, 79.32012176513672, 0.08671374598174247, 0.2856657832947629

[1.19199766e+02 5.84387003e-02]
0.0584387002944951, 119.19976615905762, 0.09376848235756077, 0.28556887282686394

[1.18037306e+02 5.97825525e-02]
0.05978255252838183, 118.03730583190918, 0.0942365193239436, 0.28557000950445066

[1.31911751e+02 6.57653770e-02]
0.06576537704467827, 131.91175079345703, 0.09630250424996606, 0.28558397751500536

[1.11971929e+02 5.57832511e-02]
0.05578325109481856, 111.97192859649658, 0.09283980572034303, 0.2855689924303274

[1.13134389e+02 5.44393989e-02]
0.054439398860931826, 113.13438892364502, 0.09236803654164852, 0.285570304358512

[1.16811577e+02 5.84467641e-02]
0.05844676411151933, 116.81157660484314, 0.0937712946206211, 0.2855688788657352

[1.24039414e+02 6.11022133e-02]
0.06110221331119586, 124.03941416740417, 0.09469477508691235, 0.2855718653987146

[1.14988800e+02 5.71129916e-02]
0.057112991648912884, 114.98879998922348, 0.09330546225302344, 0.28556853160114765

[1.17376990e+02 5.71049278e-02]
0.05710492783188865, 117.37698954343796, 0.09330264228966322, 0.2855685303396825

[1.17659696e+02 5.64340097e-02]
0.05643400969207331, 117.65969601273537, 0.09306784172701908, 0.2855686616050829

[1.13166023e+02 5.57792192e-02]
0.05577921918630644, 113.16602337360382, 0.09283839213315957, 0.28556899423682125

[1.1769133e+02 5.7773830e-02]
0.05777383001744793, 117.69133046269417, 0.0935364256231289, 0.28556860309768345

[1.14674459e+02 5.64440895e-02]
0.05644408946335361, 114.67445906996727, 0.09307137131157663, 0.28556866007702064

[1.16937113e+02 5.74413949e-02]
0.05744139487892435, 116.93711261451244, 0.09342027797463806, 0.2855685421028469

[1.15428677e+02 5.67765246e-02]
0.05677652460187719, 115.428676918149, 0.09318774966948207, 0.2855685701250686

[1.16560004e+02 5.72751773e-02]
0.057275177309662556, 116.56000369042158, 0.09336217481207243, 0.28556853027137247

[1.18948193e+02 5.72671135e-02]
0.057267113492638314, 118.94819324463606, 0.09335935575655949, 0.2855685284509992

[1.20927890e+02 5.73441744e-02]
0.05734417441450104, 120.92788987234235, 0.09338629626321708, 0.28556853098319784

[1.18131207e+02 5.74373630e-02]
0.05743736297041222, 118.13120739161968, 0.0934188689250435, 0.2855685408838227

[1.17565544e+02 5.71880366e-02]
0.05718803661651954, 117.56554400548339, 0.0933317062025581, 0.2855685282758286

[1.19953734e+02 5.71799728e-02]
0.0571799727994953, 119.95373355969787, 0.09332888665101283, 0.28556852680425704

[1.21650598e+02 5.71323705e-02]
0.05713237054441167, 121.65059849433601, 0.09331224018867573, 0.2855685266586909

[1.20267949e+02 5.70532937e-02]
0.0570532936682929, 120.26794925518334, 0.09328458320790234, 0.2855685312861345

[1.19278132e+02 5.72136585e-02]
0.057213658536551956, 119.27813224727288, 0.09334066561194962, 0.28556852720979153

[1.23363187e+02 5.71579925e-02]
0.057157992464444085, 123.3631867361255, 0.09332120058303782, 0.2855685250219353

[1.26262008e+02 5.71429704e-02]
0.05714297038840635, 126.26200810144655, 0.09331594751850156, 0.2855685236646759

[1.28634474e+02 5.70616824e-02]
0.057061682396266064, 128.63447434850968, 0.09328751806638386, 0.2855685258869188

[1.33245884e+02 5.70722822e-02]
0.057072282240260744, 133.24588395562023, 0.0932912258750739, 0.2855685228418299

[1.39043527e+02 5.70422381e-02]
0.05704223808818529, 139.04352668626234, 0.09328071771649137, 0.2855685219541639

[1.36671060e+02 5.71235261e-02]
0.05712352608032557, 136.6710604391992, 0.09330914829726462, 0.28556851882248396

[1.40689353e+02 5.71544479e-02]
0.05715444792235533, 140.68935348454397, 0.09331996238848457, 0.2855685161128086

[1.53470872e+02 5.70537156e-02]
0.057053715622134266, 153.47087206935976, 0.0932847332071632, 0.28556851508908704

[1.67075304e+02 5.70090882e-02]
0.05700908823899822, 167.07530405331636, 0.09326912374435511, 0.2855685137153143

[1.68721131e+02 5.71212981e-02]
0.057121298073168264, 168.721130851598, 0.09330837097026495, 0.28556850639945097

[1.83559933e+02 5.71608281e-02]
0.05716082806565975, 183.55993293426582, 0.09332219576133464, 0.28556850106786724

[2.09945884e+02 5.70154684e-02]
0.05701546838230265, 209.9458835030382, 0.09327135717107683, 0.2855685021924141

[2.26430512e+02 5.71672082e-02]
0.057167208208964176, 226.43051238398766, 0.0933244282623385, 0.28556849169299087

[2.56108117e+02 5.72462682e-02]
0.05724626819394715, 256.1081165493233, 0.0933520736242004, 0.2855684873944441

[2.29722166e+02 5.73916279e-02]
0.05739162787730426, 229.72216598055093, 0.09340288908371805, 0.2855684993760361

[3.0227035e+02 5.7477068e-02]
0.05747706800559166, 302.2703495956084, 0.09343275243000125, 0.28556849908756055

[3.28656300e+02 5.73317083e-02]
0.057331708322234554, 328.6563001643808, 0.0933819454633668, 0.28556848314288535

[3.78123367e+02 5.73017485e-02]
0.057301748544699715, 378.12336725629575, 0.09337147235875701, 0.2855684779571712

[3.31961134e+02 5.70709487e-02]
0.05707094873305521, 331.96113421001064, 0.09329076548893725, 0.2855684825456497

[4.53976385e+02 5.71264291e-02]
0.05712642908380777, 453.9763849169831, 0.09331017040925846, 0.285568472747441

[5.52910519e+02 5.70665095e-02]
0.057066509528738096, 552.910519100813, 0.09328921443071052, 0.2855684719911665

[5.99072752e+02 5.72973093e-02]
0.0572973093403826, 599.0727521470981, 0.09336992171551248, 0.28556846897791505

[7.32628561e+02 5.74104896e-02]
0.0574104896440463, 732.6285611156418, 0.09340948587602912, 0.2855684741983414

[7.73859904e+02 5.70620703e-02]
0.05706207032442098, 773.8599039916153, 0.09328766244017422, 0.2855684676171608

[9.71728172e+02 5.69422312e-02]
0.0569422312142816, 971.728172359275, 0.09324574193406229, 0.28556847599176294

[8.20022137e+02 5.72928701e-02]
0.05729287013606549, 820.0221370379004, 0.09336837035150145, 0.2855684647382289

[9.53577946e+02 5.74060504e-02]
0.057406050439729184, 953.5779460064441, 0.0934079346857613, 0.28556847096069804

[9.94809289e+02 5.70576311e-02]
0.05705763112010387, 994.8092888824176, 0.09328611012699829, 0.2855684653169996

[1.04097152e+03 5.72884309e-02]
0.057288430931748374, 1040.9715219287027, 0.09336681871697514, 0.2855684622213913

[1.17452733e+03 5.74016112e-02]
0.05740161123541207, 1174.5273308972464, 0.09340638332267877, 0.28556846875853786

[8.66184370e+02 5.75236699e-02]
0.05752366994770999, 866.1843700841855, 0.09344904087634764, 0.28556848604786444

[9.62653059e+02 5.71741408e-02]
0.0571741408270054, 962.6530591828596, 0.09332685708022498, 0.2855684612490729

[1.18360244e+03 5.71697016e-02]
0.05716970162268828, 1183.602444073662, 0.09332530498918121, 0.2855684595538972

[1.36539260e+03 5.71081174e-02]
0.05710811736599969, 1365.3925975915427, 0.0933037682334298, 0.2855684602274255

[1.10528398e+03 5.70554115e-02]
0.0570554115179453, 1105.2839813278188, 0.09328533390744304, 0.285568464562761

[1.05704964e+03 5.72301761e-02]
0.057230176078297605, 1057.0496367784817, 0.09334645107079766, 0.2855684604700658

[1.27799902e+03 5.72257369e-02]
0.05722573687398049, 1277.999021669284, 0.09334489911361438, 0.28556845895578237

[1.43567200e+03 5.72515349e-02]
0.05725153489746802, 1435.6720029124963, 0.09335391937434247, 0.28556845865004876

[1.56222481e+03 5.71910604e-02]
0.0571910604418587, 1562.2248102076765, 0.09333277413441826, 0.28556845752499604

[1.81481240e+03 5.71715026e-02]
0.05717150262363925, 1814.8123969222738, 0.0933259351798717, 0.2855684568329621

[2.06688196e+03 5.72533359e-02]
0.057253335898418994, 2066.881955761108, 0.09335454935593775, 0.28556845677431775

[2.50852171e+03 5.72951530e-02]
0.05729515303628435, 2508.5217116048316, 0.09336916957146213, 0.28556845742812864

[2.44602235e+03 5.71733036e-02]
0.05717330362459022, 2446.0223497708857, 0.09332656516066597, 0.2855684555713039

[2.95119752e+03 5.71341880e-02]
0.057134187988151314, 2951.1975232000805, 0.09331288635590376, 0.2855684557123256

[2.69809191e+03 5.72551369e-02]
0.057255136899369966, 2698.0919086097206, 0.09335517919736612, 0.2855684558216376

[3.07723230e+03 5.71751046e-02]
0.05717510462554119, 3077.2323026194986, 0.0933271950705835, 0.2855684548369296

[3.58240748e+03 5.71359890e-02]
0.0571359889891023, 3582.4074760486938, 0.09331351627976488, 0.28556845514718565

[2.82516274e+03 5.70932714e-02]
0.05709327135076145, 2825.1627437806633, 0.09329857648057646, 0.2855684574891812

[2.72985962e+03 5.72146705e-02]
0.05721467051221783, 2729.859617402456, 0.09334103022876036, 0.2855684551305284

[3.36106957e+03 5.72164715e-02]
0.057216471513168804, 3361.0695702510684, 0.0933416600652908, 0.28556845447534696

[3.81859318e+03 5.72380555e-02]
0.05723805545745808, 3818.5931804911597, 0.09334920699600274, 0.28556845444373463

[4.16596587e+03 5.71984896e-02]
0.05719848957078144, 4165.965865708203, 0.09333537245395272, 0.28556845385708207

[4.88401899e+03 5.71903991e-02]
0.05719039910006324, 4884.018989861075, 0.09333254345614393, 0.28556845360381655

[5.62537987e+03 5.72533499e-02]
0.05725334993198013, 5625.379867732736, 0.0933545546677738, 0.2855684540854411

[6.69080568e+03 5.72056936e-02]
0.057205693574585284, 6690.805677102651, 0.09333789161932546, 0.28556845303316997

[8.12691193e+03 5.71895126e-02]
0.05718951263314889, 8126.911925408396, 0.09333223358952458, 0.28556845291490773

[7.38555105e+03 5.71265618e-02]
0.057126561801232004, 7385.5510475367355, 0.09331021959264284, 0.28556845404732784

[6.94550825e+03 5.71582588e-02]
0.05715825883391903, 6945.508252585736, 0.09332130442355577, 0.2855684532467015

[1.01884012e+04 5.71573724e-02]
0.05715737236700469, 10188.401188133057, 0.09332099448583908, 0.28556845318207963

[1.13698049e+04 5.71886262e-02]
0.05718862616623455, 11369.804860955715, 0.09333192366424156, 0.28556845269113

[1.35819532e+04 5.72038098e-02]
0.05720380983239233, 13581.953165140705, 0.09333723302617478, 0.28556845204569636

[1.15204639e+04 5.72359501e-02]
0.057235950098536534, 11520.463902416044, 0.09334847110478818, 0.28556845273928233

[1.69755051e+04 5.72502473e-02]
0.05725024729777997, 16975.505142148355, 0.09335347002164333, 0.28556845305957185

[1.03390602e+04 5.72046963e-02]
0.05720469629930666, 10339.060229593386, 0.09333754294381603, 0.2855684525403594

[1.24005495e+04 5.71725560e-02]
0.05717255603316246, 12400.549492318047, 0.09332630418845336, 0.28556845277937387

[1.17404853e+04 5.72201016e-02]
0.05722010158219301, 11740.485299891545, 0.09334292962497313, 0.28556845281080756

[1.19605067e+04 5.72042531e-02]
0.057204253065849496, 11960.506697367045, 0.09333738797000467, 0.28556845233438993

[1.25512085e+04 5.72198800e-02]
0.05721987996546443, 12551.208533778376, 0.09334285215134956, 0.28556845262014774

[1.29912513e+04 5.71881829e-02]
0.05718818293277739, 12991.251328729373, 0.09333176867871538, 0.2855684525696549

[1.28812406e+04 5.71961072e-02]
0.057196107190949155, 12881.240629991624, 0.09333453961206482, 0.2855684524079067

[1.26612192e+04 5.72119557e-02]
0.057211955707292664, 12661.219232516125, 0.09334008134394584, 0.2855684526176415

[1.28262353e+04 5.72000693e-02]
0.05720006932003503, 12826.23528062275, 0.09333592508523424, 0.2855684524074213

[1.27162246e+04 5.72079936e-02]
0.05720799357820679, 12716.224581884999, 0.09333869593224318, 0.2855684524602099

[1.27987326e+04 5.72020504e-02]
0.05720205038457797, 12798.732605938312, 0.09333661777960946, 0.2855684524302669

[1.27712299e+04 5.72040314e-02]
0.05720403144912091, 12771.229931253874, 0.0933373105068367, 0.2855684524535815

[1.32040942e+04 5.72019396e-02]
0.05720193957621368, 13204.094222881728, 0.09333657905160468, 0.2855684524014514

[1.40148175e+04 5.72017180e-02]
0.0572017179594851, 14014.817456768556, 0.09333650156286066, 0.28556845266835595

[1.30821268e+04 5.72034531e-02]
0.05720345307671196, 13082.126812632545, 0.09333710827595153, 0.28556845240003076

[1.34599858e+04 5.72053233e-02]
0.057205323332890606, 13459.985754891522, 0.09333776223504621, 0.28556845263703823

[1.32680671e+04 5.72027855e-02]
0.05720278551538291, 13268.067105884176, 0.09333687485021729, 0.2855684525037401

[1.33320400e+04 5.72036315e-02]
0.057203631454552144, 13332.039988886625, 0.09333717063490339, 0.2855684525586027

[1.33930237e+04 5.72028747e-02]
0.057202874704303006, 13393.023694011215, 0.09333690603214236, 0.28556845231354916

[1.36429369e+04 5.72030531e-02]
0.05720305308214319, 13642.936870265296, 0.09333696842730288, 0.28556845228949046

[1.38318663e+04 5.72039882e-02]
0.05720398821023252, 13831.866341394787, 0.09333729539952874, 0.2855684525907496

[1.35027344e+04 5.72031531e-02]
0.057203153080785385, 13502.734355857108, 0.09333700336163388, 0.28556845261015773

[1.36124450e+04 5.72034315e-02]
0.057203431457267764, 13612.445017703001, 0.09333710072841502, 0.2855684526049909

[1.34874884e+04 5.72033423e-02]
0.05720334226834767, 13487.48842957596, 0.09333706953798233, 0.28556845279945153

[1.37069098e+04 5.72038990e-02]
0.05720389902131243, 13706.909753267746, 0.09333726421729631, 0.28556845235620476

[1.36764179e+04 5.72042774e-02]
0.05720427739643699, 13676.417900705448, 0.09333739651441035, 0.28556845253289864

[1.36604247e+04 5.72040659e-02]
0.05720406591164468, 13660.424679954838, 0.0933373225748495, 0.28556845259404

[1.36444315e+04 5.72038544e-02]
0.05720385442685238, 13644.431459204225, 0.09333724861485262, 0.28556845250381185

[1.35971991e+04 5.72036206e-02]
0.05720362064483005, 13597.199091421853, 0.0933371668543269, 0.28556845228078254

[1.35347208e+04 5.72035761e-02]
0.05720357605037, 13534.720797358332, 0.0933371512840763, 0.28556845267381414

[1.36170038e+04 5.72037848e-02]
0.05720378483273178, 13617.003793742751, 0.09333722427811886, 0.2855684524794943

[1.35621485e+04 5.72036456e-02]
0.0572036456444906, 13562.148462819805, 0.09333717561573117, 0.28556845245286333

[1.35758623e+04 5.72036804e-02]
0.0572036804415509, 13575.862295550543, 0.09333718778499284, 0.28556845248192847

[1.35895761e+04 5.72037152e-02]
0.05720371523861119, 13589.576128281278, 0.0933371999613835, 0.2855684524497494

[1.35994785e+04 5.72037973e-02]
0.057203797332562055, 13599.478479441728, 0.09333722864197543, 0.28556845244756585

[1.35918555e+04 5.72038919e-02]
0.05720389192634319, 13591.855516301155, 0.09333726172195367, 0.285568452652156

[1.35901460e+04 5.72037594e-02]
0.05720375941054419, 13590.145975286247, 0.09333721538268078, 0.28556845232731703

[1.35726207e+04 5.72037719e-02]
0.057203771910374464, 13572.620660985223, 0.09333721973308516, 0.2855684525929281

[1.3592764e+04 5.7203791e-02]
0.057203790977015154, 13592.764024827602, 0.09333722643188726, 0.2855684524926858

[1.35860496e+04 5.72037846e-02]
0.05720378462146826, 13586.049570213476, 0.09333722420107847, 0.28556845210865145

[1.35907158e+04 5.72038036e-02]
0.05720380358247719, 13590.715822291217, 0.09333723083145093, 0.28556845248108237

[1.35772869e+04 5.72037909e-02]
0.0572037908713834, 13577.286913062964, 0.09333722639759627, 0.2855684523895236

[1.35806441e+04 5.72037940e-02]
0.05720379404915684, 13580.644140370026, 0.09333722752089613, 0.2855684522670476

[1.35873586e+04 5.72038004e-02]
0.05720380040470375, 13587.358594984154, 0.09333722972156182, 0.2855684522009522

[1.35856800e+04 5.72037988e-02]
0.05720379881581701, 13585.679981330622, 0.09333722918162622, 0.28556845235358996

[1.35840014e+04 5.72037972e-02]
0.057203797226930295, 13584.00136767709, 0.09333722861525273, 0.2855684524407218

[1.35812987e+04 5.72038019e-02]
0.05720380194077458, 13581.298652755366, 0.09333723025634776, 0.2855684523421635

[1.35792505e+04 5.72038145e-02]
0.05720381454623662, 13579.25045021898, 0.0933372346686998, 0.2855684524272111

[1.35804382e+04 5.72038102e-02]
0.05720381021641003, 13580.438179583507, 0.09333723315099708, 0.2855684522620553

[1.35810927e+04 5.72038181e-02]
0.057203818108027785, 13581.092691968846, 0.09333723591616884, 0.28556845223772276

[1.35826077e+04 5.72038177e-02]
0.057203817724010085, 13582.607677526044, 0.09333723579077936, 0.28556845249997703

[1.35809806e+04 5.72038121e-02]
0.05720381209331005, 13580.980554069141, 0.09333723381274407, 0.28556845247319657

[1.35815229e+04 5.72038140e-02]
0.05720381397021006, 13581.522928554776, 0.09333723445650956, 0.2855684519379485

[1.35811957e+04 5.72038100e-02]
0.05720381002440118, 13581.195672362106, 0.09333723307084739, 0.28556845238030765

[1.35822804e+04 5.72038138e-02]
0.057203813778201204, 13582.280421333375, 0.09333723442125001, 0.2855684522906959

[1.35820092e+04 5.72038128e-02]
0.0572038128397512, 13582.009234090558, 0.09333723406931974, 0.2855684527582597

[1.35817380e+04 5.72038119e-02]
0.057203811901301194, 13581.73804684774, 0.09333723375863512, 0.28556845234498923

[1.35813593e+04 5.72038120e-02]
0.05720381199730562, 13581.35930045844, 0.09333723376635229, 0.2855684523441892

[1.35811442e+04 5.72038141e-02]
0.057203814066214484, 13581.144182165475, 0.0933372344966212, 0.285568452357181

[1.35815896e+04 5.72038124e-02]
0.05720381244252952, 13581.589580677173, 0.09333723395422422, 0.28556845236208195

[1.35814411e+04 5.72038130e-02]
0.05720381298375784, 13581.441114506608, 0.09333723411629022, 0.28556845233418543

[1.35816305e+04 5.72038129e-02]
0.057203812935755625, 13581.630487701259, 0.0933372340944867, 0.2855684523758657

[1.35813336e+04 5.72038140e-02]
0.057203814018212264, 13581.333555360125, 0.09333723447618776, 0.28556845248715523

[1.35815563e+04 5.72038132e-02]
0.05720381320636979, 13581.556254615974, 0.09333723418793875, 0.28556845199162034

[1.35816381e+04 5.72038142e-02]
0.05720381419282201, 13581.638068664142, 0.09333723455375194, 0.2855684522905742

[1.35815888e+04 5.72038139e-02]
0.05720381389055597, 13581.58883012476, 0.09333723443103183, 0.28556845220869964

[1.35814904e+04 5.72038133e-02]
0.05720381328602388, 13581.49035304599, 0.09333723422544755, 0.28556845255098756

[1.35815642e+04 5.72038137e-02]
0.057203813739422946, 13581.564210855067, 0.09333723437282264, 0.28556845221122396

[1.35815396e+04 5.72038136e-02]
0.05720381358828992, 13581.539591585375, 0.09333723432350997, 0.28556845253143104

[1.35815559e+04 5.72038139e-02]
0.05720381393038301, 13581.555879339769, 0.09333723445253307, 0.2855684521524315

[1.35815392e+04 5.72038143e-02]
0.05720381431230315, 13581.53921630917, 0.0933372346049927, 0.285568452386128

[1.35815393e+04 5.72038141e-02]
0.057203814131299845, 13581.53931012822, 0.0933372345164347, 0.28556845221962435

[1.35815395e+04 5.72038138e-02]
0.057203813769293226, 13581.539497766324, 0.09333723439432015, 0.28556845238367223

[1.35815394e+04 5.72038140e-02]
0.05720381404079819, 13581.539357037746, 0.09333723447324739, 0.28556845245630985

[1.35815394e+04 5.72038140e-02]
0.057203813950296535, 13581.539403947272, 0.09333723444407273, 0.28556845238851797

[1.35815311e+04 5.72038141e-02]
0.05720381405075495, 13581.531119341498, 0.09333723448673435, 0.2855684525222428

[1.35815312e+04 5.72038139e-02]
0.05720381386975165, 13581.531213160551, 0.09333723443081425, 0.28556845213514936

[1.35815147e+04 5.72038139e-02]
0.057203813889665174, 13581.514737768057, 0.0933372344466488, 0.2855684526055434

[1.35815332e+04 5.72038139e-02]
0.057203813935138695, 13581.53323740247, 0.09333723444528065, 0.285568452626271

[1.35815271e+04 5.72038139e-02]
0.057203813919980855, 13581.527070857665, 0.09333723443498249, 0.2855684524962866

[1.35815312e+04 5.72038140e-02]
0.0572038139602533, 13581.531166251025, 0.09333723446456642, 0.28556845239893713

[1.3581527e+04 5.7203814e-02]
0.0572038140104825, 13581.527023948136, 0.09333723446646369, 0.28556845218968435

[1.35815188e+04 5.72038140e-02]
0.05720381402043927, 13581.518786251887, 0.09333723446959978, 0.2855684523535442

[1.35815219e+04 5.72038140e-02]
0.05720381400539277, 13581.52188125167, 0.09333723447847372, 0.2855684524409596

[1.3581525e+04 5.7203814e-02]
0.05720381399034628, 13581.524976251456, 0.09333723447243907, 0.2855684524231701

[1.3581527e+04 5.7203814e-02]
0.05720381396523168, 13581.5270474029, 0.09333723445436296, 0.28556845215897503

[1.35815250e+04 5.72038139e-02]
0.05720381394509545, 13581.524999706222, 0.09333723443828847, 0.2855684522433979

[1.3581525e+04 5.7203814e-02]
0.05720381395640816, 13581.52499384253, 0.09333723445420385, 0.2855684526476317

[1.3581525e+04 5.7203814e-02]
0.05720381396772087, 13581.524987978839, 0.09333723445699317, 0.2855684523062239

[1.3581524e+04 5.7203814e-02]
0.05720381398027817, 13581.523952403117, 0.09333723446486782, 0.2855684525143482

[1.3581524e+04 5.7203814e-02]
0.057203813957652755, 13581.523964130498, 0.0933372344711152, 0.28556845237496536

[1.3581524e+04 5.7203814e-02]
0.05720381396330911, 13581.523961198653, 0.09333723445813996, 0.28556845273719933

[1.3581524e+04 5.7203814e-02]
0.05720381396896546, 13581.523958266807, 0.09333723445944633, 0.2855684524027491

[1.35815234e+04 5.72038140e-02]
0.057203813975244114, 13581.523440478946, 0.09333723447444717, 0.28556845235648604

[1.35815224e+04 5.72038140e-02]
0.05720381397648871, 13581.522410766913, 0.09333723446069753, 0.28556845260911146

[1.35815236e+04 5.72038140e-02]
0.05720381397084627, 13581.523571391834, 0.09333723446297312, 0.2855684522356057


------------------------------------------------------------
Sender: LSF System <lsfadmin@n-62-21-21>
Subject: Job 1735663: <minimize_batch_job_this_is_on_purpose_to_utilize_more_kernel> in cluster <dcc> Done

Job <minimize_batch_job_this_is_on_purpose_to_utilize_more_kernel> was submitted from host <gbarlogin2> by user <s174007> in cluster <dcc> at Sun Jan 13 21:42:33 2019
Job was executed on host(s) <n-62-21-21>, in queue <hpc>, as user <s174007> in cluster <dcc> at Sun Jan 13 21:42:34 2019
</zhome/b0/b/127184> was used as the home directory.
</zhome/b0/b/127184/Documents/Projects/machine-learning-on-materials> was used as the working directory.
Started at Sun Jan 13 21:42:34 2019
Terminated at Mon Jan 14 03:04:40 2019
Results reported at Mon Jan 14 03:04:40 2019

Your job looked like:

------------------------------------------------------------
# LSBATCH: User input
#!/bin/bash
##Kør på cpu
#BSUB -q hpc
##Navn på job
#BSUB -J minimize_batch_job_this_is_on_purpose_to_utilize_more_kernel
##Output fil
#BSUB -o output/minimize/linear_SimpleLarge_compare_batchjobs-%J.out
##Antal kerner
#BSUB -n 1
##Om kernerne må være på forskellige computere
#BSUB -R "span[hosts=1]"
##Ram pr kerne
#BSUB -R "rusage[mem=10GB]"
##Hvor lang tid må den køre hh:mm
#BSUB -W 45:00
##Email når jobbet starter
##og stopper
module purge
module load python3
python3 KRR/minimizer.py linear 0.001 SimpleLarge compare [10]
------------------------------------------------------------

Successfully completed.

Resource usage summary:

    CPU time :                                   19321.42 sec.
    Max Memory :                                 5213 MB
    Average Memory :                             4902.24 MB
    Total Requested Memory :                     10240.00 MB
    Delta Memory :                               5027.00 MB
    Max Swap :                                   -
    Max Processes :                              4
    Max Threads :                                5
    Run time :                                   19338 sec.
    Turnaround time :                            19327 sec.

The output (if any) is above this job summary.

