Unloaded module: latex/TeXLive12
Loaded module: python3/3.6.2
[5]
[5.0]
[5.e+00 1.e-06]
1e-06, 5.0, 0.07608828696510067, 0.2993070213028607

[5.25e+00 1.00e-06]
1e-06, 5.25, 0.07608828696538024, 0.29930696791697275

[5.00e+00 1.05e-06]
1.05e-06, 5.0, 0.07608828984090549, 0.29926964684144064

[5.25e+00 1.05e-06]
1.05e-06, 5.25, 0.07608828984117387, 0.29926959477731324

[5.375e+00 1.075e-06]
1.0749999999999999e-06, 5.375, 0.07608829132694878, 0.299250948872714

[5.125e+00 1.125e-06]
1.125e-06, 5.125, 0.07608829438943673, 0.2992138990128676

[5.0625e+00 1.1875e-06]
1.1875e-06, 5.0625, 0.07608829839060295, 0.2991678085804237

[5.4375e+00 1.2125e-06]
1.2125e-06, 5.4375, 0.07608830004472525, 0.299149364693574

[5.65625e+00 1.29375e-06]
1.2937500000000001e-06, 5.65625, 0.07608830562578361, 0.29908995396151694

[5.34375e+00 1.40625e-06]
1.4062500000000003e-06, 5.34375, 0.07608831386712621, 0.29900861950377183

[5.328125e+00 1.571875e-06]
1.5718750000000005e-06, 5.328125, 0.07608832705983275, 0.2988904383660929

[5.921875e+00 1.678125e-06]
1.6781250000000006e-06, 5.921875, 0.07608833616925928, 0.29881554608273125

[6.3515625e+00 1.9234375e-06]
1.923437500000001e-06, 6.3515625, 0.07608835905781956, 0.29864576084520217

[6.0234375e+00 2.2015625e-06]
2.2015625000000014e-06, 6.0234375, 0.076088388004733, 0.298458263415735

[6.20703125e+00 2.65546875e-06]
2.6554687500000023e-06, 6.20703125, 0.07608844161635989, 0.2981628566434972

[7.23046875e+00 3.00703125e-06]
3.0070312500000028e-06, 7.23046875, 0.07608848815328659, 0.2979426561576562

[8.18164062e+00 3.72460938e-06]
3.724609375000004e-06, 8.181640625, 0.07608859528868982, 0.29751543550256176

[8.03710938e+00 4.45664063e-06]
4.456640625000005e-06, 8.037109375, 0.07608871928625195, 0.2971080663748095

[8.87988281e+00 5.72324219e-06]
5.723242187500007e-06, 8.8798828125, 0.07608896242184243, 0.2964637597925724

[1.08544922e+01 6.79238281e-06]
6.79238281250001e-06, 10.8544921875, 0.07608918984815131, 0.29597284592642176

[1.31782227e+01 8.86083984e-06]
8.860839843750014e-06, 13.17822265625, 0.076089669992941, 0.2951398115030791

[1.38764648e+01 1.08594727e-05]
1.0859472656250018e-05, 13.87646484375, 0.07609016529249821, 0.2944562519424866

[1.67238770e+01 1.44269043e-05]
1.4426904296875024e-05, 16.723876953125, 0.07609107985024119, 0.2934645386703733

[2.10222168e+01 1.75645020e-05]
1.756450195312503e-05, 21.022216796875, 0.07609188269514576, 0.29277547649362456

[2.70933838e+01 2.34851318e-05]
2.3485131835937542e-05, 27.0933837890625, 0.07609333031834761, 0.2917978268808022

[3.06390381e+01 2.90511963e-05]
2.9051196289062556e-05, 30.6390380859375, 0.07609457724057285, 0.291139107536794

[3.93694458e+01 3.91463745e-05]
3.914637451171883e-05, 39.36944580078125, 0.0760965420746269, 0.2903306593005327

[4.97389526e+01 4.82046021e-05]
4.8204602050781355e-05, 49.73895263671875, 0.07609801624882696, 0.28985786773153444

[6.62464905e+01 6.50934509e-05]
6.509345092773452e-05, 66.24649047851562, 0.07610020547056419, 0.28931075078896423

[7.85225525e+01 8.07546936e-05]
8.075469360351582e-05, 78.52255249023438, 0.07610176891621705, 0.28900925956358514

[1.04237137e+02 1.09389474e-04]
0.00010938947448730495, 104.23713684082031, 0.0761038995515834, 0.28869342615021965

[1.31114182e+02 1.35336551e-04]
0.00013533655090332064, 131.1141815185547, 0.07610533332587446, 0.28853252969379406

[1.76986549e+02 1.83431639e-04]
0.00018343163909912156, 176.9865493774414, 0.07610733099444066, 0.2883657346376606

[2.14977196e+02 2.27727663e-04]
0.00022772766265869202, 214.9771957397461, 0.07610878240607778, 0.28827907188036583

[2.89342548e+02 3.09044769e-04]
0.0003090447685241708, 289.3425483703613, 0.07611107385350227, 0.28818504242684595

[3.62091961e+02 3.83086933e-04]
0.0003830869331359874, 362.0919609069824, 0.07611306386559653, 0.2881305622592651

[4.91019373e+02 5.19935662e-04]
0.0005199356624603287, 491.0193729400635, 0.0761169685297264, 0.2880597697663175

[6.03375372e+02 6.45548792e-04]
0.0006455487918853779, 603.3753719329834, 0.07612103965235288, 0.28800960125312886

[8.16569783e+02 8.76607368e-04]
0.0008766073682785062, 816.5697832107544, 0.076130017121257, 0.2879327404451656

[1.01824661e+03 1.08749826e-03]
0.001087498262214664, 1018.2466077804565, 0.07613997118326317, 0.28787144186683217

[1.38269864e+03 1.47672501e-03]
0.0014767250090599103, 1382.6986374855042, 0.07616267831357237, 0.2877704076840897

[1.70824905e+03 1.83339671e-03]
0.0018333967148780874, 1708.249047756195, 0.07618818759692084, 0.28768700151995047

[2.31686389e+03 2.49012724e-03]
0.002490127241086967, 2316.863885164261, 0.07624599937860475, 0.2875495498952925

[2.88299274e+03 3.09024488e-03]
0.0030902448818683707, 2882.9927394390106, 0.07631004192438731, 0.2874379217906496

[3.91620422e+03 4.19706364e-03]
0.004197063638663304, 3916.2042175531387, 0.07645298908853021, 0.2872582989824736

[4.85036947e+03 5.21046587e-03]
0.005210465870690361, 4850.369465231895, 0.07660869369323453, 0.28711680140616697

[6.58420488e+03 7.07733630e-03]
0.007077336301505585, 6584.204879105091, 0.07694794148086774, 0.2868980869018458

[8.18354521e+03 8.78427270e-03]
0.00878427269908192, 8183.545211493969, 0.07730791704916674, 0.2867332560551919

[1.11168859e+04 1.19313454e-02]
0.011931345428079396, 11116.885874658823, 0.07807003333260534, 0.28649026508318637

[1.37848865e+04 1.48116181e-02]
0.014811618090921679, 13784.886536210775, 0.07885442740460664, 0.2863165557729362

[1.87192277e+04 2.01188953e-02]
0.020118895317050866, 18719.227695539594, 0.08045328630272856, 0.28607669659220947

[2.32519087e+04 2.49729044e-02]
0.02497290444362468, 23251.908691093326, 0.08203323211098862, 0.2859191220278701

[3.15857606e+04 3.39206885e-02]
0.03392068851468422, 31585.760597087443, 0.08510810274274494, 0.28572795302517834

[3.91881024e+04 4.21082384e-02]
0.04210823840365569, 39188.10241796821, 0.08800262200222768, 0.2856288971475663

[5.32237107e+04 5.71966849e-02]
0.05719668489144385, 53223.71068962291, 0.09333474168155971, 0.2855684516325107

[6.60902436e+04 7.09984781e-02]
0.07099847808907721, 66090.24359117076, 0.09808345889027989, 0.2856068891875155

[8.77281937e+04 9.42744745e-02]
0.09427447446583684, 87728.19368370622, 0.10566993184172405, 0.2858037724025182

[4.56213689e+04 4.90091350e-02]
0.04900913500247238, 45621.36886874214, 0.09045163710707768, 0.28558495402126627

[3.27548360e+04 3.52073418e-02]
0.03520734180483902, 32754.83596719429, 0.08556013480144402, 0.285708349131877

[5.77563917e+04 6.20506940e-02]
0.06205069401801766, 57756.39168517664, 0.0950232861222325, 0.2855735676412476

[6.53587335e+04 7.02382439e-02]
0.07023824390698913, 65358.73350605741, 0.09782634234858713, 0.2856029772451342

[5.05557100e+04 5.43164122e-02]
0.05431641222860156, 50555.71002807096, 0.09232481662940135, 0.2855703899846887

[4.60230290e+04 4.94624031e-02]
0.04946240310202775, 46023.029032517225, 0.09061211496495528, 0.28558310777201074

[5.48230510e+04 5.89036213e-02]
0.058903621289020186, 54823.05102201179, 0.09393057033322451, 0.28556910054944085

[5.74910517e+04 6.17838940e-02]
0.06178389395186247, 57491.05168356374, 0.09493095613141696, 0.2855730323091276

[5.22895454e+04 5.61832827e-02]
0.056183282659416786, 52289.54544194415, 0.09298002780599088, 0.28556868812952957

[5.06902051e+04 5.44763463e-02]
0.05447634626184045, 50690.205109555274, 0.09238103360405159, 0.2855701793843772

[5.37898395e+04 5.77968025e-02]
0.05779680253222525, 53789.83954389766, 0.09354446044838223, 0.28556853239666136

[5.47240048e+04 5.88102048e-02]
0.05881020476425232, 54724.004791576415, 0.09389801727325053, 0.28556903203507567

[5.28981603e+04 5.68400132e-02]
0.05684001318562567, 52898.16027935222, 0.09320997856502333, 0.28556848142659347

[5.23320314e+04 5.62398955e-02]
0.05623989554484426, 52332.03142507747, 0.09299986198899249, 0.28556866257469904

[5.34253875e+04 5.74075758e-02]
0.05740757578538, 53425.38751419261, 0.09340846916374895, 0.28556846269414854

[5.37509379e+04 5.77642475e-02]
0.05776424749119818, 53750.9379244633, 0.0935330902170973, 0.2855685244510192

[5.31113547e+04 5.70710718e-02]
0.057071071762018796, 53111.35469062999, 0.0932908125181393, 0.2855684555069005

[5.29096779e+04 5.68601809e-02]
0.056860180868082644, 52909.67786606029, 0.09321703554180541, 0.2855684775962142

[5.32964601e+04 5.72707271e-02]
0.05727072705605566, 53296.46010215953, 0.09336063045383772, 0.28556845392771313

[5.34088161e+04 5.73963402e-02]
0.05739634018548072, 53408.81610115245, 0.09340454207656121, 0.28556846068194325

[5.31857200e+04 5.71523889e-02]
0.05715238886788428, 53185.720043260604, 0.09331925178945437, 0.2855684527367987

[5.31129706e+04 5.70783467e-02]
0.05707834670327246, 53112.97063072398, 0.09329335700947536, 0.28556845523381075

[5.32505877e+04 5.72226320e-02]
0.05722263196785986, 53250.58773430064, 0.09334381446056322, 0.28556845086239113

[5.32885784e+04 5.72669280e-02]
0.05726692799141943, 53288.57838066295, 0.09335930223326683, 0.28556845284986915

[5.32114346e+04 5.71810236e-02]
0.057181023648768065, 53211.43462761119, 0.09332926530904329, 0.28556845254171104

[5.32628638e+04 5.72382932e-02]
0.05723829321053564, 53262.86379631236, 0.09334929043785145, 0.28556845241984563

[5.32500065e+04 5.72239758e-02]
0.05722397582009374, 53250.00650413707, 0.0933442844261058, 0.28556845172835227

[5.32242919e+04 5.71953410e-02]
0.057195341039209965, 53224.29191978648, 0.09333427177332768, 0.2855684519058868

[5.32435779e+04 5.72168171e-02]
0.057216817124872796, 53243.57785804942, 0.0933417812559968, 0.28556845110978885

[5.32704549e+04 5.72427642e-02]
0.05724276420128881, 53270.45490272716, 0.09335085374116807, 0.2855684521359682

[5.32353967e+04 5.72082047e-02]
0.05720820471890509, 53235.39674289897, 0.09333876982174936, 0.28556845157525873

[5.32587688e+04 5.72312444e-02]
0.05723124437382757, 53258.768849451095, 0.09334682584194094, 0.2855684535997645

[5.32412398e+04 5.72139646e-02]
0.05721396463263571, 53241.239769537, 0.0933407838331216, 0.28556845217414933

[5.32470828e+04 5.72197245e-02]
0.05721972454636633, 53247.08279617503, 0.09334279783899964, 0.28556845237936235

[5.32429922e+04 5.72154183e-02]
0.05721541834338247, 53242.99223859981, 0.0933412921819298, 0.28556845121838154

[5.32464972e+04 5.72183258e-02]
0.057218325764875996, 53246.49717672542, 0.09334230879766157, 0.2855684525452682

[5.32469364e+04 5.72193749e-02]
0.057219374850993744, 53246.93639131263, 0.09334267558735591, 0.28556845269417086

[5.32467900e+04 5.72190252e-02]
0.05721902515562116, 53246.789986450225, 0.0933425533430594, 0.28556845211015325

[5.32488353e+04 5.72211783e-02]
0.05722117825711309, 53248.83526523784, 0.0933433061665646, 0.2855684517484808

[5.32526330e+04 5.72247851e-02]
0.05722478506935179, 53252.633013088256, 0.09334456733196886, 0.28556845129343744

[5.32543855e+04 5.72262388e-02]
0.057226238780098554, 53254.38548215106, 0.09334507556416048, 0.2855684521588229

[5.32502228e+04 5.72224434e-02]
0.05722244338785946, 53250.222819466144, 0.09334374854087053, 0.2855684519980953

[5.32516104e+04 5.72237085e-02]
0.05722370851860582, 53251.61037369445, 0.09334419086974308, 0.28556845114054163

[5.32497115e+04 5.72219051e-02]
0.057221905112486475, 53249.71149976924, 0.09334356037408864, 0.2855684520434861

[5.32524866e+04 5.72244354e-02]
0.057224435373979206, 53252.48660822585, 0.09334444499107121, 0.2855684530431275

[5.32504053e+04 5.72225377e-02]
0.05722253767785966, 53250.40527688339, 0.09334378150347848, 0.28556845282177507

[5.32510991e+04 5.72231702e-02]
0.05722317024323284, 53251.09905399755, 0.09334400274447123, 0.2855684519366044

[5.32501496e+04 5.72222685e-02]
0.05722226854017316, 53250.14961703494, 0.0933436873765003, 0.2855684526467616

[5.32515372e+04 5.72235337e-02]
0.057223533670919535, 53251.53717126325, 0.09334412978133984, 0.2855684532146889

[5.32504965e+04 5.72225848e-02]
0.05722258482285976, 53250.49650559202, 0.09334379802103782, 0.28556845211290965

[5.32511903e+04 5.72232174e-02]
0.05722321738823294, 53251.19028270617, 0.09334401925295797, 0.2855684508068273

[5.32515372e+04 5.72235337e-02]
0.057223533670919535, 53251.53717126325, 0.09334412978133984, 0.2855684532146889

[5.32506790e+04 5.72226791e-02]
0.057222679112859956, 53250.67896300927, 0.09334383088566386, 0.2855684521480556

[5.32509940e+04 5.72230475e-02]
0.05722304746063962, 53250.99403125048, 0.09334395978409857, 0.2855684519041941

[5.32507840e+04 5.72228019e-02]
0.057222801895453174, 53250.78398575634, 0.0933438739595543, 0.2855684534924852

[5.32509415e+04 5.72229861e-02]
0.05722298606934301, 53250.94151987694, 0.09334393833468811, 0.28556845247191337

[5.32508890e+04 5.72229247e-02]
0.0572229246780464, 53250.88900850341, 0.09334391677407385, 0.2855684524099052

[5.32510922e+04 5.72231324e-02]
0.05722313242443628, 53251.092156978324, 0.09334398947422483, 0.2855684526276515

[5.32509871e+04 5.72230096e-02]
0.05722300964184306, 53250.987134231254, 0.09334394657455551, 0.2855684519126501

[5.32512884e+04 5.72233024e-02]
0.05722330235202961, 53251.28840843402, 0.09334404886489804, 0.28556845149597404

[5.32514916e+04 5.72235101e-02]
0.05722351009841948, 53251.491556908935, 0.09334412151254283, 0.28556845231800887

[5.32511132e+04 5.72231348e-02]
0.05722313475598717, 53251.113239900675, 0.09334399027328485, 0.28556845132169795

[5.32510151e+04 5.72230498e-02]
0.0572230497921905, 53251.01511417283, 0.09334396063057801, 0.2855684535202579

[5.32512201e+04 5.72232392e-02]
0.05722323921206983, 53251.22008486872, 0.09334402673051453, 0.28556845185080365

[5.32511518e+04 5.72231761e-02]
0.057223176072110055, 53251.15176130342, 0.09334400476426166, 0.2855684524620443

[5.32512393e+04 5.72232599e-02]
0.05722325987013127, 53251.239345570095, 0.0933440340655447, 0.2855684521317869

[5.32512779e+04 5.72233012e-02]
0.057223301186254155, 53251.27786697284, 0.09334404847861846, 0.2855684509499664

[5.32512288e+04 5.72232587e-02]
0.05722325870435582, 53251.22880410892, 0.09334403363951435, 0.2855684525659984

[5.32512367e+04 5.72232596e-02]
0.05722325957868741, 53251.2367102048, 0.09334403389254604, 0.2855684526346653

[5.32512341e+04 5.72232593e-02]
0.05722325928724355, 53251.23407483951, 0.09334403383296654, 0.2855684521457654

[5.32512148e+04 5.72232386e-02]
0.057223238629182105, 53251.21481413813, 0.09334402656626194, 0.2855684527538611

[5.32512095e+04 5.72232380e-02]
0.05722323804629438, 53251.209543407545, 0.09334402638196358, 0.2855684511038882

[5.32511658e+04 5.72231961e-02]
0.05722319614728377, 53251.16575127421, 0.09334401176879885, 0.2855684506799278

[5.32511316e+04 5.72231646e-02]
0.05722316457730389, 53251.13158949156, 0.0933440007340443, 0.28556845131762976

[5.32511465e+04 5.72231755e-02]
0.05722317548922233, 53251.146490572835, 0.09334400452070156, 0.28556845172966816

[5.32511938e+04 5.72232224e-02]
0.05722322240702637, 53251.19378019887, 0.09334402093703871, 0.2855684517711366

[5.32511780e+04 5.72232068e-02]
0.057223206767758356, 53251.17801699019, 0.09334401548115656, 0.28556845349493015

[5.32511876e+04 5.72232171e-02]
0.05722321709678908, 53251.18764734088, 0.09334401907192401, 0.2855684524398436

[5.32511754e+04 5.72232065e-02]
0.05722320647631449, 53251.1753816249, 0.09334401539401702, 0.28556845134984565

[5.32511535e+04 5.72231855e-02]
0.05722318552680918, 53251.15348555823, 0.0933440080229343, 0.2855684523966815

[5.32511620e+04 5.72231934e-02]
0.05722319341930415, 53251.16202600389, 0.09334401085636394, 0.28556845159205285

[5.32511791e+04 5.72232092e-02]
0.057223209204294107, 53251.179106895215, 0.09334401635077834, 0.28556845226498545

[5.32511663e+04 5.72231974e-02]
0.05722319736555164, 53251.16629622672, 0.09334401218285211, 0.2855684528974889

[5.32511706e+04 5.72232013e-02]
0.05722320131179913, 53251.17056644955, 0.09334401358089182, 0.2855684519704615

[5.32511639e+04 5.72231948e-02]
0.05722319478329396, 53251.16388863905, 0.09334401130614095, 0.28556845072676657

[5.32511591e+04 5.72231896e-02]
0.057223189618778605, 53251.1590734637, 0.09334400943229386, 0.28556845057549846

[5.32511533e+04 5.72231838e-02]
0.05722318377226834, 53251.15332697076, 0.09334400740888829, 0.2855684523804107

[5.32511609e+04 5.72231910e-02]
0.057223190982768415, 53251.16093609886, 0.09334401000735024, 0.28556845189558006

[5.32511632e+04 5.72231938e-02]
0.05722319383316257, 53251.163150504, 0.09334401095287567, 0.28556845189205543

[5.32511624e+04 5.72231929e-02]
0.05722319288303119, 53251.162412368954, 0.09334401062377513, 0.2855684516005076

[5.32511615e+04 5.72231922e-02]
0.057223192201036284, 53251.16148105137, 0.09334401047409278, 0.2855684520330408

[5.32511600e+04 5.72231903e-02]
0.05722319030077352, 53251.16000478128, 0.09334400973962799, 0.2855684529876795

[5.32511611e+04 5.72231917e-02]
0.057223191725970596, 53251.16111198385, 0.09334401014932507, 0.2855684532572494

[5.32511607e+04 5.72231913e-02]
0.0572231912509049, 53251.16074291633, 0.09334401010086163, 0.28556845164848654

[5.32511603e+04 5.72231909e-02]
0.05722319090990745, 53251.160277257535, 0.0933440099151757, 0.2855684528950357

[5.32511595e+04 5.72231900e-02]
0.05722318995977606, 53251.15953912249, 0.09334400961790566, 0.28556845256494007

[5.32511597e+04 5.72231902e-02]
0.057223190197308905, 53251.15972365625, 0.09334400966307377, 0.285568451573403

[5.32511581e+04 5.72231886e-02]
0.05722318856518262, 53251.158054203624, 0.09334400909968914, 0.28556845216995735

[5.32511601e+04 5.72231906e-02]
0.05722319057947433, 53251.16007073815, 0.09334400983551133, 0.2855684514900753


------------------------------------------------------------
Sender: LSF System <lsfadmin@n-62-21-21>
Subject: Job 1735670: <minimize_batch_job_this_is_on_purpose_to_utilize_more_kernel> in cluster <dcc> Done

Job <minimize_batch_job_this_is_on_purpose_to_utilize_more_kernel> was submitted from host <gbarlogin2> by user <s174007> in cluster <dcc> at Sun Jan 13 21:42:34 2019
Job was executed on host(s) <n-62-21-21>, in queue <hpc>, as user <s174007> in cluster <dcc> at Sun Jan 13 21:42:35 2019
</zhome/b0/b/127184> was used as the home directory.
</zhome/b0/b/127184/Documents/Projects/machine-learning-on-materials> was used as the working directory.
Started at Sun Jan 13 21:42:35 2019
Terminated at Mon Jan 14 01:33:48 2019
Results reported at Mon Jan 14 01:33:48 2019

Your job looked like:

------------------------------------------------------------
# LSBATCH: User input
#!/bin/bash
##Kør på cpu
#BSUB -q hpc
##Navn på job
#BSUB -J minimize_batch_job_this_is_on_purpose_to_utilize_more_kernel
##Output fil
#BSUB -o output/minimize/linear_SimpleLarge_compare_batchjobs-%J.out
##Antal kerner
#BSUB -n 1
##Om kernerne må være på forskellige computere
#BSUB -R "span[hosts=1]"
##Ram pr kerne
#BSUB -R "rusage[mem=10GB]"
##Hvor lang tid må den køre hh:mm
#BSUB -W 45:00
##Email når jobbet starter
##og stopper
module purge
module load python3
python3 KRR/minimizer.py linear 1e-06 SimpleLarge compare [5]
------------------------------------------------------------

Successfully completed.

Resource usage summary:

    CPU time :                                   13870.44 sec.
    Max Memory :                                 5196 MB
    Average Memory :                             4905.47 MB
    Total Requested Memory :                     10240.00 MB
    Delta Memory :                               5044.00 MB
    Max Swap :                                   2 MB
    Max Processes :                              4
    Max Threads :                                5
    Run time :                                   13872 sec.
    Turnaround time :                            13874 sec.

The output (if any) is above this job summary.

