Unloaded module: latex/TeXLive12
Loaded module: python3/3.6.2
[10]
[10.0]
[10. 10.]
10.0, 10.0, 0.2647007628753251, 0.30753891754381835

[10.5 10. ]
10.0, 10.5, 0.2647012684244833, 0.3075385738179726

[10.  10.5]
10.5, 10.0, 0.26743936517598277, 0.30887176845975367

[10.5  9.5]
9.5, 10.5, 0.2618190670773833, 0.3061612994475667

[10.75  9.  ]
9.0, 10.75, 0.25877810565302733, 0.3047360287386959

[11.25  9.  ]
9.0, 11.25, 0.2587785279328215, 0.30473581977546216

[11.875  8.5  ]
8.5, 11.875, 0.2555608580701152, 0.3032588211088523

[12.125  7.5  ]
7.5, 12.125, 0.24850562799666376, 0.3001321313397485

[12.9375  6.25  ]
6.25, 12.9375, 0.2382198677393277, 0.29584152178138684

[14.0625  5.75  ]
5.75, 14.0625, 0.2335187089597079, 0.29398381370191473

[15.71875  4.125  ]
4.125, 15.71875, 0.21487936200674837, 0.2872334893888032

[16.78125  1.875  ]
1.875, 16.78125, 0.17245353730785726, 0.2753289143366756

[19.234375 -1.4375  ]
-1.4375, 19.234375, 12.841818125668135, 13.5492673589615

[19.5625 -0.25  ]
-0.25, 19.5625, 52.404908498967956, 83.54989474776991

[14.59375  4.625  ]
4.625, 14.59375, 0.22127644089294882, 0.2894416124349028

[17.90625  1.375  ]
1.375, 17.90625, 0.1571428850343862, 0.27220765300664623

[19.5625 -0.25  ]
-0.25, 19.5625, 52.404908498967956, 83.54989474776991

[18.96875 -0.875  ]
-0.875, 18.96875, 48.67012714928771, 56.15508821362734

[16.53125  2.875  ]
2.875, 16.53125, 0.1949938851226214, 0.2810677916996161

[18.15625  0.375  ]
0.375, 18.15625, 0.1075227914674248, 0.2676890266460828

[18.96875 -0.875  ]
-0.875, 18.96875, 48.67012714928771, 56.15508821362734

[19.28125 -0.125  ]
-0.125, 19.28125, 2.0564416952809776, 3.7868851823966985

[17.40625  1.375  ]
1.375, 17.40625, 0.15714279296220982, 0.2722075478512559

[17.65625  0.375  ]
0.375, 17.65625, 0.10752275272590213, 0.26768897880333425

[17.53125 -0.125  ]
-0.125, 17.53125, 2.0564423273701022, 3.786878157038906

[18.40625 -0.625  ]
-0.625, 18.40625, 3.8026489941350783, 4.606161818124042

[17.65625  0.875  ]
0.875, 17.65625, 0.13695645265932363, 0.26916940624470537

[18.15625 -0.125  ]
-0.125, 18.15625, 2.056442088039793, 3.786880821883829

[17.78125  0.625  ]
0.625, 17.78125, 0.12387390018384752, 0.2679880041045644

[18.03125  0.125  ]
0.125, 18.03125, 0.08623561555132933, 0.27085032924876223

[17.84375  0.5    ]
0.5, 17.84375, 0.11620030082681708, 0.26765700749665117

[17.34375  0.5    ]
0.5, 17.34375, 0.1162002496832893, 0.2676569462858999

[16.9375  0.5625]
0.5625, 16.9375, 0.12014869007399372, 0.26778965731377846

[17.53125  0.625  ]
0.625, 17.53125, 0.12387387024490473, 0.2679879686636032

[17.625   0.4375]
0.4375, 17.625, 0.11200175558313388, 0.2676124073134645

[17.125   0.4375]
0.4375, 17.125, 0.1120017085319738, 0.26761235035327585

[16.765625  0.40625 ]
0.40625, 16.765625, 0.10979927915066344, 0.2676328467385095

[17.40625  0.375  ]
0.375, 17.40625, 0.107522732522276, 0.26768895385433816

[17.359375  0.46875 ]
0.46875, 17.359375, 0.11413406064371315, 0.26762187608231336

[17.390625  0.40625 ]
0.40625, 17.390625, 0.10979933629600037, 0.26763291650977933

[17.3671875  0.453125 ]
0.453125, 17.3671875, 0.11307640408863515, 0.2676136728071188

[17.3828125  0.421875 ]
0.421875, 17.3828125, 0.11090954710193685, 0.2676185786570864

[17.37109375  0.4453125 ]
0.4453125, 17.37109375, 0.1125412259597372, 0.2676121272215225

[16.87109375  0.4453125 ]
0.4453125, 16.87109375, 0.11254117678394861, 0.2676120677970794

[16.49414062  0.44921875]
0.44921875, 16.494140625, 0.1128092618955618, 0.26761257277909734

[17.1171875  0.453125 ]
0.453125, 17.1171875, 0.113076379496342, 0.2676136431389294

[17.12304688  0.44140625]
0.44140625, 17.123046875, 0.1122719984618685, 0.2676119948675155

[16.62304688  0.44140625]
0.44140625, 16.623046875, 0.11227194820309855, 0.2676119340822944

[16.24902344  0.43945312]
0.439453125, 16.2490234375, 0.11213690018597425, 0.26761200625054665

[16.875   0.4375]
0.4375, 16.875, 0.11200168396324157, 0.26761232061126117

[16.87207031  0.44335938]
0.443359375, 16.8720703125, 0.1124067105866746, 0.26761195962167483

[16.37207031  0.44335938]
0.443359375, 16.3720703125, 0.11240665861092296, 0.26761189678918224

[15.99658203  0.44433594]
0.4443359375, 15.99658203125, 0.11247388419912364, 0.26761188688220094

[15.74755859  0.44238281]
0.4423828125, 15.74755859375, 0.11233925469727857, 0.2676118012968991

[15.18530273  0.44189453]
0.44189453125, 15.185302734375, 0.11230549479218518, 0.2676117248856833

[14.55883789  0.44482422]
0.44482421875, 14.558837890625, 0.11250731455675236, 0.2676117027096777

[13.5267334  0.4465332]
0.446533203125, 13.5267333984375, 0.11262465810090082, 0.26761168157386805

[12.7154541  0.4440918]
0.444091796875, 12.7154541015625, 0.11245661039201904, 0.2676113142498026

[11.07489014  0.44396973]
0.4439697265625, 11.07489013671875, 0.1124478694718266, 0.2676109049434491

[9.4163208 0.4486084]
0.4486083984375, 9.41632080078125, 0.11276611929907739, 0.26761086555381675

[6.53182983 0.45196533]
0.45196533203125, 6.531829833984375, 0.11299445695553349, 0.2676099857965901

[4.07998657 0.44940186]
0.44940185546875, 4.079986572265625, 0.11281648588317163, 0.26760620483406067

[-0.64338684  0.45083618]
0.450836181640625, -0.6433868408203125, 0.11297014695069289, 0.2676747852973915

[-0.46307373  0.45739746]
0.4573974609375, -0.46307373046875, 0.11343880247888044, 0.26770398080563623

[8.19039917 0.44732666]
0.44732666015625, 8.190399169921875, 0.11267774973726807, 0.2676101091694609

[2.42141724 0.45404053]
0.45404052734375, 2.421417236328125, 0.11312857479331824, 0.26760164294022665

[-0.46307373  0.45739746]
0.4573974609375, -0.46307373046875, 0.11343880247888044, 0.26770398080563623

[-0.03042603  0.45147705]
0.45147705078125, -0.030426025390625, 0.12478148285026264, 0.2897266827164284

[4.89126587 0.45184326]
0.45184326171875, 4.891265869140625, 0.11298463450641776, 0.26760816786289326

[1.61013794 0.45159912]
0.45159912109375, 1.610137939453125, 0.11295613967243004, 0.26759397789393624

[-0.03042603  0.45147705]
0.45147705078125, -0.030426025390625, 0.12478148285026264, 0.2897266827164284

[-0.0484314   0.45623779]
0.45623779296875, -0.048431396484375, 0.11519659763030365, 0.27062607274498107

[3.04788208 0.45111084]
0.45111083984375, 3.047882080078125, 0.11293103931470802, 0.26760372733919624

[0.9836731  0.45452881]
0.45452880859375, 0.983673095703125, 0.11314503439368197, 0.26758187842428216

[-0.0484314   0.45623779]
0.45623779296875, -0.048431396484375, 0.11519659763030365, 0.27062607274498107

[0.1723938 0.4520874]
0.45208740234375, 0.172393798828125, 0.11286993782086766, 0.26746156585236547

[-0.95211792  0.45111084]
0.45111083984375, -0.952117919921875, 0.11297258147939618, 0.2676544269224955

[-0.45407104  0.45501709]
0.45501708984375, -0.454071044921875, 0.1132780894642568, 0.2677046140371085

[1.09408569 0.45245361]
0.45245361328125, 1.094085693359375, 0.1130063892656488, 0.2675846076410292

[0.0619812 0.4541626]
0.45416259765625, 0.061981201171875, 0.11287060073560204, 0.26734406307687264

[-0.45407104  0.45501709]
0.45501708984375, -0.454071044921875, 0.1132780894642568, 0.2677046140371085

[-0.7492981   0.45172119]
0.45172119140625, -0.749298095703125, 0.11302350042023719, 0.2676660432660165

[0.5504303 0.4538269]
0.453826904296875, 0.5504302978515625, 0.1130761570516964, 0.2675571694213751

[-0.3160553  0.4524231]
0.452423095703125, -0.3160552978515625, 0.11313594555606106, 0.2677486763074782

[0.3338089  0.45347595]
0.4534759521484375, 0.33380889892578125, 0.1130234837373825, 0.26752455353718674

[-0.0994339   0.45277405]
0.4527740478515625, -0.09943389892578125, 0.11352089051570877, 0.26825836272425796

[0.2254982  0.45330048]
0.45330047607421875, 0.22549819946289062, 0.11297971583710925, 0.26748993301605717

[0.0088768  0.45294952]
0.45294952392578125, 0.008876800537109375, 0.1126311191235196, 0.26754747630472864

[0.17134285 0.45321274]
0.4532127380371094, 0.1713428497314453, 0.11294582668093839, 0.2674609474632251

[0.06093025 0.45528793]
0.4552879333496094, 0.06093025207519531, 0.11294419049567463, 0.2673424490507843

[0.00519848 0.4568882 ]
0.45688819885253906, 0.005198478698730469, 0.11291505196183488, 0.26769448992439554

[-0.0484314   0.45623779]
0.45623779296875, -0.048431396484375, 0.11519659763030365, 0.27062607274498107

[0.11639929 0.453969  ]
0.45396900177001953, 0.11639928817749023, 0.11294982229513222, 0.26741530788336887

[0.00651217 0.45548153]
0.45548152923583984, 0.006512165069580078, 0.11281115198615557, 0.2676333823115042

[0.08892751 0.45434713]
0.4543471336364746, 0.0889275074005127, 0.11293760209084797, 0.26738269787214936

[0.03398395 0.4551034 ]
0.45510339736938477, 0.03398394584655762, 0.11284786449468641, 0.2673182145093718

[0.00651217 0.45548153]
0.45548152923583984, 0.006512165069580078, 0.11281115198615557, 0.2676333823115042

[0.032933   0.45622873]
0.45622873306274414, 0.03293299674987793, 0.11292002944117915, 0.26731879984552365

[0.00598669 0.4560442 ]
0.45604419708251953, 0.005986690521240234, 0.11285231547567526, 0.2676565062894007

[0.04719436 0.455477  ]
0.4554769992828369, 0.04719436168670654, 0.11291843137587872, 0.2673241627164315

[0.01972258 0.45585513]
0.455855131149292, 0.019722580909729004, 0.11284534481711762, 0.26736509702457845

[0.04032642 0.45557153]
0.4555715322494507, 0.04032641649246216, 0.11290227184714931, 0.2673184467944215

[0.04137737 0.4544462 ]
0.4544461965560913, 0.041377365589141846, 0.11282972632622953, 0.2673191542281374

[0.03504409 0.4557831 ]
0.45578309893608093, 0.03504408895969391, 0.11289774748534465, 0.2673177072266085

[0.02870162 0.45531496]
0.455314964056015, 0.028701618313789368, 0.11284216959277174, 0.26732473515743443

[0.03742022 0.45550739]
0.45550739020109177, 0.03742021694779396, 0.1128877245318347, 0.26731751996416886

[0.03848036 0.45618709]
0.45618709176778793, 0.03848036006093025, 0.11293744188289316, 0.2673176721519118

[0.04085649 0.45591138]
0.45591138303279877, 0.040856488049030304, 0.1129270701792583, 0.26731870641320765

[0.03649719 0.45581517]
0.4558151699602604, 0.03649718873202801, 0.11290521398100573, 0.267317457852899

[0.03543705 0.45513547]
0.4551354683935642, 0.035437045618891716, 0.11285539168999383, 0.26731766178084104

[0.03619787 0.45539837]
0.45539837423712015, 0.03619787422940135, 0.11287594723380485, 0.2673175138023656


------------------------------------------------------------
Sender: LSF System <lsfadmin@n-62-21-8>
Subject: Job 1708289: <minimize_batch_job_this_is_on_purpose_to_utilize_more_kernel> in cluster <dcc> Done

Job <minimize_batch_job_this_is_on_purpose_to_utilize_more_kernel> was submitted from host <gbarlogin2> by user <s174007> in cluster <dcc> at Thu Jan 10 17:20:31 2019
Job was executed on host(s) <n-62-21-8>, in queue <hpc>, as user <s174007> in cluster <dcc> at Thu Jan 10 17:20:32 2019
</zhome/b0/b/127184> was used as the home directory.
</zhome/b0/b/127184/Documents/Projects/machine-learning-on-materials> was used as the working directory.
Started at Thu Jan 10 17:20:32 2019
Terminated at Thu Jan 10 17:59:03 2019
Results reported at Thu Jan 10 17:59:03 2019

Your job looked like:

------------------------------------------------------------
# LSBATCH: User input
#!/bin/bash
##Kør på cpu
#BSUB -q hpc
##Navn på job
#BSUB -J minimize_batch_job_this_is_on_purpose_to_utilize_more_kernel
##Output fil
#BSUB -o output/minimize/linear_GP_default_batchjobs-%J.out
##Antal kerner
#BSUB -n 1
##Om kernerne må være på forskellige computere
#BSUB -R "span[hosts=1]"
##Ram pr kerne
#BSUB -R "rusage[mem=10GB]"
##Hvor lang tid må den køre hh:mm
#BSUB -W 45:00
##Email når jobbet starter
##og stopper
module purge
module load python3
python3 KRR/minimizer.py linear 10 GP default [10]
------------------------------------------------------------

Successfully completed.

Resource usage summary:

    CPU time :                                   2307.89 sec.
    Max Memory :                                 1322 MB
    Average Memory :                             1057.63 MB
    Total Requested Memory :                     10240.00 MB
    Delta Memory :                               8918.00 MB
    Max Swap :                                   -
    Max Processes :                              4
    Max Threads :                                5
    Run time :                                   2322 sec.
    Turnaround time :                            2312 sec.

The output (if any) is above this job summary.

