Unloaded module: latex/TeXLive12
Loaded module: python3/3.6.2
[10]
[10.0]
[10.  1.]
1.0, 10.0, 0.22507587221854486, 0.30628474166514563

[10.5  1. ]
1.0, 10.5, 0.22507589706272976, 0.30628460236790406

[10.    1.05]
1.05, 10.0, 0.22826419193515893, 0.307307439639986

[10.5   0.95]
0.95, 10.5, 0.22173809631696825, 0.30524193889415835

[10.75  0.9 ]
0.8999999999999999, 10.75, 0.21823678441723457, 0.3041788601092066

[11.25  0.9 ]
0.8999999999999999, 11.25, 0.21823680485680597, 0.30417874444666804

[11.875  0.85 ]
0.8499999999999996, 11.875, 0.21455588008003784, 0.30309494242228424

[12.125  0.75 ]
0.7499999999999996, 12.125, 0.20657775184748178, 0.3008649222783115

[12.9375  0.625 ]
0.6249999999999991, 12.9375, 0.1951906710156925, 0.29796152662372555

[14.0625  0.575 ]
0.5749999999999988, 14.0625, 0.19008938065109393, 0.29676625578862537

[15.71875  0.4125 ]
0.4124999999999983, 15.71875, 0.1705613124562654, 0.2927813658085097

[16.78125  0.1875 ]
0.18749999999999778, 16.78125, 0.13080435004390473, 0.2874113650713339

[14.59375  0.4625 ]
0.4624999999999986, 14.59375, 0.1771336386428146, 0.2940194133171955

[17.90625  0.1375 ]
0.1374999999999975, 17.90625, 0.11828212244353156, 0.2864378311263518

[16.53125  0.2875 ]
0.287499999999998, 16.53125, 0.1510621975065374, 0.2897041348128929

[18.15625  0.0375 ]
0.03749999999999731, 18.15625, 0.08636892481687027, 0.2856778337298542

[17.40625  0.1375 ]
0.1374999999999976, 17.40625, 0.11828211867582762, 0.2864378509129343

[18.65625  0.0375 ]
0.03749999999999723, 18.65625, 0.08636892614514656, 0.2856778219953577

[18.15625  0.0875 ]
0.08749999999999739, 18.15625, 0.10352025155240144, 0.2857333608353805

[18.28125  0.0625 ]
0.06249999999999733, 18.28125, 0.09517856266571423, 0.28557504265852335

[18.78125  0.0625 ]
0.06249999999999725, 18.78125, 0.09517856476863452, 0.285575029184784

[19.09375  0.075  ]
0.07499999999999724, 19.09375, 0.09942736471991681, 0.28563098094748035

[18.40625  0.0875 ]
0.08749999999999736, 18.40625, 0.10352025292731998, 0.285733353068057

[18.59375  0.05   ]
0.04999999999999726, 18.59375, 0.0908022826179223, 0.28558153567086625

[18.46875  0.075  ]
0.07499999999999732, 18.46875, 0.09942736178347597, 0.2856309983766871

[18.5625   0.05625]
0.056249999999997274, 18.5625, 0.09300333049455521, 0.2855691398988627

[19.0625   0.05625]
0.0562499999999972, 19.0625, 0.09300333236525642, 0.28556912725772277

[19.453125  0.053125]
0.05312499999999713, 19.453125, 0.09190549763586707, 0.2855728204597642

[18.84375  0.05   ]
0.04999999999999721, 18.84375, 0.09080228346944573, 0.2855815295140151

[18.796875  0.059375]
0.05937499999999724, 18.796875, 0.09409465928236045, 0.28556999003094147

[18.828125  0.053125]
0.05312499999999722, 18.828125, 0.09190549548580151, 0.2855728354566874

[18.8046875  0.0578125]
0.05781249999999724, 18.8046875, 0.09354987063791845, 0.28556901666042817

[19.3046875  0.0578125]
0.05781249999999716, 19.3046875, 0.09354987250401298, 0.2855690042317263

[19.67578125  0.05859375]
0.05859374999999711, 19.67578125, 0.09382249403413898, 0.2855693485369314

[19.046875  0.059375]
0.0593749999999972, 19.046875, 0.094094660249617, 0.28556998367628283

[19.05859375  0.05703125]
0.0570312499999972, 19.05859375, 0.09327681358687913, 0.2855689295822796

[19.55859375  0.05703125]
0.05703124999999712, 19.55859375, 0.09327681538358978, 0.2855689175306118

[19.93554688  0.05664062]
0.05664062499999706, 19.935546875, 0.09314012800202759, 0.28556897258748487

[19.3125   0.05625]
0.05624999999999716, 19.3125, 0.09300333326427711, 0.2855691211824698

[19.30664062  0.05742187]
0.05742187499999716, 19.306640625, 0.09341339733483944, 0.28556892942487566

[19.80664062  0.05742187]
0.05742187499999707, 19.806640625, 0.09341339909637143, 0.2855689176515348

[20.05859375  0.05703125]
0.05703124999999703, 20.05859375, 0.09327681709075647, 0.28556890607981666

[20.43457031  0.05683594]
0.05683593749999698, 20.4345703125, 0.09320848708618183, 0.2855689209724953

[19.81054688  0.05664062]
0.056640624999997086, 19.810546875, 0.09314012758052376, 0.2855689754247934

[19.80761719  0.05722656]
0.05722656249999707, 19.8076171875, 0.09334512101630504, 0.28556890603806284

[20.30761719  0.05722656]
0.05722656249999698, 20.3076171875, 0.09334512268613193, 0.2855688948578932

[20.68212891  0.05732422]
0.05732421874999691, 20.68212890625, 0.09337926628023915, 0.28556889046473294

[20.43115234  0.05751953]
0.05751953124999696, 20.43115234375, 0.09344753014011527, 0.2855689160055035

[20.1517334   0.05715332]
0.05715332031249701, 20.1517333984375, 0.09331951099890415, 0.28556889839731775

[21.02624512  0.05725098]
0.05725097656249684, 21.0262451171875, 0.09335366117310145, 0.28556888022050914

[21.63555908  0.05726318]
0.05726318359374673, 21.63555908203125, 0.093357930929913, 0.28556886852209185

[22.16595459  0.05743408]
0.05743408203124663, 22.16595458984375, 0.09341767282631365, 0.28556887055671765

[23.11938477  0.05737305]
0.05737304687499645, 23.119384765625, 0.09339634182956591, 0.2855688480131864

[24.3380127   0.05739746]
0.0573974609374962, 24.3380126953125, 0.09340487846307938, 0.28556883062857935

[23.80761719  0.05722656]
0.0572265624999963, 23.8076171875, 0.09334513241120591, 0.2855688297428743

[24.62844849  0.0571228 ]
0.05712280273437115, 24.628448486328125, 0.09330885066997073, 0.28556881807814344

[27.3309021   0.05725708]
0.05725708007812062, 27.330902099609375, 0.0933558099096764, 0.28556878169054195

[30.17857361  0.05725403]
0.05725402832030757, 30.178573608398438, 0.09335474755694714, 0.2855687505471564

[30.4690094   0.05697937]
0.056979370117182515, 30.469009399414062, 0.09325869197868757, 0.2855687575164387

[36.01913452  0.0571106 ]
0.05711059570311894, 36.019134521484375, 0.09330459873643887, 0.28556870308647636

[41.71447754  0.05710449]
0.057104492187492834, 41.7144775390625, 0.09330246920212182, 0.28556866925951074

[41.42404175  0.05737915]
0.05737915039061789, 41.424041748046875, 0.09339850103416919, 0.28556867645343237

[52.95994568  0.05722961]
0.05722961425780315, 52.95994567871094, 0.09334623052797655, 0.285568621816502

[6.43506317e+01 5.72174072e-02]
0.05721740722655094, 64.35063171386719, 0.09334196676794632, 0.2855685916064355

[6.46410675e+01 5.69427490e-02]
0.05694274902342589, 64.64106750488281, 0.09324590376747083, 0.28556860560556135

[8.72772217e+01 5.70556641e-02]
0.057055664062483996, 87.2772216796875, 0.09328540809528389, 0.2855685593781177

[1.10058594e+02 5.70312500e-02]
0.05703124999997958, 110.05859375, 0.09327687170598349, 0.28556853977568764

[1.09768158e+02 5.73059082e-02]
0.05730590820310463, 109.76815795898438, 0.0933729178736025, 0.28556853634073875

[1.32331703e+02 5.74874878e-02]
0.05748748779294399, 132.33170318603516, 0.09343638813720237, 0.2855685387008518

[1.5547612e+02 5.7119751e-02]
0.05711975097653327, 155.4761199951172, 0.09330782923100933, 0.2855685109929127

[2.01038864e+02 5.70709229e-02]
0.05707092285152443, 201.0388641357422, 0.09329075380668674, 0.28556850018045127

[2.00748428e+02 5.73455811e-02]
0.057345581054649486, 200.74842834472656, 0.09338679240872262, 0.28556850148068197

[2.92019135e+02 5.71105957e-02]
0.05711059570306928, 292.0191345214844, 0.0933046313834747, 0.2855684843060251

[3.83144623e+02 5.70129395e-02]
0.05701293945305161, 383.1446228027344, 0.09327047543351938, 0.2855684830599464

[3.83435059e+02 5.67382812e-02]
0.05673828124992655, 383.43505859375, 0.09317437341895267, 0.28556852350639955

[2.46420086e+02 5.71937561e-02]
0.05719375610346875, 246.42008590698242, 0.0933337121555322, 0.2855684882540958

[4.28525845e+02 5.71357727e-02]
0.057135772704995924, 428.5258445739746, 0.09331343788405594, 0.28556847363280263

[5.42269335e+02 5.71681976e-02]
0.05716819763173167, 542.2693347930908, 0.093324777711646, 0.28556846854789003

[6.78993872e+02 5.69873810e-02]
0.05698738098131453, 678.9938716888428, 0.09326153632577922, 0.2855684751497996

[8.38118584e+02 5.71426392e-02]
0.057142639159994596, 838.1185836791992, 0.09331584071146269, 0.2855684631898746

[1.06560556e+03 5.72074890e-02]
0.05720748901346609, 1065.6055641174316, 0.09333851835175104, 0.28556846020702553

[9.28881027e+02 5.73883057e-02]
0.057388305663883234, 928.8810272216797, 0.0934017322564942, 0.2855684695904831

[8.66409238e+02 5.72880745e-02]
0.057288074493241053, 866.4092383384705, 0.09336669384253889, 0.28556846394703855

[1.38974547e+03 5.73273659e-02]
0.05732736587497547, 1389.7454676628113, 0.09338043055052367, 0.28556846195162583

[1.58894179e+03 5.72467804e-02]
0.05724678039520051, 1588.9417934417725, 0.09335225711063394, 0.2855684579370738

[1.95020807e+03 5.72261333e-02]
0.057226133346180236, 1950.2080709934235, 0.09334503810095188, 0.28556845659007096

[1.62606817e+03 5.71062565e-02]
0.05710625648467085, 1626.0681674480438, 0.09330311757018095, 0.2855684592240602

[2.51067067e+03 5.71249008e-02]
0.057124900817385, 2510.6706743240356, 0.0933096383626363, 0.2855684565581682

[3.23320323e+03 5.70836067e-02]
0.057083606719344454, 3233.2032294273376, 0.09329519633628142, 0.2855684576052271

[2.83481058e+03 5.72447777e-02]
0.05724477767889438, 2834.8105778694153, 0.09335155725387445, 0.2855684554288219

[3.43918178e+03 5.73140383e-02]
0.057314038276006146, 3439.181783080101, 0.0933757719715438, 0.2855684573263958

[3.39527318e+03 5.71435452e-02]
0.057143545150099145, 3395.2731812000275, 0.09331615874985967, 0.285568455102893

[4.11780574e+03 5.71022511e-02]
0.0571022510520586, 4117.8057363033295, 0.09330171721862839, 0.2855684560444302

[3.71941308e+03 5.72634220e-02]
0.05726342201160853, 3719.413084745407, 0.09335807606050366, 0.285568455137851

[4.27987569e+03 5.71621895e-02]
0.05716218948281329, 4279.875688076019, 0.09332267884739591, 0.28556845421092825

[5.00240824e+03 5.71208954e-02]
0.057120895384772746, 5002.408243179321, 0.0933082378273009, 0.28556845493663063

[3.95573578e+03 5.70423126e-02]
0.05704231262130391, 3955.7357845306396, 0.0932807530819367, 0.28556845960369326

[3.77849376e+03 5.72081447e-02]
0.05720814466403237, 3778.4937596917152, 0.09333874851731087, 0.2855684541171279

[4.66309627e+03 5.72267890e-02]
0.05722678899674652, 4663.096266567707, 0.09334526775971988, 0.2855684538828559

[5.29700781e+03 5.72684109e-02]
0.057268410920070206, 5297.007809251547, 0.09335982041732034, 0.2855684545199222

[4.16171434e+03 5.72727442e-02]
0.0572727441779656, 4161.714338183403, 0.09336133535551247, 0.285568455076599

[4.25033535e+03 5.71898282e-02]
0.05718982815660137, 4250.335350602865, 0.09333234378332116, 0.28556845382797047

[5.13493786e+03 5.72084725e-02]
0.057208472489315515, 5134.937857478857, 0.09333886323489424, 0.28556845364953454

[5.81315991e+03 5.72086364e-02]
0.057208636401957086, 5813.159906372428, 0.09333892058650556, 0.2855684534011296

[5.40039899e+03 5.71716756e-02]
0.057171675561811935, 5400.398990407586, 0.0933259961445071, 0.2855684535828427

[6.96322355e+03 5.71904838e-02]
0.05719048380716765, 6963.223546177149, 0.09333257317028311, 0.28556845301902906

[8.31966764e+03 5.71908116e-02]
0.057190811632450794, 8319.66764396429, 0.09333268782199557, 0.28556845301262396

[8.73242856e+03 5.72277725e-02]
0.057227772472595945, 8732.428559929132, 0.09334561176694324, 0.2855684531846003

[1.12389363e+04 5.72099477e-02]
0.05720994770308965, 11238.936297520995, 0.09333937921627677, 0.2855684524535625

[1.39518245e+04 5.72106034e-02]
0.05721060335365594, 13951.824493095279, 0.09333960849419143, 0.2855684523975118

[1.35390636e+04 5.71736425e-02]
0.057173642513510786, 13539.063577130437, 0.09332668411959928, 0.2855684525029133

[1.91712204e+04 5.71934342e-02]
0.05719343423471593, 19171.220426261425, 0.0933336049926649, 0.2855684523427257

[2.45969968e+04 5.71947455e-02]
0.057194745535848496, 24596.996817409992, 0.09333406353861748, 0.28556845155319177

[2.50097577e+04 5.72317064e-02]
0.057231706375993646, 25009.757733374834, 0.0933469873661111, 0.28556845254233676

[1.64067371e+04 5.71881585e-02]
0.0571881584791315, 16406.737116191536, 0.09333176015040777, 0.2855684523894568

[2.70519094e+04 5.71723007e-02]
0.05717230066132406, 27051.90944050625, 0.0933262149359556, 0.2855684517481647

[3.52421691e+04 5.71788877e-02]
0.057178887718041055, 35242.169141724706, 0.0933285183005967, 0.2855684519925918

[3.05333111e+04 5.71812054e-02]
0.05718120540831367, 30533.311135341413, 0.0933293288211044, 0.285568452163184

[2.58244531e+04 5.71835231e-02]
0.05718352309858628, 25824.45312895812, 0.0933301392670423, 0.2855684523245099

[2.0501867e+04 5.7191452e-02]
0.05719145200749, 20501.866966800764, 0.09333291184368343, 0.28556845233128864

[2.99195830e+04 5.71868166e-02]
0.057186816626944775, 29919.58297956735, 0.09333129095312293, 0.28556845179801804

[2.86921267e+04 5.71980391e-02]
0.05719803906420699, 28692.12666801922, 0.09333521518161052, 0.2855684523675748

[2.65413715e+04 5.71871521e-02]
0.05718715208999146, 26541.371513723396, 0.09333140827120648, 0.2855684518102

[2.79752083e+04 5.71944101e-02]
0.057194410072801814, 27975.208283253945, 0.09333394623560348, 0.2855684522262445

[2.68998307e+04 5.71889666e-02]
0.05718896658569404, 26899.830706106033, 0.09333204278556352, 0.2855684521962665

[2.72582899e+04 5.71907811e-02]
0.057190781081396636, 27258.28989848867, 0.09333267724852962, 0.28556845186513746

[2.55691842e+04 5.71909488e-02]
0.05719094881291997, 25569.184165566694, 0.0933327359199903, 0.2855684513329893

[2.29078911e+04 5.71949133e-02]
0.05719491326737183, 22907.891084488016, 0.09333412216301643, 0.2855684517827385

[2.39954908e+04 5.71938802e-02]
0.05719388022087804, 23995.49078798818, 0.09333376095862683, 0.2855684520671028

[2.50830905e+04 5.71928472e-02]
0.057192847174384234, 25083.090491488343, 0.09333339970401691, 0.28556845213954346

[2.64137370e+04 5.71908649e-02]
0.057190864947158304, 26413.737032027682, 0.09333270660190486, 0.2855684521336641

[2.68998307e+04 5.71889666e-02]
0.05718896658569404, 26899.830706106033, 0.09333204278556352, 0.2855684521962665

[2.55372755e+04 5.71918770e-02]
0.057191877027211686, 25537.275545142766, 0.09333306049290228, 0.2855684521964631

[2.59914606e+04 5.71909069e-02]
0.05719090688003914, 25991.460598797188, 0.09333272127657484, 0.2855684520872545

[2.53261373e+04 5.71918980e-02]
0.057191897993652104, 25326.13732852752, 0.09333306783015048, 0.2855684521584731

[2.62345074e+04 5.71899577e-02]
0.05718995769930701, 26234.507435836364, 0.09333238932969631, 0.28556845246053336

[2.55532299e+04 5.71914129e-02]
0.057191412920065826, 25553.22985535473, 0.09333289820488391, 0.2855684516084556

[2.51309534e+04 5.71914549e-02]
0.05719145485294666, 25130.953422124236, 0.09333291286645946, 0.2855684524509294

[2.57763338e+04 5.71910439e-02]
0.05719104387326602, 25776.33380462895, 0.09333276915249757, 0.2855684520977728

[2.55612070e+04 5.71911809e-02]
0.0571911808664929, 25561.207010460712, 0.09333281704366188, 0.28556845239061973

[2.57803224e+04 5.71909278e-02]
0.057190927846479556, 25780.32238218194, 0.09333272856742189, 0.2855684525570589

[2.53500688e+04 5.71912018e-02]
0.05719120183293332, 25350.068793845465, 0.09333282438596618, 0.28556845174066287

[2.53580459e+04 5.71909698e-02]
0.05719096977936039, 25358.045948951447, 0.09333274320765206, 0.28556845250088825

[2.55104167e+04 5.71911281e-02]
0.057191128094709776, 25510.416745083396, 0.09333279860997017, 0.2855684520138371

[2.54088362e+04 5.71910226e-02]
0.057191022551143514, 25408.836214328763, 0.09333276170631756, 0.28556845222841826

[2.54850216e+04 5.71911017e-02]
0.05719110170881821, 25485.02161239474, 0.0933327893970316, 0.2855684518738229

[2.54342313e+04 5.71910489e-02]
0.05719104893703508, 25434.23134701742, 0.09333277092727946, 0.2855684519705657

[2.54723240e+04 5.71910885e-02]
0.05719108851587243, 25472.32404605041, 0.0933327847297392, 0.2855684514841969

[2.56914394e+04 5.71908355e-02]
0.057190835495859085, 25691.43941777164, 0.09333269629507121, 0.2855684516984241

[2.56060968e+04 5.71909271e-02]
0.05719092708012765, 25606.096761790097, 0.09333272833056756, 0.28556845175277834

[2.55207541e+04 5.71910187e-02]
0.0571910186643962, 25520.75410580855, 0.09333276035302045, 0.28556845216363713

[2.54596265e+04 5.71910753e-02]
0.057191075322926645, 25459.62647970608, 0.0933327801716785, 0.2855684528827458

[2.56303118e+04 5.71908922e-02]
0.05719089215438953, 25630.311791669163, 0.09333271614641038, 0.2855684519106991

[2.56787419e+04 5.71908223e-02]
0.057190822302913294, 25678.741851427305, 0.0933326916680604, 0.2855684516283063

[2.56176142e+04 5.71908790e-02]
0.05719087896144374, 25617.614225324833, 0.09333271150615721, 0.2855684515511232

[2.55080565e+04 5.71910055e-02]
0.05719100547145041, 25508.05653946422, 0.09333275570176601, 0.28556845224520305

[2.56360705e+04 5.71908681e-02]
0.05719086809504757, 25636.070523436534, 0.09333270768564059, 0.2855684525615169

[2.55933992e+04 5.71909139e-02]
0.05719091388718185, 25593.399195445763, 0.09333272367833415, 0.28556845230243605

[2.56239630e+04 5.71908856e-02]
0.05719088555791663, 25623.963008496998, 0.09333271380509879, 0.28556845157921734

[2.55997480e+04 5.71909205e-02]
0.05719092048365475, 25599.74797861793, 0.09333272602160173, 0.28556845182382146

[2.55981608e+04 5.71909188e-02]
0.057190918834536524, 25598.16078282489, 0.09333272541387892, 0.2855684520145413

[2.55965736e+04 5.71909172e-02]
0.0571909171854183, 25596.573587031846, 0.0933327248381764, 0.2855684522388715

[2.55812917e+04 5.71909314e-02]
0.05719093135005091, 25581.291680506227, 0.09333272977200241, 0.2855684526072646

[2.55844661e+04 5.71909346e-02]
0.05719093464828736, 25584.466072092313, 0.09333273093154835, 0.28556845275858217

[2.55820853e+04 5.71909322e-02]
0.05719093217461002, 25582.08527840275, 0.09333273007496198, 0.28556845218547394

[2.55546959e+04 5.71909638e-02]
0.057190963802111694, 25554.6958569376, 0.09333274115967027, 0.28556845189669067

[2.55417947e+04 5.71909804e-02]
0.057190980440421646, 25541.794744101546, 0.09333274697472262, 0.28556845218411836

[2.55518674e+04 5.71909684e-02]
0.05719096837396874, 25551.86737767684, 0.09333274275431554, 0.28556845181901547

[2.55663557e+04 5.71909534e-02]
0.05719095338477702, 25566.355686305935, 0.09333273752718671, 0.28556845234178

[2.55576108e+04 5.71909612e-02]
0.05719096119777803, 25557.610814279684, 0.09333274021886706, 0.28556845176872137

[2.55749276e+04 5.71909416e-02]
0.05719094163672926, 25574.92760216954, 0.09333273337647457, 0.28556845171308665

[2.55865010e+04 5.71909293e-02]
0.057190929251871206, 25586.50095345655, 0.09333272905408431, 0.28556845237886636

[2.55648333e+04 5.71909532e-02]
0.057190953211301326, 25564.833349073902, 0.09333273748246126, 0.2855684523579903

[2.55720559e+04 5.71909452e-02]
0.05719094522482462, 25572.055883868117, 0.09333273467222773, 0.28556845171689205

[2.55633975e+04 5.71909550e-02]
0.057190955005349, 25563.39748992319, 0.09333273809230246, 0.2855684527884092

[2.55778426e+04 5.71909390e-02]
0.057190939032395596, 25577.84255951162, 0.09333273248253332, 0.2855684517900339

[2.55742313e+04 5.71909430e-02]
0.057190943025633954, 25574.23129211451, 0.09333273388121503, 0.2855684525286635

[2.5570620e+04 5.7190947e-02]
0.0571909470188723, 25570.620024717406, 0.0933327352787981, 0.2855684517108826

[2.55662908e+04 5.71909519e-02]
0.05719095190913449, 25566.290827744942, 0.09333273697354272, 0.2855684521131647

[2.55735134e+04 5.71909439e-02]
0.057190943922657785, 25573.513362539157, 0.09333273420122466, 0.2855684524299373

[2.55680965e+04 5.71909499e-02]
0.05719094991251531, 25568.096461443496, 0.09333273627411529, 0.285568451538496

[2.55666606e+04 5.71909517e-02]
0.05719095170656298, 25566.66060229278, 0.09333273692205338, 0.28556845162863564

[2.55676505e+04 5.71909505e-02]
0.057190950534640315, 25567.650457898937, 0.09333273654464187, 0.2855684518683045

[2.55686403e+04 5.71909494e-02]
0.05719094936271764, 25568.640313505093, 0.09333273610131869, 0.2855684525025531

[2.55699021e+04 5.71909479e-02]
0.057190947915896136, 25569.90209514205, 0.09333273556721894, 0.28556845216181675

[2.55704459e+04 5.71909474e-02]
0.05719094736609846, 25570.445947203654, 0.0933327353921468, 0.2855684523335525

[2.55699945e+04 5.71909479e-02]
0.05719094786525326, 25569.994538779014, 0.09333273557636172, 0.28556845223895594

[2.55690917e+04 5.71909489e-02]
0.057190948863562845, 25569.091721929733, 0.09333273593904519, 0.28556845239725104

[2.55697688e+04 5.71909481e-02]
0.05719094811483065, 25569.768834566694, 0.09333273563777154, 0.28556845227548483

[2.55695431e+04 5.71909484e-02]
0.05719094836440805, 25569.543130354374, 0.09333273574016974, 0.2855684523124855

[2.55695894e+04 5.71909483e-02]
0.05719094833908661, 25569.589352172854, 0.09333273570590772, 0.2855684521747647

[2.55692304e+04 5.71909488e-02]
0.05719094878759853, 25569.230387385178, 0.09333273588138721, 0.28556845187661667

[2.55688252e+04 5.71909493e-02]
0.057190949261431895, 25568.825200779018, 0.09333273605674744, 0.2855684519131693

[2.55690162e+04 5.71909490e-02]
0.05719094903084557, 25569.016238627475, 0.09333273597277641, 0.2855684519699257

[2.55692073e+04 5.71909488e-02]
0.05719094880025925, 25569.207276475936, 0.09333273588092753, 0.28556845209919074

[2.55693868e+04 5.71909486e-02]
0.05719094857600329, 25569.386758869776, 0.09333273582469068, 0.28556845161165356

[2.55693636e+04 5.71909486e-02]
0.05719094858866401, 25569.363647960534, 0.09333273580692462, 0.2855684522119817

[2.55692464e+04 5.71909487e-02]
0.05719094874736044, 25569.246369347085, 0.09333273587392531, 0.2855684516951828

[2.55693246e+04 5.71909486e-02]
0.05719094864156282, 25569.324555089384, 0.09333273584531683, 0.28556845233743894

[2.55692659e+04 5.71909487e-02]
0.05719094872091104, 25569.26591578266, 0.09333273590186826, 0.2855684513189287

[2.55690633e+04 5.71909490e-02]
0.057190948957827725, 25569.063322479575, 0.09333273591577344, 0.2855684520204333

[2.55693059e+04 5.71909487e-02]
0.0571909486714594, 25569.305899772226, 0.09333273584279542, 0.2855684517702859

[2.55692250e+04 5.71909488e-02]
0.05719094876691551, 25569.225040674675, 0.09333273586971488, 0.2855684520944558

[2.55693263e+04 5.71909486e-02]
0.05719094864845717, 25569.326337326216, 0.09333273586161617, 0.2855684523282945

[2.55691646e+04 5.71909488e-02]
0.05719094883936937, 25569.164619131116, 0.09333273591486872, 0.2855684519627195

[2.55692055e+04 5.71909488e-02]
0.05719094879336491, 25569.205494239097, 0.09333273589517575, 0.28556845210370607

[2.55692202e+04 5.71909488e-02]
0.05719094877352786, 25569.22015406578, 0.09333273588820379, 0.285568452483469

[2.55692153e+04 5.71909488e-02]
0.05719094878014021, 25569.215267456886, 0.09333273586502341, 0.28556845246953705

[2.55692455e+04 5.71909487e-02]
0.05719094874391327, 25569.245478228666, 0.09333273588873373, 0.285568452114052

[2.55692961e+04 5.71909487e-02]
0.05719094868468409, 25569.296126554436, 0.0933327358593192, 0.28556845205504305

[2.55693166e+04 5.71909487e-02]
0.057190948661681854, 25569.316564108434, 0.09333273585358173, 0.2855684517790021

[2.55692864e+04 5.71909487e-02]
0.05719094869790879, 25569.286353336654, 0.09333273586586141, 0.28556845180049634

[2.55692888e+04 5.71909487e-02]
0.057190948694602624, 25569.288796641104, 0.0933327359102934, 0.28556845180845125

[2.55692912e+04 5.71909487e-02]
0.05719094869129644, 25569.291239945545, 0.09333273584915269, 0.2855684517749367

[2.55692810e+04 5.71909487e-02]
0.05719094870279756, 25569.28102116855, 0.09333273587251271, 0.2855684520112624

[2.55692761e+04 5.71909487e-02]
0.05719094870940991, 25569.27613455966, 0.09333273587782162, 0.285568451932822

[2.55692774e+04 5.71909487e-02]
0.05719094870775682, 25569.27735621188, 0.09333273587159191, 0.28556845250978574

[2.55692786e+04 5.71909487e-02]
0.057190948706103736, 25569.278577864105, 0.09333273587716609, 0.2855684521782047

[2.55692735e+04 5.71909487e-02]
0.0571909487118543, 25569.273468475607, 0.09333273587811079, 0.28556845187041446

[2.55692608e+04 5.71909487e-02]
0.0571909487266616, 25569.260806394166, 0.09333273584185627, 0.2855684521959199

[2.55692741e+04 5.71909487e-02]
0.0571909487112432, 25569.27413499662, 0.09333273589124451, 0.2855684515055357

[2.55692666e+04 5.71909487e-02]
0.057190948720299936, 25569.266582303673, 0.09333273592803383, 0.2855684517875089

[2.55692683e+04 5.71909487e-02]
0.057190948718188535, 25569.268303846653, 0.09333273588622504, 0.2855684522849031

[2.55692700e+04 5.71909487e-02]
0.05719094871607712, 25569.27002538964, 0.09333273585983626, 0.28556845237038403

[2.55692697e+04 5.71909487e-02]
0.05719094871638267, 25569.269692129135, 0.09333273584187779, 0.28556845242711804

[2.55692662e+04 5.71909487e-02]
0.05719094872060548, 25569.26624904317, 0.09333273586737695, 0.28556845193336233

[2.55692621e+04 5.71909487e-02]
0.05719094872543941, 25569.262139436185, 0.09333273587388685, 0.2855684521017958

[2.55692641e+04 5.71909487e-02]
0.05719094872309884, 25569.26411092455, 0.09333273587176315, 0.28556845236337847

[2.55692661e+04 5.71909487e-02]
0.057190948720758264, 25569.266082412913, 0.09333273589185895, 0.2855684524026467

[2.55692680e+04 5.71909487e-02]
0.057190948718494075, 25569.267970586152, 0.09333273586411259, 0.2855684522890385

[2.55692678e+04 5.71909487e-02]
0.05719094871864684, 25569.267803955896, 0.09333273586785579, 0.28556845228009153

[2.55692657e+04 5.71909487e-02]
0.0571909487210638, 25569.2657491524, 0.09333273585393913, 0.2855684525616688

[2.55692674e+04 5.71909487e-02]
0.057190948719136506, 25569.267415227714, 0.09333273586511942, 0.2855684515255409

[2.55692655e+04 5.71909487e-02]
0.057190948721400695, 25569.26552705448, 0.09333273584100542, 0.28556845264230724

[2.55692672e+04 5.71909487e-02]
0.057190948719335305, 25569.26723473054, 0.09333273586144614, 0.2855684521768157

[2.55692661e+04 5.71909487e-02]
0.05719094872071223, 25569.266096279833, 0.09333273587743238, 0.28556845192803126

[2.55692664e+04 5.71909487e-02]
0.05719094872036799, 25569.26638089251, 0.09333273590167211, 0.28556845228086697

[2.55692667e+04 5.71909487e-02]
0.05719094872002377, 25569.266665505187, 0.09333273586574287, 0.2855684522255532

[2.55692666e+04 5.71909487e-02]
0.057190948720123175, 25569.266575256603, 0.09333273584436834, 0.28556845201127523


------------------------------------------------------------
Sender: LSF System <lsfadmin@n-62-21-21>
Subject: Job 1735666: <minimize_batch_job_this_is_on_purpose_to_utilize_more_kernel> in cluster <dcc> Done

Job <minimize_batch_job_this_is_on_purpose_to_utilize_more_kernel> was submitted from host <gbarlogin2> by user <s174007> in cluster <dcc> at Sun Jan 13 21:42:33 2019
Job was executed on host(s) <n-62-21-21>, in queue <hpc>, as user <s174007> in cluster <dcc> at Sun Jan 13 21:42:34 2019
</zhome/b0/b/127184> was used as the home directory.
</zhome/b0/b/127184/Documents/Projects/machine-learning-on-materials> was used as the working directory.
Started at Sun Jan 13 21:42:34 2019
Terminated at Mon Jan 14 03:34:53 2019
Results reported at Mon Jan 14 03:34:53 2019

Your job looked like:

------------------------------------------------------------
# LSBATCH: User input
#!/bin/bash
##Kør på cpu
#BSUB -q hpc
##Navn på job
#BSUB -J minimize_batch_job_this_is_on_purpose_to_utilize_more_kernel
##Output fil
#BSUB -o output/minimize/linear_SimpleLarge_compare_batchjobs-%J.out
##Antal kerner
#BSUB -n 1
##Om kernerne må være på forskellige computere
#BSUB -R "span[hosts=1]"
##Ram pr kerne
#BSUB -R "rusage[mem=10GB]"
##Hvor lang tid må den køre hh:mm
#BSUB -W 45:00
##Email når jobbet starter
##og stopper
module purge
module load python3
python3 KRR/minimizer.py linear 1 SimpleLarge compare [10]
------------------------------------------------------------

Successfully completed.

Resource usage summary:

    CPU time :                                   21135.51 sec.
    Max Memory :                                 5148 MB
    Average Memory :                             4900.83 MB
    Total Requested Memory :                     10240.00 MB
    Delta Memory :                               5092.00 MB
    Max Swap :                                   -
    Max Processes :                              4
    Max Threads :                                5
    Run time :                                   21151 sec.
    Turnaround time :                            21140 sec.

The output (if any) is above this job summary.

