Unloaded module: latex/TeXLive12
Loaded module: python3/3.6.2
[-10000]
[-10000.0]
[-1.e+04  1.e+00]
1.0, -10000.0, 0.1998985020150657, 0.29373153262212165

[-1.05e+04  1.00e+00]
1.0, -10500.0, 0.19989850198447484, 0.29373153275065517

[-1.00e+04  1.05e+00]
1.05, -10000.0, 0.20295737896607208, 0.294541669054821

[-1.05e+04  9.50e-01]
0.95, -10500.0, 0.1967040518350427, 0.2929103182837722

[-1.075e+04  9.000e-01]
0.8999999999999999, -10750.0, 0.19336211914336318, 0.2920782783845536

[-1.025e+04  9.000e-01]
0.8999999999999999, -10250.0, 0.1933621191702572, 0.2920782782436828

[-1.0125e+04  8.5000e-01]
0.8499999999999996, -10125.0, 0.18985917082398346, 0.2912358070134152

[-1.0875e+04  7.5000e-01]
0.7499999999999996, -10875.0, 0.18230604833671812, 0.28952212248258496

[-1.13125e+04  6.25000e-01]
0.6249999999999991, -11312.5, 0.17162822931257063, 0.28733769495401884

[-1.06875e+04  5.75000e-01]
0.5749999999999988, -10687.5, 0.16688808021291543, 0.2864567605400698

[-1.065625e+04  4.125000e-01]
0.4124999999999983, -10656.25, 0.14903197933311754, 0.2836242998173699

[-1.184375e+04  1.875000e-01]
0.18749999999999778, -11843.75, 0.1145844645421902, 0.2803529813241782

[-1.2703125e+04 -1.4375000e-01]
-0.14375000000000315, -12703.125, 4.65441362730502, 4.257136531399442

[-1.11875e+04 -2.50000e-02]
-0.02500000000000302, -11187.5, 0.2035929954626203, 0.3755788863591827

[-1.128125e+04  4.625000e-01]
0.4624999999999986, -11281.25, 0.15498632369938095, 0.28448370494991343

[-1.121875e+04  1.375000e-01]
0.1374999999999975, -11218.75, 0.10448500814157816, 0.27999079786072834

[-1.11875e+04 -2.50000e-02]
-0.02500000000000302, -11187.5, 0.2035929954626203, 0.3755788863591827

[-1.240625e+04 -8.750000e-02]
-0.08750000000000302, -12406.25, 8.339314038902723, 11.924176440434033

[-1.109375e+04  2.875000e-01]
0.287499999999998, -11093.75, 0.13175805531238005, 0.2816145389345929

[-1.196875e+04  3.750000e-02]
0.03749999999999731, -11968.75, 0.08162965721540177, 0.280847789078564

[-1.175e+04  1.000e-01]
0.09999999999999748, -11750.0, 0.09616545122470128, 0.2799503530622339

[-1.1125e+04  5.0000e-02]
0.04999999999999721, -11125.0, 0.08444220783612964, 0.28050601617988813

[-1.16640625e+04  1.53125000e-01]
0.15312499999999762, -11664.0625, 0.10776307535091133, 0.28007419024227564

[-1.13046875e+04  8.43750000e-02]
0.08437499999999737, -11304.6875, 0.0925339000829203, 0.2800257397636626

[-1.13945312e+04  1.01562500e-01]
0.10156249999999745, -11394.53125, 0.09652400747110777, 0.27994635494917774

[-1.19257812e+04  6.40625000e-02]
0.06406249999999741, -11925.78125, 0.08773660019912366, 0.28024415560777766

[-1.13955078e+04  1.19140625e-01]
0.11914062499999749, -11395.5078125, 0.10048929517468964, 0.2799383686108803

[-1.10400391e+04  1.20703125e-01]
0.12070312499999747, -11040.0390625, 0.10083532280446499, 0.27994062816539056

[-1.10410156e+04  1.38281250e-01]
0.13828124999999752, -11041.015625, 0.10465159821303296, 0.2799941896297892

[-1.13061523e+04  1.10742187e-01]
0.11074218749999747, -11306.15234375, 0.09861099882369317, 0.27993415626536683

[-1.16616211e+04  1.09179687e-01]
0.10917968749999749, -11661.62109375, 0.09825820365419279, 0.27993493210171727

[-1.15722656e+04  1.00781250e-01]
0.10078124999999745, -11572.265625, 0.09634484521822517, 0.2799482804244321

[-1.14396973e+04  1.14550781e-01]
0.11455078124999749, -11439.697265625, 0.099466585711958, 0.27993436006406847

[-1.10842285e+04  1.16113281e-01]
0.11611328124999745, -11084.228515625, 0.09981578166276399, 0.2799352747337849

[-1.15172729e+04  1.10913086e-01]
0.11091308593749748, -11517.27294921875, 0.09864952336535858, 0.27993410222760506

[-1.13837280e+04  1.07104492e-01]
0.10710449218749746, -11383.72802734375, 0.0977880735038805, 0.27993676457650174

[-1.14257050e+04  1.12689209e-01]
0.11268920898437249, -11425.704956054688, 0.09904916781836791, 0.27993389547089936

[-1.16368256e+04  1.12860107e-01]
0.11286010742187248, -11636.825561523438, 0.09908755043917838, 0.27993390937627144

[-1.15452576e+04  1.14636230e-01]
0.1146362304687475, -11545.257568359375, 0.09948570986596511, 0.27993439782853485

[-1.15242691e+04  1.11843872e-01]
0.11184387207030999, -11524.269104003906, 0.09885912684474411, 0.2799339138100061

[-1.15382614e+04  1.13705444e-01]
0.11370544433593499, -11538.261413574219, 0.09927722247481488, 0.279934063941655

[-1.15277672e+04  1.12309265e-01]
0.11230926513671624, -11527.767181396484, 0.09896379012641135, 0.27993388573469014

[-1.13166466e+04  1.12138367e-01]
0.11213836669921624, -11316.646575927734, 0.09892536715985704, 0.27993389106183353

[-1.14187088e+04  1.11758423e-01]
0.11175842285155999, -11418.708801269531, 0.09883989992937409, 0.2799339235856051

[-1.14239559e+04  1.12456512e-01]
0.11245651245116936, -11423.955917358398, 0.09899688561484493, 0.2799338860540105

[-1.16350765e+04  1.12627411e-01]
0.11262741088866936, -11635.076522827148, 0.09903528530054109, 0.27993389216438375

[-1.13962541e+04  1.12260628e-01]
0.11226062774657952, -11396.254062652588, 0.09895285629807345, 0.27993388672494385

[-1.1555469e+04  1.1250515e-01]
0.11250514984130608, -11555.469036102295, 0.09900781536193162, 0.2799338872676576

[-1.14360578e+04  1.12321758e-01]
0.11232175827026117, -11436.057806015015, 0.09896659845569027, 0.27993388573939815

[-1.15398691e+04  1.12174511e-01]
0.11217451095580805, -11539.8690700531, 0.0989334944660384, 0.2799338893379731

[-1.14529342e+04  1.12386012e-01]
0.11238601207732904, -11452.934205532074, 0.09898104102499494, 0.2799338854571896

[-1.15446436e+04  1.12373519e-01]
0.11237351894378411, -11544.643580913544, 0.09897823304367882, 0.2799338854008631

[-1.15989365e+04  1.12399399e-01]
0.1123993992805456, -11598.936468362808, 0.09898404988947847, 0.2799338855812064

[-1.14698106e+04  1.12450266e-01]
0.11245026588439691, -11469.810605049133, 0.09899548180653886, 0.27993388617802195

[-1.15132780e+04  1.12344515e-01]
0.1123445153236364, -11513.278037309647, 0.09897171383940782, 0.2799338853839694

[-1.16049874e+04  1.12332022e-01]
0.11233202219009147, -11604.987412691116, 0.09896890563887333, 0.2799338855556906

[-1.14909475e+04  1.12372515e-01]
0.11237251460551964, -11490.947507321835, 0.09897800728982675, 0.2799338853875596

[-1.14595820e+04  1.12343511e-01]
0.11234351098537193, -11459.581963717937, 0.09897148809922958, 0.2799338855999044

[-1.15233782e+04  1.12366017e-01]
0.11236601695418107, -11523.378176614642, 0.09897654683756626, 0.2799338854749314

[-1.15021128e+04  1.12358515e-01]
0.11235851496457802, -11502.11277231574, 0.09897486060774617, 0.27993388550079196

[-1.15289608e+04  1.12359017e-01]
0.11235901713371026, -11528.960809111595, 0.09897497348196525, 0.2799338855292208

[-1.14864300e+04  1.12344013e-01]
0.11234401315450417, -11486.430000513792, 0.09897160096549541, 0.2799338855392543

[-1.15183281e+04  1.12355266e-01]
0.11235526613890873, -11518.328106962144, 0.09897413036817355, 0.27993388540441594

[-1.15294934e+04  1.12341266e-01]
0.11234126649796711, -11529.49337195605, 0.09897098358749562, 0.27993388556649657

[-1.15089579e+04  1.12354203e-01]
0.1123542028479253, -11508.957922225818, 0.0989738913584864, 0.2799338854836192

[-1.15226482e+04  1.12345579e-01]
0.11234557861461983, -11522.648222045973, 0.09897195286102933, 0.2799338855008056

[-1.15123805e+04  1.12352047e-01]
0.11235204678959892, -11512.380497180857, 0.0989734067391491, 0.2799338855896559

[-1.15158031e+04  1.12349891e-01]
0.11234989073127256, -11515.803072135895, 0.0989729221129919, 0.2799338854749979

[-1.15111180e+04  1.12349359e-01]
0.11234935908578085, -11511.117979767732, 0.0989728026127131, 0.2799338854757102

[-1.15179631e+04  1.12345047e-01]
0.11234504696912813, -11517.96312967781, 0.0989718333480888, 0.2799338854967615

[-1.15128293e+04  1.12348281e-01]
0.11234828105661768, -11512.829267245252, 0.09897256030874875, 0.27993388556861154

[-1.15145406e+04  1.12347203e-01]
0.11234720302745449, -11514.540554722771, 0.09897231797822524, 0.27993388554305854

[-1.15121980e+04  1.12346937e-01]
0.11234693720470862, -11512.19800853869, 0.0989722582354711, 0.2799338855733386

[-1.15156206e+04  1.12344781e-01]
0.11234478114638227, -11515.620583493728, 0.09897177360444236, 0.2799338853314342

[-1.15173319e+04  1.12343703e-01]
0.11234370311721908, -11517.331870971248, 0.09897153127916915, 0.2799338854811857

[-1.15143581e+04  1.12342093e-01]
0.11234209344256418, -11514.358066080604, 0.09897116945715967, 0.2799338855422815

[-1.15144037e+04  1.12343371e-01]
0.11234337083878676, -11514.403688241146, 0.09897145659107613, 0.27993388552916376

[-1.15144949e+04  1.12345926e-01]
0.11234592563123191, -11514.49493256223, 0.0989720308395975, 0.27993388539837805

[-1.15144721e+04  1.12345287e-01]
0.11234528693312062, -11514.472121481958, 0.09897188729269023, 0.2799338857480011

[-1.15144493e+04  1.12344648e-01]
0.11234464823500934, -11514.449310401687, 0.09897174371468083, 0.27993388555395315

[-1.15150121e+04  1.12344076e-01]
0.11234407599258452, -11515.012135867437, 0.09897161508821277, 0.27993388548482867

[-1.15161834e+04  1.12344209e-01]
0.11234420890395747, -11516.183408959478, 0.0989716449685856, 0.2799338855550366

[-1.15148828e+04  1.12344538e-01]
0.11234453840224637, -11514.882835041135, 0.09897171903779801, 0.2799338857004773

[-1.15153164e+04  1.12344429e-01]
0.1123444285694834, -11515.316359680583, 0.098971694335362, 0.2799338854536833

[-1.15150349e+04  1.12344715e-01]
0.1123447146906958, -11515.034946947708, 0.09897175866338255, 0.27993388540938413

[-1.15153392e+04  1.12345067e-01]
0.11234506726759469, -11515.339170760853, 0.09897183791093464, 0.27993388562973376

[-1.15153221e+04  1.12344588e-01]
0.11234458824401122, -11515.32206245065, 0.09897173023482504, 0.27993388550677656

[-1.15153278e+04  1.12344748e-01]
0.11234474791853905, -11515.327765220718, 0.09897176611992516, 0.2799338855470544

[-1.15154685e+04  1.12344605e-01]
0.11234460485793284, -11515.468471587155, 0.09897173397124827, 0.27993388560301735

[-1.15154799e+04  1.12344924e-01]
0.11234492420698848, -11515.47987712729, 0.09897180575016615, 0.27993388548518894

[-1.15157727e+04  1.12344957e-01]
0.1123449574348317, -11515.772695400301, 0.09897181322219598, 0.27993388555579496

[-1.1515439e+04  1.1234480e-01]
0.11234480029761221, -11515.438997765614, 0.0989717779050807, 0.2799338854334611

[-1.15155797e+04  1.12344657e-01]
0.112344657237006, -11515.579704132051, 0.0989717457494224, 0.2799338855045913

[-1.15155048e+04  1.12344857e-01]
0.11234485746449285, -11515.50483387848, 0.09897179075277765, 0.27993388540459

[-1.15156864e+04  1.12344838e-01]
0.11234483831326292, -11515.686419606594, 0.09897178646343863, 0.27993388548465675

[-1.15155009e+04  1.12344810e-01]
0.11234480980152489, -11515.500853225858, 0.09897178003343048, 0.2799338854886972

[-1.15155627e+04  1.12344819e-01]
0.11234481930543756, -11515.562708686104, 0.09897178217783575, 0.27993388547016107

[-1.15155298e+04  1.12344791e-01]
0.11234479072199724, -11515.529790629671, 0.09897177575556856, 0.2799338853885247

[-1.15155877e+04  1.12344753e-01]
0.11234475256294195, -11515.587665437293, 0.09897176716874714, 0.27993388540881914

[-1.15155814e+04  1.12344769e-01]
0.11234476924856587, -11515.581426249497, 0.09897177092883438, 0.2799338854173943

[-1.15155752e+04  1.12344786e-01]
0.11234478593418976, -11515.575187061699, 0.0989717746655712, 0.27993388558078985

[-1.15155916e+04  1.12344800e-01]
0.11234480022590992, -11515.591646089917, 0.09897177788512479, 0.27993388565172844

[-1.15156041e+04  1.12344767e-01]
0.1123447668546621, -11515.60412446551, 0.09897177039001198, 0.27993388545611825

[-1.15156495e+04  1.12344762e-01]
0.11234476206685462, -11515.64952089754, 0.09897176931653173, 0.2799338854572435

[-1.15156309e+04  1.12344768e-01]
0.11234476803368841, -11515.63093743858, 0.09897177065284361, 0.27993388562705407

[-1.15156124e+04  1.12344774e-01]
0.11234477400052219, -11515.612353979619, 0.09897177199118556, 0.2799338854613288

[-1.15155979e+04  1.12344784e-01]
0.11234478354028601, -11515.597885277713, 0.09897177412652045, 0.27993388555286025

[-1.15156351e+04  1.12344772e-01]
0.11234477160661846, -11515.635052195632, 0.09897177144915249, 0.2799338855435334

[-1.15156258e+04  1.12344775e-01]
0.11234477459003535, -11515.625760466155, 0.09897177211231402, 0.27993388548390385

[-1.15156072e+04  1.12344781e-01]
0.11234478055686913, -11515.60717700719, 0.09897177348336676, 0.27993388553992926

[-1.15156211e+04  1.12344776e-01]
0.11234477608174379, -11515.621114601414, 0.09897177244468428, 0.2799338856856084

[-1.15156165e+04  1.12344778e-01]
0.11234477757345224, -11515.616468736673, 0.09897177280210236, 0.2799338855855738

[-1.15156232e+04  1.12344778e-01]
0.11234477786820882, -11515.623171979942, 0.09897177286327455, 0.27993388561435556

[-1.15156139e+04  1.12344781e-01]
0.11234478085162569, -11515.61388025046, 0.09897177352991755, 0.2799338854888533

[-1.15156180e+04  1.12344784e-01]
0.11234478442455573, -11515.617995007513, 0.09897177433002834, 0.27993388545290687

[-1.15156247e+04  1.12344785e-01]
0.11234478471931231, -11515.624698250782, 0.09897177439968963, 0.2799338854899765

[-1.15156166e+04  1.12344782e-01]
0.11234478181854735, -11515.61658475054, 0.09897177375537392, 0.27993388540400393

[-1.15156192e+04  1.12344779e-01]
0.11234477854037389, -11515.619173236755, 0.09897177302053754, 0.2799338855072988

[-1.15156183e+04  1.12344783e-01]
0.11234478295351027, -11515.618289564823, 0.09897177401315536, 0.2799338855775222

[-1.15156186e+04  1.12344781e-01]
0.11234478148246481, -11515.618584122134, 0.09897177367515596, 0.27993388542708536

[-1.15156193e+04  1.12344783e-01]
0.112344782785469, -11515.61928925062, 0.09897177396538455, 0.2799338855642041

[-1.15156199e+04  1.12344780e-01]
0.1123447798433781, -11515.619878365242, 0.09897177330813796, 0.2799338854853707

[-1.15156197e+04  1.12344781e-01]
0.11234478057890082, -11515.619731086586, 0.09897177347452835, 0.27993388546064024

[-1.15156194e+04  1.12344782e-01]
0.11234478204994627, -11515.619436529276, 0.09897177380150982, 0.27993388550469916

[-1.15156197e+04  1.12344781e-01]
0.11234478094666218, -11515.61965744726, 0.09897177355535589, 0.2799338855443425

[-1.15156196e+04  1.12344781e-01]
0.11234478131442355, -11515.619583807931, 0.09897177363509226, 0.2799338853518348

[-1.15156202e+04  1.12344781e-01]
0.11234478086264155, -11515.620157290157, 0.098971773529377, 0.27993388543406084


------------------------------------------------------------
Sender: LSF System <lsfadmin@n-62-21-4>
Subject: Job 1708276: <minimize_batch_job_this_is_on_purpose_to_utilize_more_kernel> in cluster <dcc> Done

Job <minimize_batch_job_this_is_on_purpose_to_utilize_more_kernel> was submitted from host <gbarlogin2> by user <s174007> in cluster <dcc> at Thu Jan 10 17:20:30 2019
Job was executed on host(s) <n-62-21-4>, in queue <hpc>, as user <s174007> in cluster <dcc> at Thu Jan 10 17:20:31 2019
</zhome/b0/b/127184> was used as the home directory.
</zhome/b0/b/127184/Documents/Projects/machine-learning-on-materials> was used as the working directory.
Started at Thu Jan 10 17:20:31 2019
Terminated at Thu Jan 10 22:30:16 2019
Results reported at Thu Jan 10 22:30:16 2019

Your job looked like:

------------------------------------------------------------
# LSBATCH: User input
#!/bin/bash
##Kør på cpu
#BSUB -q hpc
##Navn på job
#BSUB -J minimize_batch_job_this_is_on_purpose_to_utilize_more_kernel
##Output fil
#BSUB -o output/minimize/linear_SimpleLarge_deep_batchjobs-%J.out
##Antal kerner
#BSUB -n 1
##Om kernerne må være på forskellige computere
#BSUB -R "span[hosts=1]"
##Ram pr kerne
#BSUB -R "rusage[mem=10GB]"
##Hvor lang tid må den køre hh:mm
#BSUB -W 45:00
##Email når jobbet starter
##og stopper
module purge
module load python3
python3 KRR/minimizer.py linear 1 SimpleLarge deep [-10000]
------------------------------------------------------------

Successfully completed.

Resource usage summary:

    CPU time :                                   18577.10 sec.
    Max Memory :                                 8107 MB
    Average Memory :                             7783.26 MB
    Total Requested Memory :                     10240.00 MB
    Delta Memory :                               2133.00 MB
    Max Swap :                                   -
    Max Processes :                              4
    Max Threads :                                5
    Run time :                                   18596 sec.
    Turnaround time :                            18586 sec.

The output (if any) is above this job summary.

