Unloaded module: latex/TeXLive12
Loaded module: python3/3.6.2
[10, 5, 30]
[10.0, 5.0, 30.0]

------------------------------------------------------------
Sender: LSF System <lsfadmin@n-62-21-18>
Subject: Job 1719306: <minimize_batch_job_this_is_on_purpose_to_utilize_more_kernel> in cluster <dcc> Done

Job <minimize_batch_job_this_is_on_purpose_to_utilize_more_kernel> was submitted from host <gbarlogin2> by user <s174007> in cluster <dcc> at Fri Jan 11 18:36:10 2019
Job was executed on host(s) <n-62-21-18>, in queue <hpc>, as user <s174007> in cluster <dcc> at Fri Jan 11 18:36:11 2019
</zhome/b0/b/127184> was used as the home directory.
</zhome/b0/b/127184/Documents/Projects/machine-learning-on-materials> was used as the working directory.
Started at Fri Jan 11 18:36:11 2019
Terminated at Fri Jan 11 19:12:41 2019
Results reported at Fri Jan 11 19:12:41 2019

Your job looked like:

------------------------------------------------------------
# LSBATCH: User input
#!/bin/bash
##Kør på cpu
#BSUB -q hpc
##Navn på job
#BSUB -J minimize_batch_job_this_is_on_purpose_to_utilize_more_kernel
##Output fil
#BSUB -o output/minimize/polynomial_SimpleLarge_faulty_batchjobs-%J.out
##Antal kerner
#BSUB -n 1
##Om kernerne må være på forskellige computere
#BSUB -R "span[hosts=1]"
##Ram pr kerne
#BSUB -R "rusage[mem=10GB]"
##Hvor lang tid må den køre hh:mm
#BSUB -W 45:00
##Email når jobbet starter
##og stopper
module purge
module load python3
python3 KRR/minimizer.py polynomial 0.001 SimpleLarge faulty [10,5,30]
------------------------------------------------------------

Successfully completed.

Resource usage summary:

    CPU time :                                   2187.50 sec.
    Max Memory :                                 2760 MB
    Average Memory :                             2500.97 MB
    Total Requested Memory :                     10240.00 MB
    Delta Memory :                               7480.00 MB
    Max Swap :                                   -
    Max Processes :                              4
    Max Threads :                                5
    Run time :                                   2192 sec.
    Turnaround time :                            2191 sec.

The output (if any) is above this job summary.

