Unloaded module: latex/TeXLive12
Loaded module: python3/3.6.2
[-5, -20, 10]
[-5.0, -20.0, 10.0]
1.0, -5.0, -20.0, 10.0, 1.6941678747115174e+18, 1.441713225058041e+17

1.0, -5.25, -20.0, 10.0, 7.704764677680382e+19, 2.6020425334330905e+19

1.0, -5.0, -21.0, 10.0, 1.9273259875846943e+19, 1.3301728001076613e+18

1.0, -5.0, -20.0, 10.5, nan, nan

1.05, -5.0, -20.0, 10.0, 1.0303559196962578e+17, 5.204283065770981e+16

1.025, -5.125, -20.5, 9.5, nan, nan

1.00625, -5.03125, -20.125, 10.25, nan, nan

1.025, -5.0, -20.0, 10.0, 448126909097.82196, 24665080708.67291

1.025, -5.0, -20.5, 10.0, 1.1863250319078224e+17, 1.5057061901183764e+16

1.025, -5.125, -20.0, 10.0, 6.677907478405211e+19, 3.5507817459266324e+18

1.025, -5.0, -20.0, 10.25, nan, nan

1.0375, -5.0625, -20.25, 9.75, nan, nan

1.028125, -5.015625, -20.0625, 10.125, nan, nan

1.025, -5.0, -20.25, 10.0, 8.501643218135632e+18, 4.3914304912961626e+17

1.0375, -5.0, -20.0, 10.0, 3.826507809078884e+18, 5.621335633943941e+16

1.025, -5.0625, -20.0, 10.0, 2.5488391786208186e+20, 9.981872910130217e+19

1.025, -5.0, -20.0, 10.125, nan, nan

1.03125, -5.03125, -20.125, 9.875, nan, nan

1.0265624999999998, -5.0078125, -20.03125, 10.0625, nan, nan

1.03125, -5.0, -20.0, 10.0, 6.653461632422962e+17, 2.823573519997391e+17

1.025, -5.0, -20.125, 10.0, 7.2407920324172e+20, 1.5433728486553102e+20

1.025, -5.03125, -20.0, 10.0, 2.5834613799304934e+20, 1.0973201075991912e+18

1.025, -5.0, -20.0, 10.0625, nan, nan

1.0281249999999997, -5.015625, -20.0625, 9.9375, nan, nan

1.0257812499999999, -5.00390625, -20.015625, 10.03125, nan, nan

1.028125, -5.0, -20.0, 10.0, 683820019878431.8, 403894995235164.8

1.025, -5.015625, -20.0, 10.0, 2.852469617801166e+19, 1.35580599089833e+18

1.025, -5.0, -20.0625, 10.0, 9.907609761012127e+17, 2.619752571481573e+17

1.025, -5.0, -20.0, 10.03125, nan, nan

1.0265624999999998, -5.0078125, -20.03125, 9.96875, nan, nan

1.025390625, -5.001953125, -20.0078125, 10.015625, nan, nan

1.0265624999999998, -5.0, -20.0, 10.0, 50949917579164.83, 22021256522273.09

1.025, -5.0, -20.03125, 10.0, 4.337986161985264e+16, 8290893841198623.0

1.025, -5.0078125, -20.0, 10.0, 2.1466325411931533e+21, 2.1227366777799875e+18

1.025, -5.0, -20.0, 10.015625, nan, nan

1.02578125, -5.00390625, -20.015625, 9.984375, nan, nan

1.0251953125, -5.0009765625, -20.00390625, 10.0078125, nan, nan

1.0257812499999999, -5.0, -20.0, 10.0, 63125823629304.91, 26665688678228.523

1.025, -5.0, -20.015625, 10.0, 1.1328115227766634e+18, 8.363027571887196e+17

1.025, -5.00390625, -20.0, 10.0, 1.337500517093865e+21, 5.2326615427692945e+19

1.025, -5.0, -20.0, 10.0078125, nan, nan

1.025390625, -5.001953125, -20.0078125, 9.9921875, nan, nan

1.0250976562499998, -5.00048828125, -20.001953125, 10.00390625, nan, nan

1.025390625, -5.0, -20.0, 10.0, 15453813055929.176, 582930606699.0808

1.025, -5.0, -20.0078125, 10.0, 1.4175593856825829e+20, 8.35568327834865e+18

1.025, -5.001953125, -20.0, 10.0, 1.303637783066837e+19, 3.574989889500897e+17

1.025, -5.0, -20.0, 10.00390625, nan, nan

1.0251953124999997, -5.0009765625, -20.00390625, 9.99609375, nan, nan

1.0250488281249999, -5.000244140625, -20.0009765625, 10.001953125, nan, nan

1.0251953125, -5.0, -20.0, 10.0, 448126909097.82196, 24665080708.67291

1.025, -5.0009765625, -20.0, 10.0, 1.1740485757181102e+20, 1.3940894745298724e+18

1.025, -5.0, -20.00390625, 10.0, 1.5727043055678525e+18, 3.599452626645611e+17

1.025, -5.0, -20.0, 10.001953125, nan, nan

1.0250976562499998, -5.00048828125, -20.001953125, 9.998046875, nan, nan

1.0250244140625, -5.0001220703125, -20.00048828125, 10.0009765625, nan, nan

1.0250976562499998, -5.0, -20.0, 10.0, 448126909097.82196, 24665080708.67291

1.025, -5.0, -20.001953125, 10.0, 5.558778838180617e+17, 3.4463637759487984e+16

1.025, -5.00048828125, -20.0, 10.0, 2.0849751509547917e+19, 2.719587326269492e+18

1.025, -5.0, -20.0, 10.0009765625, nan, nan

1.025048828125, -5.000244140625, -20.0009765625, 9.9990234375, nan, nan

1.02501220703125, -5.00006103515625, -20.000244140625, 10.00048828125, nan, nan

1.0250488281249999, -5.0, -20.0, 10.0, 448126909097.82196, 24665080708.67291

1.025, -5.0, -20.0009765625, 10.0, 3.9994617324790776e+20, 4.6526735818785956e+19

1.025, -5.000244140625, -20.0, 10.0, 2.2015963085836026e+19, 5.843602908658688e+17

1.025, -5.0, -20.0, 10.00048828125, nan, nan

1.0250244140625, -5.0001220703125, -20.00048828125, 9.99951171875, nan, nan

1.0250061035156248, -5.000030517578125, -20.0001220703125, 10.000244140625, nan, nan

1.0250244140625, -5.0, -20.0, 10.0, 448126909097.82196, 24665080708.67291

1.025, -5.0001220703125, -20.0, 10.0, 1.0580638428998884e+16, 431282111609855.5

1.025, -5.0, -20.00048828125, 10.0, 1.1724091763938183e+20, 3.295694085644009e+19

1.025, -5.0, -20.0, 10.000244140625, nan, nan

1.0250122070312497, -5.00006103515625, -20.000244140625, 9.999755859375, nan, nan

1.0250030517578124, -5.0000152587890625, -20.00006103515625, 10.0001220703125, nan, nan

1.02501220703125, -5.0, -20.0, 10.0, 448126909097.82196, 24665080708.67291

1.025, -5.00006103515625, -20.0, 10.0, 9.779680058611489e+17, 3.319281144732484e+17

1.025, -5.0, -20.000244140625, 10.0, 1.227271070748863e+19, 3.5923736949013344e+17

1.025, -5.0, -20.0, 10.0001220703125, nan, nan

1.0250061035156248, -5.000030517578125, -20.0001220703125, 9.9998779296875, nan, nan

1.0250015258789062, -5.000007629394531, -20.000030517578125, 10.00006103515625, nan, nan

1.0250061035156248, -5.0, -20.0, 10.0, 448126909097.82196, 24665080708.67291

1.025, -5.000030517578125, -20.0, 10.0, 8.386420172086725e+18, 5.7184534121196256e+17

1.025, -5.0, -20.0001220703125, 10.0, 6.179121442106623e+18, 2.3207548930890225e+18

1.025, -5.0, -20.0, 10.00006103515625, nan, nan

1.0250030517578126, -5.0000152587890625, -20.00006103515625, 9.99993896484375, nan, nan

1.025000762939453, -5.000003814697266, -20.000015258789062, 10.000030517578125, nan, nan

1.0250030517578124, -5.0, -20.0, 10.0, 448126909097.82196, 24665080708.67291

1.025, -5.0000152587890625, -20.0, 10.0, 4.113583061247298e+20, 7.985359531692268e+19

1.025, -5.0, -20.00006103515625, 10.0, 2.700048803520671e+19, 2.7008057682893052e+16

1.025, -5.0, -20.0, 10.000030517578125, nan, nan

1.0250015258789062, -5.000007629394531, -20.000030517578125, 9.999969482421875, nan, nan

1.0250003814697264, -5.000001907348633, -20.00000762939453, 10.000015258789062, nan, nan

1.0250015258789062, -5.0, -20.0, 10.0, 448126909097.82196, 24665080708.67291

1.025, -5.0, -20.000030517578125, 10.0, 302073904777178.1, 38979153866555.68

1.025, -5.000007629394531, -20.0, 10.0, 6.890005842740382e+19, 7.559017683270392e+18

1.025, -5.0, -20.0, 10.000015258789062, nan, nan

1.0250007629394529, -5.000003814697266, -20.000015258789062, 9.999984741210938, nan, nan

1.0250001907348631, -5.000000953674316, -20.000003814697266, 10.000007629394531, nan, nan

1.025000762939453, -5.0, -20.0, 10.0, 448126909097.82196, 24665080708.67291

1.025, -5.0, -20.000015258789062, 10.0, 8.655498186797965e+17, 7.27539043034046e+16

1.025, -5.000003814697266, -20.0, 10.0, 5.630318109780074e+19, 8.259966296393229e+18

1.025, -5.0, -20.0, 10.000007629394531, nan, nan

1.0250003814697264, -5.000001907348633, -20.00000762939453, 9.999992370605469, nan, nan

1.0250000953674316, -5.000000476837158, -20.000001907348633, 10.000003814697266, nan, nan

1.0250003814697264, -5.0, -20.0, 10.0, 448126909097.82196, 24665080708.67291

1.025, -5.0, -20.00000762939453, 10.0, 5.854684229133918e+18, 5.048018905398983e+17

1.025, -5.000001907348633, -20.0, 10.0, 1.251037726759968e+19, 1.0495039291259704e+17

1.025, -5.0, -20.0, 10.000003814697266, nan, nan

1.0250001907348634, -5.000000953674316, -20.000003814697266, 9.999996185302734, nan, nan

1.0250000476837158, -5.000000238418579, -20.000000953674316, 10.000001907348633, nan, nan

1.0250001907348631, -5.0, -20.0, 10.0, 448126909097.82196, 24665080708.67291

1.025, -5.000000953674316, -20.0, 10.0, 8.086858061672468e+18, 3.640026668239581e+17

1.025, -5.0, -20.000003814697266, 10.0, 6.6496104380512305e+19, 3.5797187417717625e+19

1.025, -5.0, -20.0, 10.000001907348633, nan, nan

1.0250000953674316, -5.000000476837158, -20.000001907348633, 9.999998092651367, nan, nan

1.0250000238418577, -5.0000001192092896, -20.000000476837158, 10.000000953674316, nan, nan

1.0250000953674316, -5.0, -20.0, 10.0, 448126909097.82196, 24665080708.67291

1.025, -5.000000476837158, -20.0, 10.0, 3.1052599145597608e+19, 1.7393472871537434e+17

1.025, -5.0, -20.000001907348633, 10.0, 1.2094479327964772e+19, 5.985415638258999e+17

1.025, -5.0, -20.0, 10.000000953674316, nan, nan

1.0250000476837156, -5.000000238418579, -20.000000953674316, 9.999999046325684, nan, nan

1.0250000119209288, -5.000000059604645, -20.00000023841858, 10.000000476837158, nan, nan

1.0250000476837158, -5.0, -20.0, 10.0, 448126909097.82196, 24665080708.67291

1.025, -5.000000238418579, -20.0, 10.0, 7.159425121538568e+17, 1.055307462582884e+17

1.025, -5.0, -20.000000953674316, 10.0, 2.0691947074545132e+18, 1.4349285389069502e+17

1.025, -5.0, -20.0, 10.000000476837158, nan, nan

1.0250000238418577, -5.0000001192092896, -20.000000476837158, 9.999999523162842, nan, nan

1.0250000059604645, -5.000000029802322, -20.00000011920929, 10.000000238418579, nan, nan

1.0250000238418577, -5.0, -20.0, 10.0, 448126909097.82196, 24665080708.67291

1.025, -5.0000001192092896, -20.0, 10.0, 631634224279925.2, 996941236062749.4

1.025, -5.0, -20.000000476837158, 10.0, 2.8685067336598733e+18, 3.425084762433387e+17

1.025, -5.0, -20.0, 10.000000238418579, nan, nan

1.025000011920929, -5.000000059604645, -20.00000023841858, 9.999999761581421, nan, nan

1.0250000029802322, -5.000000014901161, -20.000000059604645, 10.00000011920929, nan, nan

1.0250000119209288, -5.0, -20.0, 10.0, 448126909097.82196, 24665080708.67291

1.025, -5.000000059604645, -20.0, 10.0, 4.770900876206422e+18, 2.8173221694531185e+18

1.025, -5.0, -20.00000023841858, 10.0, 5.842532486185509e+17, 4.233099588773543e+17

1.025, -5.0, -20.0, 10.00000011920929, nan, nan

1.0250000059604645, -5.000000029802322, -20.00000011920929, 9.99999988079071, nan, nan

1.025000001490116, -5.000000007450581, -20.000000029802322, 10.000000059604645, nan, nan

1.0250000059604645, -5.0, -20.0, 10.0, 448126909097.82196, 24665080708.67291

1.025, -5.0, -20.00000011920929, 10.0, 7.485682587302126e+18, 4.694806985227174e+17

1.025, -5.000000029802322, -20.0, 10.0, 2.30145731901553e+20, 8.428311959400025e+19

1.025, -5.0, -20.0, 10.000000059604645, nan, nan

1.025000002980232, -5.000000014901161, -20.000000059604645, 9.999999940395355, nan, nan

1.025000000745058, -5.00000000372529, -20.00000001490116, 10.000000029802322, nan, nan

1.0250000029802322, -5.0, -20.0, 10.0, 448126909097.82196, 24665080708.67291

1.025, -5.0, -20.000000059604645, 10.0, 2.1747524141723038e+19, 2.833592389376551e+18

1.025, -5.000000014901161, -20.0, 10.0, 8.913042262788646e+18, 1.539281087829181e+17

1.025, -5.0, -20.0, 10.000000029802322, nan, nan

1.025000001490116, -5.000000007450581, -20.000000029802322, 9.999999970197678, nan, nan

1.025000000372529, -5.000000001862645, -20.00000000745058, 10.000000014901161, nan, nan

1.025000001490116, -5.0, -20.0, 10.0, 448126909097.82196, 24665080708.67291

1.025, -5.000000007450581, -20.0, 10.0, 4.818397739527434e+18, 7.404512646946135e+17

1.025, -5.0, -20.000000029802322, 10.0, 9.710839673891113e+18, 7.048038560169732e+18

1.025, -5.0, -20.0, 10.000000014901161, nan, nan

1.0250000007450581, -5.00000000372529, -20.00000001490116, 9.999999985098839, nan, nan

1.0250000001862645, -5.000000000931323, -20.00000000372529, 10.00000000745058, nan, nan

1.025000000745058, -5.0, -20.0, 10.0, 448126909097.82196, 24665080708.67291

1.025, -5.00000000372529, -20.0, 10.0, 2.0738193193140368e+20, 1.3623752344625707e+20

1.025, -5.0, -20.00000001490116, 10.0, 1.4486976843420176e+19, 3.3428861408113132e+16

1.025, -5.0, -20.0, 10.00000000745058, nan, nan

1.025000000372529, -5.000000001862645, -20.00000000745058, 9.99999999254942, nan, nan

1.025000000093132, -5.000000000465661, -20.000000001862645, 10.00000000372529, nan, nan

1.025000000372529, -5.0, -20.0, 10.0, 448126909097.82196, 24665080708.67291

1.025, -5.0, -20.00000000745058, 10.0, 3.316985880700233e+17, 1.2428419781759696e+17

1.025, -5.000000001862645, -20.0, 10.0, 6.831499136066799e+18, 2.8893070892825667e+18

1.025, -5.0, -20.0, 10.00000000372529, nan, nan

1.0250000001862642, -5.000000000931323, -20.00000000372529, 9.99999999627471, nan, nan

1.025000000046566, -5.000000000232831, -20.000000000931323, 10.000000001862645, nan, nan

1.0250000001862645, -5.0, -20.0, 10.0, 448126909097.82196, 24665080708.67291

1.025, -5.0, -20.00000000372529, 10.0, 1.1122385188196035e+19, 2.581974454815719e+18

1.025, -5.000000000931323, -20.0, 10.0, 7.412225714460808e+18, 1.0408439060530282e+18

1.025, -5.0, -20.0, 10.000000001862645, nan, nan

1.025000000093132, -5.000000000465661, -20.000000001862645, 9.999999998137355, nan, nan

1.025000000023283, -5.000000000116415, -20.00000000046566, 10.000000000931323, nan, nan

1.025000000093132, -5.0, -20.0, 10.0, 448126909097.82196, 24665080708.67291

1.025, -5.000000000465661, -20.0, 10.0, 6.410244961637117e+18, 3.2293284594646815e+18

1.025, -5.0, -20.000000001862645, 10.0, 3.6035945477669732e+19, 4.9570268769618195e+17

1.025, -5.0, -20.0, 10.000000000931323, nan, nan

1.0250000000465662, -5.000000000232831, -20.000000000931323, 9.999999999068677, nan, nan

1.0250000000116415, -5.000000000058208, -20.00000000023283, 10.000000000465661, nan, nan

1.025000000046566, -5.0, -20.0, 10.0, 448126909097.82196, 24665080708.67291

1.025, -5.0, -20.000000000931323, 10.0, 4.5024130721851336e+20, 1.0125543813528804e+20

1.025, -5.000000000232831, -20.0, 10.0, 1.583685075352889e+20, 1.893467130925752e+19

1.025, -5.0, -20.0, 10.000000000465661, nan, nan

1.025000000023283, -5.000000000116415, -20.00000000046566, 9.999999999534339, nan, nan

1.0250000000058206, -5.000000000029104, -20.000000000116415, 10.00000000023283, nan, nan

1.025000000023283, -5.0, -20.0, 10.0, 448126909097.82196, 24665080708.67291

1.025, -5.000000000116415, -20.0, 10.0, 4.459943250349149e+19, 2.2791489269339144e+19

1.025, -5.0, -20.00000000046566, 10.0, 1.423111652797441e+19, 5.105815367054185e+18

1.025, -5.0, -20.0, 10.00000000023283, nan, nan

1.0250000000116413, -5.000000000058208, -20.00000000023283, 9.99999999976717, nan, nan

1.0250000000029102, -5.000000000014552, -20.000000000058208, 10.000000000116415, nan, nan

1.0250000000116415, -5.0, -20.0, 10.0, 448126909097.82196, 24665080708.67291

1.025, -5.0, -20.00000000023283, 10.0, 4.917518484387404e+20, 6.815113602558905e+18

1.025, -5.000000000058208, -20.0, 10.0, 1.9944839192380604e+19, 3.843678298721285e+17

1.025, -5.0, -20.0, 10.000000000116415, nan, nan

1.0250000000058206, -5.000000000029104, -20.000000000116415, 9.999999999883585, nan, nan

1.0250000000014552, -5.000000000007276, -20.000000000029104, 10.000000000058208, nan, nan

1.0250000000058206, -5.0, -20.0, 10.0, 448126909097.82196, 24665080708.67291

1.025, -5.000000000029104, -20.0, 10.0, 6.594461442385641e+20, 2.3711284370162084e+18

1.025, -5.0, -20.000000000116415, 10.0, 7727399599331.607, 757156823903.1046

1.025, -5.0, -20.0, 10.000000000058208, nan, nan

1.0250000000029105, -5.000000000014552, -20.000000000058208, 9.999999999941792, nan, nan

1.0250000000007276, -5.000000000003638, -20.000000000014552, 10.000000000029104, nan, nan

1.0250000000029102, -5.0, -20.0, 10.0, 448126909097.82196, 24665080708.67291

1.025, -5.0, -20.000000000058208, 10.0, 2.850235595276517e+18, 1.65293600834844e+18

1.025, -5.000000000014552, -20.0, 10.0, 8637276135666.785, 7884606989.772138

1.025, -5.0, -20.0, 10.000000000029104, nan, nan

1.0250000000014547, -5.000000000007276, -20.000000000029104, 9.999999999970896, nan, nan

1.0250000000003636, -5.000000000001819, -20.000000000007276, 10.000000000014552, nan, nan

1.025, -5.000000000007276, -20.0, 10.0, 1.6693084769816127e+19, 8.537814344372309e+18

1.0250000000014552, -5.000000000007276, -20.0, 10.0, 1.6693084769816127e+19, 8.537814344372309e+18

1.025, -5.000000000007276, -20.000000000029104, 10.0, 4.364291288494875e+19, 3.2226992714313163e+19

1.025, -5.000000000007276, -20.0, 10.000000000014552, nan, nan

1.0250000000007273, -5.000000000010914, -20.000000000014552, 9.999999999985448, nan, nan

1.0250000000001818, -5.0000000000081855, -20.000000000003638, 10.000000000007276, nan, nan

1.025, -5.000000000010914, -20.0, 10.0, 1.0502399621933323e+21, 6.202825109691114e+19

1.0250000000007276, -5.000000000010914, -20.0, 10.0, 1.0502399621933323e+21, 6.202825109691114e+19

1.025, -5.000000000010914, -20.000000000014552, 10.0, 1.959557601371469e+19, 6.542524782628362e+17

1.025, -5.000000000010914, -20.0, 10.000000000007276, nan, nan

1.0250000000003636, -5.000000000012733, -20.000000000007276, 9.999999999992724, nan, nan

1.025000000000091, -5.000000000011369, -20.00000000000182, 10.000000000003638, nan, nan

1.025, -5.000000000012733, -20.000000000007276, 10.0, 5.209683518866137e+18, 8.561449275368002e+18

1.025, -5.000000000012733, -20.0, 10.0, 3.2383288742724777e+18, 8.236593896095662e+17

1.0250000000003636, -5.000000000012733, -20.0, 10.0, 3.2383288742724777e+18, 8.236593896095662e+17

1.025, -5.000000000012733, -20.0, 10.000000000003638, nan, nan

1.025000000000182, -5.000000000013642, -20.000000000003638, 9.999999999996362, nan, nan

1.0250000000000454, -5.00000000001296, -20.00000000000091, 10.000000000001819, nan, nan

1.025, -5.000000000013642, -20.0, 10.0, 6.864273216542038e+18, 2.8904586560790385e+18

1.0250000000001818, -5.000000000013642, -20.0, 10.0, 6.864273216542038e+18, 2.8904586560790385e+18

1.025, -5.000000000013642, -20.000000000003638, 10.0, 4.201675986970447e+19, 2.0720068423613518e+19

1.025, -5.000000000013642, -20.0, 10.000000000001819, nan, nan

1.0250000000000905, -5.000000000014097, -20.00000000000182, 9.999999999998181, nan, nan

1.0250000000000226, -5.000000000013756, -20.000000000000455, 10.00000000000091, nan, nan

1.025, -5.000000000014097, -20.0, 10.0, 2.9621414778231204e+18, 2.411177251404144e+17

1.025000000000091, -5.000000000014097, -20.0, 10.0, 2.9621414778231204e+18, 2.411177251404144e+17

1.025, -5.000000000014097, -20.00000000000182, 10.0, 6.821472094552666e+19, 2.40845498681517e+19

1.025, -5.000000000014097, -20.0, 10.00000000000091, nan, nan

1.0250000000000452, -5.0000000000143245, -20.00000000000091, 9.99999999999909, nan, nan

1.0250000000000112, -5.000000000014154, -20.000000000000227, 10.000000000000455, nan, nan

1.025, -5.0000000000143245, -20.0, 10.0, 4.628094965285756e+17, 9461466537111122.0

1.0250000000000454, -5.0000000000143245, -20.0, 10.0, 4.628094965285756e+17, 9461466537111122.0

1.025, -5.0000000000143245, -20.00000000000091, 10.0, 4.181099705055021e+20, 3.2181413021250965e+20

1.025, -5.0000000000143245, -20.0, 10.000000000000455, nan, nan

1.025000000000023, -5.000000000014438, -20.000000000000455, 9.999999999999545, nan, nan

1.0250000000000057, -5.000000000014353, -20.000000000000114, 10.000000000000227, nan, nan

1.025, -5.000000000014438, -20.0, 10.0, 1.3206186590019334e+19, 6.820026272531624e+17

1.0250000000000226, -5.000000000014438, -20.0, 10.0, 1.3206186590019334e+19, 6.820026272531624e+17

1.025, -5.000000000014438, -20.000000000000455, 10.0, 7.646094396874277e+19, 2.4102037726458864e+19

1.025, -5.000000000014438, -20.0, 10.000000000000227, nan, nan

1.0250000000000115, -5.000000000014495, -20.000000000000227, 9.999999999999773, nan, nan

1.0250000000000028, -5.000000000014452, -20.000000000000057, 10.000000000000114, nan, nan

1.025, -5.000000000014495, -20.0, 10.0, 7.970260056280199e+18, 3.5196899954219565e+17

1.0250000000000112, -5.000000000014495, -20.0, 10.0, 7.970260056280199e+18, 3.5196899954219565e+17

1.025, -5.000000000014495, -20.000000000000227, 10.0, 4.9312251897970794e+19, 5.546492858981402e+19

1.025, -5.000000000014495, -20.0, 10.000000000000114, nan, nan

1.0250000000000052, -5.0000000000145235, -20.000000000000114, 9.999999999999886, nan, nan

1.0250000000000012, -5.000000000014502, -20.00000000000003, 10.000000000000057, nan, nan

1.025, -5.0000000000145235, -20.0, 10.0, 8.243083578773956e+18, 5.804462768378638e+18

1.0250000000000057, -5.0000000000145235, -20.0, 10.0, 8.243083578773956e+18, 5.804462768378638e+18

1.025, -5.0000000000145235, -20.000000000000114, 10.0, 7.292401755207936e+19, 1.8962669161696138e+18

1.025, -5.0000000000145235, -20.0, 10.000000000000057, nan, nan

1.0250000000000026, -5.000000000014538, -20.000000000000057, 9.999999999999943, nan, nan

1.0250000000000006, -5.000000000014527, -20.000000000000014, 10.000000000000028, nan, nan

1.025, -5.000000000014538, -20.000000000000057, 10.0, 4.984422208667673e+17, 2.621810852885924e+16

1.025, -5.000000000014538, -20.0, 10.0, 3.028370236506626e+19, 1.3412747760070454e+17

1.0250000000000028, -5.000000000014538, -20.0, 10.0, 3.028370236506626e+19, 1.3412747760070454e+17

1.025, -5.000000000014538, -20.0, 10.000000000000028, nan, nan

1.0250000000000012, -5.000000000014545, -20.00000000000003, 9.999999999999972, nan, nan

1.0250000000000004, -5.0000000000145395, -20.000000000000007, 10.000000000000014, nan, nan

1.025, -5.000000000014545, -20.00000000000003, 10.0, 4.091282235388405e+19, 1.3770408988289608e+17

1.025, -5.000000000014545, -20.0, 10.0, 7.659448285272815e+17, 1.0567205874549043e+17

1.0250000000000012, -5.000000000014545, -20.0, 10.0, 7.659448285272815e+17, 1.0567205874549043e+17

1.025, -5.000000000014545, -20.0, 10.000000000000014, nan, nan

1.0250000000000008, -5.000000000014548, -20.000000000000014, 9.999999999999986, nan, nan

1.0250000000000001, -5.000000000014546, -20.000000000000004, 10.000000000000007, nan, nan

1.025, -5.000000000014548, -20.0, 10.0, 1.1595794971888777e+21, 5.622343085882457e+18

1.0250000000000006, -5.000000000014548, -20.0, 10.0, 1.1595794971888777e+21, 5.622343085882457e+18

1.025, -5.000000000014548, -20.000000000000014, 10.0, 1.401381847373853e+18, 3.893131640184979e+17

1.025, -5.000000000014548, -20.0, 10.000000000000007, nan, nan

1.0250000000000004, -5.00000000001455, -20.000000000000007, 9.999999999999993, nan, nan

1.025, -5.000000000014548, -20.0, 10.000000000000004, nan, nan

1.025, -5.00000000001455, -20.000000000000007, 10.0, 4.728518211993761e+18, 7.871086943139412e+17

1.025, -5.00000000001455, -20.0, 10.0, 3.6111441965751494e+20, 3.602926420852909e+20

1.0250000000000004, -5.00000000001455, -20.0, 10.0, 3.6111441965751494e+20, 3.602926420852909e+20

1.025, -5.00000000001455, -20.0, 10.000000000000004, nan, nan

1.025, -5.00000000001455, -20.0, 9.999999999999996, nan, nan

1.025, -5.00000000001455, -20.0, 10.000000000000002, nan, nan

1.025, -5.000000000014551, -20.000000000000004, 10.0, 6.509774769737567e+17, 1.3829405700205908e+16

1.025, -5.000000000014551, -20.0, 10.0, 1.7330971507274255e+18, 1.4878692597672282e+18

1.0250000000000001, -5.000000000014551, -20.0, 10.0, 1.7330971507274255e+18, 1.4878692597672282e+18

1.025, -5.000000000014551, -20.0, 10.000000000000002, nan, nan

1.025, -5.000000000014553, -20.0, 9.999999999999998, nan, nan

1.025, -5.000000000014552, -20.0, 10.0, 8637276135666.785, 7884606989.772138

1.025, -5.000000000014552, -20.0, 10.0, 8637276135666.785, 7884606989.772138

1.025, -5.000000000014552, -20.0, 10.0, 8637276135666.785, 7884606989.772138

1.025, -5.000000000014552, -20.0, 10.0, 8637276135666.785, 7884606989.772138

1.025, -5.000000000014552, -20.0, 10.0, 8637276135666.785, 7884606989.772138

/zhome/b0/b/127184/Documents/Projects/machine-learning-on-materials/KRR/KRR_class.py:52: RuntimeWarning: invalid value encountered in power
  return np.power(c1*np.tensordot(A,B,axes=([1],[1]))+c2,d)
/zhome/b0/b/127184/.local/lib/python3.6/site-packages/numpy/core/fromnumeric.py:83: RuntimeWarning: invalid value encountered in reduce
  return ufunc.reduce(obj, axis, dtype, out, **passkwargs)

------------------------------------------------------------
Sender: LSF System <lsfadmin@n-62-21-18>
Subject: Job 1719302: <minimize_batch_job_this_is_on_purpose_to_utilize_more_kernel> in cluster <dcc> Done

Job <minimize_batch_job_this_is_on_purpose_to_utilize_more_kernel> was submitted from host <gbarlogin2> by user <s174007> in cluster <dcc> at Fri Jan 11 18:36:10 2019
Job was executed on host(s) <n-62-21-18>, in queue <hpc>, as user <s174007> in cluster <dcc> at Fri Jan 11 18:36:11 2019
</zhome/b0/b/127184> was used as the home directory.
</zhome/b0/b/127184/Documents/Projects/machine-learning-on-materials> was used as the working directory.
Started at Fri Jan 11 18:36:11 2019
Terminated at Fri Jan 11 19:34:10 2019
Results reported at Fri Jan 11 19:34:10 2019

Your job looked like:

------------------------------------------------------------
# LSBATCH: User input
#!/bin/bash
##Kør på cpu
#BSUB -q hpc
##Navn på job
#BSUB -J minimize_batch_job_this_is_on_purpose_to_utilize_more_kernel
##Output fil
#BSUB -o output/minimize/polynomial_GP_faulty_batchjobs-%J.out
##Antal kerner
#BSUB -n 1
##Om kernerne må være på forskellige computere
#BSUB -R "span[hosts=1]"
##Ram pr kerne
#BSUB -R "rusage[mem=10GB]"
##Hvor lang tid må den køre hh:mm
#BSUB -W 45:00
##Email når jobbet starter
##og stopper
module purge
module load python3
python3 KRR/minimizer.py polynomial 1 GP faulty [-5,-20,10]
------------------------------------------------------------

Successfully completed.

Resource usage summary:

    CPU time :                                   3473.75 sec.
    Max Memory :                                 851 MB
    Average Memory :                             637.74 MB
    Total Requested Memory :                     10240.00 MB
    Delta Memory :                               9389.00 MB
    Max Swap :                                   -
    Max Processes :                              4
    Max Threads :                                5
    Run time :                                   3482 sec.
    Turnaround time :                            3480 sec.

The output (if any) is above this job summary.

